[2025-05-13T03:35:03.856+0000] {local_task_job_runner.py:120} INFO - ::group::Pre task execution logs
[2025-05-13T03:35:03.887+0000] {taskinstance.py:2073} INFO - Dependencies all met for dep_context=non-requeueable deps ti=<TaskInstance: monitor_T3.monitor_model scheduled__2025-05-13T02:00:00+00:00 [queued]>
[2025-05-13T03:35:03.896+0000] {taskinstance.py:2073} INFO - Dependencies all met for dep_context=requeueable deps ti=<TaskInstance: monitor_T3.monitor_model scheduled__2025-05-13T02:00:00+00:00 [queued]>
[2025-05-13T03:35:03.896+0000] {taskinstance.py:2303} INFO - Starting attempt 1 of 1
[2025-05-13T03:35:03.910+0000] {taskinstance.py:2327} INFO - Executing <Task(PythonOperator): monitor_model> on 2025-05-13 02:00:00+00:00
[2025-05-13T03:35:03.915+0000] {standard_task_runner.py:90} INFO - Running: ['***', 'tasks', 'run', 'monitor_T3', 'monitor_model', 'scheduled__2025-05-13T02:00:00+00:00', '--job-id', '2', '--raw', '--subdir', 'DAGS_FOLDER/monitor_T3.py', '--cfg-path', '/tmp/tmpu4_za8dl']
[2025-05-13T03:35:03.918+0000] {standard_task_runner.py:91} INFO - Job 2: Subtask monitor_model
[2025-05-13T03:35:03.920+0000] {logging_mixin.py:188} WARNING - /home/***/.local/lib/python3.12/site-packages/***/task/task_runner/standard_task_runner.py:61 DeprecationWarning: This process (pid=204) is multi-threaded, use of fork() may lead to deadlocks in the child.
[2025-05-13T03:35:03.922+0000] {standard_task_runner.py:63} INFO - Started process 205 to run task
[2025-05-13T03:35:03.968+0000] {task_command.py:426} INFO - Running <TaskInstance: monitor_T3.monitor_model scheduled__2025-05-13T02:00:00+00:00 [running]> on host aeacfd01479d
[2025-05-13T03:35:04.067+0000] {taskinstance.py:2644} INFO - Exporting env vars: AIRFLOW_CTX_DAG_OWNER='***' AIRFLOW_CTX_DAG_ID='monitor_T3' AIRFLOW_CTX_TASK_ID='monitor_model' AIRFLOW_CTX_EXECUTION_DATE='2025-05-13T02:00:00+00:00' AIRFLOW_CTX_TRY_NUMBER='1' AIRFLOW_CTX_DAG_RUN_ID='scheduled__2025-05-13T02:00:00+00:00'
[2025-05-13T03:35:04.068+0000] {taskinstance.py:430} INFO - ::endgroup::
[2025-05-13T03:35:04.179+0000] {logging_mixin.py:188} INFO - [monitor_T3] Prediction: 0.9117851257324219, Ground Truth: 0.65, Error: 0.26178512573242185
[2025-05-13T03:35:04.192+0000] {python.py:237} INFO - Done. Returned value was: None
[2025-05-13T03:35:04.192+0000] {taskinstance.py:441} INFO - ::group::Post task execution logs
[2025-05-13T03:35:04.200+0000] {taskinstance.py:1205} INFO - Marking task as SUCCESS. dag_id=monitor_T3, task_id=monitor_model, execution_date=20250513T020000, start_date=20250513T033503, end_date=20250513T033504
[2025-05-13T03:35:04.217+0000] {local_task_job_runner.py:240} INFO - Task exited with return code 0
[2025-05-13T03:35:04.245+0000] {taskinstance.py:3482} INFO - 1 downstream tasks scheduled from follow-on schedule check
[2025-05-13T03:35:04.247+0000] {local_task_job_runner.py:222} INFO - ::endgroup::
[2025-05-13T03:40:47.687+0000] {local_task_job_runner.py:120} INFO - ::group::Pre task execution logs
[2025-05-13T03:40:47.717+0000] {taskinstance.py:2073} INFO - Dependencies all met for dep_context=non-requeueable deps ti=<TaskInstance: monitor_T3.monitor_model scheduled__2025-05-13T02:00:00+00:00 [queued]>
[2025-05-13T03:40:47.725+0000] {taskinstance.py:2073} INFO - Dependencies all met for dep_context=requeueable deps ti=<TaskInstance: monitor_T3.monitor_model scheduled__2025-05-13T02:00:00+00:00 [queued]>
[2025-05-13T03:40:47.726+0000] {taskinstance.py:2303} INFO - Starting attempt 1 of 1
[2025-05-13T03:40:47.739+0000] {taskinstance.py:2327} INFO - Executing <Task(PythonOperator): monitor_model> on 2025-05-13 02:00:00+00:00
[2025-05-13T03:40:47.747+0000] {standard_task_runner.py:90} INFO - Running: ['***', 'tasks', 'run', 'monitor_T3', 'monitor_model', 'scheduled__2025-05-13T02:00:00+00:00', '--job-id', '3', '--raw', '--subdir', 'DAGS_FOLDER/monitor_T3.py', '--cfg-path', '/tmp/tmpnupomw5r']
[2025-05-13T03:40:47.749+0000] {standard_task_runner.py:91} INFO - Job 3: Subtask monitor_model
[2025-05-13T03:40:47.755+0000] {logging_mixin.py:188} WARNING - /home/***/.local/lib/python3.12/site-packages/***/task/task_runner/standard_task_runner.py:61 DeprecationWarning: This process (pid=266) is multi-threaded, use of fork() may lead to deadlocks in the child.
[2025-05-13T03:40:47.756+0000] {standard_task_runner.py:63} INFO - Started process 268 to run task
[2025-05-13T03:40:47.798+0000] {task_command.py:426} INFO - Running <TaskInstance: monitor_T3.monitor_model scheduled__2025-05-13T02:00:00+00:00 [running]> on host e27023c184cc
[2025-05-13T03:40:47.875+0000] {taskinstance.py:2644} INFO - Exporting env vars: AIRFLOW_CTX_DAG_OWNER='***' AIRFLOW_CTX_DAG_ID='monitor_T3' AIRFLOW_CTX_TASK_ID='monitor_model' AIRFLOW_CTX_EXECUTION_DATE='2025-05-13T02:00:00+00:00' AIRFLOW_CTX_TRY_NUMBER='1' AIRFLOW_CTX_DAG_RUN_ID='scheduled__2025-05-13T02:00:00+00:00'
[2025-05-13T03:40:47.876+0000] {taskinstance.py:430} INFO - ::endgroup::
[2025-05-13T03:40:47.910+0000] {logging_mixin.py:188} INFO - [monitor_T3] Prediction: 0.9117851257324219, Ground Truth: 0.65, Error: 0.26178512573242185
[2025-05-13T03:40:47.923+0000] {python.py:237} INFO - Done. Returned value was: None
[2025-05-13T03:40:47.924+0000] {taskinstance.py:441} INFO - ::group::Post task execution logs
[2025-05-13T03:40:47.932+0000] {taskinstance.py:1205} INFO - Marking task as SUCCESS. dag_id=monitor_T3, task_id=monitor_model, execution_date=20250513T020000, start_date=20250513T034047, end_date=20250513T034047
[2025-05-13T03:40:47.969+0000] {local_task_job_runner.py:240} INFO - Task exited with return code 0
[2025-05-13T03:40:47.992+0000] {taskinstance.py:3482} INFO - 1 downstream tasks scheduled from follow-on schedule check
[2025-05-13T03:40:47.994+0000] {local_task_job_runner.py:222} INFO - ::endgroup::
[2025-05-13T03:44:23.788+0000] {local_task_job_runner.py:120} INFO - ::group::Pre task execution logs
[2025-05-13T03:44:23.818+0000] {taskinstance.py:2073} INFO - Dependencies all met for dep_context=non-requeueable deps ti=<TaskInstance: monitor_T3.monitor_model scheduled__2025-05-13T02:00:00+00:00 [queued]>
[2025-05-13T03:44:23.826+0000] {taskinstance.py:2073} INFO - Dependencies all met for dep_context=requeueable deps ti=<TaskInstance: monitor_T3.monitor_model scheduled__2025-05-13T02:00:00+00:00 [queued]>
[2025-05-13T03:44:23.827+0000] {taskinstance.py:2303} INFO - Starting attempt 1 of 1
[2025-05-13T03:44:23.840+0000] {taskinstance.py:2327} INFO - Executing <Task(PythonOperator): monitor_model> on 2025-05-13 02:00:00+00:00
[2025-05-13T03:44:23.848+0000] {standard_task_runner.py:90} INFO - Running: ['***', 'tasks', 'run', 'monitor_T3', 'monitor_model', 'scheduled__2025-05-13T02:00:00+00:00', '--job-id', '3', '--raw', '--subdir', 'DAGS_FOLDER/monitor_T3.py', '--cfg-path', '/tmp/tmpq2o0mgpi']
[2025-05-13T03:44:23.852+0000] {standard_task_runner.py:91} INFO - Job 3: Subtask monitor_model
[2025-05-13T03:44:23.859+0000] {logging_mixin.py:188} WARNING - /home/***/.local/lib/python3.12/site-packages/***/task/task_runner/standard_task_runner.py:61 DeprecationWarning: This process (pid=186) is multi-threaded, use of fork() may lead to deadlocks in the child.
[2025-05-13T03:44:23.860+0000] {standard_task_runner.py:63} INFO - Started process 188 to run task
[2025-05-13T03:44:23.901+0000] {task_command.py:426} INFO - Running <TaskInstance: monitor_T3.monitor_model scheduled__2025-05-13T02:00:00+00:00 [running]> on host 44726ac4e2f5
[2025-05-13T03:44:23.981+0000] {taskinstance.py:2644} INFO - Exporting env vars: AIRFLOW_CTX_DAG_OWNER='***' AIRFLOW_CTX_DAG_ID='monitor_T3' AIRFLOW_CTX_TASK_ID='monitor_model' AIRFLOW_CTX_EXECUTION_DATE='2025-05-13T02:00:00+00:00' AIRFLOW_CTX_TRY_NUMBER='1' AIRFLOW_CTX_DAG_RUN_ID='scheduled__2025-05-13T02:00:00+00:00'
[2025-05-13T03:44:23.982+0000] {taskinstance.py:430} INFO - ::endgroup::
[2025-05-13T03:44:24.021+0000] {logging_mixin.py:188} INFO - [monitor_T3] Prediction: 0.9117851257324219, Ground Truth: 0.65, Error: 0.26178512573242185
[2025-05-13T03:44:24.035+0000] {python.py:237} INFO - Done. Returned value was: None
[2025-05-13T03:44:24.036+0000] {taskinstance.py:441} INFO - ::group::Post task execution logs
[2025-05-13T03:44:24.045+0000] {taskinstance.py:1205} INFO - Marking task as SUCCESS. dag_id=monitor_T3, task_id=monitor_model, execution_date=20250513T020000, start_date=20250513T034423, end_date=20250513T034424
[2025-05-13T03:44:24.075+0000] {local_task_job_runner.py:240} INFO - Task exited with return code 0
[2025-05-13T03:44:24.100+0000] {taskinstance.py:3482} INFO - 1 downstream tasks scheduled from follow-on schedule check
[2025-05-13T03:44:24.102+0000] {local_task_job_runner.py:222} INFO - ::endgroup::
