[2025-05-17T08:20:27.447+0000] {processor.py:161} INFO - Started process (PID=177) to work on /opt/airflow/dags/monitor_PWU.py
[2025-05-17T08:20:27.448+0000] {processor.py:830} INFO - Processing file /opt/airflow/dags/monitor_PWU.py for tasks to queue
[2025-05-17T08:20:27.450+0000] {logging_mixin.py:188} INFO - [2025-05-17T08:20:27.450+0000] {dagbag.py:540} INFO - Filling up the DagBag from /opt/airflow/dags/monitor_PWU.py
[2025-05-17T08:20:27.485+0000] {processor.py:840} INFO - DAG(s) 'monitor_PWU' retrieved from /opt/airflow/dags/monitor_PWU.py
[2025-05-17T08:20:27.592+0000] {logging_mixin.py:188} INFO - [2025-05-17T08:20:27.591+0000] {dag.py:3096} INFO - Sync 1 DAGs
[2025-05-17T08:20:27.617+0000] {logging_mixin.py:188} INFO - [2025-05-17T08:20:27.617+0000] {dag.py:3954} INFO - Setting next_dagrun for monitor_PWU to 2025-05-17 07:00:00+00:00, run_after=2025-05-17 08:00:00+00:00
[2025-05-17T08:20:27.640+0000] {processor.py:183} INFO - Processing /opt/airflow/dags/monitor_PWU.py took 0.199 seconds
[2025-05-17T08:20:58.208+0000] {processor.py:161} INFO - Started process (PID=226) to work on /opt/airflow/dags/monitor_PWU.py
[2025-05-17T08:20:58.210+0000] {processor.py:830} INFO - Processing file /opt/airflow/dags/monitor_PWU.py for tasks to queue
[2025-05-17T08:20:58.212+0000] {logging_mixin.py:188} INFO - [2025-05-17T08:20:58.211+0000] {dagbag.py:540} INFO - Filling up the DagBag from /opt/airflow/dags/monitor_PWU.py
[2025-05-17T08:20:58.242+0000] {processor.py:840} INFO - DAG(s) 'monitor_PWU' retrieved from /opt/airflow/dags/monitor_PWU.py
[2025-05-17T08:20:58.271+0000] {logging_mixin.py:188} INFO - [2025-05-17T08:20:58.271+0000] {dag.py:3096} INFO - Sync 1 DAGs
[2025-05-17T08:20:58.340+0000] {logging_mixin.py:188} INFO - [2025-05-17T08:20:58.339+0000] {dag.py:3954} INFO - Setting next_dagrun for monitor_PWU to 2025-05-17 08:00:00+00:00, run_after=2025-05-17 09:00:00+00:00
[2025-05-17T08:20:58.393+0000] {processor.py:183} INFO - Processing /opt/airflow/dags/monitor_PWU.py took 0.192 seconds
[2025-05-17T08:21:28.987+0000] {processor.py:161} INFO - Started process (PID=246) to work on /opt/airflow/dags/monitor_PWU.py
[2025-05-17T08:21:28.988+0000] {processor.py:830} INFO - Processing file /opt/airflow/dags/monitor_PWU.py for tasks to queue
[2025-05-17T08:21:28.990+0000] {logging_mixin.py:188} INFO - [2025-05-17T08:21:28.989+0000] {dagbag.py:540} INFO - Filling up the DagBag from /opt/airflow/dags/monitor_PWU.py
[2025-05-17T08:21:29.020+0000] {processor.py:840} INFO - DAG(s) 'monitor_PWU' retrieved from /opt/airflow/dags/monitor_PWU.py
[2025-05-17T08:21:29.053+0000] {logging_mixin.py:188} INFO - [2025-05-17T08:21:29.053+0000] {dag.py:3096} INFO - Sync 1 DAGs
[2025-05-17T08:21:29.126+0000] {logging_mixin.py:188} INFO - [2025-05-17T08:21:29.126+0000] {dag.py:3954} INFO - Setting next_dagrun for monitor_PWU to 2025-05-17 08:00:00+00:00, run_after=2025-05-17 09:00:00+00:00
[2025-05-17T08:21:29.232+0000] {processor.py:183} INFO - Processing /opt/airflow/dags/monitor_PWU.py took 0.252 seconds
[2025-05-17T08:21:59.740+0000] {processor.py:161} INFO - Started process (PID=266) to work on /opt/airflow/dags/monitor_PWU.py
[2025-05-17T08:21:59.742+0000] {processor.py:830} INFO - Processing file /opt/airflow/dags/monitor_PWU.py for tasks to queue
[2025-05-17T08:21:59.747+0000] {logging_mixin.py:188} INFO - [2025-05-17T08:21:59.746+0000] {dagbag.py:540} INFO - Filling up the DagBag from /opt/airflow/dags/monitor_PWU.py
[2025-05-17T08:21:59.771+0000] {processor.py:840} INFO - DAG(s) 'monitor_PWU' retrieved from /opt/airflow/dags/monitor_PWU.py
[2025-05-17T08:21:59.802+0000] {logging_mixin.py:188} INFO - [2025-05-17T08:21:59.801+0000] {dag.py:3096} INFO - Sync 1 DAGs
[2025-05-17T08:21:59.854+0000] {logging_mixin.py:188} INFO - [2025-05-17T08:21:59.852+0000] {dag.py:3954} INFO - Setting next_dagrun for monitor_PWU to 2025-05-17 08:00:00+00:00, run_after=2025-05-17 09:00:00+00:00
[2025-05-17T08:21:59.917+0000] {processor.py:183} INFO - Processing /opt/airflow/dags/monitor_PWU.py took 0.184 seconds
[2025-05-17T08:22:30.636+0000] {processor.py:161} INFO - Started process (PID=286) to work on /opt/airflow/dags/monitor_PWU.py
[2025-05-17T08:22:30.638+0000] {processor.py:830} INFO - Processing file /opt/airflow/dags/monitor_PWU.py for tasks to queue
[2025-05-17T08:22:30.642+0000] {logging_mixin.py:188} INFO - [2025-05-17T08:22:30.641+0000] {dagbag.py:540} INFO - Filling up the DagBag from /opt/airflow/dags/monitor_PWU.py
[2025-05-17T08:22:30.683+0000] {processor.py:840} INFO - DAG(s) 'monitor_PWU' retrieved from /opt/airflow/dags/monitor_PWU.py
[2025-05-17T08:22:30.732+0000] {logging_mixin.py:188} INFO - [2025-05-17T08:22:30.730+0000] {dag.py:3096} INFO - Sync 1 DAGs
[2025-05-17T08:22:30.791+0000] {logging_mixin.py:188} INFO - [2025-05-17T08:22:30.789+0000] {dag.py:3954} INFO - Setting next_dagrun for monitor_PWU to 2025-05-17 08:00:00+00:00, run_after=2025-05-17 09:00:00+00:00
[2025-05-17T08:22:30.847+0000] {processor.py:183} INFO - Processing /opt/airflow/dags/monitor_PWU.py took 0.227 seconds
[2025-05-17T08:23:01.364+0000] {processor.py:161} INFO - Started process (PID=308) to work on /opt/airflow/dags/monitor_PWU.py
[2025-05-17T08:23:01.365+0000] {processor.py:830} INFO - Processing file /opt/airflow/dags/monitor_PWU.py for tasks to queue
[2025-05-17T08:23:01.367+0000] {logging_mixin.py:188} INFO - [2025-05-17T08:23:01.367+0000] {dagbag.py:540} INFO - Filling up the DagBag from /opt/airflow/dags/monitor_PWU.py
[2025-05-17T08:23:01.387+0000] {processor.py:840} INFO - DAG(s) 'monitor_PWU' retrieved from /opt/airflow/dags/monitor_PWU.py
[2025-05-17T08:23:01.407+0000] {logging_mixin.py:188} INFO - [2025-05-17T08:23:01.407+0000] {dag.py:3096} INFO - Sync 1 DAGs
[2025-05-17T08:23:01.430+0000] {logging_mixin.py:188} INFO - [2025-05-17T08:23:01.430+0000] {dag.py:3954} INFO - Setting next_dagrun for monitor_PWU to 2025-05-17 08:00:00+00:00, run_after=2025-05-17 09:00:00+00:00
[2025-05-17T08:23:01.449+0000] {processor.py:183} INFO - Processing /opt/airflow/dags/monitor_PWU.py took 0.090 seconds
[2025-05-17T08:23:32.031+0000] {processor.py:161} INFO - Started process (PID=328) to work on /opt/airflow/dags/monitor_PWU.py
[2025-05-17T08:23:32.032+0000] {processor.py:830} INFO - Processing file /opt/airflow/dags/monitor_PWU.py for tasks to queue
[2025-05-17T08:23:32.034+0000] {logging_mixin.py:188} INFO - [2025-05-17T08:23:32.033+0000] {dagbag.py:540} INFO - Filling up the DagBag from /opt/airflow/dags/monitor_PWU.py
[2025-05-17T08:23:32.057+0000] {processor.py:840} INFO - DAG(s) 'monitor_PWU' retrieved from /opt/airflow/dags/monitor_PWU.py
[2025-05-17T08:23:32.078+0000] {logging_mixin.py:188} INFO - [2025-05-17T08:23:32.077+0000] {dag.py:3096} INFO - Sync 1 DAGs
[2025-05-17T08:23:32.101+0000] {logging_mixin.py:188} INFO - [2025-05-17T08:23:32.101+0000] {dag.py:3954} INFO - Setting next_dagrun for monitor_PWU to 2025-05-17 08:00:00+00:00, run_after=2025-05-17 09:00:00+00:00
[2025-05-17T08:23:32.120+0000] {processor.py:183} INFO - Processing /opt/airflow/dags/monitor_PWU.py took 0.094 seconds
[2025-05-17T08:24:02.566+0000] {processor.py:161} INFO - Started process (PID=348) to work on /opt/airflow/dags/monitor_PWU.py
[2025-05-17T08:24:02.567+0000] {processor.py:830} INFO - Processing file /opt/airflow/dags/monitor_PWU.py for tasks to queue
[2025-05-17T08:24:02.568+0000] {logging_mixin.py:188} INFO - [2025-05-17T08:24:02.568+0000] {dagbag.py:540} INFO - Filling up the DagBag from /opt/airflow/dags/monitor_PWU.py
[2025-05-17T08:24:02.590+0000] {processor.py:840} INFO - DAG(s) 'monitor_PWU' retrieved from /opt/airflow/dags/monitor_PWU.py
[2025-05-17T08:24:02.612+0000] {logging_mixin.py:188} INFO - [2025-05-17T08:24:02.612+0000] {dag.py:3096} INFO - Sync 1 DAGs
[2025-05-17T08:24:02.638+0000] {logging_mixin.py:188} INFO - [2025-05-17T08:24:02.638+0000] {dag.py:3954} INFO - Setting next_dagrun for monitor_PWU to 2025-05-17 08:00:00+00:00, run_after=2025-05-17 09:00:00+00:00
[2025-05-17T08:24:02.656+0000] {processor.py:183} INFO - Processing /opt/airflow/dags/monitor_PWU.py took 0.096 seconds
[2025-05-17T08:24:33.109+0000] {processor.py:161} INFO - Started process (PID=368) to work on /opt/airflow/dags/monitor_PWU.py
[2025-05-17T08:24:33.110+0000] {processor.py:830} INFO - Processing file /opt/airflow/dags/monitor_PWU.py for tasks to queue
[2025-05-17T08:24:33.112+0000] {logging_mixin.py:188} INFO - [2025-05-17T08:24:33.111+0000] {dagbag.py:540} INFO - Filling up the DagBag from /opt/airflow/dags/monitor_PWU.py
[2025-05-17T08:24:33.132+0000] {processor.py:840} INFO - DAG(s) 'monitor_PWU' retrieved from /opt/airflow/dags/monitor_PWU.py
[2025-05-17T08:24:33.154+0000] {logging_mixin.py:188} INFO - [2025-05-17T08:24:33.153+0000] {dag.py:3096} INFO - Sync 1 DAGs
[2025-05-17T08:24:33.184+0000] {logging_mixin.py:188} INFO - [2025-05-17T08:24:33.184+0000] {dag.py:3954} INFO - Setting next_dagrun for monitor_PWU to 2025-05-17 08:00:00+00:00, run_after=2025-05-17 09:00:00+00:00
[2025-05-17T08:24:33.201+0000] {processor.py:183} INFO - Processing /opt/airflow/dags/monitor_PWU.py took 0.098 seconds
[2025-05-17T08:25:03.788+0000] {processor.py:161} INFO - Started process (PID=388) to work on /opt/airflow/dags/monitor_PWU.py
[2025-05-17T08:25:03.789+0000] {processor.py:830} INFO - Processing file /opt/airflow/dags/monitor_PWU.py for tasks to queue
[2025-05-17T08:25:03.791+0000] {logging_mixin.py:188} INFO - [2025-05-17T08:25:03.791+0000] {dagbag.py:540} INFO - Filling up the DagBag from /opt/airflow/dags/monitor_PWU.py
[2025-05-17T08:25:03.810+0000] {processor.py:840} INFO - DAG(s) 'monitor_PWU' retrieved from /opt/airflow/dags/monitor_PWU.py
[2025-05-17T08:25:03.830+0000] {logging_mixin.py:188} INFO - [2025-05-17T08:25:03.830+0000] {dag.py:3096} INFO - Sync 1 DAGs
[2025-05-17T08:25:03.855+0000] {logging_mixin.py:188} INFO - [2025-05-17T08:25:03.855+0000] {dag.py:3954} INFO - Setting next_dagrun for monitor_PWU to 2025-05-17 08:00:00+00:00, run_after=2025-05-17 09:00:00+00:00
[2025-05-17T08:25:03.872+0000] {processor.py:183} INFO - Processing /opt/airflow/dags/monitor_PWU.py took 0.090 seconds
[2025-05-17T08:25:34.479+0000] {processor.py:161} INFO - Started process (PID=408) to work on /opt/airflow/dags/monitor_PWU.py
[2025-05-17T08:25:34.480+0000] {processor.py:830} INFO - Processing file /opt/airflow/dags/monitor_PWU.py for tasks to queue
[2025-05-17T08:25:34.482+0000] {logging_mixin.py:188} INFO - [2025-05-17T08:25:34.481+0000] {dagbag.py:540} INFO - Filling up the DagBag from /opt/airflow/dags/monitor_PWU.py
[2025-05-17T08:25:34.502+0000] {processor.py:840} INFO - DAG(s) 'monitor_PWU' retrieved from /opt/airflow/dags/monitor_PWU.py
[2025-05-17T08:25:34.522+0000] {logging_mixin.py:188} INFO - [2025-05-17T08:25:34.522+0000] {dag.py:3096} INFO - Sync 1 DAGs
[2025-05-17T08:25:34.548+0000] {logging_mixin.py:188} INFO - [2025-05-17T08:25:34.548+0000] {dag.py:3954} INFO - Setting next_dagrun for monitor_PWU to 2025-05-17 08:00:00+00:00, run_after=2025-05-17 09:00:00+00:00
[2025-05-17T08:25:34.567+0000] {processor.py:183} INFO - Processing /opt/airflow/dags/monitor_PWU.py took 0.095 seconds
[2025-05-17T08:26:05.325+0000] {processor.py:161} INFO - Started process (PID=428) to work on /opt/airflow/dags/monitor_PWU.py
[2025-05-17T08:26:05.326+0000] {processor.py:830} INFO - Processing file /opt/airflow/dags/monitor_PWU.py for tasks to queue
[2025-05-17T08:26:05.329+0000] {logging_mixin.py:188} INFO - [2025-05-17T08:26:05.328+0000] {dagbag.py:540} INFO - Filling up the DagBag from /opt/airflow/dags/monitor_PWU.py
[2025-05-17T08:26:05.364+0000] {processor.py:840} INFO - DAG(s) 'monitor_PWU' retrieved from /opt/airflow/dags/monitor_PWU.py
[2025-05-17T08:26:05.399+0000] {logging_mixin.py:188} INFO - [2025-05-17T08:26:05.398+0000] {dag.py:3096} INFO - Sync 1 DAGs
[2025-05-17T08:26:05.442+0000] {logging_mixin.py:188} INFO - [2025-05-17T08:26:05.442+0000] {dag.py:3954} INFO - Setting next_dagrun for monitor_PWU to 2025-05-17 08:00:00+00:00, run_after=2025-05-17 09:00:00+00:00
[2025-05-17T08:26:05.468+0000] {processor.py:183} INFO - Processing /opt/airflow/dags/monitor_PWU.py took 0.154 seconds
[2025-05-17T08:26:36.030+0000] {processor.py:161} INFO - Started process (PID=448) to work on /opt/airflow/dags/monitor_PWU.py
[2025-05-17T08:26:36.032+0000] {processor.py:830} INFO - Processing file /opt/airflow/dags/monitor_PWU.py for tasks to queue
[2025-05-17T08:26:36.033+0000] {logging_mixin.py:188} INFO - [2025-05-17T08:26:36.033+0000] {dagbag.py:540} INFO - Filling up the DagBag from /opt/airflow/dags/monitor_PWU.py
[2025-05-17T08:26:36.059+0000] {processor.py:840} INFO - DAG(s) 'monitor_PWU' retrieved from /opt/airflow/dags/monitor_PWU.py
[2025-05-17T08:26:36.085+0000] {logging_mixin.py:188} INFO - [2025-05-17T08:26:36.085+0000] {dag.py:3096} INFO - Sync 1 DAGs
[2025-05-17T08:26:36.128+0000] {logging_mixin.py:188} INFO - [2025-05-17T08:26:36.128+0000] {dag.py:3954} INFO - Setting next_dagrun for monitor_PWU to 2025-05-17 08:00:00+00:00, run_after=2025-05-17 09:00:00+00:00
[2025-05-17T08:26:36.152+0000] {processor.py:183} INFO - Processing /opt/airflow/dags/monitor_PWU.py took 0.132 seconds
[2025-05-17T08:27:06.546+0000] {processor.py:161} INFO - Started process (PID=468) to work on /opt/airflow/dags/monitor_PWU.py
[2025-05-17T08:27:06.547+0000] {processor.py:830} INFO - Processing file /opt/airflow/dags/monitor_PWU.py for tasks to queue
[2025-05-17T08:27:06.549+0000] {logging_mixin.py:188} INFO - [2025-05-17T08:27:06.549+0000] {dagbag.py:540} INFO - Filling up the DagBag from /opt/airflow/dags/monitor_PWU.py
[2025-05-17T08:27:06.568+0000] {processor.py:840} INFO - DAG(s) 'monitor_PWU' retrieved from /opt/airflow/dags/monitor_PWU.py
[2025-05-17T08:27:06.589+0000] {logging_mixin.py:188} INFO - [2025-05-17T08:27:06.589+0000] {dag.py:3096} INFO - Sync 1 DAGs
[2025-05-17T08:27:06.613+0000] {logging_mixin.py:188} INFO - [2025-05-17T08:27:06.612+0000] {dag.py:3954} INFO - Setting next_dagrun for monitor_PWU to 2025-05-17 08:00:00+00:00, run_after=2025-05-17 09:00:00+00:00
[2025-05-17T08:27:06.634+0000] {processor.py:183} INFO - Processing /opt/airflow/dags/monitor_PWU.py took 0.094 seconds
[2025-05-17T08:27:37.117+0000] {processor.py:161} INFO - Started process (PID=488) to work on /opt/airflow/dags/monitor_PWU.py
[2025-05-17T08:27:37.118+0000] {processor.py:830} INFO - Processing file /opt/airflow/dags/monitor_PWU.py for tasks to queue
[2025-05-17T08:27:37.120+0000] {logging_mixin.py:188} INFO - [2025-05-17T08:27:37.119+0000] {dagbag.py:540} INFO - Filling up the DagBag from /opt/airflow/dags/monitor_PWU.py
[2025-05-17T08:27:37.141+0000] {processor.py:840} INFO - DAG(s) 'monitor_PWU' retrieved from /opt/airflow/dags/monitor_PWU.py
[2025-05-17T08:27:37.164+0000] {logging_mixin.py:188} INFO - [2025-05-17T08:27:37.164+0000] {dag.py:3096} INFO - Sync 1 DAGs
[2025-05-17T08:27:37.189+0000] {logging_mixin.py:188} INFO - [2025-05-17T08:27:37.189+0000] {dag.py:3954} INFO - Setting next_dagrun for monitor_PWU to 2025-05-17 08:00:00+00:00, run_after=2025-05-17 09:00:00+00:00
[2025-05-17T08:27:37.211+0000] {processor.py:183} INFO - Processing /opt/airflow/dags/monitor_PWU.py took 0.101 seconds
[2025-05-17T08:28:07.738+0000] {processor.py:161} INFO - Started process (PID=508) to work on /opt/airflow/dags/monitor_PWU.py
[2025-05-17T08:28:07.739+0000] {processor.py:830} INFO - Processing file /opt/airflow/dags/monitor_PWU.py for tasks to queue
[2025-05-17T08:28:07.741+0000] {logging_mixin.py:188} INFO - [2025-05-17T08:28:07.741+0000] {dagbag.py:540} INFO - Filling up the DagBag from /opt/airflow/dags/monitor_PWU.py
[2025-05-17T08:28:07.762+0000] {processor.py:840} INFO - DAG(s) 'monitor_PWU' retrieved from /opt/airflow/dags/monitor_PWU.py
[2025-05-17T08:28:07.783+0000] {logging_mixin.py:188} INFO - [2025-05-17T08:28:07.783+0000] {dag.py:3096} INFO - Sync 1 DAGs
[2025-05-17T08:28:07.807+0000] {logging_mixin.py:188} INFO - [2025-05-17T08:28:07.807+0000] {dag.py:3954} INFO - Setting next_dagrun for monitor_PWU to 2025-05-17 08:00:00+00:00, run_after=2025-05-17 09:00:00+00:00
[2025-05-17T08:28:07.828+0000] {processor.py:183} INFO - Processing /opt/airflow/dags/monitor_PWU.py took 0.096 seconds
[2025-05-17T08:28:38.323+0000] {processor.py:161} INFO - Started process (PID=528) to work on /opt/airflow/dags/monitor_PWU.py
[2025-05-17T08:28:38.324+0000] {processor.py:830} INFO - Processing file /opt/airflow/dags/monitor_PWU.py for tasks to queue
[2025-05-17T08:28:38.326+0000] {logging_mixin.py:188} INFO - [2025-05-17T08:28:38.325+0000] {dagbag.py:540} INFO - Filling up the DagBag from /opt/airflow/dags/monitor_PWU.py
[2025-05-17T08:28:38.347+0000] {processor.py:840} INFO - DAG(s) 'monitor_PWU' retrieved from /opt/airflow/dags/monitor_PWU.py
[2025-05-17T08:28:38.368+0000] {logging_mixin.py:188} INFO - [2025-05-17T08:28:38.368+0000] {dag.py:3096} INFO - Sync 1 DAGs
[2025-05-17T08:28:38.392+0000] {logging_mixin.py:188} INFO - [2025-05-17T08:28:38.392+0000] {dag.py:3954} INFO - Setting next_dagrun for monitor_PWU to 2025-05-17 08:00:00+00:00, run_after=2025-05-17 09:00:00+00:00
[2025-05-17T08:28:38.414+0000] {processor.py:183} INFO - Processing /opt/airflow/dags/monitor_PWU.py took 0.097 seconds
[2025-05-17T08:29:08.886+0000] {processor.py:161} INFO - Started process (PID=548) to work on /opt/airflow/dags/monitor_PWU.py
[2025-05-17T08:29:08.887+0000] {processor.py:830} INFO - Processing file /opt/airflow/dags/monitor_PWU.py for tasks to queue
[2025-05-17T08:29:08.889+0000] {logging_mixin.py:188} INFO - [2025-05-17T08:29:08.889+0000] {dagbag.py:540} INFO - Filling up the DagBag from /opt/airflow/dags/monitor_PWU.py
[2025-05-17T08:29:08.910+0000] {processor.py:840} INFO - DAG(s) 'monitor_PWU' retrieved from /opt/airflow/dags/monitor_PWU.py
[2025-05-17T08:29:08.931+0000] {logging_mixin.py:188} INFO - [2025-05-17T08:29:08.930+0000] {dag.py:3096} INFO - Sync 1 DAGs
[2025-05-17T08:29:08.957+0000] {logging_mixin.py:188} INFO - [2025-05-17T08:29:08.956+0000] {dag.py:3954} INFO - Setting next_dagrun for monitor_PWU to 2025-05-17 08:00:00+00:00, run_after=2025-05-17 09:00:00+00:00
[2025-05-17T08:29:08.975+0000] {processor.py:183} INFO - Processing /opt/airflow/dags/monitor_PWU.py took 0.095 seconds
[2025-05-17T08:29:39.408+0000] {processor.py:161} INFO - Started process (PID=568) to work on /opt/airflow/dags/monitor_PWU.py
[2025-05-17T08:29:39.409+0000] {processor.py:830} INFO - Processing file /opt/airflow/dags/monitor_PWU.py for tasks to queue
[2025-05-17T08:29:39.410+0000] {logging_mixin.py:188} INFO - [2025-05-17T08:29:39.410+0000] {dagbag.py:540} INFO - Filling up the DagBag from /opt/airflow/dags/monitor_PWU.py
[2025-05-17T08:29:39.431+0000] {processor.py:840} INFO - DAG(s) 'monitor_PWU' retrieved from /opt/airflow/dags/monitor_PWU.py
[2025-05-17T08:29:39.452+0000] {logging_mixin.py:188} INFO - [2025-05-17T08:29:39.451+0000] {dag.py:3096} INFO - Sync 1 DAGs
[2025-05-17T08:29:39.481+0000] {logging_mixin.py:188} INFO - [2025-05-17T08:29:39.481+0000] {dag.py:3954} INFO - Setting next_dagrun for monitor_PWU to 2025-05-17 08:00:00+00:00, run_after=2025-05-17 09:00:00+00:00
[2025-05-17T08:29:39.500+0000] {processor.py:183} INFO - Processing /opt/airflow/dags/monitor_PWU.py took 0.098 seconds
[2025-05-17T08:30:09.958+0000] {processor.py:161} INFO - Started process (PID=588) to work on /opt/airflow/dags/monitor_PWU.py
[2025-05-17T08:30:09.959+0000] {processor.py:830} INFO - Processing file /opt/airflow/dags/monitor_PWU.py for tasks to queue
[2025-05-17T08:30:09.961+0000] {logging_mixin.py:188} INFO - [2025-05-17T08:30:09.961+0000] {dagbag.py:540} INFO - Filling up the DagBag from /opt/airflow/dags/monitor_PWU.py
[2025-05-17T08:30:09.986+0000] {processor.py:840} INFO - DAG(s) 'monitor_PWU' retrieved from /opt/airflow/dags/monitor_PWU.py
[2025-05-17T08:30:10.011+0000] {logging_mixin.py:188} INFO - [2025-05-17T08:30:10.010+0000] {dag.py:3096} INFO - Sync 1 DAGs
[2025-05-17T08:30:10.036+0000] {logging_mixin.py:188} INFO - [2025-05-17T08:30:10.036+0000] {dag.py:3954} INFO - Setting next_dagrun for monitor_PWU to 2025-05-17 08:00:00+00:00, run_after=2025-05-17 09:00:00+00:00
[2025-05-17T08:30:10.058+0000] {processor.py:183} INFO - Processing /opt/airflow/dags/monitor_PWU.py took 0.106 seconds
[2025-05-17T08:30:40.644+0000] {processor.py:161} INFO - Started process (PID=608) to work on /opt/airflow/dags/monitor_PWU.py
[2025-05-17T08:30:40.645+0000] {processor.py:830} INFO - Processing file /opt/airflow/dags/monitor_PWU.py for tasks to queue
[2025-05-17T08:30:40.647+0000] {logging_mixin.py:188} INFO - [2025-05-17T08:30:40.647+0000] {dagbag.py:540} INFO - Filling up the DagBag from /opt/airflow/dags/monitor_PWU.py
[2025-05-17T08:30:40.669+0000] {processor.py:840} INFO - DAG(s) 'monitor_PWU' retrieved from /opt/airflow/dags/monitor_PWU.py
[2025-05-17T08:30:40.691+0000] {logging_mixin.py:188} INFO - [2025-05-17T08:30:40.690+0000] {dag.py:3096} INFO - Sync 1 DAGs
[2025-05-17T08:30:40.716+0000] {logging_mixin.py:188} INFO - [2025-05-17T08:30:40.716+0000] {dag.py:3954} INFO - Setting next_dagrun for monitor_PWU to 2025-05-17 08:00:00+00:00, run_after=2025-05-17 09:00:00+00:00
[2025-05-17T08:30:40.742+0000] {processor.py:183} INFO - Processing /opt/airflow/dags/monitor_PWU.py took 0.108 seconds
[2025-05-17T08:31:11.116+0000] {processor.py:161} INFO - Started process (PID=628) to work on /opt/airflow/dags/monitor_PWU.py
[2025-05-17T08:31:11.116+0000] {processor.py:830} INFO - Processing file /opt/airflow/dags/monitor_PWU.py for tasks to queue
[2025-05-17T08:31:11.118+0000] {logging_mixin.py:188} INFO - [2025-05-17T08:31:11.118+0000] {dagbag.py:540} INFO - Filling up the DagBag from /opt/airflow/dags/monitor_PWU.py
[2025-05-17T08:31:11.140+0000] {processor.py:840} INFO - DAG(s) 'monitor_PWU' retrieved from /opt/airflow/dags/monitor_PWU.py
[2025-05-17T08:31:11.160+0000] {logging_mixin.py:188} INFO - [2025-05-17T08:31:11.160+0000] {dag.py:3096} INFO - Sync 1 DAGs
[2025-05-17T08:31:11.183+0000] {logging_mixin.py:188} INFO - [2025-05-17T08:31:11.183+0000] {dag.py:3954} INFO - Setting next_dagrun for monitor_PWU to 2025-05-17 08:00:00+00:00, run_after=2025-05-17 09:00:00+00:00
[2025-05-17T08:31:11.203+0000] {processor.py:183} INFO - Processing /opt/airflow/dags/monitor_PWU.py took 0.093 seconds
[2025-05-17T08:31:41.741+0000] {processor.py:161} INFO - Started process (PID=648) to work on /opt/airflow/dags/monitor_PWU.py
[2025-05-17T08:31:41.742+0000] {processor.py:830} INFO - Processing file /opt/airflow/dags/monitor_PWU.py for tasks to queue
[2025-05-17T08:31:41.743+0000] {logging_mixin.py:188} INFO - [2025-05-17T08:31:41.743+0000] {dagbag.py:540} INFO - Filling up the DagBag from /opt/airflow/dags/monitor_PWU.py
[2025-05-17T08:31:41.763+0000] {processor.py:840} INFO - DAG(s) 'monitor_PWU' retrieved from /opt/airflow/dags/monitor_PWU.py
[2025-05-17T08:31:41.784+0000] {logging_mixin.py:188} INFO - [2025-05-17T08:31:41.784+0000] {dag.py:3096} INFO - Sync 1 DAGs
[2025-05-17T08:31:41.809+0000] {logging_mixin.py:188} INFO - [2025-05-17T08:31:41.809+0000] {dag.py:3954} INFO - Setting next_dagrun for monitor_PWU to 2025-05-17 08:00:00+00:00, run_after=2025-05-17 09:00:00+00:00
[2025-05-17T08:31:41.828+0000] {processor.py:183} INFO - Processing /opt/airflow/dags/monitor_PWU.py took 0.093 seconds
[2025-05-17T08:32:12.211+0000] {processor.py:161} INFO - Started process (PID=668) to work on /opt/airflow/dags/monitor_PWU.py
[2025-05-17T08:32:12.212+0000] {processor.py:830} INFO - Processing file /opt/airflow/dags/monitor_PWU.py for tasks to queue
[2025-05-17T08:32:12.214+0000] {logging_mixin.py:188} INFO - [2025-05-17T08:32:12.213+0000] {dagbag.py:540} INFO - Filling up the DagBag from /opt/airflow/dags/monitor_PWU.py
[2025-05-17T08:32:12.235+0000] {processor.py:840} INFO - DAG(s) 'monitor_PWU' retrieved from /opt/airflow/dags/monitor_PWU.py
[2025-05-17T08:32:12.262+0000] {logging_mixin.py:188} INFO - [2025-05-17T08:32:12.261+0000] {dag.py:3096} INFO - Sync 1 DAGs
[2025-05-17T08:32:12.292+0000] {logging_mixin.py:188} INFO - [2025-05-17T08:32:12.292+0000] {dag.py:3954} INFO - Setting next_dagrun for monitor_PWU to 2025-05-17 08:00:00+00:00, run_after=2025-05-17 09:00:00+00:00
[2025-05-17T08:32:12.319+0000] {processor.py:183} INFO - Processing /opt/airflow/dags/monitor_PWU.py took 0.115 seconds
[2025-05-17T08:32:42.856+0000] {processor.py:161} INFO - Started process (PID=688) to work on /opt/airflow/dags/monitor_PWU.py
[2025-05-17T08:32:42.857+0000] {processor.py:830} INFO - Processing file /opt/airflow/dags/monitor_PWU.py for tasks to queue
[2025-05-17T08:32:42.858+0000] {logging_mixin.py:188} INFO - [2025-05-17T08:32:42.858+0000] {dagbag.py:540} INFO - Filling up the DagBag from /opt/airflow/dags/monitor_PWU.py
[2025-05-17T08:32:42.878+0000] {processor.py:840} INFO - DAG(s) 'monitor_PWU' retrieved from /opt/airflow/dags/monitor_PWU.py
[2025-05-17T08:32:42.899+0000] {logging_mixin.py:188} INFO - [2025-05-17T08:32:42.898+0000] {dag.py:3096} INFO - Sync 1 DAGs
[2025-05-17T08:32:42.922+0000] {logging_mixin.py:188} INFO - [2025-05-17T08:32:42.922+0000] {dag.py:3954} INFO - Setting next_dagrun for monitor_PWU to 2025-05-17 08:00:00+00:00, run_after=2025-05-17 09:00:00+00:00
[2025-05-17T08:32:42.943+0000] {processor.py:183} INFO - Processing /opt/airflow/dags/monitor_PWU.py took 0.095 seconds
[2025-05-17T08:33:13.458+0000] {processor.py:161} INFO - Started process (PID=708) to work on /opt/airflow/dags/monitor_PWU.py
[2025-05-17T08:33:13.459+0000] {processor.py:830} INFO - Processing file /opt/airflow/dags/monitor_PWU.py for tasks to queue
[2025-05-17T08:33:13.461+0000] {logging_mixin.py:188} INFO - [2025-05-17T08:33:13.460+0000] {dagbag.py:540} INFO - Filling up the DagBag from /opt/airflow/dags/monitor_PWU.py
[2025-05-17T08:33:13.480+0000] {processor.py:840} INFO - DAG(s) 'monitor_PWU' retrieved from /opt/airflow/dags/monitor_PWU.py
[2025-05-17T08:33:13.501+0000] {logging_mixin.py:188} INFO - [2025-05-17T08:33:13.500+0000] {dag.py:3096} INFO - Sync 1 DAGs
[2025-05-17T08:33:13.530+0000] {logging_mixin.py:188} INFO - [2025-05-17T08:33:13.530+0000] {dag.py:3954} INFO - Setting next_dagrun for monitor_PWU to 2025-05-17 08:00:00+00:00, run_after=2025-05-17 09:00:00+00:00
[2025-05-17T08:33:13.550+0000] {processor.py:183} INFO - Processing /opt/airflow/dags/monitor_PWU.py took 0.099 seconds
[2025-05-17T08:33:44.008+0000] {processor.py:161} INFO - Started process (PID=728) to work on /opt/airflow/dags/monitor_PWU.py
[2025-05-17T08:33:44.009+0000] {processor.py:830} INFO - Processing file /opt/airflow/dags/monitor_PWU.py for tasks to queue
[2025-05-17T08:33:44.010+0000] {logging_mixin.py:188} INFO - [2025-05-17T08:33:44.010+0000] {dagbag.py:540} INFO - Filling up the DagBag from /opt/airflow/dags/monitor_PWU.py
[2025-05-17T08:33:44.030+0000] {processor.py:840} INFO - DAG(s) 'monitor_PWU' retrieved from /opt/airflow/dags/monitor_PWU.py
[2025-05-17T08:33:44.051+0000] {logging_mixin.py:188} INFO - [2025-05-17T08:33:44.050+0000] {dag.py:3096} INFO - Sync 1 DAGs
[2025-05-17T08:33:44.075+0000] {logging_mixin.py:188} INFO - [2025-05-17T08:33:44.075+0000] {dag.py:3954} INFO - Setting next_dagrun for monitor_PWU to 2025-05-17 08:00:00+00:00, run_after=2025-05-17 09:00:00+00:00
[2025-05-17T08:33:44.094+0000] {processor.py:183} INFO - Processing /opt/airflow/dags/monitor_PWU.py took 0.093 seconds
[2025-05-17T08:34:14.591+0000] {processor.py:161} INFO - Started process (PID=748) to work on /opt/airflow/dags/monitor_PWU.py
[2025-05-17T08:34:14.592+0000] {processor.py:830} INFO - Processing file /opt/airflow/dags/monitor_PWU.py for tasks to queue
[2025-05-17T08:34:14.594+0000] {logging_mixin.py:188} INFO - [2025-05-17T08:34:14.594+0000] {dagbag.py:540} INFO - Filling up the DagBag from /opt/airflow/dags/monitor_PWU.py
[2025-05-17T08:34:14.616+0000] {processor.py:840} INFO - DAG(s) 'monitor_PWU' retrieved from /opt/airflow/dags/monitor_PWU.py
[2025-05-17T08:34:14.637+0000] {logging_mixin.py:188} INFO - [2025-05-17T08:34:14.636+0000] {dag.py:3096} INFO - Sync 1 DAGs
[2025-05-17T08:34:14.661+0000] {logging_mixin.py:188} INFO - [2025-05-17T08:34:14.660+0000] {dag.py:3954} INFO - Setting next_dagrun for monitor_PWU to 2025-05-17 08:00:00+00:00, run_after=2025-05-17 09:00:00+00:00
[2025-05-17T08:34:14.681+0000] {processor.py:183} INFO - Processing /opt/airflow/dags/monitor_PWU.py took 0.095 seconds
[2025-05-17T08:34:45.279+0000] {processor.py:161} INFO - Started process (PID=768) to work on /opt/airflow/dags/monitor_PWU.py
[2025-05-17T08:34:45.280+0000] {processor.py:830} INFO - Processing file /opt/airflow/dags/monitor_PWU.py for tasks to queue
[2025-05-17T08:34:45.281+0000] {logging_mixin.py:188} INFO - [2025-05-17T08:34:45.281+0000] {dagbag.py:540} INFO - Filling up the DagBag from /opt/airflow/dags/monitor_PWU.py
[2025-05-17T08:34:45.305+0000] {processor.py:840} INFO - DAG(s) 'monitor_PWU' retrieved from /opt/airflow/dags/monitor_PWU.py
[2025-05-17T08:34:45.327+0000] {logging_mixin.py:188} INFO - [2025-05-17T08:34:45.327+0000] {dag.py:3096} INFO - Sync 1 DAGs
[2025-05-17T08:34:45.352+0000] {logging_mixin.py:188} INFO - [2025-05-17T08:34:45.352+0000] {dag.py:3954} INFO - Setting next_dagrun for monitor_PWU to 2025-05-17 08:00:00+00:00, run_after=2025-05-17 09:00:00+00:00
[2025-05-17T08:34:45.373+0000] {processor.py:183} INFO - Processing /opt/airflow/dags/monitor_PWU.py took 0.100 seconds
[2025-05-17T08:35:15.869+0000] {processor.py:161} INFO - Started process (PID=788) to work on /opt/airflow/dags/monitor_PWU.py
[2025-05-17T08:35:15.870+0000] {processor.py:830} INFO - Processing file /opt/airflow/dags/monitor_PWU.py for tasks to queue
[2025-05-17T08:35:15.872+0000] {logging_mixin.py:188} INFO - [2025-05-17T08:35:15.872+0000] {dagbag.py:540} INFO - Filling up the DagBag from /opt/airflow/dags/monitor_PWU.py
[2025-05-17T08:35:15.894+0000] {processor.py:840} INFO - DAG(s) 'monitor_PWU' retrieved from /opt/airflow/dags/monitor_PWU.py
[2025-05-17T08:35:15.920+0000] {logging_mixin.py:188} INFO - [2025-05-17T08:35:15.920+0000] {dag.py:3096} INFO - Sync 1 DAGs
[2025-05-17T08:35:15.962+0000] {logging_mixin.py:188} INFO - [2025-05-17T08:35:15.961+0000] {dag.py:3954} INFO - Setting next_dagrun for monitor_PWU to 2025-05-17 08:00:00+00:00, run_after=2025-05-17 09:00:00+00:00
[2025-05-17T08:35:15.994+0000] {processor.py:183} INFO - Processing /opt/airflow/dags/monitor_PWU.py took 0.131 seconds
[2025-05-17T08:35:46.707+0000] {processor.py:161} INFO - Started process (PID=808) to work on /opt/airflow/dags/monitor_PWU.py
[2025-05-17T08:35:46.708+0000] {processor.py:830} INFO - Processing file /opt/airflow/dags/monitor_PWU.py for tasks to queue
[2025-05-17T08:35:46.710+0000] {logging_mixin.py:188} INFO - [2025-05-17T08:35:46.709+0000] {dagbag.py:540} INFO - Filling up the DagBag from /opt/airflow/dags/monitor_PWU.py
[2025-05-17T08:35:46.731+0000] {processor.py:840} INFO - DAG(s) 'monitor_PWU' retrieved from /opt/airflow/dags/monitor_PWU.py
[2025-05-17T08:35:46.751+0000] {logging_mixin.py:188} INFO - [2025-05-17T08:35:46.751+0000] {dag.py:3096} INFO - Sync 1 DAGs
[2025-05-17T08:35:46.776+0000] {logging_mixin.py:188} INFO - [2025-05-17T08:35:46.776+0000] {dag.py:3954} INFO - Setting next_dagrun for monitor_PWU to 2025-05-17 08:00:00+00:00, run_after=2025-05-17 09:00:00+00:00
[2025-05-17T08:35:46.796+0000] {processor.py:183} INFO - Processing /opt/airflow/dags/monitor_PWU.py took 0.096 seconds
[2025-05-17T08:36:17.365+0000] {processor.py:161} INFO - Started process (PID=828) to work on /opt/airflow/dags/monitor_PWU.py
[2025-05-17T08:36:17.365+0000] {processor.py:830} INFO - Processing file /opt/airflow/dags/monitor_PWU.py for tasks to queue
[2025-05-17T08:36:17.368+0000] {logging_mixin.py:188} INFO - [2025-05-17T08:36:17.367+0000] {dagbag.py:540} INFO - Filling up the DagBag from /opt/airflow/dags/monitor_PWU.py
[2025-05-17T08:36:17.395+0000] {processor.py:840} INFO - DAG(s) 'monitor_PWU' retrieved from /opt/airflow/dags/monitor_PWU.py
[2025-05-17T08:36:17.419+0000] {logging_mixin.py:188} INFO - [2025-05-17T08:36:17.418+0000] {dag.py:3096} INFO - Sync 1 DAGs
[2025-05-17T08:36:17.443+0000] {logging_mixin.py:188} INFO - [2025-05-17T08:36:17.443+0000] {dag.py:3954} INFO - Setting next_dagrun for monitor_PWU to 2025-05-17 08:00:00+00:00, run_after=2025-05-17 09:00:00+00:00
[2025-05-17T08:36:17.462+0000] {processor.py:183} INFO - Processing /opt/airflow/dags/monitor_PWU.py took 0.104 seconds
[2025-05-17T08:36:47.969+0000] {processor.py:161} INFO - Started process (PID=848) to work on /opt/airflow/dags/monitor_PWU.py
[2025-05-17T08:36:47.970+0000] {processor.py:830} INFO - Processing file /opt/airflow/dags/monitor_PWU.py for tasks to queue
[2025-05-17T08:36:47.972+0000] {logging_mixin.py:188} INFO - [2025-05-17T08:36:47.972+0000] {dagbag.py:540} INFO - Filling up the DagBag from /opt/airflow/dags/monitor_PWU.py
[2025-05-17T08:36:47.992+0000] {processor.py:840} INFO - DAG(s) 'monitor_PWU' retrieved from /opt/airflow/dags/monitor_PWU.py
[2025-05-17T08:36:48.012+0000] {logging_mixin.py:188} INFO - [2025-05-17T08:36:48.012+0000] {dag.py:3096} INFO - Sync 1 DAGs
[2025-05-17T08:36:48.036+0000] {logging_mixin.py:188} INFO - [2025-05-17T08:36:48.036+0000] {dag.py:3954} INFO - Setting next_dagrun for monitor_PWU to 2025-05-17 08:00:00+00:00, run_after=2025-05-17 09:00:00+00:00
[2025-05-17T08:36:48.056+0000] {processor.py:183} INFO - Processing /opt/airflow/dags/monitor_PWU.py took 0.093 seconds
[2025-05-17T08:37:18.590+0000] {processor.py:161} INFO - Started process (PID=868) to work on /opt/airflow/dags/monitor_PWU.py
[2025-05-17T08:37:18.591+0000] {processor.py:830} INFO - Processing file /opt/airflow/dags/monitor_PWU.py for tasks to queue
[2025-05-17T08:37:18.592+0000] {logging_mixin.py:188} INFO - [2025-05-17T08:37:18.592+0000] {dagbag.py:540} INFO - Filling up the DagBag from /opt/airflow/dags/monitor_PWU.py
[2025-05-17T08:37:18.612+0000] {processor.py:840} INFO - DAG(s) 'monitor_PWU' retrieved from /opt/airflow/dags/monitor_PWU.py
[2025-05-17T08:37:18.635+0000] {logging_mixin.py:188} INFO - [2025-05-17T08:37:18.634+0000] {dag.py:3096} INFO - Sync 1 DAGs
[2025-05-17T08:37:18.658+0000] {logging_mixin.py:188} INFO - [2025-05-17T08:37:18.658+0000] {dag.py:3954} INFO - Setting next_dagrun for monitor_PWU to 2025-05-17 08:00:00+00:00, run_after=2025-05-17 09:00:00+00:00
[2025-05-17T08:37:18.675+0000] {processor.py:183} INFO - Processing /opt/airflow/dags/monitor_PWU.py took 0.091 seconds
[2025-05-17T08:37:49.278+0000] {processor.py:161} INFO - Started process (PID=888) to work on /opt/airflow/dags/monitor_PWU.py
[2025-05-17T08:37:49.279+0000] {processor.py:830} INFO - Processing file /opt/airflow/dags/monitor_PWU.py for tasks to queue
[2025-05-17T08:37:49.281+0000] {logging_mixin.py:188} INFO - [2025-05-17T08:37:49.280+0000] {dagbag.py:540} INFO - Filling up the DagBag from /opt/airflow/dags/monitor_PWU.py
[2025-05-17T08:37:49.301+0000] {processor.py:840} INFO - DAG(s) 'monitor_PWU' retrieved from /opt/airflow/dags/monitor_PWU.py
[2025-05-17T08:37:49.327+0000] {logging_mixin.py:188} INFO - [2025-05-17T08:37:49.327+0000] {dag.py:3096} INFO - Sync 1 DAGs
[2025-05-17T08:37:49.355+0000] {logging_mixin.py:188} INFO - [2025-05-17T08:37:49.355+0000] {dag.py:3954} INFO - Setting next_dagrun for monitor_PWU to 2025-05-17 08:00:00+00:00, run_after=2025-05-17 09:00:00+00:00
[2025-05-17T08:37:49.375+0000] {processor.py:183} INFO - Processing /opt/airflow/dags/monitor_PWU.py took 0.103 seconds
[2025-05-17T08:38:19.873+0000] {processor.py:161} INFO - Started process (PID=908) to work on /opt/airflow/dags/monitor_PWU.py
[2025-05-17T08:38:19.874+0000] {processor.py:830} INFO - Processing file /opt/airflow/dags/monitor_PWU.py for tasks to queue
[2025-05-17T08:38:19.875+0000] {logging_mixin.py:188} INFO - [2025-05-17T08:38:19.875+0000] {dagbag.py:540} INFO - Filling up the DagBag from /opt/airflow/dags/monitor_PWU.py
[2025-05-17T08:38:19.895+0000] {processor.py:840} INFO - DAG(s) 'monitor_PWU' retrieved from /opt/airflow/dags/monitor_PWU.py
[2025-05-17T08:38:19.915+0000] {logging_mixin.py:188} INFO - [2025-05-17T08:38:19.915+0000] {dag.py:3096} INFO - Sync 1 DAGs
[2025-05-17T08:38:19.941+0000] {logging_mixin.py:188} INFO - [2025-05-17T08:38:19.940+0000] {dag.py:3954} INFO - Setting next_dagrun for monitor_PWU to 2025-05-17 08:00:00+00:00, run_after=2025-05-17 09:00:00+00:00
[2025-05-17T08:38:19.958+0000] {processor.py:183} INFO - Processing /opt/airflow/dags/monitor_PWU.py took 0.091 seconds
[2025-05-17T08:38:50.478+0000] {processor.py:161} INFO - Started process (PID=928) to work on /opt/airflow/dags/monitor_PWU.py
[2025-05-17T08:38:50.479+0000] {processor.py:830} INFO - Processing file /opt/airflow/dags/monitor_PWU.py for tasks to queue
[2025-05-17T08:38:50.481+0000] {logging_mixin.py:188} INFO - [2025-05-17T08:38:50.481+0000] {dagbag.py:540} INFO - Filling up the DagBag from /opt/airflow/dags/monitor_PWU.py
[2025-05-17T08:38:50.503+0000] {processor.py:840} INFO - DAG(s) 'monitor_PWU' retrieved from /opt/airflow/dags/monitor_PWU.py
[2025-05-17T08:38:50.523+0000] {logging_mixin.py:188} INFO - [2025-05-17T08:38:50.523+0000] {dag.py:3096} INFO - Sync 1 DAGs
[2025-05-17T08:38:50.550+0000] {logging_mixin.py:188} INFO - [2025-05-17T08:38:50.550+0000] {dag.py:3954} INFO - Setting next_dagrun for monitor_PWU to 2025-05-17 08:00:00+00:00, run_after=2025-05-17 09:00:00+00:00
[2025-05-17T08:38:50.568+0000] {processor.py:183} INFO - Processing /opt/airflow/dags/monitor_PWU.py took 0.096 seconds
[2025-05-17T08:39:21.060+0000] {processor.py:161} INFO - Started process (PID=948) to work on /opt/airflow/dags/monitor_PWU.py
[2025-05-17T08:39:21.061+0000] {processor.py:830} INFO - Processing file /opt/airflow/dags/monitor_PWU.py for tasks to queue
[2025-05-17T08:39:21.063+0000] {logging_mixin.py:188} INFO - [2025-05-17T08:39:21.063+0000] {dagbag.py:540} INFO - Filling up the DagBag from /opt/airflow/dags/monitor_PWU.py
[2025-05-17T08:39:21.086+0000] {processor.py:840} INFO - DAG(s) 'monitor_PWU' retrieved from /opt/airflow/dags/monitor_PWU.py
[2025-05-17T08:39:21.106+0000] {logging_mixin.py:188} INFO - [2025-05-17T08:39:21.106+0000] {dag.py:3096} INFO - Sync 1 DAGs
[2025-05-17T08:39:21.132+0000] {logging_mixin.py:188} INFO - [2025-05-17T08:39:21.131+0000] {dag.py:3954} INFO - Setting next_dagrun for monitor_PWU to 2025-05-17 08:00:00+00:00, run_after=2025-05-17 09:00:00+00:00
[2025-05-17T08:39:21.149+0000] {processor.py:183} INFO - Processing /opt/airflow/dags/monitor_PWU.py took 0.095 seconds
[2025-05-17T08:39:51.637+0000] {processor.py:161} INFO - Started process (PID=968) to work on /opt/airflow/dags/monitor_PWU.py
[2025-05-17T08:39:51.638+0000] {processor.py:830} INFO - Processing file /opt/airflow/dags/monitor_PWU.py for tasks to queue
[2025-05-17T08:39:51.640+0000] {logging_mixin.py:188} INFO - [2025-05-17T08:39:51.640+0000] {dagbag.py:540} INFO - Filling up the DagBag from /opt/airflow/dags/monitor_PWU.py
[2025-05-17T08:39:51.660+0000] {processor.py:840} INFO - DAG(s) 'monitor_PWU' retrieved from /opt/airflow/dags/monitor_PWU.py
[2025-05-17T08:39:51.682+0000] {logging_mixin.py:188} INFO - [2025-05-17T08:39:51.682+0000] {dag.py:3096} INFO - Sync 1 DAGs
[2025-05-17T08:39:51.707+0000] {logging_mixin.py:188} INFO - [2025-05-17T08:39:51.707+0000] {dag.py:3954} INFO - Setting next_dagrun for monitor_PWU to 2025-05-17 08:00:00+00:00, run_after=2025-05-17 09:00:00+00:00
[2025-05-17T08:39:51.728+0000] {processor.py:183} INFO - Processing /opt/airflow/dags/monitor_PWU.py took 0.096 seconds
[2025-05-17T08:40:22.234+0000] {processor.py:161} INFO - Started process (PID=988) to work on /opt/airflow/dags/monitor_PWU.py
[2025-05-17T08:40:22.235+0000] {processor.py:830} INFO - Processing file /opt/airflow/dags/monitor_PWU.py for tasks to queue
[2025-05-17T08:40:22.237+0000] {logging_mixin.py:188} INFO - [2025-05-17T08:40:22.236+0000] {dagbag.py:540} INFO - Filling up the DagBag from /opt/airflow/dags/monitor_PWU.py
[2025-05-17T08:40:22.256+0000] {processor.py:840} INFO - DAG(s) 'monitor_PWU' retrieved from /opt/airflow/dags/monitor_PWU.py
[2025-05-17T08:40:22.275+0000] {logging_mixin.py:188} INFO - [2025-05-17T08:40:22.275+0000] {dag.py:3096} INFO - Sync 1 DAGs
[2025-05-17T08:40:22.298+0000] {logging_mixin.py:188} INFO - [2025-05-17T08:40:22.298+0000] {dag.py:3954} INFO - Setting next_dagrun for monitor_PWU to 2025-05-17 08:00:00+00:00, run_after=2025-05-17 09:00:00+00:00
[2025-05-17T08:40:22.317+0000] {processor.py:183} INFO - Processing /opt/airflow/dags/monitor_PWU.py took 0.089 seconds
[2025-05-17T08:40:52.984+0000] {processor.py:161} INFO - Started process (PID=1008) to work on /opt/airflow/dags/monitor_PWU.py
[2025-05-17T08:40:52.985+0000] {processor.py:830} INFO - Processing file /opt/airflow/dags/monitor_PWU.py for tasks to queue
[2025-05-17T08:40:52.987+0000] {logging_mixin.py:188} INFO - [2025-05-17T08:40:52.987+0000] {dagbag.py:540} INFO - Filling up the DagBag from /opt/airflow/dags/monitor_PWU.py
[2025-05-17T08:40:53.009+0000] {processor.py:840} INFO - DAG(s) 'monitor_PWU' retrieved from /opt/airflow/dags/monitor_PWU.py
[2025-05-17T08:40:53.029+0000] {logging_mixin.py:188} INFO - [2025-05-17T08:40:53.029+0000] {dag.py:3096} INFO - Sync 1 DAGs
[2025-05-17T08:40:53.053+0000] {logging_mixin.py:188} INFO - [2025-05-17T08:40:53.053+0000] {dag.py:3954} INFO - Setting next_dagrun for monitor_PWU to 2025-05-17 08:00:00+00:00, run_after=2025-05-17 09:00:00+00:00
[2025-05-17T08:40:53.081+0000] {processor.py:183} INFO - Processing /opt/airflow/dags/monitor_PWU.py took 0.103 seconds
[2025-05-17T08:41:23.465+0000] {processor.py:161} INFO - Started process (PID=1030) to work on /opt/airflow/dags/monitor_PWU.py
[2025-05-17T08:41:23.466+0000] {processor.py:830} INFO - Processing file /opt/airflow/dags/monitor_PWU.py for tasks to queue
[2025-05-17T08:41:23.468+0000] {logging_mixin.py:188} INFO - [2025-05-17T08:41:23.467+0000] {dagbag.py:540} INFO - Filling up the DagBag from /opt/airflow/dags/monitor_PWU.py
[2025-05-17T08:41:23.488+0000] {processor.py:840} INFO - DAG(s) 'monitor_PWU' retrieved from /opt/airflow/dags/monitor_PWU.py
[2025-05-17T08:41:23.507+0000] {logging_mixin.py:188} INFO - [2025-05-17T08:41:23.507+0000] {dag.py:3096} INFO - Sync 1 DAGs
[2025-05-17T08:41:23.531+0000] {logging_mixin.py:188} INFO - [2025-05-17T08:41:23.531+0000] {dag.py:3954} INFO - Setting next_dagrun for monitor_PWU to 2025-05-17 08:00:00+00:00, run_after=2025-05-17 09:00:00+00:00
[2025-05-17T08:41:23.551+0000] {processor.py:183} INFO - Processing /opt/airflow/dags/monitor_PWU.py took 0.092 seconds
[2025-05-17T08:41:54.020+0000] {processor.py:161} INFO - Started process (PID=1050) to work on /opt/airflow/dags/monitor_PWU.py
[2025-05-17T08:41:54.021+0000] {processor.py:830} INFO - Processing file /opt/airflow/dags/monitor_PWU.py for tasks to queue
[2025-05-17T08:41:54.023+0000] {logging_mixin.py:188} INFO - [2025-05-17T08:41:54.023+0000] {dagbag.py:540} INFO - Filling up the DagBag from /opt/airflow/dags/monitor_PWU.py
[2025-05-17T08:41:54.045+0000] {processor.py:840} INFO - DAG(s) 'monitor_PWU' retrieved from /opt/airflow/dags/monitor_PWU.py
[2025-05-17T08:41:54.065+0000] {logging_mixin.py:188} INFO - [2025-05-17T08:41:54.065+0000] {dag.py:3096} INFO - Sync 1 DAGs
[2025-05-17T08:41:54.091+0000] {logging_mixin.py:188} INFO - [2025-05-17T08:41:54.091+0000] {dag.py:3954} INFO - Setting next_dagrun for monitor_PWU to 2025-05-17 08:00:00+00:00, run_after=2025-05-17 09:00:00+00:00
[2025-05-17T08:41:54.112+0000] {processor.py:183} INFO - Processing /opt/airflow/dags/monitor_PWU.py took 0.097 seconds
[2025-05-17T08:42:24.563+0000] {processor.py:161} INFO - Started process (PID=1070) to work on /opt/airflow/dags/monitor_PWU.py
[2025-05-17T08:42:24.564+0000] {processor.py:830} INFO - Processing file /opt/airflow/dags/monitor_PWU.py for tasks to queue
[2025-05-17T08:42:24.566+0000] {logging_mixin.py:188} INFO - [2025-05-17T08:42:24.566+0000] {dagbag.py:540} INFO - Filling up the DagBag from /opt/airflow/dags/monitor_PWU.py
[2025-05-17T08:42:24.587+0000] {processor.py:840} INFO - DAG(s) 'monitor_PWU' retrieved from /opt/airflow/dags/monitor_PWU.py
[2025-05-17T08:42:24.609+0000] {logging_mixin.py:188} INFO - [2025-05-17T08:42:24.609+0000] {dag.py:3096} INFO - Sync 1 DAGs
[2025-05-17T08:42:24.636+0000] {logging_mixin.py:188} INFO - [2025-05-17T08:42:24.636+0000] {dag.py:3954} INFO - Setting next_dagrun for monitor_PWU to 2025-05-17 08:00:00+00:00, run_after=2025-05-17 09:00:00+00:00
[2025-05-17T08:42:24.657+0000] {processor.py:183} INFO - Processing /opt/airflow/dags/monitor_PWU.py took 0.100 seconds
[2025-05-17T08:42:55.235+0000] {processor.py:161} INFO - Started process (PID=1090) to work on /opt/airflow/dags/monitor_PWU.py
[2025-05-17T08:42:55.236+0000] {processor.py:830} INFO - Processing file /opt/airflow/dags/monitor_PWU.py for tasks to queue
[2025-05-17T08:42:55.238+0000] {logging_mixin.py:188} INFO - [2025-05-17T08:42:55.237+0000] {dagbag.py:540} INFO - Filling up the DagBag from /opt/airflow/dags/monitor_PWU.py
[2025-05-17T08:42:55.258+0000] {processor.py:840} INFO - DAG(s) 'monitor_PWU' retrieved from /opt/airflow/dags/monitor_PWU.py
[2025-05-17T08:42:55.280+0000] {logging_mixin.py:188} INFO - [2025-05-17T08:42:55.279+0000] {dag.py:3096} INFO - Sync 1 DAGs
[2025-05-17T08:42:55.304+0000] {logging_mixin.py:188} INFO - [2025-05-17T08:42:55.304+0000] {dag.py:3954} INFO - Setting next_dagrun for monitor_PWU to 2025-05-17 08:00:00+00:00, run_after=2025-05-17 09:00:00+00:00
[2025-05-17T08:42:55.323+0000] {processor.py:183} INFO - Processing /opt/airflow/dags/monitor_PWU.py took 0.094 seconds
[2025-05-17T08:43:25.788+0000] {processor.py:161} INFO - Started process (PID=1110) to work on /opt/airflow/dags/monitor_PWU.py
[2025-05-17T08:43:25.789+0000] {processor.py:830} INFO - Processing file /opt/airflow/dags/monitor_PWU.py for tasks to queue
[2025-05-17T08:43:25.791+0000] {logging_mixin.py:188} INFO - [2025-05-17T08:43:25.790+0000] {dagbag.py:540} INFO - Filling up the DagBag from /opt/airflow/dags/monitor_PWU.py
[2025-05-17T08:43:25.816+0000] {processor.py:840} INFO - DAG(s) 'monitor_PWU' retrieved from /opt/airflow/dags/monitor_PWU.py
[2025-05-17T08:43:25.840+0000] {logging_mixin.py:188} INFO - [2025-05-17T08:43:25.840+0000] {dag.py:3096} INFO - Sync 1 DAGs
[2025-05-17T08:43:25.866+0000] {logging_mixin.py:188} INFO - [2025-05-17T08:43:25.865+0000] {dag.py:3954} INFO - Setting next_dagrun for monitor_PWU to 2025-05-17 08:00:00+00:00, run_after=2025-05-17 09:00:00+00:00
[2025-05-17T08:43:25.888+0000] {processor.py:183} INFO - Processing /opt/airflow/dags/monitor_PWU.py took 0.106 seconds
[2025-05-17T08:43:56.309+0000] {processor.py:161} INFO - Started process (PID=1130) to work on /opt/airflow/dags/monitor_PWU.py
[2025-05-17T08:43:56.311+0000] {processor.py:830} INFO - Processing file /opt/airflow/dags/monitor_PWU.py for tasks to queue
[2025-05-17T08:43:56.313+0000] {logging_mixin.py:188} INFO - [2025-05-17T08:43:56.312+0000] {dagbag.py:540} INFO - Filling up the DagBag from /opt/airflow/dags/monitor_PWU.py
[2025-05-17T08:43:56.334+0000] {processor.py:840} INFO - DAG(s) 'monitor_PWU' retrieved from /opt/airflow/dags/monitor_PWU.py
[2025-05-17T08:43:56.356+0000] {logging_mixin.py:188} INFO - [2025-05-17T08:43:56.355+0000] {dag.py:3096} INFO - Sync 1 DAGs
[2025-05-17T08:43:56.383+0000] {logging_mixin.py:188} INFO - [2025-05-17T08:43:56.382+0000] {dag.py:3954} INFO - Setting next_dagrun for monitor_PWU to 2025-05-17 08:00:00+00:00, run_after=2025-05-17 09:00:00+00:00
[2025-05-17T08:43:56.405+0000] {processor.py:183} INFO - Processing /opt/airflow/dags/monitor_PWU.py took 0.103 seconds
[2025-05-17T08:44:26.885+0000] {processor.py:161} INFO - Started process (PID=1152) to work on /opt/airflow/dags/monitor_PWU.py
[2025-05-17T08:44:26.886+0000] {processor.py:830} INFO - Processing file /opt/airflow/dags/monitor_PWU.py for tasks to queue
[2025-05-17T08:44:26.888+0000] {logging_mixin.py:188} INFO - [2025-05-17T08:44:26.887+0000] {dagbag.py:540} INFO - Filling up the DagBag from /opt/airflow/dags/monitor_PWU.py
[2025-05-17T08:44:26.908+0000] {processor.py:840} INFO - DAG(s) 'monitor_PWU' retrieved from /opt/airflow/dags/monitor_PWU.py
[2025-05-17T08:44:26.929+0000] {logging_mixin.py:188} INFO - [2025-05-17T08:44:26.928+0000] {dag.py:3096} INFO - Sync 1 DAGs
[2025-05-17T08:44:26.954+0000] {logging_mixin.py:188} INFO - [2025-05-17T08:44:26.954+0000] {dag.py:3954} INFO - Setting next_dagrun for monitor_PWU to 2025-05-17 08:00:00+00:00, run_after=2025-05-17 09:00:00+00:00
[2025-05-17T08:44:26.972+0000] {processor.py:183} INFO - Processing /opt/airflow/dags/monitor_PWU.py took 0.095 seconds
[2025-05-17T08:44:57.435+0000] {processor.py:161} INFO - Started process (PID=1172) to work on /opt/airflow/dags/monitor_PWU.py
[2025-05-17T08:44:57.436+0000] {processor.py:830} INFO - Processing file /opt/airflow/dags/monitor_PWU.py for tasks to queue
[2025-05-17T08:44:57.438+0000] {logging_mixin.py:188} INFO - [2025-05-17T08:44:57.437+0000] {dagbag.py:540} INFO - Filling up the DagBag from /opt/airflow/dags/monitor_PWU.py
[2025-05-17T08:44:57.466+0000] {processor.py:840} INFO - DAG(s) 'monitor_PWU' retrieved from /opt/airflow/dags/monitor_PWU.py
[2025-05-17T08:44:57.486+0000] {logging_mixin.py:188} INFO - [2025-05-17T08:44:57.486+0000] {dag.py:3096} INFO - Sync 1 DAGs
[2025-05-17T08:44:57.510+0000] {logging_mixin.py:188} INFO - [2025-05-17T08:44:57.509+0000] {dag.py:3954} INFO - Setting next_dagrun for monitor_PWU to 2025-05-17 08:00:00+00:00, run_after=2025-05-17 09:00:00+00:00
[2025-05-17T08:44:57.528+0000] {processor.py:183} INFO - Processing /opt/airflow/dags/monitor_PWU.py took 0.099 seconds
[2025-05-17T08:45:28.058+0000] {processor.py:161} INFO - Started process (PID=1194) to work on /opt/airflow/dags/monitor_PWU.py
[2025-05-17T08:45:28.060+0000] {processor.py:830} INFO - Processing file /opt/airflow/dags/monitor_PWU.py for tasks to queue
[2025-05-17T08:45:28.062+0000] {logging_mixin.py:188} INFO - [2025-05-17T08:45:28.062+0000] {dagbag.py:540} INFO - Filling up the DagBag from /opt/airflow/dags/monitor_PWU.py
[2025-05-17T08:45:28.083+0000] {processor.py:840} INFO - DAG(s) 'monitor_PWU' retrieved from /opt/airflow/dags/monitor_PWU.py
[2025-05-17T08:45:28.103+0000] {logging_mixin.py:188} INFO - [2025-05-17T08:45:28.103+0000] {dag.py:3096} INFO - Sync 1 DAGs
[2025-05-17T08:45:28.127+0000] {logging_mixin.py:188} INFO - [2025-05-17T08:45:28.127+0000] {dag.py:3954} INFO - Setting next_dagrun for monitor_PWU to 2025-05-17 08:00:00+00:00, run_after=2025-05-17 09:00:00+00:00
[2025-05-17T08:45:28.148+0000] {processor.py:183} INFO - Processing /opt/airflow/dags/monitor_PWU.py took 0.095 seconds
[2025-05-17T08:45:58.818+0000] {processor.py:161} INFO - Started process (PID=1214) to work on /opt/airflow/dags/monitor_PWU.py
[2025-05-17T08:45:58.819+0000] {processor.py:830} INFO - Processing file /opt/airflow/dags/monitor_PWU.py for tasks to queue
[2025-05-17T08:45:58.821+0000] {logging_mixin.py:188} INFO - [2025-05-17T08:45:58.821+0000] {dagbag.py:540} INFO - Filling up the DagBag from /opt/airflow/dags/monitor_PWU.py
[2025-05-17T08:45:58.846+0000] {processor.py:840} INFO - DAG(s) 'monitor_PWU' retrieved from /opt/airflow/dags/monitor_PWU.py
[2025-05-17T08:45:58.873+0000] {logging_mixin.py:188} INFO - [2025-05-17T08:45:58.873+0000] {dag.py:3096} INFO - Sync 1 DAGs
[2025-05-17T08:45:58.907+0000] {logging_mixin.py:188} INFO - [2025-05-17T08:45:58.906+0000] {dag.py:3954} INFO - Setting next_dagrun for monitor_PWU to 2025-05-17 08:00:00+00:00, run_after=2025-05-17 09:00:00+00:00
[2025-05-17T08:45:58.934+0000] {processor.py:183} INFO - Processing /opt/airflow/dags/monitor_PWU.py took 0.123 seconds
[2025-05-17T08:46:29.346+0000] {processor.py:161} INFO - Started process (PID=1241) to work on /opt/airflow/dags/monitor_PWU.py
[2025-05-17T08:46:29.347+0000] {processor.py:830} INFO - Processing file /opt/airflow/dags/monitor_PWU.py for tasks to queue
[2025-05-17T08:46:29.349+0000] {logging_mixin.py:188} INFO - [2025-05-17T08:46:29.349+0000] {dagbag.py:540} INFO - Filling up the DagBag from /opt/airflow/dags/monitor_PWU.py
[2025-05-17T08:46:29.375+0000] {processor.py:840} INFO - DAG(s) 'monitor_PWU' retrieved from /opt/airflow/dags/monitor_PWU.py
[2025-05-17T08:46:29.403+0000] {logging_mixin.py:188} INFO - [2025-05-17T08:46:29.402+0000] {dag.py:3096} INFO - Sync 1 DAGs
[2025-05-17T08:46:29.434+0000] {logging_mixin.py:188} INFO - [2025-05-17T08:46:29.434+0000] {dag.py:3954} INFO - Setting next_dagrun for monitor_PWU to 2025-05-17 08:00:00+00:00, run_after=2025-05-17 09:00:00+00:00
[2025-05-17T08:46:29.456+0000] {processor.py:183} INFO - Processing /opt/airflow/dags/monitor_PWU.py took 0.116 seconds
[2025-05-17T08:47:00.198+0000] {processor.py:161} INFO - Started process (PID=1281) to work on /opt/airflow/dags/monitor_PWU.py
[2025-05-17T08:47:00.201+0000] {processor.py:830} INFO - Processing file /opt/airflow/dags/monitor_PWU.py for tasks to queue
[2025-05-17T08:47:00.207+0000] {logging_mixin.py:188} INFO - [2025-05-17T08:47:00.206+0000] {dagbag.py:540} INFO - Filling up the DagBag from /opt/airflow/dags/monitor_PWU.py
[2025-05-17T08:47:00.244+0000] {processor.py:840} INFO - DAG(s) 'monitor_PWU' retrieved from /opt/airflow/dags/monitor_PWU.py
[2025-05-17T08:47:00.268+0000] {logging_mixin.py:188} INFO - [2025-05-17T08:47:00.267+0000] {dag.py:3096} INFO - Sync 1 DAGs
[2025-05-17T08:47:00.312+0000] {logging_mixin.py:188} INFO - [2025-05-17T08:47:00.312+0000] {dag.py:3954} INFO - Setting next_dagrun for monitor_PWU to 2025-05-17 08:00:00+00:00, run_after=2025-05-17 09:00:00+00:00
[2025-05-17T08:47:00.350+0000] {processor.py:183} INFO - Processing /opt/airflow/dags/monitor_PWU.py took 0.165 seconds
[2025-05-17T08:47:30.891+0000] {processor.py:161} INFO - Started process (PID=1301) to work on /opt/airflow/dags/monitor_PWU.py
[2025-05-17T08:47:30.894+0000] {processor.py:830} INFO - Processing file /opt/airflow/dags/monitor_PWU.py for tasks to queue
[2025-05-17T08:47:30.896+0000] {logging_mixin.py:188} INFO - [2025-05-17T08:47:30.895+0000] {dagbag.py:540} INFO - Filling up the DagBag from /opt/airflow/dags/monitor_PWU.py
[2025-05-17T08:47:30.922+0000] {processor.py:840} INFO - DAG(s) 'monitor_PWU' retrieved from /opt/airflow/dags/monitor_PWU.py
[2025-05-17T08:47:30.969+0000] {logging_mixin.py:188} INFO - [2025-05-17T08:47:30.968+0000] {dag.py:3096} INFO - Sync 1 DAGs
[2025-05-17T08:47:31.016+0000] {logging_mixin.py:188} INFO - [2025-05-17T08:47:31.016+0000] {dag.py:3954} INFO - Setting next_dagrun for monitor_PWU to 2025-05-17 08:00:00+00:00, run_after=2025-05-17 09:00:00+00:00
[2025-05-17T08:47:31.081+0000] {processor.py:183} INFO - Processing /opt/airflow/dags/monitor_PWU.py took 0.200 seconds
[2025-05-17T08:48:02.217+0000] {processor.py:161} INFO - Started process (PID=1321) to work on /opt/airflow/dags/monitor_PWU.py
[2025-05-17T08:48:02.219+0000] {processor.py:830} INFO - Processing file /opt/airflow/dags/monitor_PWU.py for tasks to queue
[2025-05-17T08:48:02.223+0000] {logging_mixin.py:188} INFO - [2025-05-17T08:48:02.223+0000] {dagbag.py:540} INFO - Filling up the DagBag from /opt/airflow/dags/monitor_PWU.py
[2025-05-17T08:48:02.263+0000] {processor.py:840} INFO - DAG(s) 'monitor_PWU' retrieved from /opt/airflow/dags/monitor_PWU.py
[2025-05-17T08:48:02.330+0000] {logging_mixin.py:188} INFO - [2025-05-17T08:48:02.329+0000] {dag.py:3096} INFO - Sync 1 DAGs
[2025-05-17T08:48:02.403+0000] {logging_mixin.py:188} INFO - [2025-05-17T08:48:02.402+0000] {dag.py:3954} INFO - Setting next_dagrun for monitor_PWU to 2025-05-17 08:00:00+00:00, run_after=2025-05-17 09:00:00+00:00
[2025-05-17T08:48:02.450+0000] {processor.py:183} INFO - Processing /opt/airflow/dags/monitor_PWU.py took 0.246 seconds
[2025-05-17T08:48:32.919+0000] {processor.py:161} INFO - Started process (PID=1343) to work on /opt/airflow/dags/monitor_PWU.py
[2025-05-17T08:48:32.920+0000] {processor.py:830} INFO - Processing file /opt/airflow/dags/monitor_PWU.py for tasks to queue
[2025-05-17T08:48:32.922+0000] {logging_mixin.py:188} INFO - [2025-05-17T08:48:32.922+0000] {dagbag.py:540} INFO - Filling up the DagBag from /opt/airflow/dags/monitor_PWU.py
[2025-05-17T08:48:32.943+0000] {processor.py:840} INFO - DAG(s) 'monitor_PWU' retrieved from /opt/airflow/dags/monitor_PWU.py
[2025-05-17T08:48:32.963+0000] {logging_mixin.py:188} INFO - [2025-05-17T08:48:32.963+0000] {dag.py:3096} INFO - Sync 1 DAGs
[2025-05-17T08:48:32.987+0000] {logging_mixin.py:188} INFO - [2025-05-17T08:48:32.986+0000] {dag.py:3954} INFO - Setting next_dagrun for monitor_PWU to 2025-05-17 08:00:00+00:00, run_after=2025-05-17 09:00:00+00:00
[2025-05-17T08:48:33.060+0000] {processor.py:183} INFO - Processing /opt/airflow/dags/monitor_PWU.py took 0.147 seconds
[2025-05-17T08:49:03.570+0000] {processor.py:161} INFO - Started process (PID=1363) to work on /opt/airflow/dags/monitor_PWU.py
[2025-05-17T08:49:03.571+0000] {processor.py:830} INFO - Processing file /opt/airflow/dags/monitor_PWU.py for tasks to queue
[2025-05-17T08:49:03.573+0000] {logging_mixin.py:188} INFO - [2025-05-17T08:49:03.573+0000] {dagbag.py:540} INFO - Filling up the DagBag from /opt/airflow/dags/monitor_PWU.py
[2025-05-17T08:49:03.594+0000] {processor.py:840} INFO - DAG(s) 'monitor_PWU' retrieved from /opt/airflow/dags/monitor_PWU.py
[2025-05-17T08:49:03.614+0000] {logging_mixin.py:188} INFO - [2025-05-17T08:49:03.614+0000] {dag.py:3096} INFO - Sync 1 DAGs
[2025-05-17T08:49:03.639+0000] {logging_mixin.py:188} INFO - [2025-05-17T08:49:03.639+0000] {dag.py:3954} INFO - Setting next_dagrun for monitor_PWU to 2025-05-17 08:00:00+00:00, run_after=2025-05-17 09:00:00+00:00
[2025-05-17T08:49:03.657+0000] {processor.py:183} INFO - Processing /opt/airflow/dags/monitor_PWU.py took 0.092 seconds
[2025-05-17T08:49:31.060+0000] {processor.py:161} INFO - Started process (PID=1370) to work on /opt/airflow/dags/monitor_PWU.py
[2025-05-17T08:49:31.062+0000] {processor.py:830} INFO - Processing file /opt/airflow/dags/monitor_PWU.py for tasks to queue
[2025-05-17T08:49:31.064+0000] {logging_mixin.py:188} INFO - [2025-05-17T08:49:31.064+0000] {dagbag.py:540} INFO - Filling up the DagBag from /opt/airflow/dags/monitor_PWU.py
[2025-05-17T08:49:31.101+0000] {processor.py:840} INFO - DAG(s) 'monitor_PWU' retrieved from /opt/airflow/dags/monitor_PWU.py
[2025-05-17T08:49:31.123+0000] {logging_mixin.py:188} INFO - [2025-05-17T08:49:31.123+0000] {dag.py:3096} INFO - Sync 1 DAGs
[2025-05-17T08:49:31.147+0000] {logging_mixin.py:188} INFO - [2025-05-17T08:49:31.147+0000] {dag.py:3954} INFO - Setting next_dagrun for monitor_PWU to 2025-05-17 08:00:00+00:00, run_after=2025-05-17 09:00:00+00:00
[2025-05-17T08:49:31.172+0000] {processor.py:183} INFO - Processing /opt/airflow/dags/monitor_PWU.py took 0.120 seconds
[2025-05-17T08:50:39.009+0000] {processor.py:161} INFO - Started process (PID=164) to work on /opt/airflow/dags/monitor_PWU.py
[2025-05-17T08:50:39.011+0000] {processor.py:830} INFO - Processing file /opt/airflow/dags/monitor_PWU.py for tasks to queue
[2025-05-17T08:50:39.013+0000] {logging_mixin.py:188} INFO - [2025-05-17T08:50:39.013+0000] {dagbag.py:540} INFO - Filling up the DagBag from /opt/airflow/dags/monitor_PWU.py
[2025-05-17T08:50:39.055+0000] {processor.py:840} INFO - DAG(s) 'monitor_PWU' retrieved from /opt/airflow/dags/monitor_PWU.py
[2025-05-17T08:50:39.323+0000] {logging_mixin.py:188} INFO - [2025-05-17T08:50:39.322+0000] {dag.py:3096} INFO - Sync 1 DAGs
[2025-05-17T08:50:39.350+0000] {logging_mixin.py:188} INFO - [2025-05-17T08:50:39.350+0000] {dag.py:3954} INFO - Setting next_dagrun for monitor_PWU to 2025-05-17 08:00:00+00:00, run_after=2025-05-17 09:00:00+00:00
[2025-05-17T08:50:39.374+0000] {processor.py:183} INFO - Processing /opt/airflow/dags/monitor_PWU.py took 0.372 seconds
[2025-05-17T08:51:09.937+0000] {processor.py:161} INFO - Started process (PID=184) to work on /opt/airflow/dags/monitor_PWU.py
[2025-05-17T08:51:09.938+0000] {processor.py:830} INFO - Processing file /opt/airflow/dags/monitor_PWU.py for tasks to queue
[2025-05-17T08:51:09.940+0000] {logging_mixin.py:188} INFO - [2025-05-17T08:51:09.939+0000] {dagbag.py:540} INFO - Filling up the DagBag from /opt/airflow/dags/monitor_PWU.py
[2025-05-17T08:51:09.960+0000] {processor.py:840} INFO - DAG(s) 'monitor_PWU' retrieved from /opt/airflow/dags/monitor_PWU.py
[2025-05-17T08:51:09.982+0000] {logging_mixin.py:188} INFO - [2025-05-17T08:51:09.982+0000] {dag.py:3096} INFO - Sync 1 DAGs
[2025-05-17T08:51:10.009+0000] {logging_mixin.py:188} INFO - [2025-05-17T08:51:10.009+0000] {dag.py:3954} INFO - Setting next_dagrun for monitor_PWU to 2025-05-17 08:00:00+00:00, run_after=2025-05-17 09:00:00+00:00
[2025-05-17T08:51:10.031+0000] {processor.py:183} INFO - Processing /opt/airflow/dags/monitor_PWU.py took 0.102 seconds
[2025-05-17T08:51:40.569+0000] {processor.py:161} INFO - Started process (PID=206) to work on /opt/airflow/dags/monitor_PWU.py
[2025-05-17T08:51:40.570+0000] {processor.py:830} INFO - Processing file /opt/airflow/dags/monitor_PWU.py for tasks to queue
[2025-05-17T08:51:40.573+0000] {logging_mixin.py:188} INFO - [2025-05-17T08:51:40.572+0000] {dagbag.py:540} INFO - Filling up the DagBag from /opt/airflow/dags/monitor_PWU.py
[2025-05-17T08:51:40.599+0000] {processor.py:840} INFO - DAG(s) 'monitor_PWU' retrieved from /opt/airflow/dags/monitor_PWU.py
[2025-05-17T08:51:40.630+0000] {logging_mixin.py:188} INFO - [2025-05-17T08:51:40.630+0000] {dag.py:3096} INFO - Sync 1 DAGs
[2025-05-17T08:51:40.665+0000] {logging_mixin.py:188} INFO - [2025-05-17T08:51:40.665+0000] {dag.py:3954} INFO - Setting next_dagrun for monitor_PWU to 2025-05-17 08:00:00+00:00, run_after=2025-05-17 09:00:00+00:00
[2025-05-17T08:51:40.693+0000] {processor.py:183} INFO - Processing /opt/airflow/dags/monitor_PWU.py took 0.131 seconds
[2025-05-17T08:52:11.142+0000] {processor.py:161} INFO - Started process (PID=226) to work on /opt/airflow/dags/monitor_PWU.py
[2025-05-17T08:52:11.143+0000] {processor.py:830} INFO - Processing file /opt/airflow/dags/monitor_PWU.py for tasks to queue
[2025-05-17T08:52:11.145+0000] {logging_mixin.py:188} INFO - [2025-05-17T08:52:11.144+0000] {dagbag.py:540} INFO - Filling up the DagBag from /opt/airflow/dags/monitor_PWU.py
[2025-05-17T08:52:11.167+0000] {processor.py:840} INFO - DAG(s) 'monitor_PWU' retrieved from /opt/airflow/dags/monitor_PWU.py
[2025-05-17T08:52:11.187+0000] {logging_mixin.py:188} INFO - [2025-05-17T08:52:11.187+0000] {dag.py:3096} INFO - Sync 1 DAGs
[2025-05-17T08:52:11.209+0000] {logging_mixin.py:188} INFO - [2025-05-17T08:52:11.208+0000] {dag.py:3954} INFO - Setting next_dagrun for monitor_PWU to 2025-05-17 08:00:00+00:00, run_after=2025-05-17 09:00:00+00:00
[2025-05-17T08:52:11.230+0000] {processor.py:183} INFO - Processing /opt/airflow/dags/monitor_PWU.py took 0.095 seconds
[2025-05-17T08:52:41.698+0000] {processor.py:161} INFO - Started process (PID=246) to work on /opt/airflow/dags/monitor_PWU.py
[2025-05-17T08:52:41.699+0000] {processor.py:830} INFO - Processing file /opt/airflow/dags/monitor_PWU.py for tasks to queue
[2025-05-17T08:52:41.700+0000] {logging_mixin.py:188} INFO - [2025-05-17T08:52:41.700+0000] {dagbag.py:540} INFO - Filling up the DagBag from /opt/airflow/dags/monitor_PWU.py
[2025-05-17T08:52:41.720+0000] {processor.py:840} INFO - DAG(s) 'monitor_PWU' retrieved from /opt/airflow/dags/monitor_PWU.py
[2025-05-17T08:52:41.740+0000] {logging_mixin.py:188} INFO - [2025-05-17T08:52:41.740+0000] {dag.py:3096} INFO - Sync 1 DAGs
[2025-05-17T08:52:41.763+0000] {logging_mixin.py:188} INFO - [2025-05-17T08:52:41.762+0000] {dag.py:3954} INFO - Setting next_dagrun for monitor_PWU to 2025-05-17 08:00:00+00:00, run_after=2025-05-17 09:00:00+00:00
[2025-05-17T08:52:41.787+0000] {processor.py:183} INFO - Processing /opt/airflow/dags/monitor_PWU.py took 0.097 seconds
[2025-05-17T08:53:12.250+0000] {processor.py:161} INFO - Started process (PID=266) to work on /opt/airflow/dags/monitor_PWU.py
[2025-05-17T08:53:12.251+0000] {processor.py:830} INFO - Processing file /opt/airflow/dags/monitor_PWU.py for tasks to queue
[2025-05-17T08:53:12.253+0000] {logging_mixin.py:188} INFO - [2025-05-17T08:53:12.253+0000] {dagbag.py:540} INFO - Filling up the DagBag from /opt/airflow/dags/monitor_PWU.py
[2025-05-17T08:53:12.277+0000] {processor.py:840} INFO - DAG(s) 'monitor_PWU' retrieved from /opt/airflow/dags/monitor_PWU.py
[2025-05-17T08:53:12.299+0000] {logging_mixin.py:188} INFO - [2025-05-17T08:53:12.299+0000] {dag.py:3096} INFO - Sync 1 DAGs
[2025-05-17T08:53:12.326+0000] {logging_mixin.py:188} INFO - [2025-05-17T08:53:12.326+0000] {dag.py:3954} INFO - Setting next_dagrun for monitor_PWU to 2025-05-17 08:00:00+00:00, run_after=2025-05-17 09:00:00+00:00
[2025-05-17T08:53:12.356+0000] {processor.py:183} INFO - Processing /opt/airflow/dags/monitor_PWU.py took 0.113 seconds
[2025-05-17T08:53:42.850+0000] {processor.py:161} INFO - Started process (PID=286) to work on /opt/airflow/dags/monitor_PWU.py
[2025-05-17T08:53:42.852+0000] {processor.py:830} INFO - Processing file /opt/airflow/dags/monitor_PWU.py for tasks to queue
[2025-05-17T08:53:42.854+0000] {logging_mixin.py:188} INFO - [2025-05-17T08:53:42.853+0000] {dagbag.py:540} INFO - Filling up the DagBag from /opt/airflow/dags/monitor_PWU.py
[2025-05-17T08:53:42.881+0000] {processor.py:840} INFO - DAG(s) 'monitor_PWU' retrieved from /opt/airflow/dags/monitor_PWU.py
[2025-05-17T08:53:42.903+0000] {logging_mixin.py:188} INFO - [2025-05-17T08:53:42.902+0000] {dag.py:3096} INFO - Sync 1 DAGs
[2025-05-17T08:53:42.928+0000] {logging_mixin.py:188} INFO - [2025-05-17T08:53:42.927+0000] {dag.py:3954} INFO - Setting next_dagrun for monitor_PWU to 2025-05-17 08:00:00+00:00, run_after=2025-05-17 09:00:00+00:00
[2025-05-17T08:53:42.952+0000] {processor.py:183} INFO - Processing /opt/airflow/dags/monitor_PWU.py took 0.110 seconds
[2025-05-17T08:54:13.383+0000] {processor.py:161} INFO - Started process (PID=306) to work on /opt/airflow/dags/monitor_PWU.py
[2025-05-17T08:54:13.384+0000] {processor.py:830} INFO - Processing file /opt/airflow/dags/monitor_PWU.py for tasks to queue
[2025-05-17T08:54:13.387+0000] {logging_mixin.py:188} INFO - [2025-05-17T08:54:13.386+0000] {dagbag.py:540} INFO - Filling up the DagBag from /opt/airflow/dags/monitor_PWU.py
[2025-05-17T08:54:13.413+0000] {processor.py:840} INFO - DAG(s) 'monitor_PWU' retrieved from /opt/airflow/dags/monitor_PWU.py
[2025-05-17T08:54:13.434+0000] {logging_mixin.py:188} INFO - [2025-05-17T08:54:13.434+0000] {dag.py:3096} INFO - Sync 1 DAGs
[2025-05-17T08:54:13.457+0000] {logging_mixin.py:188} INFO - [2025-05-17T08:54:13.457+0000] {dag.py:3954} INFO - Setting next_dagrun for monitor_PWU to 2025-05-17 08:00:00+00:00, run_after=2025-05-17 09:00:00+00:00
[2025-05-17T08:54:13.480+0000] {processor.py:183} INFO - Processing /opt/airflow/dags/monitor_PWU.py took 0.105 seconds
[2025-05-17T08:54:43.999+0000] {processor.py:161} INFO - Started process (PID=326) to work on /opt/airflow/dags/monitor_PWU.py
[2025-05-17T08:54:44.001+0000] {processor.py:830} INFO - Processing file /opt/airflow/dags/monitor_PWU.py for tasks to queue
[2025-05-17T08:54:44.004+0000] {logging_mixin.py:188} INFO - [2025-05-17T08:54:44.003+0000] {dagbag.py:540} INFO - Filling up the DagBag from /opt/airflow/dags/monitor_PWU.py
[2025-05-17T08:54:44.028+0000] {processor.py:840} INFO - DAG(s) 'monitor_PWU' retrieved from /opt/airflow/dags/monitor_PWU.py
[2025-05-17T08:54:44.050+0000] {logging_mixin.py:188} INFO - [2025-05-17T08:54:44.049+0000] {dag.py:3096} INFO - Sync 1 DAGs
[2025-05-17T08:54:44.072+0000] {logging_mixin.py:188} INFO - [2025-05-17T08:54:44.072+0000] {dag.py:3954} INFO - Setting next_dagrun for monitor_PWU to 2025-05-17 08:00:00+00:00, run_after=2025-05-17 09:00:00+00:00
[2025-05-17T08:54:44.094+0000] {processor.py:183} INFO - Processing /opt/airflow/dags/monitor_PWU.py took 0.105 seconds
[2025-05-17T08:55:14.531+0000] {processor.py:161} INFO - Started process (PID=346) to work on /opt/airflow/dags/monitor_PWU.py
[2025-05-17T08:55:14.532+0000] {processor.py:830} INFO - Processing file /opt/airflow/dags/monitor_PWU.py for tasks to queue
[2025-05-17T08:55:14.533+0000] {logging_mixin.py:188} INFO - [2025-05-17T08:55:14.533+0000] {dagbag.py:540} INFO - Filling up the DagBag from /opt/airflow/dags/monitor_PWU.py
[2025-05-17T08:55:14.556+0000] {processor.py:840} INFO - DAG(s) 'monitor_PWU' retrieved from /opt/airflow/dags/monitor_PWU.py
[2025-05-17T08:55:14.578+0000] {logging_mixin.py:188} INFO - [2025-05-17T08:55:14.578+0000] {dag.py:3096} INFO - Sync 1 DAGs
[2025-05-17T08:55:14.605+0000] {logging_mixin.py:188} INFO - [2025-05-17T08:55:14.605+0000] {dag.py:3954} INFO - Setting next_dagrun for monitor_PWU to 2025-05-17 08:00:00+00:00, run_after=2025-05-17 09:00:00+00:00
[2025-05-17T08:55:14.628+0000] {processor.py:183} INFO - Processing /opt/airflow/dags/monitor_PWU.py took 0.103 seconds
[2025-05-17T08:55:45.192+0000] {processor.py:161} INFO - Started process (PID=366) to work on /opt/airflow/dags/monitor_PWU.py
[2025-05-17T08:55:45.194+0000] {processor.py:830} INFO - Processing file /opt/airflow/dags/monitor_PWU.py for tasks to queue
[2025-05-17T08:55:45.196+0000] {logging_mixin.py:188} INFO - [2025-05-17T08:55:45.196+0000] {dagbag.py:540} INFO - Filling up the DagBag from /opt/airflow/dags/monitor_PWU.py
[2025-05-17T08:55:45.218+0000] {processor.py:840} INFO - DAG(s) 'monitor_PWU' retrieved from /opt/airflow/dags/monitor_PWU.py
[2025-05-17T08:55:45.237+0000] {logging_mixin.py:188} INFO - [2025-05-17T08:55:45.237+0000] {dag.py:3096} INFO - Sync 1 DAGs
[2025-05-17T08:55:45.260+0000] {logging_mixin.py:188} INFO - [2025-05-17T08:55:45.260+0000] {dag.py:3954} INFO - Setting next_dagrun for monitor_PWU to 2025-05-17 08:00:00+00:00, run_after=2025-05-17 09:00:00+00:00
[2025-05-17T08:55:45.283+0000] {processor.py:183} INFO - Processing /opt/airflow/dags/monitor_PWU.py took 0.099 seconds
[2025-05-17T08:56:15.697+0000] {processor.py:161} INFO - Started process (PID=386) to work on /opt/airflow/dags/monitor_PWU.py
[2025-05-17T08:56:15.698+0000] {processor.py:830} INFO - Processing file /opt/airflow/dags/monitor_PWU.py for tasks to queue
[2025-05-17T08:56:15.699+0000] {logging_mixin.py:188} INFO - [2025-05-17T08:56:15.699+0000] {dagbag.py:540} INFO - Filling up the DagBag from /opt/airflow/dags/monitor_PWU.py
[2025-05-17T08:56:15.723+0000] {processor.py:840} INFO - DAG(s) 'monitor_PWU' retrieved from /opt/airflow/dags/monitor_PWU.py
[2025-05-17T08:56:15.748+0000] {logging_mixin.py:188} INFO - [2025-05-17T08:56:15.748+0000] {dag.py:3096} INFO - Sync 1 DAGs
[2025-05-17T08:56:15.775+0000] {logging_mixin.py:188} INFO - [2025-05-17T08:56:15.775+0000] {dag.py:3954} INFO - Setting next_dagrun for monitor_PWU to 2025-05-17 08:00:00+00:00, run_after=2025-05-17 09:00:00+00:00
[2025-05-17T08:56:15.801+0000] {processor.py:183} INFO - Processing /opt/airflow/dags/monitor_PWU.py took 0.111 seconds
[2025-05-17T08:56:46.279+0000] {processor.py:161} INFO - Started process (PID=406) to work on /opt/airflow/dags/monitor_PWU.py
[2025-05-17T08:56:46.280+0000] {processor.py:830} INFO - Processing file /opt/airflow/dags/monitor_PWU.py for tasks to queue
[2025-05-17T08:56:46.283+0000] {logging_mixin.py:188} INFO - [2025-05-17T08:56:46.282+0000] {dagbag.py:540} INFO - Filling up the DagBag from /opt/airflow/dags/monitor_PWU.py
[2025-05-17T08:56:46.307+0000] {processor.py:840} INFO - DAG(s) 'monitor_PWU' retrieved from /opt/airflow/dags/monitor_PWU.py
[2025-05-17T08:56:46.329+0000] {logging_mixin.py:188} INFO - [2025-05-17T08:56:46.328+0000] {dag.py:3096} INFO - Sync 1 DAGs
[2025-05-17T08:56:46.352+0000] {logging_mixin.py:188} INFO - [2025-05-17T08:56:46.352+0000] {dag.py:3954} INFO - Setting next_dagrun for monitor_PWU to 2025-05-17 08:00:00+00:00, run_after=2025-05-17 09:00:00+00:00
[2025-05-17T08:56:46.376+0000] {processor.py:183} INFO - Processing /opt/airflow/dags/monitor_PWU.py took 0.104 seconds
[2025-05-17T08:57:16.835+0000] {processor.py:161} INFO - Started process (PID=426) to work on /opt/airflow/dags/monitor_PWU.py
[2025-05-17T08:57:16.836+0000] {processor.py:830} INFO - Processing file /opt/airflow/dags/monitor_PWU.py for tasks to queue
[2025-05-17T08:57:16.838+0000] {logging_mixin.py:188} INFO - [2025-05-17T08:57:16.838+0000] {dagbag.py:540} INFO - Filling up the DagBag from /opt/airflow/dags/monitor_PWU.py
[2025-05-17T08:57:16.863+0000] {processor.py:840} INFO - DAG(s) 'monitor_PWU' retrieved from /opt/airflow/dags/monitor_PWU.py
[2025-05-17T08:57:16.883+0000] {logging_mixin.py:188} INFO - [2025-05-17T08:57:16.883+0000] {dag.py:3096} INFO - Sync 1 DAGs
[2025-05-17T08:57:16.905+0000] {logging_mixin.py:188} INFO - [2025-05-17T08:57:16.905+0000] {dag.py:3954} INFO - Setting next_dagrun for monitor_PWU to 2025-05-17 08:00:00+00:00, run_after=2025-05-17 09:00:00+00:00
[2025-05-17T08:57:16.928+0000] {processor.py:183} INFO - Processing /opt/airflow/dags/monitor_PWU.py took 0.101 seconds
[2025-05-17T08:57:47.476+0000] {processor.py:161} INFO - Started process (PID=446) to work on /opt/airflow/dags/monitor_PWU.py
[2025-05-17T08:57:47.477+0000] {processor.py:830} INFO - Processing file /opt/airflow/dags/monitor_PWU.py for tasks to queue
[2025-05-17T08:57:47.479+0000] {logging_mixin.py:188} INFO - [2025-05-17T08:57:47.479+0000] {dagbag.py:540} INFO - Filling up the DagBag from /opt/airflow/dags/monitor_PWU.py
[2025-05-17T08:57:47.500+0000] {processor.py:840} INFO - DAG(s) 'monitor_PWU' retrieved from /opt/airflow/dags/monitor_PWU.py
[2025-05-17T08:57:47.522+0000] {logging_mixin.py:188} INFO - [2025-05-17T08:57:47.522+0000] {dag.py:3096} INFO - Sync 1 DAGs
[2025-05-17T08:57:47.546+0000] {logging_mixin.py:188} INFO - [2025-05-17T08:57:47.546+0000] {dag.py:3954} INFO - Setting next_dagrun for monitor_PWU to 2025-05-17 08:00:00+00:00, run_after=2025-05-17 09:00:00+00:00
[2025-05-17T08:57:47.569+0000] {processor.py:183} INFO - Processing /opt/airflow/dags/monitor_PWU.py took 0.100 seconds
[2025-05-17T08:58:18.136+0000] {processor.py:161} INFO - Started process (PID=466) to work on /opt/airflow/dags/monitor_PWU.py
[2025-05-17T08:58:18.138+0000] {processor.py:830} INFO - Processing file /opt/airflow/dags/monitor_PWU.py for tasks to queue
[2025-05-17T08:58:18.141+0000] {logging_mixin.py:188} INFO - [2025-05-17T08:58:18.141+0000] {dagbag.py:540} INFO - Filling up the DagBag from /opt/airflow/dags/monitor_PWU.py
[2025-05-17T08:58:18.163+0000] {processor.py:840} INFO - DAG(s) 'monitor_PWU' retrieved from /opt/airflow/dags/monitor_PWU.py
[2025-05-17T08:58:18.183+0000] {logging_mixin.py:188} INFO - [2025-05-17T08:58:18.183+0000] {dag.py:3096} INFO - Sync 1 DAGs
[2025-05-17T08:58:18.206+0000] {logging_mixin.py:188} INFO - [2025-05-17T08:58:18.206+0000] {dag.py:3954} INFO - Setting next_dagrun for monitor_PWU to 2025-05-17 08:00:00+00:00, run_after=2025-05-17 09:00:00+00:00
[2025-05-17T08:58:18.228+0000] {processor.py:183} INFO - Processing /opt/airflow/dags/monitor_PWU.py took 0.106 seconds
[2025-05-17T08:58:48.742+0000] {processor.py:161} INFO - Started process (PID=486) to work on /opt/airflow/dags/monitor_PWU.py
[2025-05-17T08:58:48.744+0000] {processor.py:830} INFO - Processing file /opt/airflow/dags/monitor_PWU.py for tasks to queue
[2025-05-17T08:58:48.746+0000] {logging_mixin.py:188} INFO - [2025-05-17T08:58:48.746+0000] {dagbag.py:540} INFO - Filling up the DagBag from /opt/airflow/dags/monitor_PWU.py
[2025-05-17T08:58:48.771+0000] {processor.py:840} INFO - DAG(s) 'monitor_PWU' retrieved from /opt/airflow/dags/monitor_PWU.py
[2025-05-17T08:58:48.795+0000] {logging_mixin.py:188} INFO - [2025-05-17T08:58:48.795+0000] {dag.py:3096} INFO - Sync 1 DAGs
[2025-05-17T08:58:48.824+0000] {logging_mixin.py:188} INFO - [2025-05-17T08:58:48.824+0000] {dag.py:3954} INFO - Setting next_dagrun for monitor_PWU to 2025-05-17 08:00:00+00:00, run_after=2025-05-17 09:00:00+00:00
[2025-05-17T08:58:48.855+0000] {processor.py:183} INFO - Processing /opt/airflow/dags/monitor_PWU.py took 0.118 seconds
[2025-05-17T08:59:53.261+0000] {processor.py:161} INFO - Started process (PID=164) to work on /opt/airflow/dags/monitor_PWU.py
[2025-05-17T08:59:53.262+0000] {processor.py:830} INFO - Processing file /opt/airflow/dags/monitor_PWU.py for tasks to queue
[2025-05-17T08:59:53.265+0000] {logging_mixin.py:188} INFO - [2025-05-17T08:59:53.264+0000] {dagbag.py:540} INFO - Filling up the DagBag from /opt/airflow/dags/monitor_PWU.py
[2025-05-17T08:59:53.303+0000] {processor.py:840} INFO - DAG(s) 'monitor_PWU' retrieved from /opt/airflow/dags/monitor_PWU.py
[2025-05-17T08:59:53.525+0000] {logging_mixin.py:188} INFO - [2025-05-17T08:59:53.524+0000] {dag.py:3096} INFO - Sync 1 DAGs
[2025-05-17T08:59:53.547+0000] {logging_mixin.py:188} INFO - [2025-05-17T08:59:53.547+0000] {dag.py:3954} INFO - Setting next_dagrun for monitor_PWU to 2025-05-17 08:00:00+00:00, run_after=2025-05-17 09:00:00+00:00
[2025-05-17T08:59:53.570+0000] {processor.py:183} INFO - Processing /opt/airflow/dags/monitor_PWU.py took 0.317 seconds
[2025-05-17T09:00:24.487+0000] {processor.py:161} INFO - Started process (PID=238) to work on /opt/airflow/dags/monitor_PWU.py
[2025-05-17T09:00:24.523+0000] {processor.py:830} INFO - Processing file /opt/airflow/dags/monitor_PWU.py for tasks to queue
[2025-05-17T09:00:24.526+0000] {logging_mixin.py:188} INFO - [2025-05-17T09:00:24.525+0000] {dagbag.py:540} INFO - Filling up the DagBag from /opt/airflow/dags/monitor_PWU.py
[2025-05-17T09:00:24.606+0000] {processor.py:840} INFO - DAG(s) 'monitor_PWU' retrieved from /opt/airflow/dags/monitor_PWU.py
[2025-05-17T09:00:24.640+0000] {logging_mixin.py:188} INFO - [2025-05-17T09:00:24.640+0000] {dag.py:3096} INFO - Sync 1 DAGs
[2025-05-17T09:00:24.679+0000] {logging_mixin.py:188} INFO - [2025-05-17T09:00:24.679+0000] {dag.py:3954} INFO - Setting next_dagrun for monitor_PWU to 2025-05-17 09:00:00+00:00, run_after=2025-05-17 10:00:00+00:00
[2025-05-17T09:00:24.778+0000] {processor.py:183} INFO - Processing /opt/airflow/dags/monitor_PWU.py took 0.302 seconds
[2025-05-17T09:00:55.945+0000] {processor.py:161} INFO - Started process (PID=258) to work on /opt/airflow/dags/monitor_PWU.py
[2025-05-17T09:00:55.947+0000] {processor.py:830} INFO - Processing file /opt/airflow/dags/monitor_PWU.py for tasks to queue
[2025-05-17T09:00:56.002+0000] {logging_mixin.py:188} INFO - [2025-05-17T09:00:55.976+0000] {dagbag.py:540} INFO - Filling up the DagBag from /opt/airflow/dags/monitor_PWU.py
[2025-05-17T09:00:56.367+0000] {processor.py:840} INFO - DAG(s) 'monitor_PWU' retrieved from /opt/airflow/dags/monitor_PWU.py
[2025-05-17T09:00:56.608+0000] {logging_mixin.py:188} INFO - [2025-05-17T09:00:56.606+0000] {dag.py:3096} INFO - Sync 1 DAGs
[2025-05-17T09:00:57.965+0000] {logging_mixin.py:188} INFO - [2025-05-17T09:00:57.954+0000] {dag.py:3954} INFO - Setting next_dagrun for monitor_PWU to 2025-05-17 09:00:00+00:00, run_after=2025-05-17 10:00:00+00:00
[2025-05-17T09:00:58.121+0000] {processor.py:183} INFO - Processing /opt/airflow/dags/monitor_PWU.py took 2.255 seconds
[2025-05-17T09:01:28.451+0000] {processor.py:161} INFO - Started process (PID=279) to work on /opt/airflow/dags/monitor_PWU.py
[2025-05-17T09:01:28.466+0000] {processor.py:830} INFO - Processing file /opt/airflow/dags/monitor_PWU.py for tasks to queue
[2025-05-17T09:01:28.471+0000] {logging_mixin.py:188} INFO - [2025-05-17T09:01:28.470+0000] {dagbag.py:540} INFO - Filling up the DagBag from /opt/airflow/dags/monitor_PWU.py
[2025-05-17T09:01:28.542+0000] {processor.py:840} INFO - DAG(s) 'monitor_PWU' retrieved from /opt/airflow/dags/monitor_PWU.py
[2025-05-17T09:01:28.830+0000] {logging_mixin.py:188} INFO - [2025-05-17T09:01:28.829+0000] {dag.py:3096} INFO - Sync 1 DAGs
[2025-05-17T09:01:28.957+0000] {logging_mixin.py:188} INFO - [2025-05-17T09:01:28.955+0000] {dag.py:3954} INFO - Setting next_dagrun for monitor_PWU to 2025-05-17 09:00:00+00:00, run_after=2025-05-17 10:00:00+00:00
[2025-05-17T09:01:29.050+0000] {processor.py:183} INFO - Processing /opt/airflow/dags/monitor_PWU.py took 0.642 seconds
[2025-05-17T09:01:59.981+0000] {processor.py:161} INFO - Started process (PID=300) to work on /opt/airflow/dags/monitor_PWU.py
[2025-05-17T09:01:59.987+0000] {processor.py:830} INFO - Processing file /opt/airflow/dags/monitor_PWU.py for tasks to queue
[2025-05-17T09:02:00.010+0000] {logging_mixin.py:188} INFO - [2025-05-17T09:02:00.009+0000] {dagbag.py:540} INFO - Filling up the DagBag from /opt/airflow/dags/monitor_PWU.py
[2025-05-17T09:02:00.491+0000] {processor.py:840} INFO - DAG(s) 'monitor_PWU' retrieved from /opt/airflow/dags/monitor_PWU.py
[2025-05-17T09:02:01.461+0000] {logging_mixin.py:188} INFO - [2025-05-17T09:02:01.460+0000] {dag.py:3096} INFO - Sync 1 DAGs
[2025-05-17T09:02:01.786+0000] {logging_mixin.py:188} INFO - [2025-05-17T09:02:01.786+0000] {dag.py:3954} INFO - Setting next_dagrun for monitor_PWU to 2025-05-17 09:00:00+00:00, run_after=2025-05-17 10:00:00+00:00
[2025-05-17T09:02:01.871+0000] {processor.py:183} INFO - Processing /opt/airflow/dags/monitor_PWU.py took 1.954 seconds
[2025-05-17T09:02:33.654+0000] {processor.py:161} INFO - Started process (PID=320) to work on /opt/airflow/dags/monitor_PWU.py
[2025-05-17T09:02:33.657+0000] {processor.py:830} INFO - Processing file /opt/airflow/dags/monitor_PWU.py for tasks to queue
[2025-05-17T09:02:33.845+0000] {logging_mixin.py:188} INFO - [2025-05-17T09:02:33.841+0000] {dagbag.py:540} INFO - Filling up the DagBag from /opt/airflow/dags/monitor_PWU.py
[2025-05-17T09:02:35.352+0000] {processor.py:840} INFO - DAG(s) 'monitor_PWU' retrieved from /opt/airflow/dags/monitor_PWU.py
[2025-05-17T09:02:36.153+0000] {logging_mixin.py:188} INFO - [2025-05-17T09:02:36.152+0000] {dag.py:3096} INFO - Sync 1 DAGs
[2025-05-17T09:02:36.667+0000] {logging_mixin.py:188} INFO - [2025-05-17T09:02:36.667+0000] {dag.py:3954} INFO - Setting next_dagrun for monitor_PWU to 2025-05-17 09:00:00+00:00, run_after=2025-05-17 10:00:00+00:00
[2025-05-17T09:02:36.831+0000] {processor.py:183} INFO - Processing /opt/airflow/dags/monitor_PWU.py took 3.701 seconds
[2025-05-17T09:03:07.061+0000] {processor.py:161} INFO - Started process (PID=354) to work on /opt/airflow/dags/monitor_PWU.py
[2025-05-17T09:03:07.064+0000] {processor.py:830} INFO - Processing file /opt/airflow/dags/monitor_PWU.py for tasks to queue
[2025-05-17T09:03:07.068+0000] {logging_mixin.py:188} INFO - [2025-05-17T09:03:07.067+0000] {dagbag.py:540} INFO - Filling up the DagBag from /opt/airflow/dags/monitor_PWU.py
[2025-05-17T09:03:07.112+0000] {processor.py:840} INFO - DAG(s) 'monitor_PWU' retrieved from /opt/airflow/dags/monitor_PWU.py
[2025-05-17T09:03:07.173+0000] {logging_mixin.py:188} INFO - [2025-05-17T09:03:07.173+0000] {dag.py:3096} INFO - Sync 1 DAGs
[2025-05-17T09:03:07.218+0000] {logging_mixin.py:188} INFO - [2025-05-17T09:03:07.218+0000] {dag.py:3954} INFO - Setting next_dagrun for monitor_PWU to 2025-05-17 09:00:00+00:00, run_after=2025-05-17 10:00:00+00:00
[2025-05-17T09:03:07.274+0000] {processor.py:183} INFO - Processing /opt/airflow/dags/monitor_PWU.py took 0.230 seconds
[2025-05-17T09:03:38.005+0000] {processor.py:161} INFO - Started process (PID=385) to work on /opt/airflow/dags/monitor_PWU.py
[2025-05-17T09:03:38.017+0000] {processor.py:830} INFO - Processing file /opt/airflow/dags/monitor_PWU.py for tasks to queue
[2025-05-17T09:03:38.025+0000] {logging_mixin.py:188} INFO - [2025-05-17T09:03:38.025+0000] {dagbag.py:540} INFO - Filling up the DagBag from /opt/airflow/dags/monitor_PWU.py
[2025-05-17T09:03:38.260+0000] {processor.py:840} INFO - DAG(s) 'monitor_PWU' retrieved from /opt/airflow/dags/monitor_PWU.py
[2025-05-17T09:03:38.378+0000] {logging_mixin.py:188} INFO - [2025-05-17T09:03:38.378+0000] {dag.py:3096} INFO - Sync 1 DAGs
[2025-05-17T09:03:38.515+0000] {logging_mixin.py:188} INFO - [2025-05-17T09:03:38.513+0000] {dag.py:3954} INFO - Setting next_dagrun for monitor_PWU to 2025-05-17 09:00:00+00:00, run_after=2025-05-17 10:00:00+00:00
[2025-05-17T09:03:38.770+0000] {processor.py:183} INFO - Processing /opt/airflow/dags/monitor_PWU.py took 0.788 seconds
[2025-05-17T09:04:09.211+0000] {processor.py:161} INFO - Started process (PID=405) to work on /opt/airflow/dags/monitor_PWU.py
[2025-05-17T09:04:09.214+0000] {processor.py:830} INFO - Processing file /opt/airflow/dags/monitor_PWU.py for tasks to queue
[2025-05-17T09:04:09.263+0000] {logging_mixin.py:188} INFO - [2025-05-17T09:04:09.262+0000] {dagbag.py:540} INFO - Filling up the DagBag from /opt/airflow/dags/monitor_PWU.py
[2025-05-17T09:04:09.579+0000] {processor.py:840} INFO - DAG(s) 'monitor_PWU' retrieved from /opt/airflow/dags/monitor_PWU.py
[2025-05-17T09:04:09.748+0000] {logging_mixin.py:188} INFO - [2025-05-17T09:04:09.748+0000] {dag.py:3096} INFO - Sync 1 DAGs
[2025-05-17T09:04:09.965+0000] {logging_mixin.py:188} INFO - [2025-05-17T09:04:09.964+0000] {dag.py:3954} INFO - Setting next_dagrun for monitor_PWU to 2025-05-17 09:00:00+00:00, run_after=2025-05-17 10:00:00+00:00
[2025-05-17T09:04:10.119+0000] {processor.py:183} INFO - Processing /opt/airflow/dags/monitor_PWU.py took 1.038 seconds
[2025-05-17T09:04:40.553+0000] {processor.py:161} INFO - Started process (PID=425) to work on /opt/airflow/dags/monitor_PWU.py
[2025-05-17T09:04:40.555+0000] {processor.py:830} INFO - Processing file /opt/airflow/dags/monitor_PWU.py for tasks to queue
[2025-05-17T09:04:40.559+0000] {logging_mixin.py:188} INFO - [2025-05-17T09:04:40.558+0000] {dagbag.py:540} INFO - Filling up the DagBag from /opt/airflow/dags/monitor_PWU.py
[2025-05-17T09:04:40.632+0000] {processor.py:840} INFO - DAG(s) 'monitor_PWU' retrieved from /opt/airflow/dags/monitor_PWU.py
[2025-05-17T09:04:40.682+0000] {logging_mixin.py:188} INFO - [2025-05-17T09:04:40.682+0000] {dag.py:3096} INFO - Sync 1 DAGs
[2025-05-17T09:04:40.723+0000] {logging_mixin.py:188} INFO - [2025-05-17T09:04:40.723+0000] {dag.py:3954} INFO - Setting next_dagrun for monitor_PWU to 2025-05-17 09:00:00+00:00, run_after=2025-05-17 10:00:00+00:00
[2025-05-17T09:04:40.762+0000] {processor.py:183} INFO - Processing /opt/airflow/dags/monitor_PWU.py took 0.221 seconds
[2025-05-17T09:05:11.140+0000] {processor.py:161} INFO - Started process (PID=445) to work on /opt/airflow/dags/monitor_PWU.py
[2025-05-17T09:05:11.142+0000] {processor.py:830} INFO - Processing file /opt/airflow/dags/monitor_PWU.py for tasks to queue
[2025-05-17T09:05:11.148+0000] {logging_mixin.py:188} INFO - [2025-05-17T09:05:11.147+0000] {dagbag.py:540} INFO - Filling up the DagBag from /opt/airflow/dags/monitor_PWU.py
[2025-05-17T09:05:11.210+0000] {processor.py:840} INFO - DAG(s) 'monitor_PWU' retrieved from /opt/airflow/dags/monitor_PWU.py
[2025-05-17T09:05:11.261+0000] {logging_mixin.py:188} INFO - [2025-05-17T09:05:11.261+0000] {dag.py:3096} INFO - Sync 1 DAGs
[2025-05-17T09:05:11.320+0000] {logging_mixin.py:188} INFO - [2025-05-17T09:05:11.319+0000] {dag.py:3954} INFO - Setting next_dagrun for monitor_PWU to 2025-05-17 09:00:00+00:00, run_after=2025-05-17 10:00:00+00:00
[2025-05-17T09:05:11.361+0000] {processor.py:183} INFO - Processing /opt/airflow/dags/monitor_PWU.py took 0.235 seconds
[2025-05-17T09:05:41.563+0000] {processor.py:161} INFO - Started process (PID=465) to work on /opt/airflow/dags/monitor_PWU.py
[2025-05-17T09:05:41.564+0000] {processor.py:830} INFO - Processing file /opt/airflow/dags/monitor_PWU.py for tasks to queue
[2025-05-17T09:05:41.568+0000] {logging_mixin.py:188} INFO - [2025-05-17T09:05:41.567+0000] {dagbag.py:540} INFO - Filling up the DagBag from /opt/airflow/dags/monitor_PWU.py
[2025-05-17T09:05:41.642+0000] {processor.py:840} INFO - DAG(s) 'monitor_PWU' retrieved from /opt/airflow/dags/monitor_PWU.py
[2025-05-17T09:05:41.719+0000] {logging_mixin.py:188} INFO - [2025-05-17T09:05:41.717+0000] {dag.py:3096} INFO - Sync 1 DAGs
[2025-05-17T09:05:41.816+0000] {logging_mixin.py:188} INFO - [2025-05-17T09:05:41.815+0000] {dag.py:3954} INFO - Setting next_dagrun for monitor_PWU to 2025-05-17 09:00:00+00:00, run_after=2025-05-17 10:00:00+00:00
[2025-05-17T09:05:41.875+0000] {processor.py:183} INFO - Processing /opt/airflow/dags/monitor_PWU.py took 0.322 seconds
[2025-05-17T09:06:12.122+0000] {processor.py:161} INFO - Started process (PID=487) to work on /opt/airflow/dags/monitor_PWU.py
[2025-05-17T09:06:12.125+0000] {processor.py:830} INFO - Processing file /opt/airflow/dags/monitor_PWU.py for tasks to queue
[2025-05-17T09:06:12.130+0000] {logging_mixin.py:188} INFO - [2025-05-17T09:06:12.129+0000] {dagbag.py:540} INFO - Filling up the DagBag from /opt/airflow/dags/monitor_PWU.py
[2025-05-17T09:06:12.197+0000] {processor.py:840} INFO - DAG(s) 'monitor_PWU' retrieved from /opt/airflow/dags/monitor_PWU.py
[2025-05-17T09:06:12.237+0000] {logging_mixin.py:188} INFO - [2025-05-17T09:06:12.236+0000] {dag.py:3096} INFO - Sync 1 DAGs
[2025-05-17T09:06:12.277+0000] {logging_mixin.py:188} INFO - [2025-05-17T09:06:12.277+0000] {dag.py:3954} INFO - Setting next_dagrun for monitor_PWU to 2025-05-17 09:00:00+00:00, run_after=2025-05-17 10:00:00+00:00
[2025-05-17T09:06:12.313+0000] {processor.py:183} INFO - Processing /opt/airflow/dags/monitor_PWU.py took 0.212 seconds
