[2025-05-17T08:20:27.119+0000] {processor.py:161} INFO - Started process (PID=167) to work on /opt/airflow/dags/monitor_T3.py
[2025-05-17T08:20:27.120+0000] {processor.py:830} INFO - Processing file /opt/airflow/dags/monitor_T3.py for tasks to queue
[2025-05-17T08:20:27.123+0000] {logging_mixin.py:188} INFO - [2025-05-17T08:20:27.122+0000] {dagbag.py:540} INFO - Filling up the DagBag from /opt/airflow/dags/monitor_T3.py
[2025-05-17T08:20:27.161+0000] {processor.py:840} INFO - DAG(s) 'monitor_T3' retrieved from /opt/airflow/dags/monitor_T3.py
[2025-05-17T08:20:27.360+0000] {logging_mixin.py:188} INFO - [2025-05-17T08:20:27.360+0000] {dag.py:3096} INFO - Sync 1 DAGs
[2025-05-17T08:20:27.384+0000] {logging_mixin.py:188} INFO - [2025-05-17T08:20:27.384+0000] {dag.py:3954} INFO - Setting next_dagrun for monitor_T3 to 2025-05-17 07:00:00+00:00, run_after=2025-05-17 08:00:00+00:00
[2025-05-17T08:20:27.407+0000] {processor.py:183} INFO - Processing /opt/airflow/dags/monitor_T3.py took 0.295 seconds
[2025-05-17T08:20:57.940+0000] {processor.py:161} INFO - Started process (PID=216) to work on /opt/airflow/dags/monitor_T3.py
[2025-05-17T08:20:57.942+0000] {processor.py:830} INFO - Processing file /opt/airflow/dags/monitor_T3.py for tasks to queue
[2025-05-17T08:20:57.945+0000] {logging_mixin.py:188} INFO - [2025-05-17T08:20:57.944+0000] {dagbag.py:540} INFO - Filling up the DagBag from /opt/airflow/dags/monitor_T3.py
[2025-05-17T08:20:57.982+0000] {processor.py:840} INFO - DAG(s) 'monitor_T3' retrieved from /opt/airflow/dags/monitor_T3.py
[2025-05-17T08:20:58.024+0000] {logging_mixin.py:188} INFO - [2025-05-17T08:20:58.023+0000] {dag.py:3096} INFO - Sync 1 DAGs
[2025-05-17T08:20:58.085+0000] {logging_mixin.py:188} INFO - [2025-05-17T08:20:58.084+0000] {dag.py:3954} INFO - Setting next_dagrun for monitor_T3 to 2025-05-17 08:00:00+00:00, run_after=2025-05-17 09:00:00+00:00
[2025-05-17T08:20:58.151+0000] {processor.py:183} INFO - Processing /opt/airflow/dags/monitor_T3.py took 0.229 seconds
[2025-05-17T08:21:28.719+0000] {processor.py:161} INFO - Started process (PID=236) to work on /opt/airflow/dags/monitor_T3.py
[2025-05-17T08:21:28.720+0000] {processor.py:830} INFO - Processing file /opt/airflow/dags/monitor_T3.py for tasks to queue
[2025-05-17T08:21:28.721+0000] {logging_mixin.py:188} INFO - [2025-05-17T08:21:28.721+0000] {dagbag.py:540} INFO - Filling up the DagBag from /opt/airflow/dags/monitor_T3.py
[2025-05-17T08:21:28.761+0000] {processor.py:840} INFO - DAG(s) 'monitor_T3' retrieved from /opt/airflow/dags/monitor_T3.py
[2025-05-17T08:21:28.825+0000] {logging_mixin.py:188} INFO - [2025-05-17T08:21:28.824+0000] {dag.py:3096} INFO - Sync 1 DAGs
[2025-05-17T08:21:28.890+0000] {logging_mixin.py:188} INFO - [2025-05-17T08:21:28.890+0000] {dag.py:3954} INFO - Setting next_dagrun for monitor_T3 to 2025-05-17 08:00:00+00:00, run_after=2025-05-17 09:00:00+00:00
[2025-05-17T08:21:28.938+0000] {processor.py:183} INFO - Processing /opt/airflow/dags/monitor_T3.py took 0.224 seconds
[2025-05-17T08:21:59.485+0000] {processor.py:161} INFO - Started process (PID=256) to work on /opt/airflow/dags/monitor_T3.py
[2025-05-17T08:21:59.486+0000] {processor.py:830} INFO - Processing file /opt/airflow/dags/monitor_T3.py for tasks to queue
[2025-05-17T08:21:59.488+0000] {logging_mixin.py:188} INFO - [2025-05-17T08:21:59.487+0000] {dagbag.py:540} INFO - Filling up the DagBag from /opt/airflow/dags/monitor_T3.py
[2025-05-17T08:21:59.510+0000] {processor.py:840} INFO - DAG(s) 'monitor_T3' retrieved from /opt/airflow/dags/monitor_T3.py
[2025-05-17T08:21:59.563+0000] {logging_mixin.py:188} INFO - [2025-05-17T08:21:59.562+0000] {dag.py:3096} INFO - Sync 1 DAGs
[2025-05-17T08:21:59.620+0000] {logging_mixin.py:188} INFO - [2025-05-17T08:21:59.620+0000] {dag.py:3954} INFO - Setting next_dagrun for monitor_T3 to 2025-05-17 08:00:00+00:00, run_after=2025-05-17 09:00:00+00:00
[2025-05-17T08:21:59.676+0000] {processor.py:183} INFO - Processing /opt/airflow/dags/monitor_T3.py took 0.200 seconds
[2025-05-17T08:22:30.273+0000] {processor.py:161} INFO - Started process (PID=276) to work on /opt/airflow/dags/monitor_T3.py
[2025-05-17T08:22:30.274+0000] {processor.py:830} INFO - Processing file /opt/airflow/dags/monitor_T3.py for tasks to queue
[2025-05-17T08:22:30.290+0000] {logging_mixin.py:188} INFO - [2025-05-17T08:22:30.289+0000] {dagbag.py:540} INFO - Filling up the DagBag from /opt/airflow/dags/monitor_T3.py
[2025-05-17T08:22:30.334+0000] {processor.py:840} INFO - DAG(s) 'monitor_T3' retrieved from /opt/airflow/dags/monitor_T3.py
[2025-05-17T08:22:30.384+0000] {logging_mixin.py:188} INFO - [2025-05-17T08:22:30.384+0000] {dag.py:3096} INFO - Sync 1 DAGs
[2025-05-17T08:22:30.454+0000] {logging_mixin.py:188} INFO - [2025-05-17T08:22:30.453+0000] {dag.py:3954} INFO - Setting next_dagrun for monitor_T3 to 2025-05-17 08:00:00+00:00, run_after=2025-05-17 09:00:00+00:00
[2025-05-17T08:22:30.514+0000] {processor.py:183} INFO - Processing /opt/airflow/dags/monitor_T3.py took 0.253 seconds
[2025-05-17T08:23:01.238+0000] {processor.py:161} INFO - Started process (PID=298) to work on /opt/airflow/dags/monitor_T3.py
[2025-05-17T08:23:01.239+0000] {processor.py:830} INFO - Processing file /opt/airflow/dags/monitor_T3.py for tasks to queue
[2025-05-17T08:23:01.241+0000] {logging_mixin.py:188} INFO - [2025-05-17T08:23:01.241+0000] {dagbag.py:540} INFO - Filling up the DagBag from /opt/airflow/dags/monitor_T3.py
[2025-05-17T08:23:01.265+0000] {processor.py:840} INFO - DAG(s) 'monitor_T3' retrieved from /opt/airflow/dags/monitor_T3.py
[2025-05-17T08:23:01.284+0000] {logging_mixin.py:188} INFO - [2025-05-17T08:23:01.284+0000] {dag.py:3096} INFO - Sync 1 DAGs
[2025-05-17T08:23:01.307+0000] {logging_mixin.py:188} INFO - [2025-05-17T08:23:01.306+0000] {dag.py:3954} INFO - Setting next_dagrun for monitor_T3 to 2025-05-17 08:00:00+00:00, run_after=2025-05-17 09:00:00+00:00
[2025-05-17T08:23:01.328+0000] {processor.py:183} INFO - Processing /opt/airflow/dags/monitor_T3.py took 0.098 seconds
[2025-05-17T08:23:31.906+0000] {processor.py:161} INFO - Started process (PID=318) to work on /opt/airflow/dags/monitor_T3.py
[2025-05-17T08:23:31.908+0000] {processor.py:830} INFO - Processing file /opt/airflow/dags/monitor_T3.py for tasks to queue
[2025-05-17T08:23:31.910+0000] {logging_mixin.py:188} INFO - [2025-05-17T08:23:31.910+0000] {dagbag.py:540} INFO - Filling up the DagBag from /opt/airflow/dags/monitor_T3.py
[2025-05-17T08:23:31.931+0000] {processor.py:840} INFO - DAG(s) 'monitor_T3' retrieved from /opt/airflow/dags/monitor_T3.py
[2025-05-17T08:23:31.950+0000] {logging_mixin.py:188} INFO - [2025-05-17T08:23:31.950+0000] {dag.py:3096} INFO - Sync 1 DAGs
[2025-05-17T08:23:31.973+0000] {logging_mixin.py:188} INFO - [2025-05-17T08:23:31.972+0000] {dag.py:3954} INFO - Setting next_dagrun for monitor_T3 to 2025-05-17 08:00:00+00:00, run_after=2025-05-17 09:00:00+00:00
[2025-05-17T08:23:31.993+0000] {processor.py:183} INFO - Processing /opt/airflow/dags/monitor_T3.py took 0.095 seconds
[2025-05-17T08:24:02.440+0000] {processor.py:161} INFO - Started process (PID=338) to work on /opt/airflow/dags/monitor_T3.py
[2025-05-17T08:24:02.441+0000] {processor.py:830} INFO - Processing file /opt/airflow/dags/monitor_T3.py for tasks to queue
[2025-05-17T08:24:02.443+0000] {logging_mixin.py:188} INFO - [2025-05-17T08:24:02.443+0000] {dagbag.py:540} INFO - Filling up the DagBag from /opt/airflow/dags/monitor_T3.py
[2025-05-17T08:24:02.462+0000] {processor.py:840} INFO - DAG(s) 'monitor_T3' retrieved from /opt/airflow/dags/monitor_T3.py
[2025-05-17T08:24:02.483+0000] {logging_mixin.py:188} INFO - [2025-05-17T08:24:02.483+0000] {dag.py:3096} INFO - Sync 1 DAGs
[2025-05-17T08:24:02.508+0000] {logging_mixin.py:188} INFO - [2025-05-17T08:24:02.508+0000] {dag.py:3954} INFO - Setting next_dagrun for monitor_T3 to 2025-05-17 08:00:00+00:00, run_after=2025-05-17 09:00:00+00:00
[2025-05-17T08:24:02.529+0000] {processor.py:183} INFO - Processing /opt/airflow/dags/monitor_T3.py took 0.094 seconds
[2025-05-17T08:24:32.978+0000] {processor.py:161} INFO - Started process (PID=358) to work on /opt/airflow/dags/monitor_T3.py
[2025-05-17T08:24:32.979+0000] {processor.py:830} INFO - Processing file /opt/airflow/dags/monitor_T3.py for tasks to queue
[2025-05-17T08:24:32.981+0000] {logging_mixin.py:188} INFO - [2025-05-17T08:24:32.980+0000] {dagbag.py:540} INFO - Filling up the DagBag from /opt/airflow/dags/monitor_T3.py
[2025-05-17T08:24:33.000+0000] {processor.py:840} INFO - DAG(s) 'monitor_T3' retrieved from /opt/airflow/dags/monitor_T3.py
[2025-05-17T08:24:33.021+0000] {logging_mixin.py:188} INFO - [2025-05-17T08:24:33.021+0000] {dag.py:3096} INFO - Sync 1 DAGs
[2025-05-17T08:24:33.048+0000] {logging_mixin.py:188} INFO - [2025-05-17T08:24:33.048+0000] {dag.py:3954} INFO - Setting next_dagrun for monitor_T3 to 2025-05-17 08:00:00+00:00, run_after=2025-05-17 09:00:00+00:00
[2025-05-17T08:24:33.071+0000] {processor.py:183} INFO - Processing /opt/airflow/dags/monitor_T3.py took 0.100 seconds
[2025-05-17T08:25:03.668+0000] {processor.py:161} INFO - Started process (PID=378) to work on /opt/airflow/dags/monitor_T3.py
[2025-05-17T08:25:03.669+0000] {processor.py:830} INFO - Processing file /opt/airflow/dags/monitor_T3.py for tasks to queue
[2025-05-17T08:25:03.671+0000] {logging_mixin.py:188} INFO - [2025-05-17T08:25:03.671+0000] {dagbag.py:540} INFO - Filling up the DagBag from /opt/airflow/dags/monitor_T3.py
[2025-05-17T08:25:03.689+0000] {processor.py:840} INFO - DAG(s) 'monitor_T3' retrieved from /opt/airflow/dags/monitor_T3.py
[2025-05-17T08:25:03.710+0000] {logging_mixin.py:188} INFO - [2025-05-17T08:25:03.710+0000] {dag.py:3096} INFO - Sync 1 DAGs
[2025-05-17T08:25:03.733+0000] {logging_mixin.py:188} INFO - [2025-05-17T08:25:03.733+0000] {dag.py:3954} INFO - Setting next_dagrun for monitor_T3 to 2025-05-17 08:00:00+00:00, run_after=2025-05-17 09:00:00+00:00
[2025-05-17T08:25:03.752+0000] {processor.py:183} INFO - Processing /opt/airflow/dags/monitor_T3.py took 0.090 seconds
[2025-05-17T08:25:34.355+0000] {processor.py:161} INFO - Started process (PID=398) to work on /opt/airflow/dags/monitor_T3.py
[2025-05-17T08:25:34.356+0000] {processor.py:830} INFO - Processing file /opt/airflow/dags/monitor_T3.py for tasks to queue
[2025-05-17T08:25:34.358+0000] {logging_mixin.py:188} INFO - [2025-05-17T08:25:34.357+0000] {dagbag.py:540} INFO - Filling up the DagBag from /opt/airflow/dags/monitor_T3.py
[2025-05-17T08:25:34.377+0000] {processor.py:840} INFO - DAG(s) 'monitor_T3' retrieved from /opt/airflow/dags/monitor_T3.py
[2025-05-17T08:25:34.396+0000] {logging_mixin.py:188} INFO - [2025-05-17T08:25:34.396+0000] {dag.py:3096} INFO - Sync 1 DAGs
[2025-05-17T08:25:34.420+0000] {logging_mixin.py:188} INFO - [2025-05-17T08:25:34.420+0000] {dag.py:3954} INFO - Setting next_dagrun for monitor_T3 to 2025-05-17 08:00:00+00:00, run_after=2025-05-17 09:00:00+00:00
[2025-05-17T08:25:34.441+0000] {processor.py:183} INFO - Processing /opt/airflow/dags/monitor_T3.py took 0.091 seconds
[2025-05-17T08:26:04.923+0000] {processor.py:161} INFO - Started process (PID=418) to work on /opt/airflow/dags/monitor_T3.py
[2025-05-17T08:26:04.924+0000] {processor.py:830} INFO - Processing file /opt/airflow/dags/monitor_T3.py for tasks to queue
[2025-05-17T08:26:04.926+0000] {logging_mixin.py:188} INFO - [2025-05-17T08:26:04.925+0000] {dagbag.py:540} INFO - Filling up the DagBag from /opt/airflow/dags/monitor_T3.py
[2025-05-17T08:26:04.952+0000] {processor.py:840} INFO - DAG(s) 'monitor_T3' retrieved from /opt/airflow/dags/monitor_T3.py
[2025-05-17T08:26:04.987+0000] {logging_mixin.py:188} INFO - [2025-05-17T08:26:04.986+0000] {dag.py:3096} INFO - Sync 1 DAGs
[2025-05-17T08:26:05.032+0000] {logging_mixin.py:188} INFO - [2025-05-17T08:26:05.032+0000] {dag.py:3954} INFO - Setting next_dagrun for monitor_T3 to 2025-05-17 08:00:00+00:00, run_after=2025-05-17 09:00:00+00:00
[2025-05-17T08:26:05.159+0000] {processor.py:183} INFO - Processing /opt/airflow/dags/monitor_T3.py took 0.243 seconds
[2025-05-17T08:26:35.837+0000] {processor.py:161} INFO - Started process (PID=438) to work on /opt/airflow/dags/monitor_T3.py
[2025-05-17T08:26:35.838+0000] {processor.py:830} INFO - Processing file /opt/airflow/dags/monitor_T3.py for tasks to queue
[2025-05-17T08:26:35.840+0000] {logging_mixin.py:188} INFO - [2025-05-17T08:26:35.839+0000] {dagbag.py:540} INFO - Filling up the DagBag from /opt/airflow/dags/monitor_T3.py
[2025-05-17T08:26:35.865+0000] {processor.py:840} INFO - DAG(s) 'monitor_T3' retrieved from /opt/airflow/dags/monitor_T3.py
[2025-05-17T08:26:35.906+0000] {logging_mixin.py:188} INFO - [2025-05-17T08:26:35.906+0000] {dag.py:3096} INFO - Sync 1 DAGs
[2025-05-17T08:26:35.943+0000] {logging_mixin.py:188} INFO - [2025-05-17T08:26:35.943+0000] {dag.py:3954} INFO - Setting next_dagrun for monitor_T3 to 2025-05-17 08:00:00+00:00, run_after=2025-05-17 09:00:00+00:00
[2025-05-17T08:26:35.979+0000] {processor.py:183} INFO - Processing /opt/airflow/dags/monitor_T3.py took 0.152 seconds
[2025-05-17T08:27:06.423+0000] {processor.py:161} INFO - Started process (PID=458) to work on /opt/airflow/dags/monitor_T3.py
[2025-05-17T08:27:06.423+0000] {processor.py:830} INFO - Processing file /opt/airflow/dags/monitor_T3.py for tasks to queue
[2025-05-17T08:27:06.425+0000] {logging_mixin.py:188} INFO - [2025-05-17T08:27:06.425+0000] {dagbag.py:540} INFO - Filling up the DagBag from /opt/airflow/dags/monitor_T3.py
[2025-05-17T08:27:06.443+0000] {processor.py:840} INFO - DAG(s) 'monitor_T3' retrieved from /opt/airflow/dags/monitor_T3.py
[2025-05-17T08:27:06.463+0000] {logging_mixin.py:188} INFO - [2025-05-17T08:27:06.462+0000] {dag.py:3096} INFO - Sync 1 DAGs
[2025-05-17T08:27:06.485+0000] {logging_mixin.py:188} INFO - [2025-05-17T08:27:06.485+0000] {dag.py:3954} INFO - Setting next_dagrun for monitor_T3 to 2025-05-17 08:00:00+00:00, run_after=2025-05-17 09:00:00+00:00
[2025-05-17T08:27:06.509+0000] {processor.py:183} INFO - Processing /opt/airflow/dags/monitor_T3.py took 0.092 seconds
[2025-05-17T08:27:36.985+0000] {processor.py:161} INFO - Started process (PID=478) to work on /opt/airflow/dags/monitor_T3.py
[2025-05-17T08:27:36.986+0000] {processor.py:830} INFO - Processing file /opt/airflow/dags/monitor_T3.py for tasks to queue
[2025-05-17T08:27:36.988+0000] {logging_mixin.py:188} INFO - [2025-05-17T08:27:36.988+0000] {dagbag.py:540} INFO - Filling up the DagBag from /opt/airflow/dags/monitor_T3.py
[2025-05-17T08:27:37.013+0000] {processor.py:840} INFO - DAG(s) 'monitor_T3' retrieved from /opt/airflow/dags/monitor_T3.py
[2025-05-17T08:27:37.034+0000] {logging_mixin.py:188} INFO - [2025-05-17T08:27:37.034+0000] {dag.py:3096} INFO - Sync 1 DAGs
[2025-05-17T08:27:37.059+0000] {logging_mixin.py:188} INFO - [2025-05-17T08:27:37.059+0000] {dag.py:3954} INFO - Setting next_dagrun for monitor_T3 to 2025-05-17 08:00:00+00:00, run_after=2025-05-17 09:00:00+00:00
[2025-05-17T08:27:37.080+0000] {processor.py:183} INFO - Processing /opt/airflow/dags/monitor_T3.py took 0.105 seconds
[2025-05-17T08:28:07.593+0000] {processor.py:161} INFO - Started process (PID=498) to work on /opt/airflow/dags/monitor_T3.py
[2025-05-17T08:28:07.594+0000] {processor.py:830} INFO - Processing file /opt/airflow/dags/monitor_T3.py for tasks to queue
[2025-05-17T08:28:07.596+0000] {logging_mixin.py:188} INFO - [2025-05-17T08:28:07.596+0000] {dagbag.py:540} INFO - Filling up the DagBag from /opt/airflow/dags/monitor_T3.py
[2025-05-17T08:28:07.620+0000] {processor.py:840} INFO - DAG(s) 'monitor_T3' retrieved from /opt/airflow/dags/monitor_T3.py
[2025-05-17T08:28:07.641+0000] {logging_mixin.py:188} INFO - [2025-05-17T08:28:07.641+0000] {dag.py:3096} INFO - Sync 1 DAGs
[2025-05-17T08:28:07.670+0000] {logging_mixin.py:188} INFO - [2025-05-17T08:28:07.670+0000] {dag.py:3954} INFO - Setting next_dagrun for monitor_T3 to 2025-05-17 08:00:00+00:00, run_after=2025-05-17 09:00:00+00:00
[2025-05-17T08:28:07.697+0000] {processor.py:183} INFO - Processing /opt/airflow/dags/monitor_T3.py took 0.110 seconds
[2025-05-17T08:28:38.195+0000] {processor.py:161} INFO - Started process (PID=518) to work on /opt/airflow/dags/monitor_T3.py
[2025-05-17T08:28:38.196+0000] {processor.py:830} INFO - Processing file /opt/airflow/dags/monitor_T3.py for tasks to queue
[2025-05-17T08:28:38.197+0000] {logging_mixin.py:188} INFO - [2025-05-17T08:28:38.197+0000] {dagbag.py:540} INFO - Filling up the DagBag from /opt/airflow/dags/monitor_T3.py
[2025-05-17T08:28:38.216+0000] {processor.py:840} INFO - DAG(s) 'monitor_T3' retrieved from /opt/airflow/dags/monitor_T3.py
[2025-05-17T08:28:38.238+0000] {logging_mixin.py:188} INFO - [2025-05-17T08:28:38.238+0000] {dag.py:3096} INFO - Sync 1 DAGs
[2025-05-17T08:28:38.261+0000] {logging_mixin.py:188} INFO - [2025-05-17T08:28:38.261+0000] {dag.py:3954} INFO - Setting next_dagrun for monitor_T3 to 2025-05-17 08:00:00+00:00, run_after=2025-05-17 09:00:00+00:00
[2025-05-17T08:28:38.285+0000] {processor.py:183} INFO - Processing /opt/airflow/dags/monitor_T3.py took 0.095 seconds
[2025-05-17T08:29:08.762+0000] {processor.py:161} INFO - Started process (PID=538) to work on /opt/airflow/dags/monitor_T3.py
[2025-05-17T08:29:08.762+0000] {processor.py:830} INFO - Processing file /opt/airflow/dags/monitor_T3.py for tasks to queue
[2025-05-17T08:29:08.764+0000] {logging_mixin.py:188} INFO - [2025-05-17T08:29:08.764+0000] {dagbag.py:540} INFO - Filling up the DagBag from /opt/airflow/dags/monitor_T3.py
[2025-05-17T08:29:08.783+0000] {processor.py:840} INFO - DAG(s) 'monitor_T3' retrieved from /opt/airflow/dags/monitor_T3.py
[2025-05-17T08:29:08.802+0000] {logging_mixin.py:188} INFO - [2025-05-17T08:29:08.802+0000] {dag.py:3096} INFO - Sync 1 DAGs
[2025-05-17T08:29:08.824+0000] {logging_mixin.py:188} INFO - [2025-05-17T08:29:08.824+0000] {dag.py:3954} INFO - Setting next_dagrun for monitor_T3 to 2025-05-17 08:00:00+00:00, run_after=2025-05-17 09:00:00+00:00
[2025-05-17T08:29:08.849+0000] {processor.py:183} INFO - Processing /opt/airflow/dags/monitor_T3.py took 0.094 seconds
[2025-05-17T08:29:39.283+0000] {processor.py:161} INFO - Started process (PID=558) to work on /opt/airflow/dags/monitor_T3.py
[2025-05-17T08:29:39.284+0000] {processor.py:830} INFO - Processing file /opt/airflow/dags/monitor_T3.py for tasks to queue
[2025-05-17T08:29:39.285+0000] {logging_mixin.py:188} INFO - [2025-05-17T08:29:39.285+0000] {dagbag.py:540} INFO - Filling up the DagBag from /opt/airflow/dags/monitor_T3.py
[2025-05-17T08:29:39.304+0000] {processor.py:840} INFO - DAG(s) 'monitor_T3' retrieved from /opt/airflow/dags/monitor_T3.py
[2025-05-17T08:29:39.323+0000] {logging_mixin.py:188} INFO - [2025-05-17T08:29:39.323+0000] {dag.py:3096} INFO - Sync 1 DAGs
[2025-05-17T08:29:39.349+0000] {logging_mixin.py:188} INFO - [2025-05-17T08:29:39.349+0000] {dag.py:3954} INFO - Setting next_dagrun for monitor_T3 to 2025-05-17 08:00:00+00:00, run_after=2025-05-17 09:00:00+00:00
[2025-05-17T08:29:39.372+0000] {processor.py:183} INFO - Processing /opt/airflow/dags/monitor_T3.py took 0.094 seconds
[2025-05-17T08:30:09.831+0000] {processor.py:161} INFO - Started process (PID=578) to work on /opt/airflow/dags/monitor_T3.py
[2025-05-17T08:30:09.832+0000] {processor.py:830} INFO - Processing file /opt/airflow/dags/monitor_T3.py for tasks to queue
[2025-05-17T08:30:09.834+0000] {logging_mixin.py:188} INFO - [2025-05-17T08:30:09.833+0000] {dagbag.py:540} INFO - Filling up the DagBag from /opt/airflow/dags/monitor_T3.py
[2025-05-17T08:30:09.853+0000] {processor.py:840} INFO - DAG(s) 'monitor_T3' retrieved from /opt/airflow/dags/monitor_T3.py
[2025-05-17T08:30:09.873+0000] {logging_mixin.py:188} INFO - [2025-05-17T08:30:09.873+0000] {dag.py:3096} INFO - Sync 1 DAGs
[2025-05-17T08:30:09.897+0000] {logging_mixin.py:188} INFO - [2025-05-17T08:30:09.897+0000] {dag.py:3954} INFO - Setting next_dagrun for monitor_T3 to 2025-05-17 08:00:00+00:00, run_after=2025-05-17 09:00:00+00:00
[2025-05-17T08:30:09.919+0000] {processor.py:183} INFO - Processing /opt/airflow/dags/monitor_T3.py took 0.093 seconds
[2025-05-17T08:30:40.507+0000] {processor.py:161} INFO - Started process (PID=598) to work on /opt/airflow/dags/monitor_T3.py
[2025-05-17T08:30:40.508+0000] {processor.py:830} INFO - Processing file /opt/airflow/dags/monitor_T3.py for tasks to queue
[2025-05-17T08:30:40.510+0000] {logging_mixin.py:188} INFO - [2025-05-17T08:30:40.510+0000] {dagbag.py:540} INFO - Filling up the DagBag from /opt/airflow/dags/monitor_T3.py
[2025-05-17T08:30:40.530+0000] {processor.py:840} INFO - DAG(s) 'monitor_T3' retrieved from /opt/airflow/dags/monitor_T3.py
[2025-05-17T08:30:40.551+0000] {logging_mixin.py:188} INFO - [2025-05-17T08:30:40.551+0000] {dag.py:3096} INFO - Sync 1 DAGs
[2025-05-17T08:30:40.574+0000] {logging_mixin.py:188} INFO - [2025-05-17T08:30:40.574+0000] {dag.py:3954} INFO - Setting next_dagrun for monitor_T3 to 2025-05-17 08:00:00+00:00, run_after=2025-05-17 09:00:00+00:00
[2025-05-17T08:30:40.598+0000] {processor.py:183} INFO - Processing /opt/airflow/dags/monitor_T3.py took 0.096 seconds
[2025-05-17T08:31:10.995+0000] {processor.py:161} INFO - Started process (PID=618) to work on /opt/airflow/dags/monitor_T3.py
[2025-05-17T08:31:10.996+0000] {processor.py:830} INFO - Processing file /opt/airflow/dags/monitor_T3.py for tasks to queue
[2025-05-17T08:31:10.997+0000] {logging_mixin.py:188} INFO - [2025-05-17T08:31:10.997+0000] {dagbag.py:540} INFO - Filling up the DagBag from /opt/airflow/dags/monitor_T3.py
[2025-05-17T08:31:11.017+0000] {processor.py:840} INFO - DAG(s) 'monitor_T3' retrieved from /opt/airflow/dags/monitor_T3.py
[2025-05-17T08:31:11.036+0000] {logging_mixin.py:188} INFO - [2025-05-17T08:31:11.036+0000] {dag.py:3096} INFO - Sync 1 DAGs
[2025-05-17T08:31:11.058+0000] {logging_mixin.py:188} INFO - [2025-05-17T08:31:11.058+0000] {dag.py:3954} INFO - Setting next_dagrun for monitor_T3 to 2025-05-17 08:00:00+00:00, run_after=2025-05-17 09:00:00+00:00
[2025-05-17T08:31:11.080+0000] {processor.py:183} INFO - Processing /opt/airflow/dags/monitor_T3.py took 0.091 seconds
[2025-05-17T08:31:41.602+0000] {processor.py:161} INFO - Started process (PID=638) to work on /opt/airflow/dags/monitor_T3.py
[2025-05-17T08:31:41.602+0000] {processor.py:830} INFO - Processing file /opt/airflow/dags/monitor_T3.py for tasks to queue
[2025-05-17T08:31:41.604+0000] {logging_mixin.py:188} INFO - [2025-05-17T08:31:41.604+0000] {dagbag.py:540} INFO - Filling up the DagBag from /opt/airflow/dags/monitor_T3.py
[2025-05-17T08:31:41.630+0000] {processor.py:840} INFO - DAG(s) 'monitor_T3' retrieved from /opt/airflow/dags/monitor_T3.py
[2025-05-17T08:31:41.652+0000] {logging_mixin.py:188} INFO - [2025-05-17T08:31:41.651+0000] {dag.py:3096} INFO - Sync 1 DAGs
[2025-05-17T08:31:41.681+0000] {logging_mixin.py:188} INFO - [2025-05-17T08:31:41.681+0000] {dag.py:3954} INFO - Setting next_dagrun for monitor_T3 to 2025-05-17 08:00:00+00:00, run_after=2025-05-17 09:00:00+00:00
[2025-05-17T08:31:41.702+0000] {processor.py:183} INFO - Processing /opt/airflow/dags/monitor_T3.py took 0.106 seconds
[2025-05-17T08:32:12.073+0000] {processor.py:161} INFO - Started process (PID=658) to work on /opt/airflow/dags/monitor_T3.py
[2025-05-17T08:32:12.073+0000] {processor.py:830} INFO - Processing file /opt/airflow/dags/monitor_T3.py for tasks to queue
[2025-05-17T08:32:12.076+0000] {logging_mixin.py:188} INFO - [2025-05-17T08:32:12.075+0000] {dagbag.py:540} INFO - Filling up the DagBag from /opt/airflow/dags/monitor_T3.py
[2025-05-17T08:32:12.096+0000] {processor.py:840} INFO - DAG(s) 'monitor_T3' retrieved from /opt/airflow/dags/monitor_T3.py
[2025-05-17T08:32:12.116+0000] {logging_mixin.py:188} INFO - [2025-05-17T08:32:12.116+0000] {dag.py:3096} INFO - Sync 1 DAGs
[2025-05-17T08:32:12.143+0000] {logging_mixin.py:188} INFO - [2025-05-17T08:32:12.143+0000] {dag.py:3954} INFO - Setting next_dagrun for monitor_T3 to 2025-05-17 08:00:00+00:00, run_after=2025-05-17 09:00:00+00:00
[2025-05-17T08:32:12.165+0000] {processor.py:183} INFO - Processing /opt/airflow/dags/monitor_T3.py took 0.100 seconds
[2025-05-17T08:32:42.671+0000] {processor.py:161} INFO - Started process (PID=678) to work on /opt/airflow/dags/monitor_T3.py
[2025-05-17T08:32:42.672+0000] {processor.py:830} INFO - Processing file /opt/airflow/dags/monitor_T3.py for tasks to queue
[2025-05-17T08:32:42.675+0000] {logging_mixin.py:188} INFO - [2025-05-17T08:32:42.674+0000] {dagbag.py:540} INFO - Filling up the DagBag from /opt/airflow/dags/monitor_T3.py
[2025-05-17T08:32:42.705+0000] {processor.py:840} INFO - DAG(s) 'monitor_T3' retrieved from /opt/airflow/dags/monitor_T3.py
[2025-05-17T08:32:42.767+0000] {logging_mixin.py:188} INFO - [2025-05-17T08:32:42.767+0000] {dag.py:3096} INFO - Sync 1 DAGs
[2025-05-17T08:32:42.797+0000] {logging_mixin.py:188} INFO - [2025-05-17T08:32:42.796+0000] {dag.py:3954} INFO - Setting next_dagrun for monitor_T3 to 2025-05-17 08:00:00+00:00, run_after=2025-05-17 09:00:00+00:00
[2025-05-17T08:32:42.819+0000] {processor.py:183} INFO - Processing /opt/airflow/dags/monitor_T3.py took 0.154 seconds
[2025-05-17T08:33:13.299+0000] {processor.py:161} INFO - Started process (PID=698) to work on /opt/airflow/dags/monitor_T3.py
[2025-05-17T08:33:13.300+0000] {processor.py:830} INFO - Processing file /opt/airflow/dags/monitor_T3.py for tasks to queue
[2025-05-17T08:33:13.302+0000] {logging_mixin.py:188} INFO - [2025-05-17T08:33:13.302+0000] {dagbag.py:540} INFO - Filling up the DagBag from /opt/airflow/dags/monitor_T3.py
[2025-05-17T08:33:13.323+0000] {processor.py:840} INFO - DAG(s) 'monitor_T3' retrieved from /opt/airflow/dags/monitor_T3.py
[2025-05-17T08:33:13.347+0000] {logging_mixin.py:188} INFO - [2025-05-17T08:33:13.347+0000] {dag.py:3096} INFO - Sync 1 DAGs
[2025-05-17T08:33:13.383+0000] {logging_mixin.py:188} INFO - [2025-05-17T08:33:13.383+0000] {dag.py:3954} INFO - Setting next_dagrun for monitor_T3 to 2025-05-17 08:00:00+00:00, run_after=2025-05-17 09:00:00+00:00
[2025-05-17T08:33:13.409+0000] {processor.py:183} INFO - Processing /opt/airflow/dags/monitor_T3.py took 0.116 seconds
[2025-05-17T08:33:43.886+0000] {processor.py:161} INFO - Started process (PID=718) to work on /opt/airflow/dags/monitor_T3.py
[2025-05-17T08:33:43.886+0000] {processor.py:830} INFO - Processing file /opt/airflow/dags/monitor_T3.py for tasks to queue
[2025-05-17T08:33:43.888+0000] {logging_mixin.py:188} INFO - [2025-05-17T08:33:43.888+0000] {dagbag.py:540} INFO - Filling up the DagBag from /opt/airflow/dags/monitor_T3.py
[2025-05-17T08:33:43.907+0000] {processor.py:840} INFO - DAG(s) 'monitor_T3' retrieved from /opt/airflow/dags/monitor_T3.py
[2025-05-17T08:33:43.927+0000] {logging_mixin.py:188} INFO - [2025-05-17T08:33:43.927+0000] {dag.py:3096} INFO - Sync 1 DAGs
[2025-05-17T08:33:43.951+0000] {logging_mixin.py:188} INFO - [2025-05-17T08:33:43.951+0000] {dag.py:3954} INFO - Setting next_dagrun for monitor_T3 to 2025-05-17 08:00:00+00:00, run_after=2025-05-17 09:00:00+00:00
[2025-05-17T08:33:43.972+0000] {processor.py:183} INFO - Processing /opt/airflow/dags/monitor_T3.py took 0.093 seconds
[2025-05-17T08:34:14.462+0000] {processor.py:161} INFO - Started process (PID=738) to work on /opt/airflow/dags/monitor_T3.py
[2025-05-17T08:34:14.462+0000] {processor.py:830} INFO - Processing file /opt/airflow/dags/monitor_T3.py for tasks to queue
[2025-05-17T08:34:14.465+0000] {logging_mixin.py:188} INFO - [2025-05-17T08:34:14.464+0000] {dagbag.py:540} INFO - Filling up the DagBag from /opt/airflow/dags/monitor_T3.py
[2025-05-17T08:34:14.486+0000] {processor.py:840} INFO - DAG(s) 'monitor_T3' retrieved from /opt/airflow/dags/monitor_T3.py
[2025-05-17T08:34:14.508+0000] {logging_mixin.py:188} INFO - [2025-05-17T08:34:14.508+0000] {dag.py:3096} INFO - Sync 1 DAGs
[2025-05-17T08:34:14.530+0000] {logging_mixin.py:188} INFO - [2025-05-17T08:34:14.530+0000] {dag.py:3954} INFO - Setting next_dagrun for monitor_T3 to 2025-05-17 08:00:00+00:00, run_after=2025-05-17 09:00:00+00:00
[2025-05-17T08:34:14.555+0000] {processor.py:183} INFO - Processing /opt/airflow/dags/monitor_T3.py took 0.099 seconds
[2025-05-17T08:34:45.151+0000] {processor.py:161} INFO - Started process (PID=758) to work on /opt/airflow/dags/monitor_T3.py
[2025-05-17T08:34:45.151+0000] {processor.py:830} INFO - Processing file /opt/airflow/dags/monitor_T3.py for tasks to queue
[2025-05-17T08:34:45.153+0000] {logging_mixin.py:188} INFO - [2025-05-17T08:34:45.153+0000] {dagbag.py:540} INFO - Filling up the DagBag from /opt/airflow/dags/monitor_T3.py
[2025-05-17T08:34:45.176+0000] {processor.py:840} INFO - DAG(s) 'monitor_T3' retrieved from /opt/airflow/dags/monitor_T3.py
[2025-05-17T08:34:45.197+0000] {logging_mixin.py:188} INFO - [2025-05-17T08:34:45.197+0000] {dag.py:3096} INFO - Sync 1 DAGs
[2025-05-17T08:34:45.219+0000] {logging_mixin.py:188} INFO - [2025-05-17T08:34:45.219+0000] {dag.py:3954} INFO - Setting next_dagrun for monitor_T3 to 2025-05-17 08:00:00+00:00, run_after=2025-05-17 09:00:00+00:00
[2025-05-17T08:34:45.241+0000] {processor.py:183} INFO - Processing /opt/airflow/dags/monitor_T3.py took 0.098 seconds
[2025-05-17T08:35:15.731+0000] {processor.py:161} INFO - Started process (PID=778) to work on /opt/airflow/dags/monitor_T3.py
[2025-05-17T08:35:15.732+0000] {processor.py:830} INFO - Processing file /opt/airflow/dags/monitor_T3.py for tasks to queue
[2025-05-17T08:35:15.734+0000] {logging_mixin.py:188} INFO - [2025-05-17T08:35:15.733+0000] {dagbag.py:540} INFO - Filling up the DagBag from /opt/airflow/dags/monitor_T3.py
[2025-05-17T08:35:15.757+0000] {processor.py:840} INFO - DAG(s) 'monitor_T3' retrieved from /opt/airflow/dags/monitor_T3.py
[2025-05-17T08:35:15.781+0000] {logging_mixin.py:188} INFO - [2025-05-17T08:35:15.781+0000] {dag.py:3096} INFO - Sync 1 DAGs
[2025-05-17T08:35:15.806+0000] {logging_mixin.py:188} INFO - [2025-05-17T08:35:15.806+0000] {dag.py:3954} INFO - Setting next_dagrun for monitor_T3 to 2025-05-17 08:00:00+00:00, run_after=2025-05-17 09:00:00+00:00
[2025-05-17T08:35:15.831+0000] {processor.py:183} INFO - Processing /opt/airflow/dags/monitor_T3.py took 0.106 seconds
[2025-05-17T08:35:46.579+0000] {processor.py:161} INFO - Started process (PID=798) to work on /opt/airflow/dags/monitor_T3.py
[2025-05-17T08:35:46.580+0000] {processor.py:830} INFO - Processing file /opt/airflow/dags/monitor_T3.py for tasks to queue
[2025-05-17T08:35:46.583+0000] {logging_mixin.py:188} INFO - [2025-05-17T08:35:46.582+0000] {dagbag.py:540} INFO - Filling up the DagBag from /opt/airflow/dags/monitor_T3.py
[2025-05-17T08:35:46.602+0000] {processor.py:840} INFO - DAG(s) 'monitor_T3' retrieved from /opt/airflow/dags/monitor_T3.py
[2025-05-17T08:35:46.621+0000] {logging_mixin.py:188} INFO - [2025-05-17T08:35:46.621+0000] {dag.py:3096} INFO - Sync 1 DAGs
[2025-05-17T08:35:46.644+0000] {logging_mixin.py:188} INFO - [2025-05-17T08:35:46.644+0000] {dag.py:3954} INFO - Setting next_dagrun for monitor_T3 to 2025-05-17 08:00:00+00:00, run_after=2025-05-17 09:00:00+00:00
[2025-05-17T08:35:46.668+0000] {processor.py:183} INFO - Processing /opt/airflow/dags/monitor_T3.py took 0.095 seconds
[2025-05-17T08:36:17.237+0000] {processor.py:161} INFO - Started process (PID=818) to work on /opt/airflow/dags/monitor_T3.py
[2025-05-17T08:36:17.238+0000] {processor.py:830} INFO - Processing file /opt/airflow/dags/monitor_T3.py for tasks to queue
[2025-05-17T08:36:17.240+0000] {logging_mixin.py:188} INFO - [2025-05-17T08:36:17.240+0000] {dagbag.py:540} INFO - Filling up the DagBag from /opt/airflow/dags/monitor_T3.py
[2025-05-17T08:36:17.261+0000] {processor.py:840} INFO - DAG(s) 'monitor_T3' retrieved from /opt/airflow/dags/monitor_T3.py
[2025-05-17T08:36:17.284+0000] {logging_mixin.py:188} INFO - [2025-05-17T08:36:17.283+0000] {dag.py:3096} INFO - Sync 1 DAGs
[2025-05-17T08:36:17.308+0000] {logging_mixin.py:188} INFO - [2025-05-17T08:36:17.308+0000] {dag.py:3954} INFO - Setting next_dagrun for monitor_T3 to 2025-05-17 08:00:00+00:00, run_after=2025-05-17 09:00:00+00:00
[2025-05-17T08:36:17.328+0000] {processor.py:183} INFO - Processing /opt/airflow/dags/monitor_T3.py took 0.099 seconds
[2025-05-17T08:36:47.846+0000] {processor.py:161} INFO - Started process (PID=838) to work on /opt/airflow/dags/monitor_T3.py
[2025-05-17T08:36:47.847+0000] {processor.py:830} INFO - Processing file /opt/airflow/dags/monitor_T3.py for tasks to queue
[2025-05-17T08:36:47.849+0000] {logging_mixin.py:188} INFO - [2025-05-17T08:36:47.849+0000] {dagbag.py:540} INFO - Filling up the DagBag from /opt/airflow/dags/monitor_T3.py
[2025-05-17T08:36:47.870+0000] {processor.py:840} INFO - DAG(s) 'monitor_T3' retrieved from /opt/airflow/dags/monitor_T3.py
[2025-05-17T08:36:47.889+0000] {logging_mixin.py:188} INFO - [2025-05-17T08:36:47.889+0000] {dag.py:3096} INFO - Sync 1 DAGs
[2025-05-17T08:36:47.912+0000] {logging_mixin.py:188} INFO - [2025-05-17T08:36:47.911+0000] {dag.py:3954} INFO - Setting next_dagrun for monitor_T3 to 2025-05-17 08:00:00+00:00, run_after=2025-05-17 09:00:00+00:00
[2025-05-17T08:36:47.933+0000] {processor.py:183} INFO - Processing /opt/airflow/dags/monitor_T3.py took 0.093 seconds
[2025-05-17T08:37:18.447+0000] {processor.py:161} INFO - Started process (PID=858) to work on /opt/airflow/dags/monitor_T3.py
[2025-05-17T08:37:18.448+0000] {processor.py:830} INFO - Processing file /opt/airflow/dags/monitor_T3.py for tasks to queue
[2025-05-17T08:37:18.450+0000] {logging_mixin.py:188} INFO - [2025-05-17T08:37:18.450+0000] {dagbag.py:540} INFO - Filling up the DagBag from /opt/airflow/dags/monitor_T3.py
[2025-05-17T08:37:18.472+0000] {processor.py:840} INFO - DAG(s) 'monitor_T3' retrieved from /opt/airflow/dags/monitor_T3.py
[2025-05-17T08:37:18.493+0000] {logging_mixin.py:188} INFO - [2025-05-17T08:37:18.493+0000] {dag.py:3096} INFO - Sync 1 DAGs
[2025-05-17T08:37:18.533+0000] {logging_mixin.py:188} INFO - [2025-05-17T08:37:18.533+0000] {dag.py:3954} INFO - Setting next_dagrun for monitor_T3 to 2025-05-17 08:00:00+00:00, run_after=2025-05-17 09:00:00+00:00
[2025-05-17T08:37:18.556+0000] {processor.py:183} INFO - Processing /opt/airflow/dags/monitor_T3.py took 0.118 seconds
[2025-05-17T08:37:49.154+0000] {processor.py:161} INFO - Started process (PID=878) to work on /opt/airflow/dags/monitor_T3.py
[2025-05-17T08:37:49.155+0000] {processor.py:830} INFO - Processing file /opt/airflow/dags/monitor_T3.py for tasks to queue
[2025-05-17T08:37:49.157+0000] {logging_mixin.py:188} INFO - [2025-05-17T08:37:49.156+0000] {dagbag.py:540} INFO - Filling up the DagBag from /opt/airflow/dags/monitor_T3.py
[2025-05-17T08:37:49.178+0000] {processor.py:840} INFO - DAG(s) 'monitor_T3' retrieved from /opt/airflow/dags/monitor_T3.py
[2025-05-17T08:37:49.199+0000] {logging_mixin.py:188} INFO - [2025-05-17T08:37:49.198+0000] {dag.py:3096} INFO - Sync 1 DAGs
[2025-05-17T08:37:49.221+0000] {logging_mixin.py:188} INFO - [2025-05-17T08:37:49.221+0000] {dag.py:3954} INFO - Setting next_dagrun for monitor_T3 to 2025-05-17 08:00:00+00:00, run_after=2025-05-17 09:00:00+00:00
[2025-05-17T08:37:49.242+0000] {processor.py:183} INFO - Processing /opt/airflow/dags/monitor_T3.py took 0.097 seconds
[2025-05-17T08:38:19.748+0000] {processor.py:161} INFO - Started process (PID=898) to work on /opt/airflow/dags/monitor_T3.py
[2025-05-17T08:38:19.749+0000] {processor.py:830} INFO - Processing file /opt/airflow/dags/monitor_T3.py for tasks to queue
[2025-05-17T08:38:19.750+0000] {logging_mixin.py:188} INFO - [2025-05-17T08:38:19.750+0000] {dagbag.py:540} INFO - Filling up the DagBag from /opt/airflow/dags/monitor_T3.py
[2025-05-17T08:38:19.770+0000] {processor.py:840} INFO - DAG(s) 'monitor_T3' retrieved from /opt/airflow/dags/monitor_T3.py
[2025-05-17T08:38:19.790+0000] {logging_mixin.py:188} INFO - [2025-05-17T08:38:19.790+0000] {dag.py:3096} INFO - Sync 1 DAGs
[2025-05-17T08:38:19.814+0000] {logging_mixin.py:188} INFO - [2025-05-17T08:38:19.813+0000] {dag.py:3954} INFO - Setting next_dagrun for monitor_T3 to 2025-05-17 08:00:00+00:00, run_after=2025-05-17 09:00:00+00:00
[2025-05-17T08:38:19.837+0000] {processor.py:183} INFO - Processing /opt/airflow/dags/monitor_T3.py took 0.094 seconds
[2025-05-17T08:38:50.349+0000] {processor.py:161} INFO - Started process (PID=918) to work on /opt/airflow/dags/monitor_T3.py
[2025-05-17T08:38:50.350+0000] {processor.py:830} INFO - Processing file /opt/airflow/dags/monitor_T3.py for tasks to queue
[2025-05-17T08:38:50.352+0000] {logging_mixin.py:188} INFO - [2025-05-17T08:38:50.351+0000] {dagbag.py:540} INFO - Filling up the DagBag from /opt/airflow/dags/monitor_T3.py
[2025-05-17T08:38:50.370+0000] {processor.py:840} INFO - DAG(s) 'monitor_T3' retrieved from /opt/airflow/dags/monitor_T3.py
[2025-05-17T08:38:50.390+0000] {logging_mixin.py:188} INFO - [2025-05-17T08:38:50.390+0000] {dag.py:3096} INFO - Sync 1 DAGs
[2025-05-17T08:38:50.413+0000] {logging_mixin.py:188} INFO - [2025-05-17T08:38:50.413+0000] {dag.py:3954} INFO - Setting next_dagrun for monitor_T3 to 2025-05-17 08:00:00+00:00, run_after=2025-05-17 09:00:00+00:00
[2025-05-17T08:38:50.441+0000] {processor.py:183} INFO - Processing /opt/airflow/dags/monitor_T3.py took 0.097 seconds
[2025-05-17T08:39:20.933+0000] {processor.py:161} INFO - Started process (PID=938) to work on /opt/airflow/dags/monitor_T3.py
[2025-05-17T08:39:20.934+0000] {processor.py:830} INFO - Processing file /opt/airflow/dags/monitor_T3.py for tasks to queue
[2025-05-17T08:39:20.936+0000] {logging_mixin.py:188} INFO - [2025-05-17T08:39:20.935+0000] {dagbag.py:540} INFO - Filling up the DagBag from /opt/airflow/dags/monitor_T3.py
[2025-05-17T08:39:20.958+0000] {processor.py:840} INFO - DAG(s) 'monitor_T3' retrieved from /opt/airflow/dags/monitor_T3.py
[2025-05-17T08:39:20.979+0000] {logging_mixin.py:188} INFO - [2025-05-17T08:39:20.979+0000] {dag.py:3096} INFO - Sync 1 DAGs
[2025-05-17T08:39:21.001+0000] {logging_mixin.py:188} INFO - [2025-05-17T08:39:21.001+0000] {dag.py:3954} INFO - Setting next_dagrun for monitor_T3 to 2025-05-17 08:00:00+00:00, run_after=2025-05-17 09:00:00+00:00
[2025-05-17T08:39:21.022+0000] {processor.py:183} INFO - Processing /opt/airflow/dags/monitor_T3.py took 0.095 seconds
[2025-05-17T08:39:51.482+0000] {processor.py:161} INFO - Started process (PID=958) to work on /opt/airflow/dags/monitor_T3.py
[2025-05-17T08:39:51.483+0000] {processor.py:830} INFO - Processing file /opt/airflow/dags/monitor_T3.py for tasks to queue
[2025-05-17T08:39:51.487+0000] {logging_mixin.py:188} INFO - [2025-05-17T08:39:51.486+0000] {dagbag.py:540} INFO - Filling up the DagBag from /opt/airflow/dags/monitor_T3.py
[2025-05-17T08:39:51.518+0000] {processor.py:840} INFO - DAG(s) 'monitor_T3' retrieved from /opt/airflow/dags/monitor_T3.py
[2025-05-17T08:39:51.544+0000] {logging_mixin.py:188} INFO - [2025-05-17T08:39:51.544+0000] {dag.py:3096} INFO - Sync 1 DAGs
[2025-05-17T08:39:51.574+0000] {logging_mixin.py:188} INFO - [2025-05-17T08:39:51.573+0000] {dag.py:3954} INFO - Setting next_dagrun for monitor_T3 to 2025-05-17 08:00:00+00:00, run_after=2025-05-17 09:00:00+00:00
[2025-05-17T08:39:51.597+0000] {processor.py:183} INFO - Processing /opt/airflow/dags/monitor_T3.py took 0.122 seconds
[2025-05-17T08:40:22.112+0000] {processor.py:161} INFO - Started process (PID=978) to work on /opt/airflow/dags/monitor_T3.py
[2025-05-17T08:40:22.113+0000] {processor.py:830} INFO - Processing file /opt/airflow/dags/monitor_T3.py for tasks to queue
[2025-05-17T08:40:22.114+0000] {logging_mixin.py:188} INFO - [2025-05-17T08:40:22.114+0000] {dagbag.py:540} INFO - Filling up the DagBag from /opt/airflow/dags/monitor_T3.py
[2025-05-17T08:40:22.135+0000] {processor.py:840} INFO - DAG(s) 'monitor_T3' retrieved from /opt/airflow/dags/monitor_T3.py
[2025-05-17T08:40:22.155+0000] {logging_mixin.py:188} INFO - [2025-05-17T08:40:22.154+0000] {dag.py:3096} INFO - Sync 1 DAGs
[2025-05-17T08:40:22.177+0000] {logging_mixin.py:188} INFO - [2025-05-17T08:40:22.176+0000] {dag.py:3954} INFO - Setting next_dagrun for monitor_T3 to 2025-05-17 08:00:00+00:00, run_after=2025-05-17 09:00:00+00:00
[2025-05-17T08:40:22.196+0000] {processor.py:183} INFO - Processing /opt/airflow/dags/monitor_T3.py took 0.089 seconds
[2025-05-17T08:40:52.853+0000] {processor.py:161} INFO - Started process (PID=998) to work on /opt/airflow/dags/monitor_T3.py
[2025-05-17T08:40:52.854+0000] {processor.py:830} INFO - Processing file /opt/airflow/dags/monitor_T3.py for tasks to queue
[2025-05-17T08:40:52.856+0000] {logging_mixin.py:188} INFO - [2025-05-17T08:40:52.856+0000] {dagbag.py:540} INFO - Filling up the DagBag from /opt/airflow/dags/monitor_T3.py
[2025-05-17T08:40:52.879+0000] {processor.py:840} INFO - DAG(s) 'monitor_T3' retrieved from /opt/airflow/dags/monitor_T3.py
[2025-05-17T08:40:52.898+0000] {logging_mixin.py:188} INFO - [2025-05-17T08:40:52.898+0000] {dag.py:3096} INFO - Sync 1 DAGs
[2025-05-17T08:40:52.922+0000] {logging_mixin.py:188} INFO - [2025-05-17T08:40:52.922+0000] {dag.py:3954} INFO - Setting next_dagrun for monitor_T3 to 2025-05-17 08:00:00+00:00, run_after=2025-05-17 09:00:00+00:00
[2025-05-17T08:40:52.943+0000] {processor.py:183} INFO - Processing /opt/airflow/dags/monitor_T3.py took 0.098 seconds
[2025-05-17T08:41:23.332+0000] {processor.py:161} INFO - Started process (PID=1020) to work on /opt/airflow/dags/monitor_T3.py
[2025-05-17T08:41:23.333+0000] {processor.py:830} INFO - Processing file /opt/airflow/dags/monitor_T3.py for tasks to queue
[2025-05-17T08:41:23.337+0000] {logging_mixin.py:188} INFO - [2025-05-17T08:41:23.335+0000] {dagbag.py:540} INFO - Filling up the DagBag from /opt/airflow/dags/monitor_T3.py
[2025-05-17T08:41:23.362+0000] {processor.py:840} INFO - DAG(s) 'monitor_T3' retrieved from /opt/airflow/dags/monitor_T3.py
[2025-05-17T08:41:23.382+0000] {logging_mixin.py:188} INFO - [2025-05-17T08:41:23.381+0000] {dag.py:3096} INFO - Sync 1 DAGs
[2025-05-17T08:41:23.406+0000] {logging_mixin.py:188} INFO - [2025-05-17T08:41:23.406+0000] {dag.py:3954} INFO - Setting next_dagrun for monitor_T3 to 2025-05-17 08:00:00+00:00, run_after=2025-05-17 09:00:00+00:00
[2025-05-17T08:41:23.427+0000] {processor.py:183} INFO - Processing /opt/airflow/dags/monitor_T3.py took 0.103 seconds
[2025-05-17T08:41:53.888+0000] {processor.py:161} INFO - Started process (PID=1040) to work on /opt/airflow/dags/monitor_T3.py
[2025-05-17T08:41:53.888+0000] {processor.py:830} INFO - Processing file /opt/airflow/dags/monitor_T3.py for tasks to queue
[2025-05-17T08:41:53.890+0000] {logging_mixin.py:188} INFO - [2025-05-17T08:41:53.890+0000] {dagbag.py:540} INFO - Filling up the DagBag from /opt/airflow/dags/monitor_T3.py
[2025-05-17T08:41:53.911+0000] {processor.py:840} INFO - DAG(s) 'monitor_T3' retrieved from /opt/airflow/dags/monitor_T3.py
[2025-05-17T08:41:53.932+0000] {logging_mixin.py:188} INFO - [2025-05-17T08:41:53.932+0000] {dag.py:3096} INFO - Sync 1 DAGs
[2025-05-17T08:41:53.956+0000] {logging_mixin.py:188} INFO - [2025-05-17T08:41:53.956+0000] {dag.py:3954} INFO - Setting next_dagrun for monitor_T3 to 2025-05-17 08:00:00+00:00, run_after=2025-05-17 09:00:00+00:00
[2025-05-17T08:41:53.979+0000] {processor.py:183} INFO - Processing /opt/airflow/dags/monitor_T3.py took 0.096 seconds
[2025-05-17T08:42:24.429+0000] {processor.py:161} INFO - Started process (PID=1060) to work on /opt/airflow/dags/monitor_T3.py
[2025-05-17T08:42:24.430+0000] {processor.py:830} INFO - Processing file /opt/airflow/dags/monitor_T3.py for tasks to queue
[2025-05-17T08:42:24.432+0000] {logging_mixin.py:188} INFO - [2025-05-17T08:42:24.431+0000] {dagbag.py:540} INFO - Filling up the DagBag from /opt/airflow/dags/monitor_T3.py
[2025-05-17T08:42:24.452+0000] {processor.py:840} INFO - DAG(s) 'monitor_T3' retrieved from /opt/airflow/dags/monitor_T3.py
[2025-05-17T08:42:24.472+0000] {logging_mixin.py:188} INFO - [2025-05-17T08:42:24.472+0000] {dag.py:3096} INFO - Sync 1 DAGs
[2025-05-17T08:42:24.498+0000] {logging_mixin.py:188} INFO - [2025-05-17T08:42:24.498+0000] {dag.py:3954} INFO - Setting next_dagrun for monitor_T3 to 2025-05-17 08:00:00+00:00, run_after=2025-05-17 09:00:00+00:00
[2025-05-17T08:42:24.522+0000] {processor.py:183} INFO - Processing /opt/airflow/dags/monitor_T3.py took 0.099 seconds
[2025-05-17T08:42:55.114+0000] {processor.py:161} INFO - Started process (PID=1080) to work on /opt/airflow/dags/monitor_T3.py
[2025-05-17T08:42:55.115+0000] {processor.py:830} INFO - Processing file /opt/airflow/dags/monitor_T3.py for tasks to queue
[2025-05-17T08:42:55.116+0000] {logging_mixin.py:188} INFO - [2025-05-17T08:42:55.116+0000] {dagbag.py:540} INFO - Filling up the DagBag from /opt/airflow/dags/monitor_T3.py
[2025-05-17T08:42:55.134+0000] {processor.py:840} INFO - DAG(s) 'monitor_T3' retrieved from /opt/airflow/dags/monitor_T3.py
[2025-05-17T08:42:55.155+0000] {logging_mixin.py:188} INFO - [2025-05-17T08:42:55.155+0000] {dag.py:3096} INFO - Sync 1 DAGs
[2025-05-17T08:42:55.179+0000] {logging_mixin.py:188} INFO - [2025-05-17T08:42:55.179+0000] {dag.py:3954} INFO - Setting next_dagrun for monitor_T3 to 2025-05-17 08:00:00+00:00, run_after=2025-05-17 09:00:00+00:00
[2025-05-17T08:42:55.199+0000] {processor.py:183} INFO - Processing /opt/airflow/dags/monitor_T3.py took 0.091 seconds
[2025-05-17T08:43:25.652+0000] {processor.py:161} INFO - Started process (PID=1100) to work on /opt/airflow/dags/monitor_T3.py
[2025-05-17T08:43:25.653+0000] {processor.py:830} INFO - Processing file /opt/airflow/dags/monitor_T3.py for tasks to queue
[2025-05-17T08:43:25.654+0000] {logging_mixin.py:188} INFO - [2025-05-17T08:43:25.654+0000] {dagbag.py:540} INFO - Filling up the DagBag from /opt/airflow/dags/monitor_T3.py
[2025-05-17T08:43:25.675+0000] {processor.py:840} INFO - DAG(s) 'monitor_T3' retrieved from /opt/airflow/dags/monitor_T3.py
[2025-05-17T08:43:25.697+0000] {logging_mixin.py:188} INFO - [2025-05-17T08:43:25.696+0000] {dag.py:3096} INFO - Sync 1 DAGs
[2025-05-17T08:43:25.723+0000] {logging_mixin.py:188} INFO - [2025-05-17T08:43:25.723+0000] {dag.py:3954} INFO - Setting next_dagrun for monitor_T3 to 2025-05-17 08:00:00+00:00, run_after=2025-05-17 09:00:00+00:00
[2025-05-17T08:43:25.746+0000] {processor.py:183} INFO - Processing /opt/airflow/dags/monitor_T3.py took 0.099 seconds
[2025-05-17T08:43:56.162+0000] {processor.py:161} INFO - Started process (PID=1120) to work on /opt/airflow/dags/monitor_T3.py
[2025-05-17T08:43:56.163+0000] {processor.py:830} INFO - Processing file /opt/airflow/dags/monitor_T3.py for tasks to queue
[2025-05-17T08:43:56.166+0000] {logging_mixin.py:188} INFO - [2025-05-17T08:43:56.166+0000] {dagbag.py:540} INFO - Filling up the DagBag from /opt/airflow/dags/monitor_T3.py
[2025-05-17T08:43:56.193+0000] {processor.py:840} INFO - DAG(s) 'monitor_T3' retrieved from /opt/airflow/dags/monitor_T3.py
[2025-05-17T08:43:56.215+0000] {logging_mixin.py:188} INFO - [2025-05-17T08:43:56.214+0000] {dag.py:3096} INFO - Sync 1 DAGs
[2025-05-17T08:43:56.243+0000] {logging_mixin.py:188} INFO - [2025-05-17T08:43:56.242+0000] {dag.py:3954} INFO - Setting next_dagrun for monitor_T3 to 2025-05-17 08:00:00+00:00, run_after=2025-05-17 09:00:00+00:00
[2025-05-17T08:43:56.269+0000] {processor.py:183} INFO - Processing /opt/airflow/dags/monitor_T3.py took 0.120 seconds
[2025-05-17T08:44:26.760+0000] {processor.py:161} INFO - Started process (PID=1142) to work on /opt/airflow/dags/monitor_T3.py
[2025-05-17T08:44:26.761+0000] {processor.py:830} INFO - Processing file /opt/airflow/dags/monitor_T3.py for tasks to queue
[2025-05-17T08:44:26.763+0000] {logging_mixin.py:188} INFO - [2025-05-17T08:44:26.762+0000] {dagbag.py:540} INFO - Filling up the DagBag from /opt/airflow/dags/monitor_T3.py
[2025-05-17T08:44:26.781+0000] {processor.py:840} INFO - DAG(s) 'monitor_T3' retrieved from /opt/airflow/dags/monitor_T3.py
[2025-05-17T08:44:26.801+0000] {logging_mixin.py:188} INFO - [2025-05-17T08:44:26.800+0000] {dag.py:3096} INFO - Sync 1 DAGs
[2025-05-17T08:44:26.823+0000] {logging_mixin.py:188} INFO - [2025-05-17T08:44:26.823+0000] {dag.py:3954} INFO - Setting next_dagrun for monitor_T3 to 2025-05-17 08:00:00+00:00, run_after=2025-05-17 09:00:00+00:00
[2025-05-17T08:44:26.844+0000] {processor.py:183} INFO - Processing /opt/airflow/dags/monitor_T3.py took 0.091 seconds
[2025-05-17T08:44:57.311+0000] {processor.py:161} INFO - Started process (PID=1162) to work on /opt/airflow/dags/monitor_T3.py
[2025-05-17T08:44:57.311+0000] {processor.py:830} INFO - Processing file /opt/airflow/dags/monitor_T3.py for tasks to queue
[2025-05-17T08:44:57.313+0000] {logging_mixin.py:188} INFO - [2025-05-17T08:44:57.313+0000] {dagbag.py:540} INFO - Filling up the DagBag from /opt/airflow/dags/monitor_T3.py
[2025-05-17T08:44:57.333+0000] {processor.py:840} INFO - DAG(s) 'monitor_T3' retrieved from /opt/airflow/dags/monitor_T3.py
[2025-05-17T08:44:57.353+0000] {logging_mixin.py:188} INFO - [2025-05-17T08:44:57.353+0000] {dag.py:3096} INFO - Sync 1 DAGs
[2025-05-17T08:44:57.376+0000] {logging_mixin.py:188} INFO - [2025-05-17T08:44:57.376+0000] {dag.py:3954} INFO - Setting next_dagrun for monitor_T3 to 2025-05-17 08:00:00+00:00, run_after=2025-05-17 09:00:00+00:00
[2025-05-17T08:44:57.396+0000] {processor.py:183} INFO - Processing /opt/airflow/dags/monitor_T3.py took 0.090 seconds
[2025-05-17T08:45:27.928+0000] {processor.py:161} INFO - Started process (PID=1184) to work on /opt/airflow/dags/monitor_T3.py
[2025-05-17T08:45:27.929+0000] {processor.py:830} INFO - Processing file /opt/airflow/dags/monitor_T3.py for tasks to queue
[2025-05-17T08:45:27.931+0000] {logging_mixin.py:188} INFO - [2025-05-17T08:45:27.930+0000] {dagbag.py:540} INFO - Filling up the DagBag from /opt/airflow/dags/monitor_T3.py
[2025-05-17T08:45:27.951+0000] {processor.py:840} INFO - DAG(s) 'monitor_T3' retrieved from /opt/airflow/dags/monitor_T3.py
[2025-05-17T08:45:27.973+0000] {logging_mixin.py:188} INFO - [2025-05-17T08:45:27.973+0000] {dag.py:3096} INFO - Sync 1 DAGs
[2025-05-17T08:45:27.997+0000] {logging_mixin.py:188} INFO - [2025-05-17T08:45:27.997+0000] {dag.py:3954} INFO - Setting next_dagrun for monitor_T3 to 2025-05-17 08:00:00+00:00, run_after=2025-05-17 09:00:00+00:00
[2025-05-17T08:45:28.021+0000] {processor.py:183} INFO - Processing /opt/airflow/dags/monitor_T3.py took 0.099 seconds
[2025-05-17T08:45:58.669+0000] {processor.py:161} INFO - Started process (PID=1204) to work on /opt/airflow/dags/monitor_T3.py
[2025-05-17T08:45:58.670+0000] {processor.py:830} INFO - Processing file /opt/airflow/dags/monitor_T3.py for tasks to queue
[2025-05-17T08:45:58.672+0000] {logging_mixin.py:188} INFO - [2025-05-17T08:45:58.672+0000] {dagbag.py:540} INFO - Filling up the DagBag from /opt/airflow/dags/monitor_T3.py
[2025-05-17T08:45:58.694+0000] {processor.py:840} INFO - DAG(s) 'monitor_T3' retrieved from /opt/airflow/dags/monitor_T3.py
[2025-05-17T08:45:58.727+0000] {logging_mixin.py:188} INFO - [2025-05-17T08:45:58.727+0000] {dag.py:3096} INFO - Sync 1 DAGs
[2025-05-17T08:45:58.754+0000] {logging_mixin.py:188} INFO - [2025-05-17T08:45:58.754+0000] {dag.py:3954} INFO - Setting next_dagrun for monitor_T3 to 2025-05-17 08:00:00+00:00, run_after=2025-05-17 09:00:00+00:00
[2025-05-17T08:45:58.780+0000] {processor.py:183} INFO - Processing /opt/airflow/dags/monitor_T3.py took 0.117 seconds
[2025-05-17T08:46:29.197+0000] {processor.py:161} INFO - Started process (PID=1231) to work on /opt/airflow/dags/monitor_T3.py
[2025-05-17T08:46:29.197+0000] {processor.py:830} INFO - Processing file /opt/airflow/dags/monitor_T3.py for tasks to queue
[2025-05-17T08:46:29.200+0000] {logging_mixin.py:188} INFO - [2025-05-17T08:46:29.199+0000] {dagbag.py:540} INFO - Filling up the DagBag from /opt/airflow/dags/monitor_T3.py
[2025-05-17T08:46:29.224+0000] {processor.py:840} INFO - DAG(s) 'monitor_T3' retrieved from /opt/airflow/dags/monitor_T3.py
[2025-05-17T08:46:29.249+0000] {logging_mixin.py:188} INFO - [2025-05-17T08:46:29.248+0000] {dag.py:3096} INFO - Sync 1 DAGs
[2025-05-17T08:46:29.278+0000] {logging_mixin.py:188} INFO - [2025-05-17T08:46:29.278+0000] {dag.py:3954} INFO - Setting next_dagrun for monitor_T3 to 2025-05-17 08:00:00+00:00, run_after=2025-05-17 09:00:00+00:00
[2025-05-17T08:46:29.305+0000] {processor.py:183} INFO - Processing /opt/airflow/dags/monitor_T3.py took 0.116 seconds
[2025-05-17T08:46:59.855+0000] {processor.py:161} INFO - Started process (PID=1271) to work on /opt/airflow/dags/monitor_T3.py
[2025-05-17T08:46:59.857+0000] {processor.py:830} INFO - Processing file /opt/airflow/dags/monitor_T3.py for tasks to queue
[2025-05-17T08:46:59.860+0000] {logging_mixin.py:188} INFO - [2025-05-17T08:46:59.860+0000] {dagbag.py:540} INFO - Filling up the DagBag from /opt/airflow/dags/monitor_T3.py
[2025-05-17T08:46:59.925+0000] {processor.py:840} INFO - DAG(s) 'monitor_T3' retrieved from /opt/airflow/dags/monitor_T3.py
[2025-05-17T08:46:59.977+0000] {logging_mixin.py:188} INFO - [2025-05-17T08:46:59.976+0000] {dag.py:3096} INFO - Sync 1 DAGs
[2025-05-17T08:47:00.051+0000] {logging_mixin.py:188} INFO - [2025-05-17T08:47:00.050+0000] {dag.py:3954} INFO - Setting next_dagrun for monitor_T3 to 2025-05-17 08:00:00+00:00, run_after=2025-05-17 09:00:00+00:00
[2025-05-17T08:47:00.091+0000] {processor.py:183} INFO - Processing /opt/airflow/dags/monitor_T3.py took 0.247 seconds
[2025-05-17T08:47:30.651+0000] {processor.py:161} INFO - Started process (PID=1291) to work on /opt/airflow/dags/monitor_T3.py
[2025-05-17T08:47:30.652+0000] {processor.py:830} INFO - Processing file /opt/airflow/dags/monitor_T3.py for tasks to queue
[2025-05-17T08:47:30.657+0000] {logging_mixin.py:188} INFO - [2025-05-17T08:47:30.656+0000] {dagbag.py:540} INFO - Filling up the DagBag from /opt/airflow/dags/monitor_T3.py
[2025-05-17T08:47:30.715+0000] {processor.py:840} INFO - DAG(s) 'monitor_T3' retrieved from /opt/airflow/dags/monitor_T3.py
[2025-05-17T08:47:30.751+0000] {logging_mixin.py:188} INFO - [2025-05-17T08:47:30.751+0000] {dag.py:3096} INFO - Sync 1 DAGs
[2025-05-17T08:47:30.787+0000] {logging_mixin.py:188} INFO - [2025-05-17T08:47:30.786+0000] {dag.py:3954} INFO - Setting next_dagrun for monitor_T3 to 2025-05-17 08:00:00+00:00, run_after=2025-05-17 09:00:00+00:00
[2025-05-17T08:47:30.838+0000] {processor.py:183} INFO - Processing /opt/airflow/dags/monitor_T3.py took 0.196 seconds
[2025-05-17T08:48:01.489+0000] {processor.py:161} INFO - Started process (PID=1311) to work on /opt/airflow/dags/monitor_T3.py
[2025-05-17T08:48:01.491+0000] {processor.py:830} INFO - Processing file /opt/airflow/dags/monitor_T3.py for tasks to queue
[2025-05-17T08:48:01.523+0000] {logging_mixin.py:188} INFO - [2025-05-17T08:48:01.523+0000] {dagbag.py:540} INFO - Filling up the DagBag from /opt/airflow/dags/monitor_T3.py
[2025-05-17T08:48:01.629+0000] {processor.py:840} INFO - DAG(s) 'monitor_T3' retrieved from /opt/airflow/dags/monitor_T3.py
[2025-05-17T08:48:01.696+0000] {logging_mixin.py:188} INFO - [2025-05-17T08:48:01.686+0000] {dag.py:3096} INFO - Sync 1 DAGs
[2025-05-17T08:48:01.840+0000] {logging_mixin.py:188} INFO - [2025-05-17T08:48:01.840+0000] {dag.py:3954} INFO - Setting next_dagrun for monitor_T3 to 2025-05-17 08:00:00+00:00, run_after=2025-05-17 09:00:00+00:00
[2025-05-17T08:48:02.053+0000] {processor.py:183} INFO - Processing /opt/airflow/dags/monitor_T3.py took 0.587 seconds
[2025-05-17T08:48:32.735+0000] {processor.py:161} INFO - Started process (PID=1333) to work on /opt/airflow/dags/monitor_T3.py
[2025-05-17T08:48:32.736+0000] {processor.py:830} INFO - Processing file /opt/airflow/dags/monitor_T3.py for tasks to queue
[2025-05-17T08:48:32.738+0000] {logging_mixin.py:188} INFO - [2025-05-17T08:48:32.738+0000] {dagbag.py:540} INFO - Filling up the DagBag from /opt/airflow/dags/monitor_T3.py
[2025-05-17T08:48:32.760+0000] {processor.py:840} INFO - DAG(s) 'monitor_T3' retrieved from /opt/airflow/dags/monitor_T3.py
[2025-05-17T08:48:32.783+0000] {logging_mixin.py:188} INFO - [2025-05-17T08:48:32.782+0000] {dag.py:3096} INFO - Sync 1 DAGs
[2025-05-17T08:48:32.809+0000] {logging_mixin.py:188} INFO - [2025-05-17T08:48:32.808+0000] {dag.py:3954} INFO - Setting next_dagrun for monitor_T3 to 2025-05-17 08:00:00+00:00, run_after=2025-05-17 09:00:00+00:00
[2025-05-17T08:48:32.881+0000] {processor.py:183} INFO - Processing /opt/airflow/dags/monitor_T3.py took 0.153 seconds
[2025-05-17T08:49:03.444+0000] {processor.py:161} INFO - Started process (PID=1353) to work on /opt/airflow/dags/monitor_T3.py
[2025-05-17T08:49:03.445+0000] {processor.py:830} INFO - Processing file /opt/airflow/dags/monitor_T3.py for tasks to queue
[2025-05-17T08:49:03.447+0000] {logging_mixin.py:188} INFO - [2025-05-17T08:49:03.447+0000] {dagbag.py:540} INFO - Filling up the DagBag from /opt/airflow/dags/monitor_T3.py
[2025-05-17T08:49:03.467+0000] {processor.py:840} INFO - DAG(s) 'monitor_T3' retrieved from /opt/airflow/dags/monitor_T3.py
[2025-05-17T08:49:03.488+0000] {logging_mixin.py:188} INFO - [2025-05-17T08:49:03.488+0000] {dag.py:3096} INFO - Sync 1 DAGs
[2025-05-17T08:49:03.510+0000] {logging_mixin.py:188} INFO - [2025-05-17T08:49:03.510+0000] {dag.py:3954} INFO - Setting next_dagrun for monitor_T3 to 2025-05-17 08:00:00+00:00, run_after=2025-05-17 09:00:00+00:00
[2025-05-17T08:49:03.531+0000] {processor.py:183} INFO - Processing /opt/airflow/dags/monitor_T3.py took 0.097 seconds
[2025-05-17T08:49:34.147+0000] {processor.py:161} INFO - Started process (PID=1378) to work on /opt/airflow/dags/monitor_T3.py
[2025-05-17T08:49:34.148+0000] {processor.py:830} INFO - Processing file /opt/airflow/dags/monitor_T3.py for tasks to queue
[2025-05-17T08:49:34.150+0000] {logging_mixin.py:188} INFO - [2025-05-17T08:49:34.150+0000] {dagbag.py:540} INFO - Filling up the DagBag from /opt/airflow/dags/monitor_T3.py
[2025-05-17T08:49:34.171+0000] {processor.py:840} INFO - DAG(s) 'monitor_T3' retrieved from /opt/airflow/dags/monitor_T3.py
[2025-05-17T08:49:34.192+0000] {logging_mixin.py:188} INFO - [2025-05-17T08:49:34.192+0000] {dag.py:3096} INFO - Sync 1 DAGs
[2025-05-17T08:49:34.217+0000] {logging_mixin.py:188} INFO - [2025-05-17T08:49:34.217+0000] {dag.py:3954} INFO - Setting next_dagrun for monitor_T3 to 2025-05-17 08:00:00+00:00, run_after=2025-05-17 09:00:00+00:00
[2025-05-17T08:49:34.246+0000] {processor.py:183} INFO - Processing /opt/airflow/dags/monitor_T3.py took 0.106 seconds
[2025-05-17T08:50:39.393+0000] {processor.py:161} INFO - Started process (PID=172) to work on /opt/airflow/dags/monitor_T3.py
[2025-05-17T08:50:39.394+0000] {processor.py:830} INFO - Processing file /opt/airflow/dags/monitor_T3.py for tasks to queue
[2025-05-17T08:50:39.397+0000] {logging_mixin.py:188} INFO - [2025-05-17T08:50:39.396+0000] {dagbag.py:540} INFO - Filling up the DagBag from /opt/airflow/dags/monitor_T3.py
[2025-05-17T08:50:39.418+0000] {processor.py:840} INFO - DAG(s) 'monitor_T3' retrieved from /opt/airflow/dags/monitor_T3.py
[2025-05-17T08:50:39.533+0000] {logging_mixin.py:188} INFO - [2025-05-17T08:50:39.533+0000] {dag.py:3096} INFO - Sync 1 DAGs
[2025-05-17T08:50:39.571+0000] {logging_mixin.py:188} INFO - [2025-05-17T08:50:39.571+0000] {dag.py:3954} INFO - Setting next_dagrun for monitor_T3 to 2025-05-17 08:00:00+00:00, run_after=2025-05-17 09:00:00+00:00
[2025-05-17T08:50:39.593+0000] {processor.py:183} INFO - Processing /opt/airflow/dags/monitor_T3.py took 0.207 seconds
[2025-05-17T08:51:10.063+0000] {processor.py:161} INFO - Started process (PID=194) to work on /opt/airflow/dags/monitor_T3.py
[2025-05-17T08:51:10.064+0000] {processor.py:830} INFO - Processing file /opt/airflow/dags/monitor_T3.py for tasks to queue
[2025-05-17T08:51:10.066+0000] {logging_mixin.py:188} INFO - [2025-05-17T08:51:10.065+0000] {dagbag.py:540} INFO - Filling up the DagBag from /opt/airflow/dags/monitor_T3.py
[2025-05-17T08:51:10.085+0000] {processor.py:840} INFO - DAG(s) 'monitor_T3' retrieved from /opt/airflow/dags/monitor_T3.py
[2025-05-17T08:51:10.107+0000] {logging_mixin.py:188} INFO - [2025-05-17T08:51:10.106+0000] {dag.py:3096} INFO - Sync 1 DAGs
[2025-05-17T08:51:10.129+0000] {logging_mixin.py:188} INFO - [2025-05-17T08:51:10.128+0000] {dag.py:3954} INFO - Setting next_dagrun for monitor_T3 to 2025-05-17 08:00:00+00:00, run_after=2025-05-17 09:00:00+00:00
[2025-05-17T08:51:10.148+0000] {processor.py:183} INFO - Processing /opt/airflow/dags/monitor_T3.py took 0.092 seconds
[2025-05-17T08:51:40.724+0000] {processor.py:161} INFO - Started process (PID=216) to work on /opt/airflow/dags/monitor_T3.py
[2025-05-17T08:51:40.725+0000] {processor.py:830} INFO - Processing file /opt/airflow/dags/monitor_T3.py for tasks to queue
[2025-05-17T08:51:40.728+0000] {logging_mixin.py:188} INFO - [2025-05-17T08:51:40.728+0000] {dagbag.py:540} INFO - Filling up the DagBag from /opt/airflow/dags/monitor_T3.py
[2025-05-17T08:51:40.754+0000] {processor.py:840} INFO - DAG(s) 'monitor_T3' retrieved from /opt/airflow/dags/monitor_T3.py
[2025-05-17T08:51:40.773+0000] {logging_mixin.py:188} INFO - [2025-05-17T08:51:40.773+0000] {dag.py:3096} INFO - Sync 1 DAGs
[2025-05-17T08:51:40.797+0000] {logging_mixin.py:188} INFO - [2025-05-17T08:51:40.796+0000] {dag.py:3954} INFO - Setting next_dagrun for monitor_T3 to 2025-05-17 08:00:00+00:00, run_after=2025-05-17 09:00:00+00:00
[2025-05-17T08:51:40.821+0000] {processor.py:183} INFO - Processing /opt/airflow/dags/monitor_T3.py took 0.106 seconds
[2025-05-17T08:52:11.258+0000] {processor.py:161} INFO - Started process (PID=236) to work on /opt/airflow/dags/monitor_T3.py
[2025-05-17T08:52:11.259+0000] {processor.py:830} INFO - Processing file /opt/airflow/dags/monitor_T3.py for tasks to queue
[2025-05-17T08:52:11.260+0000] {logging_mixin.py:188} INFO - [2025-05-17T08:52:11.260+0000] {dagbag.py:540} INFO - Filling up the DagBag from /opt/airflow/dags/monitor_T3.py
[2025-05-17T08:52:11.281+0000] {processor.py:840} INFO - DAG(s) 'monitor_T3' retrieved from /opt/airflow/dags/monitor_T3.py
[2025-05-17T08:52:11.302+0000] {logging_mixin.py:188} INFO - [2025-05-17T08:52:11.301+0000] {dag.py:3096} INFO - Sync 1 DAGs
[2025-05-17T08:52:11.323+0000] {logging_mixin.py:188} INFO - [2025-05-17T08:52:11.323+0000] {dag.py:3954} INFO - Setting next_dagrun for monitor_T3 to 2025-05-17 08:00:00+00:00, run_after=2025-05-17 09:00:00+00:00
[2025-05-17T08:52:11.343+0000] {processor.py:183} INFO - Processing /opt/airflow/dags/monitor_T3.py took 0.091 seconds
[2025-05-17T08:52:41.809+0000] {processor.py:161} INFO - Started process (PID=256) to work on /opt/airflow/dags/monitor_T3.py
[2025-05-17T08:52:41.810+0000] {processor.py:830} INFO - Processing file /opt/airflow/dags/monitor_T3.py for tasks to queue
[2025-05-17T08:52:41.811+0000] {logging_mixin.py:188} INFO - [2025-05-17T08:52:41.811+0000] {dagbag.py:540} INFO - Filling up the DagBag from /opt/airflow/dags/monitor_T3.py
[2025-05-17T08:52:41.833+0000] {processor.py:840} INFO - DAG(s) 'monitor_T3' retrieved from /opt/airflow/dags/monitor_T3.py
[2025-05-17T08:52:41.854+0000] {logging_mixin.py:188} INFO - [2025-05-17T08:52:41.854+0000] {dag.py:3096} INFO - Sync 1 DAGs
[2025-05-17T08:52:41.877+0000] {logging_mixin.py:188} INFO - [2025-05-17T08:52:41.877+0000] {dag.py:3954} INFO - Setting next_dagrun for monitor_T3 to 2025-05-17 08:00:00+00:00, run_after=2025-05-17 09:00:00+00:00
[2025-05-17T08:52:41.898+0000] {processor.py:183} INFO - Processing /opt/airflow/dags/monitor_T3.py took 0.094 seconds
[2025-05-17T08:53:12.389+0000] {processor.py:161} INFO - Started process (PID=276) to work on /opt/airflow/dags/monitor_T3.py
[2025-05-17T08:53:12.390+0000] {processor.py:830} INFO - Processing file /opt/airflow/dags/monitor_T3.py for tasks to queue
[2025-05-17T08:53:12.392+0000] {logging_mixin.py:188} INFO - [2025-05-17T08:53:12.391+0000] {dagbag.py:540} INFO - Filling up the DagBag from /opt/airflow/dags/monitor_T3.py
[2025-05-17T08:53:12.423+0000] {processor.py:840} INFO - DAG(s) 'monitor_T3' retrieved from /opt/airflow/dags/monitor_T3.py
[2025-05-17T08:53:12.445+0000] {logging_mixin.py:188} INFO - [2025-05-17T08:53:12.445+0000] {dag.py:3096} INFO - Sync 1 DAGs
[2025-05-17T08:53:12.470+0000] {logging_mixin.py:188} INFO - [2025-05-17T08:53:12.470+0000] {dag.py:3954} INFO - Setting next_dagrun for monitor_T3 to 2025-05-17 08:00:00+00:00, run_after=2025-05-17 09:00:00+00:00
[2025-05-17T08:53:12.495+0000] {processor.py:183} INFO - Processing /opt/airflow/dags/monitor_T3.py took 0.114 seconds
[2025-05-17T08:53:42.978+0000] {processor.py:161} INFO - Started process (PID=296) to work on /opt/airflow/dags/monitor_T3.py
[2025-05-17T08:53:42.978+0000] {processor.py:830} INFO - Processing file /opt/airflow/dags/monitor_T3.py for tasks to queue
[2025-05-17T08:53:42.980+0000] {logging_mixin.py:188} INFO - [2025-05-17T08:53:42.980+0000] {dagbag.py:540} INFO - Filling up the DagBag from /opt/airflow/dags/monitor_T3.py
[2025-05-17T08:53:42.998+0000] {processor.py:840} INFO - DAG(s) 'monitor_T3' retrieved from /opt/airflow/dags/monitor_T3.py
[2025-05-17T08:53:43.018+0000] {logging_mixin.py:188} INFO - [2025-05-17T08:53:43.018+0000] {dag.py:3096} INFO - Sync 1 DAGs
[2025-05-17T08:53:43.041+0000] {logging_mixin.py:188} INFO - [2025-05-17T08:53:43.041+0000] {dag.py:3954} INFO - Setting next_dagrun for monitor_T3 to 2025-05-17 08:00:00+00:00, run_after=2025-05-17 09:00:00+00:00
[2025-05-17T08:53:43.064+0000] {processor.py:183} INFO - Processing /opt/airflow/dags/monitor_T3.py took 0.092 seconds
[2025-05-17T08:54:13.508+0000] {processor.py:161} INFO - Started process (PID=316) to work on /opt/airflow/dags/monitor_T3.py
[2025-05-17T08:54:13.509+0000] {processor.py:830} INFO - Processing file /opt/airflow/dags/monitor_T3.py for tasks to queue
[2025-05-17T08:54:13.511+0000] {logging_mixin.py:188} INFO - [2025-05-17T08:54:13.510+0000] {dagbag.py:540} INFO - Filling up the DagBag from /opt/airflow/dags/monitor_T3.py
[2025-05-17T08:54:13.531+0000] {processor.py:840} INFO - DAG(s) 'monitor_T3' retrieved from /opt/airflow/dags/monitor_T3.py
[2025-05-17T08:54:13.551+0000] {logging_mixin.py:188} INFO - [2025-05-17T08:54:13.551+0000] {dag.py:3096} INFO - Sync 1 DAGs
[2025-05-17T08:54:13.574+0000] {logging_mixin.py:188} INFO - [2025-05-17T08:54:13.574+0000] {dag.py:3954} INFO - Setting next_dagrun for monitor_T3 to 2025-05-17 08:00:00+00:00, run_after=2025-05-17 09:00:00+00:00
[2025-05-17T08:54:13.595+0000] {processor.py:183} INFO - Processing /opt/airflow/dags/monitor_T3.py took 0.092 seconds
[2025-05-17T08:54:44.121+0000] {processor.py:161} INFO - Started process (PID=336) to work on /opt/airflow/dags/monitor_T3.py
[2025-05-17T08:54:44.122+0000] {processor.py:830} INFO - Processing file /opt/airflow/dags/monitor_T3.py for tasks to queue
[2025-05-17T08:54:44.124+0000] {logging_mixin.py:188} INFO - [2025-05-17T08:54:44.123+0000] {dagbag.py:540} INFO - Filling up the DagBag from /opt/airflow/dags/monitor_T3.py
[2025-05-17T08:54:44.142+0000] {processor.py:840} INFO - DAG(s) 'monitor_T3' retrieved from /opt/airflow/dags/monitor_T3.py
[2025-05-17T08:54:44.163+0000] {logging_mixin.py:188} INFO - [2025-05-17T08:54:44.163+0000] {dag.py:3096} INFO - Sync 1 DAGs
[2025-05-17T08:54:44.187+0000] {logging_mixin.py:188} INFO - [2025-05-17T08:54:44.186+0000] {dag.py:3954} INFO - Setting next_dagrun for monitor_T3 to 2025-05-17 08:00:00+00:00, run_after=2025-05-17 09:00:00+00:00
[2025-05-17T08:54:44.210+0000] {processor.py:183} INFO - Processing /opt/airflow/dags/monitor_T3.py took 0.095 seconds
[2025-05-17T08:55:14.657+0000] {processor.py:161} INFO - Started process (PID=356) to work on /opt/airflow/dags/monitor_T3.py
[2025-05-17T08:55:14.658+0000] {processor.py:830} INFO - Processing file /opt/airflow/dags/monitor_T3.py for tasks to queue
[2025-05-17T08:55:14.660+0000] {logging_mixin.py:188} INFO - [2025-05-17T08:55:14.660+0000] {dagbag.py:540} INFO - Filling up the DagBag from /opt/airflow/dags/monitor_T3.py
[2025-05-17T08:55:14.679+0000] {processor.py:840} INFO - DAG(s) 'monitor_T3' retrieved from /opt/airflow/dags/monitor_T3.py
[2025-05-17T08:55:14.699+0000] {logging_mixin.py:188} INFO - [2025-05-17T08:55:14.699+0000] {dag.py:3096} INFO - Sync 1 DAGs
[2025-05-17T08:55:14.721+0000] {logging_mixin.py:188} INFO - [2025-05-17T08:55:14.720+0000] {dag.py:3954} INFO - Setting next_dagrun for monitor_T3 to 2025-05-17 08:00:00+00:00, run_after=2025-05-17 09:00:00+00:00
[2025-05-17T08:55:14.742+0000] {processor.py:183} INFO - Processing /opt/airflow/dags/monitor_T3.py took 0.090 seconds
[2025-05-17T08:55:45.312+0000] {processor.py:161} INFO - Started process (PID=376) to work on /opt/airflow/dags/monitor_T3.py
[2025-05-17T08:55:45.313+0000] {processor.py:830} INFO - Processing file /opt/airflow/dags/monitor_T3.py for tasks to queue
[2025-05-17T08:55:45.315+0000] {logging_mixin.py:188} INFO - [2025-05-17T08:55:45.314+0000] {dagbag.py:540} INFO - Filling up the DagBag from /opt/airflow/dags/monitor_T3.py
[2025-05-17T08:55:45.333+0000] {processor.py:840} INFO - DAG(s) 'monitor_T3' retrieved from /opt/airflow/dags/monitor_T3.py
[2025-05-17T08:55:45.353+0000] {logging_mixin.py:188} INFO - [2025-05-17T08:55:45.353+0000] {dag.py:3096} INFO - Sync 1 DAGs
[2025-05-17T08:55:45.375+0000] {logging_mixin.py:188} INFO - [2025-05-17T08:55:45.375+0000] {dag.py:3954} INFO - Setting next_dagrun for monitor_T3 to 2025-05-17 08:00:00+00:00, run_after=2025-05-17 09:00:00+00:00
[2025-05-17T08:55:45.396+0000] {processor.py:183} INFO - Processing /opt/airflow/dags/monitor_T3.py took 0.090 seconds
[2025-05-17T08:56:15.833+0000] {processor.py:161} INFO - Started process (PID=396) to work on /opt/airflow/dags/monitor_T3.py
[2025-05-17T08:56:15.834+0000] {processor.py:830} INFO - Processing file /opt/airflow/dags/monitor_T3.py for tasks to queue
[2025-05-17T08:56:15.836+0000] {logging_mixin.py:188} INFO - [2025-05-17T08:56:15.836+0000] {dagbag.py:540} INFO - Filling up the DagBag from /opt/airflow/dags/monitor_T3.py
[2025-05-17T08:56:15.856+0000] {processor.py:840} INFO - DAG(s) 'monitor_T3' retrieved from /opt/airflow/dags/monitor_T3.py
[2025-05-17T08:56:15.879+0000] {logging_mixin.py:188} INFO - [2025-05-17T08:56:15.878+0000] {dag.py:3096} INFO - Sync 1 DAGs
[2025-05-17T08:56:15.902+0000] {logging_mixin.py:188} INFO - [2025-05-17T08:56:15.902+0000] {dag.py:3954} INFO - Setting next_dagrun for monitor_T3 to 2025-05-17 08:00:00+00:00, run_after=2025-05-17 09:00:00+00:00
[2025-05-17T08:56:15.932+0000] {processor.py:183} INFO - Processing /opt/airflow/dags/monitor_T3.py took 0.106 seconds
[2025-05-17T08:56:46.404+0000] {processor.py:161} INFO - Started process (PID=416) to work on /opt/airflow/dags/monitor_T3.py
[2025-05-17T08:56:46.405+0000] {processor.py:830} INFO - Processing file /opt/airflow/dags/monitor_T3.py for tasks to queue
[2025-05-17T08:56:46.407+0000] {logging_mixin.py:188} INFO - [2025-05-17T08:56:46.406+0000] {dagbag.py:540} INFO - Filling up the DagBag from /opt/airflow/dags/monitor_T3.py
[2025-05-17T08:56:46.428+0000] {processor.py:840} INFO - DAG(s) 'monitor_T3' retrieved from /opt/airflow/dags/monitor_T3.py
[2025-05-17T08:56:46.448+0000] {logging_mixin.py:188} INFO - [2025-05-17T08:56:46.448+0000] {dag.py:3096} INFO - Sync 1 DAGs
[2025-05-17T08:56:46.475+0000] {logging_mixin.py:188} INFO - [2025-05-17T08:56:46.475+0000] {dag.py:3954} INFO - Setting next_dagrun for monitor_T3 to 2025-05-17 08:00:00+00:00, run_after=2025-05-17 09:00:00+00:00
[2025-05-17T08:56:46.504+0000] {processor.py:183} INFO - Processing /opt/airflow/dags/monitor_T3.py took 0.107 seconds
[2025-05-17T08:57:16.961+0000] {processor.py:161} INFO - Started process (PID=436) to work on /opt/airflow/dags/monitor_T3.py
[2025-05-17T08:57:16.962+0000] {processor.py:830} INFO - Processing file /opt/airflow/dags/monitor_T3.py for tasks to queue
[2025-05-17T08:57:16.964+0000] {logging_mixin.py:188} INFO - [2025-05-17T08:57:16.963+0000] {dagbag.py:540} INFO - Filling up the DagBag from /opt/airflow/dags/monitor_T3.py
[2025-05-17T08:57:16.984+0000] {processor.py:840} INFO - DAG(s) 'monitor_T3' retrieved from /opt/airflow/dags/monitor_T3.py
[2025-05-17T08:57:17.004+0000] {logging_mixin.py:188} INFO - [2025-05-17T08:57:17.004+0000] {dag.py:3096} INFO - Sync 1 DAGs
[2025-05-17T08:57:17.027+0000] {logging_mixin.py:188} INFO - [2025-05-17T08:57:17.026+0000] {dag.py:3954} INFO - Setting next_dagrun for monitor_T3 to 2025-05-17 08:00:00+00:00, run_after=2025-05-17 09:00:00+00:00
[2025-05-17T08:57:17.048+0000] {processor.py:183} INFO - Processing /opt/airflow/dags/monitor_T3.py took 0.093 seconds
[2025-05-17T08:57:47.596+0000] {processor.py:161} INFO - Started process (PID=456) to work on /opt/airflow/dags/monitor_T3.py
[2025-05-17T08:57:47.597+0000] {processor.py:830} INFO - Processing file /opt/airflow/dags/monitor_T3.py for tasks to queue
[2025-05-17T08:57:47.599+0000] {logging_mixin.py:188} INFO - [2025-05-17T08:57:47.598+0000] {dagbag.py:540} INFO - Filling up the DagBag from /opt/airflow/dags/monitor_T3.py
[2025-05-17T08:57:47.617+0000] {processor.py:840} INFO - DAG(s) 'monitor_T3' retrieved from /opt/airflow/dags/monitor_T3.py
[2025-05-17T08:57:47.639+0000] {logging_mixin.py:188} INFO - [2025-05-17T08:57:47.639+0000] {dag.py:3096} INFO - Sync 1 DAGs
[2025-05-17T08:57:47.665+0000] {logging_mixin.py:188} INFO - [2025-05-17T08:57:47.665+0000] {dag.py:3954} INFO - Setting next_dagrun for monitor_T3 to 2025-05-17 08:00:00+00:00, run_after=2025-05-17 09:00:00+00:00
[2025-05-17T08:57:47.687+0000] {processor.py:183} INFO - Processing /opt/airflow/dags/monitor_T3.py took 0.097 seconds
[2025-05-17T08:58:18.256+0000] {processor.py:161} INFO - Started process (PID=476) to work on /opt/airflow/dags/monitor_T3.py
[2025-05-17T08:58:18.257+0000] {processor.py:830} INFO - Processing file /opt/airflow/dags/monitor_T3.py for tasks to queue
[2025-05-17T08:58:18.259+0000] {logging_mixin.py:188} INFO - [2025-05-17T08:58:18.258+0000] {dagbag.py:540} INFO - Filling up the DagBag from /opt/airflow/dags/monitor_T3.py
[2025-05-17T08:58:18.279+0000] {processor.py:840} INFO - DAG(s) 'monitor_T3' retrieved from /opt/airflow/dags/monitor_T3.py
[2025-05-17T08:58:18.298+0000] {logging_mixin.py:188} INFO - [2025-05-17T08:58:18.298+0000] {dag.py:3096} INFO - Sync 1 DAGs
[2025-05-17T08:58:18.320+0000] {logging_mixin.py:188} INFO - [2025-05-17T08:58:18.320+0000] {dag.py:3954} INFO - Setting next_dagrun for monitor_T3 to 2025-05-17 08:00:00+00:00, run_after=2025-05-17 09:00:00+00:00
[2025-05-17T08:58:18.341+0000] {processor.py:183} INFO - Processing /opt/airflow/dags/monitor_T3.py took 0.091 seconds
[2025-05-17T08:58:48.883+0000] {processor.py:161} INFO - Started process (PID=496) to work on /opt/airflow/dags/monitor_T3.py
[2025-05-17T08:58:48.884+0000] {processor.py:830} INFO - Processing file /opt/airflow/dags/monitor_T3.py for tasks to queue
[2025-05-17T08:58:48.887+0000] {logging_mixin.py:188} INFO - [2025-05-17T08:58:48.886+0000] {dagbag.py:540} INFO - Filling up the DagBag from /opt/airflow/dags/monitor_T3.py
[2025-05-17T08:58:48.913+0000] {processor.py:840} INFO - DAG(s) 'monitor_T3' retrieved from /opt/airflow/dags/monitor_T3.py
[2025-05-17T08:58:48.945+0000] {logging_mixin.py:188} INFO - [2025-05-17T08:58:48.945+0000] {dag.py:3096} INFO - Sync 1 DAGs
[2025-05-17T08:58:48.970+0000] {logging_mixin.py:188} INFO - [2025-05-17T08:58:48.970+0000] {dag.py:3954} INFO - Setting next_dagrun for monitor_T3 to 2025-05-17 08:00:00+00:00, run_after=2025-05-17 09:00:00+00:00
[2025-05-17T08:58:48.999+0000] {processor.py:183} INFO - Processing /opt/airflow/dags/monitor_T3.py took 0.123 seconds
[2025-05-17T08:59:53.595+0000] {processor.py:161} INFO - Started process (PID=174) to work on /opt/airflow/dags/monitor_T3.py
[2025-05-17T08:59:53.597+0000] {processor.py:830} INFO - Processing file /opt/airflow/dags/monitor_T3.py for tasks to queue
[2025-05-17T08:59:53.599+0000] {logging_mixin.py:188} INFO - [2025-05-17T08:59:53.598+0000] {dagbag.py:540} INFO - Filling up the DagBag from /opt/airflow/dags/monitor_T3.py
[2025-05-17T08:59:53.618+0000] {processor.py:840} INFO - DAG(s) 'monitor_T3' retrieved from /opt/airflow/dags/monitor_T3.py
[2025-05-17T08:59:53.737+0000] {logging_mixin.py:188} INFO - [2025-05-17T08:59:53.737+0000] {dag.py:3096} INFO - Sync 1 DAGs
[2025-05-17T08:59:53.760+0000] {logging_mixin.py:188} INFO - [2025-05-17T08:59:53.759+0000] {dag.py:3954} INFO - Setting next_dagrun for monitor_T3 to 2025-05-17 08:00:00+00:00, run_after=2025-05-17 09:00:00+00:00
[2025-05-17T08:59:53.785+0000] {processor.py:183} INFO - Processing /opt/airflow/dags/monitor_T3.py took 0.195 seconds
[2025-05-17T09:00:24.890+0000] {processor.py:161} INFO - Started process (PID=248) to work on /opt/airflow/dags/monitor_T3.py
[2025-05-17T09:00:24.910+0000] {processor.py:830} INFO - Processing file /opt/airflow/dags/monitor_T3.py for tasks to queue
[2025-05-17T09:00:24.913+0000] {logging_mixin.py:188} INFO - [2025-05-17T09:00:24.912+0000] {dagbag.py:540} INFO - Filling up the DagBag from /opt/airflow/dags/monitor_T3.py
[2025-05-17T09:00:25.045+0000] {processor.py:840} INFO - DAG(s) 'monitor_T3' retrieved from /opt/airflow/dags/monitor_T3.py
[2025-05-17T09:00:25.085+0000] {logging_mixin.py:188} INFO - [2025-05-17T09:00:25.085+0000] {dag.py:3096} INFO - Sync 1 DAGs
[2025-05-17T09:00:25.119+0000] {logging_mixin.py:188} INFO - [2025-05-17T09:00:25.118+0000] {dag.py:3954} INFO - Setting next_dagrun for monitor_T3 to 2025-05-17 09:00:00+00:00, run_after=2025-05-17 10:00:00+00:00
[2025-05-17T09:00:25.214+0000] {processor.py:183} INFO - Processing /opt/airflow/dags/monitor_T3.py took 0.333 seconds
[2025-05-17T09:00:58.020+0000] {processor.py:161} INFO - Started process (PID=266) to work on /opt/airflow/dags/monitor_T3.py
[2025-05-17T09:00:58.023+0000] {processor.py:830} INFO - Processing file /opt/airflow/dags/monitor_T3.py for tasks to queue
[2025-05-17T09:00:58.028+0000] {logging_mixin.py:188} INFO - [2025-05-17T09:00:58.027+0000] {dagbag.py:540} INFO - Filling up the DagBag from /opt/airflow/dags/monitor_T3.py
[2025-05-17T09:00:58.100+0000] {processor.py:840} INFO - DAG(s) 'monitor_T3' retrieved from /opt/airflow/dags/monitor_T3.py
[2025-05-17T09:00:58.177+0000] {logging_mixin.py:188} INFO - [2025-05-17T09:00:58.177+0000] {dag.py:3096} INFO - Sync 1 DAGs
[2025-05-17T09:00:58.285+0000] {logging_mixin.py:188} INFO - [2025-05-17T09:00:58.284+0000] {dag.py:3954} INFO - Setting next_dagrun for monitor_T3 to 2025-05-17 09:00:00+00:00, run_after=2025-05-17 10:00:00+00:00
[2025-05-17T09:00:58.368+0000] {processor.py:183} INFO - Processing /opt/airflow/dags/monitor_T3.py took 0.364 seconds
[2025-05-17T09:01:29.198+0000] {processor.py:161} INFO - Started process (PID=289) to work on /opt/airflow/dags/monitor_T3.py
[2025-05-17T09:01:29.215+0000] {processor.py:830} INFO - Processing file /opt/airflow/dags/monitor_T3.py for tasks to queue
[2025-05-17T09:01:29.222+0000] {logging_mixin.py:188} INFO - [2025-05-17T09:01:29.221+0000] {dagbag.py:540} INFO - Filling up the DagBag from /opt/airflow/dags/monitor_T3.py
[2025-05-17T09:01:29.339+0000] {processor.py:840} INFO - DAG(s) 'monitor_T3' retrieved from /opt/airflow/dags/monitor_T3.py
[2025-05-17T09:01:29.547+0000] {logging_mixin.py:188} INFO - [2025-05-17T09:01:29.545+0000] {dag.py:3096} INFO - Sync 1 DAGs
[2025-05-17T09:01:29.644+0000] {logging_mixin.py:188} INFO - [2025-05-17T09:01:29.643+0000] {dag.py:3954} INFO - Setting next_dagrun for monitor_T3 to 2025-05-17 09:00:00+00:00, run_after=2025-05-17 10:00:00+00:00
[2025-05-17T09:01:29.768+0000] {processor.py:183} INFO - Processing /opt/airflow/dags/monitor_T3.py took 0.583 seconds
[2025-05-17T09:02:01.981+0000] {processor.py:161} INFO - Started process (PID=310) to work on /opt/airflow/dags/monitor_T3.py
[2025-05-17T09:02:01.984+0000] {processor.py:830} INFO - Processing file /opt/airflow/dags/monitor_T3.py for tasks to queue
[2025-05-17T09:02:01.989+0000] {logging_mixin.py:188} INFO - [2025-05-17T09:02:01.988+0000] {dagbag.py:540} INFO - Filling up the DagBag from /opt/airflow/dags/monitor_T3.py
[2025-05-17T09:02:02.110+0000] {processor.py:840} INFO - DAG(s) 'monitor_T3' retrieved from /opt/airflow/dags/monitor_T3.py
[2025-05-17T09:02:02.165+0000] {logging_mixin.py:188} INFO - [2025-05-17T09:02:02.164+0000] {dag.py:3096} INFO - Sync 1 DAGs
[2025-05-17T09:02:02.206+0000] {logging_mixin.py:188} INFO - [2025-05-17T09:02:02.205+0000] {dag.py:3954} INFO - Setting next_dagrun for monitor_T3 to 2025-05-17 09:00:00+00:00, run_after=2025-05-17 10:00:00+00:00
[2025-05-17T09:02:02.290+0000] {processor.py:183} INFO - Processing /opt/airflow/dags/monitor_T3.py took 0.324 seconds
[2025-05-17T09:02:37.022+0000] {processor.py:161} INFO - Started process (PID=330) to work on /opt/airflow/dags/monitor_T3.py
[2025-05-17T09:02:37.026+0000] {processor.py:830} INFO - Processing file /opt/airflow/dags/monitor_T3.py for tasks to queue
[2025-05-17T09:02:37.033+0000] {logging_mixin.py:188} INFO - [2025-05-17T09:02:37.033+0000] {dagbag.py:540} INFO - Filling up the DagBag from /opt/airflow/dags/monitor_T3.py
[2025-05-17T09:02:37.150+0000] {processor.py:840} INFO - DAG(s) 'monitor_T3' retrieved from /opt/airflow/dags/monitor_T3.py
[2025-05-17T09:02:37.239+0000] {logging_mixin.py:188} INFO - [2025-05-17T09:02:37.239+0000] {dag.py:3096} INFO - Sync 1 DAGs
[2025-05-17T09:02:37.293+0000] {logging_mixin.py:188} INFO - [2025-05-17T09:02:37.292+0000] {dag.py:3954} INFO - Setting next_dagrun for monitor_T3 to 2025-05-17 09:00:00+00:00, run_after=2025-05-17 10:00:00+00:00
[2025-05-17T09:02:37.392+0000] {processor.py:183} INFO - Processing /opt/airflow/dags/monitor_T3.py took 0.411 seconds
[2025-05-17T09:03:07.750+0000] {processor.py:161} INFO - Started process (PID=369) to work on /opt/airflow/dags/monitor_T3.py
[2025-05-17T09:03:07.753+0000] {processor.py:830} INFO - Processing file /opt/airflow/dags/monitor_T3.py for tasks to queue
[2025-05-17T09:03:07.760+0000] {logging_mixin.py:188} INFO - [2025-05-17T09:03:07.757+0000] {dagbag.py:540} INFO - Filling up the DagBag from /opt/airflow/dags/monitor_T3.py
[2025-05-17T09:03:07.828+0000] {processor.py:840} INFO - DAG(s) 'monitor_T3' retrieved from /opt/airflow/dags/monitor_T3.py
[2025-05-17T09:03:07.905+0000] {logging_mixin.py:188} INFO - [2025-05-17T09:03:07.905+0000] {dag.py:3096} INFO - Sync 1 DAGs
[2025-05-17T09:03:07.961+0000] {logging_mixin.py:188} INFO - [2025-05-17T09:03:07.960+0000] {dag.py:3954} INFO - Setting next_dagrun for monitor_T3 to 2025-05-17 09:00:00+00:00, run_after=2025-05-17 10:00:00+00:00
[2025-05-17T09:03:08.000+0000] {processor.py:183} INFO - Processing /opt/airflow/dags/monitor_T3.py took 0.266 seconds
[2025-05-17T09:03:38.906+0000] {processor.py:161} INFO - Started process (PID=398) to work on /opt/airflow/dags/monitor_T3.py
[2025-05-17T09:03:38.908+0000] {processor.py:830} INFO - Processing file /opt/airflow/dags/monitor_T3.py for tasks to queue
[2025-05-17T09:03:38.921+0000] {logging_mixin.py:188} INFO - [2025-05-17T09:03:38.921+0000] {dagbag.py:540} INFO - Filling up the DagBag from /opt/airflow/dags/monitor_T3.py
[2025-05-17T09:03:39.087+0000] {processor.py:840} INFO - DAG(s) 'monitor_T3' retrieved from /opt/airflow/dags/monitor_T3.py
[2025-05-17T09:03:39.242+0000] {logging_mixin.py:188} INFO - [2025-05-17T09:03:39.241+0000] {dag.py:3096} INFO - Sync 1 DAGs
[2025-05-17T09:03:39.371+0000] {logging_mixin.py:188} INFO - [2025-05-17T09:03:39.371+0000] {dag.py:3954} INFO - Setting next_dagrun for monitor_T3 to 2025-05-17 09:00:00+00:00, run_after=2025-05-17 10:00:00+00:00
[2025-05-17T09:03:39.443+0000] {processor.py:183} INFO - Processing /opt/airflow/dags/monitor_T3.py took 0.557 seconds
[2025-05-17T09:04:10.203+0000] {processor.py:161} INFO - Started process (PID=413) to work on /opt/airflow/dags/monitor_T3.py
[2025-05-17T09:04:10.210+0000] {processor.py:830} INFO - Processing file /opt/airflow/dags/monitor_T3.py for tasks to queue
[2025-05-17T09:04:10.220+0000] {logging_mixin.py:188} INFO - [2025-05-17T09:04:10.216+0000] {dagbag.py:540} INFO - Filling up the DagBag from /opt/airflow/dags/monitor_T3.py
[2025-05-17T09:04:10.366+0000] {processor.py:840} INFO - DAG(s) 'monitor_T3' retrieved from /opt/airflow/dags/monitor_T3.py
[2025-05-17T09:04:10.502+0000] {logging_mixin.py:188} INFO - [2025-05-17T09:04:10.501+0000] {dag.py:3096} INFO - Sync 1 DAGs
[2025-05-17T09:04:10.579+0000] {logging_mixin.py:188} INFO - [2025-05-17T09:04:10.578+0000] {dag.py:3954} INFO - Setting next_dagrun for monitor_T3 to 2025-05-17 09:00:00+00:00, run_after=2025-05-17 10:00:00+00:00
[2025-05-17T09:04:10.635+0000] {processor.py:183} INFO - Processing /opt/airflow/dags/monitor_T3.py took 0.450 seconds
[2025-05-17T09:04:40.867+0000] {processor.py:161} INFO - Started process (PID=435) to work on /opt/airflow/dags/monitor_T3.py
[2025-05-17T09:04:40.889+0000] {processor.py:830} INFO - Processing file /opt/airflow/dags/monitor_T3.py for tasks to queue
[2025-05-17T09:04:40.892+0000] {logging_mixin.py:188} INFO - [2025-05-17T09:04:40.891+0000] {dagbag.py:540} INFO - Filling up the DagBag from /opt/airflow/dags/monitor_T3.py
[2025-05-17T09:04:40.930+0000] {processor.py:840} INFO - DAG(s) 'monitor_T3' retrieved from /opt/airflow/dags/monitor_T3.py
[2025-05-17T09:04:41.013+0000] {logging_mixin.py:188} INFO - [2025-05-17T09:04:41.012+0000] {dag.py:3096} INFO - Sync 1 DAGs
[2025-05-17T09:04:41.100+0000] {logging_mixin.py:188} INFO - [2025-05-17T09:04:41.100+0000] {dag.py:3954} INFO - Setting next_dagrun for monitor_T3 to 2025-05-17 09:00:00+00:00, run_after=2025-05-17 10:00:00+00:00
[2025-05-17T09:04:41.165+0000] {processor.py:183} INFO - Processing /opt/airflow/dags/monitor_T3.py took 0.309 seconds
[2025-05-17T09:05:11.470+0000] {processor.py:161} INFO - Started process (PID=455) to work on /opt/airflow/dags/monitor_T3.py
[2025-05-17T09:05:11.471+0000] {processor.py:830} INFO - Processing file /opt/airflow/dags/monitor_T3.py for tasks to queue
[2025-05-17T09:05:11.475+0000] {logging_mixin.py:188} INFO - [2025-05-17T09:05:11.474+0000] {dagbag.py:540} INFO - Filling up the DagBag from /opt/airflow/dags/monitor_T3.py
[2025-05-17T09:05:11.530+0000] {processor.py:840} INFO - DAG(s) 'monitor_T3' retrieved from /opt/airflow/dags/monitor_T3.py
[2025-05-17T09:05:11.593+0000] {logging_mixin.py:188} INFO - [2025-05-17T09:05:11.591+0000] {dag.py:3096} INFO - Sync 1 DAGs
[2025-05-17T09:05:11.656+0000] {logging_mixin.py:188} INFO - [2025-05-17T09:05:11.656+0000] {dag.py:3954} INFO - Setting next_dagrun for monitor_T3 to 2025-05-17 09:00:00+00:00, run_after=2025-05-17 10:00:00+00:00
[2025-05-17T09:05:11.698+0000] {processor.py:183} INFO - Processing /opt/airflow/dags/monitor_T3.py took 0.239 seconds
[2025-05-17T09:05:41.977+0000] {processor.py:161} INFO - Started process (PID=475) to work on /opt/airflow/dags/monitor_T3.py
[2025-05-17T09:05:41.980+0000] {processor.py:830} INFO - Processing file /opt/airflow/dags/monitor_T3.py for tasks to queue
[2025-05-17T09:05:41.985+0000] {logging_mixin.py:188} INFO - [2025-05-17T09:05:41.984+0000] {dagbag.py:540} INFO - Filling up the DagBag from /opt/airflow/dags/monitor_T3.py
[2025-05-17T09:05:42.024+0000] {processor.py:840} INFO - DAG(s) 'monitor_T3' retrieved from /opt/airflow/dags/monitor_T3.py
[2025-05-17T09:05:42.058+0000] {logging_mixin.py:188} INFO - [2025-05-17T09:05:42.057+0000] {dag.py:3096} INFO - Sync 1 DAGs
[2025-05-17T09:05:42.123+0000] {logging_mixin.py:188} INFO - [2025-05-17T09:05:42.123+0000] {dag.py:3954} INFO - Setting next_dagrun for monitor_T3 to 2025-05-17 09:00:00+00:00, run_after=2025-05-17 10:00:00+00:00
[2025-05-17T09:05:42.182+0000] {processor.py:183} INFO - Processing /opt/airflow/dags/monitor_T3.py took 0.218 seconds
[2025-05-17T09:06:12.413+0000] {processor.py:161} INFO - Started process (PID=497) to work on /opt/airflow/dags/monitor_T3.py
[2025-05-17T09:06:12.429+0000] {processor.py:830} INFO - Processing file /opt/airflow/dags/monitor_T3.py for tasks to queue
[2025-05-17T09:06:12.438+0000] {logging_mixin.py:188} INFO - [2025-05-17T09:06:12.436+0000] {dagbag.py:540} INFO - Filling up the DagBag from /opt/airflow/dags/monitor_T3.py
[2025-05-17T09:06:12.514+0000] {processor.py:840} INFO - DAG(s) 'monitor_T3' retrieved from /opt/airflow/dags/monitor_T3.py
[2025-05-17T09:06:12.553+0000] {logging_mixin.py:188} INFO - [2025-05-17T09:06:12.552+0000] {dag.py:3096} INFO - Sync 1 DAGs
[2025-05-17T09:06:12.589+0000] {logging_mixin.py:188} INFO - [2025-05-17T09:06:12.589+0000] {dag.py:3954} INFO - Setting next_dagrun for monitor_T3 to 2025-05-17 09:00:00+00:00, run_after=2025-05-17 10:00:00+00:00
[2025-05-17T09:06:12.636+0000] {processor.py:183} INFO - Processing /opt/airflow/dags/monitor_T3.py took 0.236 seconds
