[2025-05-17T08:20:27.435+0000] {processor.py:161} INFO - Started process (PID=174) to work on /opt/airflow/dags/retrain_PWU_dag.py
[2025-05-17T08:20:27.436+0000] {processor.py:830} INFO - Processing file /opt/airflow/dags/retrain_PWU_dag.py for tasks to queue
[2025-05-17T08:20:27.438+0000] {logging_mixin.py:188} INFO - [2025-05-17T08:20:27.437+0000] {dagbag.py:540} INFO - Filling up the DagBag from /opt/airflow/dags/retrain_PWU_dag.py
[2025-05-17T08:20:27.465+0000] {processor.py:840} INFO - DAG(s) 'retrain_PWU_dag' retrieved from /opt/airflow/dags/retrain_PWU_dag.py
[2025-05-17T08:20:27.574+0000] {logging_mixin.py:188} INFO - [2025-05-17T08:20:27.574+0000] {dag.py:3096} INFO - Sync 1 DAGs
[2025-05-17T08:20:27.586+0000] {logging_mixin.py:188} INFO - [2025-05-17T08:20:27.586+0000] {dag.py:3954} INFO - Setting next_dagrun for retrain_PWU_dag to None, run_after=None
[2025-05-17T08:20:27.611+0000] {processor.py:183} INFO - Processing /opt/airflow/dags/retrain_PWU_dag.py took 0.182 seconds
[2025-05-17T08:20:58.171+0000] {processor.py:161} INFO - Started process (PID=221) to work on /opt/airflow/dags/retrain_PWU_dag.py
[2025-05-17T08:20:58.173+0000] {processor.py:830} INFO - Processing file /opt/airflow/dags/retrain_PWU_dag.py for tasks to queue
[2025-05-17T08:20:58.178+0000] {logging_mixin.py:188} INFO - [2025-05-17T08:20:58.177+0000] {dagbag.py:540} INFO - Filling up the DagBag from /opt/airflow/dags/retrain_PWU_dag.py
[2025-05-17T08:20:58.202+0000] {processor.py:840} INFO - DAG(s) 'retrain_PWU_dag' retrieved from /opt/airflow/dags/retrain_PWU_dag.py
[2025-05-17T08:20:58.232+0000] {logging_mixin.py:188} INFO - [2025-05-17T08:20:58.232+0000] {dag.py:3096} INFO - Sync 1 DAGs
[2025-05-17T08:20:58.250+0000] {logging_mixin.py:188} INFO - [2025-05-17T08:20:58.249+0000] {dag.py:3954} INFO - Setting next_dagrun for retrain_PWU_dag to None, run_after=None
[2025-05-17T08:20:58.281+0000] {processor.py:183} INFO - Processing /opt/airflow/dags/retrain_PWU_dag.py took 0.125 seconds
[2025-05-17T08:21:28.943+0000] {processor.py:161} INFO - Started process (PID=241) to work on /opt/airflow/dags/retrain_PWU_dag.py
[2025-05-17T08:21:28.945+0000] {processor.py:830} INFO - Processing file /opt/airflow/dags/retrain_PWU_dag.py for tasks to queue
[2025-05-17T08:21:28.948+0000] {logging_mixin.py:188} INFO - [2025-05-17T08:21:28.947+0000] {dagbag.py:540} INFO - Filling up the DagBag from /opt/airflow/dags/retrain_PWU_dag.py
[2025-05-17T08:21:28.968+0000] {processor.py:840} INFO - DAG(s) 'retrain_PWU_dag' retrieved from /opt/airflow/dags/retrain_PWU_dag.py
[2025-05-17T08:21:28.993+0000] {logging_mixin.py:188} INFO - [2025-05-17T08:21:28.992+0000] {dag.py:3096} INFO - Sync 1 DAGs
[2025-05-17T08:21:29.018+0000] {logging_mixin.py:188} INFO - [2025-05-17T08:21:29.017+0000] {dag.py:3954} INFO - Setting next_dagrun for retrain_PWU_dag to None, run_after=None
[2025-05-17T08:21:29.053+0000] {processor.py:183} INFO - Processing /opt/airflow/dags/retrain_PWU_dag.py took 0.121 seconds
[2025-05-17T08:21:59.703+0000] {processor.py:161} INFO - Started process (PID=261) to work on /opt/airflow/dags/retrain_PWU_dag.py
[2025-05-17T08:21:59.708+0000] {processor.py:830} INFO - Processing file /opt/airflow/dags/retrain_PWU_dag.py for tasks to queue
[2025-05-17T08:21:59.713+0000] {logging_mixin.py:188} INFO - [2025-05-17T08:21:59.713+0000] {dagbag.py:540} INFO - Filling up the DagBag from /opt/airflow/dags/retrain_PWU_dag.py
[2025-05-17T08:21:59.733+0000] {processor.py:840} INFO - DAG(s) 'retrain_PWU_dag' retrieved from /opt/airflow/dags/retrain_PWU_dag.py
[2025-05-17T08:21:59.767+0000] {logging_mixin.py:188} INFO - [2025-05-17T08:21:59.767+0000] {dag.py:3096} INFO - Sync 1 DAGs
[2025-05-17T08:21:59.780+0000] {logging_mixin.py:188} INFO - [2025-05-17T08:21:59.780+0000] {dag.py:3954} INFO - Setting next_dagrun for retrain_PWU_dag to None, run_after=None
[2025-05-17T08:21:59.810+0000] {processor.py:183} INFO - Processing /opt/airflow/dags/retrain_PWU_dag.py took 0.121 seconds
[2025-05-17T08:22:30.609+0000] {processor.py:161} INFO - Started process (PID=283) to work on /opt/airflow/dags/retrain_PWU_dag.py
[2025-05-17T08:22:30.613+0000] {processor.py:830} INFO - Processing file /opt/airflow/dags/retrain_PWU_dag.py for tasks to queue
[2025-05-17T08:22:30.616+0000] {logging_mixin.py:188} INFO - [2025-05-17T08:22:30.615+0000] {dagbag.py:540} INFO - Filling up the DagBag from /opt/airflow/dags/retrain_PWU_dag.py
[2025-05-17T08:22:30.656+0000] {processor.py:840} INFO - DAG(s) 'retrain_PWU_dag' retrieved from /opt/airflow/dags/retrain_PWU_dag.py
[2025-05-17T08:22:30.707+0000] {logging_mixin.py:188} INFO - [2025-05-17T08:22:30.706+0000] {dag.py:3096} INFO - Sync 1 DAGs
[2025-05-17T08:22:30.746+0000] {logging_mixin.py:188} INFO - [2025-05-17T08:22:30.745+0000] {dag.py:3954} INFO - Setting next_dagrun for retrain_PWU_dag to None, run_after=None
[2025-05-17T08:22:30.801+0000] {processor.py:183} INFO - Processing /opt/airflow/dags/retrain_PWU_dag.py took 0.207 seconds
[2025-05-17T08:23:01.344+0000] {processor.py:161} INFO - Started process (PID=303) to work on /opt/airflow/dags/retrain_PWU_dag.py
[2025-05-17T08:23:01.344+0000] {processor.py:830} INFO - Processing file /opt/airflow/dags/retrain_PWU_dag.py for tasks to queue
[2025-05-17T08:23:01.346+0000] {logging_mixin.py:188} INFO - [2025-05-17T08:23:01.346+0000] {dagbag.py:540} INFO - Filling up the DagBag from /opt/airflow/dags/retrain_PWU_dag.py
[2025-05-17T08:23:01.363+0000] {processor.py:840} INFO - DAG(s) 'retrain_PWU_dag' retrieved from /opt/airflow/dags/retrain_PWU_dag.py
[2025-05-17T08:23:01.382+0000] {logging_mixin.py:188} INFO - [2025-05-17T08:23:01.382+0000] {dag.py:3096} INFO - Sync 1 DAGs
[2025-05-17T08:23:01.394+0000] {logging_mixin.py:188} INFO - [2025-05-17T08:23:01.393+0000] {dag.py:3954} INFO - Setting next_dagrun for retrain_PWU_dag to None, run_after=None
[2025-05-17T08:23:01.411+0000] {processor.py:183} INFO - Processing /opt/airflow/dags/retrain_PWU_dag.py took 0.073 seconds
[2025-05-17T08:23:32.013+0000] {processor.py:161} INFO - Started process (PID=323) to work on /opt/airflow/dags/retrain_PWU_dag.py
[2025-05-17T08:23:32.014+0000] {processor.py:830} INFO - Processing file /opt/airflow/dags/retrain_PWU_dag.py for tasks to queue
[2025-05-17T08:23:32.015+0000] {logging_mixin.py:188} INFO - [2025-05-17T08:23:32.015+0000] {dagbag.py:540} INFO - Filling up the DagBag from /opt/airflow/dags/retrain_PWU_dag.py
[2025-05-17T08:23:32.032+0000] {processor.py:840} INFO - DAG(s) 'retrain_PWU_dag' retrieved from /opt/airflow/dags/retrain_PWU_dag.py
[2025-05-17T08:23:32.051+0000] {logging_mixin.py:188} INFO - [2025-05-17T08:23:32.051+0000] {dag.py:3096} INFO - Sync 1 DAGs
[2025-05-17T08:23:32.064+0000] {logging_mixin.py:188} INFO - [2025-05-17T08:23:32.064+0000] {dag.py:3954} INFO - Setting next_dagrun for retrain_PWU_dag to None, run_after=None
[2025-05-17T08:23:32.082+0000] {processor.py:183} INFO - Processing /opt/airflow/dags/retrain_PWU_dag.py took 0.076 seconds
[2025-05-17T08:24:02.547+0000] {processor.py:161} INFO - Started process (PID=343) to work on /opt/airflow/dags/retrain_PWU_dag.py
[2025-05-17T08:24:02.548+0000] {processor.py:830} INFO - Processing file /opt/airflow/dags/retrain_PWU_dag.py for tasks to queue
[2025-05-17T08:24:02.550+0000] {logging_mixin.py:188} INFO - [2025-05-17T08:24:02.550+0000] {dagbag.py:540} INFO - Filling up the DagBag from /opt/airflow/dags/retrain_PWU_dag.py
[2025-05-17T08:24:02.566+0000] {processor.py:840} INFO - DAG(s) 'retrain_PWU_dag' retrieved from /opt/airflow/dags/retrain_PWU_dag.py
[2025-05-17T08:24:02.585+0000] {logging_mixin.py:188} INFO - [2025-05-17T08:24:02.585+0000] {dag.py:3096} INFO - Sync 1 DAGs
[2025-05-17T08:24:02.599+0000] {logging_mixin.py:188} INFO - [2025-05-17T08:24:02.599+0000] {dag.py:3954} INFO - Setting next_dagrun for retrain_PWU_dag to None, run_after=None
[2025-05-17T08:24:02.620+0000] {processor.py:183} INFO - Processing /opt/airflow/dags/retrain_PWU_dag.py took 0.080 seconds
[2025-05-17T08:24:33.082+0000] {processor.py:161} INFO - Started process (PID=363) to work on /opt/airflow/dags/retrain_PWU_dag.py
[2025-05-17T08:24:33.083+0000] {processor.py:830} INFO - Processing file /opt/airflow/dags/retrain_PWU_dag.py for tasks to queue
[2025-05-17T08:24:33.085+0000] {logging_mixin.py:188} INFO - [2025-05-17T08:24:33.085+0000] {dagbag.py:540} INFO - Filling up the DagBag from /opt/airflow/dags/retrain_PWU_dag.py
[2025-05-17T08:24:33.102+0000] {processor.py:840} INFO - DAG(s) 'retrain_PWU_dag' retrieved from /opt/airflow/dags/retrain_PWU_dag.py
[2025-05-17T08:24:33.122+0000] {logging_mixin.py:188} INFO - [2025-05-17T08:24:33.122+0000] {dag.py:3096} INFO - Sync 1 DAGs
[2025-05-17T08:24:33.137+0000] {logging_mixin.py:188} INFO - [2025-05-17T08:24:33.137+0000] {dag.py:3954} INFO - Setting next_dagrun for retrain_PWU_dag to None, run_after=None
[2025-05-17T08:24:33.160+0000] {processor.py:183} INFO - Processing /opt/airflow/dags/retrain_PWU_dag.py took 0.084 seconds
[2025-05-17T08:25:03.763+0000] {processor.py:161} INFO - Started process (PID=383) to work on /opt/airflow/dags/retrain_PWU_dag.py
[2025-05-17T08:25:03.764+0000] {processor.py:830} INFO - Processing file /opt/airflow/dags/retrain_PWU_dag.py for tasks to queue
[2025-05-17T08:25:03.766+0000] {logging_mixin.py:188} INFO - [2025-05-17T08:25:03.766+0000] {dagbag.py:540} INFO - Filling up the DagBag from /opt/airflow/dags/retrain_PWU_dag.py
[2025-05-17T08:25:03.782+0000] {processor.py:840} INFO - DAG(s) 'retrain_PWU_dag' retrieved from /opt/airflow/dags/retrain_PWU_dag.py
[2025-05-17T08:25:03.801+0000] {logging_mixin.py:188} INFO - [2025-05-17T08:25:03.800+0000] {dag.py:3096} INFO - Sync 1 DAGs
[2025-05-17T08:25:03.812+0000] {logging_mixin.py:188} INFO - [2025-05-17T08:25:03.812+0000] {dag.py:3954} INFO - Setting next_dagrun for retrain_PWU_dag to None, run_after=None
[2025-05-17T08:25:03.831+0000] {processor.py:183} INFO - Processing /opt/airflow/dags/retrain_PWU_dag.py took 0.073 seconds
[2025-05-17T08:25:34.464+0000] {processor.py:161} INFO - Started process (PID=405) to work on /opt/airflow/dags/retrain_PWU_dag.py
[2025-05-17T08:25:34.465+0000] {processor.py:830} INFO - Processing file /opt/airflow/dags/retrain_PWU_dag.py for tasks to queue
[2025-05-17T08:25:34.467+0000] {logging_mixin.py:188} INFO - [2025-05-17T08:25:34.467+0000] {dagbag.py:540} INFO - Filling up the DagBag from /opt/airflow/dags/retrain_PWU_dag.py
[2025-05-17T08:25:34.482+0000] {processor.py:840} INFO - DAG(s) 'retrain_PWU_dag' retrieved from /opt/airflow/dags/retrain_PWU_dag.py
[2025-05-17T08:25:34.502+0000] {logging_mixin.py:188} INFO - [2025-05-17T08:25:34.502+0000] {dag.py:3096} INFO - Sync 1 DAGs
[2025-05-17T08:25:34.515+0000] {logging_mixin.py:188} INFO - [2025-05-17T08:25:34.515+0000] {dag.py:3954} INFO - Setting next_dagrun for retrain_PWU_dag to None, run_after=None
[2025-05-17T08:25:34.536+0000] {processor.py:183} INFO - Processing /opt/airflow/dags/retrain_PWU_dag.py took 0.077 seconds
[2025-05-17T08:26:05.170+0000] {processor.py:161} INFO - Started process (PID=423) to work on /opt/airflow/dags/retrain_PWU_dag.py
[2025-05-17T08:26:05.172+0000] {processor.py:830} INFO - Processing file /opt/airflow/dags/retrain_PWU_dag.py for tasks to queue
[2025-05-17T08:26:05.182+0000] {logging_mixin.py:188} INFO - [2025-05-17T08:26:05.180+0000] {dagbag.py:540} INFO - Filling up the DagBag from /opt/airflow/dags/retrain_PWU_dag.py
[2025-05-17T08:26:05.283+0000] {processor.py:840} INFO - DAG(s) 'retrain_PWU_dag' retrieved from /opt/airflow/dags/retrain_PWU_dag.py
[2025-05-17T08:26:05.337+0000] {logging_mixin.py:188} INFO - [2025-05-17T08:26:05.336+0000] {dag.py:3096} INFO - Sync 1 DAGs
[2025-05-17T08:26:05.361+0000] {logging_mixin.py:188} INFO - [2025-05-17T08:26:05.360+0000] {dag.py:3954} INFO - Setting next_dagrun for retrain_PWU_dag to None, run_after=None
[2025-05-17T08:26:05.396+0000] {processor.py:183} INFO - Processing /opt/airflow/dags/retrain_PWU_dag.py took 0.241 seconds
[2025-05-17T08:26:35.996+0000] {processor.py:161} INFO - Started process (PID=443) to work on /opt/airflow/dags/retrain_PWU_dag.py
[2025-05-17T08:26:35.998+0000] {processor.py:830} INFO - Processing file /opt/airflow/dags/retrain_PWU_dag.py for tasks to queue
[2025-05-17T08:26:36.001+0000] {logging_mixin.py:188} INFO - [2025-05-17T08:26:36.000+0000] {dagbag.py:540} INFO - Filling up the DagBag from /opt/airflow/dags/retrain_PWU_dag.py
[2025-05-17T08:26:36.022+0000] {processor.py:840} INFO - DAG(s) 'retrain_PWU_dag' retrieved from /opt/airflow/dags/retrain_PWU_dag.py
[2025-05-17T08:26:36.047+0000] {logging_mixin.py:188} INFO - [2025-05-17T08:26:36.047+0000] {dag.py:3096} INFO - Sync 1 DAGs
[2025-05-17T08:26:36.061+0000] {logging_mixin.py:188} INFO - [2025-05-17T08:26:36.061+0000] {dag.py:3954} INFO - Setting next_dagrun for retrain_PWU_dag to None, run_after=None
[2025-05-17T08:26:36.086+0000] {processor.py:183} INFO - Processing /opt/airflow/dags/retrain_PWU_dag.py took 0.099 seconds
[2025-05-17T08:27:06.523+0000] {processor.py:161} INFO - Started process (PID=463) to work on /opt/airflow/dags/retrain_PWU_dag.py
[2025-05-17T08:27:06.524+0000] {processor.py:830} INFO - Processing file /opt/airflow/dags/retrain_PWU_dag.py for tasks to queue
[2025-05-17T08:27:06.527+0000] {logging_mixin.py:188} INFO - [2025-05-17T08:27:06.526+0000] {dagbag.py:540} INFO - Filling up the DagBag from /opt/airflow/dags/retrain_PWU_dag.py
[2025-05-17T08:27:06.544+0000] {processor.py:840} INFO - DAG(s) 'retrain_PWU_dag' retrieved from /opt/airflow/dags/retrain_PWU_dag.py
[2025-05-17T08:27:06.563+0000] {logging_mixin.py:188} INFO - [2025-05-17T08:27:06.563+0000] {dag.py:3096} INFO - Sync 1 DAGs
[2025-05-17T08:27:06.576+0000] {logging_mixin.py:188} INFO - [2025-05-17T08:27:06.576+0000] {dag.py:3954} INFO - Setting next_dagrun for retrain_PWU_dag to None, run_after=None
[2025-05-17T08:27:06.597+0000] {processor.py:183} INFO - Processing /opt/airflow/dags/retrain_PWU_dag.py took 0.082 seconds
[2025-05-17T08:27:37.092+0000] {processor.py:161} INFO - Started process (PID=483) to work on /opt/airflow/dags/retrain_PWU_dag.py
[2025-05-17T08:27:37.093+0000] {processor.py:830} INFO - Processing file /opt/airflow/dags/retrain_PWU_dag.py for tasks to queue
[2025-05-17T08:27:37.095+0000] {logging_mixin.py:188} INFO - [2025-05-17T08:27:37.095+0000] {dagbag.py:540} INFO - Filling up the DagBag from /opt/airflow/dags/retrain_PWU_dag.py
[2025-05-17T08:27:37.114+0000] {processor.py:840} INFO - DAG(s) 'retrain_PWU_dag' retrieved from /opt/airflow/dags/retrain_PWU_dag.py
[2025-05-17T08:27:37.134+0000] {logging_mixin.py:188} INFO - [2025-05-17T08:27:37.134+0000] {dag.py:3096} INFO - Sync 1 DAGs
[2025-05-17T08:27:37.148+0000] {logging_mixin.py:188} INFO - [2025-05-17T08:27:37.148+0000] {dag.py:3954} INFO - Setting next_dagrun for retrain_PWU_dag to None, run_after=None
[2025-05-17T08:27:37.168+0000] {processor.py:183} INFO - Processing /opt/airflow/dags/retrain_PWU_dag.py took 0.083 seconds
[2025-05-17T08:28:07.703+0000] {processor.py:161} INFO - Started process (PID=503) to work on /opt/airflow/dags/retrain_PWU_dag.py
[2025-05-17T08:28:07.704+0000] {processor.py:830} INFO - Processing file /opt/airflow/dags/retrain_PWU_dag.py for tasks to queue
[2025-05-17T08:28:07.707+0000] {logging_mixin.py:188} INFO - [2025-05-17T08:28:07.706+0000] {dagbag.py:540} INFO - Filling up the DagBag from /opt/airflow/dags/retrain_PWU_dag.py
[2025-05-17T08:28:07.728+0000] {processor.py:840} INFO - DAG(s) 'retrain_PWU_dag' retrieved from /opt/airflow/dags/retrain_PWU_dag.py
[2025-05-17T08:28:07.749+0000] {logging_mixin.py:188} INFO - [2025-05-17T08:28:07.749+0000] {dag.py:3096} INFO - Sync 1 DAGs
[2025-05-17T08:28:07.760+0000] {logging_mixin.py:188} INFO - [2025-05-17T08:28:07.760+0000] {dag.py:3954} INFO - Setting next_dagrun for retrain_PWU_dag to None, run_after=None
[2025-05-17T08:28:07.784+0000] {processor.py:183} INFO - Processing /opt/airflow/dags/retrain_PWU_dag.py took 0.088 seconds
[2025-05-17T08:28:38.299+0000] {processor.py:161} INFO - Started process (PID=523) to work on /opt/airflow/dags/retrain_PWU_dag.py
[2025-05-17T08:28:38.300+0000] {processor.py:830} INFO - Processing file /opt/airflow/dags/retrain_PWU_dag.py for tasks to queue
[2025-05-17T08:28:38.302+0000] {logging_mixin.py:188} INFO - [2025-05-17T08:28:38.302+0000] {dagbag.py:540} INFO - Filling up the DagBag from /opt/airflow/dags/retrain_PWU_dag.py
[2025-05-17T08:28:38.318+0000] {processor.py:840} INFO - DAG(s) 'retrain_PWU_dag' retrieved from /opt/airflow/dags/retrain_PWU_dag.py
[2025-05-17T08:28:38.337+0000] {logging_mixin.py:188} INFO - [2025-05-17T08:28:38.337+0000] {dag.py:3096} INFO - Sync 1 DAGs
[2025-05-17T08:28:38.350+0000] {logging_mixin.py:188} INFO - [2025-05-17T08:28:38.350+0000] {dag.py:3954} INFO - Setting next_dagrun for retrain_PWU_dag to None, run_after=None
[2025-05-17T08:28:38.371+0000] {processor.py:183} INFO - Processing /opt/airflow/dags/retrain_PWU_dag.py took 0.079 seconds
[2025-05-17T08:29:08.859+0000] {processor.py:161} INFO - Started process (PID=543) to work on /opt/airflow/dags/retrain_PWU_dag.py
[2025-05-17T08:29:08.860+0000] {processor.py:830} INFO - Processing file /opt/airflow/dags/retrain_PWU_dag.py for tasks to queue
[2025-05-17T08:29:08.862+0000] {logging_mixin.py:188} INFO - [2025-05-17T08:29:08.862+0000] {dagbag.py:540} INFO - Filling up the DagBag from /opt/airflow/dags/retrain_PWU_dag.py
[2025-05-17T08:29:08.879+0000] {processor.py:840} INFO - DAG(s) 'retrain_PWU_dag' retrieved from /opt/airflow/dags/retrain_PWU_dag.py
[2025-05-17T08:29:08.898+0000] {logging_mixin.py:188} INFO - [2025-05-17T08:29:08.898+0000] {dag.py:3096} INFO - Sync 1 DAGs
[2025-05-17T08:29:08.911+0000] {logging_mixin.py:188} INFO - [2025-05-17T08:29:08.911+0000] {dag.py:3954} INFO - Setting next_dagrun for retrain_PWU_dag to None, run_after=None
[2025-05-17T08:29:08.930+0000] {processor.py:183} INFO - Processing /opt/airflow/dags/retrain_PWU_dag.py took 0.077 seconds
[2025-05-17T08:29:39.385+0000] {processor.py:161} INFO - Started process (PID=563) to work on /opt/airflow/dags/retrain_PWU_dag.py
[2025-05-17T08:29:39.386+0000] {processor.py:830} INFO - Processing file /opt/airflow/dags/retrain_PWU_dag.py for tasks to queue
[2025-05-17T08:29:39.388+0000] {logging_mixin.py:188} INFO - [2025-05-17T08:29:39.387+0000] {dagbag.py:540} INFO - Filling up the DagBag from /opt/airflow/dags/retrain_PWU_dag.py
[2025-05-17T08:29:39.405+0000] {processor.py:840} INFO - DAG(s) 'retrain_PWU_dag' retrieved from /opt/airflow/dags/retrain_PWU_dag.py
[2025-05-17T08:29:39.425+0000] {logging_mixin.py:188} INFO - [2025-05-17T08:29:39.425+0000] {dag.py:3096} INFO - Sync 1 DAGs
[2025-05-17T08:29:39.439+0000] {logging_mixin.py:188} INFO - [2025-05-17T08:29:39.439+0000] {dag.py:3954} INFO - Setting next_dagrun for retrain_PWU_dag to None, run_after=None
[2025-05-17T08:29:39.458+0000] {processor.py:183} INFO - Processing /opt/airflow/dags/retrain_PWU_dag.py took 0.081 seconds
[2025-05-17T08:30:09.938+0000] {processor.py:161} INFO - Started process (PID=583) to work on /opt/airflow/dags/retrain_PWU_dag.py
[2025-05-17T08:30:09.939+0000] {processor.py:830} INFO - Processing file /opt/airflow/dags/retrain_PWU_dag.py for tasks to queue
[2025-05-17T08:30:09.941+0000] {logging_mixin.py:188} INFO - [2025-05-17T08:30:09.941+0000] {dagbag.py:540} INFO - Filling up the DagBag from /opt/airflow/dags/retrain_PWU_dag.py
[2025-05-17T08:30:09.960+0000] {processor.py:840} INFO - DAG(s) 'retrain_PWU_dag' retrieved from /opt/airflow/dags/retrain_PWU_dag.py
[2025-05-17T08:30:09.984+0000] {logging_mixin.py:188} INFO - [2025-05-17T08:30:09.983+0000] {dag.py:3096} INFO - Sync 1 DAGs
[2025-05-17T08:30:09.999+0000] {logging_mixin.py:188} INFO - [2025-05-17T08:30:09.999+0000] {dag.py:3954} INFO - Setting next_dagrun for retrain_PWU_dag to None, run_after=None
[2025-05-17T08:30:10.018+0000] {processor.py:183} INFO - Processing /opt/airflow/dags/retrain_PWU_dag.py took 0.086 seconds
[2025-05-17T08:30:40.613+0000] {processor.py:161} INFO - Started process (PID=603) to work on /opt/airflow/dags/retrain_PWU_dag.py
[2025-05-17T08:30:40.615+0000] {processor.py:830} INFO - Processing file /opt/airflow/dags/retrain_PWU_dag.py for tasks to queue
[2025-05-17T08:30:40.617+0000] {logging_mixin.py:188} INFO - [2025-05-17T08:30:40.616+0000] {dagbag.py:540} INFO - Filling up the DagBag from /opt/airflow/dags/retrain_PWU_dag.py
[2025-05-17T08:30:40.638+0000] {processor.py:840} INFO - DAG(s) 'retrain_PWU_dag' retrieved from /opt/airflow/dags/retrain_PWU_dag.py
[2025-05-17T08:30:40.660+0000] {logging_mixin.py:188} INFO - [2025-05-17T08:30:40.660+0000] {dag.py:3096} INFO - Sync 1 DAGs
[2025-05-17T08:30:40.674+0000] {logging_mixin.py:188} INFO - [2025-05-17T08:30:40.674+0000] {dag.py:3954} INFO - Setting next_dagrun for retrain_PWU_dag to None, run_after=None
[2025-05-17T08:30:40.694+0000] {processor.py:183} INFO - Processing /opt/airflow/dags/retrain_PWU_dag.py took 0.089 seconds
[2025-05-17T08:31:11.096+0000] {processor.py:161} INFO - Started process (PID=623) to work on /opt/airflow/dags/retrain_PWU_dag.py
[2025-05-17T08:31:11.097+0000] {processor.py:830} INFO - Processing file /opt/airflow/dags/retrain_PWU_dag.py for tasks to queue
[2025-05-17T08:31:11.099+0000] {logging_mixin.py:188} INFO - [2025-05-17T08:31:11.099+0000] {dagbag.py:540} INFO - Filling up the DagBag from /opt/airflow/dags/retrain_PWU_dag.py
[2025-05-17T08:31:11.115+0000] {processor.py:840} INFO - DAG(s) 'retrain_PWU_dag' retrieved from /opt/airflow/dags/retrain_PWU_dag.py
[2025-05-17T08:31:11.139+0000] {logging_mixin.py:188} INFO - [2025-05-17T08:31:11.138+0000] {dag.py:3096} INFO - Sync 1 DAGs
[2025-05-17T08:31:11.153+0000] {logging_mixin.py:188} INFO - [2025-05-17T08:31:11.153+0000] {dag.py:3954} INFO - Setting next_dagrun for retrain_PWU_dag to None, run_after=None
[2025-05-17T08:31:11.173+0000] {processor.py:183} INFO - Processing /opt/airflow/dags/retrain_PWU_dag.py took 0.084 seconds
[2025-05-17T08:31:41.716+0000] {processor.py:161} INFO - Started process (PID=643) to work on /opt/airflow/dags/retrain_PWU_dag.py
[2025-05-17T08:31:41.717+0000] {processor.py:830} INFO - Processing file /opt/airflow/dags/retrain_PWU_dag.py for tasks to queue
[2025-05-17T08:31:41.719+0000] {logging_mixin.py:188} INFO - [2025-05-17T08:31:41.718+0000] {dagbag.py:540} INFO - Filling up the DagBag from /opt/airflow/dags/retrain_PWU_dag.py
[2025-05-17T08:31:41.736+0000] {processor.py:840} INFO - DAG(s) 'retrain_PWU_dag' retrieved from /opt/airflow/dags/retrain_PWU_dag.py
[2025-05-17T08:31:41.755+0000] {logging_mixin.py:188} INFO - [2025-05-17T08:31:41.755+0000] {dag.py:3096} INFO - Sync 1 DAGs
[2025-05-17T08:31:41.767+0000] {logging_mixin.py:188} INFO - [2025-05-17T08:31:41.767+0000] {dag.py:3954} INFO - Setting next_dagrun for retrain_PWU_dag to None, run_after=None
[2025-05-17T08:31:41.788+0000] {processor.py:183} INFO - Processing /opt/airflow/dags/retrain_PWU_dag.py took 0.078 seconds
[2025-05-17T08:32:12.197+0000] {processor.py:161} INFO - Started process (PID=665) to work on /opt/airflow/dags/retrain_PWU_dag.py
[2025-05-17T08:32:12.198+0000] {processor.py:830} INFO - Processing file /opt/airflow/dags/retrain_PWU_dag.py for tasks to queue
[2025-05-17T08:32:12.200+0000] {logging_mixin.py:188} INFO - [2025-05-17T08:32:12.200+0000] {dagbag.py:540} INFO - Filling up the DagBag from /opt/airflow/dags/retrain_PWU_dag.py
[2025-05-17T08:32:12.218+0000] {processor.py:840} INFO - DAG(s) 'retrain_PWU_dag' retrieved from /opt/airflow/dags/retrain_PWU_dag.py
[2025-05-17T08:32:12.238+0000] {logging_mixin.py:188} INFO - [2025-05-17T08:32:12.238+0000] {dag.py:3096} INFO - Sync 1 DAGs
[2025-05-17T08:32:12.251+0000] {logging_mixin.py:188} INFO - [2025-05-17T08:32:12.251+0000] {dag.py:3954} INFO - Setting next_dagrun for retrain_PWU_dag to None, run_after=None
[2025-05-17T08:32:12.271+0000] {processor.py:183} INFO - Processing /opt/airflow/dags/retrain_PWU_dag.py took 0.082 seconds
[2025-05-17T08:32:42.822+0000] {processor.py:161} INFO - Started process (PID=683) to work on /opt/airflow/dags/retrain_PWU_dag.py
[2025-05-17T08:32:42.823+0000] {processor.py:830} INFO - Processing file /opt/airflow/dags/retrain_PWU_dag.py for tasks to queue
[2025-05-17T08:32:42.825+0000] {logging_mixin.py:188} INFO - [2025-05-17T08:32:42.825+0000] {dagbag.py:540} INFO - Filling up the DagBag from /opt/airflow/dags/retrain_PWU_dag.py
[2025-05-17T08:32:42.841+0000] {processor.py:840} INFO - DAG(s) 'retrain_PWU_dag' retrieved from /opt/airflow/dags/retrain_PWU_dag.py
[2025-05-17T08:32:42.861+0000] {logging_mixin.py:188} INFO - [2025-05-17T08:32:42.861+0000] {dag.py:3096} INFO - Sync 1 DAGs
[2025-05-17T08:32:42.874+0000] {logging_mixin.py:188} INFO - [2025-05-17T08:32:42.874+0000] {dag.py:3954} INFO - Setting next_dagrun for retrain_PWU_dag to None, run_after=None
[2025-05-17T08:32:42.895+0000] {processor.py:183} INFO - Processing /opt/airflow/dags/retrain_PWU_dag.py took 0.079 seconds
[2025-05-17T08:33:13.425+0000] {processor.py:161} INFO - Started process (PID=703) to work on /opt/airflow/dags/retrain_PWU_dag.py
[2025-05-17T08:33:13.427+0000] {processor.py:830} INFO - Processing file /opt/airflow/dags/retrain_PWU_dag.py for tasks to queue
[2025-05-17T08:33:13.431+0000] {logging_mixin.py:188} INFO - [2025-05-17T08:33:13.430+0000] {dagbag.py:540} INFO - Filling up the DagBag from /opt/airflow/dags/retrain_PWU_dag.py
[2025-05-17T08:33:13.454+0000] {processor.py:840} INFO - DAG(s) 'retrain_PWU_dag' retrieved from /opt/airflow/dags/retrain_PWU_dag.py
[2025-05-17T08:33:13.474+0000] {logging_mixin.py:188} INFO - [2025-05-17T08:33:13.474+0000] {dag.py:3096} INFO - Sync 1 DAGs
[2025-05-17T08:33:13.487+0000] {logging_mixin.py:188} INFO - [2025-05-17T08:33:13.486+0000] {dag.py:3954} INFO - Setting next_dagrun for retrain_PWU_dag to None, run_after=None
[2025-05-17T08:33:13.507+0000] {processor.py:183} INFO - Processing /opt/airflow/dags/retrain_PWU_dag.py took 0.092 seconds
[2025-05-17T08:33:43.986+0000] {processor.py:161} INFO - Started process (PID=723) to work on /opt/airflow/dags/retrain_PWU_dag.py
[2025-05-17T08:33:43.988+0000] {processor.py:830} INFO - Processing file /opt/airflow/dags/retrain_PWU_dag.py for tasks to queue
[2025-05-17T08:33:43.990+0000] {logging_mixin.py:188} INFO - [2025-05-17T08:33:43.989+0000] {dagbag.py:540} INFO - Filling up the DagBag from /opt/airflow/dags/retrain_PWU_dag.py
[2025-05-17T08:33:44.008+0000] {processor.py:840} INFO - DAG(s) 'retrain_PWU_dag' retrieved from /opt/airflow/dags/retrain_PWU_dag.py
[2025-05-17T08:33:44.028+0000] {logging_mixin.py:188} INFO - [2025-05-17T08:33:44.027+0000] {dag.py:3096} INFO - Sync 1 DAGs
[2025-05-17T08:33:44.040+0000] {logging_mixin.py:188} INFO - [2025-05-17T08:33:44.040+0000] {dag.py:3954} INFO - Setting next_dagrun for retrain_PWU_dag to None, run_after=None
[2025-05-17T08:33:44.060+0000] {processor.py:183} INFO - Processing /opt/airflow/dags/retrain_PWU_dag.py took 0.082 seconds
[2025-05-17T08:34:14.572+0000] {processor.py:161} INFO - Started process (PID=743) to work on /opt/airflow/dags/retrain_PWU_dag.py
[2025-05-17T08:34:14.573+0000] {processor.py:830} INFO - Processing file /opt/airflow/dags/retrain_PWU_dag.py for tasks to queue
[2025-05-17T08:34:14.574+0000] {logging_mixin.py:188} INFO - [2025-05-17T08:34:14.574+0000] {dagbag.py:540} INFO - Filling up the DagBag from /opt/airflow/dags/retrain_PWU_dag.py
[2025-05-17T08:34:14.591+0000] {processor.py:840} INFO - DAG(s) 'retrain_PWU_dag' retrieved from /opt/airflow/dags/retrain_PWU_dag.py
[2025-05-17T08:34:14.611+0000] {logging_mixin.py:188} INFO - [2025-05-17T08:34:14.610+0000] {dag.py:3096} INFO - Sync 1 DAGs
[2025-05-17T08:34:14.624+0000] {logging_mixin.py:188} INFO - [2025-05-17T08:34:14.624+0000] {dag.py:3954} INFO - Setting next_dagrun for retrain_PWU_dag to None, run_after=None
[2025-05-17T08:34:14.645+0000] {processor.py:183} INFO - Processing /opt/airflow/dags/retrain_PWU_dag.py took 0.079 seconds
[2025-05-17T08:34:45.262+0000] {processor.py:161} INFO - Started process (PID=763) to work on /opt/airflow/dags/retrain_PWU_dag.py
[2025-05-17T08:34:45.263+0000] {processor.py:830} INFO - Processing file /opt/airflow/dags/retrain_PWU_dag.py for tasks to queue
[2025-05-17T08:34:45.265+0000] {logging_mixin.py:188} INFO - [2025-05-17T08:34:45.265+0000] {dagbag.py:540} INFO - Filling up the DagBag from /opt/airflow/dags/retrain_PWU_dag.py
[2025-05-17T08:34:45.282+0000] {processor.py:840} INFO - DAG(s) 'retrain_PWU_dag' retrieved from /opt/airflow/dags/retrain_PWU_dag.py
[2025-05-17T08:34:45.304+0000] {logging_mixin.py:188} INFO - [2025-05-17T08:34:45.303+0000] {dag.py:3096} INFO - Sync 1 DAGs
[2025-05-17T08:34:45.316+0000] {logging_mixin.py:188} INFO - [2025-05-17T08:34:45.316+0000] {dag.py:3954} INFO - Setting next_dagrun for retrain_PWU_dag to None, run_after=None
[2025-05-17T08:34:45.339+0000] {processor.py:183} INFO - Processing /opt/airflow/dags/retrain_PWU_dag.py took 0.082 seconds
[2025-05-17T08:35:15.848+0000] {processor.py:161} INFO - Started process (PID=783) to work on /opt/airflow/dags/retrain_PWU_dag.py
[2025-05-17T08:35:15.849+0000] {processor.py:830} INFO - Processing file /opt/airflow/dags/retrain_PWU_dag.py for tasks to queue
[2025-05-17T08:35:15.851+0000] {logging_mixin.py:188} INFO - [2025-05-17T08:35:15.850+0000] {dagbag.py:540} INFO - Filling up the DagBag from /opt/airflow/dags/retrain_PWU_dag.py
[2025-05-17T08:35:15.866+0000] {processor.py:840} INFO - DAG(s) 'retrain_PWU_dag' retrieved from /opt/airflow/dags/retrain_PWU_dag.py
[2025-05-17T08:35:15.887+0000] {logging_mixin.py:188} INFO - [2025-05-17T08:35:15.887+0000] {dag.py:3096} INFO - Sync 1 DAGs
[2025-05-17T08:35:15.901+0000] {logging_mixin.py:188} INFO - [2025-05-17T08:35:15.900+0000] {dag.py:3954} INFO - Setting next_dagrun for retrain_PWU_dag to None, run_after=None
[2025-05-17T08:35:15.928+0000] {processor.py:183} INFO - Processing /opt/airflow/dags/retrain_PWU_dag.py took 0.087 seconds
[2025-05-17T08:35:46.687+0000] {processor.py:161} INFO - Started process (PID=803) to work on /opt/airflow/dags/retrain_PWU_dag.py
[2025-05-17T08:35:46.687+0000] {processor.py:830} INFO - Processing file /opt/airflow/dags/retrain_PWU_dag.py for tasks to queue
[2025-05-17T08:35:46.689+0000] {logging_mixin.py:188} INFO - [2025-05-17T08:35:46.689+0000] {dagbag.py:540} INFO - Filling up the DagBag from /opt/airflow/dags/retrain_PWU_dag.py
[2025-05-17T08:35:46.707+0000] {processor.py:840} INFO - DAG(s) 'retrain_PWU_dag' retrieved from /opt/airflow/dags/retrain_PWU_dag.py
[2025-05-17T08:35:46.727+0000] {logging_mixin.py:188} INFO - [2025-05-17T08:35:46.726+0000] {dag.py:3096} INFO - Sync 1 DAGs
[2025-05-17T08:35:46.739+0000] {logging_mixin.py:188} INFO - [2025-05-17T08:35:46.739+0000] {dag.py:3954} INFO - Setting next_dagrun for retrain_PWU_dag to None, run_after=None
[2025-05-17T08:35:46.761+0000] {processor.py:183} INFO - Processing /opt/airflow/dags/retrain_PWU_dag.py took 0.080 seconds
[2025-05-17T08:36:17.342+0000] {processor.py:161} INFO - Started process (PID=823) to work on /opt/airflow/dags/retrain_PWU_dag.py
[2025-05-17T08:36:17.343+0000] {processor.py:830} INFO - Processing file /opt/airflow/dags/retrain_PWU_dag.py for tasks to queue
[2025-05-17T08:36:17.344+0000] {logging_mixin.py:188} INFO - [2025-05-17T08:36:17.344+0000] {dagbag.py:540} INFO - Filling up the DagBag from /opt/airflow/dags/retrain_PWU_dag.py
[2025-05-17T08:36:17.363+0000] {processor.py:840} INFO - DAG(s) 'retrain_PWU_dag' retrieved from /opt/airflow/dags/retrain_PWU_dag.py
[2025-05-17T08:36:17.389+0000] {logging_mixin.py:188} INFO - [2025-05-17T08:36:17.389+0000] {dag.py:3096} INFO - Sync 1 DAGs
[2025-05-17T08:36:17.403+0000] {logging_mixin.py:188} INFO - [2025-05-17T08:36:17.403+0000] {dag.py:3954} INFO - Setting next_dagrun for retrain_PWU_dag to None, run_after=None
[2025-05-17T08:36:17.427+0000] {processor.py:183} INFO - Processing /opt/airflow/dags/retrain_PWU_dag.py took 0.093 seconds
[2025-05-17T08:36:47.948+0000] {processor.py:161} INFO - Started process (PID=843) to work on /opt/airflow/dags/retrain_PWU_dag.py
[2025-05-17T08:36:47.949+0000] {processor.py:830} INFO - Processing file /opt/airflow/dags/retrain_PWU_dag.py for tasks to queue
[2025-05-17T08:36:47.950+0000] {logging_mixin.py:188} INFO - [2025-05-17T08:36:47.950+0000] {dagbag.py:540} INFO - Filling up the DagBag from /opt/airflow/dags/retrain_PWU_dag.py
[2025-05-17T08:36:47.967+0000] {processor.py:840} INFO - DAG(s) 'retrain_PWU_dag' retrieved from /opt/airflow/dags/retrain_PWU_dag.py
[2025-05-17T08:36:47.986+0000] {logging_mixin.py:188} INFO - [2025-05-17T08:36:47.985+0000] {dag.py:3096} INFO - Sync 1 DAGs
[2025-05-17T08:36:47.998+0000] {logging_mixin.py:188} INFO - [2025-05-17T08:36:47.998+0000] {dag.py:3954} INFO - Setting next_dagrun for retrain_PWU_dag to None, run_after=None
[2025-05-17T08:36:48.015+0000] {processor.py:183} INFO - Processing /opt/airflow/dags/retrain_PWU_dag.py took 0.073 seconds
[2025-05-17T08:37:18.562+0000] {processor.py:161} INFO - Started process (PID=863) to work on /opt/airflow/dags/retrain_PWU_dag.py
[2025-05-17T08:37:18.563+0000] {processor.py:830} INFO - Processing file /opt/airflow/dags/retrain_PWU_dag.py for tasks to queue
[2025-05-17T08:37:18.565+0000] {logging_mixin.py:188} INFO - [2025-05-17T08:37:18.565+0000] {dagbag.py:540} INFO - Filling up the DagBag from /opt/airflow/dags/retrain_PWU_dag.py
[2025-05-17T08:37:18.581+0000] {processor.py:840} INFO - DAG(s) 'retrain_PWU_dag' retrieved from /opt/airflow/dags/retrain_PWU_dag.py
[2025-05-17T08:37:18.599+0000] {logging_mixin.py:188} INFO - [2025-05-17T08:37:18.599+0000] {dag.py:3096} INFO - Sync 1 DAGs
[2025-05-17T08:37:18.613+0000] {logging_mixin.py:188} INFO - [2025-05-17T08:37:18.612+0000] {dag.py:3954} INFO - Setting next_dagrun for retrain_PWU_dag to None, run_after=None
[2025-05-17T08:37:18.634+0000] {processor.py:183} INFO - Processing /opt/airflow/dags/retrain_PWU_dag.py took 0.078 seconds
[2025-05-17T08:37:49.255+0000] {processor.py:161} INFO - Started process (PID=883) to work on /opt/airflow/dags/retrain_PWU_dag.py
[2025-05-17T08:37:49.256+0000] {processor.py:830} INFO - Processing file /opt/airflow/dags/retrain_PWU_dag.py for tasks to queue
[2025-05-17T08:37:49.258+0000] {logging_mixin.py:188} INFO - [2025-05-17T08:37:49.257+0000] {dagbag.py:540} INFO - Filling up the DagBag from /opt/airflow/dags/retrain_PWU_dag.py
[2025-05-17T08:37:49.275+0000] {processor.py:840} INFO - DAG(s) 'retrain_PWU_dag' retrieved from /opt/airflow/dags/retrain_PWU_dag.py
[2025-05-17T08:37:49.295+0000] {logging_mixin.py:188} INFO - [2025-05-17T08:37:49.295+0000] {dag.py:3096} INFO - Sync 1 DAGs
[2025-05-17T08:37:49.309+0000] {logging_mixin.py:188} INFO - [2025-05-17T08:37:49.309+0000] {dag.py:3954} INFO - Setting next_dagrun for retrain_PWU_dag to None, run_after=None
[2025-05-17T08:37:49.331+0000] {processor.py:183} INFO - Processing /opt/airflow/dags/retrain_PWU_dag.py took 0.082 seconds
[2025-05-17T08:38:19.847+0000] {processor.py:161} INFO - Started process (PID=903) to work on /opt/airflow/dags/retrain_PWU_dag.py
[2025-05-17T08:38:19.848+0000] {processor.py:830} INFO - Processing file /opt/airflow/dags/retrain_PWU_dag.py for tasks to queue
[2025-05-17T08:38:19.850+0000] {logging_mixin.py:188} INFO - [2025-05-17T08:38:19.850+0000] {dagbag.py:540} INFO - Filling up the DagBag from /opt/airflow/dags/retrain_PWU_dag.py
[2025-05-17T08:38:19.867+0000] {processor.py:840} INFO - DAG(s) 'retrain_PWU_dag' retrieved from /opt/airflow/dags/retrain_PWU_dag.py
[2025-05-17T08:38:19.888+0000] {logging_mixin.py:188} INFO - [2025-05-17T08:38:19.887+0000] {dag.py:3096} INFO - Sync 1 DAGs
[2025-05-17T08:38:19.900+0000] {logging_mixin.py:188} INFO - [2025-05-17T08:38:19.900+0000] {dag.py:3954} INFO - Setting next_dagrun for retrain_PWU_dag to None, run_after=None
[2025-05-17T08:38:19.920+0000] {processor.py:183} INFO - Processing /opt/airflow/dags/retrain_PWU_dag.py took 0.079 seconds
[2025-05-17T08:38:50.456+0000] {processor.py:161} INFO - Started process (PID=923) to work on /opt/airflow/dags/retrain_PWU_dag.py
[2025-05-17T08:38:50.458+0000] {processor.py:830} INFO - Processing file /opt/airflow/dags/retrain_PWU_dag.py for tasks to queue
[2025-05-17T08:38:50.460+0000] {logging_mixin.py:188} INFO - [2025-05-17T08:38:50.459+0000] {dagbag.py:540} INFO - Filling up the DagBag from /opt/airflow/dags/retrain_PWU_dag.py
[2025-05-17T08:38:50.476+0000] {processor.py:840} INFO - DAG(s) 'retrain_PWU_dag' retrieved from /opt/airflow/dags/retrain_PWU_dag.py
[2025-05-17T08:38:50.497+0000] {logging_mixin.py:188} INFO - [2025-05-17T08:38:50.497+0000] {dag.py:3096} INFO - Sync 1 DAGs
[2025-05-17T08:38:50.510+0000] {logging_mixin.py:188} INFO - [2025-05-17T08:38:50.510+0000] {dag.py:3954} INFO - Setting next_dagrun for retrain_PWU_dag to None, run_after=None
[2025-05-17T08:38:50.529+0000] {processor.py:183} INFO - Processing /opt/airflow/dags/retrain_PWU_dag.py took 0.079 seconds
[2025-05-17T08:39:21.038+0000] {processor.py:161} INFO - Started process (PID=943) to work on /opt/airflow/dags/retrain_PWU_dag.py
[2025-05-17T08:39:21.039+0000] {processor.py:830} INFO - Processing file /opt/airflow/dags/retrain_PWU_dag.py for tasks to queue
[2025-05-17T08:39:21.041+0000] {logging_mixin.py:188} INFO - [2025-05-17T08:39:21.041+0000] {dagbag.py:540} INFO - Filling up the DagBag from /opt/airflow/dags/retrain_PWU_dag.py
[2025-05-17T08:39:21.062+0000] {processor.py:840} INFO - DAG(s) 'retrain_PWU_dag' retrieved from /opt/airflow/dags/retrain_PWU_dag.py
[2025-05-17T08:39:21.083+0000] {logging_mixin.py:188} INFO - [2025-05-17T08:39:21.082+0000] {dag.py:3096} INFO - Sync 1 DAGs
[2025-05-17T08:39:21.094+0000] {logging_mixin.py:188} INFO - [2025-05-17T08:39:21.094+0000] {dag.py:3954} INFO - Setting next_dagrun for retrain_PWU_dag to None, run_after=None
[2025-05-17T08:39:21.112+0000] {processor.py:183} INFO - Processing /opt/airflow/dags/retrain_PWU_dag.py took 0.082 seconds
[2025-05-17T08:39:51.602+0000] {processor.py:161} INFO - Started process (PID=963) to work on /opt/airflow/dags/retrain_PWU_dag.py
[2025-05-17T08:39:51.603+0000] {processor.py:830} INFO - Processing file /opt/airflow/dags/retrain_PWU_dag.py for tasks to queue
[2025-05-17T08:39:51.605+0000] {logging_mixin.py:188} INFO - [2025-05-17T08:39:51.605+0000] {dagbag.py:540} INFO - Filling up the DagBag from /opt/airflow/dags/retrain_PWU_dag.py
[2025-05-17T08:39:51.626+0000] {processor.py:840} INFO - DAG(s) 'retrain_PWU_dag' retrieved from /opt/airflow/dags/retrain_PWU_dag.py
[2025-05-17T08:39:51.648+0000] {logging_mixin.py:188} INFO - [2025-05-17T08:39:51.648+0000] {dag.py:3096} INFO - Sync 1 DAGs
[2025-05-17T08:39:51.664+0000] {logging_mixin.py:188} INFO - [2025-05-17T08:39:51.663+0000] {dag.py:3954} INFO - Setting next_dagrun for retrain_PWU_dag to None, run_after=None
[2025-05-17T08:39:51.682+0000] {processor.py:183} INFO - Processing /opt/airflow/dags/retrain_PWU_dag.py took 0.086 seconds
[2025-05-17T08:40:22.221+0000] {processor.py:161} INFO - Started process (PID=985) to work on /opt/airflow/dags/retrain_PWU_dag.py
[2025-05-17T08:40:22.222+0000] {processor.py:830} INFO - Processing file /opt/airflow/dags/retrain_PWU_dag.py for tasks to queue
[2025-05-17T08:40:22.224+0000] {logging_mixin.py:188} INFO - [2025-05-17T08:40:22.224+0000] {dagbag.py:540} INFO - Filling up the DagBag from /opt/airflow/dags/retrain_PWU_dag.py
[2025-05-17T08:40:22.240+0000] {processor.py:840} INFO - DAG(s) 'retrain_PWU_dag' retrieved from /opt/airflow/dags/retrain_PWU_dag.py
[2025-05-17T08:40:22.259+0000] {logging_mixin.py:188} INFO - [2025-05-17T08:40:22.259+0000] {dag.py:3096} INFO - Sync 1 DAGs
[2025-05-17T08:40:22.271+0000] {logging_mixin.py:188} INFO - [2025-05-17T08:40:22.271+0000] {dag.py:3954} INFO - Setting next_dagrun for retrain_PWU_dag to None, run_after=None
[2025-05-17T08:40:22.291+0000] {processor.py:183} INFO - Processing /opt/airflow/dags/retrain_PWU_dag.py took 0.075 seconds
[2025-05-17T08:40:52.961+0000] {processor.py:161} INFO - Started process (PID=1003) to work on /opt/airflow/dags/retrain_PWU_dag.py
[2025-05-17T08:40:52.962+0000] {processor.py:830} INFO - Processing file /opt/airflow/dags/retrain_PWU_dag.py for tasks to queue
[2025-05-17T08:40:52.964+0000] {logging_mixin.py:188} INFO - [2025-05-17T08:40:52.964+0000] {dagbag.py:540} INFO - Filling up the DagBag from /opt/airflow/dags/retrain_PWU_dag.py
[2025-05-17T08:40:52.982+0000] {processor.py:840} INFO - DAG(s) 'retrain_PWU_dag' retrieved from /opt/airflow/dags/retrain_PWU_dag.py
[2025-05-17T08:40:53.004+0000] {logging_mixin.py:188} INFO - [2025-05-17T08:40:53.004+0000] {dag.py:3096} INFO - Sync 1 DAGs
[2025-05-17T08:40:53.016+0000] {logging_mixin.py:188} INFO - [2025-05-17T08:40:53.016+0000] {dag.py:3954} INFO - Setting next_dagrun for retrain_PWU_dag to None, run_after=None
[2025-05-17T08:40:53.034+0000] {processor.py:183} INFO - Processing /opt/airflow/dags/retrain_PWU_dag.py took 0.079 seconds
[2025-05-17T08:41:23.435+0000] {processor.py:161} INFO - Started process (PID=1025) to work on /opt/airflow/dags/retrain_PWU_dag.py
[2025-05-17T08:41:23.437+0000] {processor.py:830} INFO - Processing file /opt/airflow/dags/retrain_PWU_dag.py for tasks to queue
[2025-05-17T08:41:23.438+0000] {logging_mixin.py:188} INFO - [2025-05-17T08:41:23.438+0000] {dagbag.py:540} INFO - Filling up the DagBag from /opt/airflow/dags/retrain_PWU_dag.py
[2025-05-17T08:41:23.457+0000] {processor.py:840} INFO - DAG(s) 'retrain_PWU_dag' retrieved from /opt/airflow/dags/retrain_PWU_dag.py
[2025-05-17T08:41:23.476+0000] {logging_mixin.py:188} INFO - [2025-05-17T08:41:23.476+0000] {dag.py:3096} INFO - Sync 1 DAGs
[2025-05-17T08:41:23.490+0000] {logging_mixin.py:188} INFO - [2025-05-17T08:41:23.490+0000] {dag.py:3954} INFO - Setting next_dagrun for retrain_PWU_dag to None, run_after=None
[2025-05-17T08:41:23.507+0000] {processor.py:183} INFO - Processing /opt/airflow/dags/retrain_PWU_dag.py took 0.078 seconds
[2025-05-17T08:41:53.997+0000] {processor.py:161} INFO - Started process (PID=1045) to work on /opt/airflow/dags/retrain_PWU_dag.py
[2025-05-17T08:41:53.998+0000] {processor.py:830} INFO - Processing file /opt/airflow/dags/retrain_PWU_dag.py for tasks to queue
[2025-05-17T08:41:54.000+0000] {logging_mixin.py:188} INFO - [2025-05-17T08:41:53.999+0000] {dagbag.py:540} INFO - Filling up the DagBag from /opt/airflow/dags/retrain_PWU_dag.py
[2025-05-17T08:41:54.017+0000] {processor.py:840} INFO - DAG(s) 'retrain_PWU_dag' retrieved from /opt/airflow/dags/retrain_PWU_dag.py
[2025-05-17T08:41:54.039+0000] {logging_mixin.py:188} INFO - [2025-05-17T08:41:54.039+0000] {dag.py:3096} INFO - Sync 1 DAGs
[2025-05-17T08:41:54.052+0000] {logging_mixin.py:188} INFO - [2025-05-17T08:41:54.052+0000] {dag.py:3954} INFO - Setting next_dagrun for retrain_PWU_dag to None, run_after=None
[2025-05-17T08:41:54.069+0000] {processor.py:183} INFO - Processing /opt/airflow/dags/retrain_PWU_dag.py took 0.081 seconds
[2025-05-17T08:42:24.538+0000] {processor.py:161} INFO - Started process (PID=1065) to work on /opt/airflow/dags/retrain_PWU_dag.py
[2025-05-17T08:42:24.539+0000] {processor.py:830} INFO - Processing file /opt/airflow/dags/retrain_PWU_dag.py for tasks to queue
[2025-05-17T08:42:24.543+0000] {logging_mixin.py:188} INFO - [2025-05-17T08:42:24.543+0000] {dagbag.py:540} INFO - Filling up the DagBag from /opt/airflow/dags/retrain_PWU_dag.py
[2025-05-17T08:42:24.561+0000] {processor.py:840} INFO - DAG(s) 'retrain_PWU_dag' retrieved from /opt/airflow/dags/retrain_PWU_dag.py
[2025-05-17T08:42:24.582+0000] {logging_mixin.py:188} INFO - [2025-05-17T08:42:24.582+0000] {dag.py:3096} INFO - Sync 1 DAGs
[2025-05-17T08:42:24.595+0000] {logging_mixin.py:188} INFO - [2025-05-17T08:42:24.595+0000] {dag.py:3954} INFO - Setting next_dagrun for retrain_PWU_dag to None, run_after=None
[2025-05-17T08:42:24.616+0000] {processor.py:183} INFO - Processing /opt/airflow/dags/retrain_PWU_dag.py took 0.085 seconds
[2025-05-17T08:42:55.216+0000] {processor.py:161} INFO - Started process (PID=1085) to work on /opt/airflow/dags/retrain_PWU_dag.py
[2025-05-17T08:42:55.217+0000] {processor.py:830} INFO - Processing file /opt/airflow/dags/retrain_PWU_dag.py for tasks to queue
[2025-05-17T08:42:55.219+0000] {logging_mixin.py:188} INFO - [2025-05-17T08:42:55.219+0000] {dagbag.py:540} INFO - Filling up the DagBag from /opt/airflow/dags/retrain_PWU_dag.py
[2025-05-17T08:42:55.235+0000] {processor.py:840} INFO - DAG(s) 'retrain_PWU_dag' retrieved from /opt/airflow/dags/retrain_PWU_dag.py
[2025-05-17T08:42:55.254+0000] {logging_mixin.py:188} INFO - [2025-05-17T08:42:55.253+0000] {dag.py:3096} INFO - Sync 1 DAGs
[2025-05-17T08:42:55.267+0000] {logging_mixin.py:188} INFO - [2025-05-17T08:42:55.267+0000] {dag.py:3954} INFO - Setting next_dagrun for retrain_PWU_dag to None, run_after=None
[2025-05-17T08:42:55.287+0000] {processor.py:183} INFO - Processing /opt/airflow/dags/retrain_PWU_dag.py took 0.077 seconds
[2025-05-17T08:43:25.766+0000] {processor.py:161} INFO - Started process (PID=1105) to work on /opt/airflow/dags/retrain_PWU_dag.py
[2025-05-17T08:43:25.767+0000] {processor.py:830} INFO - Processing file /opt/airflow/dags/retrain_PWU_dag.py for tasks to queue
[2025-05-17T08:43:25.770+0000] {logging_mixin.py:188} INFO - [2025-05-17T08:43:25.769+0000] {dagbag.py:540} INFO - Filling up the DagBag from /opt/airflow/dags/retrain_PWU_dag.py
[2025-05-17T08:43:25.788+0000] {processor.py:840} INFO - DAG(s) 'retrain_PWU_dag' retrieved from /opt/airflow/dags/retrain_PWU_dag.py
[2025-05-17T08:43:25.812+0000] {logging_mixin.py:188} INFO - [2025-05-17T08:43:25.811+0000] {dag.py:3096} INFO - Sync 1 DAGs
[2025-05-17T08:43:25.826+0000] {logging_mixin.py:188} INFO - [2025-05-17T08:43:25.826+0000] {dag.py:3954} INFO - Setting next_dagrun for retrain_PWU_dag to None, run_after=None
[2025-05-17T08:43:25.849+0000] {processor.py:183} INFO - Processing /opt/airflow/dags/retrain_PWU_dag.py took 0.091 seconds
[2025-05-17T08:43:56.284+0000] {processor.py:161} INFO - Started process (PID=1125) to work on /opt/airflow/dags/retrain_PWU_dag.py
[2025-05-17T08:43:56.285+0000] {processor.py:830} INFO - Processing file /opt/airflow/dags/retrain_PWU_dag.py for tasks to queue
[2025-05-17T08:43:56.288+0000] {logging_mixin.py:188} INFO - [2025-05-17T08:43:56.288+0000] {dagbag.py:540} INFO - Filling up the DagBag from /opt/airflow/dags/retrain_PWU_dag.py
[2025-05-17T08:43:56.307+0000] {processor.py:840} INFO - DAG(s) 'retrain_PWU_dag' retrieved from /opt/airflow/dags/retrain_PWU_dag.py
[2025-05-17T08:43:56.328+0000] {logging_mixin.py:188} INFO - [2025-05-17T08:43:56.328+0000] {dag.py:3096} INFO - Sync 1 DAGs
[2025-05-17T08:43:56.344+0000] {logging_mixin.py:188} INFO - [2025-05-17T08:43:56.344+0000] {dag.py:3954} INFO - Setting next_dagrun for retrain_PWU_dag to None, run_after=None
[2025-05-17T08:43:56.366+0000] {processor.py:183} INFO - Processing /opt/airflow/dags/retrain_PWU_dag.py took 0.089 seconds
[2025-05-17T08:44:26.863+0000] {processor.py:161} INFO - Started process (PID=1147) to work on /opt/airflow/dags/retrain_PWU_dag.py
[2025-05-17T08:44:26.864+0000] {processor.py:830} INFO - Processing file /opt/airflow/dags/retrain_PWU_dag.py for tasks to queue
[2025-05-17T08:44:26.866+0000] {logging_mixin.py:188} INFO - [2025-05-17T08:44:26.865+0000] {dagbag.py:540} INFO - Filling up the DagBag from /opt/airflow/dags/retrain_PWU_dag.py
[2025-05-17T08:44:26.883+0000] {processor.py:840} INFO - DAG(s) 'retrain_PWU_dag' retrieved from /opt/airflow/dags/retrain_PWU_dag.py
[2025-05-17T08:44:26.901+0000] {logging_mixin.py:188} INFO - [2025-05-17T08:44:26.901+0000] {dag.py:3096} INFO - Sync 1 DAGs
[2025-05-17T08:44:26.914+0000] {logging_mixin.py:188} INFO - [2025-05-17T08:44:26.914+0000] {dag.py:3954} INFO - Setting next_dagrun for retrain_PWU_dag to None, run_after=None
[2025-05-17T08:44:26.933+0000] {processor.py:183} INFO - Processing /opt/airflow/dags/retrain_PWU_dag.py took 0.076 seconds
[2025-05-17T08:44:57.413+0000] {processor.py:161} INFO - Started process (PID=1167) to work on /opt/airflow/dags/retrain_PWU_dag.py
[2025-05-17T08:44:57.415+0000] {processor.py:830} INFO - Processing file /opt/airflow/dags/retrain_PWU_dag.py for tasks to queue
[2025-05-17T08:44:57.417+0000] {logging_mixin.py:188} INFO - [2025-05-17T08:44:57.417+0000] {dagbag.py:540} INFO - Filling up the DagBag from /opt/airflow/dags/retrain_PWU_dag.py
[2025-05-17T08:44:57.435+0000] {processor.py:840} INFO - DAG(s) 'retrain_PWU_dag' retrieved from /opt/airflow/dags/retrain_PWU_dag.py
[2025-05-17T08:44:57.457+0000] {logging_mixin.py:188} INFO - [2025-05-17T08:44:57.457+0000] {dag.py:3096} INFO - Sync 1 DAGs
[2025-05-17T08:44:57.472+0000] {logging_mixin.py:188} INFO - [2025-05-17T08:44:57.472+0000] {dag.py:3954} INFO - Setting next_dagrun for retrain_PWU_dag to None, run_after=None
[2025-05-17T08:44:57.490+0000] {processor.py:183} INFO - Processing /opt/airflow/dags/retrain_PWU_dag.py took 0.085 seconds
[2025-05-17T08:45:28.036+0000] {processor.py:161} INFO - Started process (PID=1189) to work on /opt/airflow/dags/retrain_PWU_dag.py
[2025-05-17T08:45:28.037+0000] {processor.py:830} INFO - Processing file /opt/airflow/dags/retrain_PWU_dag.py for tasks to queue
[2025-05-17T08:45:28.039+0000] {logging_mixin.py:188} INFO - [2025-05-17T08:45:28.039+0000] {dagbag.py:540} INFO - Filling up the DagBag from /opt/airflow/dags/retrain_PWU_dag.py
[2025-05-17T08:45:28.057+0000] {processor.py:840} INFO - DAG(s) 'retrain_PWU_dag' retrieved from /opt/airflow/dags/retrain_PWU_dag.py
[2025-05-17T08:45:28.077+0000] {logging_mixin.py:188} INFO - [2025-05-17T08:45:28.077+0000] {dag.py:3096} INFO - Sync 1 DAGs
[2025-05-17T08:45:28.091+0000] {logging_mixin.py:188} INFO - [2025-05-17T08:45:28.090+0000] {dag.py:3954} INFO - Setting next_dagrun for retrain_PWU_dag to None, run_after=None
[2025-05-17T08:45:28.111+0000] {processor.py:183} INFO - Processing /opt/airflow/dags/retrain_PWU_dag.py took 0.081 seconds
[2025-05-17T08:45:58.791+0000] {processor.py:161} INFO - Started process (PID=1209) to work on /opt/airflow/dags/retrain_PWU_dag.py
[2025-05-17T08:45:58.792+0000] {processor.py:830} INFO - Processing file /opt/airflow/dags/retrain_PWU_dag.py for tasks to queue
[2025-05-17T08:45:58.795+0000] {logging_mixin.py:188} INFO - [2025-05-17T08:45:58.794+0000] {dagbag.py:540} INFO - Filling up the DagBag from /opt/airflow/dags/retrain_PWU_dag.py
[2025-05-17T08:45:58.812+0000] {processor.py:840} INFO - DAG(s) 'retrain_PWU_dag' retrieved from /opt/airflow/dags/retrain_PWU_dag.py
[2025-05-17T08:45:58.836+0000] {logging_mixin.py:188} INFO - [2025-05-17T08:45:58.835+0000] {dag.py:3096} INFO - Sync 1 DAGs
[2025-05-17T08:45:58.851+0000] {logging_mixin.py:188} INFO - [2025-05-17T08:45:58.851+0000] {dag.py:3954} INFO - Setting next_dagrun for retrain_PWU_dag to None, run_after=None
[2025-05-17T08:45:58.877+0000] {processor.py:183} INFO - Processing /opt/airflow/dags/retrain_PWU_dag.py took 0.092 seconds
[2025-05-17T08:46:29.316+0000] {processor.py:161} INFO - Started process (PID=1236) to work on /opt/airflow/dags/retrain_PWU_dag.py
[2025-05-17T08:46:29.318+0000] {processor.py:830} INFO - Processing file /opt/airflow/dags/retrain_PWU_dag.py for tasks to queue
[2025-05-17T08:46:29.319+0000] {logging_mixin.py:188} INFO - [2025-05-17T08:46:29.319+0000] {dagbag.py:540} INFO - Filling up the DagBag from /opt/airflow/dags/retrain_PWU_dag.py
[2025-05-17T08:46:29.339+0000] {processor.py:840} INFO - DAG(s) 'retrain_PWU_dag' retrieved from /opt/airflow/dags/retrain_PWU_dag.py
[2025-05-17T08:46:29.360+0000] {logging_mixin.py:188} INFO - [2025-05-17T08:46:29.360+0000] {dag.py:3096} INFO - Sync 1 DAGs
[2025-05-17T08:46:29.375+0000] {logging_mixin.py:188} INFO - [2025-05-17T08:46:29.375+0000] {dag.py:3954} INFO - Setting next_dagrun for retrain_PWU_dag to None, run_after=None
[2025-05-17T08:46:29.402+0000] {processor.py:183} INFO - Processing /opt/airflow/dags/retrain_PWU_dag.py took 0.093 seconds
[2025-05-17T08:47:00.103+0000] {processor.py:161} INFO - Started process (PID=1276) to work on /opt/airflow/dags/retrain_PWU_dag.py
[2025-05-17T08:47:00.109+0000] {processor.py:830} INFO - Processing file /opt/airflow/dags/retrain_PWU_dag.py for tasks to queue
[2025-05-17T08:47:00.120+0000] {logging_mixin.py:188} INFO - [2025-05-17T08:47:00.117+0000] {dagbag.py:540} INFO - Filling up the DagBag from /opt/airflow/dags/retrain_PWU_dag.py
[2025-05-17T08:47:00.175+0000] {processor.py:840} INFO - DAG(s) 'retrain_PWU_dag' retrieved from /opt/airflow/dags/retrain_PWU_dag.py
[2025-05-17T08:47:00.216+0000] {logging_mixin.py:188} INFO - [2025-05-17T08:47:00.216+0000] {dag.py:3096} INFO - Sync 1 DAGs
[2025-05-17T08:47:00.244+0000] {logging_mixin.py:188} INFO - [2025-05-17T08:47:00.243+0000] {dag.py:3954} INFO - Setting next_dagrun for retrain_PWU_dag to None, run_after=None
[2025-05-17T08:47:00.272+0000] {processor.py:183} INFO - Processing /opt/airflow/dags/retrain_PWU_dag.py took 0.190 seconds
[2025-05-17T08:47:30.874+0000] {processor.py:161} INFO - Started process (PID=1296) to work on /opt/airflow/dags/retrain_PWU_dag.py
[2025-05-17T08:47:30.876+0000] {processor.py:830} INFO - Processing file /opt/airflow/dags/retrain_PWU_dag.py for tasks to queue
[2025-05-17T08:47:30.879+0000] {logging_mixin.py:188} INFO - [2025-05-17T08:47:30.878+0000] {dagbag.py:540} INFO - Filling up the DagBag from /opt/airflow/dags/retrain_PWU_dag.py
[2025-05-17T08:47:30.909+0000] {processor.py:840} INFO - DAG(s) 'retrain_PWU_dag' retrieved from /opt/airflow/dags/retrain_PWU_dag.py
[2025-05-17T08:47:30.943+0000] {logging_mixin.py:188} INFO - [2025-05-17T08:47:30.942+0000] {dag.py:3096} INFO - Sync 1 DAGs
[2025-05-17T08:47:30.972+0000] {logging_mixin.py:188} INFO - [2025-05-17T08:47:30.971+0000] {dag.py:3954} INFO - Setting next_dagrun for retrain_PWU_dag to None, run_after=None
[2025-05-17T08:47:31.012+0000] {processor.py:183} INFO - Processing /opt/airflow/dags/retrain_PWU_dag.py took 0.157 seconds
[2025-05-17T08:48:02.119+0000] {processor.py:161} INFO - Started process (PID=1316) to work on /opt/airflow/dags/retrain_PWU_dag.py
[2025-05-17T08:48:02.120+0000] {processor.py:830} INFO - Processing file /opt/airflow/dags/retrain_PWU_dag.py for tasks to queue
[2025-05-17T08:48:02.124+0000] {logging_mixin.py:188} INFO - [2025-05-17T08:48:02.123+0000] {dagbag.py:540} INFO - Filling up the DagBag from /opt/airflow/dags/retrain_PWU_dag.py
[2025-05-17T08:48:02.195+0000] {processor.py:840} INFO - DAG(s) 'retrain_PWU_dag' retrieved from /opt/airflow/dags/retrain_PWU_dag.py
[2025-05-17T08:48:02.243+0000] {logging_mixin.py:188} INFO - [2025-05-17T08:48:02.243+0000] {dag.py:3096} INFO - Sync 1 DAGs
[2025-05-17T08:48:02.279+0000] {logging_mixin.py:188} INFO - [2025-05-17T08:48:02.278+0000] {dag.py:3954} INFO - Setting next_dagrun for retrain_PWU_dag to None, run_after=None
[2025-05-17T08:48:02.340+0000] {processor.py:183} INFO - Processing /opt/airflow/dags/retrain_PWU_dag.py took 0.236 seconds
[2025-05-17T08:48:32.904+0000] {processor.py:161} INFO - Started process (PID=1340) to work on /opt/airflow/dags/retrain_PWU_dag.py
[2025-05-17T08:48:32.905+0000] {processor.py:830} INFO - Processing file /opt/airflow/dags/retrain_PWU_dag.py for tasks to queue
[2025-05-17T08:48:32.907+0000] {logging_mixin.py:188} INFO - [2025-05-17T08:48:32.906+0000] {dagbag.py:540} INFO - Filling up the DagBag from /opt/airflow/dags/retrain_PWU_dag.py
[2025-05-17T08:48:32.923+0000] {processor.py:840} INFO - DAG(s) 'retrain_PWU_dag' retrieved from /opt/airflow/dags/retrain_PWU_dag.py
[2025-05-17T08:48:32.944+0000] {logging_mixin.py:188} INFO - [2025-05-17T08:48:32.943+0000] {dag.py:3096} INFO - Sync 1 DAGs
[2025-05-17T08:48:32.957+0000] {logging_mixin.py:188} INFO - [2025-05-17T08:48:32.957+0000] {dag.py:3954} INFO - Setting next_dagrun for retrain_PWU_dag to None, run_after=None
[2025-05-17T08:48:33.041+0000] {processor.py:183} INFO - Processing /opt/airflow/dags/retrain_PWU_dag.py took 0.143 seconds
[2025-05-17T08:49:03.544+0000] {processor.py:161} INFO - Started process (PID=1358) to work on /opt/airflow/dags/retrain_PWU_dag.py
[2025-05-17T08:49:03.546+0000] {processor.py:830} INFO - Processing file /opt/airflow/dags/retrain_PWU_dag.py for tasks to queue
[2025-05-17T08:49:03.548+0000] {logging_mixin.py:188} INFO - [2025-05-17T08:49:03.547+0000] {dagbag.py:540} INFO - Filling up the DagBag from /opt/airflow/dags/retrain_PWU_dag.py
[2025-05-17T08:49:03.564+0000] {processor.py:840} INFO - DAG(s) 'retrain_PWU_dag' retrieved from /opt/airflow/dags/retrain_PWU_dag.py
[2025-05-17T08:49:03.587+0000] {logging_mixin.py:188} INFO - [2025-05-17T08:49:03.587+0000] {dag.py:3096} INFO - Sync 1 DAGs
[2025-05-17T08:49:03.600+0000] {logging_mixin.py:188} INFO - [2025-05-17T08:49:03.600+0000] {dag.py:3954} INFO - Setting next_dagrun for retrain_PWU_dag to None, run_after=None
[2025-05-17T08:49:03.619+0000] {processor.py:183} INFO - Processing /opt/airflow/dags/retrain_PWU_dag.py took 0.081 seconds
[2025-05-17T08:49:34.256+0000] {processor.py:161} INFO - Started process (PID=1383) to work on /opt/airflow/dags/retrain_PWU_dag.py
[2025-05-17T08:49:34.257+0000] {processor.py:830} INFO - Processing file /opt/airflow/dags/retrain_PWU_dag.py for tasks to queue
[2025-05-17T08:49:34.260+0000] {logging_mixin.py:188} INFO - [2025-05-17T08:49:34.259+0000] {dagbag.py:540} INFO - Filling up the DagBag from /opt/airflow/dags/retrain_PWU_dag.py
[2025-05-17T08:49:34.275+0000] {processor.py:840} INFO - DAG(s) 'retrain_PWU_dag' retrieved from /opt/airflow/dags/retrain_PWU_dag.py
[2025-05-17T08:49:34.293+0000] {logging_mixin.py:188} INFO - [2025-05-17T08:49:34.293+0000] {dag.py:3096} INFO - Sync 1 DAGs
[2025-05-17T08:49:34.305+0000] {logging_mixin.py:188} INFO - [2025-05-17T08:49:34.305+0000] {dag.py:3954} INFO - Setting next_dagrun for retrain_PWU_dag to None, run_after=None
[2025-05-17T08:49:34.322+0000] {processor.py:183} INFO - Processing /opt/airflow/dags/retrain_PWU_dag.py took 0.073 seconds
[2025-05-17T08:50:39.416+0000] {processor.py:161} INFO - Started process (PID=177) to work on /opt/airflow/dags/retrain_PWU_dag.py
[2025-05-17T08:50:39.417+0000] {processor.py:830} INFO - Processing file /opt/airflow/dags/retrain_PWU_dag.py for tasks to queue
[2025-05-17T08:50:39.419+0000] {logging_mixin.py:188} INFO - [2025-05-17T08:50:39.419+0000] {dagbag.py:540} INFO - Filling up the DagBag from /opt/airflow/dags/retrain_PWU_dag.py
[2025-05-17T08:50:39.437+0000] {processor.py:840} INFO - DAG(s) 'retrain_PWU_dag' retrieved from /opt/airflow/dags/retrain_PWU_dag.py
[2025-05-17T08:50:39.550+0000] {logging_mixin.py:188} INFO - [2025-05-17T08:50:39.550+0000] {dag.py:3096} INFO - Sync 1 DAGs
[2025-05-17T08:50:39.566+0000] {logging_mixin.py:188} INFO - [2025-05-17T08:50:39.566+0000] {dag.py:3954} INFO - Setting next_dagrun for retrain_PWU_dag to None, run_after=None
[2025-05-17T08:50:39.588+0000] {processor.py:183} INFO - Processing /opt/airflow/dags/retrain_PWU_dag.py took 0.178 seconds
[2025-05-17T08:51:10.186+0000] {processor.py:161} INFO - Started process (PID=199) to work on /opt/airflow/dags/retrain_PWU_dag.py
[2025-05-17T08:51:10.187+0000] {processor.py:830} INFO - Processing file /opt/airflow/dags/retrain_PWU_dag.py for tasks to queue
[2025-05-17T08:51:10.188+0000] {logging_mixin.py:188} INFO - [2025-05-17T08:51:10.188+0000] {dagbag.py:540} INFO - Filling up the DagBag from /opt/airflow/dags/retrain_PWU_dag.py
[2025-05-17T08:51:10.205+0000] {processor.py:840} INFO - DAG(s) 'retrain_PWU_dag' retrieved from /opt/airflow/dags/retrain_PWU_dag.py
[2025-05-17T08:51:10.226+0000] {logging_mixin.py:188} INFO - [2025-05-17T08:51:10.226+0000] {dag.py:3096} INFO - Sync 1 DAGs
[2025-05-17T08:51:10.238+0000] {logging_mixin.py:188} INFO - [2025-05-17T08:51:10.238+0000] {dag.py:3954} INFO - Setting next_dagrun for retrain_PWU_dag to None, run_after=None
[2025-05-17T08:51:10.256+0000] {processor.py:183} INFO - Processing /opt/airflow/dags/retrain_PWU_dag.py took 0.076 seconds
[2025-05-17T08:51:40.740+0000] {processor.py:161} INFO - Started process (PID=219) to work on /opt/airflow/dags/retrain_PWU_dag.py
[2025-05-17T08:51:40.741+0000] {processor.py:830} INFO - Processing file /opt/airflow/dags/retrain_PWU_dag.py for tasks to queue
[2025-05-17T08:51:40.744+0000] {logging_mixin.py:188} INFO - [2025-05-17T08:51:40.743+0000] {dagbag.py:540} INFO - Filling up the DagBag from /opt/airflow/dags/retrain_PWU_dag.py
[2025-05-17T08:51:40.762+0000] {processor.py:840} INFO - DAG(s) 'retrain_PWU_dag' retrieved from /opt/airflow/dags/retrain_PWU_dag.py
[2025-05-17T08:51:40.781+0000] {logging_mixin.py:188} INFO - [2025-05-17T08:51:40.781+0000] {dag.py:3096} INFO - Sync 1 DAGs
[2025-05-17T08:51:40.794+0000] {logging_mixin.py:188} INFO - [2025-05-17T08:51:40.794+0000] {dag.py:3954} INFO - Setting next_dagrun for retrain_PWU_dag to None, run_after=None
[2025-05-17T08:51:40.817+0000] {processor.py:183} INFO - Processing /opt/airflow/dags/retrain_PWU_dag.py took 0.086 seconds
[2025-05-17T08:52:11.380+0000] {processor.py:161} INFO - Started process (PID=241) to work on /opt/airflow/dags/retrain_PWU_dag.py
[2025-05-17T08:52:11.381+0000] {processor.py:830} INFO - Processing file /opt/airflow/dags/retrain_PWU_dag.py for tasks to queue
[2025-05-17T08:52:11.383+0000] {logging_mixin.py:188} INFO - [2025-05-17T08:52:11.383+0000] {dagbag.py:540} INFO - Filling up the DagBag from /opt/airflow/dags/retrain_PWU_dag.py
[2025-05-17T08:52:11.401+0000] {processor.py:840} INFO - DAG(s) 'retrain_PWU_dag' retrieved from /opt/airflow/dags/retrain_PWU_dag.py
[2025-05-17T08:52:11.421+0000] {logging_mixin.py:188} INFO - [2025-05-17T08:52:11.421+0000] {dag.py:3096} INFO - Sync 1 DAGs
[2025-05-17T08:52:11.433+0000] {logging_mixin.py:188} INFO - [2025-05-17T08:52:11.432+0000] {dag.py:3954} INFO - Setting next_dagrun for retrain_PWU_dag to None, run_after=None
[2025-05-17T08:52:11.453+0000] {processor.py:183} INFO - Processing /opt/airflow/dags/retrain_PWU_dag.py took 0.079 seconds
[2025-05-17T08:52:41.825+0000] {processor.py:161} INFO - Started process (PID=259) to work on /opt/airflow/dags/retrain_PWU_dag.py
[2025-05-17T08:52:41.826+0000] {processor.py:830} INFO - Processing file /opt/airflow/dags/retrain_PWU_dag.py for tasks to queue
[2025-05-17T08:52:41.827+0000] {logging_mixin.py:188} INFO - [2025-05-17T08:52:41.827+0000] {dagbag.py:540} INFO - Filling up the DagBag from /opt/airflow/dags/retrain_PWU_dag.py
[2025-05-17T08:52:41.846+0000] {processor.py:840} INFO - DAG(s) 'retrain_PWU_dag' retrieved from /opt/airflow/dags/retrain_PWU_dag.py
[2025-05-17T08:52:41.867+0000] {logging_mixin.py:188} INFO - [2025-05-17T08:52:41.866+0000] {dag.py:3096} INFO - Sync 1 DAGs
[2025-05-17T08:52:41.879+0000] {logging_mixin.py:188} INFO - [2025-05-17T08:52:41.878+0000] {dag.py:3954} INFO - Setting next_dagrun for retrain_PWU_dag to None, run_after=None
[2025-05-17T08:52:41.902+0000] {processor.py:183} INFO - Processing /opt/airflow/dags/retrain_PWU_dag.py took 0.084 seconds
[2025-05-17T08:53:12.403+0000] {processor.py:161} INFO - Started process (PID=279) to work on /opt/airflow/dags/retrain_PWU_dag.py
[2025-05-17T08:53:12.404+0000] {processor.py:830} INFO - Processing file /opt/airflow/dags/retrain_PWU_dag.py for tasks to queue
[2025-05-17T08:53:12.406+0000] {logging_mixin.py:188} INFO - [2025-05-17T08:53:12.405+0000] {dagbag.py:540} INFO - Filling up the DagBag from /opt/airflow/dags/retrain_PWU_dag.py
[2025-05-17T08:53:12.432+0000] {processor.py:840} INFO - DAG(s) 'retrain_PWU_dag' retrieved from /opt/airflow/dags/retrain_PWU_dag.py
[2025-05-17T08:53:12.451+0000] {logging_mixin.py:188} INFO - [2025-05-17T08:53:12.451+0000] {dag.py:3096} INFO - Sync 1 DAGs
[2025-05-17T08:53:12.466+0000] {logging_mixin.py:188} INFO - [2025-05-17T08:53:12.466+0000] {dag.py:3954} INFO - Setting next_dagrun for retrain_PWU_dag to None, run_after=None
[2025-05-17T08:53:12.487+0000] {processor.py:183} INFO - Processing /opt/airflow/dags/retrain_PWU_dag.py took 0.090 seconds
[2025-05-17T08:53:42.990+0000] {processor.py:161} INFO - Started process (PID=299) to work on /opt/airflow/dags/retrain_PWU_dag.py
[2025-05-17T08:53:42.990+0000] {processor.py:830} INFO - Processing file /opt/airflow/dags/retrain_PWU_dag.py for tasks to queue
[2025-05-17T08:53:42.992+0000] {logging_mixin.py:188} INFO - [2025-05-17T08:53:42.992+0000] {dagbag.py:540} INFO - Filling up the DagBag from /opt/airflow/dags/retrain_PWU_dag.py
[2025-05-17T08:53:43.007+0000] {processor.py:840} INFO - DAG(s) 'retrain_PWU_dag' retrieved from /opt/airflow/dags/retrain_PWU_dag.py
[2025-05-17T08:53:43.029+0000] {logging_mixin.py:188} INFO - [2025-05-17T08:53:43.029+0000] {dag.py:3096} INFO - Sync 1 DAGs
[2025-05-17T08:53:43.044+0000] {logging_mixin.py:188} INFO - [2025-05-17T08:53:43.044+0000] {dag.py:3954} INFO - Setting next_dagrun for retrain_PWU_dag to None, run_after=None
[2025-05-17T08:53:43.068+0000] {processor.py:183} INFO - Processing /opt/airflow/dags/retrain_PWU_dag.py took 0.085 seconds
[2025-05-17T08:54:13.632+0000] {processor.py:161} INFO - Started process (PID=321) to work on /opt/airflow/dags/retrain_PWU_dag.py
[2025-05-17T08:54:13.633+0000] {processor.py:830} INFO - Processing file /opt/airflow/dags/retrain_PWU_dag.py for tasks to queue
[2025-05-17T08:54:13.635+0000] {logging_mixin.py:188} INFO - [2025-05-17T08:54:13.635+0000] {dagbag.py:540} INFO - Filling up the DagBag from /opt/airflow/dags/retrain_PWU_dag.py
[2025-05-17T08:54:13.653+0000] {processor.py:840} INFO - DAG(s) 'retrain_PWU_dag' retrieved from /opt/airflow/dags/retrain_PWU_dag.py
[2025-05-17T08:54:13.671+0000] {logging_mixin.py:188} INFO - [2025-05-17T08:54:13.671+0000] {dag.py:3096} INFO - Sync 1 DAGs
[2025-05-17T08:54:13.684+0000] {logging_mixin.py:188} INFO - [2025-05-17T08:54:13.684+0000] {dag.py:3954} INFO - Setting next_dagrun for retrain_PWU_dag to None, run_after=None
[2025-05-17T08:54:13.705+0000] {processor.py:183} INFO - Processing /opt/airflow/dags/retrain_PWU_dag.py took 0.078 seconds
[2025-05-17T08:54:44.132+0000] {processor.py:161} INFO - Started process (PID=339) to work on /opt/airflow/dags/retrain_PWU_dag.py
[2025-05-17T08:54:44.133+0000] {processor.py:830} INFO - Processing file /opt/airflow/dags/retrain_PWU_dag.py for tasks to queue
[2025-05-17T08:54:44.134+0000] {logging_mixin.py:188} INFO - [2025-05-17T08:54:44.134+0000] {dagbag.py:540} INFO - Filling up the DagBag from /opt/airflow/dags/retrain_PWU_dag.py
[2025-05-17T08:54:44.150+0000] {processor.py:840} INFO - DAG(s) 'retrain_PWU_dag' retrieved from /opt/airflow/dags/retrain_PWU_dag.py
[2025-05-17T08:54:44.170+0000] {logging_mixin.py:188} INFO - [2025-05-17T08:54:44.170+0000] {dag.py:3096} INFO - Sync 1 DAGs
[2025-05-17T08:54:44.185+0000] {logging_mixin.py:188} INFO - [2025-05-17T08:54:44.185+0000] {dag.py:3954} INFO - Setting next_dagrun for retrain_PWU_dag to None, run_after=None
[2025-05-17T08:54:44.206+0000] {processor.py:183} INFO - Processing /opt/airflow/dags/retrain_PWU_dag.py took 0.080 seconds
[2025-05-17T08:55:14.781+0000] {processor.py:161} INFO - Started process (PID=361) to work on /opt/airflow/dags/retrain_PWU_dag.py
[2025-05-17T08:55:14.782+0000] {processor.py:830} INFO - Processing file /opt/airflow/dags/retrain_PWU_dag.py for tasks to queue
[2025-05-17T08:55:14.784+0000] {logging_mixin.py:188} INFO - [2025-05-17T08:55:14.784+0000] {dagbag.py:540} INFO - Filling up the DagBag from /opt/airflow/dags/retrain_PWU_dag.py
[2025-05-17T08:55:14.800+0000] {processor.py:840} INFO - DAG(s) 'retrain_PWU_dag' retrieved from /opt/airflow/dags/retrain_PWU_dag.py
[2025-05-17T08:55:14.819+0000] {logging_mixin.py:188} INFO - [2025-05-17T08:55:14.819+0000] {dag.py:3096} INFO - Sync 1 DAGs
[2025-05-17T08:55:14.832+0000] {logging_mixin.py:188} INFO - [2025-05-17T08:55:14.832+0000] {dag.py:3954} INFO - Setting next_dagrun for retrain_PWU_dag to None, run_after=None
[2025-05-17T08:55:14.855+0000] {processor.py:183} INFO - Processing /opt/airflow/dags/retrain_PWU_dag.py took 0.079 seconds
[2025-05-17T08:55:45.435+0000] {processor.py:161} INFO - Started process (PID=381) to work on /opt/airflow/dags/retrain_PWU_dag.py
[2025-05-17T08:55:45.436+0000] {processor.py:830} INFO - Processing file /opt/airflow/dags/retrain_PWU_dag.py for tasks to queue
[2025-05-17T08:55:45.438+0000] {logging_mixin.py:188} INFO - [2025-05-17T08:55:45.437+0000] {dagbag.py:540} INFO - Filling up the DagBag from /opt/airflow/dags/retrain_PWU_dag.py
[2025-05-17T08:55:45.455+0000] {processor.py:840} INFO - DAG(s) 'retrain_PWU_dag' retrieved from /opt/airflow/dags/retrain_PWU_dag.py
[2025-05-17T08:55:45.474+0000] {logging_mixin.py:188} INFO - [2025-05-17T08:55:45.474+0000] {dag.py:3096} INFO - Sync 1 DAGs
[2025-05-17T08:55:45.486+0000] {logging_mixin.py:188} INFO - [2025-05-17T08:55:45.486+0000] {dag.py:3954} INFO - Setting next_dagrun for retrain_PWU_dag to None, run_after=None
[2025-05-17T08:55:45.507+0000] {processor.py:183} INFO - Processing /opt/airflow/dags/retrain_PWU_dag.py took 0.077 seconds
[2025-05-17T08:56:15.845+0000] {processor.py:161} INFO - Started process (PID=399) to work on /opt/airflow/dags/retrain_PWU_dag.py
[2025-05-17T08:56:15.846+0000] {processor.py:830} INFO - Processing file /opt/airflow/dags/retrain_PWU_dag.py for tasks to queue
[2025-05-17T08:56:15.848+0000] {logging_mixin.py:188} INFO - [2025-05-17T08:56:15.847+0000] {dagbag.py:540} INFO - Filling up the DagBag from /opt/airflow/dags/retrain_PWU_dag.py
[2025-05-17T08:56:15.867+0000] {processor.py:840} INFO - DAG(s) 'retrain_PWU_dag' retrieved from /opt/airflow/dags/retrain_PWU_dag.py
[2025-05-17T08:56:15.888+0000] {logging_mixin.py:188} INFO - [2025-05-17T08:56:15.887+0000] {dag.py:3096} INFO - Sync 1 DAGs
[2025-05-17T08:56:15.901+0000] {logging_mixin.py:188} INFO - [2025-05-17T08:56:15.901+0000] {dag.py:3954} INFO - Setting next_dagrun for retrain_PWU_dag to None, run_after=None
[2025-05-17T08:56:15.923+0000] {processor.py:183} INFO - Processing /opt/airflow/dags/retrain_PWU_dag.py took 0.084 seconds
[2025-05-17T08:56:46.416+0000] {processor.py:161} INFO - Started process (PID=419) to work on /opt/airflow/dags/retrain_PWU_dag.py
[2025-05-17T08:56:46.417+0000] {processor.py:830} INFO - Processing file /opt/airflow/dags/retrain_PWU_dag.py for tasks to queue
[2025-05-17T08:56:46.419+0000] {logging_mixin.py:188} INFO - [2025-05-17T08:56:46.419+0000] {dagbag.py:540} INFO - Filling up the DagBag from /opt/airflow/dags/retrain_PWU_dag.py
[2025-05-17T08:56:46.438+0000] {processor.py:840} INFO - DAG(s) 'retrain_PWU_dag' retrieved from /opt/airflow/dags/retrain_PWU_dag.py
[2025-05-17T08:56:46.458+0000] {logging_mixin.py:188} INFO - [2025-05-17T08:56:46.457+0000] {dag.py:3096} INFO - Sync 1 DAGs
[2025-05-17T08:56:46.473+0000] {logging_mixin.py:188} INFO - [2025-05-17T08:56:46.473+0000] {dag.py:3954} INFO - Setting next_dagrun for retrain_PWU_dag to None, run_after=None
[2025-05-17T08:56:46.495+0000] {processor.py:183} INFO - Processing /opt/airflow/dags/retrain_PWU_dag.py took 0.086 seconds
[2025-05-17T08:57:17.085+0000] {processor.py:161} INFO - Started process (PID=441) to work on /opt/airflow/dags/retrain_PWU_dag.py
[2025-05-17T08:57:17.086+0000] {processor.py:830} INFO - Processing file /opt/airflow/dags/retrain_PWU_dag.py for tasks to queue
[2025-05-17T08:57:17.088+0000] {logging_mixin.py:188} INFO - [2025-05-17T08:57:17.088+0000] {dagbag.py:540} INFO - Filling up the DagBag from /opt/airflow/dags/retrain_PWU_dag.py
[2025-05-17T08:57:17.105+0000] {processor.py:840} INFO - DAG(s) 'retrain_PWU_dag' retrieved from /opt/airflow/dags/retrain_PWU_dag.py
[2025-05-17T08:57:17.124+0000] {logging_mixin.py:188} INFO - [2025-05-17T08:57:17.124+0000] {dag.py:3096} INFO - Sync 1 DAGs
[2025-05-17T08:57:17.137+0000] {logging_mixin.py:188} INFO - [2025-05-17T08:57:17.137+0000] {dag.py:3954} INFO - Setting next_dagrun for retrain_PWU_dag to None, run_after=None
[2025-05-17T08:57:17.157+0000] {processor.py:183} INFO - Processing /opt/airflow/dags/retrain_PWU_dag.py took 0.078 seconds
[2025-05-17T08:57:47.606+0000] {processor.py:161} INFO - Started process (PID=459) to work on /opt/airflow/dags/retrain_PWU_dag.py
[2025-05-17T08:57:47.607+0000] {processor.py:830} INFO - Processing file /opt/airflow/dags/retrain_PWU_dag.py for tasks to queue
[2025-05-17T08:57:47.608+0000] {logging_mixin.py:188} INFO - [2025-05-17T08:57:47.608+0000] {dagbag.py:540} INFO - Filling up the DagBag from /opt/airflow/dags/retrain_PWU_dag.py
[2025-05-17T08:57:47.624+0000] {processor.py:840} INFO - DAG(s) 'retrain_PWU_dag' retrieved from /opt/airflow/dags/retrain_PWU_dag.py
[2025-05-17T08:57:47.643+0000] {logging_mixin.py:188} INFO - [2025-05-17T08:57:47.643+0000] {dag.py:3096} INFO - Sync 1 DAGs
[2025-05-17T08:57:47.655+0000] {logging_mixin.py:188} INFO - [2025-05-17T08:57:47.654+0000] {dag.py:3954} INFO - Setting next_dagrun for retrain_PWU_dag to None, run_after=None
[2025-05-17T08:57:47.675+0000] {processor.py:183} INFO - Processing /opt/airflow/dags/retrain_PWU_dag.py took 0.075 seconds
[2025-05-17T08:58:18.380+0000] {processor.py:161} INFO - Started process (PID=481) to work on /opt/airflow/dags/retrain_PWU_dag.py
[2025-05-17T08:58:18.381+0000] {processor.py:830} INFO - Processing file /opt/airflow/dags/retrain_PWU_dag.py for tasks to queue
[2025-05-17T08:58:18.383+0000] {logging_mixin.py:188} INFO - [2025-05-17T08:58:18.382+0000] {dagbag.py:540} INFO - Filling up the DagBag from /opt/airflow/dags/retrain_PWU_dag.py
[2025-05-17T08:58:18.399+0000] {processor.py:840} INFO - DAG(s) 'retrain_PWU_dag' retrieved from /opt/airflow/dags/retrain_PWU_dag.py
[2025-05-17T08:58:18.418+0000] {logging_mixin.py:188} INFO - [2025-05-17T08:58:18.418+0000] {dag.py:3096} INFO - Sync 1 DAGs
[2025-05-17T08:58:18.430+0000] {logging_mixin.py:188} INFO - [2025-05-17T08:58:18.430+0000] {dag.py:3954} INFO - Setting next_dagrun for retrain_PWU_dag to None, run_after=None
[2025-05-17T08:58:18.452+0000] {processor.py:183} INFO - Processing /opt/airflow/dags/retrain_PWU_dag.py took 0.077 seconds
[2025-05-17T08:58:48.901+0000] {processor.py:161} INFO - Started process (PID=499) to work on /opt/airflow/dags/retrain_PWU_dag.py
[2025-05-17T08:58:48.902+0000] {processor.py:830} INFO - Processing file /opt/airflow/dags/retrain_PWU_dag.py for tasks to queue
[2025-05-17T08:58:48.905+0000] {logging_mixin.py:188} INFO - [2025-05-17T08:58:48.904+0000] {dagbag.py:540} INFO - Filling up the DagBag from /opt/airflow/dags/retrain_PWU_dag.py
[2025-05-17T08:58:48.927+0000] {processor.py:840} INFO - DAG(s) 'retrain_PWU_dag' retrieved from /opt/airflow/dags/retrain_PWU_dag.py
[2025-05-17T08:58:48.953+0000] {logging_mixin.py:188} INFO - [2025-05-17T08:58:48.952+0000] {dag.py:3096} INFO - Sync 1 DAGs
[2025-05-17T08:58:48.965+0000] {logging_mixin.py:188} INFO - [2025-05-17T08:58:48.965+0000] {dag.py:3954} INFO - Setting next_dagrun for retrain_PWU_dag to None, run_after=None
[2025-05-17T08:58:48.993+0000] {processor.py:183} INFO - Processing /opt/airflow/dags/retrain_PWU_dag.py took 0.101 seconds
[2025-05-17T08:59:53.611+0000] {processor.py:161} INFO - Started process (PID=177) to work on /opt/airflow/dags/retrain_PWU_dag.py
[2025-05-17T08:59:53.612+0000] {processor.py:830} INFO - Processing file /opt/airflow/dags/retrain_PWU_dag.py for tasks to queue
[2025-05-17T08:59:53.615+0000] {logging_mixin.py:188} INFO - [2025-05-17T08:59:53.615+0000] {dagbag.py:540} INFO - Filling up the DagBag from /opt/airflow/dags/retrain_PWU_dag.py
[2025-05-17T08:59:53.632+0000] {processor.py:840} INFO - DAG(s) 'retrain_PWU_dag' retrieved from /opt/airflow/dags/retrain_PWU_dag.py
[2025-05-17T08:59:53.748+0000] {logging_mixin.py:188} INFO - [2025-05-17T08:59:53.748+0000] {dag.py:3096} INFO - Sync 1 DAGs
[2025-05-17T08:59:53.759+0000] {logging_mixin.py:188} INFO - [2025-05-17T08:59:53.758+0000] {dag.py:3954} INFO - Setting next_dagrun for retrain_PWU_dag to None, run_after=None
[2025-05-17T08:59:53.782+0000] {processor.py:183} INFO - Processing /opt/airflow/dags/retrain_PWU_dag.py took 0.178 seconds
[2025-05-17T09:00:25.322+0000] {processor.py:161} INFO - Started process (PID=253) to work on /opt/airflow/dags/retrain_PWU_dag.py
[2025-05-17T09:00:25.349+0000] {processor.py:830} INFO - Processing file /opt/airflow/dags/retrain_PWU_dag.py for tasks to queue
[2025-05-17T09:00:25.351+0000] {logging_mixin.py:188} INFO - [2025-05-17T09:00:25.351+0000] {dagbag.py:540} INFO - Filling up the DagBag from /opt/airflow/dags/retrain_PWU_dag.py
[2025-05-17T09:00:25.412+0000] {processor.py:840} INFO - DAG(s) 'retrain_PWU_dag' retrieved from /opt/airflow/dags/retrain_PWU_dag.py
[2025-05-17T09:00:25.486+0000] {logging_mixin.py:188} INFO - [2025-05-17T09:00:25.485+0000] {dag.py:3096} INFO - Sync 1 DAGs
[2025-05-17T09:00:25.508+0000] {logging_mixin.py:188} INFO - [2025-05-17T09:00:25.508+0000] {dag.py:3954} INFO - Setting next_dagrun for retrain_PWU_dag to None, run_after=None
[2025-05-17T09:00:25.635+0000] {processor.py:183} INFO - Processing /opt/airflow/dags/retrain_PWU_dag.py took 0.324 seconds
[2025-05-17T09:00:58.324+0000] {processor.py:161} INFO - Started process (PID=271) to work on /opt/airflow/dags/retrain_PWU_dag.py
[2025-05-17T09:00:58.327+0000] {processor.py:830} INFO - Processing file /opt/airflow/dags/retrain_PWU_dag.py for tasks to queue
[2025-05-17T09:00:58.344+0000] {logging_mixin.py:188} INFO - [2025-05-17T09:00:58.334+0000] {dagbag.py:540} INFO - Filling up the DagBag from /opt/airflow/dags/retrain_PWU_dag.py
[2025-05-17T09:00:58.396+0000] {processor.py:840} INFO - DAG(s) 'retrain_PWU_dag' retrieved from /opt/airflow/dags/retrain_PWU_dag.py
[2025-05-17T09:00:58.464+0000] {logging_mixin.py:188} INFO - [2025-05-17T09:00:58.463+0000] {dag.py:3096} INFO - Sync 1 DAGs
[2025-05-17T09:00:58.525+0000] {logging_mixin.py:188} INFO - [2025-05-17T09:00:58.518+0000] {dag.py:3954} INFO - Setting next_dagrun for retrain_PWU_dag to None, run_after=None
[2025-05-17T09:00:58.666+0000] {processor.py:183} INFO - Processing /opt/airflow/dags/retrain_PWU_dag.py took 0.361 seconds
[2025-05-17T09:01:29.645+0000] {processor.py:161} INFO - Started process (PID=292) to work on /opt/airflow/dags/retrain_PWU_dag.py
[2025-05-17T09:01:29.654+0000] {processor.py:830} INFO - Processing file /opt/airflow/dags/retrain_PWU_dag.py for tasks to queue
[2025-05-17T09:01:29.671+0000] {logging_mixin.py:188} INFO - [2025-05-17T09:01:29.669+0000] {dagbag.py:540} INFO - Filling up the DagBag from /opt/airflow/dags/retrain_PWU_dag.py
[2025-05-17T09:01:29.798+0000] {processor.py:840} INFO - DAG(s) 'retrain_PWU_dag' retrieved from /opt/airflow/dags/retrain_PWU_dag.py
[2025-05-17T09:01:29.862+0000] {logging_mixin.py:188} INFO - [2025-05-17T09:01:29.861+0000] {dag.py:3096} INFO - Sync 1 DAGs
[2025-05-17T09:01:29.914+0000] {logging_mixin.py:188} INFO - [2025-05-17T09:01:29.913+0000] {dag.py:3954} INFO - Setting next_dagrun for retrain_PWU_dag to None, run_after=None
[2025-05-17T09:01:29.971+0000] {processor.py:183} INFO - Processing /opt/airflow/dags/retrain_PWU_dag.py took 0.355 seconds
[2025-05-17T09:02:02.466+0000] {processor.py:161} INFO - Started process (PID=315) to work on /opt/airflow/dags/retrain_PWU_dag.py
[2025-05-17T09:02:02.468+0000] {processor.py:830} INFO - Processing file /opt/airflow/dags/retrain_PWU_dag.py for tasks to queue
[2025-05-17T09:02:02.472+0000] {logging_mixin.py:188} INFO - [2025-05-17T09:02:02.471+0000] {dagbag.py:540} INFO - Filling up the DagBag from /opt/airflow/dags/retrain_PWU_dag.py
[2025-05-17T09:02:02.540+0000] {processor.py:840} INFO - DAG(s) 'retrain_PWU_dag' retrieved from /opt/airflow/dags/retrain_PWU_dag.py
[2025-05-17T09:02:02.581+0000] {logging_mixin.py:188} INFO - [2025-05-17T09:02:02.581+0000] {dag.py:3096} INFO - Sync 1 DAGs
[2025-05-17T09:02:02.608+0000] {logging_mixin.py:188} INFO - [2025-05-17T09:02:02.607+0000] {dag.py:3954} INFO - Setting next_dagrun for retrain_PWU_dag to None, run_after=None
[2025-05-17T09:02:02.658+0000] {processor.py:183} INFO - Processing /opt/airflow/dags/retrain_PWU_dag.py took 0.206 seconds
[2025-05-17T09:02:37.020+0000] {processor.py:161} INFO - Started process (PID=333) to work on /opt/airflow/dags/retrain_PWU_dag.py
[2025-05-17T09:02:37.023+0000] {processor.py:830} INFO - Processing file /opt/airflow/dags/retrain_PWU_dag.py for tasks to queue
[2025-05-17T09:02:37.030+0000] {logging_mixin.py:188} INFO - [2025-05-17T09:02:37.029+0000] {dagbag.py:540} INFO - Filling up the DagBag from /opt/airflow/dags/retrain_PWU_dag.py
[2025-05-17T09:02:37.087+0000] {processor.py:840} INFO - DAG(s) 'retrain_PWU_dag' retrieved from /opt/airflow/dags/retrain_PWU_dag.py
[2025-05-17T09:02:37.193+0000] {logging_mixin.py:188} INFO - [2025-05-17T09:02:37.192+0000] {dag.py:3096} INFO - Sync 1 DAGs
[2025-05-17T09:02:37.227+0000] {logging_mixin.py:188} INFO - [2025-05-17T09:02:37.227+0000] {dag.py:3954} INFO - Setting next_dagrun for retrain_PWU_dag to None, run_after=None
[2025-05-17T09:02:37.271+0000] {processor.py:183} INFO - Processing /opt/airflow/dags/retrain_PWU_dag.py took 0.272 seconds
[2025-05-17T09:03:07.399+0000] {processor.py:161} INFO - Started process (PID=364) to work on /opt/airflow/dags/retrain_PWU_dag.py
[2025-05-17T09:03:07.409+0000] {processor.py:830} INFO - Processing file /opt/airflow/dags/retrain_PWU_dag.py for tasks to queue
[2025-05-17T09:03:07.419+0000] {logging_mixin.py:188} INFO - [2025-05-17T09:03:07.417+0000] {dagbag.py:540} INFO - Filling up the DagBag from /opt/airflow/dags/retrain_PWU_dag.py
[2025-05-17T09:03:07.468+0000] {processor.py:840} INFO - DAG(s) 'retrain_PWU_dag' retrieved from /opt/airflow/dags/retrain_PWU_dag.py
[2025-05-17T09:03:07.511+0000] {logging_mixin.py:188} INFO - [2025-05-17T09:03:07.510+0000] {dag.py:3096} INFO - Sync 1 DAGs
[2025-05-17T09:03:07.548+0000] {logging_mixin.py:188} INFO - [2025-05-17T09:03:07.548+0000] {dag.py:3954} INFO - Setting next_dagrun for retrain_PWU_dag to None, run_after=None
[2025-05-17T09:03:07.596+0000] {processor.py:183} INFO - Processing /opt/airflow/dags/retrain_PWU_dag.py took 0.213 seconds
[2025-05-17T09:03:38.759+0000] {processor.py:161} INFO - Started process (PID=393) to work on /opt/airflow/dags/retrain_PWU_dag.py
[2025-05-17T09:03:38.776+0000] {processor.py:830} INFO - Processing file /opt/airflow/dags/retrain_PWU_dag.py for tasks to queue
[2025-05-17T09:03:38.802+0000] {logging_mixin.py:188} INFO - [2025-05-17T09:03:38.802+0000] {dagbag.py:540} INFO - Filling up the DagBag from /opt/airflow/dags/retrain_PWU_dag.py
[2025-05-17T09:03:38.859+0000] {processor.py:840} INFO - DAG(s) 'retrain_PWU_dag' retrieved from /opt/airflow/dags/retrain_PWU_dag.py
[2025-05-17T09:03:38.940+0000] {logging_mixin.py:188} INFO - [2025-05-17T09:03:38.939+0000] {dag.py:3096} INFO - Sync 1 DAGs
[2025-05-17T09:03:38.990+0000] {logging_mixin.py:188} INFO - [2025-05-17T09:03:38.990+0000] {dag.py:3954} INFO - Setting next_dagrun for retrain_PWU_dag to None, run_after=None
[2025-05-17T09:03:39.077+0000] {processor.py:183} INFO - Processing /opt/airflow/dags/retrain_PWU_dag.py took 0.338 seconds
[2025-05-17T09:04:10.312+0000] {processor.py:161} INFO - Started process (PID=418) to work on /opt/airflow/dags/retrain_PWU_dag.py
[2025-05-17T09:04:10.325+0000] {processor.py:830} INFO - Processing file /opt/airflow/dags/retrain_PWU_dag.py for tasks to queue
[2025-05-17T09:04:10.328+0000] {logging_mixin.py:188} INFO - [2025-05-17T09:04:10.328+0000] {dagbag.py:540} INFO - Filling up the DagBag from /opt/airflow/dags/retrain_PWU_dag.py
[2025-05-17T09:04:10.516+0000] {processor.py:840} INFO - DAG(s) 'retrain_PWU_dag' retrieved from /opt/airflow/dags/retrain_PWU_dag.py
[2025-05-17T09:04:10.568+0000] {logging_mixin.py:188} INFO - [2025-05-17T09:04:10.568+0000] {dag.py:3096} INFO - Sync 1 DAGs
[2025-05-17T09:04:10.599+0000] {logging_mixin.py:188} INFO - [2025-05-17T09:04:10.598+0000] {dag.py:3954} INFO - Setting next_dagrun for retrain_PWU_dag to None, run_after=None
[2025-05-17T09:04:10.688+0000] {processor.py:183} INFO - Processing /opt/airflow/dags/retrain_PWU_dag.py took 0.398 seconds
[2025-05-17T09:04:41.290+0000] {processor.py:161} INFO - Started process (PID=440) to work on /opt/airflow/dags/retrain_PWU_dag.py
[2025-05-17T09:04:41.293+0000] {processor.py:830} INFO - Processing file /opt/airflow/dags/retrain_PWU_dag.py for tasks to queue
[2025-05-17T09:04:41.298+0000] {logging_mixin.py:188} INFO - [2025-05-17T09:04:41.297+0000] {dagbag.py:540} INFO - Filling up the DagBag from /opt/airflow/dags/retrain_PWU_dag.py
[2025-05-17T09:04:41.338+0000] {processor.py:840} INFO - DAG(s) 'retrain_PWU_dag' retrieved from /opt/airflow/dags/retrain_PWU_dag.py
[2025-05-17T09:04:41.389+0000] {logging_mixin.py:188} INFO - [2025-05-17T09:04:41.388+0000] {dag.py:3096} INFO - Sync 1 DAGs
[2025-05-17T09:04:41.420+0000] {logging_mixin.py:188} INFO - [2025-05-17T09:04:41.420+0000] {dag.py:3954} INFO - Setting next_dagrun for retrain_PWU_dag to None, run_after=None
[2025-05-17T09:04:41.490+0000] {processor.py:183} INFO - Processing /opt/airflow/dags/retrain_PWU_dag.py took 0.213 seconds
[2025-05-17T09:05:11.809+0000] {processor.py:161} INFO - Started process (PID=460) to work on /opt/airflow/dags/retrain_PWU_dag.py
[2025-05-17T09:05:11.810+0000] {processor.py:830} INFO - Processing file /opt/airflow/dags/retrain_PWU_dag.py for tasks to queue
[2025-05-17T09:05:11.814+0000] {logging_mixin.py:188} INFO - [2025-05-17T09:05:11.813+0000] {dagbag.py:540} INFO - Filling up the DagBag from /opt/airflow/dags/retrain_PWU_dag.py
[2025-05-17T09:05:11.882+0000] {processor.py:840} INFO - DAG(s) 'retrain_PWU_dag' retrieved from /opt/airflow/dags/retrain_PWU_dag.py
[2025-05-17T09:05:11.942+0000] {logging_mixin.py:188} INFO - [2025-05-17T09:05:11.941+0000] {dag.py:3096} INFO - Sync 1 DAGs
[2025-05-17T09:05:11.967+0000] {logging_mixin.py:188} INFO - [2025-05-17T09:05:11.967+0000] {dag.py:3954} INFO - Setting next_dagrun for retrain_PWU_dag to None, run_after=None
[2025-05-17T09:05:12.020+0000] {processor.py:183} INFO - Processing /opt/airflow/dags/retrain_PWU_dag.py took 0.228 seconds
[2025-05-17T09:05:42.329+0000] {processor.py:161} INFO - Started process (PID=480) to work on /opt/airflow/dags/retrain_PWU_dag.py
[2025-05-17T09:05:42.331+0000] {processor.py:830} INFO - Processing file /opt/airflow/dags/retrain_PWU_dag.py for tasks to queue
[2025-05-17T09:05:42.334+0000] {logging_mixin.py:188} INFO - [2025-05-17T09:05:42.333+0000] {dagbag.py:540} INFO - Filling up the DagBag from /opt/airflow/dags/retrain_PWU_dag.py
[2025-05-17T09:05:42.359+0000] {processor.py:840} INFO - DAG(s) 'retrain_PWU_dag' retrieved from /opt/airflow/dags/retrain_PWU_dag.py
[2025-05-17T09:05:42.406+0000] {logging_mixin.py:188} INFO - [2025-05-17T09:05:42.405+0000] {dag.py:3096} INFO - Sync 1 DAGs
[2025-05-17T09:05:42.447+0000] {logging_mixin.py:188} INFO - [2025-05-17T09:05:42.446+0000] {dag.py:3954} INFO - Setting next_dagrun for retrain_PWU_dag to None, run_after=None
[2025-05-17T09:05:42.507+0000] {processor.py:183} INFO - Processing /opt/airflow/dags/retrain_PWU_dag.py took 0.190 seconds
[2025-05-17T09:06:12.775+0000] {processor.py:161} INFO - Started process (PID=502) to work on /opt/airflow/dags/retrain_PWU_dag.py
[2025-05-17T09:06:12.777+0000] {processor.py:830} INFO - Processing file /opt/airflow/dags/retrain_PWU_dag.py for tasks to queue
[2025-05-17T09:06:12.782+0000] {logging_mixin.py:188} INFO - [2025-05-17T09:06:12.781+0000] {dagbag.py:540} INFO - Filling up the DagBag from /opt/airflow/dags/retrain_PWU_dag.py
[2025-05-17T09:06:12.848+0000] {processor.py:840} INFO - DAG(s) 'retrain_PWU_dag' retrieved from /opt/airflow/dags/retrain_PWU_dag.py
[2025-05-17T09:06:12.912+0000] {logging_mixin.py:188} INFO - [2025-05-17T09:06:12.911+0000] {dag.py:3096} INFO - Sync 1 DAGs
[2025-05-17T09:06:12.969+0000] {logging_mixin.py:188} INFO - [2025-05-17T09:06:12.969+0000] {dag.py:3954} INFO - Setting next_dagrun for retrain_PWU_dag to None, run_after=None
[2025-05-17T09:06:13.024+0000] {processor.py:183} INFO - Processing /opt/airflow/dags/retrain_PWU_dag.py took 0.269 seconds
