[2025-05-17T08:20:27.084+0000] {processor.py:161} INFO - Started process (PID=164) to work on /opt/airflow/dags/retrain_T3_dag.py
[2025-05-17T08:20:27.085+0000] {processor.py:830} INFO - Processing file /opt/airflow/dags/retrain_T3_dag.py for tasks to queue
[2025-05-17T08:20:27.087+0000] {logging_mixin.py:188} INFO - [2025-05-17T08:20:27.086+0000] {dagbag.py:540} INFO - Filling up the DagBag from /opt/airflow/dags/retrain_T3_dag.py
[2025-05-17T08:20:27.123+0000] {processor.py:840} INFO - DAG(s) 'retrain_T3_dag' retrieved from /opt/airflow/dags/retrain_T3_dag.py
[2025-05-17T08:20:27.360+0000] {logging_mixin.py:188} INFO - [2025-05-17T08:20:27.360+0000] {dag.py:3096} INFO - Sync 1 DAGs
[2025-05-17T08:20:27.373+0000] {logging_mixin.py:188} INFO - [2025-05-17T08:20:27.373+0000] {dag.py:3954} INFO - Setting next_dagrun for retrain_T3_dag to None, run_after=None
[2025-05-17T08:20:27.396+0000] {processor.py:183} INFO - Processing /opt/airflow/dags/retrain_T3_dag.py took 0.318 seconds
[2025-05-17T08:20:57.934+0000] {processor.py:161} INFO - Started process (PID=213) to work on /opt/airflow/dags/retrain_T3_dag.py
[2025-05-17T08:20:57.937+0000] {processor.py:830} INFO - Processing file /opt/airflow/dags/retrain_T3_dag.py for tasks to queue
[2025-05-17T08:20:57.941+0000] {logging_mixin.py:188} INFO - [2025-05-17T08:20:57.940+0000] {dagbag.py:540} INFO - Filling up the DagBag from /opt/airflow/dags/retrain_T3_dag.py
[2025-05-17T08:20:57.972+0000] {processor.py:840} INFO - DAG(s) 'retrain_T3_dag' retrieved from /opt/airflow/dags/retrain_T3_dag.py
[2025-05-17T08:20:58.018+0000] {logging_mixin.py:188} INFO - [2025-05-17T08:20:58.018+0000] {dag.py:3096} INFO - Sync 1 DAGs
[2025-05-17T08:20:58.038+0000] {logging_mixin.py:188} INFO - [2025-05-17T08:20:58.037+0000] {dag.py:3954} INFO - Setting next_dagrun for retrain_T3_dag to None, run_after=None
[2025-05-17T08:20:58.098+0000] {processor.py:183} INFO - Processing /opt/airflow/dags/retrain_T3_dag.py took 0.179 seconds
[2025-05-17T08:21:28.715+0000] {processor.py:161} INFO - Started process (PID=233) to work on /opt/airflow/dags/retrain_T3_dag.py
[2025-05-17T08:21:28.716+0000] {processor.py:830} INFO - Processing file /opt/airflow/dags/retrain_T3_dag.py for tasks to queue
[2025-05-17T08:21:28.717+0000] {logging_mixin.py:188} INFO - [2025-05-17T08:21:28.717+0000] {dagbag.py:540} INFO - Filling up the DagBag from /opt/airflow/dags/retrain_T3_dag.py
[2025-05-17T08:21:28.744+0000] {processor.py:840} INFO - DAG(s) 'retrain_T3_dag' retrieved from /opt/airflow/dags/retrain_T3_dag.py
[2025-05-17T08:21:28.800+0000] {logging_mixin.py:188} INFO - [2025-05-17T08:21:28.799+0000] {dag.py:3096} INFO - Sync 1 DAGs
[2025-05-17T08:21:28.835+0000] {logging_mixin.py:188} INFO - [2025-05-17T08:21:28.835+0000] {dag.py:3954} INFO - Setting next_dagrun for retrain_T3_dag to None, run_after=None
[2025-05-17T08:21:28.892+0000] {processor.py:183} INFO - Processing /opt/airflow/dags/retrain_T3_dag.py took 0.184 seconds
[2025-05-17T08:21:59.477+0000] {processor.py:161} INFO - Started process (PID=253) to work on /opt/airflow/dags/retrain_T3_dag.py
[2025-05-17T08:21:59.479+0000] {processor.py:830} INFO - Processing file /opt/airflow/dags/retrain_T3_dag.py for tasks to queue
[2025-05-17T08:21:59.482+0000] {logging_mixin.py:188} INFO - [2025-05-17T08:21:59.482+0000] {dagbag.py:540} INFO - Filling up the DagBag from /opt/airflow/dags/retrain_T3_dag.py
[2025-05-17T08:21:59.501+0000] {processor.py:840} INFO - DAG(s) 'retrain_T3_dag' retrieved from /opt/airflow/dags/retrain_T3_dag.py
[2025-05-17T08:21:59.532+0000] {logging_mixin.py:188} INFO - [2025-05-17T08:21:59.532+0000] {dag.py:3096} INFO - Sync 1 DAGs
[2025-05-17T08:21:59.579+0000] {logging_mixin.py:188} INFO - [2025-05-17T08:21:59.578+0000] {dag.py:3954} INFO - Setting next_dagrun for retrain_T3_dag to None, run_after=None
[2025-05-17T08:21:59.630+0000] {processor.py:183} INFO - Processing /opt/airflow/dags/retrain_T3_dag.py took 0.166 seconds
[2025-05-17T08:22:30.249+0000] {processor.py:161} INFO - Started process (PID=273) to work on /opt/airflow/dags/retrain_T3_dag.py
[2025-05-17T08:22:30.252+0000] {processor.py:830} INFO - Processing file /opt/airflow/dags/retrain_T3_dag.py for tasks to queue
[2025-05-17T08:22:30.257+0000] {logging_mixin.py:188} INFO - [2025-05-17T08:22:30.256+0000] {dagbag.py:540} INFO - Filling up the DagBag from /opt/airflow/dags/retrain_T3_dag.py
[2025-05-17T08:22:30.310+0000] {processor.py:840} INFO - DAG(s) 'retrain_T3_dag' retrieved from /opt/airflow/dags/retrain_T3_dag.py
[2025-05-17T08:22:30.348+0000] {logging_mixin.py:188} INFO - [2025-05-17T08:22:30.347+0000] {dag.py:3096} INFO - Sync 1 DAGs
[2025-05-17T08:22:30.375+0000] {logging_mixin.py:188} INFO - [2025-05-17T08:22:30.375+0000] {dag.py:3954} INFO - Setting next_dagrun for retrain_T3_dag to None, run_after=None
[2025-05-17T08:22:30.444+0000] {processor.py:183} INFO - Processing /opt/airflow/dags/retrain_T3_dag.py took 0.215 seconds
[2025-05-17T08:23:01.232+0000] {processor.py:161} INFO - Started process (PID=295) to work on /opt/airflow/dags/retrain_T3_dag.py
[2025-05-17T08:23:01.233+0000] {processor.py:830} INFO - Processing file /opt/airflow/dags/retrain_T3_dag.py for tasks to queue
[2025-05-17T08:23:01.236+0000] {logging_mixin.py:188} INFO - [2025-05-17T08:23:01.235+0000] {dagbag.py:540} INFO - Filling up the DagBag from /opt/airflow/dags/retrain_T3_dag.py
[2025-05-17T08:23:01.258+0000] {processor.py:840} INFO - DAG(s) 'retrain_T3_dag' retrieved from /opt/airflow/dags/retrain_T3_dag.py
[2025-05-17T08:23:01.279+0000] {logging_mixin.py:188} INFO - [2025-05-17T08:23:01.279+0000] {dag.py:3096} INFO - Sync 1 DAGs
[2025-05-17T08:23:01.291+0000] {logging_mixin.py:188} INFO - [2025-05-17T08:23:01.291+0000] {dag.py:3954} INFO - Setting next_dagrun for retrain_T3_dag to None, run_after=None
[2025-05-17T08:23:01.309+0000] {processor.py:183} INFO - Processing /opt/airflow/dags/retrain_T3_dag.py took 0.086 seconds
[2025-05-17T08:23:31.899+0000] {processor.py:161} INFO - Started process (PID=315) to work on /opt/airflow/dags/retrain_T3_dag.py
[2025-05-17T08:23:31.900+0000] {processor.py:830} INFO - Processing file /opt/airflow/dags/retrain_T3_dag.py for tasks to queue
[2025-05-17T08:23:31.903+0000] {logging_mixin.py:188} INFO - [2025-05-17T08:23:31.902+0000] {dagbag.py:540} INFO - Filling up the DagBag from /opt/airflow/dags/retrain_T3_dag.py
[2025-05-17T08:23:31.924+0000] {processor.py:840} INFO - DAG(s) 'retrain_T3_dag' retrieved from /opt/airflow/dags/retrain_T3_dag.py
[2025-05-17T08:23:31.944+0000] {logging_mixin.py:188} INFO - [2025-05-17T08:23:31.944+0000] {dag.py:3096} INFO - Sync 1 DAGs
[2025-05-17T08:23:31.956+0000] {logging_mixin.py:188} INFO - [2025-05-17T08:23:31.956+0000] {dag.py:3954} INFO - Setting next_dagrun for retrain_T3_dag to None, run_after=None
[2025-05-17T08:23:31.976+0000] {processor.py:183} INFO - Processing /opt/airflow/dags/retrain_T3_dag.py took 0.087 seconds
[2025-05-17T08:24:02.434+0000] {processor.py:161} INFO - Started process (PID=335) to work on /opt/airflow/dags/retrain_T3_dag.py
[2025-05-17T08:24:02.435+0000] {processor.py:830} INFO - Processing file /opt/airflow/dags/retrain_T3_dag.py for tasks to queue
[2025-05-17T08:24:02.437+0000] {logging_mixin.py:188} INFO - [2025-05-17T08:24:02.437+0000] {dagbag.py:540} INFO - Filling up the DagBag from /opt/airflow/dags/retrain_T3_dag.py
[2025-05-17T08:24:02.453+0000] {processor.py:840} INFO - DAG(s) 'retrain_T3_dag' retrieved from /opt/airflow/dags/retrain_T3_dag.py
[2025-05-17T08:24:02.473+0000] {logging_mixin.py:188} INFO - [2025-05-17T08:24:02.473+0000] {dag.py:3096} INFO - Sync 1 DAGs
[2025-05-17T08:24:02.489+0000] {logging_mixin.py:188} INFO - [2025-05-17T08:24:02.489+0000] {dag.py:3954} INFO - Setting next_dagrun for retrain_T3_dag to None, run_after=None
[2025-05-17T08:24:02.510+0000] {processor.py:183} INFO - Processing /opt/airflow/dags/retrain_T3_dag.py took 0.081 seconds
[2025-05-17T08:24:32.970+0000] {processor.py:161} INFO - Started process (PID=355) to work on /opt/airflow/dags/retrain_T3_dag.py
[2025-05-17T08:24:32.971+0000] {processor.py:830} INFO - Processing file /opt/airflow/dags/retrain_T3_dag.py for tasks to queue
[2025-05-17T08:24:32.972+0000] {logging_mixin.py:188} INFO - [2025-05-17T08:24:32.972+0000] {dagbag.py:540} INFO - Filling up the DagBag from /opt/airflow/dags/retrain_T3_dag.py
[2025-05-17T08:24:32.990+0000] {processor.py:840} INFO - DAG(s) 'retrain_T3_dag' retrieved from /opt/airflow/dags/retrain_T3_dag.py
[2025-05-17T08:24:33.011+0000] {logging_mixin.py:188} INFO - [2025-05-17T08:24:33.011+0000] {dag.py:3096} INFO - Sync 1 DAGs
[2025-05-17T08:24:33.025+0000] {logging_mixin.py:188} INFO - [2025-05-17T08:24:33.024+0000] {dag.py:3954} INFO - Setting next_dagrun for retrain_T3_dag to None, run_after=None
[2025-05-17T08:24:33.047+0000] {processor.py:183} INFO - Processing /opt/airflow/dags/retrain_T3_dag.py took 0.084 seconds
[2025-05-17T08:25:03.660+0000] {processor.py:161} INFO - Started process (PID=375) to work on /opt/airflow/dags/retrain_T3_dag.py
[2025-05-17T08:25:03.661+0000] {processor.py:830} INFO - Processing file /opt/airflow/dags/retrain_T3_dag.py for tasks to queue
[2025-05-17T08:25:03.663+0000] {logging_mixin.py:188} INFO - [2025-05-17T08:25:03.662+0000] {dagbag.py:540} INFO - Filling up the DagBag from /opt/airflow/dags/retrain_T3_dag.py
[2025-05-17T08:25:03.680+0000] {processor.py:840} INFO - DAG(s) 'retrain_T3_dag' retrieved from /opt/airflow/dags/retrain_T3_dag.py
[2025-05-17T08:25:03.699+0000] {logging_mixin.py:188} INFO - [2025-05-17T08:25:03.699+0000] {dag.py:3096} INFO - Sync 1 DAGs
[2025-05-17T08:25:03.711+0000] {logging_mixin.py:188} INFO - [2025-05-17T08:25:03.711+0000] {dag.py:3954} INFO - Setting next_dagrun for retrain_T3_dag to None, run_after=None
[2025-05-17T08:25:03.730+0000] {processor.py:183} INFO - Processing /opt/airflow/dags/retrain_T3_dag.py took 0.077 seconds
[2025-05-17T08:25:34.349+0000] {processor.py:161} INFO - Started process (PID=395) to work on /opt/airflow/dags/retrain_T3_dag.py
[2025-05-17T08:25:34.350+0000] {processor.py:830} INFO - Processing file /opt/airflow/dags/retrain_T3_dag.py for tasks to queue
[2025-05-17T08:25:34.352+0000] {logging_mixin.py:188} INFO - [2025-05-17T08:25:34.352+0000] {dagbag.py:540} INFO - Filling up the DagBag from /opt/airflow/dags/retrain_T3_dag.py
[2025-05-17T08:25:34.368+0000] {processor.py:840} INFO - DAG(s) 'retrain_T3_dag' retrieved from /opt/airflow/dags/retrain_T3_dag.py
[2025-05-17T08:25:34.389+0000] {logging_mixin.py:188} INFO - [2025-05-17T08:25:34.388+0000] {dag.py:3096} INFO - Sync 1 DAGs
[2025-05-17T08:25:34.404+0000] {logging_mixin.py:188} INFO - [2025-05-17T08:25:34.404+0000] {dag.py:3954} INFO - Setting next_dagrun for retrain_T3_dag to None, run_after=None
[2025-05-17T08:25:34.428+0000] {processor.py:183} INFO - Processing /opt/airflow/dags/retrain_T3_dag.py took 0.085 seconds
[2025-05-17T08:26:04.914+0000] {processor.py:161} INFO - Started process (PID=415) to work on /opt/airflow/dags/retrain_T3_dag.py
[2025-05-17T08:26:04.916+0000] {processor.py:830} INFO - Processing file /opt/airflow/dags/retrain_T3_dag.py for tasks to queue
[2025-05-17T08:26:04.918+0000] {logging_mixin.py:188} INFO - [2025-05-17T08:26:04.918+0000] {dagbag.py:540} INFO - Filling up the DagBag from /opt/airflow/dags/retrain_T3_dag.py
[2025-05-17T08:26:04.937+0000] {processor.py:840} INFO - DAG(s) 'retrain_T3_dag' retrieved from /opt/airflow/dags/retrain_T3_dag.py
[2025-05-17T08:26:04.972+0000] {logging_mixin.py:188} INFO - [2025-05-17T08:26:04.971+0000] {dag.py:3096} INFO - Sync 1 DAGs
[2025-05-17T08:26:04.989+0000] {logging_mixin.py:188} INFO - [2025-05-17T08:26:04.989+0000] {dag.py:3954} INFO - Setting next_dagrun for retrain_T3_dag to None, run_after=None
[2025-05-17T08:26:05.018+0000] {processor.py:183} INFO - Processing /opt/airflow/dags/retrain_T3_dag.py took 0.112 seconds
[2025-05-17T08:26:35.825+0000] {processor.py:161} INFO - Started process (PID=435) to work on /opt/airflow/dags/retrain_T3_dag.py
[2025-05-17T08:26:35.827+0000] {processor.py:830} INFO - Processing file /opt/airflow/dags/retrain_T3_dag.py for tasks to queue
[2025-05-17T08:26:35.830+0000] {logging_mixin.py:188} INFO - [2025-05-17T08:26:35.829+0000] {dagbag.py:540} INFO - Filling up the DagBag from /opt/airflow/dags/retrain_T3_dag.py
[2025-05-17T08:26:35.854+0000] {processor.py:840} INFO - DAG(s) 'retrain_T3_dag' retrieved from /opt/airflow/dags/retrain_T3_dag.py
[2025-05-17T08:26:35.896+0000] {logging_mixin.py:188} INFO - [2025-05-17T08:26:35.895+0000] {dag.py:3096} INFO - Sync 1 DAGs
[2025-05-17T08:26:35.915+0000] {logging_mixin.py:188} INFO - [2025-05-17T08:26:35.914+0000] {dag.py:3954} INFO - Setting next_dagrun for retrain_T3_dag to None, run_after=None
[2025-05-17T08:26:35.946+0000] {processor.py:183} INFO - Processing /opt/airflow/dags/retrain_T3_dag.py took 0.130 seconds
[2025-05-17T08:27:06.413+0000] {processor.py:161} INFO - Started process (PID=455) to work on /opt/airflow/dags/retrain_T3_dag.py
[2025-05-17T08:27:06.414+0000] {processor.py:830} INFO - Processing file /opt/airflow/dags/retrain_T3_dag.py for tasks to queue
[2025-05-17T08:27:06.416+0000] {logging_mixin.py:188} INFO - [2025-05-17T08:27:06.416+0000] {dagbag.py:540} INFO - Filling up the DagBag from /opt/airflow/dags/retrain_T3_dag.py
[2025-05-17T08:27:06.433+0000] {processor.py:840} INFO - DAG(s) 'retrain_T3_dag' retrieved from /opt/airflow/dags/retrain_T3_dag.py
[2025-05-17T08:27:06.453+0000] {logging_mixin.py:188} INFO - [2025-05-17T08:27:06.453+0000] {dag.py:3096} INFO - Sync 1 DAGs
[2025-05-17T08:27:06.466+0000] {logging_mixin.py:188} INFO - [2025-05-17T08:27:06.465+0000] {dag.py:3954} INFO - Setting next_dagrun for retrain_T3_dag to None, run_after=None
[2025-05-17T08:27:06.486+0000] {processor.py:183} INFO - Processing /opt/airflow/dags/retrain_T3_dag.py took 0.080 seconds
[2025-05-17T08:27:36.976+0000] {processor.py:161} INFO - Started process (PID=475) to work on /opt/airflow/dags/retrain_T3_dag.py
[2025-05-17T08:27:36.977+0000] {processor.py:830} INFO - Processing file /opt/airflow/dags/retrain_T3_dag.py for tasks to queue
[2025-05-17T08:27:36.980+0000] {logging_mixin.py:188} INFO - [2025-05-17T08:27:36.980+0000] {dagbag.py:540} INFO - Filling up the DagBag from /opt/airflow/dags/retrain_T3_dag.py
[2025-05-17T08:27:37.001+0000] {processor.py:840} INFO - DAG(s) 'retrain_T3_dag' retrieved from /opt/airflow/dags/retrain_T3_dag.py
[2025-05-17T08:27:37.025+0000] {logging_mixin.py:188} INFO - [2025-05-17T08:27:37.024+0000] {dag.py:3096} INFO - Sync 1 DAGs
[2025-05-17T08:27:37.037+0000] {logging_mixin.py:188} INFO - [2025-05-17T08:27:37.037+0000] {dag.py:3954} INFO - Setting next_dagrun for retrain_T3_dag to None, run_after=None
[2025-05-17T08:27:37.058+0000] {processor.py:183} INFO - Processing /opt/airflow/dags/retrain_T3_dag.py took 0.091 seconds
[2025-05-17T08:28:07.586+0000] {processor.py:161} INFO - Started process (PID=495) to work on /opt/airflow/dags/retrain_T3_dag.py
[2025-05-17T08:28:07.587+0000] {processor.py:830} INFO - Processing file /opt/airflow/dags/retrain_T3_dag.py for tasks to queue
[2025-05-17T08:28:07.589+0000] {logging_mixin.py:188} INFO - [2025-05-17T08:28:07.589+0000] {dagbag.py:540} INFO - Filling up the DagBag from /opt/airflow/dags/retrain_T3_dag.py
[2025-05-17T08:28:07.609+0000] {processor.py:840} INFO - DAG(s) 'retrain_T3_dag' retrieved from /opt/airflow/dags/retrain_T3_dag.py
[2025-05-17T08:28:07.631+0000] {logging_mixin.py:188} INFO - [2025-05-17T08:28:07.631+0000] {dag.py:3096} INFO - Sync 1 DAGs
[2025-05-17T08:28:07.644+0000] {logging_mixin.py:188} INFO - [2025-05-17T08:28:07.644+0000] {dag.py:3954} INFO - Setting next_dagrun for retrain_T3_dag to None, run_after=None
[2025-05-17T08:28:07.666+0000] {processor.py:183} INFO - Processing /opt/airflow/dags/retrain_T3_dag.py took 0.087 seconds
[2025-05-17T08:28:38.188+0000] {processor.py:161} INFO - Started process (PID=515) to work on /opt/airflow/dags/retrain_T3_dag.py
[2025-05-17T08:28:38.189+0000] {processor.py:830} INFO - Processing file /opt/airflow/dags/retrain_T3_dag.py for tasks to queue
[2025-05-17T08:28:38.191+0000] {logging_mixin.py:188} INFO - [2025-05-17T08:28:38.191+0000] {dagbag.py:540} INFO - Filling up the DagBag from /opt/airflow/dags/retrain_T3_dag.py
[2025-05-17T08:28:38.207+0000] {processor.py:840} INFO - DAG(s) 'retrain_T3_dag' retrieved from /opt/airflow/dags/retrain_T3_dag.py
[2025-05-17T08:28:38.227+0000] {logging_mixin.py:188} INFO - [2025-05-17T08:28:38.226+0000] {dag.py:3096} INFO - Sync 1 DAGs
[2025-05-17T08:28:38.241+0000] {logging_mixin.py:188} INFO - [2025-05-17T08:28:38.241+0000] {dag.py:3954} INFO - Setting next_dagrun for retrain_T3_dag to None, run_after=None
[2025-05-17T08:28:38.263+0000] {processor.py:183} INFO - Processing /opt/airflow/dags/retrain_T3_dag.py took 0.080 seconds
[2025-05-17T08:29:08.754+0000] {processor.py:161} INFO - Started process (PID=535) to work on /opt/airflow/dags/retrain_T3_dag.py
[2025-05-17T08:29:08.755+0000] {processor.py:830} INFO - Processing file /opt/airflow/dags/retrain_T3_dag.py for tasks to queue
[2025-05-17T08:29:08.757+0000] {logging_mixin.py:188} INFO - [2025-05-17T08:29:08.757+0000] {dagbag.py:540} INFO - Filling up the DagBag from /opt/airflow/dags/retrain_T3_dag.py
[2025-05-17T08:29:08.773+0000] {processor.py:840} INFO - DAG(s) 'retrain_T3_dag' retrieved from /opt/airflow/dags/retrain_T3_dag.py
[2025-05-17T08:29:08.792+0000] {logging_mixin.py:188} INFO - [2025-05-17T08:29:08.792+0000] {dag.py:3096} INFO - Sync 1 DAGs
[2025-05-17T08:29:08.804+0000] {logging_mixin.py:188} INFO - [2025-05-17T08:29:08.804+0000] {dag.py:3954} INFO - Setting next_dagrun for retrain_T3_dag to None, run_after=None
[2025-05-17T08:29:08.823+0000] {processor.py:183} INFO - Processing /opt/airflow/dags/retrain_T3_dag.py took 0.076 seconds
[2025-05-17T08:29:39.278+0000] {processor.py:161} INFO - Started process (PID=555) to work on /opt/airflow/dags/retrain_T3_dag.py
[2025-05-17T08:29:39.279+0000] {processor.py:830} INFO - Processing file /opt/airflow/dags/retrain_T3_dag.py for tasks to queue
[2025-05-17T08:29:39.281+0000] {logging_mixin.py:188} INFO - [2025-05-17T08:29:39.280+0000] {dagbag.py:540} INFO - Filling up the DagBag from /opt/airflow/dags/retrain_T3_dag.py
[2025-05-17T08:29:39.296+0000] {processor.py:840} INFO - DAG(s) 'retrain_T3_dag' retrieved from /opt/airflow/dags/retrain_T3_dag.py
[2025-05-17T08:29:39.315+0000] {logging_mixin.py:188} INFO - [2025-05-17T08:29:39.315+0000] {dag.py:3096} INFO - Sync 1 DAGs
[2025-05-17T08:29:39.327+0000] {logging_mixin.py:188} INFO - [2025-05-17T08:29:39.327+0000] {dag.py:3954} INFO - Setting next_dagrun for retrain_T3_dag to None, run_after=None
[2025-05-17T08:29:39.347+0000] {processor.py:183} INFO - Processing /opt/airflow/dags/retrain_T3_dag.py took 0.077 seconds
[2025-05-17T08:30:09.824+0000] {processor.py:161} INFO - Started process (PID=575) to work on /opt/airflow/dags/retrain_T3_dag.py
[2025-05-17T08:30:09.825+0000] {processor.py:830} INFO - Processing file /opt/airflow/dags/retrain_T3_dag.py for tasks to queue
[2025-05-17T08:30:09.827+0000] {logging_mixin.py:188} INFO - [2025-05-17T08:30:09.827+0000] {dagbag.py:540} INFO - Filling up the DagBag from /opt/airflow/dags/retrain_T3_dag.py
[2025-05-17T08:30:09.844+0000] {processor.py:840} INFO - DAG(s) 'retrain_T3_dag' retrieved from /opt/airflow/dags/retrain_T3_dag.py
[2025-05-17T08:30:09.865+0000] {logging_mixin.py:188} INFO - [2025-05-17T08:30:09.865+0000] {dag.py:3096} INFO - Sync 1 DAGs
[2025-05-17T08:30:09.879+0000] {logging_mixin.py:188} INFO - [2025-05-17T08:30:09.879+0000] {dag.py:3954} INFO - Setting next_dagrun for retrain_T3_dag to None, run_after=None
[2025-05-17T08:30:09.900+0000] {processor.py:183} INFO - Processing /opt/airflow/dags/retrain_T3_dag.py took 0.082 seconds
[2025-05-17T08:30:40.500+0000] {processor.py:161} INFO - Started process (PID=595) to work on /opt/airflow/dags/retrain_T3_dag.py
[2025-05-17T08:30:40.501+0000] {processor.py:830} INFO - Processing file /opt/airflow/dags/retrain_T3_dag.py for tasks to queue
[2025-05-17T08:30:40.503+0000] {logging_mixin.py:188} INFO - [2025-05-17T08:30:40.503+0000] {dagbag.py:540} INFO - Filling up the DagBag from /opt/airflow/dags/retrain_T3_dag.py
[2025-05-17T08:30:40.520+0000] {processor.py:840} INFO - DAG(s) 'retrain_T3_dag' retrieved from /opt/airflow/dags/retrain_T3_dag.py
[2025-05-17T08:30:40.544+0000] {logging_mixin.py:188} INFO - [2025-05-17T08:30:40.544+0000] {dag.py:3096} INFO - Sync 1 DAGs
[2025-05-17T08:30:40.556+0000] {logging_mixin.py:188} INFO - [2025-05-17T08:30:40.556+0000] {dag.py:3954} INFO - Setting next_dagrun for retrain_T3_dag to None, run_after=None
[2025-05-17T08:30:40.576+0000] {processor.py:183} INFO - Processing /opt/airflow/dags/retrain_T3_dag.py took 0.083 seconds
[2025-05-17T08:31:10.988+0000] {processor.py:161} INFO - Started process (PID=615) to work on /opt/airflow/dags/retrain_T3_dag.py
[2025-05-17T08:31:10.989+0000] {processor.py:830} INFO - Processing file /opt/airflow/dags/retrain_T3_dag.py for tasks to queue
[2025-05-17T08:31:10.991+0000] {logging_mixin.py:188} INFO - [2025-05-17T08:31:10.991+0000] {dagbag.py:540} INFO - Filling up the DagBag from /opt/airflow/dags/retrain_T3_dag.py
[2025-05-17T08:31:11.008+0000] {processor.py:840} INFO - DAG(s) 'retrain_T3_dag' retrieved from /opt/airflow/dags/retrain_T3_dag.py
[2025-05-17T08:31:11.030+0000] {logging_mixin.py:188} INFO - [2025-05-17T08:31:11.029+0000] {dag.py:3096} INFO - Sync 1 DAGs
[2025-05-17T08:31:11.042+0000] {logging_mixin.py:188} INFO - [2025-05-17T08:31:11.042+0000] {dag.py:3954} INFO - Setting next_dagrun for retrain_T3_dag to None, run_after=None
[2025-05-17T08:31:11.062+0000] {processor.py:183} INFO - Processing /opt/airflow/dags/retrain_T3_dag.py took 0.080 seconds
[2025-05-17T08:31:41.596+0000] {processor.py:161} INFO - Started process (PID=635) to work on /opt/airflow/dags/retrain_T3_dag.py
[2025-05-17T08:31:41.597+0000] {processor.py:830} INFO - Processing file /opt/airflow/dags/retrain_T3_dag.py for tasks to queue
[2025-05-17T08:31:41.599+0000] {logging_mixin.py:188} INFO - [2025-05-17T08:31:41.599+0000] {dagbag.py:540} INFO - Filling up the DagBag from /opt/airflow/dags/retrain_T3_dag.py
[2025-05-17T08:31:41.617+0000] {processor.py:840} INFO - DAG(s) 'retrain_T3_dag' retrieved from /opt/airflow/dags/retrain_T3_dag.py
[2025-05-17T08:31:41.642+0000] {logging_mixin.py:188} INFO - [2025-05-17T08:31:41.642+0000] {dag.py:3096} INFO - Sync 1 DAGs
[2025-05-17T08:31:41.655+0000] {logging_mixin.py:188} INFO - [2025-05-17T08:31:41.655+0000] {dag.py:3954} INFO - Setting next_dagrun for retrain_T3_dag to None, run_after=None
[2025-05-17T08:31:41.679+0000] {processor.py:183} INFO - Processing /opt/airflow/dags/retrain_T3_dag.py took 0.089 seconds
[2025-05-17T08:32:12.064+0000] {processor.py:161} INFO - Started process (PID=655) to work on /opt/airflow/dags/retrain_T3_dag.py
[2025-05-17T08:32:12.065+0000] {processor.py:830} INFO - Processing file /opt/airflow/dags/retrain_T3_dag.py for tasks to queue
[2025-05-17T08:32:12.068+0000] {logging_mixin.py:188} INFO - [2025-05-17T08:32:12.068+0000] {dagbag.py:540} INFO - Filling up the DagBag from /opt/airflow/dags/retrain_T3_dag.py
[2025-05-17T08:32:12.086+0000] {processor.py:840} INFO - DAG(s) 'retrain_T3_dag' retrieved from /opt/airflow/dags/retrain_T3_dag.py
[2025-05-17T08:32:12.110+0000] {logging_mixin.py:188} INFO - [2025-05-17T08:32:12.109+0000] {dag.py:3096} INFO - Sync 1 DAGs
[2025-05-17T08:32:12.128+0000] {logging_mixin.py:188} INFO - [2025-05-17T08:32:12.127+0000] {dag.py:3954} INFO - Setting next_dagrun for retrain_T3_dag to None, run_after=None
[2025-05-17T08:32:12.153+0000] {processor.py:183} INFO - Processing /opt/airflow/dags/retrain_T3_dag.py took 0.096 seconds
[2025-05-17T08:32:42.661+0000] {processor.py:161} INFO - Started process (PID=675) to work on /opt/airflow/dags/retrain_T3_dag.py
[2025-05-17T08:32:42.662+0000] {processor.py:830} INFO - Processing file /opt/airflow/dags/retrain_T3_dag.py for tasks to queue
[2025-05-17T08:32:42.664+0000] {logging_mixin.py:188} INFO - [2025-05-17T08:32:42.664+0000] {dagbag.py:540} INFO - Filling up the DagBag from /opt/airflow/dags/retrain_T3_dag.py
[2025-05-17T08:32:42.684+0000] {processor.py:840} INFO - DAG(s) 'retrain_T3_dag' retrieved from /opt/airflow/dags/retrain_T3_dag.py
[2025-05-17T08:32:42.741+0000] {logging_mixin.py:188} INFO - [2025-05-17T08:32:42.741+0000] {dag.py:3096} INFO - Sync 1 DAGs
[2025-05-17T08:32:42.762+0000] {logging_mixin.py:188} INFO - [2025-05-17T08:32:42.762+0000] {dag.py:3954} INFO - Setting next_dagrun for retrain_T3_dag to None, run_after=None
[2025-05-17T08:32:42.788+0000] {processor.py:183} INFO - Processing /opt/airflow/dags/retrain_T3_dag.py took 0.134 seconds
[2025-05-17T08:33:13.293+0000] {processor.py:161} INFO - Started process (PID=695) to work on /opt/airflow/dags/retrain_T3_dag.py
[2025-05-17T08:33:13.294+0000] {processor.py:830} INFO - Processing file /opt/airflow/dags/retrain_T3_dag.py for tasks to queue
[2025-05-17T08:33:13.296+0000] {logging_mixin.py:188} INFO - [2025-05-17T08:33:13.296+0000] {dagbag.py:540} INFO - Filling up the DagBag from /opt/airflow/dags/retrain_T3_dag.py
[2025-05-17T08:33:13.316+0000] {processor.py:840} INFO - DAG(s) 'retrain_T3_dag' retrieved from /opt/airflow/dags/retrain_T3_dag.py
[2025-05-17T08:33:13.337+0000] {logging_mixin.py:188} INFO - [2025-05-17T08:33:13.336+0000] {dag.py:3096} INFO - Sync 1 DAGs
[2025-05-17T08:33:13.356+0000] {logging_mixin.py:188} INFO - [2025-05-17T08:33:13.356+0000] {dag.py:3954} INFO - Setting next_dagrun for retrain_T3_dag to None, run_after=None
[2025-05-17T08:33:13.385+0000] {processor.py:183} INFO - Processing /opt/airflow/dags/retrain_T3_dag.py took 0.098 seconds
[2025-05-17T08:33:43.876+0000] {processor.py:161} INFO - Started process (PID=715) to work on /opt/airflow/dags/retrain_T3_dag.py
[2025-05-17T08:33:43.877+0000] {processor.py:830} INFO - Processing file /opt/airflow/dags/retrain_T3_dag.py for tasks to queue
[2025-05-17T08:33:43.879+0000] {logging_mixin.py:188} INFO - [2025-05-17T08:33:43.879+0000] {dagbag.py:540} INFO - Filling up the DagBag from /opt/airflow/dags/retrain_T3_dag.py
[2025-05-17T08:33:43.897+0000] {processor.py:840} INFO - DAG(s) 'retrain_T3_dag' retrieved from /opt/airflow/dags/retrain_T3_dag.py
[2025-05-17T08:33:43.916+0000] {logging_mixin.py:188} INFO - [2025-05-17T08:33:43.916+0000] {dag.py:3096} INFO - Sync 1 DAGs
[2025-05-17T08:33:43.929+0000] {logging_mixin.py:188} INFO - [2025-05-17T08:33:43.928+0000] {dag.py:3954} INFO - Setting next_dagrun for retrain_T3_dag to None, run_after=None
[2025-05-17T08:33:43.950+0000] {processor.py:183} INFO - Processing /opt/airflow/dags/retrain_T3_dag.py took 0.082 seconds
[2025-05-17T08:34:14.457+0000] {processor.py:161} INFO - Started process (PID=735) to work on /opt/airflow/dags/retrain_T3_dag.py
[2025-05-17T08:34:14.459+0000] {processor.py:830} INFO - Processing file /opt/airflow/dags/retrain_T3_dag.py for tasks to queue
[2025-05-17T08:34:14.461+0000] {logging_mixin.py:188} INFO - [2025-05-17T08:34:14.460+0000] {dagbag.py:540} INFO - Filling up the DagBag from /opt/airflow/dags/retrain_T3_dag.py
[2025-05-17T08:34:14.480+0000] {processor.py:840} INFO - DAG(s) 'retrain_T3_dag' retrieved from /opt/airflow/dags/retrain_T3_dag.py
[2025-05-17T08:34:14.501+0000] {logging_mixin.py:188} INFO - [2025-05-17T08:34:14.501+0000] {dag.py:3096} INFO - Sync 1 DAGs
[2025-05-17T08:34:14.514+0000] {logging_mixin.py:188} INFO - [2025-05-17T08:34:14.513+0000] {dag.py:3954} INFO - Setting next_dagrun for retrain_T3_dag to None, run_after=None
[2025-05-17T08:34:14.534+0000] {processor.py:183} INFO - Processing /opt/airflow/dags/retrain_T3_dag.py took 0.086 seconds
[2025-05-17T08:34:45.143+0000] {processor.py:161} INFO - Started process (PID=755) to work on /opt/airflow/dags/retrain_T3_dag.py
[2025-05-17T08:34:45.144+0000] {processor.py:830} INFO - Processing file /opt/airflow/dags/retrain_T3_dag.py for tasks to queue
[2025-05-17T08:34:45.147+0000] {logging_mixin.py:188} INFO - [2025-05-17T08:34:45.147+0000] {dagbag.py:540} INFO - Filling up the DagBag from /opt/airflow/dags/retrain_T3_dag.py
[2025-05-17T08:34:45.169+0000] {processor.py:840} INFO - DAG(s) 'retrain_T3_dag' retrieved from /opt/airflow/dags/retrain_T3_dag.py
[2025-05-17T08:34:45.191+0000] {logging_mixin.py:188} INFO - [2025-05-17T08:34:45.190+0000] {dag.py:3096} INFO - Sync 1 DAGs
[2025-05-17T08:34:45.203+0000] {logging_mixin.py:188} INFO - [2025-05-17T08:34:45.203+0000] {dag.py:3954} INFO - Setting next_dagrun for retrain_T3_dag to None, run_after=None
[2025-05-17T08:34:45.224+0000] {processor.py:183} INFO - Processing /opt/airflow/dags/retrain_T3_dag.py took 0.092 seconds
[2025-05-17T08:35:15.726+0000] {processor.py:161} INFO - Started process (PID=775) to work on /opt/airflow/dags/retrain_T3_dag.py
[2025-05-17T08:35:15.727+0000] {processor.py:830} INFO - Processing file /opt/airflow/dags/retrain_T3_dag.py for tasks to queue
[2025-05-17T08:35:15.729+0000] {logging_mixin.py:188} INFO - [2025-05-17T08:35:15.729+0000] {dagbag.py:540} INFO - Filling up the DagBag from /opt/airflow/dags/retrain_T3_dag.py
[2025-05-17T08:35:15.748+0000] {processor.py:840} INFO - DAG(s) 'retrain_T3_dag' retrieved from /opt/airflow/dags/retrain_T3_dag.py
[2025-05-17T08:35:15.771+0000] {logging_mixin.py:188} INFO - [2025-05-17T08:35:15.771+0000] {dag.py:3096} INFO - Sync 1 DAGs
[2025-05-17T08:35:15.785+0000] {logging_mixin.py:188} INFO - [2025-05-17T08:35:15.784+0000] {dag.py:3954} INFO - Setting next_dagrun for retrain_T3_dag to None, run_after=None
[2025-05-17T08:35:15.810+0000] {processor.py:183} INFO - Processing /opt/airflow/dags/retrain_T3_dag.py took 0.090 seconds
[2025-05-17T08:35:46.573+0000] {processor.py:161} INFO - Started process (PID=795) to work on /opt/airflow/dags/retrain_T3_dag.py
[2025-05-17T08:35:46.574+0000] {processor.py:830} INFO - Processing file /opt/airflow/dags/retrain_T3_dag.py for tasks to queue
[2025-05-17T08:35:46.576+0000] {logging_mixin.py:188} INFO - [2025-05-17T08:35:46.576+0000] {dagbag.py:540} INFO - Filling up the DagBag from /opt/airflow/dags/retrain_T3_dag.py
[2025-05-17T08:35:46.596+0000] {processor.py:840} INFO - DAG(s) 'retrain_T3_dag' retrieved from /opt/airflow/dags/retrain_T3_dag.py
[2025-05-17T08:35:46.616+0000] {logging_mixin.py:188} INFO - [2025-05-17T08:35:46.615+0000] {dag.py:3096} INFO - Sync 1 DAGs
[2025-05-17T08:35:46.628+0000] {logging_mixin.py:188} INFO - [2025-05-17T08:35:46.628+0000] {dag.py:3954} INFO - Setting next_dagrun for retrain_T3_dag to None, run_after=None
[2025-05-17T08:35:46.650+0000] {processor.py:183} INFO - Processing /opt/airflow/dags/retrain_T3_dag.py took 0.084 seconds
[2025-05-17T08:36:17.228+0000] {processor.py:161} INFO - Started process (PID=815) to work on /opt/airflow/dags/retrain_T3_dag.py
[2025-05-17T08:36:17.229+0000] {processor.py:830} INFO - Processing file /opt/airflow/dags/retrain_T3_dag.py for tasks to queue
[2025-05-17T08:36:17.230+0000] {logging_mixin.py:188} INFO - [2025-05-17T08:36:17.230+0000] {dagbag.py:540} INFO - Filling up the DagBag from /opt/airflow/dags/retrain_T3_dag.py
[2025-05-17T08:36:17.251+0000] {processor.py:840} INFO - DAG(s) 'retrain_T3_dag' retrieved from /opt/airflow/dags/retrain_T3_dag.py
[2025-05-17T08:36:17.272+0000] {logging_mixin.py:188} INFO - [2025-05-17T08:36:17.272+0000] {dag.py:3096} INFO - Sync 1 DAGs
[2025-05-17T08:36:17.286+0000] {logging_mixin.py:188} INFO - [2025-05-17T08:36:17.286+0000] {dag.py:3954} INFO - Setting next_dagrun for retrain_T3_dag to None, run_after=None
[2025-05-17T08:36:17.306+0000] {processor.py:183} INFO - Processing /opt/airflow/dags/retrain_T3_dag.py took 0.085 seconds
[2025-05-17T08:36:47.837+0000] {processor.py:161} INFO - Started process (PID=835) to work on /opt/airflow/dags/retrain_T3_dag.py
[2025-05-17T08:36:47.839+0000] {processor.py:830} INFO - Processing file /opt/airflow/dags/retrain_T3_dag.py for tasks to queue
[2025-05-17T08:36:47.841+0000] {logging_mixin.py:188} INFO - [2025-05-17T08:36:47.840+0000] {dagbag.py:540} INFO - Filling up the DagBag from /opt/airflow/dags/retrain_T3_dag.py
[2025-05-17T08:36:47.860+0000] {processor.py:840} INFO - DAG(s) 'retrain_T3_dag' retrieved from /opt/airflow/dags/retrain_T3_dag.py
[2025-05-17T08:36:47.881+0000] {logging_mixin.py:188} INFO - [2025-05-17T08:36:47.881+0000] {dag.py:3096} INFO - Sync 1 DAGs
[2025-05-17T08:36:47.893+0000] {logging_mixin.py:188} INFO - [2025-05-17T08:36:47.892+0000] {dag.py:3954} INFO - Setting next_dagrun for retrain_T3_dag to None, run_after=None
[2025-05-17T08:36:47.911+0000] {processor.py:183} INFO - Processing /opt/airflow/dags/retrain_T3_dag.py took 0.082 seconds
[2025-05-17T08:37:18.436+0000] {processor.py:161} INFO - Started process (PID=855) to work on /opt/airflow/dags/retrain_T3_dag.py
[2025-05-17T08:37:18.438+0000] {processor.py:830} INFO - Processing file /opt/airflow/dags/retrain_T3_dag.py for tasks to queue
[2025-05-17T08:37:18.440+0000] {logging_mixin.py:188} INFO - [2025-05-17T08:37:18.440+0000] {dagbag.py:540} INFO - Filling up the DagBag from /opt/airflow/dags/retrain_T3_dag.py
[2025-05-17T08:37:18.463+0000] {processor.py:840} INFO - DAG(s) 'retrain_T3_dag' retrieved from /opt/airflow/dags/retrain_T3_dag.py
[2025-05-17T08:37:18.484+0000] {logging_mixin.py:188} INFO - [2025-05-17T08:37:18.484+0000] {dag.py:3096} INFO - Sync 1 DAGs
[2025-05-17T08:37:18.498+0000] {logging_mixin.py:188} INFO - [2025-05-17T08:37:18.498+0000] {dag.py:3954} INFO - Setting next_dagrun for retrain_T3_dag to None, run_after=None
[2025-05-17T08:37:18.527+0000] {processor.py:183} INFO - Processing /opt/airflow/dags/retrain_T3_dag.py took 0.103 seconds
[2025-05-17T08:37:49.143+0000] {processor.py:161} INFO - Started process (PID=875) to work on /opt/airflow/dags/retrain_T3_dag.py
[2025-05-17T08:37:49.144+0000] {processor.py:830} INFO - Processing file /opt/airflow/dags/retrain_T3_dag.py for tasks to queue
[2025-05-17T08:37:49.146+0000] {logging_mixin.py:188} INFO - [2025-05-17T08:37:49.146+0000] {dagbag.py:540} INFO - Filling up the DagBag from /opt/airflow/dags/retrain_T3_dag.py
[2025-05-17T08:37:49.167+0000] {processor.py:840} INFO - DAG(s) 'retrain_T3_dag' retrieved from /opt/airflow/dags/retrain_T3_dag.py
[2025-05-17T08:37:49.186+0000] {logging_mixin.py:188} INFO - [2025-05-17T08:37:49.186+0000] {dag.py:3096} INFO - Sync 1 DAGs
[2025-05-17T08:37:49.201+0000] {logging_mixin.py:188} INFO - [2025-05-17T08:37:49.201+0000] {dag.py:3954} INFO - Setting next_dagrun for retrain_T3_dag to None, run_after=None
[2025-05-17T08:37:49.221+0000] {processor.py:183} INFO - Processing /opt/airflow/dags/retrain_T3_dag.py took 0.084 seconds
[2025-05-17T08:38:19.741+0000] {processor.py:161} INFO - Started process (PID=895) to work on /opt/airflow/dags/retrain_T3_dag.py
[2025-05-17T08:38:19.742+0000] {processor.py:830} INFO - Processing file /opt/airflow/dags/retrain_T3_dag.py for tasks to queue
[2025-05-17T08:38:19.743+0000] {logging_mixin.py:188} INFO - [2025-05-17T08:38:19.743+0000] {dagbag.py:540} INFO - Filling up the DagBag from /opt/airflow/dags/retrain_T3_dag.py
[2025-05-17T08:38:19.761+0000] {processor.py:840} INFO - DAG(s) 'retrain_T3_dag' retrieved from /opt/airflow/dags/retrain_T3_dag.py
[2025-05-17T08:38:19.780+0000] {logging_mixin.py:188} INFO - [2025-05-17T08:38:19.780+0000] {dag.py:3096} INFO - Sync 1 DAGs
[2025-05-17T08:38:19.793+0000] {logging_mixin.py:188} INFO - [2025-05-17T08:38:19.792+0000] {dag.py:3954} INFO - Setting next_dagrun for retrain_T3_dag to None, run_after=None
[2025-05-17T08:38:19.812+0000] {processor.py:183} INFO - Processing /opt/airflow/dags/retrain_T3_dag.py took 0.078 seconds
[2025-05-17T08:38:50.344+0000] {processor.py:161} INFO - Started process (PID=915) to work on /opt/airflow/dags/retrain_T3_dag.py
[2025-05-17T08:38:50.345+0000] {processor.py:830} INFO - Processing file /opt/airflow/dags/retrain_T3_dag.py for tasks to queue
[2025-05-17T08:38:50.347+0000] {logging_mixin.py:188} INFO - [2025-05-17T08:38:50.347+0000] {dagbag.py:540} INFO - Filling up the DagBag from /opt/airflow/dags/retrain_T3_dag.py
[2025-05-17T08:38:50.364+0000] {processor.py:840} INFO - DAG(s) 'retrain_T3_dag' retrieved from /opt/airflow/dags/retrain_T3_dag.py
[2025-05-17T08:38:50.384+0000] {logging_mixin.py:188} INFO - [2025-05-17T08:38:50.383+0000] {dag.py:3096} INFO - Sync 1 DAGs
[2025-05-17T08:38:50.397+0000] {logging_mixin.py:188} INFO - [2025-05-17T08:38:50.397+0000] {dag.py:3954} INFO - Setting next_dagrun for retrain_T3_dag to None, run_after=None
[2025-05-17T08:38:50.415+0000] {processor.py:183} INFO - Processing /opt/airflow/dags/retrain_T3_dag.py took 0.078 seconds
[2025-05-17T08:39:20.929+0000] {processor.py:161} INFO - Started process (PID=935) to work on /opt/airflow/dags/retrain_T3_dag.py
[2025-05-17T08:39:20.930+0000] {processor.py:830} INFO - Processing file /opt/airflow/dags/retrain_T3_dag.py for tasks to queue
[2025-05-17T08:39:20.931+0000] {logging_mixin.py:188} INFO - [2025-05-17T08:39:20.931+0000] {dagbag.py:540} INFO - Filling up the DagBag from /opt/airflow/dags/retrain_T3_dag.py
[2025-05-17T08:39:20.949+0000] {processor.py:840} INFO - DAG(s) 'retrain_T3_dag' retrieved from /opt/airflow/dags/retrain_T3_dag.py
[2025-05-17T08:39:20.971+0000] {logging_mixin.py:188} INFO - [2025-05-17T08:39:20.971+0000] {dag.py:3096} INFO - Sync 1 DAGs
[2025-05-17T08:39:20.983+0000] {logging_mixin.py:188} INFO - [2025-05-17T08:39:20.982+0000] {dag.py:3954} INFO - Setting next_dagrun for retrain_T3_dag to None, run_after=None
[2025-05-17T08:39:21.001+0000] {processor.py:183} INFO - Processing /opt/airflow/dags/retrain_T3_dag.py took 0.078 seconds
[2025-05-17T08:39:51.473+0000] {processor.py:161} INFO - Started process (PID=955) to work on /opt/airflow/dags/retrain_T3_dag.py
[2025-05-17T08:39:51.474+0000] {processor.py:830} INFO - Processing file /opt/airflow/dags/retrain_T3_dag.py for tasks to queue
[2025-05-17T08:39:51.476+0000] {logging_mixin.py:188} INFO - [2025-05-17T08:39:51.476+0000] {dagbag.py:540} INFO - Filling up the DagBag from /opt/airflow/dags/retrain_T3_dag.py
[2025-05-17T08:39:51.499+0000] {processor.py:840} INFO - DAG(s) 'retrain_T3_dag' retrieved from /opt/airflow/dags/retrain_T3_dag.py
[2025-05-17T08:39:51.527+0000] {logging_mixin.py:188} INFO - [2025-05-17T08:39:51.527+0000] {dag.py:3096} INFO - Sync 1 DAGs
[2025-05-17T08:39:51.542+0000] {logging_mixin.py:188} INFO - [2025-05-17T08:39:51.541+0000] {dag.py:3954} INFO - Setting next_dagrun for retrain_T3_dag to None, run_after=None
[2025-05-17T08:39:51.563+0000] {processor.py:183} INFO - Processing /opt/airflow/dags/retrain_T3_dag.py took 0.096 seconds
[2025-05-17T08:40:22.107+0000] {processor.py:161} INFO - Started process (PID=975) to work on /opt/airflow/dags/retrain_T3_dag.py
[2025-05-17T08:40:22.108+0000] {processor.py:830} INFO - Processing file /opt/airflow/dags/retrain_T3_dag.py for tasks to queue
[2025-05-17T08:40:22.110+0000] {logging_mixin.py:188} INFO - [2025-05-17T08:40:22.109+0000] {dagbag.py:540} INFO - Filling up the DagBag from /opt/airflow/dags/retrain_T3_dag.py
[2025-05-17T08:40:22.131+0000] {processor.py:840} INFO - DAG(s) 'retrain_T3_dag' retrieved from /opt/airflow/dags/retrain_T3_dag.py
[2025-05-17T08:40:22.152+0000] {logging_mixin.py:188} INFO - [2025-05-17T08:40:22.152+0000] {dag.py:3096} INFO - Sync 1 DAGs
[2025-05-17T08:40:22.165+0000] {logging_mixin.py:188} INFO - [2025-05-17T08:40:22.165+0000] {dag.py:3954} INFO - Setting next_dagrun for retrain_T3_dag to None, run_after=None
[2025-05-17T08:40:22.183+0000] {processor.py:183} INFO - Processing /opt/airflow/dags/retrain_T3_dag.py took 0.085 seconds
[2025-05-17T08:40:52.845+0000] {processor.py:161} INFO - Started process (PID=995) to work on /opt/airflow/dags/retrain_T3_dag.py
[2025-05-17T08:40:52.846+0000] {processor.py:830} INFO - Processing file /opt/airflow/dags/retrain_T3_dag.py for tasks to queue
[2025-05-17T08:40:52.849+0000] {logging_mixin.py:188} INFO - [2025-05-17T08:40:52.848+0000] {dagbag.py:540} INFO - Filling up the DagBag from /opt/airflow/dags/retrain_T3_dag.py
[2025-05-17T08:40:52.872+0000] {processor.py:840} INFO - DAG(s) 'retrain_T3_dag' retrieved from /opt/airflow/dags/retrain_T3_dag.py
[2025-05-17T08:40:52.892+0000] {logging_mixin.py:188} INFO - [2025-05-17T08:40:52.892+0000] {dag.py:3096} INFO - Sync 1 DAGs
[2025-05-17T08:40:52.904+0000] {logging_mixin.py:188} INFO - [2025-05-17T08:40:52.904+0000] {dag.py:3954} INFO - Setting next_dagrun for retrain_T3_dag to None, run_after=None
[2025-05-17T08:40:52.924+0000] {processor.py:183} INFO - Processing /opt/airflow/dags/retrain_T3_dag.py took 0.088 seconds
[2025-05-17T08:41:23.324+0000] {processor.py:161} INFO - Started process (PID=1017) to work on /opt/airflow/dags/retrain_T3_dag.py
[2025-05-17T08:41:23.325+0000] {processor.py:830} INFO - Processing file /opt/airflow/dags/retrain_T3_dag.py for tasks to queue
[2025-05-17T08:41:23.328+0000] {logging_mixin.py:188} INFO - [2025-05-17T08:41:23.327+0000] {dagbag.py:540} INFO - Filling up the DagBag from /opt/airflow/dags/retrain_T3_dag.py
[2025-05-17T08:41:23.349+0000] {processor.py:840} INFO - DAG(s) 'retrain_T3_dag' retrieved from /opt/airflow/dags/retrain_T3_dag.py
[2025-05-17T08:41:23.370+0000] {logging_mixin.py:188} INFO - [2025-05-17T08:41:23.370+0000] {dag.py:3096} INFO - Sync 1 DAGs
[2025-05-17T08:41:23.383+0000] {logging_mixin.py:188} INFO - [2025-05-17T08:41:23.383+0000] {dag.py:3954} INFO - Setting next_dagrun for retrain_T3_dag to None, run_after=None
[2025-05-17T08:41:23.401+0000] {processor.py:183} INFO - Processing /opt/airflow/dags/retrain_T3_dag.py took 0.084 seconds
[2025-05-17T08:41:53.879+0000] {processor.py:161} INFO - Started process (PID=1037) to work on /opt/airflow/dags/retrain_T3_dag.py
[2025-05-17T08:41:53.880+0000] {processor.py:830} INFO - Processing file /opt/airflow/dags/retrain_T3_dag.py for tasks to queue
[2025-05-17T08:41:53.882+0000] {logging_mixin.py:188} INFO - [2025-05-17T08:41:53.882+0000] {dagbag.py:540} INFO - Filling up the DagBag from /opt/airflow/dags/retrain_T3_dag.py
[2025-05-17T08:41:53.900+0000] {processor.py:840} INFO - DAG(s) 'retrain_T3_dag' retrieved from /opt/airflow/dags/retrain_T3_dag.py
[2025-05-17T08:41:53.921+0000] {logging_mixin.py:188} INFO - [2025-05-17T08:41:53.920+0000] {dag.py:3096} INFO - Sync 1 DAGs
[2025-05-17T08:41:53.933+0000] {logging_mixin.py:188} INFO - [2025-05-17T08:41:53.933+0000] {dag.py:3954} INFO - Setting next_dagrun for retrain_T3_dag to None, run_after=None
[2025-05-17T08:41:53.955+0000] {processor.py:183} INFO - Processing /opt/airflow/dags/retrain_T3_dag.py took 0.083 seconds
[2025-05-17T08:42:24.423+0000] {processor.py:161} INFO - Started process (PID=1057) to work on /opt/airflow/dags/retrain_T3_dag.py
[2025-05-17T08:42:24.424+0000] {processor.py:830} INFO - Processing file /opt/airflow/dags/retrain_T3_dag.py for tasks to queue
[2025-05-17T08:42:24.427+0000] {logging_mixin.py:188} INFO - [2025-05-17T08:42:24.426+0000] {dagbag.py:540} INFO - Filling up the DagBag from /opt/airflow/dags/retrain_T3_dag.py
[2025-05-17T08:42:24.446+0000] {processor.py:840} INFO - DAG(s) 'retrain_T3_dag' retrieved from /opt/airflow/dags/retrain_T3_dag.py
[2025-05-17T08:42:24.467+0000] {logging_mixin.py:188} INFO - [2025-05-17T08:42:24.466+0000] {dag.py:3096} INFO - Sync 1 DAGs
[2025-05-17T08:42:24.480+0000] {logging_mixin.py:188} INFO - [2025-05-17T08:42:24.479+0000] {dag.py:3954} INFO - Setting next_dagrun for retrain_T3_dag to None, run_after=None
[2025-05-17T08:42:24.499+0000] {processor.py:183} INFO - Processing /opt/airflow/dags/retrain_T3_dag.py took 0.085 seconds
[2025-05-17T08:42:55.108+0000] {processor.py:161} INFO - Started process (PID=1077) to work on /opt/airflow/dags/retrain_T3_dag.py
[2025-05-17T08:42:55.109+0000] {processor.py:830} INFO - Processing file /opt/airflow/dags/retrain_T3_dag.py for tasks to queue
[2025-05-17T08:42:55.111+0000] {logging_mixin.py:188} INFO - [2025-05-17T08:42:55.111+0000] {dagbag.py:540} INFO - Filling up the DagBag from /opt/airflow/dags/retrain_T3_dag.py
[2025-05-17T08:42:55.128+0000] {processor.py:840} INFO - DAG(s) 'retrain_T3_dag' retrieved from /opt/airflow/dags/retrain_T3_dag.py
[2025-05-17T08:42:55.148+0000] {logging_mixin.py:188} INFO - [2025-05-17T08:42:55.148+0000] {dag.py:3096} INFO - Sync 1 DAGs
[2025-05-17T08:42:55.161+0000] {logging_mixin.py:188} INFO - [2025-05-17T08:42:55.161+0000] {dag.py:3954} INFO - Setting next_dagrun for retrain_T3_dag to None, run_after=None
[2025-05-17T08:42:55.181+0000] {processor.py:183} INFO - Processing /opt/airflow/dags/retrain_T3_dag.py took 0.085 seconds
[2025-05-17T08:43:25.646+0000] {processor.py:161} INFO - Started process (PID=1097) to work on /opt/airflow/dags/retrain_T3_dag.py
[2025-05-17T08:43:25.647+0000] {processor.py:830} INFO - Processing file /opt/airflow/dags/retrain_T3_dag.py for tasks to queue
[2025-05-17T08:43:25.649+0000] {logging_mixin.py:188} INFO - [2025-05-17T08:43:25.648+0000] {dagbag.py:540} INFO - Filling up the DagBag from /opt/airflow/dags/retrain_T3_dag.py
[2025-05-17T08:43:25.667+0000] {processor.py:840} INFO - DAG(s) 'retrain_T3_dag' retrieved from /opt/airflow/dags/retrain_T3_dag.py
[2025-05-17T08:43:25.689+0000] {logging_mixin.py:188} INFO - [2025-05-17T08:43:25.689+0000] {dag.py:3096} INFO - Sync 1 DAGs
[2025-05-17T08:43:25.703+0000] {logging_mixin.py:188} INFO - [2025-05-17T08:43:25.703+0000] {dag.py:3954} INFO - Setting next_dagrun for retrain_T3_dag to None, run_after=None
[2025-05-17T08:43:25.726+0000] {processor.py:183} INFO - Processing /opt/airflow/dags/retrain_T3_dag.py took 0.086 seconds
[2025-05-17T08:43:56.151+0000] {processor.py:161} INFO - Started process (PID=1117) to work on /opt/airflow/dags/retrain_T3_dag.py
[2025-05-17T08:43:56.153+0000] {processor.py:830} INFO - Processing file /opt/airflow/dags/retrain_T3_dag.py for tasks to queue
[2025-05-17T08:43:56.158+0000] {logging_mixin.py:188} INFO - [2025-05-17T08:43:56.157+0000] {dagbag.py:540} INFO - Filling up the DagBag from /opt/airflow/dags/retrain_T3_dag.py
[2025-05-17T08:43:56.183+0000] {processor.py:840} INFO - DAG(s) 'retrain_T3_dag' retrieved from /opt/airflow/dags/retrain_T3_dag.py
[2025-05-17T08:43:56.206+0000] {logging_mixin.py:188} INFO - [2025-05-17T08:43:56.205+0000] {dag.py:3096} INFO - Sync 1 DAGs
[2025-05-17T08:43:56.221+0000] {logging_mixin.py:188} INFO - [2025-05-17T08:43:56.221+0000] {dag.py:3954} INFO - Setting next_dagrun for retrain_T3_dag to None, run_after=None
[2025-05-17T08:43:56.244+0000] {processor.py:183} INFO - Processing /opt/airflow/dags/retrain_T3_dag.py took 0.102 seconds
[2025-05-17T08:44:26.755+0000] {processor.py:161} INFO - Started process (PID=1139) to work on /opt/airflow/dags/retrain_T3_dag.py
[2025-05-17T08:44:26.757+0000] {processor.py:830} INFO - Processing file /opt/airflow/dags/retrain_T3_dag.py for tasks to queue
[2025-05-17T08:44:26.759+0000] {logging_mixin.py:188} INFO - [2025-05-17T08:44:26.758+0000] {dagbag.py:540} INFO - Filling up the DagBag from /opt/airflow/dags/retrain_T3_dag.py
[2025-05-17T08:44:26.776+0000] {processor.py:840} INFO - DAG(s) 'retrain_T3_dag' retrieved from /opt/airflow/dags/retrain_T3_dag.py
[2025-05-17T08:44:26.795+0000] {logging_mixin.py:188} INFO - [2025-05-17T08:44:26.795+0000] {dag.py:3096} INFO - Sync 1 DAGs
[2025-05-17T08:44:26.808+0000] {logging_mixin.py:188} INFO - [2025-05-17T08:44:26.808+0000] {dag.py:3954} INFO - Setting next_dagrun for retrain_T3_dag to None, run_after=None
[2025-05-17T08:44:26.827+0000] {processor.py:183} INFO - Processing /opt/airflow/dags/retrain_T3_dag.py took 0.081 seconds
[2025-05-17T08:44:57.305+0000] {processor.py:161} INFO - Started process (PID=1159) to work on /opt/airflow/dags/retrain_T3_dag.py
[2025-05-17T08:44:57.306+0000] {processor.py:830} INFO - Processing file /opt/airflow/dags/retrain_T3_dag.py for tasks to queue
[2025-05-17T08:44:57.307+0000] {logging_mixin.py:188} INFO - [2025-05-17T08:44:57.307+0000] {dagbag.py:540} INFO - Filling up the DagBag from /opt/airflow/dags/retrain_T3_dag.py
[2025-05-17T08:44:57.325+0000] {processor.py:840} INFO - DAG(s) 'retrain_T3_dag' retrieved from /opt/airflow/dags/retrain_T3_dag.py
[2025-05-17T08:44:57.345+0000] {logging_mixin.py:188} INFO - [2025-05-17T08:44:57.344+0000] {dag.py:3096} INFO - Sync 1 DAGs
[2025-05-17T08:44:57.357+0000] {logging_mixin.py:188} INFO - [2025-05-17T08:44:57.357+0000] {dag.py:3954} INFO - Setting next_dagrun for retrain_T3_dag to None, run_after=None
[2025-05-17T08:44:57.375+0000] {processor.py:183} INFO - Processing /opt/airflow/dags/retrain_T3_dag.py took 0.077 seconds
[2025-05-17T08:45:27.920+0000] {processor.py:161} INFO - Started process (PID=1181) to work on /opt/airflow/dags/retrain_T3_dag.py
[2025-05-17T08:45:27.921+0000] {processor.py:830} INFO - Processing file /opt/airflow/dags/retrain_T3_dag.py for tasks to queue
[2025-05-17T08:45:27.924+0000] {logging_mixin.py:188} INFO - [2025-05-17T08:45:27.923+0000] {dagbag.py:540} INFO - Filling up the DagBag from /opt/airflow/dags/retrain_T3_dag.py
[2025-05-17T08:45:27.943+0000] {processor.py:840} INFO - DAG(s) 'retrain_T3_dag' retrieved from /opt/airflow/dags/retrain_T3_dag.py
[2025-05-17T08:45:27.964+0000] {logging_mixin.py:188} INFO - [2025-05-17T08:45:27.964+0000] {dag.py:3096} INFO - Sync 1 DAGs
[2025-05-17T08:45:27.977+0000] {logging_mixin.py:188} INFO - [2025-05-17T08:45:27.977+0000] {dag.py:3954} INFO - Setting next_dagrun for retrain_T3_dag to None, run_after=None
[2025-05-17T08:45:27.999+0000] {processor.py:183} INFO - Processing /opt/airflow/dags/retrain_T3_dag.py took 0.085 seconds
[2025-05-17T08:45:58.660+0000] {processor.py:161} INFO - Started process (PID=1201) to work on /opt/airflow/dags/retrain_T3_dag.py
[2025-05-17T08:45:58.661+0000] {processor.py:830} INFO - Processing file /opt/airflow/dags/retrain_T3_dag.py for tasks to queue
[2025-05-17T08:45:58.664+0000] {logging_mixin.py:188} INFO - [2025-05-17T08:45:58.663+0000] {dagbag.py:540} INFO - Filling up the DagBag from /opt/airflow/dags/retrain_T3_dag.py
[2025-05-17T08:45:58.684+0000] {processor.py:840} INFO - DAG(s) 'retrain_T3_dag' retrieved from /opt/airflow/dags/retrain_T3_dag.py
[2025-05-17T08:45:58.714+0000] {logging_mixin.py:188} INFO - [2025-05-17T08:45:58.713+0000] {dag.py:3096} INFO - Sync 1 DAGs
[2025-05-17T08:45:58.731+0000] {logging_mixin.py:188} INFO - [2025-05-17T08:45:58.731+0000] {dag.py:3954} INFO - Setting next_dagrun for retrain_T3_dag to None, run_after=None
[2025-05-17T08:45:58.755+0000] {processor.py:183} INFO - Processing /opt/airflow/dags/retrain_T3_dag.py took 0.102 seconds
[2025-05-17T08:46:29.190+0000] {processor.py:161} INFO - Started process (PID=1228) to work on /opt/airflow/dags/retrain_T3_dag.py
[2025-05-17T08:46:29.191+0000] {processor.py:830} INFO - Processing file /opt/airflow/dags/retrain_T3_dag.py for tasks to queue
[2025-05-17T08:46:29.193+0000] {logging_mixin.py:188} INFO - [2025-05-17T08:46:29.193+0000] {dagbag.py:540} INFO - Filling up the DagBag from /opt/airflow/dags/retrain_T3_dag.py
[2025-05-17T08:46:29.213+0000] {processor.py:840} INFO - DAG(s) 'retrain_T3_dag' retrieved from /opt/airflow/dags/retrain_T3_dag.py
[2025-05-17T08:46:29.236+0000] {logging_mixin.py:188} INFO - [2025-05-17T08:46:29.235+0000] {dag.py:3096} INFO - Sync 1 DAGs
[2025-05-17T08:46:29.253+0000] {logging_mixin.py:188} INFO - [2025-05-17T08:46:29.253+0000] {dag.py:3954} INFO - Setting next_dagrun for retrain_T3_dag to None, run_after=None
[2025-05-17T08:46:29.278+0000] {processor.py:183} INFO - Processing /opt/airflow/dags/retrain_T3_dag.py took 0.095 seconds
[2025-05-17T08:46:59.841+0000] {processor.py:161} INFO - Started process (PID=1268) to work on /opt/airflow/dags/retrain_T3_dag.py
[2025-05-17T08:46:59.843+0000] {processor.py:830} INFO - Processing file /opt/airflow/dags/retrain_T3_dag.py for tasks to queue
[2025-05-17T08:46:59.846+0000] {logging_mixin.py:188} INFO - [2025-05-17T08:46:59.845+0000] {dagbag.py:540} INFO - Filling up the DagBag from /opt/airflow/dags/retrain_T3_dag.py
[2025-05-17T08:46:59.883+0000] {processor.py:840} INFO - DAG(s) 'retrain_T3_dag' retrieved from /opt/airflow/dags/retrain_T3_dag.py
[2025-05-17T08:46:59.943+0000] {logging_mixin.py:188} INFO - [2025-05-17T08:46:59.943+0000] {dag.py:3096} INFO - Sync 1 DAGs
[2025-05-17T08:46:59.969+0000] {logging_mixin.py:188} INFO - [2025-05-17T08:46:59.968+0000] {dag.py:3954} INFO - Setting next_dagrun for retrain_T3_dag to None, run_after=None
[2025-05-17T08:47:00.016+0000] {processor.py:183} INFO - Processing /opt/airflow/dags/retrain_T3_dag.py took 0.185 seconds
[2025-05-17T08:47:30.640+0000] {processor.py:161} INFO - Started process (PID=1288) to work on /opt/airflow/dags/retrain_T3_dag.py
[2025-05-17T08:47:30.642+0000] {processor.py:830} INFO - Processing file /opt/airflow/dags/retrain_T3_dag.py for tasks to queue
[2025-05-17T08:47:30.646+0000] {logging_mixin.py:188} INFO - [2025-05-17T08:47:30.645+0000] {dagbag.py:540} INFO - Filling up the DagBag from /opt/airflow/dags/retrain_T3_dag.py
[2025-05-17T08:47:30.691+0000] {processor.py:840} INFO - DAG(s) 'retrain_T3_dag' retrieved from /opt/airflow/dags/retrain_T3_dag.py
[2025-05-17T08:47:30.741+0000] {logging_mixin.py:188} INFO - [2025-05-17T08:47:30.741+0000] {dag.py:3096} INFO - Sync 1 DAGs
[2025-05-17T08:47:30.763+0000] {logging_mixin.py:188} INFO - [2025-05-17T08:47:30.763+0000] {dag.py:3954} INFO - Setting next_dagrun for retrain_T3_dag to None, run_after=None
[2025-05-17T08:47:30.795+0000] {processor.py:183} INFO - Processing /opt/airflow/dags/retrain_T3_dag.py took 0.163 seconds
[2025-05-17T08:48:01.460+0000] {processor.py:161} INFO - Started process (PID=1308) to work on /opt/airflow/dags/retrain_T3_dag.py
[2025-05-17T08:48:01.464+0000] {processor.py:830} INFO - Processing file /opt/airflow/dags/retrain_T3_dag.py for tasks to queue
[2025-05-17T08:48:01.472+0000] {logging_mixin.py:188} INFO - [2025-05-17T08:48:01.471+0000] {dagbag.py:540} INFO - Filling up the DagBag from /opt/airflow/dags/retrain_T3_dag.py
[2025-05-17T08:48:01.584+0000] {processor.py:840} INFO - DAG(s) 'retrain_T3_dag' retrieved from /opt/airflow/dags/retrain_T3_dag.py
[2025-05-17T08:48:01.647+0000] {logging_mixin.py:188} INFO - [2025-05-17T08:48:01.647+0000] {dag.py:3096} INFO - Sync 1 DAGs
[2025-05-17T08:48:01.707+0000] {logging_mixin.py:188} INFO - [2025-05-17T08:48:01.706+0000] {dag.py:3954} INFO - Setting next_dagrun for retrain_T3_dag to None, run_after=None
[2025-05-17T08:48:01.977+0000] {processor.py:183} INFO - Processing /opt/airflow/dags/retrain_T3_dag.py took 0.529 seconds
[2025-05-17T08:48:32.726+0000] {processor.py:161} INFO - Started process (PID=1330) to work on /opt/airflow/dags/retrain_T3_dag.py
[2025-05-17T08:48:32.727+0000] {processor.py:830} INFO - Processing file /opt/airflow/dags/retrain_T3_dag.py for tasks to queue
[2025-05-17T08:48:32.729+0000] {logging_mixin.py:188} INFO - [2025-05-17T08:48:32.728+0000] {dagbag.py:540} INFO - Filling up the DagBag from /opt/airflow/dags/retrain_T3_dag.py
[2025-05-17T08:48:32.749+0000] {processor.py:840} INFO - DAG(s) 'retrain_T3_dag' retrieved from /opt/airflow/dags/retrain_T3_dag.py
[2025-05-17T08:48:32.770+0000] {logging_mixin.py:188} INFO - [2025-05-17T08:48:32.770+0000] {dag.py:3096} INFO - Sync 1 DAGs
[2025-05-17T08:48:32.783+0000] {logging_mixin.py:188} INFO - [2025-05-17T08:48:32.783+0000] {dag.py:3954} INFO - Setting next_dagrun for retrain_T3_dag to None, run_after=None
[2025-05-17T08:48:32.865+0000] {processor.py:183} INFO - Processing /opt/airflow/dags/retrain_T3_dag.py took 0.146 seconds
[2025-05-17T08:49:03.431+0000] {processor.py:161} INFO - Started process (PID=1350) to work on /opt/airflow/dags/retrain_T3_dag.py
[2025-05-17T08:49:03.432+0000] {processor.py:830} INFO - Processing file /opt/airflow/dags/retrain_T3_dag.py for tasks to queue
[2025-05-17T08:49:03.435+0000] {logging_mixin.py:188} INFO - [2025-05-17T08:49:03.435+0000] {dagbag.py:540} INFO - Filling up the DagBag from /opt/airflow/dags/retrain_T3_dag.py
[2025-05-17T08:49:03.454+0000] {processor.py:840} INFO - DAG(s) 'retrain_T3_dag' retrieved from /opt/airflow/dags/retrain_T3_dag.py
[2025-05-17T08:49:03.475+0000] {logging_mixin.py:188} INFO - [2025-05-17T08:49:03.475+0000] {dag.py:3096} INFO - Sync 1 DAGs
[2025-05-17T08:49:03.489+0000] {logging_mixin.py:188} INFO - [2025-05-17T08:49:03.488+0000] {dag.py:3954} INFO - Setting next_dagrun for retrain_T3_dag to None, run_after=None
[2025-05-17T08:49:03.508+0000] {processor.py:183} INFO - Processing /opt/airflow/dags/retrain_T3_dag.py took 0.086 seconds
[2025-05-17T08:49:34.141+0000] {processor.py:161} INFO - Started process (PID=1375) to work on /opt/airflow/dags/retrain_T3_dag.py
[2025-05-17T08:49:34.142+0000] {processor.py:830} INFO - Processing file /opt/airflow/dags/retrain_T3_dag.py for tasks to queue
[2025-05-17T08:49:34.144+0000] {logging_mixin.py:188} INFO - [2025-05-17T08:49:34.143+0000] {dagbag.py:540} INFO - Filling up the DagBag from /opt/airflow/dags/retrain_T3_dag.py
[2025-05-17T08:49:34.164+0000] {processor.py:840} INFO - DAG(s) 'retrain_T3_dag' retrieved from /opt/airflow/dags/retrain_T3_dag.py
[2025-05-17T08:49:34.184+0000] {logging_mixin.py:188} INFO - [2025-05-17T08:49:34.183+0000] {dag.py:3096} INFO - Sync 1 DAGs
[2025-05-17T08:49:34.196+0000] {logging_mixin.py:188} INFO - [2025-05-17T08:49:34.196+0000] {dag.py:3954} INFO - Setting next_dagrun for retrain_T3_dag to None, run_after=None
[2025-05-17T08:49:34.216+0000] {processor.py:183} INFO - Processing /opt/airflow/dags/retrain_T3_dag.py took 0.082 seconds
[2025-05-17T08:50:39.027+0000] {processor.py:161} INFO - Started process (PID=167) to work on /opt/airflow/dags/retrain_T3_dag.py
[2025-05-17T08:50:39.028+0000] {processor.py:830} INFO - Processing file /opt/airflow/dags/retrain_T3_dag.py for tasks to queue
[2025-05-17T08:50:39.030+0000] {logging_mixin.py:188} INFO - [2025-05-17T08:50:39.030+0000] {dagbag.py:540} INFO - Filling up the DagBag from /opt/airflow/dags/retrain_T3_dag.py
[2025-05-17T08:50:39.055+0000] {processor.py:840} INFO - DAG(s) 'retrain_T3_dag' retrieved from /opt/airflow/dags/retrain_T3_dag.py
[2025-05-17T08:50:39.317+0000] {logging_mixin.py:188} INFO - [2025-05-17T08:50:39.317+0000] {dag.py:3096} INFO - Sync 1 DAGs
[2025-05-17T08:50:39.329+0000] {logging_mixin.py:188} INFO - [2025-05-17T08:50:39.329+0000] {dag.py:3954} INFO - Setting next_dagrun for retrain_T3_dag to None, run_after=None
[2025-05-17T08:50:39.354+0000] {processor.py:183} INFO - Processing /opt/airflow/dags/retrain_T3_dag.py took 0.336 seconds
[2025-05-17T08:51:09.944+0000] {processor.py:161} INFO - Started process (PID=187) to work on /opt/airflow/dags/retrain_T3_dag.py
[2025-05-17T08:51:09.945+0000] {processor.py:830} INFO - Processing file /opt/airflow/dags/retrain_T3_dag.py for tasks to queue
[2025-05-17T08:51:09.947+0000] {logging_mixin.py:188} INFO - [2025-05-17T08:51:09.947+0000] {dagbag.py:540} INFO - Filling up the DagBag from /opt/airflow/dags/retrain_T3_dag.py
[2025-05-17T08:51:09.966+0000] {processor.py:840} INFO - DAG(s) 'retrain_T3_dag' retrieved from /opt/airflow/dags/retrain_T3_dag.py
[2025-05-17T08:51:09.987+0000] {logging_mixin.py:188} INFO - [2025-05-17T08:51:09.986+0000] {dag.py:3096} INFO - Sync 1 DAGs
[2025-05-17T08:51:10.002+0000] {logging_mixin.py:188} INFO - [2025-05-17T08:51:10.002+0000] {dag.py:3954} INFO - Setting next_dagrun for retrain_T3_dag to None, run_after=None
[2025-05-17T08:51:10.022+0000] {processor.py:183} INFO - Processing /opt/airflow/dags/retrain_T3_dag.py took 0.085 seconds
[2025-05-17T08:51:40.580+0000] {processor.py:161} INFO - Started process (PID=209) to work on /opt/airflow/dags/retrain_T3_dag.py
[2025-05-17T08:51:40.581+0000] {processor.py:830} INFO - Processing file /opt/airflow/dags/retrain_T3_dag.py for tasks to queue
[2025-05-17T08:51:40.583+0000] {logging_mixin.py:188} INFO - [2025-05-17T08:51:40.582+0000] {dagbag.py:540} INFO - Filling up the DagBag from /opt/airflow/dags/retrain_T3_dag.py
[2025-05-17T08:51:40.607+0000] {processor.py:840} INFO - DAG(s) 'retrain_T3_dag' retrieved from /opt/airflow/dags/retrain_T3_dag.py
[2025-05-17T08:51:40.634+0000] {logging_mixin.py:188} INFO - [2025-05-17T08:51:40.634+0000] {dag.py:3096} INFO - Sync 1 DAGs
[2025-05-17T08:51:40.650+0000] {logging_mixin.py:188} INFO - [2025-05-17T08:51:40.650+0000] {dag.py:3954} INFO - Setting next_dagrun for retrain_T3_dag to None, run_after=None
[2025-05-17T08:51:40.677+0000] {processor.py:183} INFO - Processing /opt/airflow/dags/retrain_T3_dag.py took 0.104 seconds
[2025-05-17T08:52:11.147+0000] {processor.py:161} INFO - Started process (PID=229) to work on /opt/airflow/dags/retrain_T3_dag.py
[2025-05-17T08:52:11.148+0000] {processor.py:830} INFO - Processing file /opt/airflow/dags/retrain_T3_dag.py for tasks to queue
[2025-05-17T08:52:11.150+0000] {logging_mixin.py:188} INFO - [2025-05-17T08:52:11.149+0000] {dagbag.py:540} INFO - Filling up the DagBag from /opt/airflow/dags/retrain_T3_dag.py
[2025-05-17T08:52:11.167+0000] {processor.py:840} INFO - DAG(s) 'retrain_T3_dag' retrieved from /opt/airflow/dags/retrain_T3_dag.py
[2025-05-17T08:52:11.187+0000] {logging_mixin.py:188} INFO - [2025-05-17T08:52:11.186+0000] {dag.py:3096} INFO - Sync 1 DAGs
[2025-05-17T08:52:11.198+0000] {logging_mixin.py:188} INFO - [2025-05-17T08:52:11.198+0000] {dag.py:3954} INFO - Setting next_dagrun for retrain_T3_dag to None, run_after=None
[2025-05-17T08:52:11.221+0000] {processor.py:183} INFO - Processing /opt/airflow/dags/retrain_T3_dag.py took 0.080 seconds
[2025-05-17T08:52:41.703+0000] {processor.py:161} INFO - Started process (PID=249) to work on /opt/airflow/dags/retrain_T3_dag.py
[2025-05-17T08:52:41.704+0000] {processor.py:830} INFO - Processing file /opt/airflow/dags/retrain_T3_dag.py for tasks to queue
[2025-05-17T08:52:41.705+0000] {logging_mixin.py:188} INFO - [2025-05-17T08:52:41.705+0000] {dagbag.py:540} INFO - Filling up the DagBag from /opt/airflow/dags/retrain_T3_dag.py
[2025-05-17T08:52:41.721+0000] {processor.py:840} INFO - DAG(s) 'retrain_T3_dag' retrieved from /opt/airflow/dags/retrain_T3_dag.py
[2025-05-17T08:52:41.740+0000] {logging_mixin.py:188} INFO - [2025-05-17T08:52:41.740+0000] {dag.py:3096} INFO - Sync 1 DAGs
[2025-05-17T08:52:41.752+0000] {logging_mixin.py:188} INFO - [2025-05-17T08:52:41.752+0000] {dag.py:3954} INFO - Setting next_dagrun for retrain_T3_dag to None, run_after=None
[2025-05-17T08:52:41.773+0000] {processor.py:183} INFO - Processing /opt/airflow/dags/retrain_T3_dag.py took 0.075 seconds
[2025-05-17T08:53:12.260+0000] {processor.py:161} INFO - Started process (PID=269) to work on /opt/airflow/dags/retrain_T3_dag.py
[2025-05-17T08:53:12.261+0000] {processor.py:830} INFO - Processing file /opt/airflow/dags/retrain_T3_dag.py for tasks to queue
[2025-05-17T08:53:12.263+0000] {logging_mixin.py:188} INFO - [2025-05-17T08:53:12.262+0000] {dagbag.py:540} INFO - Filling up the DagBag from /opt/airflow/dags/retrain_T3_dag.py
[2025-05-17T08:53:12.280+0000] {processor.py:840} INFO - DAG(s) 'retrain_T3_dag' retrieved from /opt/airflow/dags/retrain_T3_dag.py
[2025-05-17T08:53:12.302+0000] {logging_mixin.py:188} INFO - [2025-05-17T08:53:12.302+0000] {dag.py:3096} INFO - Sync 1 DAGs
[2025-05-17T08:53:12.315+0000] {logging_mixin.py:188} INFO - [2025-05-17T08:53:12.315+0000] {dag.py:3954} INFO - Setting next_dagrun for retrain_T3_dag to None, run_after=None
[2025-05-17T08:53:12.339+0000] {processor.py:183} INFO - Processing /opt/airflow/dags/retrain_T3_dag.py took 0.087 seconds
[2025-05-17T08:53:42.861+0000] {processor.py:161} INFO - Started process (PID=289) to work on /opt/airflow/dags/retrain_T3_dag.py
[2025-05-17T08:53:42.862+0000] {processor.py:830} INFO - Processing file /opt/airflow/dags/retrain_T3_dag.py for tasks to queue
[2025-05-17T08:53:42.865+0000] {logging_mixin.py:188} INFO - [2025-05-17T08:53:42.864+0000] {dagbag.py:540} INFO - Filling up the DagBag from /opt/airflow/dags/retrain_T3_dag.py
[2025-05-17T08:53:42.883+0000] {processor.py:840} INFO - DAG(s) 'retrain_T3_dag' retrieved from /opt/airflow/dags/retrain_T3_dag.py
[2025-05-17T08:53:42.903+0000] {logging_mixin.py:188} INFO - [2025-05-17T08:53:42.902+0000] {dag.py:3096} INFO - Sync 1 DAGs
[2025-05-17T08:53:42.916+0000] {logging_mixin.py:188} INFO - [2025-05-17T08:53:42.916+0000] {dag.py:3954} INFO - Setting next_dagrun for retrain_T3_dag to None, run_after=None
[2025-05-17T08:53:42.938+0000] {processor.py:183} INFO - Processing /opt/airflow/dags/retrain_T3_dag.py took 0.085 seconds
[2025-05-17T08:54:13.392+0000] {processor.py:161} INFO - Started process (PID=309) to work on /opt/airflow/dags/retrain_T3_dag.py
[2025-05-17T08:54:13.394+0000] {processor.py:830} INFO - Processing file /opt/airflow/dags/retrain_T3_dag.py for tasks to queue
[2025-05-17T08:54:13.396+0000] {logging_mixin.py:188} INFO - [2025-05-17T08:54:13.396+0000] {dagbag.py:540} INFO - Filling up the DagBag from /opt/airflow/dags/retrain_T3_dag.py
[2025-05-17T08:54:13.416+0000] {processor.py:840} INFO - DAG(s) 'retrain_T3_dag' retrieved from /opt/airflow/dags/retrain_T3_dag.py
[2025-05-17T08:54:13.436+0000] {logging_mixin.py:188} INFO - [2025-05-17T08:54:13.436+0000] {dag.py:3096} INFO - Sync 1 DAGs
[2025-05-17T08:54:13.448+0000] {logging_mixin.py:188} INFO - [2025-05-17T08:54:13.448+0000] {dag.py:3954} INFO - Setting next_dagrun for retrain_T3_dag to None, run_after=None
[2025-05-17T08:54:13.470+0000] {processor.py:183} INFO - Processing /opt/airflow/dags/retrain_T3_dag.py took 0.085 seconds
[2025-05-17T08:54:44.008+0000] {processor.py:161} INFO - Started process (PID=329) to work on /opt/airflow/dags/retrain_T3_dag.py
[2025-05-17T08:54:44.008+0000] {processor.py:830} INFO - Processing file /opt/airflow/dags/retrain_T3_dag.py for tasks to queue
[2025-05-17T08:54:44.010+0000] {logging_mixin.py:188} INFO - [2025-05-17T08:54:44.010+0000] {dagbag.py:540} INFO - Filling up the DagBag from /opt/airflow/dags/retrain_T3_dag.py
[2025-05-17T08:54:44.027+0000] {processor.py:840} INFO - DAG(s) 'retrain_T3_dag' retrieved from /opt/airflow/dags/retrain_T3_dag.py
[2025-05-17T08:54:44.048+0000] {logging_mixin.py:188} INFO - [2025-05-17T08:54:44.048+0000] {dag.py:3096} INFO - Sync 1 DAGs
[2025-05-17T08:54:44.061+0000] {logging_mixin.py:188} INFO - [2025-05-17T08:54:44.061+0000] {dag.py:3954} INFO - Setting next_dagrun for retrain_T3_dag to None, run_after=None
[2025-05-17T08:54:44.082+0000] {processor.py:183} INFO - Processing /opt/airflow/dags/retrain_T3_dag.py took 0.083 seconds
[2025-05-17T08:55:14.539+0000] {processor.py:161} INFO - Started process (PID=349) to work on /opt/airflow/dags/retrain_T3_dag.py
[2025-05-17T08:55:14.540+0000] {processor.py:830} INFO - Processing file /opt/airflow/dags/retrain_T3_dag.py for tasks to queue
[2025-05-17T08:55:14.543+0000] {logging_mixin.py:188} INFO - [2025-05-17T08:55:14.542+0000] {dagbag.py:540} INFO - Filling up the DagBag from /opt/airflow/dags/retrain_T3_dag.py
[2025-05-17T08:55:14.560+0000] {processor.py:840} INFO - DAG(s) 'retrain_T3_dag' retrieved from /opt/airflow/dags/retrain_T3_dag.py
[2025-05-17T08:55:14.581+0000] {logging_mixin.py:188} INFO - [2025-05-17T08:55:14.580+0000] {dag.py:3096} INFO - Sync 1 DAGs
[2025-05-17T08:55:14.595+0000] {logging_mixin.py:188} INFO - [2025-05-17T08:55:14.595+0000] {dag.py:3954} INFO - Setting next_dagrun for retrain_T3_dag to None, run_after=None
[2025-05-17T08:55:14.618+0000] {processor.py:183} INFO - Processing /opt/airflow/dags/retrain_T3_dag.py took 0.085 seconds
[2025-05-17T08:55:45.199+0000] {processor.py:161} INFO - Started process (PID=369) to work on /opt/airflow/dags/retrain_T3_dag.py
[2025-05-17T08:55:45.200+0000] {processor.py:830} INFO - Processing file /opt/airflow/dags/retrain_T3_dag.py for tasks to queue
[2025-05-17T08:55:45.202+0000] {logging_mixin.py:188} INFO - [2025-05-17T08:55:45.202+0000] {dagbag.py:540} INFO - Filling up the DagBag from /opt/airflow/dags/retrain_T3_dag.py
[2025-05-17T08:55:45.218+0000] {processor.py:840} INFO - DAG(s) 'retrain_T3_dag' retrieved from /opt/airflow/dags/retrain_T3_dag.py
[2025-05-17T08:55:45.237+0000] {logging_mixin.py:188} INFO - [2025-05-17T08:55:45.237+0000] {dag.py:3096} INFO - Sync 1 DAGs
[2025-05-17T08:55:45.249+0000] {logging_mixin.py:188} INFO - [2025-05-17T08:55:45.249+0000] {dag.py:3954} INFO - Setting next_dagrun for retrain_T3_dag to None, run_after=None
[2025-05-17T08:55:45.272+0000] {processor.py:183} INFO - Processing /opt/airflow/dags/retrain_T3_dag.py took 0.080 seconds
[2025-05-17T08:56:15.702+0000] {processor.py:161} INFO - Started process (PID=389) to work on /opt/airflow/dags/retrain_T3_dag.py
[2025-05-17T08:56:15.703+0000] {processor.py:830} INFO - Processing file /opt/airflow/dags/retrain_T3_dag.py for tasks to queue
[2025-05-17T08:56:15.705+0000] {logging_mixin.py:188} INFO - [2025-05-17T08:56:15.704+0000] {dagbag.py:540} INFO - Filling up the DagBag from /opt/airflow/dags/retrain_T3_dag.py
[2025-05-17T08:56:15.725+0000] {processor.py:840} INFO - DAG(s) 'retrain_T3_dag' retrieved from /opt/airflow/dags/retrain_T3_dag.py
[2025-05-17T08:56:15.749+0000] {logging_mixin.py:188} INFO - [2025-05-17T08:56:15.749+0000] {dag.py:3096} INFO - Sync 1 DAGs
[2025-05-17T08:56:15.762+0000] {logging_mixin.py:188} INFO - [2025-05-17T08:56:15.762+0000] {dag.py:3954} INFO - Setting next_dagrun for retrain_T3_dag to None, run_after=None
[2025-05-17T08:56:15.788+0000] {processor.py:183} INFO - Processing /opt/airflow/dags/retrain_T3_dag.py took 0.091 seconds
[2025-05-17T08:56:46.286+0000] {processor.py:161} INFO - Started process (PID=409) to work on /opt/airflow/dags/retrain_T3_dag.py
[2025-05-17T08:56:46.287+0000] {processor.py:830} INFO - Processing file /opt/airflow/dags/retrain_T3_dag.py for tasks to queue
[2025-05-17T08:56:46.289+0000] {logging_mixin.py:188} INFO - [2025-05-17T08:56:46.288+0000] {dagbag.py:540} INFO - Filling up the DagBag from /opt/airflow/dags/retrain_T3_dag.py
[2025-05-17T08:56:46.309+0000] {processor.py:840} INFO - DAG(s) 'retrain_T3_dag' retrieved from /opt/airflow/dags/retrain_T3_dag.py
[2025-05-17T08:56:46.328+0000] {logging_mixin.py:188} INFO - [2025-05-17T08:56:46.328+0000] {dag.py:3096} INFO - Sync 1 DAGs
[2025-05-17T08:56:46.341+0000] {logging_mixin.py:188} INFO - [2025-05-17T08:56:46.341+0000] {dag.py:3954} INFO - Setting next_dagrun for retrain_T3_dag to None, run_after=None
[2025-05-17T08:56:46.362+0000] {processor.py:183} INFO - Processing /opt/airflow/dags/retrain_T3_dag.py took 0.082 seconds
[2025-05-17T08:57:16.843+0000] {processor.py:161} INFO - Started process (PID=429) to work on /opt/airflow/dags/retrain_T3_dag.py
[2025-05-17T08:57:16.844+0000] {processor.py:830} INFO - Processing file /opt/airflow/dags/retrain_T3_dag.py for tasks to queue
[2025-05-17T08:57:16.847+0000] {logging_mixin.py:188} INFO - [2025-05-17T08:57:16.846+0000] {dagbag.py:540} INFO - Filling up the DagBag from /opt/airflow/dags/retrain_T3_dag.py
[2025-05-17T08:57:16.865+0000] {processor.py:840} INFO - DAG(s) 'retrain_T3_dag' retrieved from /opt/airflow/dags/retrain_T3_dag.py
[2025-05-17T08:57:16.884+0000] {logging_mixin.py:188} INFO - [2025-05-17T08:57:16.884+0000] {dag.py:3096} INFO - Sync 1 DAGs
[2025-05-17T08:57:16.897+0000] {logging_mixin.py:188} INFO - [2025-05-17T08:57:16.897+0000] {dag.py:3954} INFO - Setting next_dagrun for retrain_T3_dag to None, run_after=None
[2025-05-17T08:57:16.920+0000] {processor.py:183} INFO - Processing /opt/airflow/dags/retrain_T3_dag.py took 0.084 seconds
[2025-05-17T08:57:47.485+0000] {processor.py:161} INFO - Started process (PID=449) to work on /opt/airflow/dags/retrain_T3_dag.py
[2025-05-17T08:57:47.486+0000] {processor.py:830} INFO - Processing file /opt/airflow/dags/retrain_T3_dag.py for tasks to queue
[2025-05-17T08:57:47.488+0000] {logging_mixin.py:188} INFO - [2025-05-17T08:57:47.487+0000] {dagbag.py:540} INFO - Filling up the DagBag from /opt/airflow/dags/retrain_T3_dag.py
[2025-05-17T08:57:47.505+0000] {processor.py:840} INFO - DAG(s) 'retrain_T3_dag' retrieved from /opt/airflow/dags/retrain_T3_dag.py
[2025-05-17T08:57:47.524+0000] {logging_mixin.py:188} INFO - [2025-05-17T08:57:47.524+0000] {dag.py:3096} INFO - Sync 1 DAGs
[2025-05-17T08:57:47.538+0000] {logging_mixin.py:188} INFO - [2025-05-17T08:57:47.538+0000] {dag.py:3954} INFO - Setting next_dagrun for retrain_T3_dag to None, run_after=None
[2025-05-17T08:57:47.558+0000] {processor.py:183} INFO - Processing /opt/airflow/dags/retrain_T3_dag.py took 0.078 seconds
[2025-05-17T08:58:18.145+0000] {processor.py:161} INFO - Started process (PID=469) to work on /opt/airflow/dags/retrain_T3_dag.py
[2025-05-17T08:58:18.146+0000] {processor.py:830} INFO - Processing file /opt/airflow/dags/retrain_T3_dag.py for tasks to queue
[2025-05-17T08:58:18.147+0000] {logging_mixin.py:188} INFO - [2025-05-17T08:58:18.147+0000] {dagbag.py:540} INFO - Filling up the DagBag from /opt/airflow/dags/retrain_T3_dag.py
[2025-05-17T08:58:18.164+0000] {processor.py:840} INFO - DAG(s) 'retrain_T3_dag' retrieved from /opt/airflow/dags/retrain_T3_dag.py
[2025-05-17T08:58:18.182+0000] {logging_mixin.py:188} INFO - [2025-05-17T08:58:18.182+0000] {dag.py:3096} INFO - Sync 1 DAGs
[2025-05-17T08:58:18.195+0000] {logging_mixin.py:188} INFO - [2025-05-17T08:58:18.194+0000] {dag.py:3954} INFO - Setting next_dagrun for retrain_T3_dag to None, run_after=None
[2025-05-17T08:58:18.219+0000] {processor.py:183} INFO - Processing /opt/airflow/dags/retrain_T3_dag.py took 0.085 seconds
[2025-05-17T08:58:48.749+0000] {processor.py:161} INFO - Started process (PID=489) to work on /opt/airflow/dags/retrain_T3_dag.py
[2025-05-17T08:58:48.750+0000] {processor.py:830} INFO - Processing file /opt/airflow/dags/retrain_T3_dag.py for tasks to queue
[2025-05-17T08:58:48.752+0000] {logging_mixin.py:188} INFO - [2025-05-17T08:58:48.751+0000] {dagbag.py:540} INFO - Filling up the DagBag from /opt/airflow/dags/retrain_T3_dag.py
[2025-05-17T08:58:48.772+0000] {processor.py:840} INFO - DAG(s) 'retrain_T3_dag' retrieved from /opt/airflow/dags/retrain_T3_dag.py
[2025-05-17T08:58:48.793+0000] {logging_mixin.py:188} INFO - [2025-05-17T08:58:48.793+0000] {dag.py:3096} INFO - Sync 1 DAGs
[2025-05-17T08:58:48.812+0000] {logging_mixin.py:188} INFO - [2025-05-17T08:58:48.812+0000] {dag.py:3954} INFO - Setting next_dagrun for retrain_T3_dag to None, run_after=None
[2025-05-17T08:58:48.836+0000] {processor.py:183} INFO - Processing /opt/airflow/dags/retrain_T3_dag.py took 0.095 seconds
[2025-05-17T08:59:53.271+0000] {processor.py:161} INFO - Started process (PID=167) to work on /opt/airflow/dags/retrain_T3_dag.py
[2025-05-17T08:59:53.272+0000] {processor.py:830} INFO - Processing file /opt/airflow/dags/retrain_T3_dag.py for tasks to queue
[2025-05-17T08:59:53.274+0000] {logging_mixin.py:188} INFO - [2025-05-17T08:59:53.274+0000] {dagbag.py:540} INFO - Filling up the DagBag from /opt/airflow/dags/retrain_T3_dag.py
[2025-05-17T08:59:53.303+0000] {processor.py:840} INFO - DAG(s) 'retrain_T3_dag' retrieved from /opt/airflow/dags/retrain_T3_dag.py
[2025-05-17T08:59:53.524+0000] {logging_mixin.py:188} INFO - [2025-05-17T08:59:53.524+0000] {dag.py:3096} INFO - Sync 1 DAGs
[2025-05-17T08:59:53.534+0000] {logging_mixin.py:188} INFO - [2025-05-17T08:59:53.534+0000] {dag.py:3954} INFO - Setting next_dagrun for retrain_T3_dag to None, run_after=None
[2025-05-17T08:59:53.556+0000] {processor.py:183} INFO - Processing /opt/airflow/dags/retrain_T3_dag.py took 0.292 seconds
[2025-05-17T09:00:24.564+0000] {processor.py:161} INFO - Started process (PID=241) to work on /opt/airflow/dags/retrain_T3_dag.py
[2025-05-17T09:00:24.588+0000] {processor.py:830} INFO - Processing file /opt/airflow/dags/retrain_T3_dag.py for tasks to queue
[2025-05-17T09:00:24.591+0000] {logging_mixin.py:188} INFO - [2025-05-17T09:00:24.590+0000] {dagbag.py:540} INFO - Filling up the DagBag from /opt/airflow/dags/retrain_T3_dag.py
[2025-05-17T09:00:24.625+0000] {processor.py:840} INFO - DAG(s) 'retrain_T3_dag' retrieved from /opt/airflow/dags/retrain_T3_dag.py
[2025-05-17T09:00:24.670+0000] {logging_mixin.py:188} INFO - [2025-05-17T09:00:24.670+0000] {dag.py:3096} INFO - Sync 1 DAGs
[2025-05-17T09:00:24.687+0000] {logging_mixin.py:188} INFO - [2025-05-17T09:00:24.686+0000] {dag.py:3954} INFO - Setting next_dagrun for retrain_T3_dag to None, run_after=None
[2025-05-17T09:00:24.778+0000] {processor.py:183} INFO - Processing /opt/airflow/dags/retrain_T3_dag.py took 0.224 seconds
[2025-05-17T09:00:55.937+0000] {processor.py:161} INFO - Started process (PID=259) to work on /opt/airflow/dags/retrain_T3_dag.py
[2025-05-17T09:00:55.947+0000] {processor.py:830} INFO - Processing file /opt/airflow/dags/retrain_T3_dag.py for tasks to queue
[2025-05-17T09:00:55.994+0000] {logging_mixin.py:188} INFO - [2025-05-17T09:00:55.968+0000] {dagbag.py:540} INFO - Filling up the DagBag from /opt/airflow/dags/retrain_T3_dag.py
[2025-05-17T09:00:56.353+0000] {processor.py:840} INFO - DAG(s) 'retrain_T3_dag' retrieved from /opt/airflow/dags/retrain_T3_dag.py
[2025-05-17T09:00:56.588+0000] {logging_mixin.py:188} INFO - [2025-05-17T09:00:56.587+0000] {dag.py:3096} INFO - Sync 1 DAGs
[2025-05-17T09:00:57.403+0000] {logging_mixin.py:188} INFO - [2025-05-17T09:00:57.402+0000] {dag.py:3954} INFO - Setting next_dagrun for retrain_T3_dag to None, run_after=None
[2025-05-17T09:00:57.895+0000] {processor.py:183} INFO - Processing /opt/airflow/dags/retrain_T3_dag.py took 2.028 seconds
[2025-05-17T09:01:28.450+0000] {processor.py:161} INFO - Started process (PID=282) to work on /opt/airflow/dags/retrain_T3_dag.py
[2025-05-17T09:01:28.454+0000] {processor.py:830} INFO - Processing file /opt/airflow/dags/retrain_T3_dag.py for tasks to queue
[2025-05-17T09:01:28.467+0000] {logging_mixin.py:188} INFO - [2025-05-17T09:01:28.460+0000] {dagbag.py:540} INFO - Filling up the DagBag from /opt/airflow/dags/retrain_T3_dag.py
[2025-05-17T09:01:28.538+0000] {processor.py:840} INFO - DAG(s) 'retrain_T3_dag' retrieved from /opt/airflow/dags/retrain_T3_dag.py
[2025-05-17T09:01:28.854+0000] {logging_mixin.py:188} INFO - [2025-05-17T09:01:28.853+0000] {dag.py:3096} INFO - Sync 1 DAGs
[2025-05-17T09:01:28.902+0000] {logging_mixin.py:188} INFO - [2025-05-17T09:01:28.902+0000] {dag.py:3954} INFO - Setting next_dagrun for retrain_T3_dag to None, run_after=None
[2025-05-17T09:01:28.990+0000] {processor.py:183} INFO - Processing /opt/airflow/dags/retrain_T3_dag.py took 0.571 seconds
[2025-05-17T09:01:59.974+0000] {processor.py:161} INFO - Started process (PID=301) to work on /opt/airflow/dags/retrain_T3_dag.py
[2025-05-17T09:01:59.975+0000] {processor.py:830} INFO - Processing file /opt/airflow/dags/retrain_T3_dag.py for tasks to queue
[2025-05-17T09:01:59.995+0000] {logging_mixin.py:188} INFO - [2025-05-17T09:01:59.992+0000] {dagbag.py:540} INFO - Filling up the DagBag from /opt/airflow/dags/retrain_T3_dag.py
[2025-05-17T09:02:00.429+0000] {processor.py:840} INFO - DAG(s) 'retrain_T3_dag' retrieved from /opt/airflow/dags/retrain_T3_dag.py
[2025-05-17T09:02:01.461+0000] {logging_mixin.py:188} INFO - [2025-05-17T09:02:01.460+0000] {dag.py:3096} INFO - Sync 1 DAGs
[2025-05-17T09:02:01.656+0000] {logging_mixin.py:188} INFO - [2025-05-17T09:02:01.655+0000] {dag.py:3954} INFO - Setting next_dagrun for retrain_T3_dag to None, run_after=None
[2025-05-17T09:02:01.861+0000] {processor.py:183} INFO - Processing /opt/airflow/dags/retrain_T3_dag.py took 1.902 seconds
[2025-05-17T09:02:33.669+0000] {processor.py:161} INFO - Started process (PID=321) to work on /opt/airflow/dags/retrain_T3_dag.py
[2025-05-17T09:02:33.671+0000] {processor.py:830} INFO - Processing file /opt/airflow/dags/retrain_T3_dag.py for tasks to queue
[2025-05-17T09:02:33.844+0000] {logging_mixin.py:188} INFO - [2025-05-17T09:02:33.840+0000] {dagbag.py:540} INFO - Filling up the DagBag from /opt/airflow/dags/retrain_T3_dag.py
[2025-05-17T09:02:35.351+0000] {processor.py:840} INFO - DAG(s) 'retrain_T3_dag' retrieved from /opt/airflow/dags/retrain_T3_dag.py
[2025-05-17T09:02:36.152+0000] {logging_mixin.py:188} INFO - [2025-05-17T09:02:36.152+0000] {dag.py:3096} INFO - Sync 1 DAGs
[2025-05-17T09:02:36.562+0000] {logging_mixin.py:188} INFO - [2025-05-17T09:02:36.562+0000] {dag.py:3954} INFO - Setting next_dagrun for retrain_T3_dag to None, run_after=None
[2025-05-17T09:02:36.814+0000] {processor.py:183} INFO - Processing /opt/airflow/dags/retrain_T3_dag.py took 3.682 seconds
[2025-05-17T09:03:07.089+0000] {processor.py:161} INFO - Started process (PID=357) to work on /opt/airflow/dags/retrain_T3_dag.py
[2025-05-17T09:03:07.090+0000] {processor.py:830} INFO - Processing file /opt/airflow/dags/retrain_T3_dag.py for tasks to queue
[2025-05-17T09:03:07.096+0000] {logging_mixin.py:188} INFO - [2025-05-17T09:03:07.095+0000] {dagbag.py:540} INFO - Filling up the DagBag from /opt/airflow/dags/retrain_T3_dag.py
[2025-05-17T09:03:07.142+0000] {processor.py:840} INFO - DAG(s) 'retrain_T3_dag' retrieved from /opt/airflow/dags/retrain_T3_dag.py
[2025-05-17T09:03:07.177+0000] {logging_mixin.py:188} INFO - [2025-05-17T09:03:07.177+0000] {dag.py:3096} INFO - Sync 1 DAGs
[2025-05-17T09:03:07.206+0000] {logging_mixin.py:188} INFO - [2025-05-17T09:03:07.206+0000] {dag.py:3954} INFO - Setting next_dagrun for retrain_T3_dag to None, run_after=None
[2025-05-17T09:03:07.252+0000] {processor.py:183} INFO - Processing /opt/airflow/dags/retrain_T3_dag.py took 0.177 seconds
[2025-05-17T09:03:38.055+0000] {processor.py:161} INFO - Started process (PID=388) to work on /opt/airflow/dags/retrain_T3_dag.py
[2025-05-17T09:03:38.061+0000] {processor.py:830} INFO - Processing file /opt/airflow/dags/retrain_T3_dag.py for tasks to queue
[2025-05-17T09:03:38.069+0000] {logging_mixin.py:188} INFO - [2025-05-17T09:03:38.068+0000] {dagbag.py:540} INFO - Filling up the DagBag from /opt/airflow/dags/retrain_T3_dag.py
[2025-05-17T09:03:38.264+0000] {processor.py:840} INFO - DAG(s) 'retrain_T3_dag' retrieved from /opt/airflow/dags/retrain_T3_dag.py
[2025-05-17T09:03:38.374+0000] {logging_mixin.py:188} INFO - [2025-05-17T09:03:38.374+0000] {dag.py:3096} INFO - Sync 1 DAGs
[2025-05-17T09:03:38.420+0000] {logging_mixin.py:188} INFO - [2025-05-17T09:03:38.420+0000] {dag.py:3954} INFO - Setting next_dagrun for retrain_T3_dag to None, run_after=None
[2025-05-17T09:03:38.596+0000] {processor.py:183} INFO - Processing /opt/airflow/dags/retrain_T3_dag.py took 0.564 seconds
[2025-05-17T09:04:09.209+0000] {processor.py:161} INFO - Started process (PID=408) to work on /opt/airflow/dags/retrain_T3_dag.py
[2025-05-17T09:04:09.214+0000] {processor.py:830} INFO - Processing file /opt/airflow/dags/retrain_T3_dag.py for tasks to queue
[2025-05-17T09:04:09.253+0000] {logging_mixin.py:188} INFO - [2025-05-17T09:04:09.251+0000] {dagbag.py:540} INFO - Filling up the DagBag from /opt/airflow/dags/retrain_T3_dag.py
[2025-05-17T09:04:09.587+0000] {processor.py:840} INFO - DAG(s) 'retrain_T3_dag' retrieved from /opt/airflow/dags/retrain_T3_dag.py
[2025-05-17T09:04:09.740+0000] {logging_mixin.py:188} INFO - [2025-05-17T09:04:09.739+0000] {dag.py:3096} INFO - Sync 1 DAGs
[2025-05-17T09:04:09.838+0000] {logging_mixin.py:188} INFO - [2025-05-17T09:04:09.837+0000] {dag.py:3954} INFO - Setting next_dagrun for retrain_T3_dag to None, run_after=None
[2025-05-17T09:04:10.028+0000] {processor.py:183} INFO - Processing /opt/airflow/dags/retrain_T3_dag.py took 0.934 seconds
[2025-05-17T09:04:40.592+0000] {processor.py:161} INFO - Started process (PID=428) to work on /opt/airflow/dags/retrain_T3_dag.py
[2025-05-17T09:04:40.595+0000] {processor.py:830} INFO - Processing file /opt/airflow/dags/retrain_T3_dag.py for tasks to queue
[2025-05-17T09:04:40.603+0000] {logging_mixin.py:188} INFO - [2025-05-17T09:04:40.602+0000] {dagbag.py:540} INFO - Filling up the DagBag from /opt/airflow/dags/retrain_T3_dag.py
[2025-05-17T09:04:40.669+0000] {processor.py:840} INFO - DAG(s) 'retrain_T3_dag' retrieved from /opt/airflow/dags/retrain_T3_dag.py
[2025-05-17T09:04:40.704+0000] {logging_mixin.py:188} INFO - [2025-05-17T09:04:40.703+0000] {dag.py:3096} INFO - Sync 1 DAGs
[2025-05-17T09:04:40.728+0000] {logging_mixin.py:188} INFO - [2025-05-17T09:04:40.728+0000] {dag.py:3954} INFO - Setting next_dagrun for retrain_T3_dag to None, run_after=None
[2025-05-17T09:04:40.772+0000] {processor.py:183} INFO - Processing /opt/airflow/dags/retrain_T3_dag.py took 0.192 seconds
[2025-05-17T09:05:11.155+0000] {processor.py:161} INFO - Started process (PID=448) to work on /opt/airflow/dags/retrain_T3_dag.py
[2025-05-17T09:05:11.157+0000] {processor.py:830} INFO - Processing file /opt/airflow/dags/retrain_T3_dag.py for tasks to queue
[2025-05-17T09:05:11.162+0000] {logging_mixin.py:188} INFO - [2025-05-17T09:05:11.160+0000] {dagbag.py:540} INFO - Filling up the DagBag from /opt/airflow/dags/retrain_T3_dag.py
[2025-05-17T09:05:11.196+0000] {processor.py:840} INFO - DAG(s) 'retrain_T3_dag' retrieved from /opt/airflow/dags/retrain_T3_dag.py
[2025-05-17T09:05:11.234+0000] {logging_mixin.py:188} INFO - [2025-05-17T09:05:11.233+0000] {dag.py:3096} INFO - Sync 1 DAGs
[2025-05-17T09:05:11.257+0000] {logging_mixin.py:188} INFO - [2025-05-17T09:05:11.257+0000] {dag.py:3954} INFO - Setting next_dagrun for retrain_T3_dag to None, run_after=None
[2025-05-17T09:05:11.308+0000] {processor.py:183} INFO - Processing /opt/airflow/dags/retrain_T3_dag.py took 0.167 seconds
[2025-05-17T09:05:41.576+0000] {processor.py:161} INFO - Started process (PID=468) to work on /opt/airflow/dags/retrain_T3_dag.py
[2025-05-17T09:05:41.578+0000] {processor.py:830} INFO - Processing file /opt/airflow/dags/retrain_T3_dag.py for tasks to queue
[2025-05-17T09:05:41.589+0000] {logging_mixin.py:188} INFO - [2025-05-17T09:05:41.588+0000] {dagbag.py:540} INFO - Filling up the DagBag from /opt/airflow/dags/retrain_T3_dag.py
[2025-05-17T09:05:41.655+0000] {processor.py:840} INFO - DAG(s) 'retrain_T3_dag' retrieved from /opt/airflow/dags/retrain_T3_dag.py
[2025-05-17T09:05:41.759+0000] {logging_mixin.py:188} INFO - [2025-05-17T09:05:41.756+0000] {dag.py:3096} INFO - Sync 1 DAGs
[2025-05-17T09:05:41.789+0000] {logging_mixin.py:188} INFO - [2025-05-17T09:05:41.788+0000] {dag.py:3954} INFO - Setting next_dagrun for retrain_T3_dag to None, run_after=None
[2025-05-17T09:05:41.873+0000] {processor.py:183} INFO - Processing /opt/airflow/dags/retrain_T3_dag.py took 0.316 seconds
[2025-05-17T09:06:12.128+0000] {processor.py:161} INFO - Started process (PID=489) to work on /opt/airflow/dags/retrain_T3_dag.py
[2025-05-17T09:06:12.130+0000] {processor.py:830} INFO - Processing file /opt/airflow/dags/retrain_T3_dag.py for tasks to queue
[2025-05-17T09:06:12.135+0000] {logging_mixin.py:188} INFO - [2025-05-17T09:06:12.133+0000] {dagbag.py:540} INFO - Filling up the DagBag from /opt/airflow/dags/retrain_T3_dag.py
[2025-05-17T09:06:12.189+0000] {processor.py:840} INFO - DAG(s) 'retrain_T3_dag' retrieved from /opt/airflow/dags/retrain_T3_dag.py
[2025-05-17T09:06:12.236+0000] {logging_mixin.py:188} INFO - [2025-05-17T09:06:12.236+0000] {dag.py:3096} INFO - Sync 1 DAGs
[2025-05-17T09:06:12.266+0000] {logging_mixin.py:188} INFO - [2025-05-17T09:06:12.265+0000] {dag.py:3954} INFO - Setting next_dagrun for retrain_T3_dag to None, run_after=None
[2025-05-17T09:06:12.298+0000] {processor.py:183} INFO - Processing /opt/airflow/dags/retrain_T3_dag.py took 0.203 seconds
