[2025-05-23T08:29:05.745+0000] {local_task_job_runner.py:120} INFO - ::group::Pre task execution logs
[2025-05-23T08:29:05.791+0000] {taskinstance.py:2073} INFO - Dependencies all met for dep_context=non-requeueable deps ti=<TaskInstance: monitor_T3.monitor_model scheduled__2025-05-23T07:00:00+00:00 [queued]>
[2025-05-23T08:29:05.798+0000] {taskinstance.py:2073} INFO - Dependencies all met for dep_context=requeueable deps ti=<TaskInstance: monitor_T3.monitor_model scheduled__2025-05-23T07:00:00+00:00 [queued]>
[2025-05-23T08:29:05.799+0000] {taskinstance.py:2303} INFO - Starting attempt 1 of 1
[2025-05-23T08:29:05.814+0000] {taskinstance.py:2327} INFO - Executing <Task(PythonOperator): monitor_model> on 2025-05-23 07:00:00+00:00
[2025-05-23T08:29:05.821+0000] {standard_task_runner.py:90} INFO - Running: ['***', 'tasks', 'run', 'monitor_T3', 'monitor_model', 'scheduled__2025-05-23T07:00:00+00:00', '--job-id', '2', '--raw', '--subdir', 'DAGS_FOLDER/monitor_T3.py', '--cfg-path', '/tmp/tmps4a59x16']
[2025-05-23T08:29:05.823+0000] {standard_task_runner.py:91} INFO - Job 2: Subtask monitor_model
[2025-05-23T08:29:05.827+0000] {logging_mixin.py:188} WARNING - /home/***/.local/lib/python3.12/site-packages/***/task/task_runner/standard_task_runner.py:61 DeprecationWarning: This process (pid=1785) is multi-threaded, use of fork() may lead to deadlocks in the child.
[2025-05-23T08:29:05.828+0000] {standard_task_runner.py:63} INFO - Started process 1787 to run task
[2025-05-23T08:29:05.867+0000] {task_command.py:426} INFO - Running <TaskInstance: monitor_T3.monitor_model scheduled__2025-05-23T07:00:00+00:00 [running]> on host 0e3d6868236f
[2025-05-23T08:29:05.953+0000] {taskinstance.py:2644} INFO - Exporting env vars: AIRFLOW_CTX_DAG_OWNER='***' AIRFLOW_CTX_DAG_ID='monitor_T3' AIRFLOW_CTX_TASK_ID='monitor_model' AIRFLOW_CTX_EXECUTION_DATE='2025-05-23T07:00:00+00:00' AIRFLOW_CTX_TRY_NUMBER='1' AIRFLOW_CTX_DAG_RUN_ID='scheduled__2025-05-23T07:00:00+00:00'
[2025-05-23T08:29:05.954+0000] {taskinstance.py:430} INFO - ::endgroup::
[2025-05-23T08:29:06.038+0000] {taskinstance.py:441} INFO - ::group::Post task execution logs
[2025-05-23T08:29:06.039+0000] {taskinstance.py:2890} ERROR - Task failed with exception
Traceback (most recent call last):
  File "/home/airflow/.local/lib/python3.12/site-packages/airflow/models/taskinstance.py", line 465, in _execute_task
    result = _execute_callable(context=context, **execute_callable_kwargs)
             ^^^^^^^^^^^^^^^^^^^^^^^^^^^^^^^^^^^^^^^^^^^^^^^^^^^^^^^^^^^^^
  File "/home/airflow/.local/lib/python3.12/site-packages/airflow/models/taskinstance.py", line 432, in _execute_callable
    return execute_callable(context=context, **execute_callable_kwargs)
           ^^^^^^^^^^^^^^^^^^^^^^^^^^^^^^^^^^^^^^^^^^^^^^^^^^^^^^^^^^^^
  File "/home/airflow/.local/lib/python3.12/site-packages/airflow/models/baseoperator.py", line 400, in wrapper
    return func(self, *args, **kwargs)
           ^^^^^^^^^^^^^^^^^^^^^^^^^^^
  File "/home/airflow/.local/lib/python3.12/site-packages/airflow/operators/python.py", line 235, in execute
    return_value = self.execute_callable()
                   ^^^^^^^^^^^^^^^^^^^^^^^
  File "/home/airflow/.local/lib/python3.12/site-packages/airflow/operators/python.py", line 252, in execute_callable
    return self.python_callable(*self.op_args, **self.op_kwargs)
           ^^^^^^^^^^^^^^^^^^^^^^^^^^^^^^^^^^^^^^^^^^^^^^^^^^^^^
  File "/opt/airflow/dags/monitor_T3.py", line 26, in monitor_model
    raise Exception(f"Flask prediction failed.\nStatus: {res.status_code}\nMessage: {res.text}")
Exception: Flask prediction failed.
Status: 500
Message: {"error":"invalid index of a 0-dim tensor. Use `tensor.item()` in Python or `tensor.item<T>()` in C++ to convert a 0-dim tensor to a number"}

[2025-05-23T08:29:06.048+0000] {taskinstance.py:1205} INFO - Marking task as FAILED. dag_id=monitor_T3, task_id=monitor_model, execution_date=20250523T070000, start_date=20250523T082905, end_date=20250523T082906
[2025-05-23T08:29:06.061+0000] {standard_task_runner.py:110} ERROR - Failed to execute job 2 for task monitor_model (Flask prediction failed.
Status: 500
Message: {"error":"invalid index of a 0-dim tensor. Use `tensor.item()` in Python or `tensor.item<T>()` in C++ to convert a 0-dim tensor to a number"}
; 1787)
[2025-05-23T08:29:06.081+0000] {local_task_job_runner.py:240} INFO - Task exited with return code 1
[2025-05-23T08:29:06.105+0000] {taskinstance.py:3482} INFO - 0 downstream tasks scheduled from follow-on schedule check
[2025-05-23T08:29:06.111+0000] {local_task_job_runner.py:222} INFO - ::endgroup::
