[2025-05-21T14:04:35.535+0000] {local_task_job_runner.py:120} INFO - ::group::Pre task execution logs
[2025-05-21T14:04:35.587+0000] {taskinstance.py:2073} INFO - Dependencies all met for dep_context=non-requeueable deps ti=<TaskInstance: retrain_T3_dag.train_T3 manual__2025-05-21T14:04:34.708140+00:00 [queued]>
[2025-05-21T14:04:35.603+0000] {taskinstance.py:2073} INFO - Dependencies all met for dep_context=requeueable deps ti=<TaskInstance: retrain_T3_dag.train_T3 manual__2025-05-21T14:04:34.708140+00:00 [queued]>
[2025-05-21T14:04:35.604+0000] {taskinstance.py:2303} INFO - Starting attempt 1 of 1
[2025-05-21T14:04:35.630+0000] {taskinstance.py:2327} INFO - Executing <Task(BashOperator): train_T3> on 2025-05-21 14:04:34.708140+00:00
[2025-05-21T14:04:35.639+0000] {standard_task_runner.py:90} INFO - Running: ['***', 'tasks', 'run', 'retrain_T3_dag', 'train_T3', 'manual__2025-05-21T14:04:34.708140+00:00', '--job-id', '11', '--raw', '--subdir', 'DAGS_FOLDER/retrain_T3_dag.py', '--cfg-path', '/tmp/tmp0r9y317j']
[2025-05-21T14:04:35.643+0000] {standard_task_runner.py:91} INFO - Job 11: Subtask train_T3
[2025-05-21T14:04:35.646+0000] {logging_mixin.py:188} WARNING - /home/***/.local/lib/python3.12/site-packages/***/task/task_runner/standard_task_runner.py:61 DeprecationWarning: This process (pid=250) is multi-threaded, use of fork() may lead to deadlocks in the child.
[2025-05-21T14:04:35.648+0000] {standard_task_runner.py:63} INFO - Started process 251 to run task
[2025-05-21T14:04:35.738+0000] {task_command.py:426} INFO - Running <TaskInstance: retrain_T3_dag.train_T3 manual__2025-05-21T14:04:34.708140+00:00 [running]> on host 4c17401f2ea2
[2025-05-21T14:04:35.911+0000] {taskinstance.py:2644} INFO - Exporting env vars: AIRFLOW_CTX_DAG_OWNER='***' AIRFLOW_CTX_DAG_ID='retrain_T3_dag' AIRFLOW_CTX_TASK_ID='train_T3' AIRFLOW_CTX_EXECUTION_DATE='2025-05-21T14:04:34.708140+00:00' AIRFLOW_CTX_TRY_NUMBER='1' AIRFLOW_CTX_DAG_RUN_ID='manual__2025-05-21T14:04:34.708140+00:00'
[2025-05-21T14:04:35.914+0000] {taskinstance.py:430} INFO - ::endgroup::
[2025-05-21T14:04:35.939+0000] {subprocess.py:63} INFO - Tmp dir root location: /tmp
[2025-05-21T14:04:35.941+0000] {subprocess.py:75} INFO - Running command: ['/usr/bin/bash', '-c', 'python /opt/***/scripts/train_T3.py']
[2025-05-21T14:04:35.956+0000] {subprocess.py:86} INFO - Output:
[2025-05-21T14:04:56.299+0000] {subprocess.py:93} INFO - /opt/***/scripts/train_T3.py:40: UserWarning: Creating a tensor from a list of numpy.ndarrays is extremely slow. Please consider converting the list to a single numpy.ndarray with numpy.array() before converting to a tensor. (Triggered internally at /pytorch/torch/csrc/utils/tensor_new.cpp:254.)
[2025-05-21T14:04:56.300+0000] {subprocess.py:93} INFO -   return torch.FloatTensor(X), torch.FloatTensor(Y)
[2025-05-21T14:05:25.819+0000] {subprocess.py:93} INFO - [Epoch 1] Loss: 0.0479
[2025-05-21T14:05:25.883+0000] {subprocess.py:93} INFO - [✅ Saved] Trained model → /models/T3/model.pth
[2025-05-21T14:05:41.055+0000] {subprocess.py:97} INFO - Command exited with return code 0
[2025-05-21T14:05:41.172+0000] {taskinstance.py:441} INFO - ::group::Post task execution logs
[2025-05-21T14:05:41.469+0000] {taskinstance.py:1205} INFO - Marking task as SUCCESS. dag_id=retrain_T3_dag, task_id=train_T3, execution_date=20250521T140434, start_date=20250521T140435, end_date=20250521T140541
[2025-05-21T14:05:41.789+0000] {local_task_job_runner.py:240} INFO - Task exited with return code 0
[2025-05-21T14:05:42.044+0000] {taskinstance.py:3482} INFO - 1 downstream tasks scheduled from follow-on schedule check
[2025-05-21T14:05:42.050+0000] {local_task_job_runner.py:222} INFO - ::endgroup::
