[2025-05-17T16:00:13.955+0000] {local_task_job_runner.py:120} INFO - ::group::Pre task execution logs
[2025-05-17T16:00:13.984+0000] {taskinstance.py:2073} INFO - Dependencies all met for dep_context=non-requeueable deps ti=<TaskInstance: retrain_PWU_dag.train_PWU manual__2025-05-17T16:00:13.082965+00:00 [queued]>
[2025-05-17T16:00:13.991+0000] {taskinstance.py:2073} INFO - Dependencies all met for dep_context=requeueable deps ti=<TaskInstance: retrain_PWU_dag.train_PWU manual__2025-05-17T16:00:13.082965+00:00 [queued]>
[2025-05-17T16:00:13.992+0000] {taskinstance.py:2303} INFO - Starting attempt 1 of 1
[2025-05-17T16:00:14.005+0000] {taskinstance.py:2327} INFO - Executing <Task(BashOperator): train_PWU> on 2025-05-17 16:00:13.082965+00:00
[2025-05-17T16:00:14.013+0000] {logging_mixin.py:188} WARNING - /home/***/.local/lib/python3.12/site-packages/***/task/task_runner/standard_task_runner.py:61 DeprecationWarning: This process (pid=17069) is multi-threaded, use of fork() may lead to deadlocks in the child.
[2025-05-17T16:00:14.011+0000] {standard_task_runner.py:90} INFO - Running: ['***', 'tasks', 'run', 'retrain_PWU_dag', 'train_PWU', 'manual__2025-05-17T16:00:13.082965+00:00', '--job-id', '383', '--raw', '--subdir', 'DAGS_FOLDER/retrain_PWU_dag.py', '--cfg-path', '/tmp/tmp5zuvgji1']
[2025-05-17T16:00:14.014+0000] {standard_task_runner.py:63} INFO - Started process 17070 to run task
[2025-05-17T16:00:14.014+0000] {standard_task_runner.py:91} INFO - Job 383: Subtask train_PWU
[2025-05-17T16:00:14.061+0000] {task_command.py:426} INFO - Running <TaskInstance: retrain_PWU_dag.train_PWU manual__2025-05-17T16:00:13.082965+00:00 [running]> on host b91ac73f2b68
[2025-05-17T16:00:14.150+0000] {taskinstance.py:2644} INFO - Exporting env vars: AIRFLOW_CTX_DAG_OWNER='***' AIRFLOW_CTX_DAG_ID='retrain_PWU_dag' AIRFLOW_CTX_TASK_ID='train_PWU' AIRFLOW_CTX_EXECUTION_DATE='2025-05-17T16:00:13.082965+00:00' AIRFLOW_CTX_TRY_NUMBER='1' AIRFLOW_CTX_DAG_RUN_ID='manual__2025-05-17T16:00:13.082965+00:00'
[2025-05-17T16:00:14.151+0000] {taskinstance.py:430} INFO - ::endgroup::
[2025-05-17T16:00:14.163+0000] {subprocess.py:63} INFO - Tmp dir root location: /tmp
[2025-05-17T16:00:14.164+0000] {subprocess.py:75} INFO - Running command: ['/usr/bin/bash', '-c', 'python /opt/***/scripts/train_PWU.py']
[2025-05-17T16:00:14.172+0000] {subprocess.py:86} INFO - Output:
[2025-05-17T16:08:49.749+0000] {subprocess.py:93} INFO - [Epoch 1] Loss: 0.0111
[2025-05-17T16:08:49.749+0000] {subprocess.py:93} INFO - [✅ Saved] Trained model → /models/PWU/model.pth
[2025-05-17T16:08:50.319+0000] {subprocess.py:97} INFO - Command exited with return code 0
[2025-05-17T16:08:50.320+0000] {taskinstance.py:441} INFO - ::group::Post task execution logs
[2025-05-17T16:08:50.343+0000] {taskinstance.py:1205} INFO - Marking task as SUCCESS. dag_id=retrain_PWU_dag, task_id=train_PWU, execution_date=20250517T160013, start_date=20250517T160013, end_date=20250517T160850
[2025-05-17T16:08:50.395+0000] {local_task_job_runner.py:240} INFO - Task exited with return code 0
[2025-05-17T16:08:50.430+0000] {taskinstance.py:3482} INFO - 1 downstream tasks scheduled from follow-on schedule check
[2025-05-17T16:08:50.434+0000] {local_task_job_runner.py:222} INFO - ::endgroup::
