[2025-05-16T03:49:16.199+0000] {local_task_job_runner.py:120} INFO - ::group::Pre task execution logs
[2025-05-16T03:49:16.227+0000] {taskinstance.py:2073} INFO - Dependencies all met for dep_context=non-requeueable deps ti=<TaskInstance: monitor_T3.check_if_retrain_needed scheduled__2025-05-16T02:00:00+00:00 [queued]>
[2025-05-16T03:49:16.235+0000] {taskinstance.py:2073} INFO - Dependencies all met for dep_context=requeueable deps ti=<TaskInstance: monitor_T3.check_if_retrain_needed scheduled__2025-05-16T02:00:00+00:00 [queued]>
[2025-05-16T03:49:16.236+0000] {taskinstance.py:2303} INFO - Starting attempt 1 of 1
[2025-05-16T03:49:16.251+0000] {taskinstance.py:2327} INFO - Executing <Task(BranchPythonOperator): check_if_retrain_needed> on 2025-05-16 02:00:00+00:00
[2025-05-16T03:49:16.257+0000] {standard_task_runner.py:90} INFO - Running: ['***', 'tasks', 'run', 'monitor_T3', 'check_if_retrain_needed', 'scheduled__2025-05-16T02:00:00+00:00', '--job-id', '36', '--raw', '--subdir', 'DAGS_FOLDER/monitor_T3.py', '--cfg-path', '/tmp/tmpx717nq8v']
[2025-05-16T03:49:16.260+0000] {standard_task_runner.py:91} INFO - Job 36: Subtask check_if_retrain_needed
[2025-05-16T03:49:16.262+0000] {logging_mixin.py:188} WARNING - /home/***/.local/lib/python3.12/site-packages/***/task/task_runner/standard_task_runner.py:61 DeprecationWarning: This process (pid=189) is multi-threaded, use of fork() may lead to deadlocks in the child.
[2025-05-16T03:49:16.263+0000] {standard_task_runner.py:63} INFO - Started process 191 to run task
[2025-05-16T03:49:16.306+0000] {task_command.py:426} INFO - Running <TaskInstance: monitor_T3.check_if_retrain_needed scheduled__2025-05-16T02:00:00+00:00 [running]> on host 5468887aaca1
[2025-05-16T03:49:16.386+0000] {taskinstance.py:2644} INFO - Exporting env vars: AIRFLOW_CTX_DAG_OWNER='***' AIRFLOW_CTX_DAG_ID='monitor_T3' AIRFLOW_CTX_TASK_ID='check_if_retrain_needed' AIRFLOW_CTX_EXECUTION_DATE='2025-05-16T02:00:00+00:00' AIRFLOW_CTX_TRY_NUMBER='1' AIRFLOW_CTX_DAG_RUN_ID='scheduled__2025-05-16T02:00:00+00:00'
[2025-05-16T03:49:16.387+0000] {taskinstance.py:430} INFO - ::endgroup::
[2025-05-16T03:49:16.399+0000] {baseoperator.py:399} WARNING - BranchPythonOperator.execute cannot be called outside TaskInstance!
[2025-05-16T03:49:16.410+0000] {python.py:237} INFO - Done. Returned value was: trigger_retrain
[2025-05-16T03:49:16.411+0000] {branch.py:36} INFO - Branch into trigger_retrain
[2025-05-16T03:49:16.411+0000] {skipmixin.py:178} INFO - Following branch trigger_retrain
[2025-05-16T03:49:16.425+0000] {skipmixin.py:246} INFO - Skipping tasks [('end', -1)]
[2025-05-16T03:49:16.446+0000] {taskinstance.py:441} INFO - ::group::Post task execution logs
[2025-05-16T03:49:16.464+0000] {taskinstance.py:1205} INFO - Marking task as SUCCESS. dag_id=monitor_T3, task_id=check_if_retrain_needed, execution_date=20250516T020000, start_date=20250516T034916, end_date=20250516T034916
[2025-05-16T03:49:16.517+0000] {local_task_job_runner.py:240} INFO - Task exited with return code 0
[2025-05-16T03:49:16.543+0000] {taskinstance.py:3482} INFO - 1 downstream tasks scheduled from follow-on schedule check
[2025-05-16T03:49:16.545+0000] {local_task_job_runner.py:222} INFO - ::endgroup::
