[2025-05-23T06:01:41.498+0000] {local_task_job_runner.py:120} INFO - ::group::Pre task execution logs
[2025-05-23T06:01:41.552+0000] {taskinstance.py:2073} INFO - Dependencies all met for dep_context=non-requeueable deps ti=<TaskInstance: retrain_PWU_dag.train_PWU manual__2025-05-23T06:01:39.070890+00:00 [queued]>
[2025-05-23T06:01:41.567+0000] {taskinstance.py:2073} INFO - Dependencies all met for dep_context=requeueable deps ti=<TaskInstance: retrain_PWU_dag.train_PWU manual__2025-05-23T06:01:39.070890+00:00 [queued]>
[2025-05-23T06:01:41.568+0000] {taskinstance.py:2303} INFO - Starting attempt 1 of 1
[2025-05-23T06:01:41.594+0000] {taskinstance.py:2327} INFO - Executing <Task(BashOperator): train_PWU> on 2025-05-23 06:01:39.070890+00:00
[2025-05-23T06:01:41.601+0000] {standard_task_runner.py:90} INFO - Running: ['***', 'tasks', 'run', 'retrain_PWU_dag', 'train_PWU', 'manual__2025-05-23T06:01:39.070890+00:00', '--job-id', '127', '--raw', '--subdir', 'DAGS_FOLDER/retrain_PWU_dag.py', '--cfg-path', '/tmp/tmp0o6j__w_']
[2025-05-23T06:01:41.606+0000] {standard_task_runner.py:91} INFO - Job 127: Subtask train_PWU
[2025-05-23T06:01:41.615+0000] {logging_mixin.py:188} WARNING - /home/***/.local/lib/python3.12/site-packages/***/task/task_runner/standard_task_runner.py:61 DeprecationWarning: This process (pid=2324) is multi-threaded, use of fork() may lead to deadlocks in the child.
[2025-05-23T06:01:41.616+0000] {standard_task_runner.py:63} INFO - Started process 2325 to run task
[2025-05-23T06:01:41.683+0000] {task_command.py:426} INFO - Running <TaskInstance: retrain_PWU_dag.train_PWU manual__2025-05-23T06:01:39.070890+00:00 [running]> on host 2034d2391938
[2025-05-23T06:01:42.089+0000] {taskinstance.py:2644} INFO - Exporting env vars: AIRFLOW_CTX_DAG_OWNER='***' AIRFLOW_CTX_DAG_ID='retrain_PWU_dag' AIRFLOW_CTX_TASK_ID='train_PWU' AIRFLOW_CTX_EXECUTION_DATE='2025-05-23T06:01:39.070890+00:00' AIRFLOW_CTX_TRY_NUMBER='1' AIRFLOW_CTX_DAG_RUN_ID='manual__2025-05-23T06:01:39.070890+00:00'
[2025-05-23T06:01:42.141+0000] {taskinstance.py:430} INFO - ::endgroup::
[2025-05-23T06:01:43.217+0000] {subprocess.py:63} INFO - Tmp dir root location: /tmp
[2025-05-23T06:01:43.332+0000] {subprocess.py:75} INFO - Running command: ['/usr/bin/bash', '-c', 'python /opt/***/scripts/train_PWU.py']
[2025-05-23T06:01:43.472+0000] {subprocess.py:86} INFO - Output:
[2025-05-23T06:03:56.872+0000] {subprocess.py:93} INFO - [Epoch 1] Loss: 0.0180
[2025-05-23T06:03:56.958+0000] {subprocess.py:93} INFO - [✅ Saved] Trained model → /models/PWU/model.pth
[2025-05-23T06:04:04.449+0000] {subprocess.py:97} INFO - Command exited with return code 0
[2025-05-23T06:04:04.476+0000] {taskinstance.py:441} INFO - ::group::Post task execution logs
[2025-05-23T06:04:05.315+0000] {taskinstance.py:1205} INFO - Marking task as SUCCESS. dag_id=retrain_PWU_dag, task_id=train_PWU, execution_date=20250523T060139, start_date=20250523T060141, end_date=20250523T060405
[2025-05-23T06:04:05.437+0000] {local_task_job_runner.py:240} INFO - Task exited with return code 0
[2025-05-23T06:04:05.694+0000] {taskinstance.py:3482} INFO - 1 downstream tasks scheduled from follow-on schedule check
[2025-05-23T06:04:05.703+0000] {local_task_job_runner.py:222} INFO - ::endgroup::
