[2025-05-13T03:35:29.144+0000] {local_task_job_runner.py:120} INFO - ::group::Pre task execution logs
[2025-05-13T03:35:29.174+0000] {taskinstance.py:2073} INFO - Dependencies all met for dep_context=non-requeueable deps ti=<TaskInstance: monitor_PWU.check_if_retrain_needed scheduled__2025-05-13T02:00:00+00:00 [queued]>
[2025-05-13T03:35:29.183+0000] {taskinstance.py:2073} INFO - Dependencies all met for dep_context=requeueable deps ti=<TaskInstance: monitor_PWU.check_if_retrain_needed scheduled__2025-05-13T02:00:00+00:00 [queued]>
[2025-05-13T03:35:29.184+0000] {taskinstance.py:2303} INFO - Starting attempt 1 of 1
[2025-05-13T03:35:29.198+0000] {taskinstance.py:2327} INFO - Executing <Task(BranchPythonOperator): check_if_retrain_needed> on 2025-05-13 02:00:00+00:00
[2025-05-13T03:35:29.205+0000] {standard_task_runner.py:90} INFO - Running: ['***', 'tasks', 'run', 'monitor_PWU', 'check_if_retrain_needed', 'scheduled__2025-05-13T02:00:00+00:00', '--job-id', '7', '--raw', '--subdir', 'DAGS_FOLDER/monitor_PWU.py', '--cfg-path', '/tmp/tmpvvvmelmx']
[2025-05-13T03:35:29.208+0000] {standard_task_runner.py:91} INFO - Job 7: Subtask check_if_retrain_needed
[2025-05-13T03:35:29.211+0000] {logging_mixin.py:188} WARNING - /home/***/.local/lib/python3.12/site-packages/***/task/task_runner/standard_task_runner.py:61 DeprecationWarning: This process (pid=235) is multi-threaded, use of fork() may lead to deadlocks in the child.
[2025-05-13T03:35:29.211+0000] {standard_task_runner.py:63} INFO - Started process 236 to run task
[2025-05-13T03:35:29.260+0000] {task_command.py:426} INFO - Running <TaskInstance: monitor_PWU.check_if_retrain_needed scheduled__2025-05-13T02:00:00+00:00 [running]> on host aeacfd01479d
[2025-05-13T03:35:29.340+0000] {taskinstance.py:2644} INFO - Exporting env vars: AIRFLOW_CTX_DAG_OWNER='***' AIRFLOW_CTX_DAG_ID='monitor_PWU' AIRFLOW_CTX_TASK_ID='check_if_retrain_needed' AIRFLOW_CTX_EXECUTION_DATE='2025-05-13T02:00:00+00:00' AIRFLOW_CTX_TRY_NUMBER='1' AIRFLOW_CTX_DAG_RUN_ID='scheduled__2025-05-13T02:00:00+00:00'
[2025-05-13T03:35:29.341+0000] {taskinstance.py:430} INFO - ::endgroup::
[2025-05-13T03:35:29.352+0000] {baseoperator.py:399} WARNING - BranchPythonOperator.execute cannot be called outside TaskInstance!
[2025-05-13T03:35:29.362+0000] {python.py:237} INFO - Done. Returned value was: trigger_retrain
[2025-05-13T03:35:29.363+0000] {branch.py:36} INFO - Branch into trigger_retrain
[2025-05-13T03:35:29.363+0000] {skipmixin.py:178} INFO - Following branch trigger_retrain
[2025-05-13T03:35:29.379+0000] {skipmixin.py:246} INFO - Skipping tasks [('end', -1)]
[2025-05-13T03:35:29.399+0000] {taskinstance.py:441} INFO - ::group::Post task execution logs
[2025-05-13T03:35:29.417+0000] {taskinstance.py:1205} INFO - Marking task as SUCCESS. dag_id=monitor_PWU, task_id=check_if_retrain_needed, execution_date=20250513T020000, start_date=20250513T033529, end_date=20250513T033529
[2025-05-13T03:35:29.466+0000] {local_task_job_runner.py:240} INFO - Task exited with return code 0
[2025-05-13T03:35:29.490+0000] {taskinstance.py:3482} INFO - 1 downstream tasks scheduled from follow-on schedule check
[2025-05-13T03:35:29.493+0000] {local_task_job_runner.py:222} INFO - ::endgroup::
[2025-05-13T03:40:47.690+0000] {local_task_job_runner.py:120} INFO - ::group::Pre task execution logs
[2025-05-13T03:40:47.720+0000] {taskinstance.py:2073} INFO - Dependencies all met for dep_context=non-requeueable deps ti=<TaskInstance: monitor_PWU.check_if_retrain_needed scheduled__2025-05-13T02:00:00+00:00 [queued]>
[2025-05-13T03:40:47.728+0000] {taskinstance.py:2073} INFO - Dependencies all met for dep_context=requeueable deps ti=<TaskInstance: monitor_PWU.check_if_retrain_needed scheduled__2025-05-13T02:00:00+00:00 [queued]>
[2025-05-13T03:40:47.728+0000] {taskinstance.py:2303} INFO - Starting attempt 1 of 1
[2025-05-13T03:40:47.745+0000] {taskinstance.py:2327} INFO - Executing <Task(BranchPythonOperator): check_if_retrain_needed> on 2025-05-13 02:00:00+00:00
[2025-05-13T03:40:47.752+0000] {standard_task_runner.py:90} INFO - Running: ['***', 'tasks', 'run', 'monitor_PWU', 'check_if_retrain_needed', 'scheduled__2025-05-13T02:00:00+00:00', '--job-id', '4', '--raw', '--subdir', 'DAGS_FOLDER/monitor_PWU.py', '--cfg-path', '/tmp/tmp6_7wmj71']
[2025-05-13T03:40:47.755+0000] {standard_task_runner.py:91} INFO - Job 4: Subtask check_if_retrain_needed
[2025-05-13T03:40:47.757+0000] {logging_mixin.py:188} WARNING - /home/***/.local/lib/python3.12/site-packages/***/task/task_runner/standard_task_runner.py:61 DeprecationWarning: This process (pid=267) is multi-threaded, use of fork() may lead to deadlocks in the child.
[2025-05-13T03:40:47.758+0000] {standard_task_runner.py:63} INFO - Started process 269 to run task
[2025-05-13T03:40:47.805+0000] {task_command.py:426} INFO - Running <TaskInstance: monitor_PWU.check_if_retrain_needed scheduled__2025-05-13T02:00:00+00:00 [running]> on host e27023c184cc
[2025-05-13T03:40:47.882+0000] {taskinstance.py:2644} INFO - Exporting env vars: AIRFLOW_CTX_DAG_OWNER='***' AIRFLOW_CTX_DAG_ID='monitor_PWU' AIRFLOW_CTX_TASK_ID='check_if_retrain_needed' AIRFLOW_CTX_EXECUTION_DATE='2025-05-13T02:00:00+00:00' AIRFLOW_CTX_TRY_NUMBER='1' AIRFLOW_CTX_DAG_RUN_ID='scheduled__2025-05-13T02:00:00+00:00'
[2025-05-13T03:40:47.883+0000] {taskinstance.py:430} INFO - ::endgroup::
[2025-05-13T03:40:47.895+0000] {baseoperator.py:399} WARNING - BranchPythonOperator.execute cannot be called outside TaskInstance!
[2025-05-13T03:40:47.910+0000] {python.py:237} INFO - Done. Returned value was: trigger_retrain
[2025-05-13T03:40:47.911+0000] {branch.py:36} INFO - Branch into trigger_retrain
[2025-05-13T03:40:47.912+0000] {skipmixin.py:178} INFO - Following branch trigger_retrain
[2025-05-13T03:40:47.927+0000] {skipmixin.py:246} INFO - Skipping tasks [('end', -1)]
[2025-05-13T03:40:47.949+0000] {taskinstance.py:441} INFO - ::group::Post task execution logs
[2025-05-13T03:40:47.965+0000] {taskinstance.py:1205} INFO - Marking task as SUCCESS. dag_id=monitor_PWU, task_id=check_if_retrain_needed, execution_date=20250513T020000, start_date=20250513T034047, end_date=20250513T034047
[2025-05-13T03:40:48.011+0000] {local_task_job_runner.py:240} INFO - Task exited with return code 0
[2025-05-13T03:40:48.034+0000] {taskinstance.py:3482} INFO - 1 downstream tasks scheduled from follow-on schedule check
[2025-05-13T03:40:48.037+0000] {local_task_job_runner.py:222} INFO - ::endgroup::
[2025-05-13T03:44:23.789+0000] {local_task_job_runner.py:120} INFO - ::group::Pre task execution logs
[2025-05-13T03:44:23.821+0000] {taskinstance.py:2073} INFO - Dependencies all met for dep_context=non-requeueable deps ti=<TaskInstance: monitor_PWU.check_if_retrain_needed scheduled__2025-05-13T02:00:00+00:00 [queued]>
[2025-05-13T03:44:23.829+0000] {taskinstance.py:2073} INFO - Dependencies all met for dep_context=requeueable deps ti=<TaskInstance: monitor_PWU.check_if_retrain_needed scheduled__2025-05-13T02:00:00+00:00 [queued]>
[2025-05-13T03:44:23.830+0000] {taskinstance.py:2303} INFO - Starting attempt 1 of 1
[2025-05-13T03:44:23.845+0000] {taskinstance.py:2327} INFO - Executing <Task(BranchPythonOperator): check_if_retrain_needed> on 2025-05-13 02:00:00+00:00
[2025-05-13T03:44:23.854+0000] {standard_task_runner.py:90} INFO - Running: ['***', 'tasks', 'run', 'monitor_PWU', 'check_if_retrain_needed', 'scheduled__2025-05-13T02:00:00+00:00', '--job-id', '4', '--raw', '--subdir', 'DAGS_FOLDER/monitor_PWU.py', '--cfg-path', '/tmp/tmpazam3edu']
[2025-05-13T03:44:23.857+0000] {standard_task_runner.py:91} INFO - Job 4: Subtask check_if_retrain_needed
[2025-05-13T03:44:23.858+0000] {logging_mixin.py:188} WARNING - /home/***/.local/lib/python3.12/site-packages/***/task/task_runner/standard_task_runner.py:61 DeprecationWarning: This process (pid=187) is multi-threaded, use of fork() may lead to deadlocks in the child.
[2025-05-13T03:44:23.858+0000] {standard_task_runner.py:63} INFO - Started process 189 to run task
[2025-05-13T03:44:23.906+0000] {task_command.py:426} INFO - Running <TaskInstance: monitor_PWU.check_if_retrain_needed scheduled__2025-05-13T02:00:00+00:00 [running]> on host 44726ac4e2f5
[2025-05-13T03:44:23.987+0000] {taskinstance.py:2644} INFO - Exporting env vars: AIRFLOW_CTX_DAG_OWNER='***' AIRFLOW_CTX_DAG_ID='monitor_PWU' AIRFLOW_CTX_TASK_ID='check_if_retrain_needed' AIRFLOW_CTX_EXECUTION_DATE='2025-05-13T02:00:00+00:00' AIRFLOW_CTX_TRY_NUMBER='1' AIRFLOW_CTX_DAG_RUN_ID='scheduled__2025-05-13T02:00:00+00:00'
[2025-05-13T03:44:23.988+0000] {taskinstance.py:430} INFO - ::endgroup::
[2025-05-13T03:44:24.001+0000] {baseoperator.py:399} WARNING - BranchPythonOperator.execute cannot be called outside TaskInstance!
[2025-05-13T03:44:24.014+0000] {python.py:237} INFO - Done. Returned value was: trigger_retrain
[2025-05-13T03:44:24.015+0000] {branch.py:36} INFO - Branch into trigger_retrain
[2025-05-13T03:44:24.015+0000] {skipmixin.py:178} INFO - Following branch trigger_retrain
[2025-05-13T03:44:24.033+0000] {skipmixin.py:246} INFO - Skipping tasks [('end', -1)]
[2025-05-13T03:44:24.055+0000] {taskinstance.py:441} INFO - ::group::Post task execution logs
[2025-05-13T03:44:24.073+0000] {taskinstance.py:1205} INFO - Marking task as SUCCESS. dag_id=monitor_PWU, task_id=check_if_retrain_needed, execution_date=20250513T020000, start_date=20250513T034423, end_date=20250513T034424
[2025-05-13T03:44:24.115+0000] {local_task_job_runner.py:240} INFO - Task exited with return code 0
[2025-05-13T03:44:24.141+0000] {taskinstance.py:3482} INFO - 1 downstream tasks scheduled from follow-on schedule check
[2025-05-13T03:44:24.143+0000] {local_task_job_runner.py:222} INFO - ::endgroup::
