[2025-05-21T14:04:52.727+0000] {local_task_job_runner.py:120} INFO - ::group::Pre task execution logs
[2025-05-21T14:04:52.782+0000] {taskinstance.py:2073} INFO - Dependencies all met for dep_context=non-requeueable deps ti=<TaskInstance: retrain_PWU_dag.train_PWU manual__2025-05-21T14:04:51.811019+00:00 [queued]>
[2025-05-21T14:04:52.793+0000] {taskinstance.py:2073} INFO - Dependencies all met for dep_context=requeueable deps ti=<TaskInstance: retrain_PWU_dag.train_PWU manual__2025-05-21T14:04:51.811019+00:00 [queued]>
[2025-05-21T14:04:52.795+0000] {taskinstance.py:2303} INFO - Starting attempt 1 of 1
[2025-05-21T14:04:52.818+0000] {taskinstance.py:2327} INFO - Executing <Task(BashOperator): train_PWU> on 2025-05-21 14:04:51.811019+00:00
[2025-05-21T14:04:52.826+0000] {standard_task_runner.py:90} INFO - Running: ['***', 'tasks', 'run', 'retrain_PWU_dag', 'train_PWU', 'manual__2025-05-21T14:04:51.811019+00:00', '--job-id', '14', '--raw', '--subdir', 'DAGS_FOLDER/retrain_PWU_dag.py', '--cfg-path', '/tmp/tmp38paoue0']
[2025-05-21T14:04:52.830+0000] {standard_task_runner.py:91} INFO - Job 14: Subtask train_PWU
[2025-05-21T14:04:52.833+0000] {logging_mixin.py:188} WARNING - /home/***/.local/lib/python3.12/site-packages/***/task/task_runner/standard_task_runner.py:61 DeprecationWarning: This process (pid=284) is multi-threaded, use of fork() may lead to deadlocks in the child.
[2025-05-21T14:04:52.834+0000] {standard_task_runner.py:63} INFO - Started process 285 to run task
[2025-05-21T14:04:52.906+0000] {task_command.py:426} INFO - Running <TaskInstance: retrain_PWU_dag.train_PWU manual__2025-05-21T14:04:51.811019+00:00 [running]> on host 4c17401f2ea2
[2025-05-21T14:04:53.033+0000] {taskinstance.py:2644} INFO - Exporting env vars: AIRFLOW_CTX_DAG_OWNER='***' AIRFLOW_CTX_DAG_ID='retrain_PWU_dag' AIRFLOW_CTX_TASK_ID='train_PWU' AIRFLOW_CTX_EXECUTION_DATE='2025-05-21T14:04:51.811019+00:00' AIRFLOW_CTX_TRY_NUMBER='1' AIRFLOW_CTX_DAG_RUN_ID='manual__2025-05-21T14:04:51.811019+00:00'
[2025-05-21T14:04:53.034+0000] {taskinstance.py:430} INFO - ::endgroup::
[2025-05-21T14:04:53.053+0000] {subprocess.py:63} INFO - Tmp dir root location: /tmp
[2025-05-21T14:04:53.055+0000] {subprocess.py:75} INFO - Running command: ['/usr/bin/bash', '-c', 'python /opt/***/scripts/train_PWU.py']
[2025-05-21T14:04:53.069+0000] {subprocess.py:86} INFO - Output:
[2025-05-21T14:07:11.389+0000] {subprocess.py:93} INFO - [Epoch 1] Loss: 0.0107
[2025-05-21T14:07:11.417+0000] {subprocess.py:93} INFO - [✅ Saved] Trained model → /models/PWU/model.pth
[2025-05-21T14:07:13.028+0000] {subprocess.py:97} INFO - Command exited with return code 0
[2025-05-21T14:07:13.040+0000] {taskinstance.py:441} INFO - ::group::Post task execution logs
[2025-05-21T14:07:13.173+0000] {taskinstance.py:1205} INFO - Marking task as SUCCESS. dag_id=retrain_PWU_dag, task_id=train_PWU, execution_date=20250521T140451, start_date=20250521T140452, end_date=20250521T140713
[2025-05-21T14:07:13.231+0000] {local_task_job_runner.py:240} INFO - Task exited with return code 0
[2025-05-21T14:07:13.284+0000] {taskinstance.py:3482} INFO - 1 downstream tasks scheduled from follow-on schedule check
[2025-05-21T14:07:13.288+0000] {local_task_job_runner.py:222} INFO - ::endgroup::
