[2025-05-18T04:00:01.142+0000] {local_task_job_runner.py:120} INFO - ::group::Pre task execution logs
[2025-05-18T04:00:01.198+0000] {taskinstance.py:2073} INFO - Dependencies all met for dep_context=non-requeueable deps ti=<TaskInstance: monitor_T3.check_if_retrain_needed scheduled__2025-05-18T03:00:00+00:00 [queued]>
[2025-05-18T04:00:01.211+0000] {taskinstance.py:2073} INFO - Dependencies all met for dep_context=requeueable deps ti=<TaskInstance: monitor_T3.check_if_retrain_needed scheduled__2025-05-18T03:00:00+00:00 [queued]>
[2025-05-18T04:00:01.211+0000] {taskinstance.py:2303} INFO - Starting attempt 1 of 1
[2025-05-18T04:00:01.240+0000] {taskinstance.py:2327} INFO - Executing <Task(BranchPythonOperator): check_if_retrain_needed> on 2025-05-18 03:00:00+00:00
[2025-05-18T04:00:01.247+0000] {logging_mixin.py:188} WARNING - /home/***/.local/lib/python3.12/site-packages/***/task/task_runner/standard_task_runner.py:61 DeprecationWarning: This process (pid=45899) is multi-threaded, use of fork() may lead to deadlocks in the child.
[2025-05-18T04:00:01.249+0000] {standard_task_runner.py:63} INFO - Started process 45900 to run task
[2025-05-18T04:00:01.248+0000] {standard_task_runner.py:90} INFO - Running: ['***', 'tasks', 'run', 'monitor_T3', 'check_if_retrain_needed', 'scheduled__2025-05-18T03:00:00+00:00', '--job-id', '498', '--raw', '--subdir', 'DAGS_FOLDER/monitor_T3.py', '--cfg-path', '/tmp/tmpmryzppva']
[2025-05-18T04:00:01.251+0000] {standard_task_runner.py:91} INFO - Job 498: Subtask check_if_retrain_needed
[2025-05-18T04:00:01.320+0000] {task_command.py:426} INFO - Running <TaskInstance: monitor_T3.check_if_retrain_needed scheduled__2025-05-18T03:00:00+00:00 [running]> on host b91ac73f2b68
[2025-05-18T04:00:01.445+0000] {taskinstance.py:2644} INFO - Exporting env vars: AIRFLOW_CTX_DAG_OWNER='***' AIRFLOW_CTX_DAG_ID='monitor_T3' AIRFLOW_CTX_TASK_ID='check_if_retrain_needed' AIRFLOW_CTX_EXECUTION_DATE='2025-05-18T03:00:00+00:00' AIRFLOW_CTX_TRY_NUMBER='1' AIRFLOW_CTX_DAG_RUN_ID='scheduled__2025-05-18T03:00:00+00:00'
[2025-05-18T04:00:01.448+0000] {taskinstance.py:430} INFO - ::endgroup::
[2025-05-18T04:00:01.470+0000] {baseoperator.py:399} WARNING - BranchPythonOperator.execute cannot be called outside TaskInstance!
[2025-05-18T04:00:01.482+0000] {python.py:237} INFO - Done. Returned value was: trigger_retrain
[2025-05-18T04:00:01.483+0000] {branch.py:36} INFO - Branch into trigger_retrain
[2025-05-18T04:00:01.484+0000] {skipmixin.py:178} INFO - Following branch trigger_retrain
[2025-05-18T04:00:01.503+0000] {skipmixin.py:246} INFO - Skipping tasks [('end', -1)]
[2025-05-18T04:00:01.532+0000] {taskinstance.py:441} INFO - ::group::Post task execution logs
[2025-05-18T04:00:01.557+0000] {taskinstance.py:1205} INFO - Marking task as SUCCESS. dag_id=monitor_T3, task_id=check_if_retrain_needed, execution_date=20250518T030000, start_date=20250518T040001, end_date=20250518T040001
[2025-05-18T04:00:01.584+0000] {local_task_job_runner.py:240} INFO - Task exited with return code 0
[2025-05-18T04:00:01.619+0000] {taskinstance.py:3482} INFO - 1 downstream tasks scheduled from follow-on schedule check
[2025-05-18T04:00:01.623+0000] {local_task_job_runner.py:222} INFO - ::endgroup::
