[2025-05-18T04:00:03.804+0000] {local_task_job_runner.py:120} INFO - ::group::Pre task execution logs
[2025-05-18T04:00:03.856+0000] {taskinstance.py:2073} INFO - Dependencies all met for dep_context=non-requeueable deps ti=<TaskInstance: retrain_T3_dag.train_T3 manual__2025-05-18T04:00:02.951228+00:00 [queued]>
[2025-05-18T04:00:03.874+0000] {taskinstance.py:2073} INFO - Dependencies all met for dep_context=requeueable deps ti=<TaskInstance: retrain_T3_dag.train_T3 manual__2025-05-18T04:00:02.951228+00:00 [queued]>
[2025-05-18T04:00:03.875+0000] {taskinstance.py:2303} INFO - Starting attempt 1 of 1
[2025-05-18T04:00:03.897+0000] {taskinstance.py:2327} INFO - Executing <Task(BashOperator): train_T3> on 2025-05-18 04:00:02.951228+00:00
[2025-05-18T04:00:03.908+0000] {logging_mixin.py:188} WARNING - /home/***/.local/lib/python3.12/site-packages/***/task/task_runner/standard_task_runner.py:61 DeprecationWarning: This process (pid=45903) is multi-threaded, use of fork() may lead to deadlocks in the child.
[2025-05-18T04:00:03.907+0000] {standard_task_runner.py:90} INFO - Running: ['***', 'tasks', 'run', 'retrain_T3_dag', 'train_T3', 'manual__2025-05-18T04:00:02.951228+00:00', '--job-id', '500', '--raw', '--subdir', 'DAGS_FOLDER/retrain_T3_dag.py', '--cfg-path', '/tmp/tmpuhavhcxy']
[2025-05-18T04:00:03.910+0000] {standard_task_runner.py:63} INFO - Started process 45904 to run task
[2025-05-18T04:00:03.911+0000] {standard_task_runner.py:91} INFO - Job 500: Subtask train_T3
[2025-05-18T04:00:03.987+0000] {task_command.py:426} INFO - Running <TaskInstance: retrain_T3_dag.train_T3 manual__2025-05-18T04:00:02.951228+00:00 [running]> on host b91ac73f2b68
[2025-05-18T04:00:04.134+0000] {taskinstance.py:2644} INFO - Exporting env vars: AIRFLOW_CTX_DAG_OWNER='***' AIRFLOW_CTX_DAG_ID='retrain_T3_dag' AIRFLOW_CTX_TASK_ID='train_T3' AIRFLOW_CTX_EXECUTION_DATE='2025-05-18T04:00:02.951228+00:00' AIRFLOW_CTX_TRY_NUMBER='1' AIRFLOW_CTX_DAG_RUN_ID='manual__2025-05-18T04:00:02.951228+00:00'
[2025-05-18T04:00:04.135+0000] {taskinstance.py:430} INFO - ::endgroup::
[2025-05-18T04:00:04.149+0000] {subprocess.py:63} INFO - Tmp dir root location: /tmp
[2025-05-18T04:00:04.151+0000] {subprocess.py:75} INFO - Running command: ['/usr/bin/bash', '-c', 'python /opt/***/scripts/train_T3.py']
[2025-05-18T04:00:04.160+0000] {subprocess.py:86} INFO - Output:
[2025-05-18T04:00:13.181+0000] {subprocess.py:93} INFO - /opt/***/scripts/train_T3.py:40: UserWarning: Creating a tensor from a list of numpy.ndarrays is extremely slow. Please consider converting the list to a single numpy.ndarray with numpy.array() before converting to a tensor. (Triggered internally at /pytorch/torch/csrc/utils/tensor_new.cpp:254.)
[2025-05-18T04:00:13.182+0000] {subprocess.py:93} INFO -   return torch.FloatTensor(X), torch.FloatTensor(Y)
[2025-05-18T04:03:08.044+0000] {subprocess.py:93} INFO - [Epoch 1] Loss: 0.0518
[2025-05-18T04:03:08.044+0000] {subprocess.py:93} INFO - [✅ Saved] Trained model → /models/T3/model.pth
[2025-05-18T04:03:09.340+0000] {subprocess.py:97} INFO - Command exited with return code 0
[2025-05-18T04:03:09.342+0000] {taskinstance.py:441} INFO - ::group::Post task execution logs
[2025-05-18T04:03:09.450+0000] {taskinstance.py:1205} INFO - Marking task as SUCCESS. dag_id=retrain_T3_dag, task_id=train_T3, execution_date=20250518T040002, start_date=20250518T040003, end_date=20250518T040309
[2025-05-18T04:03:09.551+0000] {local_task_job_runner.py:240} INFO - Task exited with return code 0
[2025-05-18T04:03:09.586+0000] {taskinstance.py:3482} INFO - 1 downstream tasks scheduled from follow-on schedule check
[2025-05-18T04:03:09.619+0000] {local_task_job_runner.py:222} INFO - ::endgroup::
