{"timestamp":"2025-05-07T12:48:10.373217","level":"info","event":"DAG bundles loaded: dags-folder, example_dags","logger":"airflow.dag_processing.bundles.manager.DagBundlesManager"}
{"timestamp":"2025-05-07T12:48:10.373666","level":"info","event":"Filling up the DagBag from /opt/airflow/dags/retrain_model_dag.py","logger":"airflow.models.dagbag.DagBag"}
{"timestamp":"2025-05-07T12:48:10.407440Z","level":"info","event":"Task instance is in running state","chan":"stdout","logger":"task"}
{"timestamp":"2025-05-07T12:48:10.408060Z","level":"info","event":" Previous state of the Task instance: queued","chan":"stdout","logger":"task"}
{"timestamp":"2025-05-07T12:48:10.408390Z","level":"info","event":"Current task name:retrain_model_task","chan":"stdout","logger":"task"}
{"timestamp":"2025-05-07T12:48:10.408645Z","level":"info","event":"Dag name:retrain_model_dag","chan":"stdout","logger":"task"}
{"timestamp":"2025-05-07T12:48:10.389908","level":"info","event":"Tmp dir root location: /tmp","logger":"airflow.task.hooks.airflow.providers.standard.hooks.subprocess.SubprocessHook"}
{"timestamp":"2025-05-07T12:48:10.392530","level":"info","event":"Running command: ['/usr/bin/bash', '-c', 'python /opt/airflow/scripts/train_model.py']","logger":"airflow.task.hooks.airflow.providers.standard.hooks.subprocess.SubprocessHook"}
{"timestamp":"2025-05-07T12:48:10.402238","level":"info","event":"Output:","logger":"airflow.task.hooks.airflow.providers.standard.hooks.subprocess.SubprocessHook"}
{"timestamp":"2025-05-07T12:48:15.342924","level":"info","event":"Traceback (most recent call last):","logger":"airflow.task.hooks.airflow.providers.standard.hooks.subprocess.SubprocessHook"}
{"timestamp":"2025-05-07T12:48:15.343113","level":"info","event":"  File \"/opt/airflow/scripts/train_model.py\", line 99, in <module>","logger":"airflow.task.hooks.airflow.providers.standard.hooks.subprocess.SubprocessHook"}
{"timestamp":"2025-05-07T12:48:15.345213","level":"info","event":"    outputs = model(X_train_tensor)","logger":"airflow.task.hooks.airflow.providers.standard.hooks.subprocess.SubprocessHook"}
{"timestamp":"2025-05-07T12:48:15.345392","level":"info","event":"              ^^^^^^^^^^^^^^^^^^^^^","logger":"airflow.task.hooks.airflow.providers.standard.hooks.subprocess.SubprocessHook"}
{"timestamp":"2025-05-07T12:48:15.345509","level":"info","event":"  File \"/home/airflow/.local/lib/python3.12/site-packages/torch/nn/modules/module.py\", line 1751, in _wrapped_call_impl","logger":"airflow.task.hooks.airflow.providers.standard.hooks.subprocess.SubprocessHook"}
{"timestamp":"2025-05-07T12:48:15.345652","level":"info","event":"    return self._call_impl(*args, **kwargs)","logger":"airflow.task.hooks.airflow.providers.standard.hooks.subprocess.SubprocessHook"}
{"timestamp":"2025-05-07T12:48:15.345760","level":"info","event":"           ^^^^^^^^^^^^^^^^^^^^^^^^^^^^^^^^","logger":"airflow.task.hooks.airflow.providers.standard.hooks.subprocess.SubprocessHook"}
{"timestamp":"2025-05-07T12:48:15.345825","level":"info","event":"  File \"/home/airflow/.local/lib/python3.12/site-packages/torch/nn/modules/module.py\", line 1762, in _call_impl","logger":"airflow.task.hooks.airflow.providers.standard.hooks.subprocess.SubprocessHook"}
{"timestamp":"2025-05-07T12:48:15.346246","level":"info","event":"    return forward_call(*args, **kwargs)","logger":"airflow.task.hooks.airflow.providers.standard.hooks.subprocess.SubprocessHook"}
{"timestamp":"2025-05-07T12:48:15.346376","level":"info","event":"           ^^^^^^^^^^^^^^^^^^^^^^^^^^^^^","logger":"airflow.task.hooks.airflow.providers.standard.hooks.subprocess.SubprocessHook"}
{"timestamp":"2025-05-07T12:48:15.346516","level":"info","event":"  File \"/opt/airflow/scripts/train_model.py\", line 84, in forward","logger":"airflow.task.hooks.airflow.providers.standard.hooks.subprocess.SubprocessHook"}
{"timestamp":"2025-05-07T12:48:15.348396","level":"info","event":"    x = x[:, -1, :]            # 마지막 시점의 embedding 사용","logger":"airflow.task.hooks.airflow.providers.standard.hooks.subprocess.SubprocessHook"}
{"timestamp":"2025-05-07T12:48:15.348563","level":"info","event":"        ~^^^^^^^^^^","logger":"airflow.task.hooks.airflow.providers.standard.hooks.subprocess.SubprocessHook"}
{"timestamp":"2025-05-07T12:48:15.348672","level":"info","event":"IndexError: too many indices for tensor of dimension 2","logger":"airflow.task.hooks.airflow.providers.standard.hooks.subprocess.SubprocessHook"}
{"timestamp":"2025-05-07T12:48:16.275195","level":"info","event":"Command exited with return code 1","logger":"airflow.task.hooks.airflow.providers.standard.hooks.subprocess.SubprocessHook"}
{"timestamp":"2025-05-07T12:48:16.275861","level":"error","event":"Task failed with exception","logger":"task","error_detail":[{"exc_type":"AirflowException","exc_value":"Bash command failed. The command returned a non-zero exit code 1.","exc_notes":[],"syntax_error":null,"is_cause":false,"frames":[{"filename":"/home/airflow/.local/lib/python3.12/site-packages/airflow/sdk/execution_time/task_runner.py","lineno":825,"name":"run"},{"filename":"/home/airflow/.local/lib/python3.12/site-packages/airflow/sdk/execution_time/task_runner.py","lineno":1088,"name":"_execute_task"},{"filename":"/home/airflow/.local/lib/python3.12/site-packages/airflow/sdk/bases/operator.py","lineno":408,"name":"wrapper"},{"filename":"/home/airflow/.local/lib/python3.12/site-packages/airflow/providers/standard/operators/bash.py","lineno":233,"name":"execute"}]}]}
{"timestamp":"2025-05-07T12:48:16.321455Z","level":"info","event":"Task instance in failure state","chan":"stdout","logger":"task"}
{"timestamp":"2025-05-07T12:48:16.321824Z","level":"info","event":"Task start","chan":"stdout","logger":"task"}
{"timestamp":"2025-05-07T12:48:16.322051Z","level":"info","event":"Task:<Task(BashOperator): retrain_model_task>","chan":"stdout","logger":"task"}
{"timestamp":"2025-05-07T12:48:16.322244Z","level":"info","event":"Failure caused by Bash command failed. The command returned a non-zero exit code 1.","chan":"stdout","logger":"task"}
