{"timestamp":"2025-05-07T12:53:19.494357","level":"info","event":"DAG bundles loaded: dags-folder, example_dags","logger":"airflow.dag_processing.bundles.manager.DagBundlesManager"}
{"timestamp":"2025-05-07T12:53:19.495535","level":"info","event":"Filling up the DagBag from /opt/airflow/dags/retrain_model_dag.py","logger":"airflow.models.dagbag.DagBag"}
{"timestamp":"2025-05-07T12:53:19.582989Z","level":"info","event":"Task instance is in running state","chan":"stdout","logger":"task"}
{"timestamp":"2025-05-07T12:53:19.583793Z","level":"info","event":" Previous state of the Task instance: queued","chan":"stdout","logger":"task"}
{"timestamp":"2025-05-07T12:53:19.584230Z","level":"info","event":"Current task name:retrain_model_task","chan":"stdout","logger":"task"}
{"timestamp":"2025-05-07T12:53:19.584625Z","level":"info","event":"Dag name:retrain_model_dag","chan":"stdout","logger":"task"}
{"timestamp":"2025-05-07T12:53:19.551331","level":"info","event":"Tmp dir root location: /tmp","logger":"airflow.task.hooks.airflow.providers.standard.hooks.subprocess.SubprocessHook"}
{"timestamp":"2025-05-07T12:53:19.556625","level":"info","event":"Running command: ['/usr/bin/bash', '-c', 'python /opt/airflow/scripts/train_model.py']","logger":"airflow.task.hooks.airflow.providers.standard.hooks.subprocess.SubprocessHook"}
{"timestamp":"2025-05-07T12:53:19.578485","level":"info","event":"Output:","logger":"airflow.task.hooks.airflow.providers.standard.hooks.subprocess.SubprocessHook"}
{"timestamp":"2025-05-07T12:53:29.373856","level":"info","event":"Traceback (most recent call last):","logger":"airflow.task.hooks.airflow.providers.standard.hooks.subprocess.SubprocessHook"}
{"timestamp":"2025-05-07T12:53:29.375012","level":"info","event":"  File \"/opt/airflow/scripts/train_model.py\", line 99, in <module>","logger":"airflow.task.hooks.airflow.providers.standard.hooks.subprocess.SubprocessHook"}
{"timestamp":"2025-05-07T12:53:29.376152","level":"info","event":"    outputs = model(X_train_tensor)","logger":"airflow.task.hooks.airflow.providers.standard.hooks.subprocess.SubprocessHook"}
{"timestamp":"2025-05-07T12:53:29.376300","level":"info","event":"              ^^^^^^^^^^^^^^^^^^^^^","logger":"airflow.task.hooks.airflow.providers.standard.hooks.subprocess.SubprocessHook"}
{"timestamp":"2025-05-07T12:53:29.376426","level":"info","event":"  File \"/home/airflow/.local/lib/python3.12/site-packages/torch/nn/modules/module.py\", line 1751, in _wrapped_call_impl","logger":"airflow.task.hooks.airflow.providers.standard.hooks.subprocess.SubprocessHook"}
{"timestamp":"2025-05-07T12:53:29.376594","level":"info","event":"    return self._call_impl(*args, **kwargs)","logger":"airflow.task.hooks.airflow.providers.standard.hooks.subprocess.SubprocessHook"}
{"timestamp":"2025-05-07T12:53:29.376722","level":"info","event":"           ^^^^^^^^^^^^^^^^^^^^^^^^^^^^^^^^","logger":"airflow.task.hooks.airflow.providers.standard.hooks.subprocess.SubprocessHook"}
{"timestamp":"2025-05-07T12:53:29.376818","level":"info","event":"  File \"/home/airflow/.local/lib/python3.12/site-packages/torch/nn/modules/module.py\", line 1762, in _call_impl","logger":"airflow.task.hooks.airflow.providers.standard.hooks.subprocess.SubprocessHook"}
{"timestamp":"2025-05-07T12:53:29.376976","level":"info","event":"    return forward_call(*args, **kwargs)","logger":"airflow.task.hooks.airflow.providers.standard.hooks.subprocess.SubprocessHook"}
{"timestamp":"2025-05-07T12:53:29.377094","level":"info","event":"           ^^^^^^^^^^^^^^^^^^^^^^^^^^^^^","logger":"airflow.task.hooks.airflow.providers.standard.hooks.subprocess.SubprocessHook"}
{"timestamp":"2025-05-07T12:53:29.377276","level":"info","event":"  File \"/opt/airflow/scripts/train_model.py\", line 84, in forward","logger":"airflow.task.hooks.airflow.providers.standard.hooks.subprocess.SubprocessHook"}
{"timestamp":"2025-05-07T12:53:29.380700","level":"info","event":"    x = x[:, -1, :]            # 마지막 시점의 embedding 사용","logger":"airflow.task.hooks.airflow.providers.standard.hooks.subprocess.SubprocessHook"}
{"timestamp":"2025-05-07T12:53:29.381542","level":"info","event":"        ~^^^^^^^^^^","logger":"airflow.task.hooks.airflow.providers.standard.hooks.subprocess.SubprocessHook"}
{"timestamp":"2025-05-07T12:53:29.381811","level":"info","event":"IndexError: too many indices for tensor of dimension 2","logger":"airflow.task.hooks.airflow.providers.standard.hooks.subprocess.SubprocessHook"}
{"timestamp":"2025-05-07T12:53:30.391966","level":"info","event":"Command exited with return code 1","logger":"airflow.task.hooks.airflow.providers.standard.hooks.subprocess.SubprocessHook"}
{"timestamp":"2025-05-07T12:53:30.392768","level":"error","event":"Task failed with exception","logger":"task","error_detail":[{"exc_type":"AirflowException","exc_value":"Bash command failed. The command returned a non-zero exit code 1.","exc_notes":[],"syntax_error":null,"is_cause":false,"frames":[{"filename":"/home/airflow/.local/lib/python3.12/site-packages/airflow/sdk/execution_time/task_runner.py","lineno":825,"name":"run"},{"filename":"/home/airflow/.local/lib/python3.12/site-packages/airflow/sdk/execution_time/task_runner.py","lineno":1088,"name":"_execute_task"},{"filename":"/home/airflow/.local/lib/python3.12/site-packages/airflow/sdk/bases/operator.py","lineno":408,"name":"wrapper"},{"filename":"/home/airflow/.local/lib/python3.12/site-packages/airflow/providers/standard/operators/bash.py","lineno":233,"name":"execute"}]}]}
{"timestamp":"2025-05-07T12:53:30.409318Z","level":"info","event":"Task instance in failure state","chan":"stdout","logger":"task"}
{"timestamp":"2025-05-07T12:53:30.409578Z","level":"info","event":"Task start","chan":"stdout","logger":"task"}
{"timestamp":"2025-05-07T12:53:30.409777Z","level":"info","event":"Task:<Task(BashOperator): retrain_model_task>","chan":"stdout","logger":"task"}
{"timestamp":"2025-05-07T12:53:30.409967Z","level":"info","event":"Failure caused by Bash command failed. The command returned a non-zero exit code 1.","chan":"stdout","logger":"task"}
