[2025-05-20T05:35:22.189+0000] {processor.py:161} INFO - Started process (PID=174) to work on /opt/airflow/dags/monitor_T3.py
[2025-05-20T05:35:22.192+0000] {processor.py:830} INFO - Processing file /opt/airflow/dags/monitor_T3.py for tasks to queue
[2025-05-20T05:35:22.195+0000] {logging_mixin.py:188} INFO - [2025-05-20T05:35:22.194+0000] {dagbag.py:540} INFO - Filling up the DagBag from /opt/airflow/dags/monitor_T3.py
[2025-05-20T05:35:22.226+0000] {processor.py:840} INFO - DAG(s) 'monitor_T3' retrieved from /opt/airflow/dags/monitor_T3.py
[2025-05-20T05:35:22.354+0000] {logging_mixin.py:188} INFO - [2025-05-20T05:35:22.353+0000] {dag.py:3096} INFO - Sync 1 DAGs
[2025-05-20T05:35:22.383+0000] {logging_mixin.py:188} INFO - [2025-05-20T05:35:22.383+0000] {dag.py:3954} INFO - Setting next_dagrun for monitor_T3 to 2025-05-20 04:00:00+00:00, run_after=2025-05-20 05:00:00+00:00
[2025-05-20T05:35:22.412+0000] {processor.py:183} INFO - Processing /opt/airflow/dags/monitor_T3.py took 0.233 seconds
[2025-05-20T05:35:53.265+0000] {processor.py:161} INFO - Started process (PID=253) to work on /opt/airflow/dags/monitor_T3.py
[2025-05-20T05:35:53.273+0000] {processor.py:830} INFO - Processing file /opt/airflow/dags/monitor_T3.py for tasks to queue
[2025-05-20T05:35:53.279+0000] {logging_mixin.py:188} INFO - [2025-05-20T05:35:53.279+0000] {dagbag.py:540} INFO - Filling up the DagBag from /opt/airflow/dags/monitor_T3.py
[2025-05-20T05:35:53.403+0000] {processor.py:840} INFO - DAG(s) 'monitor_T3' retrieved from /opt/airflow/dags/monitor_T3.py
[2025-05-20T05:35:53.451+0000] {logging_mixin.py:188} INFO - [2025-05-20T05:35:53.450+0000] {dag.py:3096} INFO - Sync 1 DAGs
[2025-05-20T05:35:53.514+0000] {logging_mixin.py:188} INFO - [2025-05-20T05:35:53.513+0000] {dag.py:3954} INFO - Setting next_dagrun for monitor_T3 to 2025-05-20 05:00:00+00:00, run_after=2025-05-20 06:00:00+00:00
[2025-05-20T05:35:53.718+0000] {processor.py:183} INFO - Processing /opt/airflow/dags/monitor_T3.py took 0.472 seconds
[2025-05-20T05:36:24.056+0000] {processor.py:161} INFO - Started process (PID=275) to work on /opt/airflow/dags/monitor_T3.py
[2025-05-20T05:36:24.057+0000] {processor.py:830} INFO - Processing file /opt/airflow/dags/monitor_T3.py for tasks to queue
[2025-05-20T05:36:24.059+0000] {logging_mixin.py:188} INFO - [2025-05-20T05:36:24.058+0000] {dagbag.py:540} INFO - Filling up the DagBag from /opt/airflow/dags/monitor_T3.py
[2025-05-20T05:36:24.080+0000] {processor.py:840} INFO - DAG(s) 'monitor_T3' retrieved from /opt/airflow/dags/monitor_T3.py
[2025-05-20T05:36:24.102+0000] {logging_mixin.py:188} INFO - [2025-05-20T05:36:24.102+0000] {dag.py:3096} INFO - Sync 1 DAGs
[2025-05-20T05:36:24.129+0000] {logging_mixin.py:188} INFO - [2025-05-20T05:36:24.128+0000] {dag.py:3954} INFO - Setting next_dagrun for monitor_T3 to 2025-05-20 05:00:00+00:00, run_after=2025-05-20 06:00:00+00:00
[2025-05-20T05:36:24.148+0000] {processor.py:183} INFO - Processing /opt/airflow/dags/monitor_T3.py took 0.099 seconds
[2025-05-20T05:36:54.590+0000] {processor.py:161} INFO - Started process (PID=297) to work on /opt/airflow/dags/monitor_T3.py
[2025-05-20T05:36:54.591+0000] {processor.py:830} INFO - Processing file /opt/airflow/dags/monitor_T3.py for tasks to queue
[2025-05-20T05:36:54.593+0000] {logging_mixin.py:188} INFO - [2025-05-20T05:36:54.592+0000] {dagbag.py:540} INFO - Filling up the DagBag from /opt/airflow/dags/monitor_T3.py
[2025-05-20T05:36:54.615+0000] {processor.py:840} INFO - DAG(s) 'monitor_T3' retrieved from /opt/airflow/dags/monitor_T3.py
[2025-05-20T05:36:54.637+0000] {logging_mixin.py:188} INFO - [2025-05-20T05:36:54.637+0000] {dag.py:3096} INFO - Sync 1 DAGs
[2025-05-20T05:36:54.663+0000] {logging_mixin.py:188} INFO - [2025-05-20T05:36:54.663+0000] {dag.py:3954} INFO - Setting next_dagrun for monitor_T3 to 2025-05-20 05:00:00+00:00, run_after=2025-05-20 06:00:00+00:00
[2025-05-20T05:36:54.689+0000] {processor.py:183} INFO - Processing /opt/airflow/dags/monitor_T3.py took 0.106 seconds
[2025-05-20T05:37:25.211+0000] {processor.py:161} INFO - Started process (PID=319) to work on /opt/airflow/dags/monitor_T3.py
[2025-05-20T05:37:25.212+0000] {processor.py:830} INFO - Processing file /opt/airflow/dags/monitor_T3.py for tasks to queue
[2025-05-20T05:37:25.214+0000] {logging_mixin.py:188} INFO - [2025-05-20T05:37:25.214+0000] {dagbag.py:540} INFO - Filling up the DagBag from /opt/airflow/dags/monitor_T3.py
[2025-05-20T05:37:25.235+0000] {processor.py:840} INFO - DAG(s) 'monitor_T3' retrieved from /opt/airflow/dags/monitor_T3.py
[2025-05-20T05:37:25.260+0000] {logging_mixin.py:188} INFO - [2025-05-20T05:37:25.259+0000] {dag.py:3096} INFO - Sync 1 DAGs
[2025-05-20T05:37:25.283+0000] {logging_mixin.py:188} INFO - [2025-05-20T05:37:25.283+0000] {dag.py:3954} INFO - Setting next_dagrun for monitor_T3 to 2025-05-20 05:00:00+00:00, run_after=2025-05-20 06:00:00+00:00
[2025-05-20T05:37:25.309+0000] {processor.py:183} INFO - Processing /opt/airflow/dags/monitor_T3.py took 0.103 seconds
[2025-05-20T05:37:55.627+0000] {processor.py:161} INFO - Started process (PID=339) to work on /opt/airflow/dags/monitor_T3.py
[2025-05-20T05:37:55.628+0000] {processor.py:830} INFO - Processing file /opt/airflow/dags/monitor_T3.py for tasks to queue
[2025-05-20T05:37:55.630+0000] {logging_mixin.py:188} INFO - [2025-05-20T05:37:55.629+0000] {dagbag.py:540} INFO - Filling up the DagBag from /opt/airflow/dags/monitor_T3.py
[2025-05-20T05:37:55.650+0000] {processor.py:840} INFO - DAG(s) 'monitor_T3' retrieved from /opt/airflow/dags/monitor_T3.py
[2025-05-20T05:37:55.671+0000] {logging_mixin.py:188} INFO - [2025-05-20T05:37:55.671+0000] {dag.py:3096} INFO - Sync 1 DAGs
[2025-05-20T05:37:55.694+0000] {logging_mixin.py:188} INFO - [2025-05-20T05:37:55.694+0000] {dag.py:3954} INFO - Setting next_dagrun for monitor_T3 to 2025-05-20 05:00:00+00:00, run_after=2025-05-20 06:00:00+00:00
[2025-05-20T05:37:55.716+0000] {processor.py:183} INFO - Processing /opt/airflow/dags/monitor_T3.py took 0.095 seconds
[2025-05-20T05:38:26.307+0000] {processor.py:161} INFO - Started process (PID=359) to work on /opt/airflow/dags/monitor_T3.py
[2025-05-20T05:38:26.308+0000] {processor.py:830} INFO - Processing file /opt/airflow/dags/monitor_T3.py for tasks to queue
[2025-05-20T05:38:26.310+0000] {logging_mixin.py:188} INFO - [2025-05-20T05:38:26.310+0000] {dagbag.py:540} INFO - Filling up the DagBag from /opt/airflow/dags/monitor_T3.py
[2025-05-20T05:38:26.330+0000] {processor.py:840} INFO - DAG(s) 'monitor_T3' retrieved from /opt/airflow/dags/monitor_T3.py
[2025-05-20T05:38:26.350+0000] {logging_mixin.py:188} INFO - [2025-05-20T05:38:26.350+0000] {dag.py:3096} INFO - Sync 1 DAGs
[2025-05-20T05:38:26.372+0000] {logging_mixin.py:188} INFO - [2025-05-20T05:38:26.372+0000] {dag.py:3954} INFO - Setting next_dagrun for monitor_T3 to 2025-05-20 05:00:00+00:00, run_after=2025-05-20 06:00:00+00:00
[2025-05-20T05:38:26.396+0000] {processor.py:183} INFO - Processing /opt/airflow/dags/monitor_T3.py took 0.095 seconds
[2025-05-20T05:38:56.915+0000] {processor.py:161} INFO - Started process (PID=379) to work on /opt/airflow/dags/monitor_T3.py
[2025-05-20T05:38:56.915+0000] {processor.py:830} INFO - Processing file /opt/airflow/dags/monitor_T3.py for tasks to queue
[2025-05-20T05:38:56.917+0000] {logging_mixin.py:188} INFO - [2025-05-20T05:38:56.917+0000] {dagbag.py:540} INFO - Filling up the DagBag from /opt/airflow/dags/monitor_T3.py
[2025-05-20T05:38:56.937+0000] {processor.py:840} INFO - DAG(s) 'monitor_T3' retrieved from /opt/airflow/dags/monitor_T3.py
[2025-05-20T05:38:56.957+0000] {logging_mixin.py:188} INFO - [2025-05-20T05:38:56.956+0000] {dag.py:3096} INFO - Sync 1 DAGs
[2025-05-20T05:38:56.978+0000] {logging_mixin.py:188} INFO - [2025-05-20T05:38:56.978+0000] {dag.py:3954} INFO - Setting next_dagrun for monitor_T3 to 2025-05-20 05:00:00+00:00, run_after=2025-05-20 06:00:00+00:00
[2025-05-20T05:38:57.000+0000] {processor.py:183} INFO - Processing /opt/airflow/dags/monitor_T3.py took 0.091 seconds
[2025-05-20T05:39:27.581+0000] {processor.py:161} INFO - Started process (PID=397) to work on /opt/airflow/dags/monitor_T3.py
[2025-05-20T05:39:27.581+0000] {processor.py:830} INFO - Processing file /opt/airflow/dags/monitor_T3.py for tasks to queue
[2025-05-20T05:39:27.583+0000] {logging_mixin.py:188} INFO - [2025-05-20T05:39:27.583+0000] {dagbag.py:540} INFO - Filling up the DagBag from /opt/airflow/dags/monitor_T3.py
[2025-05-20T05:39:27.604+0000] {processor.py:840} INFO - DAG(s) 'monitor_T3' retrieved from /opt/airflow/dags/monitor_T3.py
[2025-05-20T05:39:27.629+0000] {logging_mixin.py:188} INFO - [2025-05-20T05:39:27.628+0000] {dag.py:3096} INFO - Sync 1 DAGs
[2025-05-20T05:39:27.655+0000] {logging_mixin.py:188} INFO - [2025-05-20T05:39:27.655+0000] {dag.py:3954} INFO - Setting next_dagrun for monitor_T3 to 2025-05-20 05:00:00+00:00, run_after=2025-05-20 06:00:00+00:00
[2025-05-20T05:39:27.676+0000] {processor.py:183} INFO - Processing /opt/airflow/dags/monitor_T3.py took 0.102 seconds
[2025-05-20T05:39:58.165+0000] {processor.py:161} INFO - Started process (PID=417) to work on /opt/airflow/dags/monitor_T3.py
[2025-05-20T05:39:58.171+0000] {processor.py:830} INFO - Processing file /opt/airflow/dags/monitor_T3.py for tasks to queue
[2025-05-20T05:39:58.175+0000] {logging_mixin.py:188} INFO - [2025-05-20T05:39:58.175+0000] {dagbag.py:540} INFO - Filling up the DagBag from /opt/airflow/dags/monitor_T3.py
[2025-05-20T05:39:58.203+0000] {processor.py:840} INFO - DAG(s) 'monitor_T3' retrieved from /opt/airflow/dags/monitor_T3.py
[2025-05-20T05:39:58.233+0000] {logging_mixin.py:188} INFO - [2025-05-20T05:39:58.232+0000] {dag.py:3096} INFO - Sync 1 DAGs
[2025-05-20T05:39:58.262+0000] {logging_mixin.py:188} INFO - [2025-05-20T05:39:58.262+0000] {dag.py:3954} INFO - Setting next_dagrun for monitor_T3 to 2025-05-20 05:00:00+00:00, run_after=2025-05-20 06:00:00+00:00
[2025-05-20T05:39:58.290+0000] {processor.py:183} INFO - Processing /opt/airflow/dags/monitor_T3.py took 0.131 seconds
[2025-05-20T05:40:29.230+0000] {processor.py:161} INFO - Started process (PID=437) to work on /opt/airflow/dags/monitor_T3.py
[2025-05-20T05:40:29.231+0000] {processor.py:830} INFO - Processing file /opt/airflow/dags/monitor_T3.py for tasks to queue
[2025-05-20T05:40:29.235+0000] {logging_mixin.py:188} INFO - [2025-05-20T05:40:29.233+0000] {dagbag.py:540} INFO - Filling up the DagBag from /opt/airflow/dags/monitor_T3.py
[2025-05-20T05:40:29.261+0000] {processor.py:840} INFO - DAG(s) 'monitor_T3' retrieved from /opt/airflow/dags/monitor_T3.py
[2025-05-20T05:40:29.288+0000] {logging_mixin.py:188} INFO - [2025-05-20T05:40:29.287+0000] {dag.py:3096} INFO - Sync 1 DAGs
[2025-05-20T05:40:29.323+0000] {logging_mixin.py:188} INFO - [2025-05-20T05:40:29.322+0000] {dag.py:3954} INFO - Setting next_dagrun for monitor_T3 to 2025-05-20 05:00:00+00:00, run_after=2025-05-20 06:00:00+00:00
[2025-05-20T05:40:29.364+0000] {processor.py:183} INFO - Processing /opt/airflow/dags/monitor_T3.py took 0.142 seconds
[2025-05-20T05:40:59.697+0000] {processor.py:161} INFO - Started process (PID=457) to work on /opt/airflow/dags/monitor_T3.py
[2025-05-20T05:40:59.698+0000] {processor.py:830} INFO - Processing file /opt/airflow/dags/monitor_T3.py for tasks to queue
[2025-05-20T05:40:59.700+0000] {logging_mixin.py:188} INFO - [2025-05-20T05:40:59.700+0000] {dagbag.py:540} INFO - Filling up the DagBag from /opt/airflow/dags/monitor_T3.py
[2025-05-20T05:40:59.727+0000] {processor.py:840} INFO - DAG(s) 'monitor_T3' retrieved from /opt/airflow/dags/monitor_T3.py
[2025-05-20T05:40:59.754+0000] {logging_mixin.py:188} INFO - [2025-05-20T05:40:59.754+0000] {dag.py:3096} INFO - Sync 1 DAGs
[2025-05-20T05:40:59.787+0000] {logging_mixin.py:188} INFO - [2025-05-20T05:40:59.786+0000] {dag.py:3954} INFO - Setting next_dagrun for monitor_T3 to 2025-05-20 05:00:00+00:00, run_after=2025-05-20 06:00:00+00:00
[2025-05-20T05:40:59.815+0000] {processor.py:183} INFO - Processing /opt/airflow/dags/monitor_T3.py took 0.125 seconds
[2025-05-20T05:41:30.416+0000] {processor.py:161} INFO - Started process (PID=477) to work on /opt/airflow/dags/monitor_T3.py
[2025-05-20T05:41:30.417+0000] {processor.py:830} INFO - Processing file /opt/airflow/dags/monitor_T3.py for tasks to queue
[2025-05-20T05:41:30.420+0000] {logging_mixin.py:188} INFO - [2025-05-20T05:41:30.419+0000] {dagbag.py:540} INFO - Filling up the DagBag from /opt/airflow/dags/monitor_T3.py
[2025-05-20T05:41:30.447+0000] {processor.py:840} INFO - DAG(s) 'monitor_T3' retrieved from /opt/airflow/dags/monitor_T3.py
[2025-05-20T05:41:30.478+0000] {logging_mixin.py:188} INFO - [2025-05-20T05:41:30.477+0000] {dag.py:3096} INFO - Sync 1 DAGs
[2025-05-20T05:41:30.527+0000] {logging_mixin.py:188} INFO - [2025-05-20T05:41:30.527+0000] {dag.py:3954} INFO - Setting next_dagrun for monitor_T3 to 2025-05-20 05:00:00+00:00, run_after=2025-05-20 06:00:00+00:00
[2025-05-20T05:41:30.779+0000] {processor.py:183} INFO - Processing /opt/airflow/dags/monitor_T3.py took 0.372 seconds
[2025-05-20T05:42:01.332+0000] {processor.py:161} INFO - Started process (PID=499) to work on /opt/airflow/dags/monitor_T3.py
[2025-05-20T05:42:01.333+0000] {processor.py:830} INFO - Processing file /opt/airflow/dags/monitor_T3.py for tasks to queue
[2025-05-20T05:42:01.336+0000] {logging_mixin.py:188} INFO - [2025-05-20T05:42:01.335+0000] {dagbag.py:540} INFO - Filling up the DagBag from /opt/airflow/dags/monitor_T3.py
[2025-05-20T05:42:01.362+0000] {processor.py:840} INFO - DAG(s) 'monitor_T3' retrieved from /opt/airflow/dags/monitor_T3.py
[2025-05-20T05:42:01.386+0000] {logging_mixin.py:188} INFO - [2025-05-20T05:42:01.386+0000] {dag.py:3096} INFO - Sync 1 DAGs
[2025-05-20T05:42:01.418+0000] {logging_mixin.py:188} INFO - [2025-05-20T05:42:01.417+0000] {dag.py:3954} INFO - Setting next_dagrun for monitor_T3 to 2025-05-20 05:00:00+00:00, run_after=2025-05-20 06:00:00+00:00
[2025-05-20T05:42:01.445+0000] {processor.py:183} INFO - Processing /opt/airflow/dags/monitor_T3.py took 0.119 seconds
[2025-05-20T05:42:32.485+0000] {processor.py:161} INFO - Started process (PID=519) to work on /opt/airflow/dags/monitor_T3.py
[2025-05-20T05:42:32.486+0000] {processor.py:830} INFO - Processing file /opt/airflow/dags/monitor_T3.py for tasks to queue
[2025-05-20T05:42:32.489+0000] {logging_mixin.py:188} INFO - [2025-05-20T05:42:32.488+0000] {dagbag.py:540} INFO - Filling up the DagBag from /opt/airflow/dags/monitor_T3.py
[2025-05-20T05:42:32.516+0000] {processor.py:840} INFO - DAG(s) 'monitor_T3' retrieved from /opt/airflow/dags/monitor_T3.py
[2025-05-20T05:42:32.541+0000] {logging_mixin.py:188} INFO - [2025-05-20T05:42:32.541+0000] {dag.py:3096} INFO - Sync 1 DAGs
[2025-05-20T05:42:32.576+0000] {logging_mixin.py:188} INFO - [2025-05-20T05:42:32.575+0000] {dag.py:3954} INFO - Setting next_dagrun for monitor_T3 to 2025-05-20 05:00:00+00:00, run_after=2025-05-20 06:00:00+00:00
[2025-05-20T05:42:33.057+0000] {processor.py:183} INFO - Processing /opt/airflow/dags/monitor_T3.py took 0.584 seconds
[2025-05-20T05:43:03.849+0000] {processor.py:161} INFO - Started process (PID=539) to work on /opt/airflow/dags/monitor_T3.py
[2025-05-20T05:43:03.851+0000] {processor.py:830} INFO - Processing file /opt/airflow/dags/monitor_T3.py for tasks to queue
[2025-05-20T05:43:03.853+0000] {logging_mixin.py:188} INFO - [2025-05-20T05:43:03.853+0000] {dagbag.py:540} INFO - Filling up the DagBag from /opt/airflow/dags/monitor_T3.py
[2025-05-20T05:43:03.885+0000] {processor.py:840} INFO - DAG(s) 'monitor_T3' retrieved from /opt/airflow/dags/monitor_T3.py
[2025-05-20T05:43:03.924+0000] {logging_mixin.py:188} INFO - [2025-05-20T05:43:03.924+0000] {dag.py:3096} INFO - Sync 1 DAGs
[2025-05-20T05:43:03.968+0000] {logging_mixin.py:188} INFO - [2025-05-20T05:43:03.968+0000] {dag.py:3954} INFO - Setting next_dagrun for monitor_T3 to 2025-05-20 05:00:00+00:00, run_after=2025-05-20 06:00:00+00:00
[2025-05-20T05:43:04.003+0000] {processor.py:183} INFO - Processing /opt/airflow/dags/monitor_T3.py took 0.163 seconds
[2025-05-20T05:43:34.857+0000] {processor.py:161} INFO - Started process (PID=559) to work on /opt/airflow/dags/monitor_T3.py
[2025-05-20T05:43:34.858+0000] {processor.py:830} INFO - Processing file /opt/airflow/dags/monitor_T3.py for tasks to queue
[2025-05-20T05:43:34.861+0000] {logging_mixin.py:188} INFO - [2025-05-20T05:43:34.861+0000] {dagbag.py:540} INFO - Filling up the DagBag from /opt/airflow/dags/monitor_T3.py
[2025-05-20T05:43:34.892+0000] {processor.py:840} INFO - DAG(s) 'monitor_T3' retrieved from /opt/airflow/dags/monitor_T3.py
[2025-05-20T05:43:34.939+0000] {logging_mixin.py:188} INFO - [2025-05-20T05:43:34.939+0000] {dag.py:3096} INFO - Sync 1 DAGs
[2025-05-20T05:43:34.989+0000] {logging_mixin.py:188} INFO - [2025-05-20T05:43:34.988+0000] {dag.py:3954} INFO - Setting next_dagrun for monitor_T3 to 2025-05-20 05:00:00+00:00, run_after=2025-05-20 06:00:00+00:00
[2025-05-20T05:43:35.021+0000] {processor.py:183} INFO - Processing /opt/airflow/dags/monitor_T3.py took 0.173 seconds
[2025-05-20T05:44:05.936+0000] {processor.py:161} INFO - Started process (PID=579) to work on /opt/airflow/dags/monitor_T3.py
[2025-05-20T05:44:05.938+0000] {processor.py:830} INFO - Processing file /opt/airflow/dags/monitor_T3.py for tasks to queue
[2025-05-20T05:44:05.940+0000] {logging_mixin.py:188} INFO - [2025-05-20T05:44:05.940+0000] {dagbag.py:540} INFO - Filling up the DagBag from /opt/airflow/dags/monitor_T3.py
[2025-05-20T05:44:05.983+0000] {processor.py:840} INFO - DAG(s) 'monitor_T3' retrieved from /opt/airflow/dags/monitor_T3.py
[2025-05-20T05:44:06.049+0000] {logging_mixin.py:188} INFO - [2025-05-20T05:44:06.048+0000] {dag.py:3096} INFO - Sync 1 DAGs
[2025-05-20T05:44:06.110+0000] {logging_mixin.py:188} INFO - [2025-05-20T05:44:06.109+0000] {dag.py:3954} INFO - Setting next_dagrun for monitor_T3 to 2025-05-20 05:00:00+00:00, run_after=2025-05-20 06:00:00+00:00
[2025-05-20T05:44:06.147+0000] {processor.py:183} INFO - Processing /opt/airflow/dags/monitor_T3.py took 0.221 seconds
[2025-05-20T05:44:39.131+0000] {processor.py:161} INFO - Started process (PID=597) to work on /opt/airflow/dags/monitor_T3.py
[2025-05-20T05:44:39.132+0000] {processor.py:830} INFO - Processing file /opt/airflow/dags/monitor_T3.py for tasks to queue
[2025-05-20T05:44:39.134+0000] {logging_mixin.py:188} INFO - [2025-05-20T05:44:39.134+0000] {dagbag.py:540} INFO - Filling up the DagBag from /opt/airflow/dags/monitor_T3.py
[2025-05-20T05:44:39.158+0000] {processor.py:840} INFO - DAG(s) 'monitor_T3' retrieved from /opt/airflow/dags/monitor_T3.py
[2025-05-20T05:44:39.179+0000] {logging_mixin.py:188} INFO - [2025-05-20T05:44:39.179+0000] {dag.py:3096} INFO - Sync 1 DAGs
[2025-05-20T05:44:39.208+0000] {logging_mixin.py:188} INFO - [2025-05-20T05:44:39.208+0000] {dag.py:3954} INFO - Setting next_dagrun for monitor_T3 to 2025-05-20 05:00:00+00:00, run_after=2025-05-20 06:00:00+00:00
[2025-05-20T05:44:39.232+0000] {processor.py:183} INFO - Processing /opt/airflow/dags/monitor_T3.py took 0.106 seconds
[2025-05-20T05:45:09.709+0000] {processor.py:161} INFO - Started process (PID=617) to work on /opt/airflow/dags/monitor_T3.py
[2025-05-20T05:45:09.710+0000] {processor.py:830} INFO - Processing file /opt/airflow/dags/monitor_T3.py for tasks to queue
[2025-05-20T05:45:09.713+0000] {logging_mixin.py:188} INFO - [2025-05-20T05:45:09.713+0000] {dagbag.py:540} INFO - Filling up the DagBag from /opt/airflow/dags/monitor_T3.py
[2025-05-20T05:45:09.746+0000] {processor.py:840} INFO - DAG(s) 'monitor_T3' retrieved from /opt/airflow/dags/monitor_T3.py
[2025-05-20T05:45:09.778+0000] {logging_mixin.py:188} INFO - [2025-05-20T05:45:09.778+0000] {dag.py:3096} INFO - Sync 1 DAGs
[2025-05-20T05:45:09.819+0000] {logging_mixin.py:188} INFO - [2025-05-20T05:45:09.819+0000] {dag.py:3954} INFO - Setting next_dagrun for monitor_T3 to 2025-05-20 05:00:00+00:00, run_after=2025-05-20 06:00:00+00:00
[2025-05-20T05:45:09.853+0000] {processor.py:183} INFO - Processing /opt/airflow/dags/monitor_T3.py took 0.152 seconds
[2025-05-20T05:45:40.269+0000] {processor.py:161} INFO - Started process (PID=639) to work on /opt/airflow/dags/monitor_T3.py
[2025-05-20T05:45:40.270+0000] {processor.py:830} INFO - Processing file /opt/airflow/dags/monitor_T3.py for tasks to queue
[2025-05-20T05:45:40.274+0000] {logging_mixin.py:188} INFO - [2025-05-20T05:45:40.273+0000] {dagbag.py:540} INFO - Filling up the DagBag from /opt/airflow/dags/monitor_T3.py
[2025-05-20T05:45:40.301+0000] {processor.py:840} INFO - DAG(s) 'monitor_T3' retrieved from /opt/airflow/dags/monitor_T3.py
[2025-05-20T05:45:40.334+0000] {logging_mixin.py:188} INFO - [2025-05-20T05:45:40.334+0000] {dag.py:3096} INFO - Sync 1 DAGs
[2025-05-20T05:45:40.369+0000] {logging_mixin.py:188} INFO - [2025-05-20T05:45:40.368+0000] {dag.py:3954} INFO - Setting next_dagrun for monitor_T3 to 2025-05-20 05:00:00+00:00, run_after=2025-05-20 06:00:00+00:00
[2025-05-20T05:45:40.397+0000] {processor.py:183} INFO - Processing /opt/airflow/dags/monitor_T3.py took 0.136 seconds
[2025-05-20T05:46:10.907+0000] {processor.py:161} INFO - Started process (PID=659) to work on /opt/airflow/dags/monitor_T3.py
[2025-05-20T05:46:10.907+0000] {processor.py:830} INFO - Processing file /opt/airflow/dags/monitor_T3.py for tasks to queue
[2025-05-20T05:46:10.909+0000] {logging_mixin.py:188} INFO - [2025-05-20T05:46:10.909+0000] {dagbag.py:540} INFO - Filling up the DagBag from /opt/airflow/dags/monitor_T3.py
[2025-05-20T05:46:10.928+0000] {processor.py:840} INFO - DAG(s) 'monitor_T3' retrieved from /opt/airflow/dags/monitor_T3.py
[2025-05-20T05:46:10.948+0000] {logging_mixin.py:188} INFO - [2025-05-20T05:46:10.947+0000] {dag.py:3096} INFO - Sync 1 DAGs
[2025-05-20T05:46:10.969+0000] {logging_mixin.py:188} INFO - [2025-05-20T05:46:10.969+0000] {dag.py:3954} INFO - Setting next_dagrun for monitor_T3 to 2025-05-20 05:00:00+00:00, run_after=2025-05-20 06:00:00+00:00
[2025-05-20T05:46:10.992+0000] {processor.py:183} INFO - Processing /opt/airflow/dags/monitor_T3.py took 0.091 seconds
[2025-05-20T05:46:44.419+0000] {processor.py:161} INFO - Started process (PID=677) to work on /opt/airflow/dags/monitor_T3.py
[2025-05-20T05:46:44.420+0000] {processor.py:830} INFO - Processing file /opt/airflow/dags/monitor_T3.py for tasks to queue
[2025-05-20T05:46:44.423+0000] {logging_mixin.py:188} INFO - [2025-05-20T05:46:44.422+0000] {dagbag.py:540} INFO - Filling up the DagBag from /opt/airflow/dags/monitor_T3.py
[2025-05-20T05:46:44.446+0000] {processor.py:840} INFO - DAG(s) 'monitor_T3' retrieved from /opt/airflow/dags/monitor_T3.py
[2025-05-20T05:46:44.486+0000] {logging_mixin.py:188} INFO - [2025-05-20T05:46:44.486+0000] {dag.py:3096} INFO - Sync 1 DAGs
[2025-05-20T05:46:44.522+0000] {logging_mixin.py:188} INFO - [2025-05-20T05:46:44.521+0000] {dag.py:3954} INFO - Setting next_dagrun for monitor_T3 to 2025-05-20 05:00:00+00:00, run_after=2025-05-20 06:00:00+00:00
[2025-05-20T05:46:44.555+0000] {processor.py:183} INFO - Processing /opt/airflow/dags/monitor_T3.py took 0.143 seconds
[2025-05-20T05:47:16.503+0000] {processor.py:161} INFO - Started process (PID=697) to work on /opt/airflow/dags/monitor_T3.py
[2025-05-20T05:47:16.504+0000] {processor.py:830} INFO - Processing file /opt/airflow/dags/monitor_T3.py for tasks to queue
[2025-05-20T05:47:16.506+0000] {logging_mixin.py:188} INFO - [2025-05-20T05:47:16.505+0000] {dagbag.py:540} INFO - Filling up the DagBag from /opt/airflow/dags/monitor_T3.py
[2025-05-20T05:47:16.527+0000] {processor.py:840} INFO - DAG(s) 'monitor_T3' retrieved from /opt/airflow/dags/monitor_T3.py
[2025-05-20T05:47:16.549+0000] {logging_mixin.py:188} INFO - [2025-05-20T05:47:16.549+0000] {dag.py:3096} INFO - Sync 1 DAGs
[2025-05-20T05:47:16.574+0000] {logging_mixin.py:188} INFO - [2025-05-20T05:47:16.574+0000] {dag.py:3954} INFO - Setting next_dagrun for monitor_T3 to 2025-05-20 05:00:00+00:00, run_after=2025-05-20 06:00:00+00:00
[2025-05-20T05:47:16.617+0000] {processor.py:183} INFO - Processing /opt/airflow/dags/monitor_T3.py took 0.121 seconds
[2025-05-20T05:47:49.436+0000] {processor.py:161} INFO - Started process (PID=717) to work on /opt/airflow/dags/monitor_T3.py
[2025-05-20T05:47:49.438+0000] {processor.py:830} INFO - Processing file /opt/airflow/dags/monitor_T3.py for tasks to queue
[2025-05-20T05:47:49.440+0000] {logging_mixin.py:188} INFO - [2025-05-20T05:47:49.439+0000] {dagbag.py:540} INFO - Filling up the DagBag from /opt/airflow/dags/monitor_T3.py
[2025-05-20T05:47:49.464+0000] {processor.py:840} INFO - DAG(s) 'monitor_T3' retrieved from /opt/airflow/dags/monitor_T3.py
[2025-05-20T05:47:49.487+0000] {logging_mixin.py:188} INFO - [2025-05-20T05:47:49.487+0000] {dag.py:3096} INFO - Sync 1 DAGs
[2025-05-20T05:47:49.515+0000] {logging_mixin.py:188} INFO - [2025-05-20T05:47:49.514+0000] {dag.py:3954} INFO - Setting next_dagrun for monitor_T3 to 2025-05-20 05:00:00+00:00, run_after=2025-05-20 06:00:00+00:00
[2025-05-20T05:47:49.542+0000] {processor.py:183} INFO - Processing /opt/airflow/dags/monitor_T3.py took 0.113 seconds
[2025-05-20T05:48:19.952+0000] {processor.py:161} INFO - Started process (PID=739) to work on /opt/airflow/dags/monitor_T3.py
[2025-05-20T05:48:19.953+0000] {processor.py:830} INFO - Processing file /opt/airflow/dags/monitor_T3.py for tasks to queue
[2025-05-20T05:48:19.955+0000] {logging_mixin.py:188} INFO - [2025-05-20T05:48:19.955+0000] {dagbag.py:540} INFO - Filling up the DagBag from /opt/airflow/dags/monitor_T3.py
[2025-05-20T05:48:19.976+0000] {processor.py:840} INFO - DAG(s) 'monitor_T3' retrieved from /opt/airflow/dags/monitor_T3.py
[2025-05-20T05:48:19.995+0000] {logging_mixin.py:188} INFO - [2025-05-20T05:48:19.995+0000] {dag.py:3096} INFO - Sync 1 DAGs
[2025-05-20T05:48:20.024+0000] {logging_mixin.py:188} INFO - [2025-05-20T05:48:20.024+0000] {dag.py:3954} INFO - Setting next_dagrun for monitor_T3 to 2025-05-20 05:00:00+00:00, run_after=2025-05-20 06:00:00+00:00
[2025-05-20T05:48:20.044+0000] {processor.py:183} INFO - Processing /opt/airflow/dags/monitor_T3.py took 0.098 seconds
[2025-05-20T05:48:50.674+0000] {processor.py:161} INFO - Started process (PID=759) to work on /opt/airflow/dags/monitor_T3.py
[2025-05-20T05:48:50.675+0000] {processor.py:830} INFO - Processing file /opt/airflow/dags/monitor_T3.py for tasks to queue
[2025-05-20T05:48:50.677+0000] {logging_mixin.py:188} INFO - [2025-05-20T05:48:50.676+0000] {dagbag.py:540} INFO - Filling up the DagBag from /opt/airflow/dags/monitor_T3.py
[2025-05-20T05:48:50.700+0000] {processor.py:840} INFO - DAG(s) 'monitor_T3' retrieved from /opt/airflow/dags/monitor_T3.py
[2025-05-20T05:48:50.724+0000] {logging_mixin.py:188} INFO - [2025-05-20T05:48:50.724+0000] {dag.py:3096} INFO - Sync 1 DAGs
[2025-05-20T05:48:50.753+0000] {logging_mixin.py:188} INFO - [2025-05-20T05:48:50.753+0000] {dag.py:3954} INFO - Setting next_dagrun for monitor_T3 to 2025-05-20 05:00:00+00:00, run_after=2025-05-20 06:00:00+00:00
[2025-05-20T05:48:50.781+0000] {processor.py:183} INFO - Processing /opt/airflow/dags/monitor_T3.py took 0.113 seconds
[2025-05-20T05:49:21.210+0000] {processor.py:161} INFO - Started process (PID=779) to work on /opt/airflow/dags/monitor_T3.py
[2025-05-20T05:49:21.211+0000] {processor.py:830} INFO - Processing file /opt/airflow/dags/monitor_T3.py for tasks to queue
[2025-05-20T05:49:21.213+0000] {logging_mixin.py:188} INFO - [2025-05-20T05:49:21.213+0000] {dagbag.py:540} INFO - Filling up the DagBag from /opt/airflow/dags/monitor_T3.py
[2025-05-20T05:49:21.234+0000] {processor.py:840} INFO - DAG(s) 'monitor_T3' retrieved from /opt/airflow/dags/monitor_T3.py
[2025-05-20T05:49:21.254+0000] {logging_mixin.py:188} INFO - [2025-05-20T05:49:21.254+0000] {dag.py:3096} INFO - Sync 1 DAGs
[2025-05-20T05:49:21.277+0000] {logging_mixin.py:188} INFO - [2025-05-20T05:49:21.277+0000] {dag.py:3954} INFO - Setting next_dagrun for monitor_T3 to 2025-05-20 05:00:00+00:00, run_after=2025-05-20 06:00:00+00:00
[2025-05-20T05:49:21.301+0000] {processor.py:183} INFO - Processing /opt/airflow/dags/monitor_T3.py took 0.097 seconds
[2025-05-20T05:49:51.773+0000] {processor.py:161} INFO - Started process (PID=799) to work on /opt/airflow/dags/monitor_T3.py
[2025-05-20T05:49:51.774+0000] {processor.py:830} INFO - Processing file /opt/airflow/dags/monitor_T3.py for tasks to queue
[2025-05-20T05:49:51.776+0000] {logging_mixin.py:188} INFO - [2025-05-20T05:49:51.776+0000] {dagbag.py:540} INFO - Filling up the DagBag from /opt/airflow/dags/monitor_T3.py
[2025-05-20T05:49:51.796+0000] {processor.py:840} INFO - DAG(s) 'monitor_T3' retrieved from /opt/airflow/dags/monitor_T3.py
[2025-05-20T05:49:51.818+0000] {logging_mixin.py:188} INFO - [2025-05-20T05:49:51.818+0000] {dag.py:3096} INFO - Sync 1 DAGs
[2025-05-20T05:49:51.842+0000] {logging_mixin.py:188} INFO - [2025-05-20T05:49:51.842+0000] {dag.py:3954} INFO - Setting next_dagrun for monitor_T3 to 2025-05-20 05:00:00+00:00, run_after=2025-05-20 06:00:00+00:00
[2025-05-20T05:49:51.868+0000] {processor.py:183} INFO - Processing /opt/airflow/dags/monitor_T3.py took 0.101 seconds
[2025-05-20T05:50:22.395+0000] {processor.py:161} INFO - Started process (PID=819) to work on /opt/airflow/dags/monitor_T3.py
[2025-05-20T05:50:22.396+0000] {processor.py:830} INFO - Processing file /opt/airflow/dags/monitor_T3.py for tasks to queue
[2025-05-20T05:50:22.398+0000] {logging_mixin.py:188} INFO - [2025-05-20T05:50:22.398+0000] {dagbag.py:540} INFO - Filling up the DagBag from /opt/airflow/dags/monitor_T3.py
[2025-05-20T05:50:22.419+0000] {processor.py:840} INFO - DAG(s) 'monitor_T3' retrieved from /opt/airflow/dags/monitor_T3.py
[2025-05-20T05:50:22.441+0000] {logging_mixin.py:188} INFO - [2025-05-20T05:50:22.441+0000] {dag.py:3096} INFO - Sync 1 DAGs
[2025-05-20T05:50:22.466+0000] {logging_mixin.py:188} INFO - [2025-05-20T05:50:22.466+0000] {dag.py:3954} INFO - Setting next_dagrun for monitor_T3 to 2025-05-20 05:00:00+00:00, run_after=2025-05-20 06:00:00+00:00
[2025-05-20T05:50:22.489+0000] {processor.py:183} INFO - Processing /opt/airflow/dags/monitor_T3.py took 0.102 seconds
[2025-05-20T05:50:52.885+0000] {processor.py:161} INFO - Started process (PID=839) to work on /opt/airflow/dags/monitor_T3.py
[2025-05-20T05:50:52.886+0000] {processor.py:830} INFO - Processing file /opt/airflow/dags/monitor_T3.py for tasks to queue
[2025-05-20T05:50:52.888+0000] {logging_mixin.py:188} INFO - [2025-05-20T05:50:52.888+0000] {dagbag.py:540} INFO - Filling up the DagBag from /opt/airflow/dags/monitor_T3.py
[2025-05-20T05:50:52.911+0000] {processor.py:840} INFO - DAG(s) 'monitor_T3' retrieved from /opt/airflow/dags/monitor_T3.py
[2025-05-20T05:50:52.937+0000] {logging_mixin.py:188} INFO - [2025-05-20T05:50:52.937+0000] {dag.py:3096} INFO - Sync 1 DAGs
[2025-05-20T05:50:52.963+0000] {logging_mixin.py:188} INFO - [2025-05-20T05:50:52.963+0000] {dag.py:3954} INFO - Setting next_dagrun for monitor_T3 to 2025-05-20 05:00:00+00:00, run_after=2025-05-20 06:00:00+00:00
[2025-05-20T05:50:52.987+0000] {processor.py:183} INFO - Processing /opt/airflow/dags/monitor_T3.py took 0.107 seconds
[2025-05-20T05:51:23.302+0000] {processor.py:161} INFO - Started process (PID=858) to work on /opt/airflow/dags/monitor_T3.py
[2025-05-20T05:51:23.303+0000] {processor.py:830} INFO - Processing file /opt/airflow/dags/monitor_T3.py for tasks to queue
[2025-05-20T05:51:23.305+0000] {logging_mixin.py:188} INFO - [2025-05-20T05:51:23.305+0000] {dagbag.py:540} INFO - Filling up the DagBag from /opt/airflow/dags/monitor_T3.py
[2025-05-20T05:51:23.326+0000] {processor.py:840} INFO - DAG(s) 'monitor_T3' retrieved from /opt/airflow/dags/monitor_T3.py
[2025-05-20T05:51:23.355+0000] {logging_mixin.py:188} INFO - [2025-05-20T05:51:23.355+0000] {dag.py:3096} INFO - Sync 1 DAGs
[2025-05-20T05:51:23.382+0000] {logging_mixin.py:188} INFO - [2025-05-20T05:51:23.381+0000] {dag.py:3954} INFO - Setting next_dagrun for monitor_T3 to 2025-05-20 05:00:00+00:00, run_after=2025-05-20 06:00:00+00:00
[2025-05-20T05:51:23.404+0000] {processor.py:183} INFO - Processing /opt/airflow/dags/monitor_T3.py took 0.109 seconds
[2025-05-20T05:51:53.884+0000] {processor.py:161} INFO - Started process (PID=879) to work on /opt/airflow/dags/monitor_T3.py
[2025-05-20T05:51:53.885+0000] {processor.py:830} INFO - Processing file /opt/airflow/dags/monitor_T3.py for tasks to queue
[2025-05-20T05:51:53.887+0000] {logging_mixin.py:188} INFO - [2025-05-20T05:51:53.887+0000] {dagbag.py:540} INFO - Filling up the DagBag from /opt/airflow/dags/monitor_T3.py
[2025-05-20T05:51:53.909+0000] {processor.py:840} INFO - DAG(s) 'monitor_T3' retrieved from /opt/airflow/dags/monitor_T3.py
[2025-05-20T05:51:53.933+0000] {logging_mixin.py:188} INFO - [2025-05-20T05:51:53.932+0000] {dag.py:3096} INFO - Sync 1 DAGs
[2025-05-20T05:51:53.957+0000] {logging_mixin.py:188} INFO - [2025-05-20T05:51:53.957+0000] {dag.py:3954} INFO - Setting next_dagrun for monitor_T3 to 2025-05-20 05:00:00+00:00, run_after=2025-05-20 06:00:00+00:00
[2025-05-20T05:51:53.981+0000] {processor.py:183} INFO - Processing /opt/airflow/dags/monitor_T3.py took 0.102 seconds
[2025-05-20T06:02:48.154+0000] {processor.py:161} INFO - Started process (PID=174) to work on /opt/airflow/dags/monitor_T3.py
[2025-05-20T06:02:48.155+0000] {processor.py:830} INFO - Processing file /opt/airflow/dags/monitor_T3.py for tasks to queue
[2025-05-20T06:02:48.157+0000] {logging_mixin.py:188} INFO - [2025-05-20T06:02:48.157+0000] {dagbag.py:540} INFO - Filling up the DagBag from /opt/airflow/dags/monitor_T3.py
[2025-05-20T06:02:48.180+0000] {processor.py:840} INFO - DAG(s) 'monitor_T3' retrieved from /opt/airflow/dags/monitor_T3.py
[2025-05-20T06:02:48.320+0000] {logging_mixin.py:188} INFO - [2025-05-20T06:02:48.320+0000] {override.py:1829} INFO - Created Permission View: can read on DAG:monitor_T3
[2025-05-20T06:02:48.330+0000] {logging_mixin.py:188} INFO - [2025-05-20T06:02:48.329+0000] {override.py:1829} INFO - Created Permission View: can delete on DAG:monitor_T3
[2025-05-20T06:02:48.337+0000] {logging_mixin.py:188} INFO - [2025-05-20T06:02:48.336+0000] {override.py:1829} INFO - Created Permission View: can edit on DAG:monitor_T3
[2025-05-20T06:02:48.337+0000] {logging_mixin.py:188} INFO - [2025-05-20T06:02:48.337+0000] {dag.py:3096} INFO - Sync 1 DAGs
[2025-05-20T06:02:48.348+0000] {logging_mixin.py:188} INFO - [2025-05-20T06:02:48.348+0000] {dag.py:3118} INFO - Creating ORM DAG for monitor_T3
[2025-05-20T06:02:48.359+0000] {logging_mixin.py:188} INFO - [2025-05-20T06:02:48.358+0000] {dag.py:3954} INFO - Setting next_dagrun for monitor_T3 to 2025-05-20 05:00:00+00:00, run_after=2025-05-20 06:00:00+00:00
[2025-05-20T06:02:48.380+0000] {processor.py:183} INFO - Processing /opt/airflow/dags/monitor_T3.py took 0.231 seconds
[2025-05-20T06:03:18.888+0000] {processor.py:161} INFO - Started process (PID=194) to work on /opt/airflow/dags/monitor_T3.py
[2025-05-20T06:03:18.889+0000] {processor.py:830} INFO - Processing file /opt/airflow/dags/monitor_T3.py for tasks to queue
[2025-05-20T06:03:18.891+0000] {logging_mixin.py:188} INFO - [2025-05-20T06:03:18.890+0000] {dagbag.py:540} INFO - Filling up the DagBag from /opt/airflow/dags/monitor_T3.py
[2025-05-20T06:03:18.911+0000] {processor.py:840} INFO - DAG(s) 'monitor_T3' retrieved from /opt/airflow/dags/monitor_T3.py
[2025-05-20T06:03:18.934+0000] {logging_mixin.py:188} INFO - [2025-05-20T06:03:18.934+0000] {dag.py:3096} INFO - Sync 1 DAGs
[2025-05-20T06:03:18.962+0000] {logging_mixin.py:188} INFO - [2025-05-20T06:03:18.962+0000] {dag.py:3954} INFO - Setting next_dagrun for monitor_T3 to 2025-05-20 05:00:00+00:00, run_after=2025-05-20 06:00:00+00:00
[2025-05-20T06:03:18.982+0000] {processor.py:183} INFO - Processing /opt/airflow/dags/monitor_T3.py took 0.101 seconds
[2025-05-20T06:03:49.450+0000] {processor.py:161} INFO - Started process (PID=214) to work on /opt/airflow/dags/monitor_T3.py
[2025-05-20T06:03:49.451+0000] {processor.py:830} INFO - Processing file /opt/airflow/dags/monitor_T3.py for tasks to queue
[2025-05-20T06:03:49.453+0000] {logging_mixin.py:188} INFO - [2025-05-20T06:03:49.452+0000] {dagbag.py:540} INFO - Filling up the DagBag from /opt/airflow/dags/monitor_T3.py
[2025-05-20T06:03:49.474+0000] {processor.py:840} INFO - DAG(s) 'monitor_T3' retrieved from /opt/airflow/dags/monitor_T3.py
[2025-05-20T06:03:49.496+0000] {logging_mixin.py:188} INFO - [2025-05-20T06:03:49.496+0000] {dag.py:3096} INFO - Sync 1 DAGs
[2025-05-20T06:03:49.521+0000] {logging_mixin.py:188} INFO - [2025-05-20T06:03:49.521+0000] {dag.py:3954} INFO - Setting next_dagrun for monitor_T3 to 2025-05-20 05:00:00+00:00, run_after=2025-05-20 06:00:00+00:00
[2025-05-20T06:03:49.541+0000] {processor.py:183} INFO - Processing /opt/airflow/dags/monitor_T3.py took 0.097 seconds
[2025-05-20T06:04:20.175+0000] {processor.py:161} INFO - Started process (PID=234) to work on /opt/airflow/dags/monitor_T3.py
[2025-05-20T06:04:20.176+0000] {processor.py:830} INFO - Processing file /opt/airflow/dags/monitor_T3.py for tasks to queue
[2025-05-20T06:04:20.178+0000] {logging_mixin.py:188} INFO - [2025-05-20T06:04:20.178+0000] {dagbag.py:540} INFO - Filling up the DagBag from /opt/airflow/dags/monitor_T3.py
[2025-05-20T06:04:20.198+0000] {processor.py:840} INFO - DAG(s) 'monitor_T3' retrieved from /opt/airflow/dags/monitor_T3.py
[2025-05-20T06:04:20.219+0000] {logging_mixin.py:188} INFO - [2025-05-20T06:04:20.219+0000] {dag.py:3096} INFO - Sync 1 DAGs
[2025-05-20T06:04:20.242+0000] {logging_mixin.py:188} INFO - [2025-05-20T06:04:20.242+0000] {dag.py:3954} INFO - Setting next_dagrun for monitor_T3 to 2025-05-20 05:00:00+00:00, run_after=2025-05-20 06:00:00+00:00
[2025-05-20T06:04:20.261+0000] {processor.py:183} INFO - Processing /opt/airflow/dags/monitor_T3.py took 0.091 seconds
[2025-05-20T06:04:50.814+0000] {processor.py:161} INFO - Started process (PID=254) to work on /opt/airflow/dags/monitor_T3.py
[2025-05-20T06:04:50.815+0000] {processor.py:830} INFO - Processing file /opt/airflow/dags/monitor_T3.py for tasks to queue
[2025-05-20T06:04:50.817+0000] {logging_mixin.py:188} INFO - [2025-05-20T06:04:50.817+0000] {dagbag.py:540} INFO - Filling up the DagBag from /opt/airflow/dags/monitor_T3.py
[2025-05-20T06:04:50.838+0000] {processor.py:840} INFO - DAG(s) 'monitor_T3' retrieved from /opt/airflow/dags/monitor_T3.py
[2025-05-20T06:04:50.860+0000] {logging_mixin.py:188} INFO - [2025-05-20T06:04:50.860+0000] {dag.py:3096} INFO - Sync 1 DAGs
[2025-05-20T06:04:50.886+0000] {logging_mixin.py:188} INFO - [2025-05-20T06:04:50.886+0000] {dag.py:3954} INFO - Setting next_dagrun for monitor_T3 to 2025-05-20 05:00:00+00:00, run_after=2025-05-20 06:00:00+00:00
[2025-05-20T06:04:50.908+0000] {processor.py:183} INFO - Processing /opt/airflow/dags/monitor_T3.py took 0.099 seconds
[2025-05-20T06:19:54.421+0000] {processor.py:161} INFO - Started process (PID=174) to work on /opt/airflow/dags/monitor_T3.py
[2025-05-20T06:19:54.423+0000] {processor.py:830} INFO - Processing file /opt/airflow/dags/monitor_T3.py for tasks to queue
[2025-05-20T06:19:54.424+0000] {logging_mixin.py:188} INFO - [2025-05-20T06:19:54.424+0000] {dagbag.py:540} INFO - Filling up the DagBag from /opt/airflow/dags/monitor_T3.py
[2025-05-20T06:19:54.444+0000] {processor.py:840} INFO - DAG(s) 'monitor_T3' retrieved from /opt/airflow/dags/monitor_T3.py
[2025-05-20T06:19:54.559+0000] {logging_mixin.py:188} INFO - [2025-05-20T06:19:54.559+0000] {override.py:1829} INFO - Created Permission View: can delete on DAG:monitor_T3
[2025-05-20T06:19:54.574+0000] {logging_mixin.py:188} INFO - [2025-05-20T06:19:54.573+0000] {override.py:1829} INFO - Created Permission View: can read on DAG:monitor_T3
[2025-05-20T06:19:54.586+0000] {logging_mixin.py:188} INFO - [2025-05-20T06:19:54.586+0000] {override.py:1829} INFO - Created Permission View: can edit on DAG:monitor_T3
[2025-05-20T06:19:54.587+0000] {logging_mixin.py:188} INFO - [2025-05-20T06:19:54.586+0000] {dag.py:3096} INFO - Sync 1 DAGs
[2025-05-20T06:19:54.598+0000] {logging_mixin.py:188} INFO - [2025-05-20T06:19:54.597+0000] {dag.py:3118} INFO - Creating ORM DAG for monitor_T3
[2025-05-20T06:19:54.610+0000] {logging_mixin.py:188} INFO - [2025-05-20T06:19:54.610+0000] {dag.py:3954} INFO - Setting next_dagrun for monitor_T3 to 2025-05-20 05:00:00+00:00, run_after=2025-05-20 06:00:00+00:00
[2025-05-20T06:19:54.632+0000] {processor.py:183} INFO - Processing /opt/airflow/dags/monitor_T3.py took 0.217 seconds
[2025-05-20T06:20:25.145+0000] {processor.py:161} INFO - Started process (PID=194) to work on /opt/airflow/dags/monitor_T3.py
[2025-05-20T06:20:25.147+0000] {processor.py:830} INFO - Processing file /opt/airflow/dags/monitor_T3.py for tasks to queue
[2025-05-20T06:20:25.148+0000] {logging_mixin.py:188} INFO - [2025-05-20T06:20:25.148+0000] {dagbag.py:540} INFO - Filling up the DagBag from /opt/airflow/dags/monitor_T3.py
[2025-05-20T06:20:25.169+0000] {processor.py:840} INFO - DAG(s) 'monitor_T3' retrieved from /opt/airflow/dags/monitor_T3.py
[2025-05-20T06:20:25.190+0000] {logging_mixin.py:188} INFO - [2025-05-20T06:20:25.189+0000] {dag.py:3096} INFO - Sync 1 DAGs
[2025-05-20T06:20:25.213+0000] {logging_mixin.py:188} INFO - [2025-05-20T06:20:25.213+0000] {dag.py:3954} INFO - Setting next_dagrun for monitor_T3 to 2025-05-20 05:00:00+00:00, run_after=2025-05-20 06:00:00+00:00
[2025-05-20T06:20:25.239+0000] {processor.py:183} INFO - Processing /opt/airflow/dags/monitor_T3.py took 0.099 seconds
[2025-05-20T06:20:55.887+0000] {processor.py:161} INFO - Started process (PID=214) to work on /opt/airflow/dags/monitor_T3.py
[2025-05-20T06:20:55.888+0000] {processor.py:830} INFO - Processing file /opt/airflow/dags/monitor_T3.py for tasks to queue
[2025-05-20T06:20:55.890+0000] {logging_mixin.py:188} INFO - [2025-05-20T06:20:55.889+0000] {dagbag.py:540} INFO - Filling up the DagBag from /opt/airflow/dags/monitor_T3.py
[2025-05-20T06:20:55.909+0000] {processor.py:840} INFO - DAG(s) 'monitor_T3' retrieved from /opt/airflow/dags/monitor_T3.py
[2025-05-20T06:20:55.929+0000] {logging_mixin.py:188} INFO - [2025-05-20T06:20:55.929+0000] {dag.py:3096} INFO - Sync 1 DAGs
[2025-05-20T06:20:55.952+0000] {logging_mixin.py:188} INFO - [2025-05-20T06:20:55.952+0000] {dag.py:3954} INFO - Setting next_dagrun for monitor_T3 to 2025-05-20 05:00:00+00:00, run_after=2025-05-20 06:00:00+00:00
[2025-05-20T06:20:55.976+0000] {processor.py:183} INFO - Processing /opt/airflow/dags/monitor_T3.py took 0.094 seconds
[2025-05-20T06:21:26.574+0000] {processor.py:161} INFO - Started process (PID=234) to work on /opt/airflow/dags/monitor_T3.py
[2025-05-20T06:21:26.575+0000] {processor.py:830} INFO - Processing file /opt/airflow/dags/monitor_T3.py for tasks to queue
[2025-05-20T06:21:26.577+0000] {logging_mixin.py:188} INFO - [2025-05-20T06:21:26.577+0000] {dagbag.py:540} INFO - Filling up the DagBag from /opt/airflow/dags/monitor_T3.py
[2025-05-20T06:21:26.597+0000] {processor.py:840} INFO - DAG(s) 'monitor_T3' retrieved from /opt/airflow/dags/monitor_T3.py
[2025-05-20T06:21:26.618+0000] {logging_mixin.py:188} INFO - [2025-05-20T06:21:26.618+0000] {dag.py:3096} INFO - Sync 1 DAGs
[2025-05-20T06:21:26.640+0000] {logging_mixin.py:188} INFO - [2025-05-20T06:21:26.640+0000] {dag.py:3954} INFO - Setting next_dagrun for monitor_T3 to 2025-05-20 05:00:00+00:00, run_after=2025-05-20 06:00:00+00:00
[2025-05-20T06:21:26.661+0000] {processor.py:183} INFO - Processing /opt/airflow/dags/monitor_T3.py took 0.093 seconds
[2025-05-20T06:21:57.219+0000] {processor.py:161} INFO - Started process (PID=254) to work on /opt/airflow/dags/monitor_T3.py
[2025-05-20T06:21:57.220+0000] {processor.py:830} INFO - Processing file /opt/airflow/dags/monitor_T3.py for tasks to queue
[2025-05-20T06:21:57.222+0000] {logging_mixin.py:188} INFO - [2025-05-20T06:21:57.222+0000] {dagbag.py:540} INFO - Filling up the DagBag from /opt/airflow/dags/monitor_T3.py
[2025-05-20T06:21:57.239+0000] {processor.py:840} INFO - DAG(s) 'monitor_T3' retrieved from /opt/airflow/dags/monitor_T3.py
[2025-05-20T06:21:57.259+0000] {logging_mixin.py:188} INFO - [2025-05-20T06:21:57.258+0000] {dag.py:3096} INFO - Sync 1 DAGs
[2025-05-20T06:21:57.279+0000] {logging_mixin.py:188} INFO - [2025-05-20T06:21:57.279+0000] {dag.py:3954} INFO - Setting next_dagrun for monitor_T3 to 2025-05-20 05:00:00+00:00, run_after=2025-05-20 06:00:00+00:00
[2025-05-20T06:21:57.300+0000] {processor.py:183} INFO - Processing /opt/airflow/dags/monitor_T3.py took 0.087 seconds
[2025-05-20T06:22:27.852+0000] {processor.py:161} INFO - Started process (PID=274) to work on /opt/airflow/dags/monitor_T3.py
[2025-05-20T06:22:27.853+0000] {processor.py:830} INFO - Processing file /opt/airflow/dags/monitor_T3.py for tasks to queue
[2025-05-20T06:22:27.855+0000] {logging_mixin.py:188} INFO - [2025-05-20T06:22:27.855+0000] {dagbag.py:540} INFO - Filling up the DagBag from /opt/airflow/dags/monitor_T3.py
[2025-05-20T06:22:27.877+0000] {processor.py:840} INFO - DAG(s) 'monitor_T3' retrieved from /opt/airflow/dags/monitor_T3.py
[2025-05-20T06:22:27.897+0000] {logging_mixin.py:188} INFO - [2025-05-20T06:22:27.897+0000] {dag.py:3096} INFO - Sync 1 DAGs
[2025-05-20T06:22:27.918+0000] {logging_mixin.py:188} INFO - [2025-05-20T06:22:27.918+0000] {dag.py:3954} INFO - Setting next_dagrun for monitor_T3 to 2025-05-20 05:00:00+00:00, run_after=2025-05-20 06:00:00+00:00
[2025-05-20T06:22:27.939+0000] {processor.py:183} INFO - Processing /opt/airflow/dags/monitor_T3.py took 0.092 seconds
[2025-05-20T06:22:58.566+0000] {processor.py:161} INFO - Started process (PID=294) to work on /opt/airflow/dags/monitor_T3.py
[2025-05-20T06:22:58.567+0000] {processor.py:830} INFO - Processing file /opt/airflow/dags/monitor_T3.py for tasks to queue
[2025-05-20T06:22:58.568+0000] {logging_mixin.py:188} INFO - [2025-05-20T06:22:58.568+0000] {dagbag.py:540} INFO - Filling up the DagBag from /opt/airflow/dags/monitor_T3.py
[2025-05-20T06:22:58.587+0000] {processor.py:840} INFO - DAG(s) 'monitor_T3' retrieved from /opt/airflow/dags/monitor_T3.py
[2025-05-20T06:22:58.608+0000] {logging_mixin.py:188} INFO - [2025-05-20T06:22:58.608+0000] {dag.py:3096} INFO - Sync 1 DAGs
[2025-05-20T06:22:58.633+0000] {logging_mixin.py:188} INFO - [2025-05-20T06:22:58.633+0000] {dag.py:3954} INFO - Setting next_dagrun for monitor_T3 to 2025-05-20 05:00:00+00:00, run_after=2025-05-20 06:00:00+00:00
[2025-05-20T06:22:58.658+0000] {processor.py:183} INFO - Processing /opt/airflow/dags/monitor_T3.py took 0.098 seconds
[2025-05-20T06:23:29.166+0000] {processor.py:161} INFO - Started process (PID=314) to work on /opt/airflow/dags/monitor_T3.py
[2025-05-20T06:23:29.167+0000] {processor.py:830} INFO - Processing file /opt/airflow/dags/monitor_T3.py for tasks to queue
[2025-05-20T06:23:29.169+0000] {logging_mixin.py:188} INFO - [2025-05-20T06:23:29.169+0000] {dagbag.py:540} INFO - Filling up the DagBag from /opt/airflow/dags/monitor_T3.py
[2025-05-20T06:23:29.189+0000] {processor.py:840} INFO - DAG(s) 'monitor_T3' retrieved from /opt/airflow/dags/monitor_T3.py
[2025-05-20T06:23:29.209+0000] {logging_mixin.py:188} INFO - [2025-05-20T06:23:29.208+0000] {dag.py:3096} INFO - Sync 1 DAGs
[2025-05-20T06:23:29.230+0000] {logging_mixin.py:188} INFO - [2025-05-20T06:23:29.230+0000] {dag.py:3954} INFO - Setting next_dagrun for monitor_T3 to 2025-05-20 05:00:00+00:00, run_after=2025-05-20 06:00:00+00:00
[2025-05-20T06:23:29.257+0000] {processor.py:183} INFO - Processing /opt/airflow/dags/monitor_T3.py took 0.097 seconds
[2025-05-20T06:23:59.721+0000] {processor.py:161} INFO - Started process (PID=334) to work on /opt/airflow/dags/monitor_T3.py
[2025-05-20T06:23:59.722+0000] {processor.py:830} INFO - Processing file /opt/airflow/dags/monitor_T3.py for tasks to queue
[2025-05-20T06:23:59.724+0000] {logging_mixin.py:188} INFO - [2025-05-20T06:23:59.723+0000] {dagbag.py:540} INFO - Filling up the DagBag from /opt/airflow/dags/monitor_T3.py
[2025-05-20T06:23:59.743+0000] {processor.py:840} INFO - DAG(s) 'monitor_T3' retrieved from /opt/airflow/dags/monitor_T3.py
[2025-05-20T06:23:59.764+0000] {logging_mixin.py:188} INFO - [2025-05-20T06:23:59.763+0000] {dag.py:3096} INFO - Sync 1 DAGs
[2025-05-20T06:23:59.785+0000] {logging_mixin.py:188} INFO - [2025-05-20T06:23:59.785+0000] {dag.py:3954} INFO - Setting next_dagrun for monitor_T3 to 2025-05-20 05:00:00+00:00, run_after=2025-05-20 06:00:00+00:00
[2025-05-20T06:23:59.806+0000] {processor.py:183} INFO - Processing /opt/airflow/dags/monitor_T3.py took 0.090 seconds
[2025-05-20T06:24:30.450+0000] {processor.py:161} INFO - Started process (PID=354) to work on /opt/airflow/dags/monitor_T3.py
[2025-05-20T06:24:30.451+0000] {processor.py:830} INFO - Processing file /opt/airflow/dags/monitor_T3.py for tasks to queue
[2025-05-20T06:24:30.453+0000] {logging_mixin.py:188} INFO - [2025-05-20T06:24:30.453+0000] {dagbag.py:540} INFO - Filling up the DagBag from /opt/airflow/dags/monitor_T3.py
[2025-05-20T06:24:30.474+0000] {processor.py:840} INFO - DAG(s) 'monitor_T3' retrieved from /opt/airflow/dags/monitor_T3.py
[2025-05-20T06:24:30.494+0000] {logging_mixin.py:188} INFO - [2025-05-20T06:24:30.494+0000] {dag.py:3096} INFO - Sync 1 DAGs
[2025-05-20T06:24:30.515+0000] {logging_mixin.py:188} INFO - [2025-05-20T06:24:30.515+0000] {dag.py:3954} INFO - Setting next_dagrun for monitor_T3 to 2025-05-20 05:00:00+00:00, run_after=2025-05-20 06:00:00+00:00
[2025-05-20T06:24:30.537+0000] {processor.py:183} INFO - Processing /opt/airflow/dags/monitor_T3.py took 0.093 seconds
[2025-05-20T06:25:01.293+0000] {processor.py:161} INFO - Started process (PID=374) to work on /opt/airflow/dags/monitor_T3.py
[2025-05-20T06:25:01.294+0000] {processor.py:830} INFO - Processing file /opt/airflow/dags/monitor_T3.py for tasks to queue
[2025-05-20T06:25:01.297+0000] {logging_mixin.py:188} INFO - [2025-05-20T06:25:01.296+0000] {dagbag.py:540} INFO - Filling up the DagBag from /opt/airflow/dags/monitor_T3.py
[2025-05-20T06:25:01.317+0000] {processor.py:840} INFO - DAG(s) 'monitor_T3' retrieved from /opt/airflow/dags/monitor_T3.py
[2025-05-20T06:25:01.338+0000] {logging_mixin.py:188} INFO - [2025-05-20T06:25:01.338+0000] {dag.py:3096} INFO - Sync 1 DAGs
[2025-05-20T06:25:01.364+0000] {logging_mixin.py:188} INFO - [2025-05-20T06:25:01.364+0000] {dag.py:3954} INFO - Setting next_dagrun for monitor_T3 to 2025-05-20 05:00:00+00:00, run_after=2025-05-20 06:00:00+00:00
[2025-05-20T06:25:01.391+0000] {processor.py:183} INFO - Processing /opt/airflow/dags/monitor_T3.py took 0.104 seconds
[2025-05-20T06:25:31.961+0000] {processor.py:161} INFO - Started process (PID=394) to work on /opt/airflow/dags/monitor_T3.py
[2025-05-20T06:25:31.962+0000] {processor.py:830} INFO - Processing file /opt/airflow/dags/monitor_T3.py for tasks to queue
[2025-05-20T06:25:31.963+0000] {logging_mixin.py:188} INFO - [2025-05-20T06:25:31.963+0000] {dagbag.py:540} INFO - Filling up the DagBag from /opt/airflow/dags/monitor_T3.py
[2025-05-20T06:25:31.983+0000] {processor.py:840} INFO - DAG(s) 'monitor_T3' retrieved from /opt/airflow/dags/monitor_T3.py
[2025-05-20T06:25:32.006+0000] {logging_mixin.py:188} INFO - [2025-05-20T06:25:32.005+0000] {dag.py:3096} INFO - Sync 1 DAGs
[2025-05-20T06:25:32.030+0000] {logging_mixin.py:188} INFO - [2025-05-20T06:25:32.030+0000] {dag.py:3954} INFO - Setting next_dagrun for monitor_T3 to 2025-05-20 05:00:00+00:00, run_after=2025-05-20 06:00:00+00:00
[2025-05-20T06:25:32.051+0000] {processor.py:183} INFO - Processing /opt/airflow/dags/monitor_T3.py took 0.097 seconds
[2025-05-20T06:26:02.656+0000] {processor.py:161} INFO - Started process (PID=414) to work on /opt/airflow/dags/monitor_T3.py
[2025-05-20T06:26:02.657+0000] {processor.py:830} INFO - Processing file /opt/airflow/dags/monitor_T3.py for tasks to queue
[2025-05-20T06:26:02.658+0000] {logging_mixin.py:188} INFO - [2025-05-20T06:26:02.658+0000] {dagbag.py:540} INFO - Filling up the DagBag from /opt/airflow/dags/monitor_T3.py
[2025-05-20T06:26:02.677+0000] {processor.py:840} INFO - DAG(s) 'monitor_T3' retrieved from /opt/airflow/dags/monitor_T3.py
[2025-05-20T06:26:02.698+0000] {logging_mixin.py:188} INFO - [2025-05-20T06:26:02.698+0000] {dag.py:3096} INFO - Sync 1 DAGs
[2025-05-20T06:26:02.723+0000] {logging_mixin.py:188} INFO - [2025-05-20T06:26:02.723+0000] {dag.py:3954} INFO - Setting next_dagrun for monitor_T3 to 2025-05-20 05:00:00+00:00, run_after=2025-05-20 06:00:00+00:00
[2025-05-20T06:26:02.746+0000] {processor.py:183} INFO - Processing /opt/airflow/dags/monitor_T3.py took 0.097 seconds
[2025-05-20T06:26:33.352+0000] {processor.py:161} INFO - Started process (PID=434) to work on /opt/airflow/dags/monitor_T3.py
[2025-05-20T06:26:33.353+0000] {processor.py:830} INFO - Processing file /opt/airflow/dags/monitor_T3.py for tasks to queue
[2025-05-20T06:26:33.354+0000] {logging_mixin.py:188} INFO - [2025-05-20T06:26:33.354+0000] {dagbag.py:540} INFO - Filling up the DagBag from /opt/airflow/dags/monitor_T3.py
[2025-05-20T06:26:33.375+0000] {processor.py:840} INFO - DAG(s) 'monitor_T3' retrieved from /opt/airflow/dags/monitor_T3.py
[2025-05-20T06:26:33.395+0000] {logging_mixin.py:188} INFO - [2025-05-20T06:26:33.395+0000] {dag.py:3096} INFO - Sync 1 DAGs
[2025-05-20T06:26:33.417+0000] {logging_mixin.py:188} INFO - [2025-05-20T06:26:33.417+0000] {dag.py:3954} INFO - Setting next_dagrun for monitor_T3 to 2025-05-20 05:00:00+00:00, run_after=2025-05-20 06:00:00+00:00
[2025-05-20T06:26:33.440+0000] {processor.py:183} INFO - Processing /opt/airflow/dags/monitor_T3.py took 0.093 seconds
[2025-05-20T06:27:03.947+0000] {processor.py:161} INFO - Started process (PID=454) to work on /opt/airflow/dags/monitor_T3.py
[2025-05-20T06:27:03.948+0000] {processor.py:830} INFO - Processing file /opt/airflow/dags/monitor_T3.py for tasks to queue
[2025-05-20T06:27:03.950+0000] {logging_mixin.py:188} INFO - [2025-05-20T06:27:03.950+0000] {dagbag.py:540} INFO - Filling up the DagBag from /opt/airflow/dags/monitor_T3.py
[2025-05-20T06:27:03.972+0000] {processor.py:840} INFO - DAG(s) 'monitor_T3' retrieved from /opt/airflow/dags/monitor_T3.py
[2025-05-20T06:27:03.995+0000] {logging_mixin.py:188} INFO - [2025-05-20T06:27:03.994+0000] {dag.py:3096} INFO - Sync 1 DAGs
[2025-05-20T06:27:04.020+0000] {logging_mixin.py:188} INFO - [2025-05-20T06:27:04.020+0000] {dag.py:3954} INFO - Setting next_dagrun for monitor_T3 to 2025-05-20 05:00:00+00:00, run_after=2025-05-20 06:00:00+00:00
[2025-05-20T06:27:04.044+0000] {processor.py:183} INFO - Processing /opt/airflow/dags/monitor_T3.py took 0.103 seconds
[2025-05-20T06:27:34.697+0000] {processor.py:161} INFO - Started process (PID=474) to work on /opt/airflow/dags/monitor_T3.py
[2025-05-20T06:27:34.698+0000] {processor.py:830} INFO - Processing file /opt/airflow/dags/monitor_T3.py for tasks to queue
[2025-05-20T06:27:34.700+0000] {logging_mixin.py:188} INFO - [2025-05-20T06:27:34.699+0000] {dagbag.py:540} INFO - Filling up the DagBag from /opt/airflow/dags/monitor_T3.py
[2025-05-20T06:27:34.719+0000] {processor.py:840} INFO - DAG(s) 'monitor_T3' retrieved from /opt/airflow/dags/monitor_T3.py
[2025-05-20T06:27:34.740+0000] {logging_mixin.py:188} INFO - [2025-05-20T06:27:34.740+0000] {dag.py:3096} INFO - Sync 1 DAGs
[2025-05-20T06:27:34.763+0000] {logging_mixin.py:188} INFO - [2025-05-20T06:27:34.762+0000] {dag.py:3954} INFO - Setting next_dagrun for monitor_T3 to 2025-05-20 05:00:00+00:00, run_after=2025-05-20 06:00:00+00:00
[2025-05-20T06:27:34.784+0000] {processor.py:183} INFO - Processing /opt/airflow/dags/monitor_T3.py took 0.093 seconds
[2025-05-20T06:28:05.366+0000] {processor.py:161} INFO - Started process (PID=494) to work on /opt/airflow/dags/monitor_T3.py
[2025-05-20T06:28:05.367+0000] {processor.py:830} INFO - Processing file /opt/airflow/dags/monitor_T3.py for tasks to queue
[2025-05-20T06:28:05.369+0000] {logging_mixin.py:188} INFO - [2025-05-20T06:28:05.369+0000] {dagbag.py:540} INFO - Filling up the DagBag from /opt/airflow/dags/monitor_T3.py
[2025-05-20T06:28:05.395+0000] {processor.py:840} INFO - DAG(s) 'monitor_T3' retrieved from /opt/airflow/dags/monitor_T3.py
[2025-05-20T06:28:05.425+0000] {logging_mixin.py:188} INFO - [2025-05-20T06:28:05.424+0000] {dag.py:3096} INFO - Sync 1 DAGs
[2025-05-20T06:28:05.453+0000] {logging_mixin.py:188} INFO - [2025-05-20T06:28:05.453+0000] {dag.py:3954} INFO - Setting next_dagrun for monitor_T3 to 2025-05-20 06:00:00+00:00, run_after=2025-05-20 07:00:00+00:00
[2025-05-20T06:28:05.480+0000] {processor.py:183} INFO - Processing /opt/airflow/dags/monitor_T3.py took 0.122 seconds
[2025-05-20T06:28:36.115+0000] {processor.py:161} INFO - Started process (PID=575) to work on /opt/airflow/dags/monitor_T3.py
[2025-05-20T06:28:36.116+0000] {processor.py:830} INFO - Processing file /opt/airflow/dags/monitor_T3.py for tasks to queue
[2025-05-20T06:28:36.118+0000] {logging_mixin.py:188} INFO - [2025-05-20T06:28:36.117+0000] {dagbag.py:540} INFO - Filling up the DagBag from /opt/airflow/dags/monitor_T3.py
[2025-05-20T06:28:36.146+0000] {processor.py:840} INFO - DAG(s) 'monitor_T3' retrieved from /opt/airflow/dags/monitor_T3.py
[2025-05-20T06:28:36.170+0000] {logging_mixin.py:188} INFO - [2025-05-20T06:28:36.170+0000] {dag.py:3096} INFO - Sync 1 DAGs
[2025-05-20T06:28:36.202+0000] {logging_mixin.py:188} INFO - [2025-05-20T06:28:36.201+0000] {dag.py:3954} INFO - Setting next_dagrun for monitor_T3 to 2025-05-20 06:00:00+00:00, run_after=2025-05-20 07:00:00+00:00
[2025-05-20T06:28:36.229+0000] {processor.py:183} INFO - Processing /opt/airflow/dags/monitor_T3.py took 0.121 seconds
[2025-05-20T06:29:06.634+0000] {processor.py:161} INFO - Started process (PID=597) to work on /opt/airflow/dags/monitor_T3.py
[2025-05-20T06:29:06.635+0000] {processor.py:830} INFO - Processing file /opt/airflow/dags/monitor_T3.py for tasks to queue
[2025-05-20T06:29:06.637+0000] {logging_mixin.py:188} INFO - [2025-05-20T06:29:06.636+0000] {dagbag.py:540} INFO - Filling up the DagBag from /opt/airflow/dags/monitor_T3.py
[2025-05-20T06:29:06.657+0000] {processor.py:840} INFO - DAG(s) 'monitor_T3' retrieved from /opt/airflow/dags/monitor_T3.py
[2025-05-20T06:29:06.678+0000] {logging_mixin.py:188} INFO - [2025-05-20T06:29:06.678+0000] {dag.py:3096} INFO - Sync 1 DAGs
[2025-05-20T06:29:06.701+0000] {logging_mixin.py:188} INFO - [2025-05-20T06:29:06.701+0000] {dag.py:3954} INFO - Setting next_dagrun for monitor_T3 to 2025-05-20 06:00:00+00:00, run_after=2025-05-20 07:00:00+00:00
[2025-05-20T06:29:06.723+0000] {processor.py:183} INFO - Processing /opt/airflow/dags/monitor_T3.py took 0.094 seconds
[2025-05-20T06:29:37.118+0000] {processor.py:161} INFO - Started process (PID=619) to work on /opt/airflow/dags/monitor_T3.py
[2025-05-20T06:29:37.119+0000] {processor.py:830} INFO - Processing file /opt/airflow/dags/monitor_T3.py for tasks to queue
[2025-05-20T06:29:37.121+0000] {logging_mixin.py:188} INFO - [2025-05-20T06:29:37.121+0000] {dagbag.py:540} INFO - Filling up the DagBag from /opt/airflow/dags/monitor_T3.py
[2025-05-20T06:29:37.143+0000] {processor.py:840} INFO - DAG(s) 'monitor_T3' retrieved from /opt/airflow/dags/monitor_T3.py
[2025-05-20T06:29:37.165+0000] {logging_mixin.py:188} INFO - [2025-05-20T06:29:37.165+0000] {dag.py:3096} INFO - Sync 1 DAGs
[2025-05-20T06:29:37.191+0000] {logging_mixin.py:188} INFO - [2025-05-20T06:29:37.191+0000] {dag.py:3954} INFO - Setting next_dagrun for monitor_T3 to 2025-05-20 06:00:00+00:00, run_after=2025-05-20 07:00:00+00:00
[2025-05-20T06:29:37.216+0000] {processor.py:183} INFO - Processing /opt/airflow/dags/monitor_T3.py took 0.104 seconds
[2025-05-20T06:30:07.932+0000] {processor.py:161} INFO - Started process (PID=639) to work on /opt/airflow/dags/monitor_T3.py
[2025-05-20T06:30:07.933+0000] {processor.py:830} INFO - Processing file /opt/airflow/dags/monitor_T3.py for tasks to queue
[2025-05-20T06:30:07.934+0000] {logging_mixin.py:188} INFO - [2025-05-20T06:30:07.934+0000] {dagbag.py:540} INFO - Filling up the DagBag from /opt/airflow/dags/monitor_T3.py
[2025-05-20T06:30:07.954+0000] {processor.py:840} INFO - DAG(s) 'monitor_T3' retrieved from /opt/airflow/dags/monitor_T3.py
[2025-05-20T06:30:07.975+0000] {logging_mixin.py:188} INFO - [2025-05-20T06:30:07.975+0000] {dag.py:3096} INFO - Sync 1 DAGs
[2025-05-20T06:30:07.998+0000] {logging_mixin.py:188} INFO - [2025-05-20T06:30:07.997+0000] {dag.py:3954} INFO - Setting next_dagrun for monitor_T3 to 2025-05-20 06:00:00+00:00, run_after=2025-05-20 07:00:00+00:00
[2025-05-20T06:30:08.021+0000] {processor.py:183} INFO - Processing /opt/airflow/dags/monitor_T3.py took 0.096 seconds
[2025-05-20T06:30:38.648+0000] {processor.py:161} INFO - Started process (PID=659) to work on /opt/airflow/dags/monitor_T3.py
[2025-05-20T06:30:38.649+0000] {processor.py:830} INFO - Processing file /opt/airflow/dags/monitor_T3.py for tasks to queue
[2025-05-20T06:30:38.651+0000] {logging_mixin.py:188} INFO - [2025-05-20T06:30:38.651+0000] {dagbag.py:540} INFO - Filling up the DagBag from /opt/airflow/dags/monitor_T3.py
[2025-05-20T06:30:38.672+0000] {processor.py:840} INFO - DAG(s) 'monitor_T3' retrieved from /opt/airflow/dags/monitor_T3.py
[2025-05-20T06:30:38.694+0000] {logging_mixin.py:188} INFO - [2025-05-20T06:30:38.694+0000] {dag.py:3096} INFO - Sync 1 DAGs
[2025-05-20T06:30:38.717+0000] {logging_mixin.py:188} INFO - [2025-05-20T06:30:38.717+0000] {dag.py:3954} INFO - Setting next_dagrun for monitor_T3 to 2025-05-20 06:00:00+00:00, run_after=2025-05-20 07:00:00+00:00
[2025-05-20T06:30:38.739+0000] {processor.py:183} INFO - Processing /opt/airflow/dags/monitor_T3.py took 0.096 seconds
[2025-05-20T06:31:09.321+0000] {processor.py:161} INFO - Started process (PID=679) to work on /opt/airflow/dags/monitor_T3.py
[2025-05-20T06:31:09.322+0000] {processor.py:830} INFO - Processing file /opt/airflow/dags/monitor_T3.py for tasks to queue
[2025-05-20T06:31:09.324+0000] {logging_mixin.py:188} INFO - [2025-05-20T06:31:09.323+0000] {dagbag.py:540} INFO - Filling up the DagBag from /opt/airflow/dags/monitor_T3.py
[2025-05-20T06:31:09.342+0000] {processor.py:840} INFO - DAG(s) 'monitor_T3' retrieved from /opt/airflow/dags/monitor_T3.py
[2025-05-20T06:31:09.362+0000] {logging_mixin.py:188} INFO - [2025-05-20T06:31:09.362+0000] {dag.py:3096} INFO - Sync 1 DAGs
[2025-05-20T06:31:09.384+0000] {logging_mixin.py:188} INFO - [2025-05-20T06:31:09.384+0000] {dag.py:3954} INFO - Setting next_dagrun for monitor_T3 to 2025-05-20 06:00:00+00:00, run_after=2025-05-20 07:00:00+00:00
[2025-05-20T06:31:09.405+0000] {processor.py:183} INFO - Processing /opt/airflow/dags/monitor_T3.py took 0.090 seconds
[2025-05-20T06:31:39.999+0000] {processor.py:161} INFO - Started process (PID=699) to work on /opt/airflow/dags/monitor_T3.py
[2025-05-20T06:31:40.000+0000] {processor.py:830} INFO - Processing file /opt/airflow/dags/monitor_T3.py for tasks to queue
[2025-05-20T06:31:40.002+0000] {logging_mixin.py:188} INFO - [2025-05-20T06:31:40.001+0000] {dagbag.py:540} INFO - Filling up the DagBag from /opt/airflow/dags/monitor_T3.py
[2025-05-20T06:31:40.024+0000] {processor.py:840} INFO - DAG(s) 'monitor_T3' retrieved from /opt/airflow/dags/monitor_T3.py
[2025-05-20T06:31:40.047+0000] {logging_mixin.py:188} INFO - [2025-05-20T06:31:40.047+0000] {dag.py:3096} INFO - Sync 1 DAGs
[2025-05-20T06:31:40.075+0000] {logging_mixin.py:188} INFO - [2025-05-20T06:31:40.075+0000] {dag.py:3954} INFO - Setting next_dagrun for monitor_T3 to 2025-05-20 06:00:00+00:00, run_after=2025-05-20 07:00:00+00:00
[2025-05-20T06:31:40.100+0000] {processor.py:183} INFO - Processing /opt/airflow/dags/monitor_T3.py took 0.109 seconds
[2025-05-20T06:32:10.571+0000] {processor.py:161} INFO - Started process (PID=719) to work on /opt/airflow/dags/monitor_T3.py
[2025-05-20T06:32:10.572+0000] {processor.py:830} INFO - Processing file /opt/airflow/dags/monitor_T3.py for tasks to queue
[2025-05-20T06:32:10.574+0000] {logging_mixin.py:188} INFO - [2025-05-20T06:32:10.574+0000] {dagbag.py:540} INFO - Filling up the DagBag from /opt/airflow/dags/monitor_T3.py
[2025-05-20T06:32:10.594+0000] {processor.py:840} INFO - DAG(s) 'monitor_T3' retrieved from /opt/airflow/dags/monitor_T3.py
[2025-05-20T06:32:10.616+0000] {logging_mixin.py:188} INFO - [2025-05-20T06:32:10.616+0000] {dag.py:3096} INFO - Sync 1 DAGs
[2025-05-20T06:32:10.639+0000] {logging_mixin.py:188} INFO - [2025-05-20T06:32:10.639+0000] {dag.py:3954} INFO - Setting next_dagrun for monitor_T3 to 2025-05-20 06:00:00+00:00, run_after=2025-05-20 07:00:00+00:00
[2025-05-20T06:32:10.664+0000] {processor.py:183} INFO - Processing /opt/airflow/dags/monitor_T3.py took 0.098 seconds
[2025-05-20T06:32:41.181+0000] {processor.py:161} INFO - Started process (PID=739) to work on /opt/airflow/dags/monitor_T3.py
[2025-05-20T06:32:41.182+0000] {processor.py:830} INFO - Processing file /opt/airflow/dags/monitor_T3.py for tasks to queue
[2025-05-20T06:32:41.184+0000] {logging_mixin.py:188} INFO - [2025-05-20T06:32:41.184+0000] {dagbag.py:540} INFO - Filling up the DagBag from /opt/airflow/dags/monitor_T3.py
[2025-05-20T06:32:41.205+0000] {processor.py:840} INFO - DAG(s) 'monitor_T3' retrieved from /opt/airflow/dags/monitor_T3.py
[2025-05-20T06:32:41.226+0000] {logging_mixin.py:188} INFO - [2025-05-20T06:32:41.225+0000] {dag.py:3096} INFO - Sync 1 DAGs
[2025-05-20T06:32:41.249+0000] {logging_mixin.py:188} INFO - [2025-05-20T06:32:41.248+0000] {dag.py:3954} INFO - Setting next_dagrun for monitor_T3 to 2025-05-20 06:00:00+00:00, run_after=2025-05-20 07:00:00+00:00
[2025-05-20T06:32:41.270+0000] {processor.py:183} INFO - Processing /opt/airflow/dags/monitor_T3.py took 0.095 seconds
[2025-05-20T06:33:11.870+0000] {processor.py:161} INFO - Started process (PID=759) to work on /opt/airflow/dags/monitor_T3.py
[2025-05-20T06:33:11.871+0000] {processor.py:830} INFO - Processing file /opt/airflow/dags/monitor_T3.py for tasks to queue
[2025-05-20T06:33:11.874+0000] {logging_mixin.py:188} INFO - [2025-05-20T06:33:11.874+0000] {dagbag.py:540} INFO - Filling up the DagBag from /opt/airflow/dags/monitor_T3.py
[2025-05-20T06:33:11.894+0000] {processor.py:840} INFO - DAG(s) 'monitor_T3' retrieved from /opt/airflow/dags/monitor_T3.py
[2025-05-20T06:33:11.916+0000] {logging_mixin.py:188} INFO - [2025-05-20T06:33:11.915+0000] {dag.py:3096} INFO - Sync 1 DAGs
[2025-05-20T06:33:11.938+0000] {logging_mixin.py:188} INFO - [2025-05-20T06:33:11.938+0000] {dag.py:3954} INFO - Setting next_dagrun for monitor_T3 to 2025-05-20 06:00:00+00:00, run_after=2025-05-20 07:00:00+00:00
[2025-05-20T06:33:11.961+0000] {processor.py:183} INFO - Processing /opt/airflow/dags/monitor_T3.py took 0.097 seconds
[2025-05-20T06:33:42.397+0000] {processor.py:161} INFO - Started process (PID=779) to work on /opt/airflow/dags/monitor_T3.py
[2025-05-20T06:33:42.398+0000] {processor.py:830} INFO - Processing file /opt/airflow/dags/monitor_T3.py for tasks to queue
[2025-05-20T06:33:42.400+0000] {logging_mixin.py:188} INFO - [2025-05-20T06:33:42.400+0000] {dagbag.py:540} INFO - Filling up the DagBag from /opt/airflow/dags/monitor_T3.py
[2025-05-20T06:33:42.424+0000] {processor.py:840} INFO - DAG(s) 'monitor_T3' retrieved from /opt/airflow/dags/monitor_T3.py
[2025-05-20T06:33:42.446+0000] {logging_mixin.py:188} INFO - [2025-05-20T06:33:42.445+0000] {dag.py:3096} INFO - Sync 1 DAGs
[2025-05-20T06:33:42.470+0000] {logging_mixin.py:188} INFO - [2025-05-20T06:33:42.469+0000] {dag.py:3954} INFO - Setting next_dagrun for monitor_T3 to 2025-05-20 06:00:00+00:00, run_after=2025-05-20 07:00:00+00:00
[2025-05-20T06:33:42.498+0000] {processor.py:183} INFO - Processing /opt/airflow/dags/monitor_T3.py took 0.107 seconds
[2025-05-20T06:34:12.965+0000] {processor.py:161} INFO - Started process (PID=799) to work on /opt/airflow/dags/monitor_T3.py
[2025-05-20T06:34:12.966+0000] {processor.py:830} INFO - Processing file /opt/airflow/dags/monitor_T3.py for tasks to queue
[2025-05-20T06:34:12.967+0000] {logging_mixin.py:188} INFO - [2025-05-20T06:34:12.967+0000] {dagbag.py:540} INFO - Filling up the DagBag from /opt/airflow/dags/monitor_T3.py
[2025-05-20T06:34:12.988+0000] {processor.py:840} INFO - DAG(s) 'monitor_T3' retrieved from /opt/airflow/dags/monitor_T3.py
[2025-05-20T06:34:13.008+0000] {logging_mixin.py:188} INFO - [2025-05-20T06:34:13.008+0000] {dag.py:3096} INFO - Sync 1 DAGs
[2025-05-20T06:34:13.032+0000] {logging_mixin.py:188} INFO - [2025-05-20T06:34:13.032+0000] {dag.py:3954} INFO - Setting next_dagrun for monitor_T3 to 2025-05-20 06:00:00+00:00, run_after=2025-05-20 07:00:00+00:00
[2025-05-20T06:34:13.052+0000] {processor.py:183} INFO - Processing /opt/airflow/dags/monitor_T3.py took 0.094 seconds
[2025-05-20T06:34:43.685+0000] {processor.py:161} INFO - Started process (PID=819) to work on /opt/airflow/dags/monitor_T3.py
[2025-05-20T06:34:43.686+0000] {processor.py:830} INFO - Processing file /opt/airflow/dags/monitor_T3.py for tasks to queue
[2025-05-20T06:34:43.688+0000] {logging_mixin.py:188} INFO - [2025-05-20T06:34:43.688+0000] {dagbag.py:540} INFO - Filling up the DagBag from /opt/airflow/dags/monitor_T3.py
[2025-05-20T06:34:43.712+0000] {processor.py:840} INFO - DAG(s) 'monitor_T3' retrieved from /opt/airflow/dags/monitor_T3.py
[2025-05-20T06:34:43.733+0000] {logging_mixin.py:188} INFO - [2025-05-20T06:34:43.733+0000] {dag.py:3096} INFO - Sync 1 DAGs
[2025-05-20T06:34:43.757+0000] {logging_mixin.py:188} INFO - [2025-05-20T06:34:43.757+0000] {dag.py:3954} INFO - Setting next_dagrun for monitor_T3 to 2025-05-20 06:00:00+00:00, run_after=2025-05-20 07:00:00+00:00
[2025-05-20T06:34:43.778+0000] {processor.py:183} INFO - Processing /opt/airflow/dags/monitor_T3.py took 0.101 seconds
[2025-05-20T06:35:14.513+0000] {processor.py:161} INFO - Started process (PID=839) to work on /opt/airflow/dags/monitor_T3.py
[2025-05-20T06:35:14.514+0000] {processor.py:830} INFO - Processing file /opt/airflow/dags/monitor_T3.py for tasks to queue
[2025-05-20T06:35:14.517+0000] {logging_mixin.py:188} INFO - [2025-05-20T06:35:14.516+0000] {dagbag.py:540} INFO - Filling up the DagBag from /opt/airflow/dags/monitor_T3.py
[2025-05-20T06:35:14.541+0000] {processor.py:840} INFO - DAG(s) 'monitor_T3' retrieved from /opt/airflow/dags/monitor_T3.py
[2025-05-20T06:35:14.570+0000] {logging_mixin.py:188} INFO - [2025-05-20T06:35:14.570+0000] {dag.py:3096} INFO - Sync 1 DAGs
[2025-05-20T06:35:14.600+0000] {logging_mixin.py:188} INFO - [2025-05-20T06:35:14.600+0000] {dag.py:3954} INFO - Setting next_dagrun for monitor_T3 to 2025-05-20 06:00:00+00:00, run_after=2025-05-20 07:00:00+00:00
[2025-05-20T06:35:14.632+0000] {processor.py:183} INFO - Processing /opt/airflow/dags/monitor_T3.py took 0.129 seconds
[2025-05-20T06:35:45.119+0000] {processor.py:161} INFO - Started process (PID=859) to work on /opt/airflow/dags/monitor_T3.py
[2025-05-20T06:35:45.120+0000] {processor.py:830} INFO - Processing file /opt/airflow/dags/monitor_T3.py for tasks to queue
[2025-05-20T06:35:45.122+0000] {logging_mixin.py:188} INFO - [2025-05-20T06:35:45.122+0000] {dagbag.py:540} INFO - Filling up the DagBag from /opt/airflow/dags/monitor_T3.py
[2025-05-20T06:35:45.141+0000] {processor.py:840} INFO - DAG(s) 'monitor_T3' retrieved from /opt/airflow/dags/monitor_T3.py
[2025-05-20T06:35:45.162+0000] {logging_mixin.py:188} INFO - [2025-05-20T06:35:45.161+0000] {dag.py:3096} INFO - Sync 1 DAGs
[2025-05-20T06:35:45.185+0000] {logging_mixin.py:188} INFO - [2025-05-20T06:35:45.184+0000] {dag.py:3954} INFO - Setting next_dagrun for monitor_T3 to 2025-05-20 06:00:00+00:00, run_after=2025-05-20 07:00:00+00:00
[2025-05-20T06:35:45.206+0000] {processor.py:183} INFO - Processing /opt/airflow/dags/monitor_T3.py took 0.093 seconds
[2025-05-20T06:36:15.687+0000] {processor.py:161} INFO - Started process (PID=879) to work on /opt/airflow/dags/monitor_T3.py
[2025-05-20T06:36:15.688+0000] {processor.py:830} INFO - Processing file /opt/airflow/dags/monitor_T3.py for tasks to queue
[2025-05-20T06:36:15.690+0000] {logging_mixin.py:188} INFO - [2025-05-20T06:36:15.690+0000] {dagbag.py:540} INFO - Filling up the DagBag from /opt/airflow/dags/monitor_T3.py
[2025-05-20T06:36:15.711+0000] {processor.py:840} INFO - DAG(s) 'monitor_T3' retrieved from /opt/airflow/dags/monitor_T3.py
[2025-05-20T06:36:15.732+0000] {logging_mixin.py:188} INFO - [2025-05-20T06:36:15.732+0000] {dag.py:3096} INFO - Sync 1 DAGs
[2025-05-20T06:36:15.757+0000] {logging_mixin.py:188} INFO - [2025-05-20T06:36:15.756+0000] {dag.py:3954} INFO - Setting next_dagrun for monitor_T3 to 2025-05-20 06:00:00+00:00, run_after=2025-05-20 07:00:00+00:00
[2025-05-20T06:36:15.779+0000] {processor.py:183} INFO - Processing /opt/airflow/dags/monitor_T3.py took 0.098 seconds
[2025-05-20T06:36:46.333+0000] {processor.py:161} INFO - Started process (PID=899) to work on /opt/airflow/dags/monitor_T3.py
[2025-05-20T06:36:46.334+0000] {processor.py:830} INFO - Processing file /opt/airflow/dags/monitor_T3.py for tasks to queue
[2025-05-20T06:36:46.337+0000] {logging_mixin.py:188} INFO - [2025-05-20T06:36:46.337+0000] {dagbag.py:540} INFO - Filling up the DagBag from /opt/airflow/dags/monitor_T3.py
[2025-05-20T06:36:46.364+0000] {processor.py:840} INFO - DAG(s) 'monitor_T3' retrieved from /opt/airflow/dags/monitor_T3.py
[2025-05-20T06:36:46.391+0000] {logging_mixin.py:188} INFO - [2025-05-20T06:36:46.391+0000] {dag.py:3096} INFO - Sync 1 DAGs
[2025-05-20T06:36:46.416+0000] {logging_mixin.py:188} INFO - [2025-05-20T06:36:46.416+0000] {dag.py:3954} INFO - Setting next_dagrun for monitor_T3 to 2025-05-20 06:00:00+00:00, run_after=2025-05-20 07:00:00+00:00
[2025-05-20T06:36:46.441+0000] {processor.py:183} INFO - Processing /opt/airflow/dags/monitor_T3.py took 0.117 seconds
[2025-05-20T06:37:17.009+0000] {processor.py:161} INFO - Started process (PID=919) to work on /opt/airflow/dags/monitor_T3.py
[2025-05-20T06:37:17.010+0000] {processor.py:830} INFO - Processing file /opt/airflow/dags/monitor_T3.py for tasks to queue
[2025-05-20T06:37:17.012+0000] {logging_mixin.py:188} INFO - [2025-05-20T06:37:17.011+0000] {dagbag.py:540} INFO - Filling up the DagBag from /opt/airflow/dags/monitor_T3.py
[2025-05-20T06:37:17.031+0000] {processor.py:840} INFO - DAG(s) 'monitor_T3' retrieved from /opt/airflow/dags/monitor_T3.py
[2025-05-20T06:37:17.051+0000] {logging_mixin.py:188} INFO - [2025-05-20T06:37:17.051+0000] {dag.py:3096} INFO - Sync 1 DAGs
[2025-05-20T06:37:17.074+0000] {logging_mixin.py:188} INFO - [2025-05-20T06:37:17.074+0000] {dag.py:3954} INFO - Setting next_dagrun for monitor_T3 to 2025-05-20 06:00:00+00:00, run_after=2025-05-20 07:00:00+00:00
[2025-05-20T06:37:17.096+0000] {processor.py:183} INFO - Processing /opt/airflow/dags/monitor_T3.py took 0.093 seconds
[2025-05-20T06:37:47.625+0000] {processor.py:161} INFO - Started process (PID=939) to work on /opt/airflow/dags/monitor_T3.py
[2025-05-20T06:37:47.627+0000] {processor.py:830} INFO - Processing file /opt/airflow/dags/monitor_T3.py for tasks to queue
[2025-05-20T06:37:47.628+0000] {logging_mixin.py:188} INFO - [2025-05-20T06:37:47.628+0000] {dagbag.py:540} INFO - Filling up the DagBag from /opt/airflow/dags/monitor_T3.py
[2025-05-20T06:37:47.648+0000] {processor.py:840} INFO - DAG(s) 'monitor_T3' retrieved from /opt/airflow/dags/monitor_T3.py
[2025-05-20T06:37:47.670+0000] {logging_mixin.py:188} INFO - [2025-05-20T06:37:47.670+0000] {dag.py:3096} INFO - Sync 1 DAGs
[2025-05-20T06:37:47.695+0000] {logging_mixin.py:188} INFO - [2025-05-20T06:37:47.695+0000] {dag.py:3954} INFO - Setting next_dagrun for monitor_T3 to 2025-05-20 06:00:00+00:00, run_after=2025-05-20 07:00:00+00:00
[2025-05-20T06:37:47.718+0000] {processor.py:183} INFO - Processing /opt/airflow/dags/monitor_T3.py took 0.098 seconds
