[2025-05-20T05:35:21.811+0000] {processor.py:161} INFO - Started process (PID=164) to work on /opt/airflow/dags/monitor_PWU.py
[2025-05-20T05:35:21.812+0000] {processor.py:830} INFO - Processing file /opt/airflow/dags/monitor_PWU.py for tasks to queue
[2025-05-20T05:35:21.814+0000] {logging_mixin.py:188} INFO - [2025-05-20T05:35:21.814+0000] {dagbag.py:540} INFO - Filling up the DagBag from /opt/airflow/dags/monitor_PWU.py
[2025-05-20T05:35:21.851+0000] {processor.py:840} INFO - DAG(s) 'monitor_PWU' retrieved from /opt/airflow/dags/monitor_PWU.py
[2025-05-20T05:35:22.076+0000] {logging_mixin.py:188} INFO - [2025-05-20T05:35:22.076+0000] {dag.py:3096} INFO - Sync 1 DAGs
[2025-05-20T05:35:22.109+0000] {logging_mixin.py:188} INFO - [2025-05-20T05:35:22.109+0000] {dag.py:3954} INFO - Setting next_dagrun for monitor_PWU to 2025-05-20 04:00:00+00:00, run_after=2025-05-20 05:00:00+00:00
[2025-05-20T05:35:22.137+0000] {processor.py:183} INFO - Processing /opt/airflow/dags/monitor_PWU.py took 0.334 seconds
[2025-05-20T05:35:52.929+0000] {processor.py:161} INFO - Started process (PID=243) to work on /opt/airflow/dags/monitor_PWU.py
[2025-05-20T05:35:52.936+0000] {processor.py:830} INFO - Processing file /opt/airflow/dags/monitor_PWU.py for tasks to queue
[2025-05-20T05:35:52.949+0000] {logging_mixin.py:188} INFO - [2025-05-20T05:35:52.948+0000] {dagbag.py:540} INFO - Filling up the DagBag from /opt/airflow/dags/monitor_PWU.py
[2025-05-20T05:35:53.001+0000] {processor.py:840} INFO - DAG(s) 'monitor_PWU' retrieved from /opt/airflow/dags/monitor_PWU.py
[2025-05-20T05:35:53.058+0000] {logging_mixin.py:188} INFO - [2025-05-20T05:35:53.058+0000] {dag.py:3096} INFO - Sync 1 DAGs
[2025-05-20T05:35:53.127+0000] {logging_mixin.py:188} INFO - [2025-05-20T05:35:53.126+0000] {dag.py:3954} INFO - Setting next_dagrun for monitor_PWU to 2025-05-20 05:00:00+00:00, run_after=2025-05-20 06:00:00+00:00
[2025-05-20T05:35:53.203+0000] {processor.py:183} INFO - Processing /opt/airflow/dags/monitor_PWU.py took 0.317 seconds
[2025-05-20T05:36:23.859+0000] {processor.py:161} INFO - Started process (PID=265) to work on /opt/airflow/dags/monitor_PWU.py
[2025-05-20T05:36:23.860+0000] {processor.py:830} INFO - Processing file /opt/airflow/dags/monitor_PWU.py for tasks to queue
[2025-05-20T05:36:23.864+0000] {logging_mixin.py:188} INFO - [2025-05-20T05:36:23.863+0000] {dagbag.py:540} INFO - Filling up the DagBag from /opt/airflow/dags/monitor_PWU.py
[2025-05-20T05:36:23.918+0000] {processor.py:840} INFO - DAG(s) 'monitor_PWU' retrieved from /opt/airflow/dags/monitor_PWU.py
[2025-05-20T05:36:23.959+0000] {logging_mixin.py:188} INFO - [2025-05-20T05:36:23.959+0000] {dag.py:3096} INFO - Sync 1 DAGs
[2025-05-20T05:36:23.997+0000] {logging_mixin.py:188} INFO - [2025-05-20T05:36:23.997+0000] {dag.py:3954} INFO - Setting next_dagrun for monitor_PWU to 2025-05-20 05:00:00+00:00, run_after=2025-05-20 06:00:00+00:00
[2025-05-20T05:36:24.022+0000] {processor.py:183} INFO - Processing /opt/airflow/dags/monitor_PWU.py took 0.181 seconds
[2025-05-20T05:36:54.421+0000] {processor.py:161} INFO - Started process (PID=287) to work on /opt/airflow/dags/monitor_PWU.py
[2025-05-20T05:36:54.422+0000] {processor.py:830} INFO - Processing file /opt/airflow/dags/monitor_PWU.py for tasks to queue
[2025-05-20T05:36:54.425+0000] {logging_mixin.py:188} INFO - [2025-05-20T05:36:54.424+0000] {dagbag.py:540} INFO - Filling up the DagBag from /opt/airflow/dags/monitor_PWU.py
[2025-05-20T05:36:54.451+0000] {processor.py:840} INFO - DAG(s) 'monitor_PWU' retrieved from /opt/airflow/dags/monitor_PWU.py
[2025-05-20T05:36:54.477+0000] {logging_mixin.py:188} INFO - [2025-05-20T05:36:54.477+0000] {dag.py:3096} INFO - Sync 1 DAGs
[2025-05-20T05:36:54.520+0000] {logging_mixin.py:188} INFO - [2025-05-20T05:36:54.519+0000] {dag.py:3954} INFO - Setting next_dagrun for monitor_PWU to 2025-05-20 05:00:00+00:00, run_after=2025-05-20 06:00:00+00:00
[2025-05-20T05:36:54.560+0000] {processor.py:183} INFO - Processing /opt/airflow/dags/monitor_PWU.py took 0.147 seconds
[2025-05-20T05:37:25.077+0000] {processor.py:161} INFO - Started process (PID=309) to work on /opt/airflow/dags/monitor_PWU.py
[2025-05-20T05:37:25.078+0000] {processor.py:830} INFO - Processing file /opt/airflow/dags/monitor_PWU.py for tasks to queue
[2025-05-20T05:37:25.080+0000] {logging_mixin.py:188} INFO - [2025-05-20T05:37:25.079+0000] {dagbag.py:540} INFO - Filling up the DagBag from /opt/airflow/dags/monitor_PWU.py
[2025-05-20T05:37:25.103+0000] {processor.py:840} INFO - DAG(s) 'monitor_PWU' retrieved from /opt/airflow/dags/monitor_PWU.py
[2025-05-20T05:37:25.133+0000] {logging_mixin.py:188} INFO - [2025-05-20T05:37:25.133+0000] {dag.py:3096} INFO - Sync 1 DAGs
[2025-05-20T05:37:25.161+0000] {logging_mixin.py:188} INFO - [2025-05-20T05:37:25.161+0000] {dag.py:3954} INFO - Setting next_dagrun for monitor_PWU to 2025-05-20 05:00:00+00:00, run_after=2025-05-20 06:00:00+00:00
[2025-05-20T05:37:25.182+0000] {processor.py:183} INFO - Processing /opt/airflow/dags/monitor_PWU.py took 0.116 seconds
[2025-05-20T05:37:55.503+0000] {processor.py:161} INFO - Started process (PID=329) to work on /opt/airflow/dags/monitor_PWU.py
[2025-05-20T05:37:55.504+0000] {processor.py:830} INFO - Processing file /opt/airflow/dags/monitor_PWU.py for tasks to queue
[2025-05-20T05:37:55.506+0000] {logging_mixin.py:188} INFO - [2025-05-20T05:37:55.506+0000] {dagbag.py:540} INFO - Filling up the DagBag from /opt/airflow/dags/monitor_PWU.py
[2025-05-20T05:37:55.528+0000] {processor.py:840} INFO - DAG(s) 'monitor_PWU' retrieved from /opt/airflow/dags/monitor_PWU.py
[2025-05-20T05:37:55.551+0000] {logging_mixin.py:188} INFO - [2025-05-20T05:37:55.551+0000] {dag.py:3096} INFO - Sync 1 DAGs
[2025-05-20T05:37:55.577+0000] {logging_mixin.py:188} INFO - [2025-05-20T05:37:55.576+0000] {dag.py:3954} INFO - Setting next_dagrun for monitor_PWU to 2025-05-20 05:00:00+00:00, run_after=2025-05-20 06:00:00+00:00
[2025-05-20T05:37:55.599+0000] {processor.py:183} INFO - Processing /opt/airflow/dags/monitor_PWU.py took 0.102 seconds
[2025-05-20T05:38:26.178+0000] {processor.py:161} INFO - Started process (PID=349) to work on /opt/airflow/dags/monitor_PWU.py
[2025-05-20T05:38:26.179+0000] {processor.py:830} INFO - Processing file /opt/airflow/dags/monitor_PWU.py for tasks to queue
[2025-05-20T05:38:26.181+0000] {logging_mixin.py:188} INFO - [2025-05-20T05:38:26.181+0000] {dagbag.py:540} INFO - Filling up the DagBag from /opt/airflow/dags/monitor_PWU.py
[2025-05-20T05:38:26.215+0000] {processor.py:840} INFO - DAG(s) 'monitor_PWU' retrieved from /opt/airflow/dags/monitor_PWU.py
[2025-05-20T05:38:26.236+0000] {logging_mixin.py:188} INFO - [2025-05-20T05:38:26.235+0000] {dag.py:3096} INFO - Sync 1 DAGs
[2025-05-20T05:38:26.258+0000] {logging_mixin.py:188} INFO - [2025-05-20T05:38:26.258+0000] {dag.py:3954} INFO - Setting next_dagrun for monitor_PWU to 2025-05-20 05:00:00+00:00, run_after=2025-05-20 06:00:00+00:00
[2025-05-20T05:38:26.279+0000] {processor.py:183} INFO - Processing /opt/airflow/dags/monitor_PWU.py took 0.109 seconds
[2025-05-20T05:38:56.796+0000] {processor.py:161} INFO - Started process (PID=369) to work on /opt/airflow/dags/monitor_PWU.py
[2025-05-20T05:38:56.797+0000] {processor.py:830} INFO - Processing file /opt/airflow/dags/monitor_PWU.py for tasks to queue
[2025-05-20T05:38:56.798+0000] {logging_mixin.py:188} INFO - [2025-05-20T05:38:56.798+0000] {dagbag.py:540} INFO - Filling up the DagBag from /opt/airflow/dags/monitor_PWU.py
[2025-05-20T05:38:56.821+0000] {processor.py:840} INFO - DAG(s) 'monitor_PWU' retrieved from /opt/airflow/dags/monitor_PWU.py
[2025-05-20T05:38:56.845+0000] {logging_mixin.py:188} INFO - [2025-05-20T05:38:56.844+0000] {dag.py:3096} INFO - Sync 1 DAGs
[2025-05-20T05:38:56.871+0000] {logging_mixin.py:188} INFO - [2025-05-20T05:38:56.870+0000] {dag.py:3954} INFO - Setting next_dagrun for monitor_PWU to 2025-05-20 05:00:00+00:00, run_after=2025-05-20 06:00:00+00:00
[2025-05-20T05:38:56.892+0000] {processor.py:183} INFO - Processing /opt/airflow/dags/monitor_PWU.py took 0.102 seconds
[2025-05-20T05:39:27.456+0000] {processor.py:161} INFO - Started process (PID=389) to work on /opt/airflow/dags/monitor_PWU.py
[2025-05-20T05:39:27.457+0000] {processor.py:830} INFO - Processing file /opt/airflow/dags/monitor_PWU.py for tasks to queue
[2025-05-20T05:39:27.460+0000] {logging_mixin.py:188} INFO - [2025-05-20T05:39:27.459+0000] {dagbag.py:540} INFO - Filling up the DagBag from /opt/airflow/dags/monitor_PWU.py
[2025-05-20T05:39:27.482+0000] {processor.py:840} INFO - DAG(s) 'monitor_PWU' retrieved from /opt/airflow/dags/monitor_PWU.py
[2025-05-20T05:39:27.509+0000] {logging_mixin.py:188} INFO - [2025-05-20T05:39:27.508+0000] {dag.py:3096} INFO - Sync 1 DAGs
[2025-05-20T05:39:27.537+0000] {logging_mixin.py:188} INFO - [2025-05-20T05:39:27.537+0000] {dag.py:3954} INFO - Setting next_dagrun for monitor_PWU to 2025-05-20 05:00:00+00:00, run_after=2025-05-20 06:00:00+00:00
[2025-05-20T05:39:27.562+0000] {processor.py:183} INFO - Processing /opt/airflow/dags/monitor_PWU.py took 0.112 seconds
[2025-05-20T05:39:57.968+0000] {processor.py:161} INFO - Started process (PID=409) to work on /opt/airflow/dags/monitor_PWU.py
[2025-05-20T05:39:57.972+0000] {processor.py:830} INFO - Processing file /opt/airflow/dags/monitor_PWU.py for tasks to queue
[2025-05-20T05:39:57.987+0000] {logging_mixin.py:188} INFO - [2025-05-20T05:39:57.986+0000] {dagbag.py:540} INFO - Filling up the DagBag from /opt/airflow/dags/monitor_PWU.py
[2025-05-20T05:39:58.020+0000] {processor.py:840} INFO - DAG(s) 'monitor_PWU' retrieved from /opt/airflow/dags/monitor_PWU.py
[2025-05-20T05:39:58.054+0000] {logging_mixin.py:188} INFO - [2025-05-20T05:39:58.054+0000] {dag.py:3096} INFO - Sync 1 DAGs
[2025-05-20T05:39:58.098+0000] {logging_mixin.py:188} INFO - [2025-05-20T05:39:58.098+0000] {dag.py:3954} INFO - Setting next_dagrun for monitor_PWU to 2025-05-20 05:00:00+00:00, run_after=2025-05-20 06:00:00+00:00
[2025-05-20T05:39:58.140+0000] {processor.py:183} INFO - Processing /opt/airflow/dags/monitor_PWU.py took 0.185 seconds
[2025-05-20T05:40:29.066+0000] {processor.py:161} INFO - Started process (PID=429) to work on /opt/airflow/dags/monitor_PWU.py
[2025-05-20T05:40:29.068+0000] {processor.py:830} INFO - Processing file /opt/airflow/dags/monitor_PWU.py for tasks to queue
[2025-05-20T05:40:29.070+0000] {logging_mixin.py:188} INFO - [2025-05-20T05:40:29.070+0000] {dagbag.py:540} INFO - Filling up the DagBag from /opt/airflow/dags/monitor_PWU.py
[2025-05-20T05:40:29.103+0000] {processor.py:840} INFO - DAG(s) 'monitor_PWU' retrieved from /opt/airflow/dags/monitor_PWU.py
[2025-05-20T05:40:29.134+0000] {logging_mixin.py:188} INFO - [2025-05-20T05:40:29.134+0000] {dag.py:3096} INFO - Sync 1 DAGs
[2025-05-20T05:40:29.180+0000] {logging_mixin.py:188} INFO - [2025-05-20T05:40:29.180+0000] {dag.py:3954} INFO - Setting next_dagrun for monitor_PWU to 2025-05-20 05:00:00+00:00, run_after=2025-05-20 06:00:00+00:00
[2025-05-20T05:40:29.217+0000] {processor.py:183} INFO - Processing /opt/airflow/dags/monitor_PWU.py took 0.159 seconds
[2025-05-20T05:40:59.537+0000] {processor.py:161} INFO - Started process (PID=449) to work on /opt/airflow/dags/monitor_PWU.py
[2025-05-20T05:40:59.539+0000] {processor.py:830} INFO - Processing file /opt/airflow/dags/monitor_PWU.py for tasks to queue
[2025-05-20T05:40:59.543+0000] {logging_mixin.py:188} INFO - [2025-05-20T05:40:59.542+0000] {dagbag.py:540} INFO - Filling up the DagBag from /opt/airflow/dags/monitor_PWU.py
[2025-05-20T05:40:59.573+0000] {processor.py:840} INFO - DAG(s) 'monitor_PWU' retrieved from /opt/airflow/dags/monitor_PWU.py
[2025-05-20T05:40:59.604+0000] {logging_mixin.py:188} INFO - [2025-05-20T05:40:59.603+0000] {dag.py:3096} INFO - Sync 1 DAGs
[2025-05-20T05:40:59.639+0000] {logging_mixin.py:188} INFO - [2025-05-20T05:40:59.639+0000] {dag.py:3954} INFO - Setting next_dagrun for monitor_PWU to 2025-05-20 05:00:00+00:00, run_after=2025-05-20 06:00:00+00:00
[2025-05-20T05:40:59.675+0000] {processor.py:183} INFO - Processing /opt/airflow/dags/monitor_PWU.py took 0.147 seconds
[2025-05-20T05:41:30.092+0000] {processor.py:161} INFO - Started process (PID=469) to work on /opt/airflow/dags/monitor_PWU.py
[2025-05-20T05:41:30.094+0000] {processor.py:830} INFO - Processing file /opt/airflow/dags/monitor_PWU.py for tasks to queue
[2025-05-20T05:41:30.105+0000] {logging_mixin.py:188} INFO - [2025-05-20T05:41:30.104+0000] {dagbag.py:540} INFO - Filling up the DagBag from /opt/airflow/dags/monitor_PWU.py
[2025-05-20T05:41:30.208+0000] {processor.py:840} INFO - DAG(s) 'monitor_PWU' retrieved from /opt/airflow/dags/monitor_PWU.py
[2025-05-20T05:41:30.305+0000] {logging_mixin.py:188} INFO - [2025-05-20T05:41:30.304+0000] {dag.py:3096} INFO - Sync 1 DAGs
[2025-05-20T05:41:30.352+0000] {logging_mixin.py:188} INFO - [2025-05-20T05:41:30.352+0000] {dag.py:3954} INFO - Setting next_dagrun for monitor_PWU to 2025-05-20 05:00:00+00:00, run_after=2025-05-20 06:00:00+00:00
[2025-05-20T05:41:30.393+0000] {processor.py:183} INFO - Processing /opt/airflow/dags/monitor_PWU.py took 0.310 seconds
[2025-05-20T05:42:01.153+0000] {processor.py:161} INFO - Started process (PID=489) to work on /opt/airflow/dags/monitor_PWU.py
[2025-05-20T05:42:01.154+0000] {processor.py:830} INFO - Processing file /opt/airflow/dags/monitor_PWU.py for tasks to queue
[2025-05-20T05:42:01.157+0000] {logging_mixin.py:188} INFO - [2025-05-20T05:42:01.156+0000] {dagbag.py:540} INFO - Filling up the DagBag from /opt/airflow/dags/monitor_PWU.py
[2025-05-20T05:42:01.192+0000] {processor.py:840} INFO - DAG(s) 'monitor_PWU' retrieved from /opt/airflow/dags/monitor_PWU.py
[2025-05-20T05:42:01.229+0000] {logging_mixin.py:188} INFO - [2025-05-20T05:42:01.229+0000] {dag.py:3096} INFO - Sync 1 DAGs
[2025-05-20T05:42:01.264+0000] {logging_mixin.py:188} INFO - [2025-05-20T05:42:01.264+0000] {dag.py:3954} INFO - Setting next_dagrun for monitor_PWU to 2025-05-20 05:00:00+00:00, run_after=2025-05-20 06:00:00+00:00
[2025-05-20T05:42:01.295+0000] {processor.py:183} INFO - Processing /opt/airflow/dags/monitor_PWU.py took 0.150 seconds
[2025-05-20T05:42:31.805+0000] {processor.py:161} INFO - Started process (PID=509) to work on /opt/airflow/dags/monitor_PWU.py
[2025-05-20T05:42:31.807+0000] {processor.py:830} INFO - Processing file /opt/airflow/dags/monitor_PWU.py for tasks to queue
[2025-05-20T05:42:31.810+0000] {logging_mixin.py:188} INFO - [2025-05-20T05:42:31.809+0000] {dagbag.py:540} INFO - Filling up the DagBag from /opt/airflow/dags/monitor_PWU.py
[2025-05-20T05:42:31.838+0000] {processor.py:840} INFO - DAG(s) 'monitor_PWU' retrieved from /opt/airflow/dags/monitor_PWU.py
[2025-05-20T05:42:31.868+0000] {logging_mixin.py:188} INFO - [2025-05-20T05:42:31.868+0000] {dag.py:3096} INFO - Sync 1 DAGs
[2025-05-20T05:42:31.912+0000] {logging_mixin.py:188} INFO - [2025-05-20T05:42:31.912+0000] {dag.py:3954} INFO - Setting next_dagrun for monitor_PWU to 2025-05-20 05:00:00+00:00, run_after=2025-05-20 06:00:00+00:00
[2025-05-20T05:42:32.424+0000] {processor.py:183} INFO - Processing /opt/airflow/dags/monitor_PWU.py took 0.635 seconds
[2025-05-20T05:43:02.673+0000] {processor.py:161} INFO - Started process (PID=529) to work on /opt/airflow/dags/monitor_PWU.py
[2025-05-20T05:43:02.674+0000] {processor.py:830} INFO - Processing file /opt/airflow/dags/monitor_PWU.py for tasks to queue
[2025-05-20T05:43:02.677+0000] {logging_mixin.py:188} INFO - [2025-05-20T05:43:02.677+0000] {dagbag.py:540} INFO - Filling up the DagBag from /opt/airflow/dags/monitor_PWU.py
[2025-05-20T05:43:02.707+0000] {processor.py:840} INFO - DAG(s) 'monitor_PWU' retrieved from /opt/airflow/dags/monitor_PWU.py
[2025-05-20T05:43:02.736+0000] {logging_mixin.py:188} INFO - [2025-05-20T05:43:02.736+0000] {dag.py:3096} INFO - Sync 1 DAGs
[2025-05-20T05:43:02.769+0000] {logging_mixin.py:188} INFO - [2025-05-20T05:43:02.769+0000] {dag.py:3954} INFO - Setting next_dagrun for monitor_PWU to 2025-05-20 05:00:00+00:00, run_after=2025-05-20 06:00:00+00:00
[2025-05-20T05:43:02.803+0000] {processor.py:183} INFO - Processing /opt/airflow/dags/monitor_PWU.py took 0.139 seconds
[2025-05-20T05:43:33.566+0000] {processor.py:161} INFO - Started process (PID=549) to work on /opt/airflow/dags/monitor_PWU.py
[2025-05-20T05:43:33.581+0000] {processor.py:830} INFO - Processing file /opt/airflow/dags/monitor_PWU.py for tasks to queue
[2025-05-20T05:43:33.585+0000] {logging_mixin.py:188} INFO - [2025-05-20T05:43:33.584+0000] {dagbag.py:540} INFO - Filling up the DagBag from /opt/airflow/dags/monitor_PWU.py
[2025-05-20T05:43:33.660+0000] {processor.py:840} INFO - DAG(s) 'monitor_PWU' retrieved from /opt/airflow/dags/monitor_PWU.py
[2025-05-20T05:43:33.724+0000] {logging_mixin.py:188} INFO - [2025-05-20T05:43:33.724+0000] {dag.py:3096} INFO - Sync 1 DAGs
[2025-05-20T05:43:33.774+0000] {logging_mixin.py:188} INFO - [2025-05-20T05:43:33.773+0000] {dag.py:3954} INFO - Setting next_dagrun for monitor_PWU to 2025-05-20 05:00:00+00:00, run_after=2025-05-20 06:00:00+00:00
[2025-05-20T05:43:33.807+0000] {processor.py:183} INFO - Processing /opt/airflow/dags/monitor_PWU.py took 0.374 seconds
[2025-05-20T05:44:04.686+0000] {processor.py:161} INFO - Started process (PID=569) to work on /opt/airflow/dags/monitor_PWU.py
[2025-05-20T05:44:04.688+0000] {processor.py:830} INFO - Processing file /opt/airflow/dags/monitor_PWU.py for tasks to queue
[2025-05-20T05:44:04.693+0000] {logging_mixin.py:188} INFO - [2025-05-20T05:44:04.692+0000] {dagbag.py:540} INFO - Filling up the DagBag from /opt/airflow/dags/monitor_PWU.py
[2025-05-20T05:44:04.744+0000] {processor.py:840} INFO - DAG(s) 'monitor_PWU' retrieved from /opt/airflow/dags/monitor_PWU.py
[2025-05-20T05:44:04.805+0000] {logging_mixin.py:188} INFO - [2025-05-20T05:44:04.805+0000] {dag.py:3096} INFO - Sync 1 DAGs
[2025-05-20T05:44:04.852+0000] {logging_mixin.py:188} INFO - [2025-05-20T05:44:04.851+0000] {dag.py:3954} INFO - Setting next_dagrun for monitor_PWU to 2025-05-20 05:00:00+00:00, run_after=2025-05-20 06:00:00+00:00
[2025-05-20T05:44:04.884+0000] {processor.py:183} INFO - Processing /opt/airflow/dags/monitor_PWU.py took 0.218 seconds
[2025-05-20T05:44:37.201+0000] {processor.py:161} INFO - Started process (PID=589) to work on /opt/airflow/dags/monitor_PWU.py
[2025-05-20T05:44:37.202+0000] {processor.py:830} INFO - Processing file /opt/airflow/dags/monitor_PWU.py for tasks to queue
[2025-05-20T05:44:37.205+0000] {logging_mixin.py:188} INFO - [2025-05-20T05:44:37.204+0000] {dagbag.py:540} INFO - Filling up the DagBag from /opt/airflow/dags/monitor_PWU.py
[2025-05-20T05:44:39.039+0000] {processor.py:840} INFO - DAG(s) 'monitor_PWU' retrieved from /opt/airflow/dags/monitor_PWU.py
[2025-05-20T05:44:39.082+0000] {logging_mixin.py:188} INFO - [2025-05-20T05:44:39.082+0000] {dag.py:3096} INFO - Sync 1 DAGs
[2025-05-20T05:44:39.112+0000] {logging_mixin.py:188} INFO - [2025-05-20T05:44:39.112+0000] {dag.py:3954} INFO - Setting next_dagrun for monitor_PWU to 2025-05-20 05:00:00+00:00, run_after=2025-05-20 06:00:00+00:00
[2025-05-20T05:44:39.136+0000] {processor.py:183} INFO - Processing /opt/airflow/dags/monitor_PWU.py took 3.528 seconds
[2025-05-20T05:45:09.555+0000] {processor.py:161} INFO - Started process (PID=609) to work on /opt/airflow/dags/monitor_PWU.py
[2025-05-20T05:45:09.557+0000] {processor.py:830} INFO - Processing file /opt/airflow/dags/monitor_PWU.py for tasks to queue
[2025-05-20T05:45:09.560+0000] {logging_mixin.py:188} INFO - [2025-05-20T05:45:09.559+0000] {dagbag.py:540} INFO - Filling up the DagBag from /opt/airflow/dags/monitor_PWU.py
[2025-05-20T05:45:09.586+0000] {processor.py:840} INFO - DAG(s) 'monitor_PWU' retrieved from /opt/airflow/dags/monitor_PWU.py
[2025-05-20T05:45:09.619+0000] {logging_mixin.py:188} INFO - [2025-05-20T05:45:09.618+0000] {dag.py:3096} INFO - Sync 1 DAGs
[2025-05-20T05:45:09.657+0000] {logging_mixin.py:188} INFO - [2025-05-20T05:45:09.657+0000] {dag.py:3954} INFO - Setting next_dagrun for monitor_PWU to 2025-05-20 05:00:00+00:00, run_after=2025-05-20 06:00:00+00:00
[2025-05-20T05:45:09.694+0000] {processor.py:183} INFO - Processing /opt/airflow/dags/monitor_PWU.py took 0.154 seconds
[2025-05-20T05:45:40.094+0000] {processor.py:161} INFO - Started process (PID=629) to work on /opt/airflow/dags/monitor_PWU.py
[2025-05-20T05:45:40.095+0000] {processor.py:830} INFO - Processing file /opt/airflow/dags/monitor_PWU.py for tasks to queue
[2025-05-20T05:45:40.098+0000] {logging_mixin.py:188} INFO - [2025-05-20T05:45:40.098+0000] {dagbag.py:540} INFO - Filling up the DagBag from /opt/airflow/dags/monitor_PWU.py
[2025-05-20T05:45:40.129+0000] {processor.py:840} INFO - DAG(s) 'monitor_PWU' retrieved from /opt/airflow/dags/monitor_PWU.py
[2025-05-20T05:45:40.160+0000] {logging_mixin.py:188} INFO - [2025-05-20T05:45:40.160+0000] {dag.py:3096} INFO - Sync 1 DAGs
[2025-05-20T05:45:40.205+0000] {logging_mixin.py:188} INFO - [2025-05-20T05:45:40.205+0000] {dag.py:3954} INFO - Setting next_dagrun for monitor_PWU to 2025-05-20 05:00:00+00:00, run_after=2025-05-20 06:00:00+00:00
[2025-05-20T05:45:40.238+0000] {processor.py:183} INFO - Processing /opt/airflow/dags/monitor_PWU.py took 0.151 seconds
[2025-05-20T05:46:10.779+0000] {processor.py:161} INFO - Started process (PID=649) to work on /opt/airflow/dags/monitor_PWU.py
[2025-05-20T05:46:10.780+0000] {processor.py:830} INFO - Processing file /opt/airflow/dags/monitor_PWU.py for tasks to queue
[2025-05-20T05:46:10.782+0000] {logging_mixin.py:188} INFO - [2025-05-20T05:46:10.782+0000] {dagbag.py:540} INFO - Filling up the DagBag from /opt/airflow/dags/monitor_PWU.py
[2025-05-20T05:46:10.807+0000] {processor.py:840} INFO - DAG(s) 'monitor_PWU' retrieved from /opt/airflow/dags/monitor_PWU.py
[2025-05-20T05:46:10.830+0000] {logging_mixin.py:188} INFO - [2025-05-20T05:46:10.830+0000] {dag.py:3096} INFO - Sync 1 DAGs
[2025-05-20T05:46:10.855+0000] {logging_mixin.py:188} INFO - [2025-05-20T05:46:10.854+0000] {dag.py:3954} INFO - Setting next_dagrun for monitor_PWU to 2025-05-20 05:00:00+00:00, run_after=2025-05-20 06:00:00+00:00
[2025-05-20T05:46:10.876+0000] {processor.py:183} INFO - Processing /opt/airflow/dags/monitor_PWU.py took 0.103 seconds
[2025-05-20T05:46:43.947+0000] {processor.py:161} INFO - Started process (PID=669) to work on /opt/airflow/dags/monitor_PWU.py
[2025-05-20T05:46:43.949+0000] {processor.py:830} INFO - Processing file /opt/airflow/dags/monitor_PWU.py for tasks to queue
[2025-05-20T05:46:44.172+0000] {logging_mixin.py:188} INFO - [2025-05-20T05:46:43.950+0000] {dagbag.py:540} INFO - Filling up the DagBag from /opt/airflow/dags/monitor_PWU.py
[2025-05-20T05:46:44.290+0000] {processor.py:840} INFO - DAG(s) 'monitor_PWU' retrieved from /opt/airflow/dags/monitor_PWU.py
[2025-05-20T05:46:44.324+0000] {logging_mixin.py:188} INFO - [2025-05-20T05:46:44.324+0000] {dag.py:3096} INFO - Sync 1 DAGs
[2025-05-20T05:46:44.374+0000] {logging_mixin.py:188} INFO - [2025-05-20T05:46:44.374+0000] {dag.py:3954} INFO - Setting next_dagrun for monitor_PWU to 2025-05-20 05:00:00+00:00, run_after=2025-05-20 06:00:00+00:00
[2025-05-20T05:46:44.402+0000] {processor.py:183} INFO - Processing /opt/airflow/dags/monitor_PWU.py took 2.044 seconds
[2025-05-20T05:47:14.927+0000] {processor.py:161} INFO - Started process (PID=689) to work on /opt/airflow/dags/monitor_PWU.py
[2025-05-20T05:47:14.929+0000] {processor.py:830} INFO - Processing file /opt/airflow/dags/monitor_PWU.py for tasks to queue
[2025-05-20T05:47:15.408+0000] {logging_mixin.py:188} INFO - [2025-05-20T05:47:14.932+0000] {dagbag.py:540} INFO - Filling up the DagBag from /opt/airflow/dags/monitor_PWU.py
[2025-05-20T05:47:16.350+0000] {processor.py:840} INFO - DAG(s) 'monitor_PWU' retrieved from /opt/airflow/dags/monitor_PWU.py
[2025-05-20T05:47:16.393+0000] {logging_mixin.py:188} INFO - [2025-05-20T05:47:16.393+0000] {dag.py:3096} INFO - Sync 1 DAGs
[2025-05-20T05:47:16.471+0000] {logging_mixin.py:188} INFO - [2025-05-20T05:47:16.470+0000] {dag.py:3954} INFO - Setting next_dagrun for monitor_PWU to 2025-05-20 05:00:00+00:00, run_after=2025-05-20 06:00:00+00:00
[2025-05-20T05:47:16.495+0000] {processor.py:183} INFO - Processing /opt/airflow/dags/monitor_PWU.py took 1.582 seconds
[2025-05-20T05:47:48.124+0000] {processor.py:161} INFO - Started process (PID=712) to work on /opt/airflow/dags/monitor_PWU.py
[2025-05-20T05:47:48.125+0000] {processor.py:830} INFO - Processing file /opt/airflow/dags/monitor_PWU.py for tasks to queue
[2025-05-20T05:47:48.218+0000] {logging_mixin.py:188} INFO - [2025-05-20T05:47:48.210+0000] {dagbag.py:540} INFO - Filling up the DagBag from /opt/airflow/dags/monitor_PWU.py
[2025-05-20T05:47:48.617+0000] {processor.py:840} INFO - DAG(s) 'monitor_PWU' retrieved from /opt/airflow/dags/monitor_PWU.py
[2025-05-20T05:47:49.114+0000] {logging_mixin.py:188} INFO - [2025-05-20T05:47:49.113+0000] {dag.py:3096} INFO - Sync 1 DAGs
[2025-05-20T05:47:49.391+0000] {logging_mixin.py:188} INFO - [2025-05-20T05:47:49.391+0000] {dag.py:3954} INFO - Setting next_dagrun for monitor_PWU to 2025-05-20 05:00:00+00:00, run_after=2025-05-20 06:00:00+00:00
[2025-05-20T05:47:49.435+0000] {processor.py:183} INFO - Processing /opt/airflow/dags/monitor_PWU.py took 1.427 seconds
[2025-05-20T05:48:19.817+0000] {processor.py:161} INFO - Started process (PID=729) to work on /opt/airflow/dags/monitor_PWU.py
[2025-05-20T05:48:19.818+0000] {processor.py:830} INFO - Processing file /opt/airflow/dags/monitor_PWU.py for tasks to queue
[2025-05-20T05:48:19.820+0000] {logging_mixin.py:188} INFO - [2025-05-20T05:48:19.819+0000] {dagbag.py:540} INFO - Filling up the DagBag from /opt/airflow/dags/monitor_PWU.py
[2025-05-20T05:48:19.847+0000] {processor.py:840} INFO - DAG(s) 'monitor_PWU' retrieved from /opt/airflow/dags/monitor_PWU.py
[2025-05-20T05:48:19.871+0000] {logging_mixin.py:188} INFO - [2025-05-20T05:48:19.870+0000] {dag.py:3096} INFO - Sync 1 DAGs
[2025-05-20T05:48:19.900+0000] {logging_mixin.py:188} INFO - [2025-05-20T05:48:19.899+0000] {dag.py:3954} INFO - Setting next_dagrun for monitor_PWU to 2025-05-20 05:00:00+00:00, run_after=2025-05-20 06:00:00+00:00
[2025-05-20T05:48:19.921+0000] {processor.py:183} INFO - Processing /opt/airflow/dags/monitor_PWU.py took 0.111 seconds
[2025-05-20T05:48:50.472+0000] {processor.py:161} INFO - Started process (PID=749) to work on /opt/airflow/dags/monitor_PWU.py
[2025-05-20T05:48:50.473+0000] {processor.py:830} INFO - Processing file /opt/airflow/dags/monitor_PWU.py for tasks to queue
[2025-05-20T05:48:50.475+0000] {logging_mixin.py:188} INFO - [2025-05-20T05:48:50.475+0000] {dagbag.py:540} INFO - Filling up the DagBag from /opt/airflow/dags/monitor_PWU.py
[2025-05-20T05:48:50.514+0000] {processor.py:840} INFO - DAG(s) 'monitor_PWU' retrieved from /opt/airflow/dags/monitor_PWU.py
[2025-05-20T05:48:50.560+0000] {logging_mixin.py:188} INFO - [2025-05-20T05:48:50.560+0000] {dag.py:3096} INFO - Sync 1 DAGs
[2025-05-20T05:48:50.606+0000] {logging_mixin.py:188} INFO - [2025-05-20T05:48:50.605+0000] {dag.py:3954} INFO - Setting next_dagrun for monitor_PWU to 2025-05-20 05:00:00+00:00, run_after=2025-05-20 06:00:00+00:00
[2025-05-20T05:48:50.634+0000] {processor.py:183} INFO - Processing /opt/airflow/dags/monitor_PWU.py took 0.170 seconds
[2025-05-20T05:49:21.081+0000] {processor.py:161} INFO - Started process (PID=769) to work on /opt/airflow/dags/monitor_PWU.py
[2025-05-20T05:49:21.082+0000] {processor.py:830} INFO - Processing file /opt/airflow/dags/monitor_PWU.py for tasks to queue
[2025-05-20T05:49:21.084+0000] {logging_mixin.py:188} INFO - [2025-05-20T05:49:21.084+0000] {dagbag.py:540} INFO - Filling up the DagBag from /opt/airflow/dags/monitor_PWU.py
[2025-05-20T05:49:21.111+0000] {processor.py:840} INFO - DAG(s) 'monitor_PWU' retrieved from /opt/airflow/dags/monitor_PWU.py
[2025-05-20T05:49:21.133+0000] {logging_mixin.py:188} INFO - [2025-05-20T05:49:21.133+0000] {dag.py:3096} INFO - Sync 1 DAGs
[2025-05-20T05:49:21.158+0000] {logging_mixin.py:188} INFO - [2025-05-20T05:49:21.158+0000] {dag.py:3954} INFO - Setting next_dagrun for monitor_PWU to 2025-05-20 05:00:00+00:00, run_after=2025-05-20 06:00:00+00:00
[2025-05-20T05:49:21.181+0000] {processor.py:183} INFO - Processing /opt/airflow/dags/monitor_PWU.py took 0.106 seconds
[2025-05-20T05:49:51.640+0000] {processor.py:161} INFO - Started process (PID=789) to work on /opt/airflow/dags/monitor_PWU.py
[2025-05-20T05:49:51.641+0000] {processor.py:830} INFO - Processing file /opt/airflow/dags/monitor_PWU.py for tasks to queue
[2025-05-20T05:49:51.643+0000] {logging_mixin.py:188} INFO - [2025-05-20T05:49:51.643+0000] {dagbag.py:540} INFO - Filling up the DagBag from /opt/airflow/dags/monitor_PWU.py
[2025-05-20T05:49:51.667+0000] {processor.py:840} INFO - DAG(s) 'monitor_PWU' retrieved from /opt/airflow/dags/monitor_PWU.py
[2025-05-20T05:49:51.690+0000] {logging_mixin.py:188} INFO - [2025-05-20T05:49:51.690+0000] {dag.py:3096} INFO - Sync 1 DAGs
[2025-05-20T05:49:51.714+0000] {logging_mixin.py:188} INFO - [2025-05-20T05:49:51.714+0000] {dag.py:3954} INFO - Setting next_dagrun for monitor_PWU to 2025-05-20 05:00:00+00:00, run_after=2025-05-20 06:00:00+00:00
[2025-05-20T05:49:51.738+0000] {processor.py:183} INFO - Processing /opt/airflow/dags/monitor_PWU.py took 0.106 seconds
[2025-05-20T05:50:22.229+0000] {processor.py:161} INFO - Started process (PID=809) to work on /opt/airflow/dags/monitor_PWU.py
[2025-05-20T05:50:22.230+0000] {processor.py:830} INFO - Processing file /opt/airflow/dags/monitor_PWU.py for tasks to queue
[2025-05-20T05:50:22.232+0000] {logging_mixin.py:188} INFO - [2025-05-20T05:50:22.232+0000] {dagbag.py:540} INFO - Filling up the DagBag from /opt/airflow/dags/monitor_PWU.py
[2025-05-20T05:50:22.260+0000] {processor.py:840} INFO - DAG(s) 'monitor_PWU' retrieved from /opt/airflow/dags/monitor_PWU.py
[2025-05-20T05:50:22.288+0000] {logging_mixin.py:188} INFO - [2025-05-20T05:50:22.288+0000] {dag.py:3096} INFO - Sync 1 DAGs
[2025-05-20T05:50:22.323+0000] {logging_mixin.py:188} INFO - [2025-05-20T05:50:22.323+0000] {dag.py:3954} INFO - Setting next_dagrun for monitor_PWU to 2025-05-20 05:00:00+00:00, run_after=2025-05-20 06:00:00+00:00
[2025-05-20T05:50:22.351+0000] {processor.py:183} INFO - Processing /opt/airflow/dags/monitor_PWU.py took 0.129 seconds
[2025-05-20T05:50:52.759+0000] {processor.py:161} INFO - Started process (PID=829) to work on /opt/airflow/dags/monitor_PWU.py
[2025-05-20T05:50:52.760+0000] {processor.py:830} INFO - Processing file /opt/airflow/dags/monitor_PWU.py for tasks to queue
[2025-05-20T05:50:52.762+0000] {logging_mixin.py:188} INFO - [2025-05-20T05:50:52.761+0000] {dagbag.py:540} INFO - Filling up the DagBag from /opt/airflow/dags/monitor_PWU.py
[2025-05-20T05:50:52.785+0000] {processor.py:840} INFO - DAG(s) 'monitor_PWU' retrieved from /opt/airflow/dags/monitor_PWU.py
[2025-05-20T05:50:52.809+0000] {logging_mixin.py:188} INFO - [2025-05-20T05:50:52.808+0000] {dag.py:3096} INFO - Sync 1 DAGs
[2025-05-20T05:50:52.835+0000] {logging_mixin.py:188} INFO - [2025-05-20T05:50:52.835+0000] {dag.py:3954} INFO - Setting next_dagrun for monitor_PWU to 2025-05-20 05:00:00+00:00, run_after=2025-05-20 06:00:00+00:00
[2025-05-20T05:50:52.858+0000] {processor.py:183} INFO - Processing /opt/airflow/dags/monitor_PWU.py took 0.107 seconds
[2025-05-20T05:51:23.140+0000] {processor.py:161} INFO - Started process (PID=849) to work on /opt/airflow/dags/monitor_PWU.py
[2025-05-20T05:51:23.141+0000] {processor.py:830} INFO - Processing file /opt/airflow/dags/monitor_PWU.py for tasks to queue
[2025-05-20T05:51:23.145+0000] {logging_mixin.py:188} INFO - [2025-05-20T05:51:23.144+0000] {dagbag.py:540} INFO - Filling up the DagBag from /opt/airflow/dags/monitor_PWU.py
[2025-05-20T05:51:23.176+0000] {processor.py:840} INFO - DAG(s) 'monitor_PWU' retrieved from /opt/airflow/dags/monitor_PWU.py
[2025-05-20T05:51:23.215+0000] {logging_mixin.py:188} INFO - [2025-05-20T05:51:23.214+0000] {dag.py:3096} INFO - Sync 1 DAGs
[2025-05-20T05:51:23.250+0000] {logging_mixin.py:188} INFO - [2025-05-20T05:51:23.250+0000] {dag.py:3954} INFO - Setting next_dagrun for monitor_PWU to 2025-05-20 05:00:00+00:00, run_after=2025-05-20 06:00:00+00:00
[2025-05-20T05:51:23.281+0000] {processor.py:183} INFO - Processing /opt/airflow/dags/monitor_PWU.py took 0.152 seconds
[2025-05-20T05:51:53.752+0000] {processor.py:161} INFO - Started process (PID=869) to work on /opt/airflow/dags/monitor_PWU.py
[2025-05-20T05:51:53.753+0000] {processor.py:830} INFO - Processing file /opt/airflow/dags/monitor_PWU.py for tasks to queue
[2025-05-20T05:51:53.755+0000] {logging_mixin.py:188} INFO - [2025-05-20T05:51:53.755+0000] {dagbag.py:540} INFO - Filling up the DagBag from /opt/airflow/dags/monitor_PWU.py
[2025-05-20T05:51:53.778+0000] {processor.py:840} INFO - DAG(s) 'monitor_PWU' retrieved from /opt/airflow/dags/monitor_PWU.py
[2025-05-20T05:51:53.799+0000] {logging_mixin.py:188} INFO - [2025-05-20T05:51:53.799+0000] {dag.py:3096} INFO - Sync 1 DAGs
[2025-05-20T05:51:53.827+0000] {logging_mixin.py:188} INFO - [2025-05-20T05:51:53.827+0000] {dag.py:3954} INFO - Setting next_dagrun for monitor_PWU to 2025-05-20 05:00:00+00:00, run_after=2025-05-20 06:00:00+00:00
[2025-05-20T05:51:53.850+0000] {processor.py:183} INFO - Processing /opt/airflow/dags/monitor_PWU.py took 0.104 seconds
[2025-05-20T06:02:47.594+0000] {processor.py:161} INFO - Started process (PID=164) to work on /opt/airflow/dags/monitor_PWU.py
[2025-05-20T06:02:47.599+0000] {processor.py:830} INFO - Processing file /opt/airflow/dags/monitor_PWU.py for tasks to queue
[2025-05-20T06:02:47.603+0000] {logging_mixin.py:188} INFO - [2025-05-20T06:02:47.602+0000] {dagbag.py:540} INFO - Filling up the DagBag from /opt/airflow/dags/monitor_PWU.py
[2025-05-20T06:02:47.666+0000] {processor.py:840} INFO - DAG(s) 'monitor_PWU' retrieved from /opt/airflow/dags/monitor_PWU.py
[2025-05-20T06:02:48.042+0000] {logging_mixin.py:188} INFO - [2025-05-20T06:02:48.041+0000] {override.py:1829} INFO - Created Permission View: can read on DAG:monitor_PWU
[2025-05-20T06:02:48.057+0000] {logging_mixin.py:188} INFO - [2025-05-20T06:02:48.057+0000] {override.py:1829} INFO - Created Permission View: can delete on DAG:monitor_PWU
[2025-05-20T06:02:48.066+0000] {logging_mixin.py:188} INFO - [2025-05-20T06:02:48.066+0000] {override.py:1829} INFO - Created Permission View: can edit on DAG:monitor_PWU
[2025-05-20T06:02:48.067+0000] {logging_mixin.py:188} INFO - [2025-05-20T06:02:48.067+0000] {dag.py:3096} INFO - Sync 1 DAGs
[2025-05-20T06:02:48.082+0000] {logging_mixin.py:188} INFO - [2025-05-20T06:02:48.081+0000] {dag.py:3118} INFO - Creating ORM DAG for monitor_PWU
[2025-05-20T06:02:48.097+0000] {logging_mixin.py:188} INFO - [2025-05-20T06:02:48.097+0000] {dag.py:3954} INFO - Setting next_dagrun for monitor_PWU to 2025-05-20 05:00:00+00:00, run_after=2025-05-20 06:00:00+00:00
[2025-05-20T06:02:48.124+0000] {processor.py:183} INFO - Processing /opt/airflow/dags/monitor_PWU.py took 0.539 seconds
[2025-05-20T06:03:18.684+0000] {processor.py:161} INFO - Started process (PID=184) to work on /opt/airflow/dags/monitor_PWU.py
[2025-05-20T06:03:18.694+0000] {processor.py:830} INFO - Processing file /opt/airflow/dags/monitor_PWU.py for tasks to queue
[2025-05-20T06:03:18.698+0000] {logging_mixin.py:188} INFO - [2025-05-20T06:03:18.697+0000] {dagbag.py:540} INFO - Filling up the DagBag from /opt/airflow/dags/monitor_PWU.py
[2025-05-20T06:03:18.745+0000] {processor.py:840} INFO - DAG(s) 'monitor_PWU' retrieved from /opt/airflow/dags/monitor_PWU.py
[2025-05-20T06:03:18.802+0000] {logging_mixin.py:188} INFO - [2025-05-20T06:03:18.802+0000] {dag.py:3096} INFO - Sync 1 DAGs
[2025-05-20T06:03:18.835+0000] {logging_mixin.py:188} INFO - [2025-05-20T06:03:18.835+0000] {dag.py:3954} INFO - Setting next_dagrun for monitor_PWU to 2025-05-20 05:00:00+00:00, run_after=2025-05-20 06:00:00+00:00
[2025-05-20T06:03:18.865+0000] {processor.py:183} INFO - Processing /opt/airflow/dags/monitor_PWU.py took 0.190 seconds
[2025-05-20T06:03:49.319+0000] {processor.py:161} INFO - Started process (PID=204) to work on /opt/airflow/dags/monitor_PWU.py
[2025-05-20T06:03:49.320+0000] {processor.py:830} INFO - Processing file /opt/airflow/dags/monitor_PWU.py for tasks to queue
[2025-05-20T06:03:49.323+0000] {logging_mixin.py:188} INFO - [2025-05-20T06:03:49.322+0000] {dagbag.py:540} INFO - Filling up the DagBag from /opt/airflow/dags/monitor_PWU.py
[2025-05-20T06:03:49.349+0000] {processor.py:840} INFO - DAG(s) 'monitor_PWU' retrieved from /opt/airflow/dags/monitor_PWU.py
[2025-05-20T06:03:49.376+0000] {logging_mixin.py:188} INFO - [2025-05-20T06:03:49.375+0000] {dag.py:3096} INFO - Sync 1 DAGs
[2025-05-20T06:03:49.399+0000] {logging_mixin.py:188} INFO - [2025-05-20T06:03:49.398+0000] {dag.py:3954} INFO - Setting next_dagrun for monitor_PWU to 2025-05-20 05:00:00+00:00, run_after=2025-05-20 06:00:00+00:00
[2025-05-20T06:03:49.421+0000] {processor.py:183} INFO - Processing /opt/airflow/dags/monitor_PWU.py took 0.116 seconds
[2025-05-20T06:04:20.048+0000] {processor.py:161} INFO - Started process (PID=224) to work on /opt/airflow/dags/monitor_PWU.py
[2025-05-20T06:04:20.049+0000] {processor.py:830} INFO - Processing file /opt/airflow/dags/monitor_PWU.py for tasks to queue
[2025-05-20T06:04:20.052+0000] {logging_mixin.py:188} INFO - [2025-05-20T06:04:20.051+0000] {dagbag.py:540} INFO - Filling up the DagBag from /opt/airflow/dags/monitor_PWU.py
[2025-05-20T06:04:20.075+0000] {processor.py:840} INFO - DAG(s) 'monitor_PWU' retrieved from /opt/airflow/dags/monitor_PWU.py
[2025-05-20T06:04:20.100+0000] {logging_mixin.py:188} INFO - [2025-05-20T06:04:20.100+0000] {dag.py:3096} INFO - Sync 1 DAGs
[2025-05-20T06:04:20.124+0000] {logging_mixin.py:188} INFO - [2025-05-20T06:04:20.124+0000] {dag.py:3954} INFO - Setting next_dagrun for monitor_PWU to 2025-05-20 05:00:00+00:00, run_after=2025-05-20 06:00:00+00:00
[2025-05-20T06:04:20.144+0000] {processor.py:183} INFO - Processing /opt/airflow/dags/monitor_PWU.py took 0.104 seconds
[2025-05-20T06:04:50.689+0000] {processor.py:161} INFO - Started process (PID=244) to work on /opt/airflow/dags/monitor_PWU.py
[2025-05-20T06:04:50.691+0000] {processor.py:830} INFO - Processing file /opt/airflow/dags/monitor_PWU.py for tasks to queue
[2025-05-20T06:04:50.693+0000] {logging_mixin.py:188} INFO - [2025-05-20T06:04:50.693+0000] {dagbag.py:540} INFO - Filling up the DagBag from /opt/airflow/dags/monitor_PWU.py
[2025-05-20T06:04:50.716+0000] {processor.py:840} INFO - DAG(s) 'monitor_PWU' retrieved from /opt/airflow/dags/monitor_PWU.py
[2025-05-20T06:04:50.739+0000] {logging_mixin.py:188} INFO - [2025-05-20T06:04:50.739+0000] {dag.py:3096} INFO - Sync 1 DAGs
[2025-05-20T06:04:50.762+0000] {logging_mixin.py:188} INFO - [2025-05-20T06:04:50.762+0000] {dag.py:3954} INFO - Setting next_dagrun for monitor_PWU to 2025-05-20 05:00:00+00:00, run_after=2025-05-20 06:00:00+00:00
[2025-05-20T06:04:50.786+0000] {processor.py:183} INFO - Processing /opt/airflow/dags/monitor_PWU.py took 0.104 seconds
[2025-05-20T06:19:54.022+0000] {processor.py:161} INFO - Started process (PID=164) to work on /opt/airflow/dags/monitor_PWU.py
[2025-05-20T06:19:54.024+0000] {processor.py:830} INFO - Processing file /opt/airflow/dags/monitor_PWU.py for tasks to queue
[2025-05-20T06:19:54.026+0000] {logging_mixin.py:188} INFO - [2025-05-20T06:19:54.026+0000] {dagbag.py:540} INFO - Filling up the DagBag from /opt/airflow/dags/monitor_PWU.py
[2025-05-20T06:19:54.069+0000] {processor.py:840} INFO - DAG(s) 'monitor_PWU' retrieved from /opt/airflow/dags/monitor_PWU.py
[2025-05-20T06:19:54.315+0000] {logging_mixin.py:188} INFO - [2025-05-20T06:19:54.315+0000] {override.py:1829} INFO - Created Permission View: can delete on DAG:monitor_PWU
[2025-05-20T06:19:54.327+0000] {logging_mixin.py:188} INFO - [2025-05-20T06:19:54.327+0000] {override.py:1829} INFO - Created Permission View: can read on DAG:monitor_PWU
[2025-05-20T06:19:54.338+0000] {logging_mixin.py:188} INFO - [2025-05-20T06:19:54.337+0000] {override.py:1829} INFO - Created Permission View: can edit on DAG:monitor_PWU
[2025-05-20T06:19:54.342+0000] {logging_mixin.py:188} INFO - [2025-05-20T06:19:54.341+0000] {dag.py:3096} INFO - Sync 1 DAGs
[2025-05-20T06:19:54.353+0000] {logging_mixin.py:188} INFO - [2025-05-20T06:19:54.352+0000] {dag.py:3118} INFO - Creating ORM DAG for monitor_PWU
[2025-05-20T06:19:54.364+0000] {logging_mixin.py:188} INFO - [2025-05-20T06:19:54.364+0000] {dag.py:3954} INFO - Setting next_dagrun for monitor_PWU to 2025-05-20 05:00:00+00:00, run_after=2025-05-20 06:00:00+00:00
[2025-05-20T06:19:54.390+0000] {processor.py:183} INFO - Processing /opt/airflow/dags/monitor_PWU.py took 0.374 seconds
[2025-05-20T06:20:25.013+0000] {processor.py:161} INFO - Started process (PID=184) to work on /opt/airflow/dags/monitor_PWU.py
[2025-05-20T06:20:25.014+0000] {processor.py:830} INFO - Processing file /opt/airflow/dags/monitor_PWU.py for tasks to queue
[2025-05-20T06:20:25.017+0000] {logging_mixin.py:188} INFO - [2025-05-20T06:20:25.017+0000] {dagbag.py:540} INFO - Filling up the DagBag from /opt/airflow/dags/monitor_PWU.py
[2025-05-20T06:20:25.044+0000] {processor.py:840} INFO - DAG(s) 'monitor_PWU' retrieved from /opt/airflow/dags/monitor_PWU.py
[2025-05-20T06:20:25.065+0000] {logging_mixin.py:188} INFO - [2025-05-20T06:20:25.065+0000] {dag.py:3096} INFO - Sync 1 DAGs
[2025-05-20T06:20:25.090+0000] {logging_mixin.py:188} INFO - [2025-05-20T06:20:25.090+0000] {dag.py:3954} INFO - Setting next_dagrun for monitor_PWU to 2025-05-20 05:00:00+00:00, run_after=2025-05-20 06:00:00+00:00
[2025-05-20T06:20:25.115+0000] {processor.py:183} INFO - Processing /opt/airflow/dags/monitor_PWU.py took 0.112 seconds
[2025-05-20T06:20:55.768+0000] {processor.py:161} INFO - Started process (PID=204) to work on /opt/airflow/dags/monitor_PWU.py
[2025-05-20T06:20:55.769+0000] {processor.py:830} INFO - Processing file /opt/airflow/dags/monitor_PWU.py for tasks to queue
[2025-05-20T06:20:55.771+0000] {logging_mixin.py:188} INFO - [2025-05-20T06:20:55.771+0000] {dagbag.py:540} INFO - Filling up the DagBag from /opt/airflow/dags/monitor_PWU.py
[2025-05-20T06:20:55.792+0000] {processor.py:840} INFO - DAG(s) 'monitor_PWU' retrieved from /opt/airflow/dags/monitor_PWU.py
[2025-05-20T06:20:55.814+0000] {logging_mixin.py:188} INFO - [2025-05-20T06:20:55.814+0000] {dag.py:3096} INFO - Sync 1 DAGs
[2025-05-20T06:20:55.838+0000] {logging_mixin.py:188} INFO - [2025-05-20T06:20:55.838+0000] {dag.py:3954} INFO - Setting next_dagrun for monitor_PWU to 2025-05-20 05:00:00+00:00, run_after=2025-05-20 06:00:00+00:00
[2025-05-20T06:20:55.859+0000] {processor.py:183} INFO - Processing /opt/airflow/dags/monitor_PWU.py took 0.106 seconds
[2025-05-20T06:21:26.441+0000] {processor.py:161} INFO - Started process (PID=224) to work on /opt/airflow/dags/monitor_PWU.py
[2025-05-20T06:21:26.442+0000] {processor.py:830} INFO - Processing file /opt/airflow/dags/monitor_PWU.py for tasks to queue
[2025-05-20T06:21:26.445+0000] {logging_mixin.py:188} INFO - [2025-05-20T06:21:26.444+0000] {dagbag.py:540} INFO - Filling up the DagBag from /opt/airflow/dags/monitor_PWU.py
[2025-05-20T06:21:26.471+0000] {processor.py:840} INFO - DAG(s) 'monitor_PWU' retrieved from /opt/airflow/dags/monitor_PWU.py
[2025-05-20T06:21:26.495+0000] {logging_mixin.py:188} INFO - [2025-05-20T06:21:26.494+0000] {dag.py:3096} INFO - Sync 1 DAGs
[2025-05-20T06:21:26.516+0000] {logging_mixin.py:188} INFO - [2025-05-20T06:21:26.515+0000] {dag.py:3954} INFO - Setting next_dagrun for monitor_PWU to 2025-05-20 05:00:00+00:00, run_after=2025-05-20 06:00:00+00:00
[2025-05-20T06:21:26.540+0000] {processor.py:183} INFO - Processing /opt/airflow/dags/monitor_PWU.py took 0.110 seconds
[2025-05-20T06:21:57.090+0000] {processor.py:161} INFO - Started process (PID=244) to work on /opt/airflow/dags/monitor_PWU.py
[2025-05-20T06:21:57.091+0000] {processor.py:830} INFO - Processing file /opt/airflow/dags/monitor_PWU.py for tasks to queue
[2025-05-20T06:21:57.093+0000] {logging_mixin.py:188} INFO - [2025-05-20T06:21:57.092+0000] {dagbag.py:540} INFO - Filling up the DagBag from /opt/airflow/dags/monitor_PWU.py
[2025-05-20T06:21:57.116+0000] {processor.py:840} INFO - DAG(s) 'monitor_PWU' retrieved from /opt/airflow/dags/monitor_PWU.py
[2025-05-20T06:21:57.137+0000] {logging_mixin.py:188} INFO - [2025-05-20T06:21:57.137+0000] {dag.py:3096} INFO - Sync 1 DAGs
[2025-05-20T06:21:57.163+0000] {logging_mixin.py:188} INFO - [2025-05-20T06:21:57.163+0000] {dag.py:3954} INFO - Setting next_dagrun for monitor_PWU to 2025-05-20 05:00:00+00:00, run_after=2025-05-20 06:00:00+00:00
[2025-05-20T06:21:57.188+0000] {processor.py:183} INFO - Processing /opt/airflow/dags/monitor_PWU.py took 0.104 seconds
[2025-05-20T06:22:27.718+0000] {processor.py:161} INFO - Started process (PID=264) to work on /opt/airflow/dags/monitor_PWU.py
[2025-05-20T06:22:27.719+0000] {processor.py:830} INFO - Processing file /opt/airflow/dags/monitor_PWU.py for tasks to queue
[2025-05-20T06:22:27.722+0000] {logging_mixin.py:188} INFO - [2025-05-20T06:22:27.721+0000] {dagbag.py:540} INFO - Filling up the DagBag from /opt/airflow/dags/monitor_PWU.py
[2025-05-20T06:22:27.745+0000] {processor.py:840} INFO - DAG(s) 'monitor_PWU' retrieved from /opt/airflow/dags/monitor_PWU.py
[2025-05-20T06:22:27.772+0000] {logging_mixin.py:188} INFO - [2025-05-20T06:22:27.772+0000] {dag.py:3096} INFO - Sync 1 DAGs
[2025-05-20T06:22:27.796+0000] {logging_mixin.py:188} INFO - [2025-05-20T06:22:27.796+0000] {dag.py:3954} INFO - Setting next_dagrun for monitor_PWU to 2025-05-20 05:00:00+00:00, run_after=2025-05-20 06:00:00+00:00
[2025-05-20T06:22:27.819+0000] {processor.py:183} INFO - Processing /opt/airflow/dags/monitor_PWU.py took 0.109 seconds
[2025-05-20T06:22:58.442+0000] {processor.py:161} INFO - Started process (PID=284) to work on /opt/airflow/dags/monitor_PWU.py
[2025-05-20T06:22:58.444+0000] {processor.py:830} INFO - Processing file /opt/airflow/dags/monitor_PWU.py for tasks to queue
[2025-05-20T06:22:58.446+0000] {logging_mixin.py:188} INFO - [2025-05-20T06:22:58.445+0000] {dagbag.py:540} INFO - Filling up the DagBag from /opt/airflow/dags/monitor_PWU.py
[2025-05-20T06:22:58.472+0000] {processor.py:840} INFO - DAG(s) 'monitor_PWU' retrieved from /opt/airflow/dags/monitor_PWU.py
[2025-05-20T06:22:58.492+0000] {logging_mixin.py:188} INFO - [2025-05-20T06:22:58.492+0000] {dag.py:3096} INFO - Sync 1 DAGs
[2025-05-20T06:22:58.514+0000] {logging_mixin.py:188} INFO - [2025-05-20T06:22:58.514+0000] {dag.py:3954} INFO - Setting next_dagrun for monitor_PWU to 2025-05-20 05:00:00+00:00, run_after=2025-05-20 06:00:00+00:00
[2025-05-20T06:22:58.537+0000] {processor.py:183} INFO - Processing /opt/airflow/dags/monitor_PWU.py took 0.104 seconds
[2025-05-20T06:23:29.049+0000] {processor.py:161} INFO - Started process (PID=304) to work on /opt/airflow/dags/monitor_PWU.py
[2025-05-20T06:23:29.050+0000] {processor.py:830} INFO - Processing file /opt/airflow/dags/monitor_PWU.py for tasks to queue
[2025-05-20T06:23:29.053+0000] {logging_mixin.py:188} INFO - [2025-05-20T06:23:29.052+0000] {dagbag.py:540} INFO - Filling up the DagBag from /opt/airflow/dags/monitor_PWU.py
[2025-05-20T06:23:29.075+0000] {processor.py:840} INFO - DAG(s) 'monitor_PWU' retrieved from /opt/airflow/dags/monitor_PWU.py
[2025-05-20T06:23:29.096+0000] {logging_mixin.py:188} INFO - [2025-05-20T06:23:29.096+0000] {dag.py:3096} INFO - Sync 1 DAGs
[2025-05-20T06:23:29.118+0000] {logging_mixin.py:188} INFO - [2025-05-20T06:23:29.118+0000] {dag.py:3954} INFO - Setting next_dagrun for monitor_PWU to 2025-05-20 05:00:00+00:00, run_after=2025-05-20 06:00:00+00:00
[2025-05-20T06:23:29.140+0000] {processor.py:183} INFO - Processing /opt/airflow/dags/monitor_PWU.py took 0.098 seconds
[2025-05-20T06:23:59.588+0000] {processor.py:161} INFO - Started process (PID=324) to work on /opt/airflow/dags/monitor_PWU.py
[2025-05-20T06:23:59.590+0000] {processor.py:830} INFO - Processing file /opt/airflow/dags/monitor_PWU.py for tasks to queue
[2025-05-20T06:23:59.593+0000] {logging_mixin.py:188} INFO - [2025-05-20T06:23:59.593+0000] {dagbag.py:540} INFO - Filling up the DagBag from /opt/airflow/dags/monitor_PWU.py
[2025-05-20T06:23:59.623+0000] {processor.py:840} INFO - DAG(s) 'monitor_PWU' retrieved from /opt/airflow/dags/monitor_PWU.py
[2025-05-20T06:23:59.644+0000] {logging_mixin.py:188} INFO - [2025-05-20T06:23:59.644+0000] {dag.py:3096} INFO - Sync 1 DAGs
[2025-05-20T06:23:59.667+0000] {logging_mixin.py:188} INFO - [2025-05-20T06:23:59.667+0000] {dag.py:3954} INFO - Setting next_dagrun for monitor_PWU to 2025-05-20 05:00:00+00:00, run_after=2025-05-20 06:00:00+00:00
[2025-05-20T06:23:59.689+0000] {processor.py:183} INFO - Processing /opt/airflow/dags/monitor_PWU.py took 0.112 seconds
[2025-05-20T06:24:30.322+0000] {processor.py:161} INFO - Started process (PID=344) to work on /opt/airflow/dags/monitor_PWU.py
[2025-05-20T06:24:30.323+0000] {processor.py:830} INFO - Processing file /opt/airflow/dags/monitor_PWU.py for tasks to queue
[2025-05-20T06:24:30.326+0000] {logging_mixin.py:188} INFO - [2025-05-20T06:24:30.326+0000] {dagbag.py:540} INFO - Filling up the DagBag from /opt/airflow/dags/monitor_PWU.py
[2025-05-20T06:24:30.349+0000] {processor.py:840} INFO - DAG(s) 'monitor_PWU' retrieved from /opt/airflow/dags/monitor_PWU.py
[2025-05-20T06:24:30.371+0000] {logging_mixin.py:188} INFO - [2025-05-20T06:24:30.370+0000] {dag.py:3096} INFO - Sync 1 DAGs
[2025-05-20T06:24:30.392+0000] {logging_mixin.py:188} INFO - [2025-05-20T06:24:30.392+0000] {dag.py:3954} INFO - Setting next_dagrun for monitor_PWU to 2025-05-20 05:00:00+00:00, run_after=2025-05-20 06:00:00+00:00
[2025-05-20T06:24:30.418+0000] {processor.py:183} INFO - Processing /opt/airflow/dags/monitor_PWU.py took 0.103 seconds
[2025-05-20T06:25:01.163+0000] {processor.py:161} INFO - Started process (PID=364) to work on /opt/airflow/dags/monitor_PWU.py
[2025-05-20T06:25:01.166+0000] {processor.py:830} INFO - Processing file /opt/airflow/dags/monitor_PWU.py for tasks to queue
[2025-05-20T06:25:01.169+0000] {logging_mixin.py:188} INFO - [2025-05-20T06:25:01.168+0000] {dagbag.py:540} INFO - Filling up the DagBag from /opt/airflow/dags/monitor_PWU.py
[2025-05-20T06:25:01.192+0000] {processor.py:840} INFO - DAG(s) 'monitor_PWU' retrieved from /opt/airflow/dags/monitor_PWU.py
[2025-05-20T06:25:01.218+0000] {logging_mixin.py:188} INFO - [2025-05-20T06:25:01.217+0000] {dag.py:3096} INFO - Sync 1 DAGs
[2025-05-20T06:25:01.241+0000] {logging_mixin.py:188} INFO - [2025-05-20T06:25:01.240+0000] {dag.py:3954} INFO - Setting next_dagrun for monitor_PWU to 2025-05-20 05:00:00+00:00, run_after=2025-05-20 06:00:00+00:00
[2025-05-20T06:25:01.265+0000] {processor.py:183} INFO - Processing /opt/airflow/dags/monitor_PWU.py took 0.115 seconds
[2025-05-20T06:25:31.841+0000] {processor.py:161} INFO - Started process (PID=384) to work on /opt/airflow/dags/monitor_PWU.py
[2025-05-20T06:25:31.842+0000] {processor.py:830} INFO - Processing file /opt/airflow/dags/monitor_PWU.py for tasks to queue
[2025-05-20T06:25:31.844+0000] {logging_mixin.py:188} INFO - [2025-05-20T06:25:31.844+0000] {dagbag.py:540} INFO - Filling up the DagBag from /opt/airflow/dags/monitor_PWU.py
[2025-05-20T06:25:31.869+0000] {processor.py:840} INFO - DAG(s) 'monitor_PWU' retrieved from /opt/airflow/dags/monitor_PWU.py
[2025-05-20T06:25:31.889+0000] {logging_mixin.py:188} INFO - [2025-05-20T06:25:31.889+0000] {dag.py:3096} INFO - Sync 1 DAGs
[2025-05-20T06:25:31.910+0000] {logging_mixin.py:188} INFO - [2025-05-20T06:25:31.910+0000] {dag.py:3954} INFO - Setting next_dagrun for monitor_PWU to 2025-05-20 05:00:00+00:00, run_after=2025-05-20 06:00:00+00:00
[2025-05-20T06:25:31.932+0000] {processor.py:183} INFO - Processing /opt/airflow/dags/monitor_PWU.py took 0.100 seconds
[2025-05-20T06:26:02.536+0000] {processor.py:161} INFO - Started process (PID=404) to work on /opt/airflow/dags/monitor_PWU.py
[2025-05-20T06:26:02.537+0000] {processor.py:830} INFO - Processing file /opt/airflow/dags/monitor_PWU.py for tasks to queue
[2025-05-20T06:26:02.538+0000] {logging_mixin.py:188} INFO - [2025-05-20T06:26:02.538+0000] {dagbag.py:540} INFO - Filling up the DagBag from /opt/airflow/dags/monitor_PWU.py
[2025-05-20T06:26:02.557+0000] {processor.py:840} INFO - DAG(s) 'monitor_PWU' retrieved from /opt/airflow/dags/monitor_PWU.py
[2025-05-20T06:26:02.579+0000] {logging_mixin.py:188} INFO - [2025-05-20T06:26:02.579+0000] {dag.py:3096} INFO - Sync 1 DAGs
[2025-05-20T06:26:02.602+0000] {logging_mixin.py:188} INFO - [2025-05-20T06:26:02.602+0000] {dag.py:3954} INFO - Setting next_dagrun for monitor_PWU to 2025-05-20 05:00:00+00:00, run_after=2025-05-20 06:00:00+00:00
[2025-05-20T06:26:02.626+0000] {processor.py:183} INFO - Processing /opt/airflow/dags/monitor_PWU.py took 0.097 seconds
[2025-05-20T06:26:33.229+0000] {processor.py:161} INFO - Started process (PID=424) to work on /opt/airflow/dags/monitor_PWU.py
[2025-05-20T06:26:33.232+0000] {processor.py:830} INFO - Processing file /opt/airflow/dags/monitor_PWU.py for tasks to queue
[2025-05-20T06:26:33.235+0000] {logging_mixin.py:188} INFO - [2025-05-20T06:26:33.234+0000] {dagbag.py:540} INFO - Filling up the DagBag from /opt/airflow/dags/monitor_PWU.py
[2025-05-20T06:26:33.257+0000] {processor.py:840} INFO - DAG(s) 'monitor_PWU' retrieved from /opt/airflow/dags/monitor_PWU.py
[2025-05-20T06:26:33.278+0000] {logging_mixin.py:188} INFO - [2025-05-20T06:26:33.278+0000] {dag.py:3096} INFO - Sync 1 DAGs
[2025-05-20T06:26:33.301+0000] {logging_mixin.py:188} INFO - [2025-05-20T06:26:33.301+0000] {dag.py:3954} INFO - Setting next_dagrun for monitor_PWU to 2025-05-20 05:00:00+00:00, run_after=2025-05-20 06:00:00+00:00
[2025-05-20T06:26:33.322+0000] {processor.py:183} INFO - Processing /opt/airflow/dags/monitor_PWU.py took 0.106 seconds
[2025-05-20T06:27:03.812+0000] {processor.py:161} INFO - Started process (PID=444) to work on /opt/airflow/dags/monitor_PWU.py
[2025-05-20T06:27:03.813+0000] {processor.py:830} INFO - Processing file /opt/airflow/dags/monitor_PWU.py for tasks to queue
[2025-05-20T06:27:03.814+0000] {logging_mixin.py:188} INFO - [2025-05-20T06:27:03.814+0000] {dagbag.py:540} INFO - Filling up the DagBag from /opt/airflow/dags/monitor_PWU.py
[2025-05-20T06:27:03.838+0000] {processor.py:840} INFO - DAG(s) 'monitor_PWU' retrieved from /opt/airflow/dags/monitor_PWU.py
[2025-05-20T06:27:03.860+0000] {logging_mixin.py:188} INFO - [2025-05-20T06:27:03.860+0000] {dag.py:3096} INFO - Sync 1 DAGs
[2025-05-20T06:27:03.886+0000] {logging_mixin.py:188} INFO - [2025-05-20T06:27:03.885+0000] {dag.py:3954} INFO - Setting next_dagrun for monitor_PWU to 2025-05-20 05:00:00+00:00, run_after=2025-05-20 06:00:00+00:00
[2025-05-20T06:27:03.908+0000] {processor.py:183} INFO - Processing /opt/airflow/dags/monitor_PWU.py took 0.103 seconds
[2025-05-20T06:27:34.563+0000] {processor.py:161} INFO - Started process (PID=464) to work on /opt/airflow/dags/monitor_PWU.py
[2025-05-20T06:27:34.564+0000] {processor.py:830} INFO - Processing file /opt/airflow/dags/monitor_PWU.py for tasks to queue
[2025-05-20T06:27:34.566+0000] {logging_mixin.py:188} INFO - [2025-05-20T06:27:34.565+0000] {dagbag.py:540} INFO - Filling up the DagBag from /opt/airflow/dags/monitor_PWU.py
[2025-05-20T06:27:34.586+0000] {processor.py:840} INFO - DAG(s) 'monitor_PWU' retrieved from /opt/airflow/dags/monitor_PWU.py
[2025-05-20T06:27:34.610+0000] {logging_mixin.py:188} INFO - [2025-05-20T06:27:34.610+0000] {dag.py:3096} INFO - Sync 1 DAGs
[2025-05-20T06:27:34.638+0000] {logging_mixin.py:188} INFO - [2025-05-20T06:27:34.638+0000] {dag.py:3954} INFO - Setting next_dagrun for monitor_PWU to 2025-05-20 05:00:00+00:00, run_after=2025-05-20 06:00:00+00:00
[2025-05-20T06:27:34.663+0000] {processor.py:183} INFO - Processing /opt/airflow/dags/monitor_PWU.py took 0.107 seconds
[2025-05-20T06:28:05.189+0000] {processor.py:161} INFO - Started process (PID=484) to work on /opt/airflow/dags/monitor_PWU.py
[2025-05-20T06:28:05.193+0000] {processor.py:830} INFO - Processing file /opt/airflow/dags/monitor_PWU.py for tasks to queue
[2025-05-20T06:28:05.196+0000] {logging_mixin.py:188} INFO - [2025-05-20T06:28:05.196+0000] {dagbag.py:540} INFO - Filling up the DagBag from /opt/airflow/dags/monitor_PWU.py
[2025-05-20T06:28:05.222+0000] {processor.py:840} INFO - DAG(s) 'monitor_PWU' retrieved from /opt/airflow/dags/monitor_PWU.py
[2025-05-20T06:28:05.253+0000] {logging_mixin.py:188} INFO - [2025-05-20T06:28:05.253+0000] {dag.py:3096} INFO - Sync 1 DAGs
[2025-05-20T06:28:05.294+0000] {logging_mixin.py:188} INFO - [2025-05-20T06:28:05.294+0000] {dag.py:3954} INFO - Setting next_dagrun for monitor_PWU to 2025-05-20 05:00:00+00:00, run_after=2025-05-20 06:00:00+00:00
[2025-05-20T06:28:05.323+0000] {processor.py:183} INFO - Processing /opt/airflow/dags/monitor_PWU.py took 0.145 seconds
[2025-05-20T06:28:35.844+0000] {processor.py:161} INFO - Started process (PID=565) to work on /opt/airflow/dags/monitor_PWU.py
[2025-05-20T06:28:35.845+0000] {processor.py:830} INFO - Processing file /opt/airflow/dags/monitor_PWU.py for tasks to queue
[2025-05-20T06:28:35.848+0000] {logging_mixin.py:188} INFO - [2025-05-20T06:28:35.848+0000] {dagbag.py:540} INFO - Filling up the DagBag from /opt/airflow/dags/monitor_PWU.py
[2025-05-20T06:28:35.902+0000] {processor.py:840} INFO - DAG(s) 'monitor_PWU' retrieved from /opt/airflow/dags/monitor_PWU.py
[2025-05-20T06:28:35.943+0000] {logging_mixin.py:188} INFO - [2025-05-20T06:28:35.943+0000] {dag.py:3096} INFO - Sync 1 DAGs
[2025-05-20T06:28:36.025+0000] {logging_mixin.py:188} INFO - [2025-05-20T06:28:36.024+0000] {dag.py:3954} INFO - Setting next_dagrun for monitor_PWU to 2025-05-20 06:00:00+00:00, run_after=2025-05-20 07:00:00+00:00
[2025-05-20T06:28:36.065+0000] {processor.py:183} INFO - Processing /opt/airflow/dags/monitor_PWU.py took 0.228 seconds
[2025-05-20T06:29:06.506+0000] {processor.py:161} INFO - Started process (PID=587) to work on /opt/airflow/dags/monitor_PWU.py
[2025-05-20T06:29:06.507+0000] {processor.py:830} INFO - Processing file /opt/airflow/dags/monitor_PWU.py for tasks to queue
[2025-05-20T06:29:06.509+0000] {logging_mixin.py:188} INFO - [2025-05-20T06:29:06.508+0000] {dagbag.py:540} INFO - Filling up the DagBag from /opt/airflow/dags/monitor_PWU.py
[2025-05-20T06:29:06.530+0000] {processor.py:840} INFO - DAG(s) 'monitor_PWU' retrieved from /opt/airflow/dags/monitor_PWU.py
[2025-05-20T06:29:06.553+0000] {logging_mixin.py:188} INFO - [2025-05-20T06:29:06.553+0000] {dag.py:3096} INFO - Sync 1 DAGs
[2025-05-20T06:29:06.579+0000] {logging_mixin.py:188} INFO - [2025-05-20T06:29:06.579+0000] {dag.py:3954} INFO - Setting next_dagrun for monitor_PWU to 2025-05-20 06:00:00+00:00, run_after=2025-05-20 07:00:00+00:00
[2025-05-20T06:29:06.601+0000] {processor.py:183} INFO - Processing /opt/airflow/dags/monitor_PWU.py took 0.103 seconds
[2025-05-20T06:29:36.987+0000] {processor.py:161} INFO - Started process (PID=609) to work on /opt/airflow/dags/monitor_PWU.py
[2025-05-20T06:29:36.988+0000] {processor.py:830} INFO - Processing file /opt/airflow/dags/monitor_PWU.py for tasks to queue
[2025-05-20T06:29:36.990+0000] {logging_mixin.py:188} INFO - [2025-05-20T06:29:36.990+0000] {dagbag.py:540} INFO - Filling up the DagBag from /opt/airflow/dags/monitor_PWU.py
[2025-05-20T06:29:37.012+0000] {processor.py:840} INFO - DAG(s) 'monitor_PWU' retrieved from /opt/airflow/dags/monitor_PWU.py
[2025-05-20T06:29:37.035+0000] {logging_mixin.py:188} INFO - [2025-05-20T06:29:37.035+0000] {dag.py:3096} INFO - Sync 1 DAGs
[2025-05-20T06:29:37.061+0000] {logging_mixin.py:188} INFO - [2025-05-20T06:29:37.061+0000] {dag.py:3954} INFO - Setting next_dagrun for monitor_PWU to 2025-05-20 06:00:00+00:00, run_after=2025-05-20 07:00:00+00:00
[2025-05-20T06:29:37.085+0000] {processor.py:183} INFO - Processing /opt/airflow/dags/monitor_PWU.py took 0.104 seconds
[2025-05-20T06:30:07.809+0000] {processor.py:161} INFO - Started process (PID=629) to work on /opt/airflow/dags/monitor_PWU.py
[2025-05-20T06:30:07.810+0000] {processor.py:830} INFO - Processing file /opt/airflow/dags/monitor_PWU.py for tasks to queue
[2025-05-20T06:30:07.812+0000] {logging_mixin.py:188} INFO - [2025-05-20T06:30:07.811+0000] {dagbag.py:540} INFO - Filling up the DagBag from /opt/airflow/dags/monitor_PWU.py
[2025-05-20T06:30:07.836+0000] {processor.py:840} INFO - DAG(s) 'monitor_PWU' retrieved from /opt/airflow/dags/monitor_PWU.py
[2025-05-20T06:30:07.857+0000] {logging_mixin.py:188} INFO - [2025-05-20T06:30:07.857+0000] {dag.py:3096} INFO - Sync 1 DAGs
[2025-05-20T06:30:07.880+0000] {logging_mixin.py:188} INFO - [2025-05-20T06:30:07.880+0000] {dag.py:3954} INFO - Setting next_dagrun for monitor_PWU to 2025-05-20 06:00:00+00:00, run_after=2025-05-20 07:00:00+00:00
[2025-05-20T06:30:07.902+0000] {processor.py:183} INFO - Processing /opt/airflow/dags/monitor_PWU.py took 0.103 seconds
[2025-05-20T06:30:38.519+0000] {processor.py:161} INFO - Started process (PID=649) to work on /opt/airflow/dags/monitor_PWU.py
[2025-05-20T06:30:38.520+0000] {processor.py:830} INFO - Processing file /opt/airflow/dags/monitor_PWU.py for tasks to queue
[2025-05-20T06:30:38.522+0000] {logging_mixin.py:188} INFO - [2025-05-20T06:30:38.522+0000] {dagbag.py:540} INFO - Filling up the DagBag from /opt/airflow/dags/monitor_PWU.py
[2025-05-20T06:30:38.554+0000] {processor.py:840} INFO - DAG(s) 'monitor_PWU' retrieved from /opt/airflow/dags/monitor_PWU.py
[2025-05-20T06:30:38.574+0000] {logging_mixin.py:188} INFO - [2025-05-20T06:30:38.574+0000] {dag.py:3096} INFO - Sync 1 DAGs
[2025-05-20T06:30:38.596+0000] {logging_mixin.py:188} INFO - [2025-05-20T06:30:38.596+0000] {dag.py:3954} INFO - Setting next_dagrun for monitor_PWU to 2025-05-20 06:00:00+00:00, run_after=2025-05-20 07:00:00+00:00
[2025-05-20T06:30:38.618+0000] {processor.py:183} INFO - Processing /opt/airflow/dags/monitor_PWU.py took 0.112 seconds
[2025-05-20T06:31:09.197+0000] {processor.py:161} INFO - Started process (PID=669) to work on /opt/airflow/dags/monitor_PWU.py
[2025-05-20T06:31:09.198+0000] {processor.py:830} INFO - Processing file /opt/airflow/dags/monitor_PWU.py for tasks to queue
[2025-05-20T06:31:09.200+0000] {logging_mixin.py:188} INFO - [2025-05-20T06:31:09.200+0000] {dagbag.py:540} INFO - Filling up the DagBag from /opt/airflow/dags/monitor_PWU.py
[2025-05-20T06:31:09.219+0000] {processor.py:840} INFO - DAG(s) 'monitor_PWU' retrieved from /opt/airflow/dags/monitor_PWU.py
[2025-05-20T06:31:09.240+0000] {logging_mixin.py:188} INFO - [2025-05-20T06:31:09.239+0000] {dag.py:3096} INFO - Sync 1 DAGs
[2025-05-20T06:31:09.262+0000] {logging_mixin.py:188} INFO - [2025-05-20T06:31:09.262+0000] {dag.py:3954} INFO - Setting next_dagrun for monitor_PWU to 2025-05-20 06:00:00+00:00, run_after=2025-05-20 07:00:00+00:00
[2025-05-20T06:31:09.286+0000] {processor.py:183} INFO - Processing /opt/airflow/dags/monitor_PWU.py took 0.094 seconds
[2025-05-20T06:31:39.870+0000] {processor.py:161} INFO - Started process (PID=689) to work on /opt/airflow/dags/monitor_PWU.py
[2025-05-20T06:31:39.871+0000] {processor.py:830} INFO - Processing file /opt/airflow/dags/monitor_PWU.py for tasks to queue
[2025-05-20T06:31:39.873+0000] {logging_mixin.py:188} INFO - [2025-05-20T06:31:39.873+0000] {dagbag.py:540} INFO - Filling up the DagBag from /opt/airflow/dags/monitor_PWU.py
[2025-05-20T06:31:39.899+0000] {processor.py:840} INFO - DAG(s) 'monitor_PWU' retrieved from /opt/airflow/dags/monitor_PWU.py
[2025-05-20T06:31:39.921+0000] {logging_mixin.py:188} INFO - [2025-05-20T06:31:39.921+0000] {dag.py:3096} INFO - Sync 1 DAGs
[2025-05-20T06:31:39.946+0000] {logging_mixin.py:188} INFO - [2025-05-20T06:31:39.945+0000] {dag.py:3954} INFO - Setting next_dagrun for monitor_PWU to 2025-05-20 06:00:00+00:00, run_after=2025-05-20 07:00:00+00:00
[2025-05-20T06:31:39.969+0000] {processor.py:183} INFO - Processing /opt/airflow/dags/monitor_PWU.py took 0.107 seconds
