[2025-05-20T05:35:22.461+0000] {processor.py:161} INFO - Started process (PID=179) to work on /opt/airflow/dags/retrain_PWU_dag.py
[2025-05-20T05:35:22.462+0000] {processor.py:830} INFO - Processing file /opt/airflow/dags/retrain_PWU_dag.py for tasks to queue
[2025-05-20T05:35:22.465+0000] {logging_mixin.py:188} INFO - [2025-05-20T05:35:22.464+0000] {dagbag.py:540} INFO - Filling up the DagBag from /opt/airflow/dags/retrain_PWU_dag.py
[2025-05-20T05:35:22.489+0000] {processor.py:840} INFO - DAG(s) 'retrain_PWU_dag' retrieved from /opt/airflow/dags/retrain_PWU_dag.py
[2025-05-20T05:35:22.630+0000] {logging_mixin.py:188} INFO - [2025-05-20T05:35:22.629+0000] {dag.py:3096} INFO - Sync 1 DAGs
[2025-05-20T05:35:22.645+0000] {logging_mixin.py:188} INFO - [2025-05-20T05:35:22.644+0000] {dag.py:3954} INFO - Setting next_dagrun for retrain_PWU_dag to None, run_after=None
[2025-05-20T05:35:22.671+0000] {processor.py:183} INFO - Processing /opt/airflow/dags/retrain_PWU_dag.py took 0.216 seconds
[2025-05-20T05:35:54.246+0000] {processor.py:161} INFO - Started process (PID=258) to work on /opt/airflow/dags/retrain_PWU_dag.py
[2025-05-20T05:35:54.260+0000] {processor.py:830} INFO - Processing file /opt/airflow/dags/retrain_PWU_dag.py for tasks to queue
[2025-05-20T05:35:54.264+0000] {logging_mixin.py:188} INFO - [2025-05-20T05:35:54.263+0000] {dagbag.py:540} INFO - Filling up the DagBag from /opt/airflow/dags/retrain_PWU_dag.py
[2025-05-20T05:35:54.315+0000] {processor.py:840} INFO - DAG(s) 'retrain_PWU_dag' retrieved from /opt/airflow/dags/retrain_PWU_dag.py
[2025-05-20T05:35:54.373+0000] {logging_mixin.py:188} INFO - [2025-05-20T05:35:54.372+0000] {dag.py:3096} INFO - Sync 1 DAGs
[2025-05-20T05:35:54.408+0000] {logging_mixin.py:188} INFO - [2025-05-20T05:35:54.407+0000] {dag.py:3954} INFO - Setting next_dagrun for retrain_PWU_dag to None, run_after=None
[2025-05-20T05:35:54.481+0000] {processor.py:183} INFO - Processing /opt/airflow/dags/retrain_PWU_dag.py took 0.249 seconds
[2025-05-20T05:36:25.150+0000] {processor.py:161} INFO - Started process (PID=280) to work on /opt/airflow/dags/retrain_PWU_dag.py
[2025-05-20T05:36:25.151+0000] {processor.py:830} INFO - Processing file /opt/airflow/dags/retrain_PWU_dag.py for tasks to queue
[2025-05-20T05:36:25.153+0000] {logging_mixin.py:188} INFO - [2025-05-20T05:36:25.152+0000] {dagbag.py:540} INFO - Filling up the DagBag from /opt/airflow/dags/retrain_PWU_dag.py
[2025-05-20T05:36:25.189+0000] {processor.py:840} INFO - DAG(s) 'retrain_PWU_dag' retrieved from /opt/airflow/dags/retrain_PWU_dag.py
[2025-05-20T05:36:25.210+0000] {logging_mixin.py:188} INFO - [2025-05-20T05:36:25.209+0000] {dag.py:3096} INFO - Sync 1 DAGs
[2025-05-20T05:36:25.224+0000] {logging_mixin.py:188} INFO - [2025-05-20T05:36:25.224+0000] {dag.py:3954} INFO - Setting next_dagrun for retrain_PWU_dag to None, run_after=None
[2025-05-20T05:36:25.246+0000] {processor.py:183} INFO - Processing /opt/airflow/dags/retrain_PWU_dag.py took 0.102 seconds
[2025-05-20T05:36:55.616+0000] {processor.py:161} INFO - Started process (PID=302) to work on /opt/airflow/dags/retrain_PWU_dag.py
[2025-05-20T05:36:55.617+0000] {processor.py:830} INFO - Processing file /opt/airflow/dags/retrain_PWU_dag.py for tasks to queue
[2025-05-20T05:36:55.619+0000] {logging_mixin.py:188} INFO - [2025-05-20T05:36:55.618+0000] {dagbag.py:540} INFO - Filling up the DagBag from /opt/airflow/dags/retrain_PWU_dag.py
[2025-05-20T05:36:55.638+0000] {processor.py:840} INFO - DAG(s) 'retrain_PWU_dag' retrieved from /opt/airflow/dags/retrain_PWU_dag.py
[2025-05-20T05:36:55.658+0000] {logging_mixin.py:188} INFO - [2025-05-20T05:36:55.658+0000] {dag.py:3096} INFO - Sync 1 DAGs
[2025-05-20T05:36:55.673+0000] {logging_mixin.py:188} INFO - [2025-05-20T05:36:55.673+0000] {dag.py:3954} INFO - Setting next_dagrun for retrain_PWU_dag to None, run_after=None
[2025-05-20T05:36:55.723+0000] {processor.py:183} INFO - Processing /opt/airflow/dags/retrain_PWU_dag.py took 0.113 seconds
[2025-05-20T05:37:26.228+0000] {processor.py:161} INFO - Started process (PID=324) to work on /opt/airflow/dags/retrain_PWU_dag.py
[2025-05-20T05:37:26.229+0000] {processor.py:830} INFO - Processing file /opt/airflow/dags/retrain_PWU_dag.py for tasks to queue
[2025-05-20T05:37:26.231+0000] {logging_mixin.py:188} INFO - [2025-05-20T05:37:26.231+0000] {dagbag.py:540} INFO - Filling up the DagBag from /opt/airflow/dags/retrain_PWU_dag.py
[2025-05-20T05:37:26.250+0000] {processor.py:840} INFO - DAG(s) 'retrain_PWU_dag' retrieved from /opt/airflow/dags/retrain_PWU_dag.py
[2025-05-20T05:37:26.271+0000] {logging_mixin.py:188} INFO - [2025-05-20T05:37:26.271+0000] {dag.py:3096} INFO - Sync 1 DAGs
[2025-05-20T05:37:26.283+0000] {logging_mixin.py:188} INFO - [2025-05-20T05:37:26.283+0000] {dag.py:3954} INFO - Setting next_dagrun for retrain_PWU_dag to None, run_after=None
[2025-05-20T05:37:26.305+0000] {processor.py:183} INFO - Processing /opt/airflow/dags/retrain_PWU_dag.py took 0.083 seconds
[2025-05-20T05:37:56.654+0000] {processor.py:161} INFO - Started process (PID=344) to work on /opt/airflow/dags/retrain_PWU_dag.py
[2025-05-20T05:37:56.655+0000] {processor.py:830} INFO - Processing file /opt/airflow/dags/retrain_PWU_dag.py for tasks to queue
[2025-05-20T05:37:56.661+0000] {logging_mixin.py:188} INFO - [2025-05-20T05:37:56.660+0000] {dagbag.py:540} INFO - Filling up the DagBag from /opt/airflow/dags/retrain_PWU_dag.py
[2025-05-20T05:37:56.694+0000] {processor.py:840} INFO - DAG(s) 'retrain_PWU_dag' retrieved from /opt/airflow/dags/retrain_PWU_dag.py
[2025-05-20T05:37:56.715+0000] {logging_mixin.py:188} INFO - [2025-05-20T05:37:56.715+0000] {dag.py:3096} INFO - Sync 1 DAGs
[2025-05-20T05:37:56.732+0000] {logging_mixin.py:188} INFO - [2025-05-20T05:37:56.732+0000] {dag.py:3954} INFO - Setting next_dagrun for retrain_PWU_dag to None, run_after=None
[2025-05-20T05:37:56.763+0000] {processor.py:183} INFO - Processing /opt/airflow/dags/retrain_PWU_dag.py took 0.117 seconds
[2025-05-20T05:38:27.391+0000] {processor.py:161} INFO - Started process (PID=364) to work on /opt/airflow/dags/retrain_PWU_dag.py
[2025-05-20T05:38:27.392+0000] {processor.py:830} INFO - Processing file /opt/airflow/dags/retrain_PWU_dag.py for tasks to queue
[2025-05-20T05:38:27.397+0000] {logging_mixin.py:188} INFO - [2025-05-20T05:38:27.396+0000] {dagbag.py:540} INFO - Filling up the DagBag from /opt/airflow/dags/retrain_PWU_dag.py
[2025-05-20T05:38:27.436+0000] {processor.py:840} INFO - DAG(s) 'retrain_PWU_dag' retrieved from /opt/airflow/dags/retrain_PWU_dag.py
[2025-05-20T05:38:27.476+0000] {logging_mixin.py:188} INFO - [2025-05-20T05:38:27.476+0000] {dag.py:3096} INFO - Sync 1 DAGs
[2025-05-20T05:38:27.492+0000] {logging_mixin.py:188} INFO - [2025-05-20T05:38:27.492+0000] {dag.py:3954} INFO - Setting next_dagrun for retrain_PWU_dag to None, run_after=None
[2025-05-20T05:38:27.515+0000] {processor.py:183} INFO - Processing /opt/airflow/dags/retrain_PWU_dag.py took 0.138 seconds
[2025-05-20T05:38:57.940+0000] {processor.py:161} INFO - Started process (PID=384) to work on /opt/airflow/dags/retrain_PWU_dag.py
[2025-05-20T05:38:57.941+0000] {processor.py:830} INFO - Processing file /opt/airflow/dags/retrain_PWU_dag.py for tasks to queue
[2025-05-20T05:38:57.943+0000] {logging_mixin.py:188} INFO - [2025-05-20T05:38:57.942+0000] {dagbag.py:540} INFO - Filling up the DagBag from /opt/airflow/dags/retrain_PWU_dag.py
[2025-05-20T05:38:57.962+0000] {processor.py:840} INFO - DAG(s) 'retrain_PWU_dag' retrieved from /opt/airflow/dags/retrain_PWU_dag.py
[2025-05-20T05:38:57.983+0000] {logging_mixin.py:188} INFO - [2025-05-20T05:38:57.983+0000] {dag.py:3096} INFO - Sync 1 DAGs
[2025-05-20T05:38:57.995+0000] {logging_mixin.py:188} INFO - [2025-05-20T05:38:57.995+0000] {dag.py:3954} INFO - Setting next_dagrun for retrain_PWU_dag to None, run_after=None
[2025-05-20T05:38:58.019+0000] {processor.py:183} INFO - Processing /opt/airflow/dags/retrain_PWU_dag.py took 0.084 seconds
[2025-05-20T05:39:28.683+0000] {processor.py:161} INFO - Started process (PID=404) to work on /opt/airflow/dags/retrain_PWU_dag.py
[2025-05-20T05:39:28.685+0000] {processor.py:830} INFO - Processing file /opt/airflow/dags/retrain_PWU_dag.py for tasks to queue
[2025-05-20T05:39:28.688+0000] {logging_mixin.py:188} INFO - [2025-05-20T05:39:28.687+0000] {dagbag.py:540} INFO - Filling up the DagBag from /opt/airflow/dags/retrain_PWU_dag.py
[2025-05-20T05:39:28.715+0000] {processor.py:840} INFO - DAG(s) 'retrain_PWU_dag' retrieved from /opt/airflow/dags/retrain_PWU_dag.py
[2025-05-20T05:39:28.737+0000] {logging_mixin.py:188} INFO - [2025-05-20T05:39:28.737+0000] {dag.py:3096} INFO - Sync 1 DAGs
[2025-05-20T05:39:28.752+0000] {logging_mixin.py:188} INFO - [2025-05-20T05:39:28.752+0000] {dag.py:3954} INFO - Setting next_dagrun for retrain_PWU_dag to None, run_after=None
[2025-05-20T05:39:28.776+0000] {processor.py:183} INFO - Processing /opt/airflow/dags/retrain_PWU_dag.py took 0.109 seconds
[2025-05-20T05:39:59.217+0000] {processor.py:161} INFO - Started process (PID=424) to work on /opt/airflow/dags/retrain_PWU_dag.py
[2025-05-20T05:39:59.219+0000] {processor.py:830} INFO - Processing file /opt/airflow/dags/retrain_PWU_dag.py for tasks to queue
[2025-05-20T05:39:59.221+0000] {logging_mixin.py:188} INFO - [2025-05-20T05:39:59.221+0000] {dagbag.py:540} INFO - Filling up the DagBag from /opt/airflow/dags/retrain_PWU_dag.py
[2025-05-20T05:39:59.245+0000] {processor.py:840} INFO - DAG(s) 'retrain_PWU_dag' retrieved from /opt/airflow/dags/retrain_PWU_dag.py
[2025-05-20T05:39:59.272+0000] {logging_mixin.py:188} INFO - [2025-05-20T05:39:59.271+0000] {dag.py:3096} INFO - Sync 1 DAGs
[2025-05-20T05:39:59.293+0000] {logging_mixin.py:188} INFO - [2025-05-20T05:39:59.293+0000] {dag.py:3954} INFO - Setting next_dagrun for retrain_PWU_dag to None, run_after=None
[2025-05-20T05:39:59.326+0000] {processor.py:183} INFO - Processing /opt/airflow/dags/retrain_PWU_dag.py took 0.116 seconds
[2025-05-20T05:40:29.426+0000] {processor.py:161} INFO - Started process (PID=444) to work on /opt/airflow/dags/retrain_PWU_dag.py
[2025-05-20T05:40:29.428+0000] {processor.py:830} INFO - Processing file /opt/airflow/dags/retrain_PWU_dag.py for tasks to queue
[2025-05-20T05:40:29.430+0000] {logging_mixin.py:188} INFO - [2025-05-20T05:40:29.430+0000] {dagbag.py:540} INFO - Filling up the DagBag from /opt/airflow/dags/retrain_PWU_dag.py
[2025-05-20T05:40:29.452+0000] {processor.py:840} INFO - DAG(s) 'retrain_PWU_dag' retrieved from /opt/airflow/dags/retrain_PWU_dag.py
[2025-05-20T05:40:29.477+0000] {logging_mixin.py:188} INFO - [2025-05-20T05:40:29.477+0000] {dag.py:3096} INFO - Sync 1 DAGs
[2025-05-20T05:40:29.494+0000] {logging_mixin.py:188} INFO - [2025-05-20T05:40:29.493+0000] {dag.py:3954} INFO - Setting next_dagrun for retrain_PWU_dag to None, run_after=None
[2025-05-20T05:40:29.633+0000] {processor.py:183} INFO - Processing /opt/airflow/dags/retrain_PWU_dag.py took 0.217 seconds
[2025-05-20T05:40:59.723+0000] {processor.py:161} INFO - Started process (PID=462) to work on /opt/airflow/dags/retrain_PWU_dag.py
[2025-05-20T05:40:59.725+0000] {processor.py:830} INFO - Processing file /opt/airflow/dags/retrain_PWU_dag.py for tasks to queue
[2025-05-20T05:40:59.728+0000] {logging_mixin.py:188} INFO - [2025-05-20T05:40:59.728+0000] {dagbag.py:540} INFO - Filling up the DagBag from /opt/airflow/dags/retrain_PWU_dag.py
[2025-05-20T05:40:59.750+0000] {processor.py:840} INFO - DAG(s) 'retrain_PWU_dag' retrieved from /opt/airflow/dags/retrain_PWU_dag.py
[2025-05-20T05:40:59.782+0000] {logging_mixin.py:188} INFO - [2025-05-20T05:40:59.782+0000] {dag.py:3096} INFO - Sync 1 DAGs
[2025-05-20T05:40:59.800+0000] {logging_mixin.py:188} INFO - [2025-05-20T05:40:59.800+0000] {dag.py:3954} INFO - Setting next_dagrun for retrain_PWU_dag to None, run_after=None
[2025-05-20T05:40:59.834+0000] {processor.py:183} INFO - Processing /opt/airflow/dags/retrain_PWU_dag.py took 0.118 seconds
[2025-05-20T05:41:30.441+0000] {processor.py:161} INFO - Started process (PID=482) to work on /opt/airflow/dags/retrain_PWU_dag.py
[2025-05-20T05:41:30.442+0000] {processor.py:830} INFO - Processing file /opt/airflow/dags/retrain_PWU_dag.py for tasks to queue
[2025-05-20T05:41:30.445+0000] {logging_mixin.py:188} INFO - [2025-05-20T05:41:30.444+0000] {dagbag.py:540} INFO - Filling up the DagBag from /opt/airflow/dags/retrain_PWU_dag.py
[2025-05-20T05:41:30.469+0000] {processor.py:840} INFO - DAG(s) 'retrain_PWU_dag' retrieved from /opt/airflow/dags/retrain_PWU_dag.py
[2025-05-20T05:41:30.498+0000] {logging_mixin.py:188} INFO - [2025-05-20T05:41:30.498+0000] {dag.py:3096} INFO - Sync 1 DAGs
[2025-05-20T05:41:30.634+0000] {logging_mixin.py:188} INFO - [2025-05-20T05:41:30.634+0000] {dag.py:3954} INFO - Setting next_dagrun for retrain_PWU_dag to None, run_after=None
[2025-05-20T05:41:30.873+0000] {processor.py:183} INFO - Processing /opt/airflow/dags/retrain_PWU_dag.py took 0.438 seconds
[2025-05-20T05:42:01.489+0000] {processor.py:161} INFO - Started process (PID=504) to work on /opt/airflow/dags/retrain_PWU_dag.py
[2025-05-20T05:42:01.490+0000] {processor.py:830} INFO - Processing file /opt/airflow/dags/retrain_PWU_dag.py for tasks to queue
[2025-05-20T05:42:01.492+0000] {logging_mixin.py:188} INFO - [2025-05-20T05:42:01.492+0000] {dagbag.py:540} INFO - Filling up the DagBag from /opt/airflow/dags/retrain_PWU_dag.py
[2025-05-20T05:42:01.512+0000] {processor.py:840} INFO - DAG(s) 'retrain_PWU_dag' retrieved from /opt/airflow/dags/retrain_PWU_dag.py
[2025-05-20T05:42:01.534+0000] {logging_mixin.py:188} INFO - [2025-05-20T05:42:01.533+0000] {dag.py:3096} INFO - Sync 1 DAGs
[2025-05-20T05:42:01.552+0000] {logging_mixin.py:188} INFO - [2025-05-20T05:42:01.552+0000] {dag.py:3954} INFO - Setting next_dagrun for retrain_PWU_dag to None, run_after=None
[2025-05-20T05:42:01.581+0000] {processor.py:183} INFO - Processing /opt/airflow/dags/retrain_PWU_dag.py took 0.099 seconds
[2025-05-20T05:42:32.825+0000] {processor.py:161} INFO - Started process (PID=522) to work on /opt/airflow/dags/retrain_PWU_dag.py
[2025-05-20T05:42:32.826+0000] {processor.py:830} INFO - Processing file /opt/airflow/dags/retrain_PWU_dag.py for tasks to queue
[2025-05-20T05:42:32.828+0000] {logging_mixin.py:188} INFO - [2025-05-20T05:42:32.828+0000] {dagbag.py:540} INFO - Filling up the DagBag from /opt/airflow/dags/retrain_PWU_dag.py
[2025-05-20T05:42:32.853+0000] {processor.py:840} INFO - DAG(s) 'retrain_PWU_dag' retrieved from /opt/airflow/dags/retrain_PWU_dag.py
[2025-05-20T05:42:32.876+0000] {logging_mixin.py:188} INFO - [2025-05-20T05:42:32.875+0000] {dag.py:3096} INFO - Sync 1 DAGs
[2025-05-20T05:42:32.892+0000] {logging_mixin.py:188} INFO - [2025-05-20T05:42:32.892+0000] {dag.py:3954} INFO - Setting next_dagrun for retrain_PWU_dag to None, run_after=None
[2025-05-20T05:42:33.342+0000] {processor.py:183} INFO - Processing /opt/airflow/dags/retrain_PWU_dag.py took 0.528 seconds
[2025-05-20T05:43:03.858+0000] {processor.py:161} INFO - Started process (PID=542) to work on /opt/airflow/dags/retrain_PWU_dag.py
[2025-05-20T05:43:03.860+0000] {processor.py:830} INFO - Processing file /opt/airflow/dags/retrain_PWU_dag.py for tasks to queue
[2025-05-20T05:43:03.863+0000] {logging_mixin.py:188} INFO - [2025-05-20T05:43:03.862+0000] {dagbag.py:540} INFO - Filling up the DagBag from /opt/airflow/dags/retrain_PWU_dag.py
[2025-05-20T05:43:03.895+0000] {processor.py:840} INFO - DAG(s) 'retrain_PWU_dag' retrieved from /opt/airflow/dags/retrain_PWU_dag.py
[2025-05-20T05:43:03.933+0000] {logging_mixin.py:188} INFO - [2025-05-20T05:43:03.932+0000] {dag.py:3096} INFO - Sync 1 DAGs
[2025-05-20T05:43:03.959+0000] {logging_mixin.py:188} INFO - [2025-05-20T05:43:03.958+0000] {dag.py:3954} INFO - Setting next_dagrun for retrain_PWU_dag to None, run_after=None
[2025-05-20T05:43:03.992+0000] {processor.py:183} INFO - Processing /opt/airflow/dags/retrain_PWU_dag.py took 0.143 seconds
[2025-05-20T05:43:34.866+0000] {processor.py:161} INFO - Started process (PID=562) to work on /opt/airflow/dags/retrain_PWU_dag.py
[2025-05-20T05:43:34.868+0000] {processor.py:830} INFO - Processing file /opt/airflow/dags/retrain_PWU_dag.py for tasks to queue
[2025-05-20T05:43:34.871+0000] {logging_mixin.py:188} INFO - [2025-05-20T05:43:34.870+0000] {dagbag.py:540} INFO - Filling up the DagBag from /opt/airflow/dags/retrain_PWU_dag.py
[2025-05-20T05:43:34.893+0000] {processor.py:840} INFO - DAG(s) 'retrain_PWU_dag' retrieved from /opt/airflow/dags/retrain_PWU_dag.py
[2025-05-20T05:43:34.940+0000] {logging_mixin.py:188} INFO - [2025-05-20T05:43:34.940+0000] {dag.py:3096} INFO - Sync 1 DAGs
[2025-05-20T05:43:34.970+0000] {logging_mixin.py:188} INFO - [2025-05-20T05:43:34.970+0000] {dag.py:3954} INFO - Setting next_dagrun for retrain_PWU_dag to None, run_after=None
[2025-05-20T05:43:35.000+0000] {processor.py:183} INFO - Processing /opt/airflow/dags/retrain_PWU_dag.py took 0.141 seconds
[2025-05-20T05:44:05.946+0000] {processor.py:161} INFO - Started process (PID=582) to work on /opt/airflow/dags/retrain_PWU_dag.py
[2025-05-20T05:44:05.948+0000] {processor.py:830} INFO - Processing file /opt/airflow/dags/retrain_PWU_dag.py for tasks to queue
[2025-05-20T05:44:05.953+0000] {logging_mixin.py:188} INFO - [2025-05-20T05:44:05.952+0000] {dagbag.py:540} INFO - Filling up the DagBag from /opt/airflow/dags/retrain_PWU_dag.py
[2025-05-20T05:44:05.998+0000] {processor.py:840} INFO - DAG(s) 'retrain_PWU_dag' retrieved from /opt/airflow/dags/retrain_PWU_dag.py
[2025-05-20T05:44:06.043+0000] {logging_mixin.py:188} INFO - [2025-05-20T05:44:06.042+0000] {dag.py:3096} INFO - Sync 1 DAGs
[2025-05-20T05:44:06.080+0000] {logging_mixin.py:188} INFO - [2025-05-20T05:44:06.080+0000] {dag.py:3954} INFO - Setting next_dagrun for retrain_PWU_dag to None, run_after=None
[2025-05-20T05:44:06.125+0000] {processor.py:183} INFO - Processing /opt/airflow/dags/retrain_PWU_dag.py took 0.189 seconds
[2025-05-20T05:44:39.179+0000] {processor.py:161} INFO - Started process (PID=602) to work on /opt/airflow/dags/retrain_PWU_dag.py
[2025-05-20T05:44:39.180+0000] {processor.py:830} INFO - Processing file /opt/airflow/dags/retrain_PWU_dag.py for tasks to queue
[2025-05-20T05:44:39.182+0000] {logging_mixin.py:188} INFO - [2025-05-20T05:44:39.181+0000] {dagbag.py:540} INFO - Filling up the DagBag from /opt/airflow/dags/retrain_PWU_dag.py
[2025-05-20T05:44:39.197+0000] {processor.py:840} INFO - DAG(s) 'retrain_PWU_dag' retrieved from /opt/airflow/dags/retrain_PWU_dag.py
[2025-05-20T05:44:39.218+0000] {logging_mixin.py:188} INFO - [2025-05-20T05:44:39.218+0000] {dag.py:3096} INFO - Sync 1 DAGs
[2025-05-20T05:44:39.233+0000] {logging_mixin.py:188} INFO - [2025-05-20T05:44:39.232+0000] {dag.py:3954} INFO - Setting next_dagrun for retrain_PWU_dag to None, run_after=None
[2025-05-20T05:44:39.257+0000] {processor.py:183} INFO - Processing /opt/airflow/dags/retrain_PWU_dag.py took 0.085 seconds
[2025-05-20T05:45:09.744+0000] {processor.py:161} INFO - Started process (PID=622) to work on /opt/airflow/dags/retrain_PWU_dag.py
[2025-05-20T05:45:09.745+0000] {processor.py:830} INFO - Processing file /opt/airflow/dags/retrain_PWU_dag.py for tasks to queue
[2025-05-20T05:45:09.749+0000] {logging_mixin.py:188} INFO - [2025-05-20T05:45:09.748+0000] {dagbag.py:540} INFO - Filling up the DagBag from /opt/airflow/dags/retrain_PWU_dag.py
[2025-05-20T05:45:09.770+0000] {processor.py:840} INFO - DAG(s) 'retrain_PWU_dag' retrieved from /opt/airflow/dags/retrain_PWU_dag.py
[2025-05-20T05:45:09.798+0000] {logging_mixin.py:188} INFO - [2025-05-20T05:45:09.798+0000] {dag.py:3096} INFO - Sync 1 DAGs
[2025-05-20T05:45:09.818+0000] {logging_mixin.py:188} INFO - [2025-05-20T05:45:09.818+0000] {dag.py:3954} INFO - Setting next_dagrun for retrain_PWU_dag to None, run_after=None
[2025-05-20T05:45:09.847+0000] {processor.py:183} INFO - Processing /opt/airflow/dags/retrain_PWU_dag.py took 0.113 seconds
[2025-05-20T05:45:40.291+0000] {processor.py:161} INFO - Started process (PID=642) to work on /opt/airflow/dags/retrain_PWU_dag.py
[2025-05-20T05:45:40.293+0000] {processor.py:830} INFO - Processing file /opt/airflow/dags/retrain_PWU_dag.py for tasks to queue
[2025-05-20T05:45:40.296+0000] {logging_mixin.py:188} INFO - [2025-05-20T05:45:40.295+0000] {dagbag.py:540} INFO - Filling up the DagBag from /opt/airflow/dags/retrain_PWU_dag.py
[2025-05-20T05:45:40.319+0000] {processor.py:840} INFO - DAG(s) 'retrain_PWU_dag' retrieved from /opt/airflow/dags/retrain_PWU_dag.py
[2025-05-20T05:45:40.345+0000] {logging_mixin.py:188} INFO - [2025-05-20T05:45:40.345+0000] {dag.py:3096} INFO - Sync 1 DAGs
[2025-05-20T05:45:40.363+0000] {logging_mixin.py:188} INFO - [2025-05-20T05:45:40.363+0000] {dag.py:3954} INFO - Setting next_dagrun for retrain_PWU_dag to None, run_after=None
[2025-05-20T05:45:40.391+0000] {processor.py:183} INFO - Processing /opt/airflow/dags/retrain_PWU_dag.py took 0.112 seconds
[2025-05-20T05:46:11.029+0000] {processor.py:161} INFO - Started process (PID=664) to work on /opt/airflow/dags/retrain_PWU_dag.py
[2025-05-20T05:46:11.030+0000] {processor.py:830} INFO - Processing file /opt/airflow/dags/retrain_PWU_dag.py for tasks to queue
[2025-05-20T05:46:11.031+0000] {logging_mixin.py:188} INFO - [2025-05-20T05:46:11.031+0000] {dagbag.py:540} INFO - Filling up the DagBag from /opt/airflow/dags/retrain_PWU_dag.py
[2025-05-20T05:46:11.049+0000] {processor.py:840} INFO - DAG(s) 'retrain_PWU_dag' retrieved from /opt/airflow/dags/retrain_PWU_dag.py
[2025-05-20T05:46:11.068+0000] {logging_mixin.py:188} INFO - [2025-05-20T05:46:11.068+0000] {dag.py:3096} INFO - Sync 1 DAGs
[2025-05-20T05:46:11.084+0000] {logging_mixin.py:188} INFO - [2025-05-20T05:46:11.084+0000] {dag.py:3954} INFO - Setting next_dagrun for retrain_PWU_dag to None, run_after=None
[2025-05-20T05:46:11.106+0000] {processor.py:183} INFO - Processing /opt/airflow/dags/retrain_PWU_dag.py took 0.083 seconds
[2025-05-20T05:46:44.445+0000] {processor.py:161} INFO - Started process (PID=682) to work on /opt/airflow/dags/retrain_PWU_dag.py
[2025-05-20T05:46:44.446+0000] {processor.py:830} INFO - Processing file /opt/airflow/dags/retrain_PWU_dag.py for tasks to queue
[2025-05-20T05:46:44.449+0000] {logging_mixin.py:188} INFO - [2025-05-20T05:46:44.448+0000] {dagbag.py:540} INFO - Filling up the DagBag from /opt/airflow/dags/retrain_PWU_dag.py
[2025-05-20T05:46:44.473+0000] {processor.py:840} INFO - DAG(s) 'retrain_PWU_dag' retrieved from /opt/airflow/dags/retrain_PWU_dag.py
[2025-05-20T05:46:44.499+0000] {logging_mixin.py:188} INFO - [2025-05-20T05:46:44.499+0000] {dag.py:3096} INFO - Sync 1 DAGs
[2025-05-20T05:46:44.522+0000] {logging_mixin.py:188} INFO - [2025-05-20T05:46:44.522+0000] {dag.py:3954} INFO - Setting next_dagrun for retrain_PWU_dag to None, run_after=None
[2025-05-20T05:46:44.549+0000] {processor.py:183} INFO - Processing /opt/airflow/dags/retrain_PWU_dag.py took 0.112 seconds
[2025-05-20T05:47:16.534+0000] {processor.py:161} INFO - Started process (PID=702) to work on /opt/airflow/dags/retrain_PWU_dag.py
[2025-05-20T05:47:16.535+0000] {processor.py:830} INFO - Processing file /opt/airflow/dags/retrain_PWU_dag.py for tasks to queue
[2025-05-20T05:47:16.537+0000] {logging_mixin.py:188} INFO - [2025-05-20T05:47:16.537+0000] {dagbag.py:540} INFO - Filling up the DagBag from /opt/airflow/dags/retrain_PWU_dag.py
[2025-05-20T05:47:16.555+0000] {processor.py:840} INFO - DAG(s) 'retrain_PWU_dag' retrieved from /opt/airflow/dags/retrain_PWU_dag.py
[2025-05-20T05:47:16.574+0000] {logging_mixin.py:188} INFO - [2025-05-20T05:47:16.574+0000] {dag.py:3096} INFO - Sync 1 DAGs
[2025-05-20T05:47:16.620+0000] {logging_mixin.py:188} INFO - [2025-05-20T05:47:16.620+0000] {dag.py:3954} INFO - Setting next_dagrun for retrain_PWU_dag to None, run_after=None
[2025-05-20T05:47:16.644+0000] {processor.py:183} INFO - Processing /opt/airflow/dags/retrain_PWU_dag.py took 0.116 seconds
[2025-05-20T05:47:49.486+0000] {processor.py:161} INFO - Started process (PID=722) to work on /opt/airflow/dags/retrain_PWU_dag.py
[2025-05-20T05:47:49.487+0000] {processor.py:830} INFO - Processing file /opt/airflow/dags/retrain_PWU_dag.py for tasks to queue
[2025-05-20T05:47:49.489+0000] {logging_mixin.py:188} INFO - [2025-05-20T05:47:49.488+0000] {dagbag.py:540} INFO - Filling up the DagBag from /opt/airflow/dags/retrain_PWU_dag.py
[2025-05-20T05:47:49.509+0000] {processor.py:840} INFO - DAG(s) 'retrain_PWU_dag' retrieved from /opt/airflow/dags/retrain_PWU_dag.py
[2025-05-20T05:47:49.532+0000] {logging_mixin.py:188} INFO - [2025-05-20T05:47:49.532+0000] {dag.py:3096} INFO - Sync 1 DAGs
[2025-05-20T05:47:49.547+0000] {logging_mixin.py:188} INFO - [2025-05-20T05:47:49.547+0000] {dag.py:3954} INFO - Setting next_dagrun for retrain_PWU_dag to None, run_after=None
[2025-05-20T05:47:49.570+0000] {processor.py:183} INFO - Processing /opt/airflow/dags/retrain_PWU_dag.py took 0.090 seconds
[2025-05-20T05:48:20.083+0000] {processor.py:161} INFO - Started process (PID=744) to work on /opt/airflow/dags/retrain_PWU_dag.py
[2025-05-20T05:48:20.084+0000] {processor.py:830} INFO - Processing file /opt/airflow/dags/retrain_PWU_dag.py for tasks to queue
[2025-05-20T05:48:20.086+0000] {logging_mixin.py:188} INFO - [2025-05-20T05:48:20.085+0000] {dagbag.py:540} INFO - Filling up the DagBag from /opt/airflow/dags/retrain_PWU_dag.py
[2025-05-20T05:48:20.103+0000] {processor.py:840} INFO - DAG(s) 'retrain_PWU_dag' retrieved from /opt/airflow/dags/retrain_PWU_dag.py
[2025-05-20T05:48:20.125+0000] {logging_mixin.py:188} INFO - [2025-05-20T05:48:20.125+0000] {dag.py:3096} INFO - Sync 1 DAGs
[2025-05-20T05:48:20.141+0000] {logging_mixin.py:188} INFO - [2025-05-20T05:48:20.140+0000] {dag.py:3954} INFO - Setting next_dagrun for retrain_PWU_dag to None, run_after=None
[2025-05-20T05:48:20.162+0000] {processor.py:183} INFO - Processing /opt/airflow/dags/retrain_PWU_dag.py took 0.085 seconds
[2025-05-20T05:48:50.821+0000] {processor.py:161} INFO - Started process (PID=764) to work on /opt/airflow/dags/retrain_PWU_dag.py
[2025-05-20T05:48:50.822+0000] {processor.py:830} INFO - Processing file /opt/airflow/dags/retrain_PWU_dag.py for tasks to queue
[2025-05-20T05:48:50.824+0000] {logging_mixin.py:188} INFO - [2025-05-20T05:48:50.824+0000] {dagbag.py:540} INFO - Filling up the DagBag from /opt/airflow/dags/retrain_PWU_dag.py
[2025-05-20T05:48:50.843+0000] {processor.py:840} INFO - DAG(s) 'retrain_PWU_dag' retrieved from /opt/airflow/dags/retrain_PWU_dag.py
[2025-05-20T05:48:50.865+0000] {logging_mixin.py:188} INFO - [2025-05-20T05:48:50.864+0000] {dag.py:3096} INFO - Sync 1 DAGs
[2025-05-20T05:48:50.878+0000] {logging_mixin.py:188} INFO - [2025-05-20T05:48:50.878+0000] {dag.py:3954} INFO - Setting next_dagrun for retrain_PWU_dag to None, run_after=None
[2025-05-20T05:48:50.908+0000] {processor.py:183} INFO - Processing /opt/airflow/dags/retrain_PWU_dag.py took 0.092 seconds
[2025-05-20T05:49:21.222+0000] {processor.py:161} INFO - Started process (PID=782) to work on /opt/airflow/dags/retrain_PWU_dag.py
[2025-05-20T05:49:21.223+0000] {processor.py:830} INFO - Processing file /opt/airflow/dags/retrain_PWU_dag.py for tasks to queue
[2025-05-20T05:49:21.225+0000] {logging_mixin.py:188} INFO - [2025-05-20T05:49:21.224+0000] {dagbag.py:540} INFO - Filling up the DagBag from /opt/airflow/dags/retrain_PWU_dag.py
[2025-05-20T05:49:21.241+0000] {processor.py:840} INFO - DAG(s) 'retrain_PWU_dag' retrieved from /opt/airflow/dags/retrain_PWU_dag.py
[2025-05-20T05:49:21.260+0000] {logging_mixin.py:188} INFO - [2025-05-20T05:49:21.260+0000] {dag.py:3096} INFO - Sync 1 DAGs
[2025-05-20T05:49:21.273+0000] {logging_mixin.py:188} INFO - [2025-05-20T05:49:21.272+0000] {dag.py:3954} INFO - Setting next_dagrun for retrain_PWU_dag to None, run_after=None
[2025-05-20T05:49:21.294+0000] {processor.py:183} INFO - Processing /opt/airflow/dags/retrain_PWU_dag.py took 0.077 seconds
[2025-05-20T05:49:51.908+0000] {processor.py:161} INFO - Started process (PID=804) to work on /opt/airflow/dags/retrain_PWU_dag.py
[2025-05-20T05:49:51.909+0000] {processor.py:830} INFO - Processing file /opt/airflow/dags/retrain_PWU_dag.py for tasks to queue
[2025-05-20T05:49:51.911+0000] {logging_mixin.py:188} INFO - [2025-05-20T05:49:51.911+0000] {dagbag.py:540} INFO - Filling up the DagBag from /opt/airflow/dags/retrain_PWU_dag.py
[2025-05-20T05:49:51.930+0000] {processor.py:840} INFO - DAG(s) 'retrain_PWU_dag' retrieved from /opt/airflow/dags/retrain_PWU_dag.py
[2025-05-20T05:49:51.950+0000] {logging_mixin.py:188} INFO - [2025-05-20T05:49:51.950+0000] {dag.py:3096} INFO - Sync 1 DAGs
[2025-05-20T05:49:51.963+0000] {logging_mixin.py:188} INFO - [2025-05-20T05:49:51.963+0000] {dag.py:3954} INFO - Setting next_dagrun for retrain_PWU_dag to None, run_after=None
[2025-05-20T05:49:51.985+0000] {processor.py:183} INFO - Processing /opt/airflow/dags/retrain_PWU_dag.py took 0.083 seconds
[2025-05-20T05:50:22.525+0000] {processor.py:161} INFO - Started process (PID=824) to work on /opt/airflow/dags/retrain_PWU_dag.py
[2025-05-20T05:50:22.526+0000] {processor.py:830} INFO - Processing file /opt/airflow/dags/retrain_PWU_dag.py for tasks to queue
[2025-05-20T05:50:22.528+0000] {logging_mixin.py:188} INFO - [2025-05-20T05:50:22.528+0000] {dagbag.py:540} INFO - Filling up the DagBag from /opt/airflow/dags/retrain_PWU_dag.py
[2025-05-20T05:50:22.545+0000] {processor.py:840} INFO - DAG(s) 'retrain_PWU_dag' retrieved from /opt/airflow/dags/retrain_PWU_dag.py
[2025-05-20T05:50:22.565+0000] {logging_mixin.py:188} INFO - [2025-05-20T05:50:22.564+0000] {dag.py:3096} INFO - Sync 1 DAGs
[2025-05-20T05:50:22.577+0000] {logging_mixin.py:188} INFO - [2025-05-20T05:50:22.577+0000] {dag.py:3954} INFO - Setting next_dagrun for retrain_PWU_dag to None, run_after=None
[2025-05-20T05:50:22.598+0000] {processor.py:183} INFO - Processing /opt/airflow/dags/retrain_PWU_dag.py took 0.078 seconds
[2025-05-20T05:50:52.901+0000] {processor.py:161} INFO - Started process (PID=842) to work on /opt/airflow/dags/retrain_PWU_dag.py
[2025-05-20T05:50:52.902+0000] {processor.py:830} INFO - Processing file /opt/airflow/dags/retrain_PWU_dag.py for tasks to queue
[2025-05-20T05:50:52.904+0000] {logging_mixin.py:188} INFO - [2025-05-20T05:50:52.904+0000] {dagbag.py:540} INFO - Filling up the DagBag from /opt/airflow/dags/retrain_PWU_dag.py
[2025-05-20T05:50:52.926+0000] {processor.py:840} INFO - DAG(s) 'retrain_PWU_dag' retrieved from /opt/airflow/dags/retrain_PWU_dag.py
[2025-05-20T05:50:52.948+0000] {logging_mixin.py:188} INFO - [2025-05-20T05:50:52.947+0000] {dag.py:3096} INFO - Sync 1 DAGs
[2025-05-20T05:50:52.961+0000] {logging_mixin.py:188} INFO - [2025-05-20T05:50:52.960+0000] {dag.py:3954} INFO - Setting next_dagrun for retrain_PWU_dag to None, run_after=None
[2025-05-20T05:50:52.983+0000] {processor.py:183} INFO - Processing /opt/airflow/dags/retrain_PWU_dag.py took 0.090 seconds
[2025-05-20T05:51:23.323+0000] {processor.py:161} INFO - Started process (PID=862) to work on /opt/airflow/dags/retrain_PWU_dag.py
[2025-05-20T05:51:23.324+0000] {processor.py:830} INFO - Processing file /opt/airflow/dags/retrain_PWU_dag.py for tasks to queue
[2025-05-20T05:51:23.326+0000] {logging_mixin.py:188} INFO - [2025-05-20T05:51:23.326+0000] {dagbag.py:540} INFO - Filling up the DagBag from /opt/airflow/dags/retrain_PWU_dag.py
[2025-05-20T05:51:23.348+0000] {processor.py:840} INFO - DAG(s) 'retrain_PWU_dag' retrieved from /opt/airflow/dags/retrain_PWU_dag.py
[2025-05-20T05:51:23.370+0000] {logging_mixin.py:188} INFO - [2025-05-20T05:51:23.370+0000] {dag.py:3096} INFO - Sync 1 DAGs
[2025-05-20T05:51:23.385+0000] {logging_mixin.py:188} INFO - [2025-05-20T05:51:23.385+0000] {dag.py:3954} INFO - Setting next_dagrun for retrain_PWU_dag to None, run_after=None
[2025-05-20T05:51:23.408+0000] {processor.py:183} INFO - Processing /opt/airflow/dags/retrain_PWU_dag.py took 0.091 seconds
[2025-05-20T05:51:54.020+0000] {processor.py:161} INFO - Started process (PID=884) to work on /opt/airflow/dags/retrain_PWU_dag.py
[2025-05-20T05:51:54.021+0000] {processor.py:830} INFO - Processing file /opt/airflow/dags/retrain_PWU_dag.py for tasks to queue
[2025-05-20T05:51:54.023+0000] {logging_mixin.py:188} INFO - [2025-05-20T05:51:54.023+0000] {dagbag.py:540} INFO - Filling up the DagBag from /opt/airflow/dags/retrain_PWU_dag.py
[2025-05-20T05:51:54.042+0000] {processor.py:840} INFO - DAG(s) 'retrain_PWU_dag' retrieved from /opt/airflow/dags/retrain_PWU_dag.py
[2025-05-20T05:51:54.062+0000] {logging_mixin.py:188} INFO - [2025-05-20T05:51:54.062+0000] {dag.py:3096} INFO - Sync 1 DAGs
[2025-05-20T05:51:54.078+0000] {logging_mixin.py:188} INFO - [2025-05-20T05:51:54.078+0000] {dag.py:3954} INFO - Setting next_dagrun for retrain_PWU_dag to None, run_after=None
[2025-05-20T05:51:54.100+0000] {processor.py:183} INFO - Processing /opt/airflow/dags/retrain_PWU_dag.py took 0.086 seconds
[2025-05-20T06:02:48.422+0000] {processor.py:161} INFO - Started process (PID=179) to work on /opt/airflow/dags/retrain_PWU_dag.py
[2025-05-20T06:02:48.424+0000] {processor.py:830} INFO - Processing file /opt/airflow/dags/retrain_PWU_dag.py for tasks to queue
[2025-05-20T06:02:48.425+0000] {logging_mixin.py:188} INFO - [2025-05-20T06:02:48.425+0000] {dagbag.py:540} INFO - Filling up the DagBag from /opt/airflow/dags/retrain_PWU_dag.py
[2025-05-20T06:02:48.442+0000] {processor.py:840} INFO - DAG(s) 'retrain_PWU_dag' retrieved from /opt/airflow/dags/retrain_PWU_dag.py
[2025-05-20T06:02:48.552+0000] {logging_mixin.py:188} INFO - [2025-05-20T06:02:48.551+0000] {override.py:1829} INFO - Created Permission View: can read on DAG:retrain_PWU_dag
[2025-05-20T06:02:48.561+0000] {logging_mixin.py:188} INFO - [2025-05-20T06:02:48.561+0000] {override.py:1829} INFO - Created Permission View: can delete on DAG:retrain_PWU_dag
[2025-05-20T06:02:48.569+0000] {logging_mixin.py:188} INFO - [2025-05-20T06:02:48.569+0000] {override.py:1829} INFO - Created Permission View: can edit on DAG:retrain_PWU_dag
[2025-05-20T06:02:48.570+0000] {logging_mixin.py:188} INFO - [2025-05-20T06:02:48.570+0000] {dag.py:3096} INFO - Sync 1 DAGs
[2025-05-20T06:02:48.580+0000] {logging_mixin.py:188} INFO - [2025-05-20T06:02:48.580+0000] {dag.py:3118} INFO - Creating ORM DAG for retrain_PWU_dag
[2025-05-20T06:02:48.581+0000] {logging_mixin.py:188} INFO - [2025-05-20T06:02:48.581+0000] {dag.py:3954} INFO - Setting next_dagrun for retrain_PWU_dag to None, run_after=None
[2025-05-20T06:02:48.599+0000] {processor.py:183} INFO - Processing /opt/airflow/dags/retrain_PWU_dag.py took 0.182 seconds
[2025-05-20T06:03:18.907+0000] {processor.py:161} INFO - Started process (PID=197) to work on /opt/airflow/dags/retrain_PWU_dag.py
[2025-05-20T06:03:18.908+0000] {processor.py:830} INFO - Processing file /opt/airflow/dags/retrain_PWU_dag.py for tasks to queue
[2025-05-20T06:03:18.910+0000] {logging_mixin.py:188} INFO - [2025-05-20T06:03:18.910+0000] {dagbag.py:540} INFO - Filling up the DagBag from /opt/airflow/dags/retrain_PWU_dag.py
[2025-05-20T06:03:18.930+0000] {processor.py:840} INFO - DAG(s) 'retrain_PWU_dag' retrieved from /opt/airflow/dags/retrain_PWU_dag.py
[2025-05-20T06:03:18.953+0000] {logging_mixin.py:188} INFO - [2025-05-20T06:03:18.953+0000] {dag.py:3096} INFO - Sync 1 DAGs
[2025-05-20T06:03:18.967+0000] {logging_mixin.py:188} INFO - [2025-05-20T06:03:18.967+0000] {dag.py:3954} INFO - Setting next_dagrun for retrain_PWU_dag to None, run_after=None
[2025-05-20T06:03:18.986+0000] {processor.py:183} INFO - Processing /opt/airflow/dags/retrain_PWU_dag.py took 0.085 seconds
[2025-05-20T06:03:49.583+0000] {processor.py:161} INFO - Started process (PID=219) to work on /opt/airflow/dags/retrain_PWU_dag.py
[2025-05-20T06:03:49.584+0000] {processor.py:830} INFO - Processing file /opt/airflow/dags/retrain_PWU_dag.py for tasks to queue
[2025-05-20T06:03:49.586+0000] {logging_mixin.py:188} INFO - [2025-05-20T06:03:49.586+0000] {dagbag.py:540} INFO - Filling up the DagBag from /opt/airflow/dags/retrain_PWU_dag.py
[2025-05-20T06:03:49.603+0000] {processor.py:840} INFO - DAG(s) 'retrain_PWU_dag' retrieved from /opt/airflow/dags/retrain_PWU_dag.py
[2025-05-20T06:03:49.624+0000] {logging_mixin.py:188} INFO - [2025-05-20T06:03:49.623+0000] {dag.py:3096} INFO - Sync 1 DAGs
[2025-05-20T06:03:49.638+0000] {logging_mixin.py:188} INFO - [2025-05-20T06:03:49.638+0000] {dag.py:3954} INFO - Setting next_dagrun for retrain_PWU_dag to None, run_after=None
[2025-05-20T06:03:49.658+0000] {processor.py:183} INFO - Processing /opt/airflow/dags/retrain_PWU_dag.py took 0.080 seconds
[2025-05-20T06:04:20.303+0000] {processor.py:161} INFO - Started process (PID=239) to work on /opt/airflow/dags/retrain_PWU_dag.py
[2025-05-20T06:04:20.304+0000] {processor.py:830} INFO - Processing file /opt/airflow/dags/retrain_PWU_dag.py for tasks to queue
[2025-05-20T06:04:20.306+0000] {logging_mixin.py:188} INFO - [2025-05-20T06:04:20.306+0000] {dagbag.py:540} INFO - Filling up the DagBag from /opt/airflow/dags/retrain_PWU_dag.py
[2025-05-20T06:04:20.324+0000] {processor.py:840} INFO - DAG(s) 'retrain_PWU_dag' retrieved from /opt/airflow/dags/retrain_PWU_dag.py
[2025-05-20T06:04:20.344+0000] {logging_mixin.py:188} INFO - [2025-05-20T06:04:20.344+0000] {dag.py:3096} INFO - Sync 1 DAGs
[2025-05-20T06:04:20.356+0000] {logging_mixin.py:188} INFO - [2025-05-20T06:04:20.356+0000] {dag.py:3954} INFO - Setting next_dagrun for retrain_PWU_dag to None, run_after=None
[2025-05-20T06:04:20.374+0000] {processor.py:183} INFO - Processing /opt/airflow/dags/retrain_PWU_dag.py took 0.076 seconds
[2025-05-20T06:04:50.830+0000] {processor.py:161} INFO - Started process (PID=257) to work on /opt/airflow/dags/retrain_PWU_dag.py
[2025-05-20T06:04:50.831+0000] {processor.py:830} INFO - Processing file /opt/airflow/dags/retrain_PWU_dag.py for tasks to queue
[2025-05-20T06:04:50.834+0000] {logging_mixin.py:188} INFO - [2025-05-20T06:04:50.834+0000] {dagbag.py:540} INFO - Filling up the DagBag from /opt/airflow/dags/retrain_PWU_dag.py
[2025-05-20T06:04:50.853+0000] {processor.py:840} INFO - DAG(s) 'retrain_PWU_dag' retrieved from /opt/airflow/dags/retrain_PWU_dag.py
[2025-05-20T06:04:50.875+0000] {logging_mixin.py:188} INFO - [2025-05-20T06:04:50.874+0000] {dag.py:3096} INFO - Sync 1 DAGs
[2025-05-20T06:04:50.888+0000] {logging_mixin.py:188} INFO - [2025-05-20T06:04:50.888+0000] {dag.py:3954} INFO - Setting next_dagrun for retrain_PWU_dag to None, run_after=None
[2025-05-20T06:04:50.910+0000] {processor.py:183} INFO - Processing /opt/airflow/dags/retrain_PWU_dag.py took 0.088 seconds
[2025-05-20T06:19:54.436+0000] {processor.py:161} INFO - Started process (PID=177) to work on /opt/airflow/dags/retrain_PWU_dag.py
[2025-05-20T06:19:54.437+0000] {processor.py:830} INFO - Processing file /opt/airflow/dags/retrain_PWU_dag.py for tasks to queue
[2025-05-20T06:19:54.439+0000] {logging_mixin.py:188} INFO - [2025-05-20T06:19:54.438+0000] {dagbag.py:540} INFO - Filling up the DagBag from /opt/airflow/dags/retrain_PWU_dag.py
[2025-05-20T06:19:54.455+0000] {processor.py:840} INFO - DAG(s) 'retrain_PWU_dag' retrieved from /opt/airflow/dags/retrain_PWU_dag.py
[2025-05-20T06:19:54.569+0000] {logging_mixin.py:188} INFO - [2025-05-20T06:19:54.569+0000] {override.py:1829} INFO - Created Permission View: can delete on DAG:retrain_PWU_dag
[2025-05-20T06:19:54.582+0000] {logging_mixin.py:188} INFO - [2025-05-20T06:19:54.582+0000] {override.py:1829} INFO - Created Permission View: can read on DAG:retrain_PWU_dag
[2025-05-20T06:19:54.591+0000] {logging_mixin.py:188} INFO - [2025-05-20T06:19:54.591+0000] {override.py:1829} INFO - Created Permission View: can edit on DAG:retrain_PWU_dag
[2025-05-20T06:19:54.592+0000] {logging_mixin.py:188} INFO - [2025-05-20T06:19:54.592+0000] {dag.py:3096} INFO - Sync 1 DAGs
[2025-05-20T06:19:54.605+0000] {logging_mixin.py:188} INFO - [2025-05-20T06:19:54.605+0000] {dag.py:3118} INFO - Creating ORM DAG for retrain_PWU_dag
[2025-05-20T06:19:54.606+0000] {logging_mixin.py:188} INFO - [2025-05-20T06:19:54.606+0000] {dag.py:3954} INFO - Setting next_dagrun for retrain_PWU_dag to None, run_after=None
[2025-05-20T06:19:54.627+0000] {processor.py:183} INFO - Processing /opt/airflow/dags/retrain_PWU_dag.py took 0.196 seconds
[2025-05-20T06:20:25.279+0000] {processor.py:161} INFO - Started process (PID=199) to work on /opt/airflow/dags/retrain_PWU_dag.py
[2025-05-20T06:20:25.280+0000] {processor.py:830} INFO - Processing file /opt/airflow/dags/retrain_PWU_dag.py for tasks to queue
[2025-05-20T06:20:25.281+0000] {logging_mixin.py:188} INFO - [2025-05-20T06:20:25.281+0000] {dagbag.py:540} INFO - Filling up the DagBag from /opt/airflow/dags/retrain_PWU_dag.py
[2025-05-20T06:20:25.300+0000] {processor.py:840} INFO - DAG(s) 'retrain_PWU_dag' retrieved from /opt/airflow/dags/retrain_PWU_dag.py
[2025-05-20T06:20:25.320+0000] {logging_mixin.py:188} INFO - [2025-05-20T06:20:25.319+0000] {dag.py:3096} INFO - Sync 1 DAGs
[2025-05-20T06:20:25.332+0000] {logging_mixin.py:188} INFO - [2025-05-20T06:20:25.331+0000] {dag.py:3954} INFO - Setting next_dagrun for retrain_PWU_dag to None, run_after=None
[2025-05-20T06:20:25.353+0000] {processor.py:183} INFO - Processing /opt/airflow/dags/retrain_PWU_dag.py took 0.080 seconds
[2025-05-20T06:20:55.900+0000] {processor.py:161} INFO - Started process (PID=217) to work on /opt/airflow/dags/retrain_PWU_dag.py
[2025-05-20T06:20:55.901+0000] {processor.py:830} INFO - Processing file /opt/airflow/dags/retrain_PWU_dag.py for tasks to queue
[2025-05-20T06:20:55.902+0000] {logging_mixin.py:188} INFO - [2025-05-20T06:20:55.902+0000] {dagbag.py:540} INFO - Filling up the DagBag from /opt/airflow/dags/retrain_PWU_dag.py
[2025-05-20T06:20:55.918+0000] {processor.py:840} INFO - DAG(s) 'retrain_PWU_dag' retrieved from /opt/airflow/dags/retrain_PWU_dag.py
[2025-05-20T06:20:55.937+0000] {logging_mixin.py:188} INFO - [2025-05-20T06:20:55.937+0000] {dag.py:3096} INFO - Sync 1 DAGs
[2025-05-20T06:20:55.951+0000] {logging_mixin.py:188} INFO - [2025-05-20T06:20:55.951+0000] {dag.py:3954} INFO - Setting next_dagrun for retrain_PWU_dag to None, run_after=None
[2025-05-20T06:20:55.972+0000] {processor.py:183} INFO - Processing /opt/airflow/dags/retrain_PWU_dag.py took 0.079 seconds
[2025-05-20T06:21:26.704+0000] {processor.py:161} INFO - Started process (PID=239) to work on /opt/airflow/dags/retrain_PWU_dag.py
[2025-05-20T06:21:26.705+0000] {processor.py:830} INFO - Processing file /opt/airflow/dags/retrain_PWU_dag.py for tasks to queue
[2025-05-20T06:21:26.706+0000] {logging_mixin.py:188} INFO - [2025-05-20T06:21:26.706+0000] {dagbag.py:540} INFO - Filling up the DagBag from /opt/airflow/dags/retrain_PWU_dag.py
[2025-05-20T06:21:26.723+0000] {processor.py:840} INFO - DAG(s) 'retrain_PWU_dag' retrieved from /opt/airflow/dags/retrain_PWU_dag.py
[2025-05-20T06:21:26.743+0000] {logging_mixin.py:188} INFO - [2025-05-20T06:21:26.743+0000] {dag.py:3096} INFO - Sync 1 DAGs
[2025-05-20T06:21:26.755+0000] {logging_mixin.py:188} INFO - [2025-05-20T06:21:26.755+0000] {dag.py:3954} INFO - Setting next_dagrun for retrain_PWU_dag to None, run_after=None
[2025-05-20T06:21:26.775+0000] {processor.py:183} INFO - Processing /opt/airflow/dags/retrain_PWU_dag.py took 0.077 seconds
[2025-05-20T06:21:57.340+0000] {processor.py:161} INFO - Started process (PID=259) to work on /opt/airflow/dags/retrain_PWU_dag.py
[2025-05-20T06:21:57.341+0000] {processor.py:830} INFO - Processing file /opt/airflow/dags/retrain_PWU_dag.py for tasks to queue
[2025-05-20T06:21:57.343+0000] {logging_mixin.py:188} INFO - [2025-05-20T06:21:57.342+0000] {dagbag.py:540} INFO - Filling up the DagBag from /opt/airflow/dags/retrain_PWU_dag.py
[2025-05-20T06:21:57.359+0000] {processor.py:840} INFO - DAG(s) 'retrain_PWU_dag' retrieved from /opt/airflow/dags/retrain_PWU_dag.py
[2025-05-20T06:21:57.378+0000] {logging_mixin.py:188} INFO - [2025-05-20T06:21:57.377+0000] {dag.py:3096} INFO - Sync 1 DAGs
[2025-05-20T06:21:57.390+0000] {logging_mixin.py:188} INFO - [2025-05-20T06:21:57.390+0000] {dag.py:3954} INFO - Setting next_dagrun for retrain_PWU_dag to None, run_after=None
[2025-05-20T06:21:57.410+0000] {processor.py:183} INFO - Processing /opt/airflow/dags/retrain_PWU_dag.py took 0.076 seconds
[2025-05-20T06:22:27.976+0000] {processor.py:161} INFO - Started process (PID=279) to work on /opt/airflow/dags/retrain_PWU_dag.py
[2025-05-20T06:22:27.977+0000] {processor.py:830} INFO - Processing file /opt/airflow/dags/retrain_PWU_dag.py for tasks to queue
[2025-05-20T06:22:27.979+0000] {logging_mixin.py:188} INFO - [2025-05-20T06:22:27.979+0000] {dagbag.py:540} INFO - Filling up the DagBag from /opt/airflow/dags/retrain_PWU_dag.py
[2025-05-20T06:22:27.996+0000] {processor.py:840} INFO - DAG(s) 'retrain_PWU_dag' retrieved from /opt/airflow/dags/retrain_PWU_dag.py
[2025-05-20T06:22:28.015+0000] {logging_mixin.py:188} INFO - [2025-05-20T06:22:28.015+0000] {dag.py:3096} INFO - Sync 1 DAGs
[2025-05-20T06:22:28.027+0000] {logging_mixin.py:188} INFO - [2025-05-20T06:22:28.027+0000] {dag.py:3954} INFO - Setting next_dagrun for retrain_PWU_dag to None, run_after=None
[2025-05-20T06:22:28.048+0000] {processor.py:183} INFO - Processing /opt/airflow/dags/retrain_PWU_dag.py took 0.077 seconds
[2025-05-20T06:22:58.579+0000] {processor.py:161} INFO - Started process (PID=297) to work on /opt/airflow/dags/retrain_PWU_dag.py
[2025-05-20T06:22:58.580+0000] {processor.py:830} INFO - Processing file /opt/airflow/dags/retrain_PWU_dag.py for tasks to queue
[2025-05-20T06:22:58.583+0000] {logging_mixin.py:188} INFO - [2025-05-20T06:22:58.582+0000] {dagbag.py:540} INFO - Filling up the DagBag from /opt/airflow/dags/retrain_PWU_dag.py
[2025-05-20T06:22:58.599+0000] {processor.py:840} INFO - DAG(s) 'retrain_PWU_dag' retrieved from /opt/airflow/dags/retrain_PWU_dag.py
[2025-05-20T06:22:58.621+0000] {logging_mixin.py:188} INFO - [2025-05-20T06:22:58.621+0000] {dag.py:3096} INFO - Sync 1 DAGs
[2025-05-20T06:22:58.634+0000] {logging_mixin.py:188} INFO - [2025-05-20T06:22:58.633+0000] {dag.py:3954} INFO - Setting next_dagrun for retrain_PWU_dag to None, run_after=None
[2025-05-20T06:22:58.655+0000] {processor.py:183} INFO - Processing /opt/airflow/dags/retrain_PWU_dag.py took 0.082 seconds
[2025-05-20T06:23:29.179+0000] {processor.py:161} INFO - Started process (PID=317) to work on /opt/airflow/dags/retrain_PWU_dag.py
[2025-05-20T06:23:29.180+0000] {processor.py:830} INFO - Processing file /opt/airflow/dags/retrain_PWU_dag.py for tasks to queue
[2025-05-20T06:23:29.182+0000] {logging_mixin.py:188} INFO - [2025-05-20T06:23:29.181+0000] {dagbag.py:540} INFO - Filling up the DagBag from /opt/airflow/dags/retrain_PWU_dag.py
[2025-05-20T06:23:29.199+0000] {processor.py:840} INFO - DAG(s) 'retrain_PWU_dag' retrieved from /opt/airflow/dags/retrain_PWU_dag.py
[2025-05-20T06:23:29.218+0000] {logging_mixin.py:188} INFO - [2025-05-20T06:23:29.218+0000] {dag.py:3096} INFO - Sync 1 DAGs
[2025-05-20T06:23:29.230+0000] {logging_mixin.py:188} INFO - [2025-05-20T06:23:29.230+0000] {dag.py:3954} INFO - Setting next_dagrun for retrain_PWU_dag to None, run_after=None
[2025-05-20T06:23:29.254+0000] {processor.py:183} INFO - Processing /opt/airflow/dags/retrain_PWU_dag.py took 0.081 seconds
[2025-05-20T06:23:59.847+0000] {processor.py:161} INFO - Started process (PID=339) to work on /opt/airflow/dags/retrain_PWU_dag.py
[2025-05-20T06:23:59.848+0000] {processor.py:830} INFO - Processing file /opt/airflow/dags/retrain_PWU_dag.py for tasks to queue
[2025-05-20T06:23:59.850+0000] {logging_mixin.py:188} INFO - [2025-05-20T06:23:59.849+0000] {dagbag.py:540} INFO - Filling up the DagBag from /opt/airflow/dags/retrain_PWU_dag.py
[2025-05-20T06:23:59.868+0000] {processor.py:840} INFO - DAG(s) 'retrain_PWU_dag' retrieved from /opt/airflow/dags/retrain_PWU_dag.py
[2025-05-20T06:23:59.889+0000] {logging_mixin.py:188} INFO - [2025-05-20T06:23:59.889+0000] {dag.py:3096} INFO - Sync 1 DAGs
[2025-05-20T06:23:59.903+0000] {logging_mixin.py:188} INFO - [2025-05-20T06:23:59.903+0000] {dag.py:3954} INFO - Setting next_dagrun for retrain_PWU_dag to None, run_after=None
[2025-05-20T06:23:59.925+0000] {processor.py:183} INFO - Processing /opt/airflow/dags/retrain_PWU_dag.py took 0.083 seconds
[2025-05-20T06:24:30.577+0000] {processor.py:161} INFO - Started process (PID=359) to work on /opt/airflow/dags/retrain_PWU_dag.py
[2025-05-20T06:24:30.578+0000] {processor.py:830} INFO - Processing file /opt/airflow/dags/retrain_PWU_dag.py for tasks to queue
[2025-05-20T06:24:30.580+0000] {logging_mixin.py:188} INFO - [2025-05-20T06:24:30.579+0000] {dagbag.py:540} INFO - Filling up the DagBag from /opt/airflow/dags/retrain_PWU_dag.py
[2025-05-20T06:24:30.596+0000] {processor.py:840} INFO - DAG(s) 'retrain_PWU_dag' retrieved from /opt/airflow/dags/retrain_PWU_dag.py
[2025-05-20T06:24:30.617+0000] {logging_mixin.py:188} INFO - [2025-05-20T06:24:30.616+0000] {dag.py:3096} INFO - Sync 1 DAGs
[2025-05-20T06:24:30.629+0000] {logging_mixin.py:188} INFO - [2025-05-20T06:24:30.629+0000] {dag.py:3954} INFO - Setting next_dagrun for retrain_PWU_dag to None, run_after=None
[2025-05-20T06:24:30.650+0000] {processor.py:183} INFO - Processing /opt/airflow/dags/retrain_PWU_dag.py took 0.078 seconds
[2025-05-20T06:25:01.308+0000] {processor.py:161} INFO - Started process (PID=377) to work on /opt/airflow/dags/retrain_PWU_dag.py
[2025-05-20T06:25:01.309+0000] {processor.py:830} INFO - Processing file /opt/airflow/dags/retrain_PWU_dag.py for tasks to queue
[2025-05-20T06:25:01.311+0000] {logging_mixin.py:188} INFO - [2025-05-20T06:25:01.311+0000] {dagbag.py:540} INFO - Filling up the DagBag from /opt/airflow/dags/retrain_PWU_dag.py
[2025-05-20T06:25:01.328+0000] {processor.py:840} INFO - DAG(s) 'retrain_PWU_dag' retrieved from /opt/airflow/dags/retrain_PWU_dag.py
[2025-05-20T06:25:01.350+0000] {logging_mixin.py:188} INFO - [2025-05-20T06:25:01.350+0000] {dag.py:3096} INFO - Sync 1 DAGs
[2025-05-20T06:25:01.363+0000] {logging_mixin.py:188} INFO - [2025-05-20T06:25:01.363+0000] {dag.py:3954} INFO - Setting next_dagrun for retrain_PWU_dag to None, run_after=None
[2025-05-20T06:25:01.386+0000] {processor.py:183} INFO - Processing /opt/airflow/dags/retrain_PWU_dag.py took 0.084 seconds
[2025-05-20T06:25:32.094+0000] {processor.py:161} INFO - Started process (PID=399) to work on /opt/airflow/dags/retrain_PWU_dag.py
[2025-05-20T06:25:32.095+0000] {processor.py:830} INFO - Processing file /opt/airflow/dags/retrain_PWU_dag.py for tasks to queue
[2025-05-20T06:25:32.097+0000] {logging_mixin.py:188} INFO - [2025-05-20T06:25:32.097+0000] {dagbag.py:540} INFO - Filling up the DagBag from /opt/airflow/dags/retrain_PWU_dag.py
[2025-05-20T06:25:32.115+0000] {processor.py:840} INFO - DAG(s) 'retrain_PWU_dag' retrieved from /opt/airflow/dags/retrain_PWU_dag.py
[2025-05-20T06:25:32.136+0000] {logging_mixin.py:188} INFO - [2025-05-20T06:25:32.136+0000] {dag.py:3096} INFO - Sync 1 DAGs
[2025-05-20T06:25:32.148+0000] {logging_mixin.py:188} INFO - [2025-05-20T06:25:32.148+0000] {dag.py:3954} INFO - Setting next_dagrun for retrain_PWU_dag to None, run_after=None
[2025-05-20T06:25:32.170+0000] {processor.py:183} INFO - Processing /opt/airflow/dags/retrain_PWU_dag.py took 0.081 seconds
[2025-05-20T06:26:02.668+0000] {processor.py:161} INFO - Started process (PID=417) to work on /opt/airflow/dags/retrain_PWU_dag.py
[2025-05-20T06:26:02.669+0000] {processor.py:830} INFO - Processing file /opt/airflow/dags/retrain_PWU_dag.py for tasks to queue
[2025-05-20T06:26:02.670+0000] {logging_mixin.py:188} INFO - [2025-05-20T06:26:02.670+0000] {dagbag.py:540} INFO - Filling up the DagBag from /opt/airflow/dags/retrain_PWU_dag.py
[2025-05-20T06:26:02.688+0000] {processor.py:840} INFO - DAG(s) 'retrain_PWU_dag' retrieved from /opt/airflow/dags/retrain_PWU_dag.py
[2025-05-20T06:26:02.709+0000] {logging_mixin.py:188} INFO - [2025-05-20T06:26:02.709+0000] {dag.py:3096} INFO - Sync 1 DAGs
[2025-05-20T06:26:02.721+0000] {logging_mixin.py:188} INFO - [2025-05-20T06:26:02.721+0000] {dag.py:3954} INFO - Setting next_dagrun for retrain_PWU_dag to None, run_after=None
[2025-05-20T06:26:02.743+0000] {processor.py:183} INFO - Processing /opt/airflow/dags/retrain_PWU_dag.py took 0.081 seconds
[2025-05-20T06:26:33.479+0000] {processor.py:161} INFO - Started process (PID=439) to work on /opt/airflow/dags/retrain_PWU_dag.py
[2025-05-20T06:26:33.480+0000] {processor.py:830} INFO - Processing file /opt/airflow/dags/retrain_PWU_dag.py for tasks to queue
[2025-05-20T06:26:33.482+0000] {logging_mixin.py:188} INFO - [2025-05-20T06:26:33.482+0000] {dagbag.py:540} INFO - Filling up the DagBag from /opt/airflow/dags/retrain_PWU_dag.py
[2025-05-20T06:26:33.501+0000] {processor.py:840} INFO - DAG(s) 'retrain_PWU_dag' retrieved from /opt/airflow/dags/retrain_PWU_dag.py
[2025-05-20T06:26:33.521+0000] {logging_mixin.py:188} INFO - [2025-05-20T06:26:33.520+0000] {dag.py:3096} INFO - Sync 1 DAGs
[2025-05-20T06:26:33.534+0000] {logging_mixin.py:188} INFO - [2025-05-20T06:26:33.533+0000] {dag.py:3954} INFO - Setting next_dagrun for retrain_PWU_dag to None, run_after=None
[2025-05-20T06:26:33.557+0000] {processor.py:183} INFO - Processing /opt/airflow/dags/retrain_PWU_dag.py took 0.083 seconds
[2025-05-20T06:27:04.094+0000] {processor.py:161} INFO - Started process (PID=459) to work on /opt/airflow/dags/retrain_PWU_dag.py
[2025-05-20T06:27:04.095+0000] {processor.py:830} INFO - Processing file /opt/airflow/dags/retrain_PWU_dag.py for tasks to queue
[2025-05-20T06:27:04.097+0000] {logging_mixin.py:188} INFO - [2025-05-20T06:27:04.097+0000] {dagbag.py:540} INFO - Filling up the DagBag from /opt/airflow/dags/retrain_PWU_dag.py
[2025-05-20T06:27:04.115+0000] {processor.py:840} INFO - DAG(s) 'retrain_PWU_dag' retrieved from /opt/airflow/dags/retrain_PWU_dag.py
[2025-05-20T06:27:04.140+0000] {logging_mixin.py:188} INFO - [2025-05-20T06:27:04.139+0000] {dag.py:3096} INFO - Sync 1 DAGs
[2025-05-20T06:27:04.152+0000] {logging_mixin.py:188} INFO - [2025-05-20T06:27:04.152+0000] {dag.py:3954} INFO - Setting next_dagrun for retrain_PWU_dag to None, run_after=None
[2025-05-20T06:27:04.174+0000] {processor.py:183} INFO - Processing /opt/airflow/dags/retrain_PWU_dag.py took 0.086 seconds
[2025-05-20T06:27:34.824+0000] {processor.py:161} INFO - Started process (PID=479) to work on /opt/airflow/dags/retrain_PWU_dag.py
[2025-05-20T06:27:34.825+0000] {processor.py:830} INFO - Processing file /opt/airflow/dags/retrain_PWU_dag.py for tasks to queue
[2025-05-20T06:27:34.827+0000] {logging_mixin.py:188} INFO - [2025-05-20T06:27:34.827+0000] {dagbag.py:540} INFO - Filling up the DagBag from /opt/airflow/dags/retrain_PWU_dag.py
[2025-05-20T06:27:34.845+0000] {processor.py:840} INFO - DAG(s) 'retrain_PWU_dag' retrieved from /opt/airflow/dags/retrain_PWU_dag.py
[2025-05-20T06:27:34.865+0000] {logging_mixin.py:188} INFO - [2025-05-20T06:27:34.865+0000] {dag.py:3096} INFO - Sync 1 DAGs
[2025-05-20T06:27:34.877+0000] {logging_mixin.py:188} INFO - [2025-05-20T06:27:34.877+0000] {dag.py:3954} INFO - Setting next_dagrun for retrain_PWU_dag to None, run_after=None
[2025-05-20T06:27:34.898+0000] {processor.py:183} INFO - Processing /opt/airflow/dags/retrain_PWU_dag.py took 0.079 seconds
[2025-05-20T06:28:05.542+0000] {processor.py:161} INFO - Started process (PID=499) to work on /opt/airflow/dags/retrain_PWU_dag.py
[2025-05-20T06:28:05.543+0000] {processor.py:830} INFO - Processing file /opt/airflow/dags/retrain_PWU_dag.py for tasks to queue
[2025-05-20T06:28:05.546+0000] {logging_mixin.py:188} INFO - [2025-05-20T06:28:05.545+0000] {dagbag.py:540} INFO - Filling up the DagBag from /opt/airflow/dags/retrain_PWU_dag.py
[2025-05-20T06:28:05.569+0000] {processor.py:840} INFO - DAG(s) 'retrain_PWU_dag' retrieved from /opt/airflow/dags/retrain_PWU_dag.py
[2025-05-20T06:28:05.594+0000] {logging_mixin.py:188} INFO - [2025-05-20T06:28:05.594+0000] {dag.py:3096} INFO - Sync 1 DAGs
[2025-05-20T06:28:05.615+0000] {logging_mixin.py:188} INFO - [2025-05-20T06:28:05.614+0000] {dag.py:3954} INFO - Setting next_dagrun for retrain_PWU_dag to None, run_after=None
[2025-05-20T06:28:05.640+0000] {processor.py:183} INFO - Processing /opt/airflow/dags/retrain_PWU_dag.py took 0.109 seconds
[2025-05-20T06:28:36.274+0000] {processor.py:161} INFO - Started process (PID=580) to work on /opt/airflow/dags/retrain_PWU_dag.py
[2025-05-20T06:28:36.275+0000] {processor.py:830} INFO - Processing file /opt/airflow/dags/retrain_PWU_dag.py for tasks to queue
[2025-05-20T06:28:36.277+0000] {logging_mixin.py:188} INFO - [2025-05-20T06:28:36.276+0000] {dagbag.py:540} INFO - Filling up the DagBag from /opt/airflow/dags/retrain_PWU_dag.py
[2025-05-20T06:28:36.294+0000] {processor.py:840} INFO - DAG(s) 'retrain_PWU_dag' retrieved from /opt/airflow/dags/retrain_PWU_dag.py
[2025-05-20T06:28:36.320+0000] {logging_mixin.py:188} INFO - [2025-05-20T06:28:36.320+0000] {dag.py:3096} INFO - Sync 1 DAGs
[2025-05-20T06:28:36.334+0000] {logging_mixin.py:188} INFO - [2025-05-20T06:28:36.334+0000] {dag.py:3954} INFO - Setting next_dagrun for retrain_PWU_dag to None, run_after=None
[2025-05-20T06:28:36.362+0000] {processor.py:183} INFO - Processing /opt/airflow/dags/retrain_PWU_dag.py took 0.095 seconds
[2025-05-20T06:29:06.761+0000] {processor.py:161} INFO - Started process (PID=602) to work on /opt/airflow/dags/retrain_PWU_dag.py
[2025-05-20T06:29:06.763+0000] {processor.py:830} INFO - Processing file /opt/airflow/dags/retrain_PWU_dag.py for tasks to queue
[2025-05-20T06:29:06.764+0000] {logging_mixin.py:188} INFO - [2025-05-20T06:29:06.764+0000] {dagbag.py:540} INFO - Filling up the DagBag from /opt/airflow/dags/retrain_PWU_dag.py
[2025-05-20T06:29:06.782+0000] {processor.py:840} INFO - DAG(s) 'retrain_PWU_dag' retrieved from /opt/airflow/dags/retrain_PWU_dag.py
[2025-05-20T06:29:06.803+0000] {logging_mixin.py:188} INFO - [2025-05-20T06:29:06.802+0000] {dag.py:3096} INFO - Sync 1 DAGs
[2025-05-20T06:29:06.815+0000] {logging_mixin.py:188} INFO - [2025-05-20T06:29:06.815+0000] {dag.py:3954} INFO - Setting next_dagrun for retrain_PWU_dag to None, run_after=None
[2025-05-20T06:29:06.835+0000] {processor.py:183} INFO - Processing /opt/airflow/dags/retrain_PWU_dag.py took 0.080 seconds
[2025-05-20T06:29:37.255+0000] {processor.py:161} INFO - Started process (PID=624) to work on /opt/airflow/dags/retrain_PWU_dag.py
[2025-05-20T06:29:37.257+0000] {processor.py:830} INFO - Processing file /opt/airflow/dags/retrain_PWU_dag.py for tasks to queue
[2025-05-20T06:29:37.259+0000] {logging_mixin.py:188} INFO - [2025-05-20T06:29:37.258+0000] {dagbag.py:540} INFO - Filling up the DagBag from /opt/airflow/dags/retrain_PWU_dag.py
[2025-05-20T06:29:37.280+0000] {processor.py:840} INFO - DAG(s) 'retrain_PWU_dag' retrieved from /opt/airflow/dags/retrain_PWU_dag.py
[2025-05-20T06:29:37.301+0000] {logging_mixin.py:188} INFO - [2025-05-20T06:29:37.300+0000] {dag.py:3096} INFO - Sync 1 DAGs
[2025-05-20T06:29:37.314+0000] {logging_mixin.py:188} INFO - [2025-05-20T06:29:37.314+0000] {dag.py:3954} INFO - Setting next_dagrun for retrain_PWU_dag to None, run_after=None
[2025-05-20T06:29:37.336+0000] {processor.py:183} INFO - Processing /opt/airflow/dags/retrain_PWU_dag.py took 0.086 seconds
[2025-05-20T06:30:08.063+0000] {processor.py:161} INFO - Started process (PID=644) to work on /opt/airflow/dags/retrain_PWU_dag.py
[2025-05-20T06:30:08.064+0000] {processor.py:830} INFO - Processing file /opt/airflow/dags/retrain_PWU_dag.py for tasks to queue
[2025-05-20T06:30:08.066+0000] {logging_mixin.py:188} INFO - [2025-05-20T06:30:08.066+0000] {dagbag.py:540} INFO - Filling up the DagBag from /opt/airflow/dags/retrain_PWU_dag.py
[2025-05-20T06:30:08.085+0000] {processor.py:840} INFO - DAG(s) 'retrain_PWU_dag' retrieved from /opt/airflow/dags/retrain_PWU_dag.py
[2025-05-20T06:30:08.107+0000] {logging_mixin.py:188} INFO - [2025-05-20T06:30:08.107+0000] {dag.py:3096} INFO - Sync 1 DAGs
[2025-05-20T06:30:08.119+0000] {logging_mixin.py:188} INFO - [2025-05-20T06:30:08.119+0000] {dag.py:3954} INFO - Setting next_dagrun for retrain_PWU_dag to None, run_after=None
[2025-05-20T06:30:08.141+0000] {processor.py:183} INFO - Processing /opt/airflow/dags/retrain_PWU_dag.py took 0.083 seconds
[2025-05-20T06:30:38.779+0000] {processor.py:161} INFO - Started process (PID=664) to work on /opt/airflow/dags/retrain_PWU_dag.py
[2025-05-20T06:30:38.780+0000] {processor.py:830} INFO - Processing file /opt/airflow/dags/retrain_PWU_dag.py for tasks to queue
[2025-05-20T06:30:38.782+0000] {logging_mixin.py:188} INFO - [2025-05-20T06:30:38.781+0000] {dagbag.py:540} INFO - Filling up the DagBag from /opt/airflow/dags/retrain_PWU_dag.py
[2025-05-20T06:30:38.800+0000] {processor.py:840} INFO - DAG(s) 'retrain_PWU_dag' retrieved from /opt/airflow/dags/retrain_PWU_dag.py
[2025-05-20T06:30:38.819+0000] {logging_mixin.py:188} INFO - [2025-05-20T06:30:38.819+0000] {dag.py:3096} INFO - Sync 1 DAGs
[2025-05-20T06:30:38.831+0000] {logging_mixin.py:188} INFO - [2025-05-20T06:30:38.831+0000] {dag.py:3954} INFO - Setting next_dagrun for retrain_PWU_dag to None, run_after=None
[2025-05-20T06:30:38.852+0000] {processor.py:183} INFO - Processing /opt/airflow/dags/retrain_PWU_dag.py took 0.078 seconds
[2025-05-20T06:31:09.448+0000] {processor.py:161} INFO - Started process (PID=684) to work on /opt/airflow/dags/retrain_PWU_dag.py
[2025-05-20T06:31:09.449+0000] {processor.py:830} INFO - Processing file /opt/airflow/dags/retrain_PWU_dag.py for tasks to queue
[2025-05-20T06:31:09.451+0000] {logging_mixin.py:188} INFO - [2025-05-20T06:31:09.450+0000] {dagbag.py:540} INFO - Filling up the DagBag from /opt/airflow/dags/retrain_PWU_dag.py
[2025-05-20T06:31:09.468+0000] {processor.py:840} INFO - DAG(s) 'retrain_PWU_dag' retrieved from /opt/airflow/dags/retrain_PWU_dag.py
[2025-05-20T06:31:09.487+0000] {logging_mixin.py:188} INFO - [2025-05-20T06:31:09.487+0000] {dag.py:3096} INFO - Sync 1 DAGs
[2025-05-20T06:31:09.500+0000] {logging_mixin.py:188} INFO - [2025-05-20T06:31:09.499+0000] {dag.py:3954} INFO - Setting next_dagrun for retrain_PWU_dag to None, run_after=None
[2025-05-20T06:31:09.520+0000] {processor.py:183} INFO - Processing /opt/airflow/dags/retrain_PWU_dag.py took 0.078 seconds
[2025-05-20T06:31:40.014+0000] {processor.py:161} INFO - Started process (PID=702) to work on /opt/airflow/dags/retrain_PWU_dag.py
[2025-05-20T06:31:40.015+0000] {processor.py:830} INFO - Processing file /opt/airflow/dags/retrain_PWU_dag.py for tasks to queue
[2025-05-20T06:31:40.016+0000] {logging_mixin.py:188} INFO - [2025-05-20T06:31:40.016+0000] {dagbag.py:540} INFO - Filling up the DagBag from /opt/airflow/dags/retrain_PWU_dag.py
[2025-05-20T06:31:40.034+0000] {processor.py:840} INFO - DAG(s) 'retrain_PWU_dag' retrieved from /opt/airflow/dags/retrain_PWU_dag.py
[2025-05-20T06:31:40.058+0000] {logging_mixin.py:188} INFO - [2025-05-20T06:31:40.058+0000] {dag.py:3096} INFO - Sync 1 DAGs
[2025-05-20T06:31:40.072+0000] {logging_mixin.py:188} INFO - [2025-05-20T06:31:40.072+0000] {dag.py:3954} INFO - Setting next_dagrun for retrain_PWU_dag to None, run_after=None
[2025-05-20T06:31:40.096+0000] {processor.py:183} INFO - Processing /opt/airflow/dags/retrain_PWU_dag.py took 0.090 seconds
[2025-05-20T06:32:10.584+0000] {processor.py:161} INFO - Started process (PID=722) to work on /opt/airflow/dags/retrain_PWU_dag.py
[2025-05-20T06:32:10.585+0000] {processor.py:830} INFO - Processing file /opt/airflow/dags/retrain_PWU_dag.py for tasks to queue
[2025-05-20T06:32:10.587+0000] {logging_mixin.py:188} INFO - [2025-05-20T06:32:10.586+0000] {dagbag.py:540} INFO - Filling up the DagBag from /opt/airflow/dags/retrain_PWU_dag.py
[2025-05-20T06:32:10.603+0000] {processor.py:840} INFO - DAG(s) 'retrain_PWU_dag' retrieved from /opt/airflow/dags/retrain_PWU_dag.py
[2025-05-20T06:32:10.624+0000] {logging_mixin.py:188} INFO - [2025-05-20T06:32:10.624+0000] {dag.py:3096} INFO - Sync 1 DAGs
[2025-05-20T06:32:10.636+0000] {logging_mixin.py:188} INFO - [2025-05-20T06:32:10.636+0000] {dag.py:3954} INFO - Setting next_dagrun for retrain_PWU_dag to None, run_after=None
[2025-05-20T06:32:10.659+0000] {processor.py:183} INFO - Processing /opt/airflow/dags/retrain_PWU_dag.py took 0.081 seconds
[2025-05-20T06:32:41.311+0000] {processor.py:161} INFO - Started process (PID=744) to work on /opt/airflow/dags/retrain_PWU_dag.py
[2025-05-20T06:32:41.312+0000] {processor.py:830} INFO - Processing file /opt/airflow/dags/retrain_PWU_dag.py for tasks to queue
[2025-05-20T06:32:41.314+0000] {logging_mixin.py:188} INFO - [2025-05-20T06:32:41.313+0000] {dagbag.py:540} INFO - Filling up the DagBag from /opt/airflow/dags/retrain_PWU_dag.py
[2025-05-20T06:32:41.332+0000] {processor.py:840} INFO - DAG(s) 'retrain_PWU_dag' retrieved from /opt/airflow/dags/retrain_PWU_dag.py
[2025-05-20T06:32:41.352+0000] {logging_mixin.py:188} INFO - [2025-05-20T06:32:41.351+0000] {dag.py:3096} INFO - Sync 1 DAGs
[2025-05-20T06:32:41.364+0000] {logging_mixin.py:188} INFO - [2025-05-20T06:32:41.364+0000] {dag.py:3954} INFO - Setting next_dagrun for retrain_PWU_dag to None, run_after=None
[2025-05-20T06:32:41.388+0000] {processor.py:183} INFO - Processing /opt/airflow/dags/retrain_PWU_dag.py took 0.083 seconds
[2025-05-20T06:33:12.003+0000] {processor.py:161} INFO - Started process (PID=764) to work on /opt/airflow/dags/retrain_PWU_dag.py
[2025-05-20T06:33:12.004+0000] {processor.py:830} INFO - Processing file /opt/airflow/dags/retrain_PWU_dag.py for tasks to queue
[2025-05-20T06:33:12.006+0000] {logging_mixin.py:188} INFO - [2025-05-20T06:33:12.006+0000] {dagbag.py:540} INFO - Filling up the DagBag from /opt/airflow/dags/retrain_PWU_dag.py
[2025-05-20T06:33:12.024+0000] {processor.py:840} INFO - DAG(s) 'retrain_PWU_dag' retrieved from /opt/airflow/dags/retrain_PWU_dag.py
[2025-05-20T06:33:12.047+0000] {logging_mixin.py:188} INFO - [2025-05-20T06:33:12.047+0000] {dag.py:3096} INFO - Sync 1 DAGs
[2025-05-20T06:33:12.061+0000] {logging_mixin.py:188} INFO - [2025-05-20T06:33:12.061+0000] {dag.py:3954} INFO - Setting next_dagrun for retrain_PWU_dag to None, run_after=None
[2025-05-20T06:33:12.088+0000] {processor.py:183} INFO - Processing /opt/airflow/dags/retrain_PWU_dag.py took 0.091 seconds
[2025-05-20T06:33:42.543+0000] {processor.py:161} INFO - Started process (PID=784) to work on /opt/airflow/dags/retrain_PWU_dag.py
[2025-05-20T06:33:42.544+0000] {processor.py:830} INFO - Processing file /opt/airflow/dags/retrain_PWU_dag.py for tasks to queue
[2025-05-20T06:33:42.547+0000] {logging_mixin.py:188} INFO - [2025-05-20T06:33:42.546+0000] {dagbag.py:540} INFO - Filling up the DagBag from /opt/airflow/dags/retrain_PWU_dag.py
[2025-05-20T06:33:42.565+0000] {processor.py:840} INFO - DAG(s) 'retrain_PWU_dag' retrieved from /opt/airflow/dags/retrain_PWU_dag.py
[2025-05-20T06:33:42.589+0000] {logging_mixin.py:188} INFO - [2025-05-20T06:33:42.588+0000] {dag.py:3096} INFO - Sync 1 DAGs
[2025-05-20T06:33:42.603+0000] {logging_mixin.py:188} INFO - [2025-05-20T06:33:42.603+0000] {dag.py:3954} INFO - Setting next_dagrun for retrain_PWU_dag to None, run_after=None
[2025-05-20T06:33:42.628+0000] {processor.py:183} INFO - Processing /opt/airflow/dags/retrain_PWU_dag.py took 0.092 seconds
[2025-05-20T06:34:12.986+0000] {processor.py:161} INFO - Started process (PID=802) to work on /opt/airflow/dags/retrain_PWU_dag.py
[2025-05-20T06:34:12.987+0000] {processor.py:830} INFO - Processing file /opt/airflow/dags/retrain_PWU_dag.py for tasks to queue
[2025-05-20T06:34:12.989+0000] {logging_mixin.py:188} INFO - [2025-05-20T06:34:12.988+0000] {dagbag.py:540} INFO - Filling up the DagBag from /opt/airflow/dags/retrain_PWU_dag.py
[2025-05-20T06:34:13.008+0000] {processor.py:840} INFO - DAG(s) 'retrain_PWU_dag' retrieved from /opt/airflow/dags/retrain_PWU_dag.py
[2025-05-20T06:34:13.028+0000] {logging_mixin.py:188} INFO - [2025-05-20T06:34:13.028+0000] {dag.py:3096} INFO - Sync 1 DAGs
[2025-05-20T06:34:13.041+0000] {logging_mixin.py:188} INFO - [2025-05-20T06:34:13.041+0000] {dag.py:3954} INFO - Setting next_dagrun for retrain_PWU_dag to None, run_after=None
[2025-05-20T06:34:13.062+0000] {processor.py:183} INFO - Processing /opt/airflow/dags/retrain_PWU_dag.py took 0.082 seconds
[2025-05-20T06:34:43.697+0000] {processor.py:161} INFO - Started process (PID=822) to work on /opt/airflow/dags/retrain_PWU_dag.py
[2025-05-20T06:34:43.698+0000] {processor.py:830} INFO - Processing file /opt/airflow/dags/retrain_PWU_dag.py for tasks to queue
[2025-05-20T06:34:43.700+0000] {logging_mixin.py:188} INFO - [2025-05-20T06:34:43.699+0000] {dagbag.py:540} INFO - Filling up the DagBag from /opt/airflow/dags/retrain_PWU_dag.py
[2025-05-20T06:34:43.717+0000] {processor.py:840} INFO - DAG(s) 'retrain_PWU_dag' retrieved from /opt/airflow/dags/retrain_PWU_dag.py
[2025-05-20T06:34:43.738+0000] {logging_mixin.py:188} INFO - [2025-05-20T06:34:43.737+0000] {dag.py:3096} INFO - Sync 1 DAGs
[2025-05-20T06:34:43.750+0000] {logging_mixin.py:188} INFO - [2025-05-20T06:34:43.750+0000] {dag.py:3954} INFO - Setting next_dagrun for retrain_PWU_dag to None, run_after=None
[2025-05-20T06:34:43.770+0000] {processor.py:183} INFO - Processing /opt/airflow/dags/retrain_PWU_dag.py took 0.079 seconds
[2025-05-20T06:35:14.529+0000] {processor.py:161} INFO - Started process (PID=842) to work on /opt/airflow/dags/retrain_PWU_dag.py
[2025-05-20T06:35:14.531+0000] {processor.py:830} INFO - Processing file /opt/airflow/dags/retrain_PWU_dag.py for tasks to queue
[2025-05-20T06:35:14.534+0000] {logging_mixin.py:188} INFO - [2025-05-20T06:35:14.534+0000] {dagbag.py:540} INFO - Filling up the DagBag from /opt/airflow/dags/retrain_PWU_dag.py
[2025-05-20T06:35:14.558+0000] {processor.py:840} INFO - DAG(s) 'retrain_PWU_dag' retrieved from /opt/airflow/dags/retrain_PWU_dag.py
[2025-05-20T06:35:14.585+0000] {logging_mixin.py:188} INFO - [2025-05-20T06:35:14.584+0000] {dag.py:3096} INFO - Sync 1 DAGs
[2025-05-20T06:35:14.601+0000] {logging_mixin.py:188} INFO - [2025-05-20T06:35:14.600+0000] {dag.py:3954} INFO - Setting next_dagrun for retrain_PWU_dag to None, run_after=None
[2025-05-20T06:35:14.630+0000] {processor.py:183} INFO - Processing /opt/airflow/dags/retrain_PWU_dag.py took 0.108 seconds
[2025-05-20T06:35:45.247+0000] {processor.py:161} INFO - Started process (PID=864) to work on /opt/airflow/dags/retrain_PWU_dag.py
[2025-05-20T06:35:45.248+0000] {processor.py:830} INFO - Processing file /opt/airflow/dags/retrain_PWU_dag.py for tasks to queue
[2025-05-20T06:35:45.250+0000] {logging_mixin.py:188} INFO - [2025-05-20T06:35:45.250+0000] {dagbag.py:540} INFO - Filling up the DagBag from /opt/airflow/dags/retrain_PWU_dag.py
[2025-05-20T06:35:45.271+0000] {processor.py:840} INFO - DAG(s) 'retrain_PWU_dag' retrieved from /opt/airflow/dags/retrain_PWU_dag.py
[2025-05-20T06:35:45.295+0000] {logging_mixin.py:188} INFO - [2025-05-20T06:35:45.295+0000] {dag.py:3096} INFO - Sync 1 DAGs
[2025-05-20T06:35:45.309+0000] {logging_mixin.py:188} INFO - [2025-05-20T06:35:45.309+0000] {dag.py:3954} INFO - Setting next_dagrun for retrain_PWU_dag to None, run_after=None
[2025-05-20T06:35:45.334+0000] {processor.py:183} INFO - Processing /opt/airflow/dags/retrain_PWU_dag.py took 0.093 seconds
[2025-05-20T06:36:15.822+0000] {processor.py:161} INFO - Started process (PID=884) to work on /opt/airflow/dags/retrain_PWU_dag.py
[2025-05-20T06:36:15.823+0000] {processor.py:830} INFO - Processing file /opt/airflow/dags/retrain_PWU_dag.py for tasks to queue
[2025-05-20T06:36:15.825+0000] {logging_mixin.py:188} INFO - [2025-05-20T06:36:15.824+0000] {dagbag.py:540} INFO - Filling up the DagBag from /opt/airflow/dags/retrain_PWU_dag.py
[2025-05-20T06:36:15.845+0000] {processor.py:840} INFO - DAG(s) 'retrain_PWU_dag' retrieved from /opt/airflow/dags/retrain_PWU_dag.py
[2025-05-20T06:36:15.865+0000] {logging_mixin.py:188} INFO - [2025-05-20T06:36:15.865+0000] {dag.py:3096} INFO - Sync 1 DAGs
[2025-05-20T06:36:15.878+0000] {logging_mixin.py:188} INFO - [2025-05-20T06:36:15.877+0000] {dag.py:3954} INFO - Setting next_dagrun for retrain_PWU_dag to None, run_after=None
[2025-05-20T06:36:15.901+0000] {processor.py:183} INFO - Processing /opt/airflow/dags/retrain_PWU_dag.py took 0.085 seconds
[2025-05-20T06:36:46.486+0000] {processor.py:161} INFO - Started process (PID=904) to work on /opt/airflow/dags/retrain_PWU_dag.py
[2025-05-20T06:36:46.487+0000] {processor.py:830} INFO - Processing file /opt/airflow/dags/retrain_PWU_dag.py for tasks to queue
[2025-05-20T06:36:46.489+0000] {logging_mixin.py:188} INFO - [2025-05-20T06:36:46.489+0000] {dagbag.py:540} INFO - Filling up the DagBag from /opt/airflow/dags/retrain_PWU_dag.py
[2025-05-20T06:36:46.507+0000] {processor.py:840} INFO - DAG(s) 'retrain_PWU_dag' retrieved from /opt/airflow/dags/retrain_PWU_dag.py
[2025-05-20T06:36:46.544+0000] {logging_mixin.py:188} INFO - [2025-05-20T06:36:46.544+0000] {dag.py:3096} INFO - Sync 1 DAGs
[2025-05-20T06:36:46.566+0000] {logging_mixin.py:188} INFO - [2025-05-20T06:36:46.566+0000] {dag.py:3954} INFO - Setting next_dagrun for retrain_PWU_dag to None, run_after=None
[2025-05-20T06:36:46.587+0000] {processor.py:183} INFO - Processing /opt/airflow/dags/retrain_PWU_dag.py took 0.108 seconds
[2025-05-20T06:37:17.138+0000] {processor.py:161} INFO - Started process (PID=924) to work on /opt/airflow/dags/retrain_PWU_dag.py
[2025-05-20T06:37:17.139+0000] {processor.py:830} INFO - Processing file /opt/airflow/dags/retrain_PWU_dag.py for tasks to queue
[2025-05-20T06:37:17.141+0000] {logging_mixin.py:188} INFO - [2025-05-20T06:37:17.140+0000] {dagbag.py:540} INFO - Filling up the DagBag from /opt/airflow/dags/retrain_PWU_dag.py
[2025-05-20T06:37:17.160+0000] {processor.py:840} INFO - DAG(s) 'retrain_PWU_dag' retrieved from /opt/airflow/dags/retrain_PWU_dag.py
[2025-05-20T06:37:17.179+0000] {logging_mixin.py:188} INFO - [2025-05-20T06:37:17.179+0000] {dag.py:3096} INFO - Sync 1 DAGs
[2025-05-20T06:37:17.191+0000] {logging_mixin.py:188} INFO - [2025-05-20T06:37:17.191+0000] {dag.py:3954} INFO - Setting next_dagrun for retrain_PWU_dag to None, run_after=None
[2025-05-20T06:37:17.215+0000] {processor.py:183} INFO - Processing /opt/airflow/dags/retrain_PWU_dag.py took 0.082 seconds
[2025-05-20T06:37:47.758+0000] {processor.py:161} INFO - Started process (PID=944) to work on /opt/airflow/dags/retrain_PWU_dag.py
[2025-05-20T06:37:47.759+0000] {processor.py:830} INFO - Processing file /opt/airflow/dags/retrain_PWU_dag.py for tasks to queue
[2025-05-20T06:37:47.761+0000] {logging_mixin.py:188} INFO - [2025-05-20T06:37:47.761+0000] {dagbag.py:540} INFO - Filling up the DagBag from /opt/airflow/dags/retrain_PWU_dag.py
[2025-05-20T06:37:47.779+0000] {processor.py:840} INFO - DAG(s) 'retrain_PWU_dag' retrieved from /opt/airflow/dags/retrain_PWU_dag.py
[2025-05-20T06:37:47.798+0000] {logging_mixin.py:188} INFO - [2025-05-20T06:37:47.798+0000] {dag.py:3096} INFO - Sync 1 DAGs
[2025-05-20T06:37:47.811+0000] {logging_mixin.py:188} INFO - [2025-05-20T06:37:47.810+0000] {dag.py:3954} INFO - Setting next_dagrun for retrain_PWU_dag to None, run_after=None
[2025-05-20T06:37:47.832+0000] {processor.py:183} INFO - Processing /opt/airflow/dags/retrain_PWU_dag.py took 0.079 seconds
