[2025-05-20T05:35:21.824+0000] {processor.py:161} INFO - Started process (PID=167) to work on /opt/airflow/dags/retrain_T3_dag.py
[2025-05-20T05:35:21.826+0000] {processor.py:830} INFO - Processing file /opt/airflow/dags/retrain_T3_dag.py for tasks to queue
[2025-05-20T05:35:21.828+0000] {logging_mixin.py:188} INFO - [2025-05-20T05:35:21.827+0000] {dagbag.py:540} INFO - Filling up the DagBag from /opt/airflow/dags/retrain_T3_dag.py
[2025-05-20T05:35:21.853+0000] {processor.py:840} INFO - DAG(s) 'retrain_T3_dag' retrieved from /opt/airflow/dags/retrain_T3_dag.py
[2025-05-20T05:35:22.084+0000] {logging_mixin.py:188} INFO - [2025-05-20T05:35:22.083+0000] {dag.py:3096} INFO - Sync 1 DAGs
[2025-05-20T05:35:22.102+0000] {logging_mixin.py:188} INFO - [2025-05-20T05:35:22.102+0000] {dag.py:3954} INFO - Setting next_dagrun for retrain_T3_dag to None, run_after=None
[2025-05-20T05:35:22.133+0000] {processor.py:183} INFO - Processing /opt/airflow/dags/retrain_T3_dag.py took 0.316 seconds
[2025-05-20T05:35:52.928+0000] {processor.py:161} INFO - Started process (PID=246) to work on /opt/airflow/dags/retrain_T3_dag.py
[2025-05-20T05:35:52.936+0000] {processor.py:830} INFO - Processing file /opt/airflow/dags/retrain_T3_dag.py for tasks to queue
[2025-05-20T05:35:52.949+0000] {logging_mixin.py:188} INFO - [2025-05-20T05:35:52.948+0000] {dagbag.py:540} INFO - Filling up the DagBag from /opt/airflow/dags/retrain_T3_dag.py
[2025-05-20T05:35:53.004+0000] {processor.py:840} INFO - DAG(s) 'retrain_T3_dag' retrieved from /opt/airflow/dags/retrain_T3_dag.py
[2025-05-20T05:35:53.058+0000] {logging_mixin.py:188} INFO - [2025-05-20T05:35:53.058+0000] {dag.py:3096} INFO - Sync 1 DAGs
[2025-05-20T05:35:53.094+0000] {logging_mixin.py:188} INFO - [2025-05-20T05:35:53.094+0000] {dag.py:3954} INFO - Setting next_dagrun for retrain_T3_dag to None, run_after=None
[2025-05-20T05:35:53.160+0000] {processor.py:183} INFO - Processing /opt/airflow/dags/retrain_T3_dag.py took 0.273 seconds
[2025-05-20T05:36:23.859+0000] {processor.py:161} INFO - Started process (PID=268) to work on /opt/airflow/dags/retrain_T3_dag.py
[2025-05-20T05:36:23.860+0000] {processor.py:830} INFO - Processing file /opt/airflow/dags/retrain_T3_dag.py for tasks to queue
[2025-05-20T05:36:23.880+0000] {logging_mixin.py:188} INFO - [2025-05-20T05:36:23.863+0000] {dagbag.py:540} INFO - Filling up the DagBag from /opt/airflow/dags/retrain_T3_dag.py
[2025-05-20T05:36:23.918+0000] {processor.py:840} INFO - DAG(s) 'retrain_T3_dag' retrieved from /opt/airflow/dags/retrain_T3_dag.py
[2025-05-20T05:36:23.959+0000] {logging_mixin.py:188} INFO - [2025-05-20T05:36:23.959+0000] {dag.py:3096} INFO - Sync 1 DAGs
[2025-05-20T05:36:23.982+0000] {logging_mixin.py:188} INFO - [2025-05-20T05:36:23.982+0000] {dag.py:3954} INFO - Setting next_dagrun for retrain_T3_dag to None, run_after=None
[2025-05-20T05:36:24.007+0000] {processor.py:183} INFO - Processing /opt/airflow/dags/retrain_T3_dag.py took 0.159 seconds
[2025-05-20T05:36:54.435+0000] {processor.py:161} INFO - Started process (PID=290) to work on /opt/airflow/dags/retrain_T3_dag.py
[2025-05-20T05:36:54.436+0000] {processor.py:830} INFO - Processing file /opt/airflow/dags/retrain_T3_dag.py for tasks to queue
[2025-05-20T05:36:54.438+0000] {logging_mixin.py:188} INFO - [2025-05-20T05:36:54.437+0000] {dagbag.py:540} INFO - Filling up the DagBag from /opt/airflow/dags/retrain_T3_dag.py
[2025-05-20T05:36:54.458+0000] {processor.py:840} INFO - DAG(s) 'retrain_T3_dag' retrieved from /opt/airflow/dags/retrain_T3_dag.py
[2025-05-20T05:36:54.482+0000] {logging_mixin.py:188} INFO - [2025-05-20T05:36:54.482+0000] {dag.py:3096} INFO - Sync 1 DAGs
[2025-05-20T05:36:54.499+0000] {logging_mixin.py:188} INFO - [2025-05-20T05:36:54.499+0000] {dag.py:3954} INFO - Setting next_dagrun for retrain_T3_dag to None, run_after=None
[2025-05-20T05:36:54.541+0000] {processor.py:183} INFO - Processing /opt/airflow/dags/retrain_T3_dag.py took 0.116 seconds
[2025-05-20T05:37:25.081+0000] {processor.py:161} INFO - Started process (PID=312) to work on /opt/airflow/dags/retrain_T3_dag.py
[2025-05-20T05:37:25.083+0000] {processor.py:830} INFO - Processing file /opt/airflow/dags/retrain_T3_dag.py for tasks to queue
[2025-05-20T05:37:25.084+0000] {logging_mixin.py:188} INFO - [2025-05-20T05:37:25.084+0000] {dagbag.py:540} INFO - Filling up the DagBag from /opt/airflow/dags/retrain_T3_dag.py
[2025-05-20T05:37:25.103+0000] {processor.py:840} INFO - DAG(s) 'retrain_T3_dag' retrieved from /opt/airflow/dags/retrain_T3_dag.py
[2025-05-20T05:37:25.133+0000] {logging_mixin.py:188} INFO - [2025-05-20T05:37:25.133+0000] {dag.py:3096} INFO - Sync 1 DAGs
[2025-05-20T05:37:25.151+0000] {logging_mixin.py:188} INFO - [2025-05-20T05:37:25.150+0000] {dag.py:3954} INFO - Setting next_dagrun for retrain_T3_dag to None, run_after=None
[2025-05-20T05:37:25.174+0000] {processor.py:183} INFO - Processing /opt/airflow/dags/retrain_T3_dag.py took 0.099 seconds
[2025-05-20T05:37:55.509+0000] {processor.py:161} INFO - Started process (PID=332) to work on /opt/airflow/dags/retrain_T3_dag.py
[2025-05-20T05:37:55.510+0000] {processor.py:830} INFO - Processing file /opt/airflow/dags/retrain_T3_dag.py for tasks to queue
[2025-05-20T05:37:55.513+0000] {logging_mixin.py:188} INFO - [2025-05-20T05:37:55.512+0000] {dagbag.py:540} INFO - Filling up the DagBag from /opt/airflow/dags/retrain_T3_dag.py
[2025-05-20T05:37:55.529+0000] {processor.py:840} INFO - DAG(s) 'retrain_T3_dag' retrieved from /opt/airflow/dags/retrain_T3_dag.py
[2025-05-20T05:37:55.551+0000] {logging_mixin.py:188} INFO - [2025-05-20T05:37:55.550+0000] {dag.py:3096} INFO - Sync 1 DAGs
[2025-05-20T05:37:55.565+0000] {logging_mixin.py:188} INFO - [2025-05-20T05:37:55.565+0000] {dag.py:3954} INFO - Setting next_dagrun for retrain_T3_dag to None, run_after=None
[2025-05-20T05:37:55.588+0000] {processor.py:183} INFO - Processing /opt/airflow/dags/retrain_T3_dag.py took 0.085 seconds
[2025-05-20T05:38:26.190+0000] {processor.py:161} INFO - Started process (PID=352) to work on /opt/airflow/dags/retrain_T3_dag.py
[2025-05-20T05:38:26.192+0000] {processor.py:830} INFO - Processing file /opt/airflow/dags/retrain_T3_dag.py for tasks to queue
[2025-05-20T05:38:26.195+0000] {logging_mixin.py:188} INFO - [2025-05-20T05:38:26.194+0000] {dagbag.py:540} INFO - Filling up the DagBag from /opt/airflow/dags/retrain_T3_dag.py
[2025-05-20T05:38:26.219+0000] {processor.py:840} INFO - DAG(s) 'retrain_T3_dag' retrieved from /opt/airflow/dags/retrain_T3_dag.py
[2025-05-20T05:38:26.238+0000] {logging_mixin.py:188} INFO - [2025-05-20T05:38:26.238+0000] {dag.py:3096} INFO - Sync 1 DAGs
[2025-05-20T05:38:26.251+0000] {logging_mixin.py:188} INFO - [2025-05-20T05:38:26.251+0000] {dag.py:3954} INFO - Setting next_dagrun for retrain_T3_dag to None, run_after=None
[2025-05-20T05:38:26.272+0000] {processor.py:183} INFO - Processing /opt/airflow/dags/retrain_T3_dag.py took 0.091 seconds
[2025-05-20T05:38:56.803+0000] {processor.py:161} INFO - Started process (PID=372) to work on /opt/airflow/dags/retrain_T3_dag.py
[2025-05-20T05:38:56.804+0000] {processor.py:830} INFO - Processing file /opt/airflow/dags/retrain_T3_dag.py for tasks to queue
[2025-05-20T05:38:56.806+0000] {logging_mixin.py:188} INFO - [2025-05-20T05:38:56.806+0000] {dagbag.py:540} INFO - Filling up the DagBag from /opt/airflow/dags/retrain_T3_dag.py
[2025-05-20T05:38:56.824+0000] {processor.py:840} INFO - DAG(s) 'retrain_T3_dag' retrieved from /opt/airflow/dags/retrain_T3_dag.py
[2025-05-20T05:38:56.846+0000] {logging_mixin.py:188} INFO - [2025-05-20T05:38:56.845+0000] {dag.py:3096} INFO - Sync 1 DAGs
[2025-05-20T05:38:56.857+0000] {logging_mixin.py:188} INFO - [2025-05-20T05:38:56.857+0000] {dag.py:3954} INFO - Setting next_dagrun for retrain_T3_dag to None, run_after=None
[2025-05-20T05:38:56.881+0000] {processor.py:183} INFO - Processing /opt/airflow/dags/retrain_T3_dag.py took 0.084 seconds
[2025-05-20T05:39:27.463+0000] {processor.py:161} INFO - Started process (PID=392) to work on /opt/airflow/dags/retrain_T3_dag.py
[2025-05-20T05:39:27.464+0000] {processor.py:830} INFO - Processing file /opt/airflow/dags/retrain_T3_dag.py for tasks to queue
[2025-05-20T05:39:27.466+0000] {logging_mixin.py:188} INFO - [2025-05-20T05:39:27.465+0000] {dagbag.py:540} INFO - Filling up the DagBag from /opt/airflow/dags/retrain_T3_dag.py
[2025-05-20T05:39:27.483+0000] {processor.py:840} INFO - DAG(s) 'retrain_T3_dag' retrieved from /opt/airflow/dags/retrain_T3_dag.py
[2025-05-20T05:39:27.506+0000] {logging_mixin.py:188} INFO - [2025-05-20T05:39:27.506+0000] {dag.py:3096} INFO - Sync 1 DAGs
[2025-05-20T05:39:27.522+0000] {logging_mixin.py:188} INFO - [2025-05-20T05:39:27.522+0000] {dag.py:3954} INFO - Setting next_dagrun for retrain_T3_dag to None, run_after=None
[2025-05-20T05:39:27.546+0000] {processor.py:183} INFO - Processing /opt/airflow/dags/retrain_T3_dag.py took 0.090 seconds
[2025-05-20T05:39:57.969+0000] {processor.py:161} INFO - Started process (PID=412) to work on /opt/airflow/dags/retrain_T3_dag.py
[2025-05-20T05:39:57.971+0000] {processor.py:830} INFO - Processing file /opt/airflow/dags/retrain_T3_dag.py for tasks to queue
[2025-05-20T05:39:57.988+0000] {logging_mixin.py:188} INFO - [2025-05-20T05:39:57.987+0000] {dagbag.py:540} INFO - Filling up the DagBag from /opt/airflow/dags/retrain_T3_dag.py
[2025-05-20T05:39:58.012+0000] {processor.py:840} INFO - DAG(s) 'retrain_T3_dag' retrieved from /opt/airflow/dags/retrain_T3_dag.py
[2025-05-20T05:39:58.047+0000] {logging_mixin.py:188} INFO - [2025-05-20T05:39:58.047+0000] {dag.py:3096} INFO - Sync 1 DAGs
[2025-05-20T05:39:58.075+0000] {logging_mixin.py:188} INFO - [2025-05-20T05:39:58.074+0000] {dag.py:3954} INFO - Setting next_dagrun for retrain_T3_dag to None, run_after=None
[2025-05-20T05:39:58.114+0000] {processor.py:183} INFO - Processing /opt/airflow/dags/retrain_T3_dag.py took 0.155 seconds
[2025-05-20T05:40:29.077+0000] {processor.py:161} INFO - Started process (PID=432) to work on /opt/airflow/dags/retrain_T3_dag.py
[2025-05-20T05:40:29.078+0000] {processor.py:830} INFO - Processing file /opt/airflow/dags/retrain_T3_dag.py for tasks to queue
[2025-05-20T05:40:29.082+0000] {logging_mixin.py:188} INFO - [2025-05-20T05:40:29.081+0000] {dagbag.py:540} INFO - Filling up the DagBag from /opt/airflow/dags/retrain_T3_dag.py
[2025-05-20T05:40:29.108+0000] {processor.py:840} INFO - DAG(s) 'retrain_T3_dag' retrieved from /opt/airflow/dags/retrain_T3_dag.py
[2025-05-20T05:40:29.135+0000] {logging_mixin.py:188} INFO - [2025-05-20T05:40:29.134+0000] {dag.py:3096} INFO - Sync 1 DAGs
[2025-05-20T05:40:29.156+0000] {logging_mixin.py:188} INFO - [2025-05-20T05:40:29.156+0000] {dag.py:3954} INFO - Setting next_dagrun for retrain_T3_dag to None, run_after=None
[2025-05-20T05:40:29.183+0000] {processor.py:183} INFO - Processing /opt/airflow/dags/retrain_T3_dag.py took 0.115 seconds
[2025-05-20T05:40:59.545+0000] {processor.py:161} INFO - Started process (PID=452) to work on /opt/airflow/dags/retrain_T3_dag.py
[2025-05-20T05:40:59.546+0000] {processor.py:830} INFO - Processing file /opt/airflow/dags/retrain_T3_dag.py for tasks to queue
[2025-05-20T05:40:59.551+0000] {logging_mixin.py:188} INFO - [2025-05-20T05:40:59.550+0000] {dagbag.py:540} INFO - Filling up the DagBag from /opt/airflow/dags/retrain_T3_dag.py
[2025-05-20T05:40:59.577+0000] {processor.py:840} INFO - DAG(s) 'retrain_T3_dag' retrieved from /opt/airflow/dags/retrain_T3_dag.py
[2025-05-20T05:40:59.605+0000] {logging_mixin.py:188} INFO - [2025-05-20T05:40:59.605+0000] {dag.py:3096} INFO - Sync 1 DAGs
[2025-05-20T05:40:59.623+0000] {logging_mixin.py:188} INFO - [2025-05-20T05:40:59.623+0000] {dag.py:3954} INFO - Setting next_dagrun for retrain_T3_dag to None, run_after=None
[2025-05-20T05:40:59.651+0000] {processor.py:183} INFO - Processing /opt/airflow/dags/retrain_T3_dag.py took 0.115 seconds
[2025-05-20T05:41:30.133+0000] {processor.py:161} INFO - Started process (PID=472) to work on /opt/airflow/dags/retrain_T3_dag.py
[2025-05-20T05:41:30.138+0000] {processor.py:830} INFO - Processing file /opt/airflow/dags/retrain_T3_dag.py for tasks to queue
[2025-05-20T05:41:30.148+0000] {logging_mixin.py:188} INFO - [2025-05-20T05:41:30.146+0000] {dagbag.py:540} INFO - Filling up the DagBag from /opt/airflow/dags/retrain_T3_dag.py
[2025-05-20T05:41:30.264+0000] {processor.py:840} INFO - DAG(s) 'retrain_T3_dag' retrieved from /opt/airflow/dags/retrain_T3_dag.py
[2025-05-20T05:41:30.293+0000] {logging_mixin.py:188} INFO - [2025-05-20T05:41:30.293+0000] {dag.py:3096} INFO - Sync 1 DAGs
[2025-05-20T05:41:30.329+0000] {logging_mixin.py:188} INFO - [2025-05-20T05:41:30.328+0000] {dag.py:3954} INFO - Setting next_dagrun for retrain_T3_dag to None, run_after=None
[2025-05-20T05:41:30.364+0000] {processor.py:183} INFO - Processing /opt/airflow/dags/retrain_T3_dag.py took 0.265 seconds
[2025-05-20T05:42:01.162+0000] {processor.py:161} INFO - Started process (PID=492) to work on /opt/airflow/dags/retrain_T3_dag.py
[2025-05-20T05:42:01.164+0000] {processor.py:830} INFO - Processing file /opt/airflow/dags/retrain_T3_dag.py for tasks to queue
[2025-05-20T05:42:01.168+0000] {logging_mixin.py:188} INFO - [2025-05-20T05:42:01.166+0000] {dagbag.py:540} INFO - Filling up the DagBag from /opt/airflow/dags/retrain_T3_dag.py
[2025-05-20T05:42:01.201+0000] {processor.py:840} INFO - DAG(s) 'retrain_T3_dag' retrieved from /opt/airflow/dags/retrain_T3_dag.py
[2025-05-20T05:42:01.230+0000] {logging_mixin.py:188} INFO - [2025-05-20T05:42:01.230+0000] {dag.py:3096} INFO - Sync 1 DAGs
[2025-05-20T05:42:01.254+0000] {logging_mixin.py:188} INFO - [2025-05-20T05:42:01.253+0000] {dag.py:3954} INFO - Setting next_dagrun for retrain_T3_dag to None, run_after=None
[2025-05-20T05:42:01.285+0000] {processor.py:183} INFO - Processing /opt/airflow/dags/retrain_T3_dag.py took 0.131 seconds
[2025-05-20T05:42:31.811+0000] {processor.py:161} INFO - Started process (PID=512) to work on /opt/airflow/dags/retrain_T3_dag.py
[2025-05-20T05:42:31.812+0000] {processor.py:830} INFO - Processing file /opt/airflow/dags/retrain_T3_dag.py for tasks to queue
[2025-05-20T05:42:31.814+0000] {logging_mixin.py:188} INFO - [2025-05-20T05:42:31.814+0000] {dagbag.py:540} INFO - Filling up the DagBag from /opt/airflow/dags/retrain_T3_dag.py
[2025-05-20T05:42:31.835+0000] {processor.py:840} INFO - DAG(s) 'retrain_T3_dag' retrieved from /opt/airflow/dags/retrain_T3_dag.py
[2025-05-20T05:42:31.862+0000] {logging_mixin.py:188} INFO - [2025-05-20T05:42:31.862+0000] {dag.py:3096} INFO - Sync 1 DAGs
[2025-05-20T05:42:31.883+0000] {logging_mixin.py:188} INFO - [2025-05-20T05:42:31.883+0000] {dag.py:3954} INFO - Setting next_dagrun for retrain_T3_dag to None, run_after=None
[2025-05-20T05:42:32.422+0000] {processor.py:183} INFO - Processing /opt/airflow/dags/retrain_T3_dag.py took 0.624 seconds
[2025-05-20T05:43:02.681+0000] {processor.py:161} INFO - Started process (PID=532) to work on /opt/airflow/dags/retrain_T3_dag.py
[2025-05-20T05:43:02.682+0000] {processor.py:830} INFO - Processing file /opt/airflow/dags/retrain_T3_dag.py for tasks to queue
[2025-05-20T05:43:02.686+0000] {logging_mixin.py:188} INFO - [2025-05-20T05:43:02.686+0000] {dagbag.py:540} INFO - Filling up the DagBag from /opt/airflow/dags/retrain_T3_dag.py
[2025-05-20T05:43:02.709+0000] {processor.py:840} INFO - DAG(s) 'retrain_T3_dag' retrieved from /opt/airflow/dags/retrain_T3_dag.py
[2025-05-20T05:43:02.736+0000] {logging_mixin.py:188} INFO - [2025-05-20T05:43:02.736+0000] {dag.py:3096} INFO - Sync 1 DAGs
[2025-05-20T05:43:02.754+0000] {logging_mixin.py:188} INFO - [2025-05-20T05:43:02.754+0000] {dag.py:3954} INFO - Setting next_dagrun for retrain_T3_dag to None, run_after=None
[2025-05-20T05:43:02.785+0000] {processor.py:183} INFO - Processing /opt/airflow/dags/retrain_T3_dag.py took 0.113 seconds
[2025-05-20T05:43:33.596+0000] {processor.py:161} INFO - Started process (PID=550) to work on /opt/airflow/dags/retrain_T3_dag.py
[2025-05-20T05:43:33.598+0000] {processor.py:830} INFO - Processing file /opt/airflow/dags/retrain_T3_dag.py for tasks to queue
[2025-05-20T05:43:33.625+0000] {logging_mixin.py:188} INFO - [2025-05-20T05:43:33.620+0000] {dagbag.py:540} INFO - Filling up the DagBag from /opt/airflow/dags/retrain_T3_dag.py
[2025-05-20T05:43:33.677+0000] {processor.py:840} INFO - DAG(s) 'retrain_T3_dag' retrieved from /opt/airflow/dags/retrain_T3_dag.py
[2025-05-20T05:43:33.732+0000] {logging_mixin.py:188} INFO - [2025-05-20T05:43:33.732+0000] {dag.py:3096} INFO - Sync 1 DAGs
[2025-05-20T05:43:33.758+0000] {logging_mixin.py:188} INFO - [2025-05-20T05:43:33.758+0000] {dag.py:3954} INFO - Setting next_dagrun for retrain_T3_dag to None, run_after=None
[2025-05-20T05:43:33.793+0000] {processor.py:183} INFO - Processing /opt/airflow/dags/retrain_T3_dag.py took 0.207 seconds
[2025-05-20T05:44:04.682+0000] {processor.py:161} INFO - Started process (PID=572) to work on /opt/airflow/dags/retrain_T3_dag.py
[2025-05-20T05:44:04.687+0000] {processor.py:830} INFO - Processing file /opt/airflow/dags/retrain_T3_dag.py for tasks to queue
[2025-05-20T05:44:04.693+0000] {logging_mixin.py:188} INFO - [2025-05-20T05:44:04.692+0000] {dagbag.py:540} INFO - Filling up the DagBag from /opt/airflow/dags/retrain_T3_dag.py
[2025-05-20T05:44:04.742+0000] {processor.py:840} INFO - DAG(s) 'retrain_T3_dag' retrieved from /opt/airflow/dags/retrain_T3_dag.py
[2025-05-20T05:44:04.799+0000] {logging_mixin.py:188} INFO - [2025-05-20T05:44:04.799+0000] {dag.py:3096} INFO - Sync 1 DAGs
[2025-05-20T05:44:04.827+0000] {logging_mixin.py:188} INFO - [2025-05-20T05:44:04.827+0000] {dag.py:3954} INFO - Setting next_dagrun for retrain_T3_dag to None, run_after=None
[2025-05-20T05:44:04.869+0000] {processor.py:183} INFO - Processing /opt/airflow/dags/retrain_T3_dag.py took 0.203 seconds
[2025-05-20T05:44:35.623+0000] {processor.py:161} INFO - Started process (PID=592) to work on /opt/airflow/dags/retrain_T3_dag.py
[2025-05-20T05:44:35.624+0000] {processor.py:830} INFO - Processing file /opt/airflow/dags/retrain_T3_dag.py for tasks to queue
[2025-05-20T05:44:37.200+0000] {logging_mixin.py:188} INFO - [2025-05-20T05:44:37.199+0000] {dagbag.py:540} INFO - Filling up the DagBag from /opt/airflow/dags/retrain_T3_dag.py
[2025-05-20T05:44:37.716+0000] {processor.py:840} INFO - DAG(s) 'retrain_T3_dag' retrieved from /opt/airflow/dags/retrain_T3_dag.py
[2025-05-20T05:44:39.034+0000] {logging_mixin.py:188} INFO - [2025-05-20T05:44:39.033+0000] {dag.py:3096} INFO - Sync 1 DAGs
[2025-05-20T05:44:39.066+0000] {logging_mixin.py:188} INFO - [2025-05-20T05:44:39.066+0000] {dag.py:3954} INFO - Setting next_dagrun for retrain_T3_dag to None, run_after=None
[2025-05-20T05:44:39.096+0000] {processor.py:183} INFO - Processing /opt/airflow/dags/retrain_T3_dag.py took 3.480 seconds
[2025-05-20T05:45:09.553+0000] {processor.py:161} INFO - Started process (PID=612) to work on /opt/airflow/dags/retrain_T3_dag.py
[2025-05-20T05:45:09.554+0000] {processor.py:830} INFO - Processing file /opt/airflow/dags/retrain_T3_dag.py for tasks to queue
[2025-05-20T05:45:09.558+0000] {logging_mixin.py:188} INFO - [2025-05-20T05:45:09.557+0000] {dagbag.py:540} INFO - Filling up the DagBag from /opt/airflow/dags/retrain_T3_dag.py
[2025-05-20T05:45:09.581+0000] {processor.py:840} INFO - DAG(s) 'retrain_T3_dag' retrieved from /opt/airflow/dags/retrain_T3_dag.py
[2025-05-20T05:45:09.611+0000] {logging_mixin.py:188} INFO - [2025-05-20T05:45:09.611+0000] {dag.py:3096} INFO - Sync 1 DAGs
[2025-05-20T05:45:09.628+0000] {logging_mixin.py:188} INFO - [2025-05-20T05:45:09.627+0000] {dag.py:3954} INFO - Setting next_dagrun for retrain_T3_dag to None, run_after=None
[2025-05-20T05:45:09.664+0000] {processor.py:183} INFO - Processing /opt/airflow/dags/retrain_T3_dag.py took 0.118 seconds
[2025-05-20T05:45:40.107+0000] {processor.py:161} INFO - Started process (PID=632) to work on /opt/airflow/dags/retrain_T3_dag.py
[2025-05-20T05:45:40.108+0000] {processor.py:830} INFO - Processing file /opt/airflow/dags/retrain_T3_dag.py for tasks to queue
[2025-05-20T05:45:40.110+0000] {logging_mixin.py:188} INFO - [2025-05-20T05:45:40.110+0000] {dagbag.py:540} INFO - Filling up the DagBag from /opt/airflow/dags/retrain_T3_dag.py
[2025-05-20T05:45:40.130+0000] {processor.py:840} INFO - DAG(s) 'retrain_T3_dag' retrieved from /opt/airflow/dags/retrain_T3_dag.py
[2025-05-20T05:45:40.159+0000] {logging_mixin.py:188} INFO - [2025-05-20T05:45:40.158+0000] {dag.py:3096} INFO - Sync 1 DAGs
[2025-05-20T05:45:40.184+0000] {logging_mixin.py:188} INFO - [2025-05-20T05:45:40.183+0000] {dag.py:3954} INFO - Setting next_dagrun for retrain_T3_dag to None, run_after=None
[2025-05-20T05:45:40.219+0000] {processor.py:183} INFO - Processing /opt/airflow/dags/retrain_T3_dag.py took 0.120 seconds
[2025-05-20T05:46:10.787+0000] {processor.py:161} INFO - Started process (PID=652) to work on /opt/airflow/dags/retrain_T3_dag.py
[2025-05-20T05:46:10.788+0000] {processor.py:830} INFO - Processing file /opt/airflow/dags/retrain_T3_dag.py for tasks to queue
[2025-05-20T05:46:10.790+0000] {logging_mixin.py:188} INFO - [2025-05-20T05:46:10.790+0000] {dagbag.py:540} INFO - Filling up the DagBag from /opt/airflow/dags/retrain_T3_dag.py
[2025-05-20T05:46:10.812+0000] {processor.py:840} INFO - DAG(s) 'retrain_T3_dag' retrieved from /opt/airflow/dags/retrain_T3_dag.py
[2025-05-20T05:46:10.837+0000] {logging_mixin.py:188} INFO - [2025-05-20T05:46:10.837+0000] {dag.py:3096} INFO - Sync 1 DAGs
[2025-05-20T05:46:10.850+0000] {logging_mixin.py:188} INFO - [2025-05-20T05:46:10.849+0000] {dag.py:3954} INFO - Setting next_dagrun for retrain_T3_dag to None, run_after=None
[2025-05-20T05:46:10.872+0000] {processor.py:183} INFO - Processing /opt/airflow/dags/retrain_T3_dag.py took 0.091 seconds
[2025-05-20T05:46:43.947+0000] {processor.py:161} INFO - Started process (PID=670) to work on /opt/airflow/dags/retrain_T3_dag.py
[2025-05-20T05:46:43.949+0000] {processor.py:830} INFO - Processing file /opt/airflow/dags/retrain_T3_dag.py for tasks to queue
[2025-05-20T05:46:44.172+0000] {logging_mixin.py:188} INFO - [2025-05-20T05:46:43.950+0000] {dagbag.py:540} INFO - Filling up the DagBag from /opt/airflow/dags/retrain_T3_dag.py
[2025-05-20T05:46:44.291+0000] {processor.py:840} INFO - DAG(s) 'retrain_T3_dag' retrieved from /opt/airflow/dags/retrain_T3_dag.py
[2025-05-20T05:46:44.326+0000] {logging_mixin.py:188} INFO - [2025-05-20T05:46:44.326+0000] {dag.py:3096} INFO - Sync 1 DAGs
[2025-05-20T05:46:44.351+0000] {logging_mixin.py:188} INFO - [2025-05-20T05:46:44.351+0000] {dag.py:3954} INFO - Setting next_dagrun for retrain_T3_dag to None, run_after=None
[2025-05-20T05:46:44.379+0000] {processor.py:183} INFO - Processing /opt/airflow/dags/retrain_T3_dag.py took 2.021 seconds
[2025-05-20T05:47:14.928+0000] {processor.py:161} INFO - Started process (PID=692) to work on /opt/airflow/dags/retrain_T3_dag.py
[2025-05-20T05:47:14.929+0000] {processor.py:830} INFO - Processing file /opt/airflow/dags/retrain_T3_dag.py for tasks to queue
[2025-05-20T05:47:15.408+0000] {logging_mixin.py:188} INFO - [2025-05-20T05:47:14.932+0000] {dagbag.py:540} INFO - Filling up the DagBag from /opt/airflow/dags/retrain_T3_dag.py
[2025-05-20T05:47:16.320+0000] {processor.py:840} INFO - DAG(s) 'retrain_T3_dag' retrieved from /opt/airflow/dags/retrain_T3_dag.py
[2025-05-20T05:47:16.393+0000] {logging_mixin.py:188} INFO - [2025-05-20T05:47:16.393+0000] {dag.py:3096} INFO - Sync 1 DAGs
[2025-05-20T05:47:16.429+0000] {logging_mixin.py:188} INFO - [2025-05-20T05:47:16.429+0000] {dag.py:3954} INFO - Setting next_dagrun for retrain_T3_dag to None, run_after=None
[2025-05-20T05:47:16.456+0000] {processor.py:183} INFO - Processing /opt/airflow/dags/retrain_T3_dag.py took 1.544 seconds
[2025-05-20T05:47:48.123+0000] {processor.py:161} INFO - Started process (PID=709) to work on /opt/airflow/dags/retrain_T3_dag.py
[2025-05-20T05:47:48.124+0000] {processor.py:830} INFO - Processing file /opt/airflow/dags/retrain_T3_dag.py for tasks to queue
[2025-05-20T05:47:48.225+0000] {logging_mixin.py:188} INFO - [2025-05-20T05:47:48.211+0000] {dagbag.py:540} INFO - Filling up the DagBag from /opt/airflow/dags/retrain_T3_dag.py
[2025-05-20T05:47:48.609+0000] {processor.py:840} INFO - DAG(s) 'retrain_T3_dag' retrieved from /opt/airflow/dags/retrain_T3_dag.py
[2025-05-20T05:47:49.115+0000] {logging_mixin.py:188} INFO - [2025-05-20T05:47:49.114+0000] {dag.py:3096} INFO - Sync 1 DAGs
[2025-05-20T05:47:49.267+0000] {logging_mixin.py:188} INFO - [2025-05-20T05:47:49.266+0000] {dag.py:3954} INFO - Setting next_dagrun for retrain_T3_dag to None, run_after=None
[2025-05-20T05:47:49.388+0000] {processor.py:183} INFO - Processing /opt/airflow/dags/retrain_T3_dag.py took 1.392 seconds
[2025-05-20T05:48:19.824+0000] {processor.py:161} INFO - Started process (PID=732) to work on /opt/airflow/dags/retrain_T3_dag.py
[2025-05-20T05:48:19.825+0000] {processor.py:830} INFO - Processing file /opt/airflow/dags/retrain_T3_dag.py for tasks to queue
[2025-05-20T05:48:19.827+0000] {logging_mixin.py:188} INFO - [2025-05-20T05:48:19.826+0000] {dagbag.py:540} INFO - Filling up the DagBag from /opt/airflow/dags/retrain_T3_dag.py
[2025-05-20T05:48:19.851+0000] {processor.py:840} INFO - DAG(s) 'retrain_T3_dag' retrieved from /opt/airflow/dags/retrain_T3_dag.py
[2025-05-20T05:48:19.873+0000] {logging_mixin.py:188} INFO - [2025-05-20T05:48:19.873+0000] {dag.py:3096} INFO - Sync 1 DAGs
[2025-05-20T05:48:19.888+0000] {logging_mixin.py:188} INFO - [2025-05-20T05:48:19.888+0000] {dag.py:3954} INFO - Setting next_dagrun for retrain_T3_dag to None, run_after=None
[2025-05-20T05:48:19.913+0000] {processor.py:183} INFO - Processing /opt/airflow/dags/retrain_T3_dag.py took 0.095 seconds
[2025-05-20T05:48:50.480+0000] {processor.py:161} INFO - Started process (PID=752) to work on /opt/airflow/dags/retrain_T3_dag.py
[2025-05-20T05:48:50.481+0000] {processor.py:830} INFO - Processing file /opt/airflow/dags/retrain_T3_dag.py for tasks to queue
[2025-05-20T05:48:50.484+0000] {logging_mixin.py:188} INFO - [2025-05-20T05:48:50.483+0000] {dagbag.py:540} INFO - Filling up the DagBag from /opt/airflow/dags/retrain_T3_dag.py
[2025-05-20T05:48:50.514+0000] {processor.py:840} INFO - DAG(s) 'retrain_T3_dag' retrieved from /opt/airflow/dags/retrain_T3_dag.py
[2025-05-20T05:48:50.558+0000] {logging_mixin.py:188} INFO - [2025-05-20T05:48:50.558+0000] {dag.py:3096} INFO - Sync 1 DAGs
[2025-05-20T05:48:50.585+0000] {logging_mixin.py:188} INFO - [2025-05-20T05:48:50.585+0000] {dag.py:3954} INFO - Setting next_dagrun for retrain_T3_dag to None, run_after=None
[2025-05-20T05:48:50.633+0000] {processor.py:183} INFO - Processing /opt/airflow/dags/retrain_T3_dag.py took 0.160 seconds
[2025-05-20T05:49:21.085+0000] {processor.py:161} INFO - Started process (PID=772) to work on /opt/airflow/dags/retrain_T3_dag.py
[2025-05-20T05:49:21.087+0000] {processor.py:830} INFO - Processing file /opt/airflow/dags/retrain_T3_dag.py for tasks to queue
[2025-05-20T05:49:21.090+0000] {logging_mixin.py:188} INFO - [2025-05-20T05:49:21.089+0000] {dagbag.py:540} INFO - Filling up the DagBag from /opt/airflow/dags/retrain_T3_dag.py
[2025-05-20T05:49:21.111+0000] {processor.py:840} INFO - DAG(s) 'retrain_T3_dag' retrieved from /opt/airflow/dags/retrain_T3_dag.py
[2025-05-20T05:49:21.135+0000] {logging_mixin.py:188} INFO - [2025-05-20T05:49:21.134+0000] {dag.py:3096} INFO - Sync 1 DAGs
[2025-05-20T05:49:21.148+0000] {logging_mixin.py:188} INFO - [2025-05-20T05:49:21.147+0000] {dag.py:3954} INFO - Setting next_dagrun for retrain_T3_dag to None, run_after=None
[2025-05-20T05:49:21.170+0000] {processor.py:183} INFO - Processing /opt/airflow/dags/retrain_T3_dag.py took 0.091 seconds
[2025-05-20T05:49:51.646+0000] {processor.py:161} INFO - Started process (PID=792) to work on /opt/airflow/dags/retrain_T3_dag.py
[2025-05-20T05:49:51.648+0000] {processor.py:830} INFO - Processing file /opt/airflow/dags/retrain_T3_dag.py for tasks to queue
[2025-05-20T05:49:51.650+0000] {logging_mixin.py:188} INFO - [2025-05-20T05:49:51.649+0000] {dagbag.py:540} INFO - Filling up the DagBag from /opt/airflow/dags/retrain_T3_dag.py
[2025-05-20T05:49:51.667+0000] {processor.py:840} INFO - DAG(s) 'retrain_T3_dag' retrieved from /opt/airflow/dags/retrain_T3_dag.py
[2025-05-20T05:49:51.689+0000] {logging_mixin.py:188} INFO - [2025-05-20T05:49:51.689+0000] {dag.py:3096} INFO - Sync 1 DAGs
[2025-05-20T05:49:51.702+0000] {logging_mixin.py:188} INFO - [2025-05-20T05:49:51.702+0000] {dag.py:3954} INFO - Setting next_dagrun for retrain_T3_dag to None, run_after=None
[2025-05-20T05:49:51.726+0000] {processor.py:183} INFO - Processing /opt/airflow/dags/retrain_T3_dag.py took 0.087 seconds
[2025-05-20T05:50:22.242+0000] {processor.py:161} INFO - Started process (PID=812) to work on /opt/airflow/dags/retrain_T3_dag.py
[2025-05-20T05:50:22.243+0000] {processor.py:830} INFO - Processing file /opt/airflow/dags/retrain_T3_dag.py for tasks to queue
[2025-05-20T05:50:22.245+0000] {logging_mixin.py:188} INFO - [2025-05-20T05:50:22.245+0000] {dagbag.py:540} INFO - Filling up the DagBag from /opt/airflow/dags/retrain_T3_dag.py
[2025-05-20T05:50:22.266+0000] {processor.py:840} INFO - DAG(s) 'retrain_T3_dag' retrieved from /opt/airflow/dags/retrain_T3_dag.py
[2025-05-20T05:50:22.303+0000] {logging_mixin.py:188} INFO - [2025-05-20T05:50:22.303+0000] {dag.py:3096} INFO - Sync 1 DAGs
[2025-05-20T05:50:22.321+0000] {logging_mixin.py:188} INFO - [2025-05-20T05:50:22.321+0000] {dag.py:3954} INFO - Setting next_dagrun for retrain_T3_dag to None, run_after=None
[2025-05-20T05:50:22.347+0000] {processor.py:183} INFO - Processing /opt/airflow/dags/retrain_T3_dag.py took 0.113 seconds
[2025-05-20T05:50:52.764+0000] {processor.py:161} INFO - Started process (PID=832) to work on /opt/airflow/dags/retrain_T3_dag.py
[2025-05-20T05:50:52.765+0000] {processor.py:830} INFO - Processing file /opt/airflow/dags/retrain_T3_dag.py for tasks to queue
[2025-05-20T05:50:52.767+0000] {logging_mixin.py:188} INFO - [2025-05-20T05:50:52.767+0000] {dagbag.py:540} INFO - Filling up the DagBag from /opt/airflow/dags/retrain_T3_dag.py
[2025-05-20T05:50:52.785+0000] {processor.py:840} INFO - DAG(s) 'retrain_T3_dag' retrieved from /opt/airflow/dags/retrain_T3_dag.py
[2025-05-20T05:50:52.809+0000] {logging_mixin.py:188} INFO - [2025-05-20T05:50:52.809+0000] {dag.py:3096} INFO - Sync 1 DAGs
[2025-05-20T05:50:52.823+0000] {logging_mixin.py:188} INFO - [2025-05-20T05:50:52.822+0000] {dag.py:3954} INFO - Setting next_dagrun for retrain_T3_dag to None, run_after=None
[2025-05-20T05:50:52.847+0000] {processor.py:183} INFO - Processing /opt/airflow/dags/retrain_T3_dag.py took 0.089 seconds
[2025-05-20T05:51:23.160+0000] {processor.py:161} INFO - Started process (PID=852) to work on /opt/airflow/dags/retrain_T3_dag.py
[2025-05-20T05:51:23.161+0000] {processor.py:830} INFO - Processing file /opt/airflow/dags/retrain_T3_dag.py for tasks to queue
[2025-05-20T05:51:23.163+0000] {logging_mixin.py:188} INFO - [2025-05-20T05:51:23.163+0000] {dagbag.py:540} INFO - Filling up the DagBag from /opt/airflow/dags/retrain_T3_dag.py
[2025-05-20T05:51:23.189+0000] {processor.py:840} INFO - DAG(s) 'retrain_T3_dag' retrieved from /opt/airflow/dags/retrain_T3_dag.py
[2025-05-20T05:51:23.222+0000] {logging_mixin.py:188} INFO - [2025-05-20T05:51:23.222+0000] {dag.py:3096} INFO - Sync 1 DAGs
[2025-05-20T05:51:23.240+0000] {logging_mixin.py:188} INFO - [2025-05-20T05:51:23.240+0000] {dag.py:3954} INFO - Setting next_dagrun for retrain_T3_dag to None, run_after=None
[2025-05-20T05:51:23.264+0000] {processor.py:183} INFO - Processing /opt/airflow/dags/retrain_T3_dag.py took 0.119 seconds
[2025-05-20T05:51:53.761+0000] {processor.py:161} INFO - Started process (PID=872) to work on /opt/airflow/dags/retrain_T3_dag.py
[2025-05-20T05:51:53.762+0000] {processor.py:830} INFO - Processing file /opt/airflow/dags/retrain_T3_dag.py for tasks to queue
[2025-05-20T05:51:53.764+0000] {logging_mixin.py:188} INFO - [2025-05-20T05:51:53.764+0000] {dagbag.py:540} INFO - Filling up the DagBag from /opt/airflow/dags/retrain_T3_dag.py
[2025-05-20T05:51:53.781+0000] {processor.py:840} INFO - DAG(s) 'retrain_T3_dag' retrieved from /opt/airflow/dags/retrain_T3_dag.py
[2025-05-20T05:51:53.802+0000] {logging_mixin.py:188} INFO - [2025-05-20T05:51:53.802+0000] {dag.py:3096} INFO - Sync 1 DAGs
[2025-05-20T05:51:53.816+0000] {logging_mixin.py:188} INFO - [2025-05-20T05:51:53.816+0000] {dag.py:3954} INFO - Setting next_dagrun for retrain_T3_dag to None, run_after=None
[2025-05-20T05:51:53.844+0000] {processor.py:183} INFO - Processing /opt/airflow/dags/retrain_T3_dag.py took 0.090 seconds
[2025-05-20T06:02:47.617+0000] {processor.py:161} INFO - Started process (PID=167) to work on /opt/airflow/dags/retrain_T3_dag.py
[2025-05-20T06:02:47.619+0000] {processor.py:830} INFO - Processing file /opt/airflow/dags/retrain_T3_dag.py for tasks to queue
[2025-05-20T06:02:47.624+0000] {logging_mixin.py:188} INFO - [2025-05-20T06:02:47.623+0000] {dagbag.py:540} INFO - Filling up the DagBag from /opt/airflow/dags/retrain_T3_dag.py
[2025-05-20T06:02:47.665+0000] {processor.py:840} INFO - DAG(s) 'retrain_T3_dag' retrieved from /opt/airflow/dags/retrain_T3_dag.py
[2025-05-20T06:02:48.041+0000] {logging_mixin.py:188} INFO - [2025-05-20T06:02:48.040+0000] {override.py:1829} INFO - Created Permission View: can read on DAG:retrain_T3_dag
[2025-05-20T06:02:48.057+0000] {logging_mixin.py:188} INFO - [2025-05-20T06:02:48.056+0000] {override.py:1829} INFO - Created Permission View: can delete on DAG:retrain_T3_dag
[2025-05-20T06:02:48.065+0000] {logging_mixin.py:188} INFO - [2025-05-20T06:02:48.065+0000] {override.py:1829} INFO - Created Permission View: can edit on DAG:retrain_T3_dag
[2025-05-20T06:02:48.066+0000] {logging_mixin.py:188} INFO - [2025-05-20T06:02:48.066+0000] {dag.py:3096} INFO - Sync 1 DAGs
[2025-05-20T06:02:48.082+0000] {logging_mixin.py:188} INFO - [2025-05-20T06:02:48.082+0000] {dag.py:3118} INFO - Creating ORM DAG for retrain_T3_dag
[2025-05-20T06:02:48.083+0000] {logging_mixin.py:188} INFO - [2025-05-20T06:02:48.083+0000] {dag.py:3954} INFO - Setting next_dagrun for retrain_T3_dag to None, run_after=None
[2025-05-20T06:02:48.106+0000] {processor.py:183} INFO - Processing /opt/airflow/dags/retrain_T3_dag.py took 0.500 seconds
[2025-05-20T06:03:18.693+0000] {processor.py:161} INFO - Started process (PID=187) to work on /opt/airflow/dags/retrain_T3_dag.py
[2025-05-20T06:03:18.695+0000] {processor.py:830} INFO - Processing file /opt/airflow/dags/retrain_T3_dag.py for tasks to queue
[2025-05-20T06:03:18.699+0000] {logging_mixin.py:188} INFO - [2025-05-20T06:03:18.697+0000] {dagbag.py:540} INFO - Filling up the DagBag from /opt/airflow/dags/retrain_T3_dag.py
[2025-05-20T06:03:18.740+0000] {processor.py:840} INFO - DAG(s) 'retrain_T3_dag' retrieved from /opt/airflow/dags/retrain_T3_dag.py
[2025-05-20T06:03:18.799+0000] {logging_mixin.py:188} INFO - [2025-05-20T06:03:18.799+0000] {dag.py:3096} INFO - Sync 1 DAGs
[2025-05-20T06:03:18.819+0000] {logging_mixin.py:188} INFO - [2025-05-20T06:03:18.818+0000] {dag.py:3954} INFO - Setting next_dagrun for retrain_T3_dag to None, run_after=None
[2025-05-20T06:03:18.845+0000] {processor.py:183} INFO - Processing /opt/airflow/dags/retrain_T3_dag.py took 0.162 seconds
[2025-05-20T06:03:49.326+0000] {processor.py:161} INFO - Started process (PID=207) to work on /opt/airflow/dags/retrain_T3_dag.py
[2025-05-20T06:03:49.328+0000] {processor.py:830} INFO - Processing file /opt/airflow/dags/retrain_T3_dag.py for tasks to queue
[2025-05-20T06:03:49.331+0000] {logging_mixin.py:188} INFO - [2025-05-20T06:03:49.330+0000] {dagbag.py:540} INFO - Filling up the DagBag from /opt/airflow/dags/retrain_T3_dag.py
[2025-05-20T06:03:49.350+0000] {processor.py:840} INFO - DAG(s) 'retrain_T3_dag' retrieved from /opt/airflow/dags/retrain_T3_dag.py
[2025-05-20T06:03:49.374+0000] {logging_mixin.py:188} INFO - [2025-05-20T06:03:49.374+0000] {dag.py:3096} INFO - Sync 1 DAGs
[2025-05-20T06:03:49.389+0000] {logging_mixin.py:188} INFO - [2025-05-20T06:03:49.388+0000] {dag.py:3954} INFO - Setting next_dagrun for retrain_T3_dag to None, run_after=None
[2025-05-20T06:03:49.409+0000] {processor.py:183} INFO - Processing /opt/airflow/dags/retrain_T3_dag.py took 0.089 seconds
[2025-05-20T06:04:20.056+0000] {processor.py:161} INFO - Started process (PID=227) to work on /opt/airflow/dags/retrain_T3_dag.py
[2025-05-20T06:04:20.057+0000] {processor.py:830} INFO - Processing file /opt/airflow/dags/retrain_T3_dag.py for tasks to queue
[2025-05-20T06:04:20.059+0000] {logging_mixin.py:188} INFO - [2025-05-20T06:04:20.059+0000] {dagbag.py:540} INFO - Filling up the DagBag from /opt/airflow/dags/retrain_T3_dag.py
[2025-05-20T06:04:20.080+0000] {processor.py:840} INFO - DAG(s) 'retrain_T3_dag' retrieved from /opt/airflow/dags/retrain_T3_dag.py
[2025-05-20T06:04:20.102+0000] {logging_mixin.py:188} INFO - [2025-05-20T06:04:20.101+0000] {dag.py:3096} INFO - Sync 1 DAGs
[2025-05-20T06:04:20.113+0000] {logging_mixin.py:188} INFO - [2025-05-20T06:04:20.113+0000] {dag.py:3954} INFO - Setting next_dagrun for retrain_T3_dag to None, run_after=None
[2025-05-20T06:04:20.135+0000] {processor.py:183} INFO - Processing /opt/airflow/dags/retrain_T3_dag.py took 0.087 seconds
[2025-05-20T06:04:50.695+0000] {processor.py:161} INFO - Started process (PID=247) to work on /opt/airflow/dags/retrain_T3_dag.py
[2025-05-20T06:04:50.696+0000] {processor.py:830} INFO - Processing file /opt/airflow/dags/retrain_T3_dag.py for tasks to queue
[2025-05-20T06:04:50.698+0000] {logging_mixin.py:188} INFO - [2025-05-20T06:04:50.698+0000] {dagbag.py:540} INFO - Filling up the DagBag from /opt/airflow/dags/retrain_T3_dag.py
[2025-05-20T06:04:50.718+0000] {processor.py:840} INFO - DAG(s) 'retrain_T3_dag' retrieved from /opt/airflow/dags/retrain_T3_dag.py
[2025-05-20T06:04:50.738+0000] {logging_mixin.py:188} INFO - [2025-05-20T06:04:50.738+0000] {dag.py:3096} INFO - Sync 1 DAGs
[2025-05-20T06:04:50.752+0000] {logging_mixin.py:188} INFO - [2025-05-20T06:04:50.752+0000] {dag.py:3954} INFO - Setting next_dagrun for retrain_T3_dag to None, run_after=None
[2025-05-20T06:04:50.773+0000] {processor.py:183} INFO - Processing /opt/airflow/dags/retrain_T3_dag.py took 0.084 seconds
[2025-05-20T06:19:54.042+0000] {processor.py:161} INFO - Started process (PID=167) to work on /opt/airflow/dags/retrain_T3_dag.py
[2025-05-20T06:19:54.043+0000] {processor.py:830} INFO - Processing file /opt/airflow/dags/retrain_T3_dag.py for tasks to queue
[2025-05-20T06:19:54.045+0000] {logging_mixin.py:188} INFO - [2025-05-20T06:19:54.045+0000] {dagbag.py:540} INFO - Filling up the DagBag from /opt/airflow/dags/retrain_T3_dag.py
[2025-05-20T06:19:54.070+0000] {processor.py:840} INFO - DAG(s) 'retrain_T3_dag' retrieved from /opt/airflow/dags/retrain_T3_dag.py
[2025-05-20T06:19:54.312+0000] {logging_mixin.py:188} INFO - [2025-05-20T06:19:54.311+0000] {override.py:1829} INFO - Created Permission View: can delete on DAG:retrain_T3_dag
[2025-05-20T06:19:54.324+0000] {logging_mixin.py:188} INFO - [2025-05-20T06:19:54.323+0000] {override.py:1829} INFO - Created Permission View: can read on DAG:retrain_T3_dag
[2025-05-20T06:19:54.334+0000] {logging_mixin.py:188} INFO - [2025-05-20T06:19:54.334+0000] {override.py:1829} INFO - Created Permission View: can edit on DAG:retrain_T3_dag
[2025-05-20T06:19:54.336+0000] {logging_mixin.py:188} INFO - [2025-05-20T06:19:54.335+0000] {dag.py:3096} INFO - Sync 1 DAGs
[2025-05-20T06:19:54.353+0000] {logging_mixin.py:188} INFO - [2025-05-20T06:19:54.353+0000] {dag.py:3118} INFO - Creating ORM DAG for retrain_T3_dag
[2025-05-20T06:19:54.354+0000] {logging_mixin.py:188} INFO - [2025-05-20T06:19:54.354+0000] {dag.py:3954} INFO - Setting next_dagrun for retrain_T3_dag to None, run_after=None
[2025-05-20T06:19:54.374+0000] {processor.py:183} INFO - Processing /opt/airflow/dags/retrain_T3_dag.py took 0.342 seconds
[2025-05-20T06:20:25.021+0000] {processor.py:161} INFO - Started process (PID=187) to work on /opt/airflow/dags/retrain_T3_dag.py
[2025-05-20T06:20:25.023+0000] {processor.py:830} INFO - Processing file /opt/airflow/dags/retrain_T3_dag.py for tasks to queue
[2025-05-20T06:20:25.025+0000] {logging_mixin.py:188} INFO - [2025-05-20T06:20:25.025+0000] {dagbag.py:540} INFO - Filling up the DagBag from /opt/airflow/dags/retrain_T3_dag.py
[2025-05-20T06:20:25.043+0000] {processor.py:840} INFO - DAG(s) 'retrain_T3_dag' retrieved from /opt/airflow/dags/retrain_T3_dag.py
[2025-05-20T06:20:25.064+0000] {logging_mixin.py:188} INFO - [2025-05-20T06:20:25.064+0000] {dag.py:3096} INFO - Sync 1 DAGs
[2025-05-20T06:20:25.078+0000] {logging_mixin.py:188} INFO - [2025-05-20T06:20:25.078+0000] {dag.py:3954} INFO - Setting next_dagrun for retrain_T3_dag to None, run_after=None
[2025-05-20T06:20:25.104+0000] {processor.py:183} INFO - Processing /opt/airflow/dags/retrain_T3_dag.py took 0.090 seconds
[2025-05-20T06:20:55.772+0000] {processor.py:161} INFO - Started process (PID=207) to work on /opt/airflow/dags/retrain_T3_dag.py
[2025-05-20T06:20:55.772+0000] {processor.py:830} INFO - Processing file /opt/airflow/dags/retrain_T3_dag.py for tasks to queue
[2025-05-20T06:20:55.774+0000] {logging_mixin.py:188} INFO - [2025-05-20T06:20:55.774+0000] {dagbag.py:540} INFO - Filling up the DagBag from /opt/airflow/dags/retrain_T3_dag.py
[2025-05-20T06:20:55.791+0000] {processor.py:840} INFO - DAG(s) 'retrain_T3_dag' retrieved from /opt/airflow/dags/retrain_T3_dag.py
[2025-05-20T06:20:55.811+0000] {logging_mixin.py:188} INFO - [2025-05-20T06:20:55.810+0000] {dag.py:3096} INFO - Sync 1 DAGs
[2025-05-20T06:20:55.825+0000] {logging_mixin.py:188} INFO - [2025-05-20T06:20:55.825+0000] {dag.py:3954} INFO - Setting next_dagrun for retrain_T3_dag to None, run_after=None
[2025-05-20T06:20:55.845+0000] {processor.py:183} INFO - Processing /opt/airflow/dags/retrain_T3_dag.py took 0.080 seconds
[2025-05-20T06:21:26.450+0000] {processor.py:161} INFO - Started process (PID=227) to work on /opt/airflow/dags/retrain_T3_dag.py
[2025-05-20T06:21:26.451+0000] {processor.py:830} INFO - Processing file /opt/airflow/dags/retrain_T3_dag.py for tasks to queue
[2025-05-20T06:21:26.454+0000] {logging_mixin.py:188} INFO - [2025-05-20T06:21:26.454+0000] {dagbag.py:540} INFO - Filling up the DagBag from /opt/airflow/dags/retrain_T3_dag.py
[2025-05-20T06:21:26.472+0000] {processor.py:840} INFO - DAG(s) 'retrain_T3_dag' retrieved from /opt/airflow/dags/retrain_T3_dag.py
[2025-05-20T06:21:26.494+0000] {logging_mixin.py:188} INFO - [2025-05-20T06:21:26.494+0000] {dag.py:3096} INFO - Sync 1 DAGs
[2025-05-20T06:21:26.506+0000] {logging_mixin.py:188} INFO - [2025-05-20T06:21:26.506+0000] {dag.py:3954} INFO - Setting next_dagrun for retrain_T3_dag to None, run_after=None
[2025-05-20T06:21:26.530+0000] {processor.py:183} INFO - Processing /opt/airflow/dags/retrain_T3_dag.py took 0.089 seconds
[2025-05-20T06:21:57.098+0000] {processor.py:161} INFO - Started process (PID=247) to work on /opt/airflow/dags/retrain_T3_dag.py
[2025-05-20T06:21:57.099+0000] {processor.py:830} INFO - Processing file /opt/airflow/dags/retrain_T3_dag.py for tasks to queue
[2025-05-20T06:21:57.100+0000] {logging_mixin.py:188} INFO - [2025-05-20T06:21:57.100+0000] {dagbag.py:540} INFO - Filling up the DagBag from /opt/airflow/dags/retrain_T3_dag.py
[2025-05-20T06:21:57.118+0000] {processor.py:840} INFO - DAG(s) 'retrain_T3_dag' retrieved from /opt/airflow/dags/retrain_T3_dag.py
[2025-05-20T06:21:57.138+0000] {logging_mixin.py:188} INFO - [2025-05-20T06:21:57.138+0000] {dag.py:3096} INFO - Sync 1 DAGs
[2025-05-20T06:21:57.153+0000] {logging_mixin.py:188} INFO - [2025-05-20T06:21:57.153+0000] {dag.py:3954} INFO - Setting next_dagrun for retrain_T3_dag to None, run_after=None
[2025-05-20T06:21:57.177+0000] {processor.py:183} INFO - Processing /opt/airflow/dags/retrain_T3_dag.py took 0.085 seconds
[2025-05-20T06:22:27.727+0000] {processor.py:161} INFO - Started process (PID=267) to work on /opt/airflow/dags/retrain_T3_dag.py
[2025-05-20T06:22:27.728+0000] {processor.py:830} INFO - Processing file /opt/airflow/dags/retrain_T3_dag.py for tasks to queue
[2025-05-20T06:22:27.730+0000] {logging_mixin.py:188} INFO - [2025-05-20T06:22:27.730+0000] {dagbag.py:540} INFO - Filling up the DagBag from /opt/airflow/dags/retrain_T3_dag.py
[2025-05-20T06:22:27.749+0000] {processor.py:840} INFO - DAG(s) 'retrain_T3_dag' retrieved from /opt/airflow/dags/retrain_T3_dag.py
[2025-05-20T06:22:27.774+0000] {logging_mixin.py:188} INFO - [2025-05-20T06:22:27.773+0000] {dag.py:3096} INFO - Sync 1 DAGs
[2025-05-20T06:22:27.788+0000] {logging_mixin.py:188} INFO - [2025-05-20T06:22:27.787+0000] {dag.py:3954} INFO - Setting next_dagrun for retrain_T3_dag to None, run_after=None
[2025-05-20T06:22:27.810+0000] {processor.py:183} INFO - Processing /opt/airflow/dags/retrain_T3_dag.py took 0.091 seconds
[2025-05-20T06:22:58.451+0000] {processor.py:161} INFO - Started process (PID=287) to work on /opt/airflow/dags/retrain_T3_dag.py
[2025-05-20T06:22:58.452+0000] {processor.py:830} INFO - Processing file /opt/airflow/dags/retrain_T3_dag.py for tasks to queue
[2025-05-20T06:22:58.454+0000] {logging_mixin.py:188} INFO - [2025-05-20T06:22:58.453+0000] {dagbag.py:540} INFO - Filling up the DagBag from /opt/airflow/dags/retrain_T3_dag.py
[2025-05-20T06:22:58.473+0000] {processor.py:840} INFO - DAG(s) 'retrain_T3_dag' retrieved from /opt/airflow/dags/retrain_T3_dag.py
[2025-05-20T06:22:58.492+0000] {logging_mixin.py:188} INFO - [2025-05-20T06:22:58.492+0000] {dag.py:3096} INFO - Sync 1 DAGs
[2025-05-20T06:22:58.505+0000] {logging_mixin.py:188} INFO - [2025-05-20T06:22:58.505+0000] {dag.py:3954} INFO - Setting next_dagrun for retrain_T3_dag to None, run_after=None
[2025-05-20T06:22:58.526+0000] {processor.py:183} INFO - Processing /opt/airflow/dags/retrain_T3_dag.py took 0.082 seconds
[2025-05-20T06:23:29.058+0000] {processor.py:161} INFO - Started process (PID=307) to work on /opt/airflow/dags/retrain_T3_dag.py
[2025-05-20T06:23:29.058+0000] {processor.py:830} INFO - Processing file /opt/airflow/dags/retrain_T3_dag.py for tasks to queue
[2025-05-20T06:23:29.060+0000] {logging_mixin.py:188} INFO - [2025-05-20T06:23:29.060+0000] {dagbag.py:540} INFO - Filling up the DagBag from /opt/airflow/dags/retrain_T3_dag.py
[2025-05-20T06:23:29.077+0000] {processor.py:840} INFO - DAG(s) 'retrain_T3_dag' retrieved from /opt/airflow/dags/retrain_T3_dag.py
[2025-05-20T06:23:29.096+0000] {logging_mixin.py:188} INFO - [2025-05-20T06:23:29.096+0000] {dag.py:3096} INFO - Sync 1 DAGs
[2025-05-20T06:23:29.108+0000] {logging_mixin.py:188} INFO - [2025-05-20T06:23:29.108+0000] {dag.py:3954} INFO - Setting next_dagrun for retrain_T3_dag to None, run_after=None
[2025-05-20T06:23:29.128+0000] {processor.py:183} INFO - Processing /opt/airflow/dags/retrain_T3_dag.py took 0.076 seconds
[2025-05-20T06:23:59.602+0000] {processor.py:161} INFO - Started process (PID=327) to work on /opt/airflow/dags/retrain_T3_dag.py
[2025-05-20T06:23:59.603+0000] {processor.py:830} INFO - Processing file /opt/airflow/dags/retrain_T3_dag.py for tasks to queue
[2025-05-20T06:23:59.606+0000] {logging_mixin.py:188} INFO - [2025-05-20T06:23:59.606+0000] {dagbag.py:540} INFO - Filling up the DagBag from /opt/airflow/dags/retrain_T3_dag.py
[2025-05-20T06:23:59.624+0000] {processor.py:840} INFO - DAG(s) 'retrain_T3_dag' retrieved from /opt/airflow/dags/retrain_T3_dag.py
[2025-05-20T06:23:59.644+0000] {logging_mixin.py:188} INFO - [2025-05-20T06:23:59.644+0000] {dag.py:3096} INFO - Sync 1 DAGs
[2025-05-20T06:23:59.656+0000] {logging_mixin.py:188} INFO - [2025-05-20T06:23:59.656+0000] {dag.py:3954} INFO - Setting next_dagrun for retrain_T3_dag to None, run_after=None
[2025-05-20T06:23:59.678+0000] {processor.py:183} INFO - Processing /opt/airflow/dags/retrain_T3_dag.py took 0.087 seconds
[2025-05-20T06:24:30.332+0000] {processor.py:161} INFO - Started process (PID=347) to work on /opt/airflow/dags/retrain_T3_dag.py
[2025-05-20T06:24:30.333+0000] {processor.py:830} INFO - Processing file /opt/airflow/dags/retrain_T3_dag.py for tasks to queue
[2025-05-20T06:24:30.335+0000] {logging_mixin.py:188} INFO - [2025-05-20T06:24:30.334+0000] {dagbag.py:540} INFO - Filling up the DagBag from /opt/airflow/dags/retrain_T3_dag.py
[2025-05-20T06:24:30.353+0000] {processor.py:840} INFO - DAG(s) 'retrain_T3_dag' retrieved from /opt/airflow/dags/retrain_T3_dag.py
[2025-05-20T06:24:30.372+0000] {logging_mixin.py:188} INFO - [2025-05-20T06:24:30.372+0000] {dag.py:3096} INFO - Sync 1 DAGs
[2025-05-20T06:24:30.383+0000] {logging_mixin.py:188} INFO - [2025-05-20T06:24:30.383+0000] {dag.py:3954} INFO - Setting next_dagrun for retrain_T3_dag to None, run_after=None
[2025-05-20T06:24:30.406+0000] {processor.py:183} INFO - Processing /opt/airflow/dags/retrain_T3_dag.py took 0.080 seconds
[2025-05-20T06:25:01.172+0000] {processor.py:161} INFO - Started process (PID=367) to work on /opt/airflow/dags/retrain_T3_dag.py
[2025-05-20T06:25:01.173+0000] {processor.py:830} INFO - Processing file /opt/airflow/dags/retrain_T3_dag.py for tasks to queue
[2025-05-20T06:25:01.175+0000] {logging_mixin.py:188} INFO - [2025-05-20T06:25:01.174+0000] {dagbag.py:540} INFO - Filling up the DagBag from /opt/airflow/dags/retrain_T3_dag.py
[2025-05-20T06:25:01.192+0000] {processor.py:840} INFO - DAG(s) 'retrain_T3_dag' retrieved from /opt/airflow/dags/retrain_T3_dag.py
[2025-05-20T06:25:01.217+0000] {logging_mixin.py:188} INFO - [2025-05-20T06:25:01.216+0000] {dag.py:3096} INFO - Sync 1 DAGs
[2025-05-20T06:25:01.229+0000] {logging_mixin.py:188} INFO - [2025-05-20T06:25:01.229+0000] {dag.py:3954} INFO - Setting next_dagrun for retrain_T3_dag to None, run_after=None
[2025-05-20T06:25:01.252+0000] {processor.py:183} INFO - Processing /opt/airflow/dags/retrain_T3_dag.py took 0.085 seconds
[2025-05-20T06:25:31.849+0000] {processor.py:161} INFO - Started process (PID=387) to work on /opt/airflow/dags/retrain_T3_dag.py
[2025-05-20T06:25:31.850+0000] {processor.py:830} INFO - Processing file /opt/airflow/dags/retrain_T3_dag.py for tasks to queue
[2025-05-20T06:25:31.852+0000] {logging_mixin.py:188} INFO - [2025-05-20T06:25:31.852+0000] {dagbag.py:540} INFO - Filling up the DagBag from /opt/airflow/dags/retrain_T3_dag.py
[2025-05-20T06:25:31.869+0000] {processor.py:840} INFO - DAG(s) 'retrain_T3_dag' retrieved from /opt/airflow/dags/retrain_T3_dag.py
[2025-05-20T06:25:31.888+0000] {logging_mixin.py:188} INFO - [2025-05-20T06:25:31.888+0000] {dag.py:3096} INFO - Sync 1 DAGs
[2025-05-20T06:25:31.900+0000] {logging_mixin.py:188} INFO - [2025-05-20T06:25:31.900+0000] {dag.py:3954} INFO - Setting next_dagrun for retrain_T3_dag to None, run_after=None
[2025-05-20T06:25:31.921+0000] {processor.py:183} INFO - Processing /opt/airflow/dags/retrain_T3_dag.py took 0.081 seconds
[2025-05-20T06:26:02.542+0000] {processor.py:161} INFO - Started process (PID=407) to work on /opt/airflow/dags/retrain_T3_dag.py
[2025-05-20T06:26:02.543+0000] {processor.py:830} INFO - Processing file /opt/airflow/dags/retrain_T3_dag.py for tasks to queue
[2025-05-20T06:26:02.545+0000] {logging_mixin.py:188} INFO - [2025-05-20T06:26:02.544+0000] {dagbag.py:540} INFO - Filling up the DagBag from /opt/airflow/dags/retrain_T3_dag.py
[2025-05-20T06:26:02.561+0000] {processor.py:840} INFO - DAG(s) 'retrain_T3_dag' retrieved from /opt/airflow/dags/retrain_T3_dag.py
[2025-05-20T06:26:02.580+0000] {logging_mixin.py:188} INFO - [2025-05-20T06:26:02.580+0000] {dag.py:3096} INFO - Sync 1 DAGs
[2025-05-20T06:26:02.592+0000] {logging_mixin.py:188} INFO - [2025-05-20T06:26:02.592+0000] {dag.py:3954} INFO - Setting next_dagrun for retrain_T3_dag to None, run_after=None
[2025-05-20T06:26:02.614+0000] {processor.py:183} INFO - Processing /opt/airflow/dags/retrain_T3_dag.py took 0.077 seconds
[2025-05-20T06:26:33.240+0000] {processor.py:161} INFO - Started process (PID=427) to work on /opt/airflow/dags/retrain_T3_dag.py
[2025-05-20T06:26:33.241+0000] {processor.py:830} INFO - Processing file /opt/airflow/dags/retrain_T3_dag.py for tasks to queue
[2025-05-20T06:26:33.243+0000] {logging_mixin.py:188} INFO - [2025-05-20T06:26:33.242+0000] {dagbag.py:540} INFO - Filling up the DagBag from /opt/airflow/dags/retrain_T3_dag.py
[2025-05-20T06:26:33.260+0000] {processor.py:840} INFO - DAG(s) 'retrain_T3_dag' retrieved from /opt/airflow/dags/retrain_T3_dag.py
[2025-05-20T06:26:33.278+0000] {logging_mixin.py:188} INFO - [2025-05-20T06:26:33.278+0000] {dag.py:3096} INFO - Sync 1 DAGs
[2025-05-20T06:26:33.290+0000] {logging_mixin.py:188} INFO - [2025-05-20T06:26:33.290+0000] {dag.py:3954} INFO - Setting next_dagrun for retrain_T3_dag to None, run_after=None
[2025-05-20T06:26:33.312+0000] {processor.py:183} INFO - Processing /opt/airflow/dags/retrain_T3_dag.py took 0.082 seconds
[2025-05-20T06:27:03.820+0000] {processor.py:161} INFO - Started process (PID=447) to work on /opt/airflow/dags/retrain_T3_dag.py
[2025-05-20T06:27:03.821+0000] {processor.py:830} INFO - Processing file /opt/airflow/dags/retrain_T3_dag.py for tasks to queue
[2025-05-20T06:27:03.823+0000] {logging_mixin.py:188} INFO - [2025-05-20T06:27:03.823+0000] {dagbag.py:540} INFO - Filling up the DagBag from /opt/airflow/dags/retrain_T3_dag.py
[2025-05-20T06:27:03.842+0000] {processor.py:840} INFO - DAG(s) 'retrain_T3_dag' retrieved from /opt/airflow/dags/retrain_T3_dag.py
[2025-05-20T06:27:03.864+0000] {logging_mixin.py:188} INFO - [2025-05-20T06:27:03.863+0000] {dag.py:3096} INFO - Sync 1 DAGs
[2025-05-20T06:27:03.880+0000] {logging_mixin.py:188} INFO - [2025-05-20T06:27:03.879+0000] {dag.py:3954} INFO - Setting next_dagrun for retrain_T3_dag to None, run_after=None
[2025-05-20T06:27:03.902+0000] {processor.py:183} INFO - Processing /opt/airflow/dags/retrain_T3_dag.py took 0.088 seconds
[2025-05-20T06:27:34.570+0000] {processor.py:161} INFO - Started process (PID=467) to work on /opt/airflow/dags/retrain_T3_dag.py
[2025-05-20T06:27:34.571+0000] {processor.py:830} INFO - Processing file /opt/airflow/dags/retrain_T3_dag.py for tasks to queue
[2025-05-20T06:27:34.573+0000] {logging_mixin.py:188} INFO - [2025-05-20T06:27:34.573+0000] {dagbag.py:540} INFO - Filling up the DagBag from /opt/airflow/dags/retrain_T3_dag.py
[2025-05-20T06:27:34.591+0000] {processor.py:840} INFO - DAG(s) 'retrain_T3_dag' retrieved from /opt/airflow/dags/retrain_T3_dag.py
[2025-05-20T06:27:34.612+0000] {logging_mixin.py:188} INFO - [2025-05-20T06:27:34.611+0000] {dag.py:3096} INFO - Sync 1 DAGs
[2025-05-20T06:27:34.626+0000] {logging_mixin.py:188} INFO - [2025-05-20T06:27:34.626+0000] {dag.py:3954} INFO - Setting next_dagrun for retrain_T3_dag to None, run_after=None
[2025-05-20T06:27:34.653+0000] {processor.py:183} INFO - Processing /opt/airflow/dags/retrain_T3_dag.py took 0.090 seconds
[2025-05-20T06:28:05.203+0000] {processor.py:161} INFO - Started process (PID=487) to work on /opt/airflow/dags/retrain_T3_dag.py
[2025-05-20T06:28:05.205+0000] {processor.py:830} INFO - Processing file /opt/airflow/dags/retrain_T3_dag.py for tasks to queue
[2025-05-20T06:28:05.209+0000] {logging_mixin.py:188} INFO - [2025-05-20T06:28:05.209+0000] {dagbag.py:540} INFO - Filling up the DagBag from /opt/airflow/dags/retrain_T3_dag.py
[2025-05-20T06:28:05.231+0000] {processor.py:840} INFO - DAG(s) 'retrain_T3_dag' retrieved from /opt/airflow/dags/retrain_T3_dag.py
[2025-05-20T06:28:05.259+0000] {logging_mixin.py:188} INFO - [2025-05-20T06:28:05.259+0000] {dag.py:3096} INFO - Sync 1 DAGs
[2025-05-20T06:28:05.279+0000] {logging_mixin.py:188} INFO - [2025-05-20T06:28:05.279+0000] {dag.py:3954} INFO - Setting next_dagrun for retrain_T3_dag to None, run_after=None
[2025-05-20T06:28:05.312+0000] {processor.py:183} INFO - Processing /opt/airflow/dags/retrain_T3_dag.py took 0.123 seconds
[2025-05-20T06:28:35.851+0000] {processor.py:161} INFO - Started process (PID=568) to work on /opt/airflow/dags/retrain_T3_dag.py
[2025-05-20T06:28:35.852+0000] {processor.py:830} INFO - Processing file /opt/airflow/dags/retrain_T3_dag.py for tasks to queue
[2025-05-20T06:28:35.855+0000] {logging_mixin.py:188} INFO - [2025-05-20T06:28:35.854+0000] {dagbag.py:540} INFO - Filling up the DagBag from /opt/airflow/dags/retrain_T3_dag.py
[2025-05-20T06:28:35.917+0000] {processor.py:840} INFO - DAG(s) 'retrain_T3_dag' retrieved from /opt/airflow/dags/retrain_T3_dag.py
[2025-05-20T06:28:35.957+0000] {logging_mixin.py:188} INFO - [2025-05-20T06:28:35.957+0000] {dag.py:3096} INFO - Sync 1 DAGs
[2025-05-20T06:28:35.996+0000] {logging_mixin.py:188} INFO - [2025-05-20T06:28:35.995+0000] {dag.py:3954} INFO - Setting next_dagrun for retrain_T3_dag to None, run_after=None
[2025-05-20T06:28:36.065+0000] {processor.py:183} INFO - Processing /opt/airflow/dags/retrain_T3_dag.py took 0.219 seconds
[2025-05-20T06:29:06.515+0000] {processor.py:161} INFO - Started process (PID=590) to work on /opt/airflow/dags/retrain_T3_dag.py
[2025-05-20T06:29:06.516+0000] {processor.py:830} INFO - Processing file /opt/airflow/dags/retrain_T3_dag.py for tasks to queue
[2025-05-20T06:29:06.518+0000] {logging_mixin.py:188} INFO - [2025-05-20T06:29:06.518+0000] {dagbag.py:540} INFO - Filling up the DagBag from /opt/airflow/dags/retrain_T3_dag.py
[2025-05-20T06:29:06.537+0000] {processor.py:840} INFO - DAG(s) 'retrain_T3_dag' retrieved from /opt/airflow/dags/retrain_T3_dag.py
[2025-05-20T06:29:06.558+0000] {logging_mixin.py:188} INFO - [2025-05-20T06:29:06.558+0000] {dag.py:3096} INFO - Sync 1 DAGs
[2025-05-20T06:29:06.574+0000] {logging_mixin.py:188} INFO - [2025-05-20T06:29:06.573+0000] {dag.py:3954} INFO - Setting next_dagrun for retrain_T3_dag to None, run_after=None
[2025-05-20T06:29:06.595+0000] {processor.py:183} INFO - Processing /opt/airflow/dags/retrain_T3_dag.py took 0.086 seconds
[2025-05-20T06:29:36.995+0000] {processor.py:161} INFO - Started process (PID=612) to work on /opt/airflow/dags/retrain_T3_dag.py
[2025-05-20T06:29:36.996+0000] {processor.py:830} INFO - Processing file /opt/airflow/dags/retrain_T3_dag.py for tasks to queue
[2025-05-20T06:29:36.998+0000] {logging_mixin.py:188} INFO - [2025-05-20T06:29:36.998+0000] {dagbag.py:540} INFO - Filling up the DagBag from /opt/airflow/dags/retrain_T3_dag.py
[2025-05-20T06:29:37.016+0000] {processor.py:840} INFO - DAG(s) 'retrain_T3_dag' retrieved from /opt/airflow/dags/retrain_T3_dag.py
[2025-05-20T06:29:37.038+0000] {logging_mixin.py:188} INFO - [2025-05-20T06:29:37.037+0000] {dag.py:3096} INFO - Sync 1 DAGs
[2025-05-20T06:29:37.051+0000] {logging_mixin.py:188} INFO - [2025-05-20T06:29:37.051+0000] {dag.py:3954} INFO - Setting next_dagrun for retrain_T3_dag to None, run_after=None
[2025-05-20T06:29:37.076+0000] {processor.py:183} INFO - Processing /opt/airflow/dags/retrain_T3_dag.py took 0.087 seconds
[2025-05-20T06:30:07.815+0000] {processor.py:161} INFO - Started process (PID=632) to work on /opt/airflow/dags/retrain_T3_dag.py
[2025-05-20T06:30:07.816+0000] {processor.py:830} INFO - Processing file /opt/airflow/dags/retrain_T3_dag.py for tasks to queue
[2025-05-20T06:30:07.818+0000] {logging_mixin.py:188} INFO - [2025-05-20T06:30:07.818+0000] {dagbag.py:540} INFO - Filling up the DagBag from /opt/airflow/dags/retrain_T3_dag.py
[2025-05-20T06:30:07.836+0000] {processor.py:840} INFO - DAG(s) 'retrain_T3_dag' retrieved from /opt/airflow/dags/retrain_T3_dag.py
[2025-05-20T06:30:07.857+0000] {logging_mixin.py:188} INFO - [2025-05-20T06:30:07.856+0000] {dag.py:3096} INFO - Sync 1 DAGs
[2025-05-20T06:30:07.869+0000] {logging_mixin.py:188} INFO - [2025-05-20T06:30:07.869+0000] {dag.py:3954} INFO - Setting next_dagrun for retrain_T3_dag to None, run_after=None
[2025-05-20T06:30:07.891+0000] {processor.py:183} INFO - Processing /opt/airflow/dags/retrain_T3_dag.py took 0.083 seconds
[2025-05-20T06:30:38.527+0000] {processor.py:161} INFO - Started process (PID=652) to work on /opt/airflow/dags/retrain_T3_dag.py
[2025-05-20T06:30:38.528+0000] {processor.py:830} INFO - Processing file /opt/airflow/dags/retrain_T3_dag.py for tasks to queue
[2025-05-20T06:30:38.532+0000] {logging_mixin.py:188} INFO - [2025-05-20T06:30:38.531+0000] {dagbag.py:540} INFO - Filling up the DagBag from /opt/airflow/dags/retrain_T3_dag.py
[2025-05-20T06:30:38.554+0000] {processor.py:840} INFO - DAG(s) 'retrain_T3_dag' retrieved from /opt/airflow/dags/retrain_T3_dag.py
[2025-05-20T06:30:38.574+0000] {logging_mixin.py:188} INFO - [2025-05-20T06:30:38.573+0000] {dag.py:3096} INFO - Sync 1 DAGs
[2025-05-20T06:30:38.586+0000] {logging_mixin.py:188} INFO - [2025-05-20T06:30:38.586+0000] {dag.py:3954} INFO - Setting next_dagrun for retrain_T3_dag to None, run_after=None
[2025-05-20T06:30:38.607+0000] {processor.py:183} INFO - Processing /opt/airflow/dags/retrain_T3_dag.py took 0.088 seconds
[2025-05-20T06:31:09.208+0000] {processor.py:161} INFO - Started process (PID=672) to work on /opt/airflow/dags/retrain_T3_dag.py
[2025-05-20T06:31:09.209+0000] {processor.py:830} INFO - Processing file /opt/airflow/dags/retrain_T3_dag.py for tasks to queue
[2025-05-20T06:31:09.211+0000] {logging_mixin.py:188} INFO - [2025-05-20T06:31:09.210+0000] {dagbag.py:540} INFO - Filling up the DagBag from /opt/airflow/dags/retrain_T3_dag.py
[2025-05-20T06:31:09.227+0000] {processor.py:840} INFO - DAG(s) 'retrain_T3_dag' retrieved from /opt/airflow/dags/retrain_T3_dag.py
[2025-05-20T06:31:09.247+0000] {logging_mixin.py:188} INFO - [2025-05-20T06:31:09.246+0000] {dag.py:3096} INFO - Sync 1 DAGs
[2025-05-20T06:31:09.259+0000] {logging_mixin.py:188} INFO - [2025-05-20T06:31:09.259+0000] {dag.py:3954} INFO - Setting next_dagrun for retrain_T3_dag to None, run_after=None
[2025-05-20T06:31:09.281+0000] {processor.py:183} INFO - Processing /opt/airflow/dags/retrain_T3_dag.py took 0.079 seconds
[2025-05-20T06:31:39.876+0000] {processor.py:161} INFO - Started process (PID=692) to work on /opt/airflow/dags/retrain_T3_dag.py
[2025-05-20T06:31:39.877+0000] {processor.py:830} INFO - Processing file /opt/airflow/dags/retrain_T3_dag.py for tasks to queue
[2025-05-20T06:31:39.881+0000] {logging_mixin.py:188} INFO - [2025-05-20T06:31:39.880+0000] {dagbag.py:540} INFO - Filling up the DagBag from /opt/airflow/dags/retrain_T3_dag.py
[2025-05-20T06:31:39.899+0000] {processor.py:840} INFO - DAG(s) 'retrain_T3_dag' retrieved from /opt/airflow/dags/retrain_T3_dag.py
[2025-05-20T06:31:39.920+0000] {logging_mixin.py:188} INFO - [2025-05-20T06:31:39.920+0000] {dag.py:3096} INFO - Sync 1 DAGs
[2025-05-20T06:31:39.933+0000] {logging_mixin.py:188} INFO - [2025-05-20T06:31:39.933+0000] {dag.py:3954} INFO - Setting next_dagrun for retrain_T3_dag to None, run_after=None
[2025-05-20T06:31:39.955+0000] {processor.py:183} INFO - Processing /opt/airflow/dags/retrain_T3_dag.py took 0.086 seconds
