[2025-05-21T14:10:53.688+0000] {local_task_job_runner.py:120} INFO - ::group::Pre task execution logs
[2025-05-21T14:10:53.731+0000] {taskinstance.py:2073} INFO - Dependencies all met for dep_context=non-requeueable deps ti=<TaskInstance: monitor_T3.check_if_retrain_needed manual__2025-05-21T14:10:50.859212+00:00 [queued]>
[2025-05-21T14:10:53.749+0000] {taskinstance.py:2073} INFO - Dependencies all met for dep_context=requeueable deps ti=<TaskInstance: monitor_T3.check_if_retrain_needed manual__2025-05-21T14:10:50.859212+00:00 [queued]>
[2025-05-21T14:10:53.750+0000] {taskinstance.py:2303} INFO - Starting attempt 1 of 1
[2025-05-21T14:10:53.796+0000] {taskinstance.py:2327} INFO - Executing <Task(BranchPythonOperator): check_if_retrain_needed> on 2025-05-21 14:10:50.859212+00:00
[2025-05-21T14:10:53.819+0000] {standard_task_runner.py:90} INFO - Running: ['***', 'tasks', 'run', 'monitor_T3', 'check_if_retrain_needed', 'manual__2025-05-21T14:10:50.859212+00:00', '--job-id', '24', '--raw', '--subdir', 'DAGS_FOLDER/monitor_T3.py', '--cfg-path', '/tmp/tmp6lae6zjq']
[2025-05-21T14:10:53.824+0000] {standard_task_runner.py:91} INFO - Job 24: Subtask check_if_retrain_needed
[2025-05-21T14:10:53.829+0000] {logging_mixin.py:188} WARNING - /home/***/.local/lib/python3.12/site-packages/***/task/task_runner/standard_task_runner.py:61 DeprecationWarning: This process (pid=597) is multi-threaded, use of fork() may lead to deadlocks in the child.
[2025-05-21T14:10:53.831+0000] {standard_task_runner.py:63} INFO - Started process 599 to run task
[2025-05-21T14:10:53.883+0000] {task_command.py:426} INFO - Running <TaskInstance: monitor_T3.check_if_retrain_needed manual__2025-05-21T14:10:50.859212+00:00 [running]> on host 4c17401f2ea2
[2025-05-21T14:10:53.981+0000] {taskinstance.py:2644} INFO - Exporting env vars: AIRFLOW_CTX_DAG_OWNER='***' AIRFLOW_CTX_DAG_ID='monitor_T3' AIRFLOW_CTX_TASK_ID='check_if_retrain_needed' AIRFLOW_CTX_EXECUTION_DATE='2025-05-21T14:10:50.859212+00:00' AIRFLOW_CTX_TRY_NUMBER='1' AIRFLOW_CTX_DAG_RUN_ID='manual__2025-05-21T14:10:50.859212+00:00'
[2025-05-21T14:10:53.982+0000] {taskinstance.py:430} INFO - ::endgroup::
[2025-05-21T14:10:54.008+0000] {baseoperator.py:399} WARNING - BranchPythonOperator.execute cannot be called outside TaskInstance!
[2025-05-21T14:10:54.023+0000] {python.py:237} INFO - Done. Returned value was: trigger_retrain
[2025-05-21T14:10:54.024+0000] {branch.py:36} INFO - Branch into trigger_retrain
[2025-05-21T14:10:54.024+0000] {skipmixin.py:178} INFO - Following branch trigger_retrain
[2025-05-21T14:10:54.045+0000] {skipmixin.py:246} INFO - Skipping tasks [('end', -1)]
[2025-05-21T14:10:54.085+0000] {taskinstance.py:441} INFO - ::group::Post task execution logs
[2025-05-21T14:10:54.114+0000] {taskinstance.py:1205} INFO - Marking task as SUCCESS. dag_id=monitor_T3, task_id=check_if_retrain_needed, execution_date=20250521T141050, start_date=20250521T141053, end_date=20250521T141054
[2025-05-21T14:10:54.166+0000] {local_task_job_runner.py:240} INFO - Task exited with return code 0
[2025-05-21T14:10:54.200+0000] {taskinstance.py:3482} INFO - 1 downstream tasks scheduled from follow-on schedule check
[2025-05-21T14:10:54.206+0000] {local_task_job_runner.py:222} INFO - ::endgroup::
