[2025-05-17T08:20:31.668+0000] {local_task_job_runner.py:120} INFO - ::group::Pre task execution logs
[2025-05-17T08:20:31.699+0000] {taskinstance.py:2073} INFO - Dependencies all met for dep_context=non-requeueable deps ti=<TaskInstance: retrain_T3_dag.train_T3 manual__2025-05-17T08:20:30.786446+00:00 [queued]>
[2025-05-17T08:20:31.706+0000] {taskinstance.py:2073} INFO - Dependencies all met for dep_context=requeueable deps ti=<TaskInstance: retrain_T3_dag.train_T3 manual__2025-05-17T08:20:30.786446+00:00 [queued]>
[2025-05-17T08:20:31.707+0000] {taskinstance.py:2303} INFO - Starting attempt 1 of 1
[2025-05-17T08:20:31.721+0000] {taskinstance.py:2327} INFO - Executing <Task(BashOperator): train_T3> on 2025-05-17 08:20:30.786446+00:00
[2025-05-17T08:20:31.726+0000] {standard_task_runner.py:90} INFO - Running: ['***', 'tasks', 'run', 'retrain_T3_dag', 'train_T3', 'manual__2025-05-17T08:20:30.786446+00:00', '--job-id', '288', '--raw', '--subdir', 'DAGS_FOLDER/retrain_T3_dag.py', '--cfg-path', '/tmp/tmpjtwd_0jt']
[2025-05-17T08:20:31.729+0000] {standard_task_runner.py:91} INFO - Job 288: Subtask train_T3
[2025-05-17T08:20:31.733+0000] {logging_mixin.py:188} WARNING - /home/***/.local/lib/python3.12/site-packages/***/task/task_runner/standard_task_runner.py:61 DeprecationWarning: This process (pid=192) is multi-threaded, use of fork() may lead to deadlocks in the child.
[2025-05-17T08:20:31.734+0000] {standard_task_runner.py:63} INFO - Started process 193 to run task
[2025-05-17T08:20:31.771+0000] {task_command.py:426} INFO - Running <TaskInstance: retrain_T3_dag.train_T3 manual__2025-05-17T08:20:30.786446+00:00 [running]> on host a5e636d29f18
[2025-05-17T08:20:31.849+0000] {taskinstance.py:2644} INFO - Exporting env vars: AIRFLOW_CTX_DAG_OWNER='***' AIRFLOW_CTX_DAG_ID='retrain_T3_dag' AIRFLOW_CTX_TASK_ID='train_T3' AIRFLOW_CTX_EXECUTION_DATE='2025-05-17T08:20:30.786446+00:00' AIRFLOW_CTX_TRY_NUMBER='1' AIRFLOW_CTX_DAG_RUN_ID='manual__2025-05-17T08:20:30.786446+00:00'
[2025-05-17T08:20:31.849+0000] {taskinstance.py:430} INFO - ::endgroup::
[2025-05-17T08:20:31.861+0000] {subprocess.py:63} INFO - Tmp dir root location: /tmp
[2025-05-17T08:20:31.862+0000] {subprocess.py:75} INFO - Running command: ['/usr/bin/bash', '-c', 'python /opt/***/scripts/train_T3.py']
[2025-05-17T08:20:31.868+0000] {subprocess.py:86} INFO - Output:
[2025-05-17T08:20:41.022+0000] {subprocess.py:93} INFO - /opt/***/scripts/train_T3.py:40: UserWarning: Creating a tensor from a list of numpy.ndarrays is extremely slow. Please consider converting the list to a single numpy.ndarray with numpy.array() before converting to a tensor. (Triggered internally at /pytorch/torch/csrc/utils/tensor_new.cpp:254.)
[2025-05-17T08:20:41.023+0000] {subprocess.py:93} INFO -   return torch.FloatTensor(X), torch.FloatTensor(Y)
[2025-05-17T08:22:31.194+0000] {subprocess.py:93} INFO - [Epoch 1] Loss: 0.0531
[2025-05-17T08:22:31.195+0000] {subprocess.py:93} INFO - [✅ Saved] Trained model → /models/T3/model.pth
[2025-05-17T08:22:32.813+0000] {subprocess.py:97} INFO - Command exited with return code 0
[2025-05-17T08:22:32.814+0000] {taskinstance.py:441} INFO - ::group::Post task execution logs
[2025-05-17T08:22:32.849+0000] {taskinstance.py:1205} INFO - Marking task as SUCCESS. dag_id=retrain_T3_dag, task_id=train_T3, execution_date=20250517T082030, start_date=20250517T082031, end_date=20250517T082232
[2025-05-17T08:22:33.004+0000] {local_task_job_runner.py:240} INFO - Task exited with return code 0
[2025-05-17T08:22:33.037+0000] {taskinstance.py:3482} INFO - 1 downstream tasks scheduled from follow-on schedule check
[2025-05-17T08:22:33.095+0000] {local_task_job_runner.py:222} INFO - ::endgroup::
