[2025-05-21T14:00:01.674+0000] {local_task_job_runner.py:120} INFO - ::group::Pre task execution logs
[2025-05-21T14:00:01.704+0000] {taskinstance.py:2073} INFO - Dependencies all met for dep_context=non-requeueable deps ti=<TaskInstance: monitor_T3.check_if_retrain_needed scheduled__2025-05-21T13:00:00+00:00 [queued]>
[2025-05-21T14:00:01.712+0000] {taskinstance.py:2073} INFO - Dependencies all met for dep_context=requeueable deps ti=<TaskInstance: monitor_T3.check_if_retrain_needed scheduled__2025-05-21T13:00:00+00:00 [queued]>
[2025-05-21T14:00:01.713+0000] {taskinstance.py:2303} INFO - Starting attempt 1 of 1
[2025-05-21T14:00:01.729+0000] {taskinstance.py:2327} INFO - Executing <Task(BranchPythonOperator): check_if_retrain_needed> on 2025-05-21 13:00:00+00:00
[2025-05-21T14:00:01.735+0000] {standard_task_runner.py:90} INFO - Running: ['***', 'tasks', 'run', 'monitor_T3', 'check_if_retrain_needed', 'scheduled__2025-05-21T13:00:00+00:00', '--job-id', '37', '--raw', '--subdir', 'DAGS_FOLDER/monitor_T3.py', '--cfg-path', '/tmp/tmp0lwb1s29']
[2025-05-21T14:00:01.737+0000] {standard_task_runner.py:91} INFO - Job 37: Subtask check_if_retrain_needed
[2025-05-21T14:00:01.738+0000] {logging_mixin.py:188} WARNING - /home/***/.local/lib/python3.12/site-packages/***/task/task_runner/standard_task_runner.py:61 DeprecationWarning: This process (pid=308) is multi-threaded, use of fork() may lead to deadlocks in the child.
[2025-05-21T14:00:01.739+0000] {standard_task_runner.py:63} INFO - Started process 309 to run task
[2025-05-21T14:00:01.783+0000] {task_command.py:426} INFO - Running <TaskInstance: monitor_T3.check_if_retrain_needed scheduled__2025-05-21T13:00:00+00:00 [running]> on host 3e2b91e6624b
[2025-05-21T14:00:01.869+0000] {taskinstance.py:2644} INFO - Exporting env vars: AIRFLOW_CTX_DAG_OWNER='***' AIRFLOW_CTX_DAG_ID='monitor_T3' AIRFLOW_CTX_TASK_ID='check_if_retrain_needed' AIRFLOW_CTX_EXECUTION_DATE='2025-05-21T13:00:00+00:00' AIRFLOW_CTX_TRY_NUMBER='1' AIRFLOW_CTX_DAG_RUN_ID='scheduled__2025-05-21T13:00:00+00:00'
[2025-05-21T14:00:01.870+0000] {taskinstance.py:430} INFO - ::endgroup::
[2025-05-21T14:00:01.882+0000] {baseoperator.py:399} WARNING - BranchPythonOperator.execute cannot be called outside TaskInstance!
[2025-05-21T14:00:01.893+0000] {python.py:237} INFO - Done. Returned value was: trigger_retrain
[2025-05-21T14:00:01.894+0000] {branch.py:36} INFO - Branch into trigger_retrain
[2025-05-21T14:00:01.894+0000] {skipmixin.py:178} INFO - Following branch trigger_retrain
[2025-05-21T14:00:01.907+0000] {skipmixin.py:246} INFO - Skipping tasks [('end', -1)]
[2025-05-21T14:00:01.932+0000] {taskinstance.py:441} INFO - ::group::Post task execution logs
[2025-05-21T14:00:01.951+0000] {taskinstance.py:1205} INFO - Marking task as SUCCESS. dag_id=monitor_T3, task_id=check_if_retrain_needed, execution_date=20250521T130000, start_date=20250521T140001, end_date=20250521T140001
[2025-05-21T14:00:01.993+0000] {local_task_job_runner.py:240} INFO - Task exited with return code 0
[2025-05-21T14:00:02.019+0000] {taskinstance.py:3482} INFO - 1 downstream tasks scheduled from follow-on schedule check
[2025-05-21T14:00:02.023+0000] {local_task_job_runner.py:222} INFO - ::endgroup::
[2025-05-21T14:04:29.365+0000] {local_task_job_runner.py:120} INFO - ::group::Pre task execution logs
[2025-05-21T14:04:29.462+0000] {taskinstance.py:2073} INFO - Dependencies all met for dep_context=non-requeueable deps ti=<TaskInstance: monitor_T3.check_if_retrain_needed scheduled__2025-05-21T13:00:00+00:00 [queued]>
[2025-05-21T14:04:29.488+0000] {taskinstance.py:2073} INFO - Dependencies all met for dep_context=requeueable deps ti=<TaskInstance: monitor_T3.check_if_retrain_needed scheduled__2025-05-21T13:00:00+00:00 [queued]>
[2025-05-21T14:04:29.488+0000] {taskinstance.py:2303} INFO - Starting attempt 1 of 1
[2025-05-21T14:04:29.534+0000] {taskinstance.py:2327} INFO - Executing <Task(BranchPythonOperator): check_if_retrain_needed> on 2025-05-21 13:00:00+00:00
[2025-05-21T14:04:29.565+0000] {logging_mixin.py:188} WARNING - /home/***/.local/lib/python3.12/site-packages/***/task/task_runner/standard_task_runner.py:61 DeprecationWarning: This process (pid=208) is multi-threaded, use of fork() may lead to deadlocks in the child.
[2025-05-21T14:04:29.567+0000] {standard_task_runner.py:63} INFO - Started process 219 to run task
[2025-05-21T14:04:29.558+0000] {standard_task_runner.py:90} INFO - Running: ['***', 'tasks', 'run', 'monitor_T3', 'check_if_retrain_needed', 'scheduled__2025-05-21T13:00:00+00:00', '--job-id', '4', '--raw', '--subdir', 'DAGS_FOLDER/monitor_T3.py', '--cfg-path', '/tmp/tmp0yfm423j']
[2025-05-21T14:04:29.577+0000] {standard_task_runner.py:91} INFO - Job 4: Subtask check_if_retrain_needed
[2025-05-21T14:04:29.690+0000] {task_command.py:426} INFO - Running <TaskInstance: monitor_T3.check_if_retrain_needed scheduled__2025-05-21T13:00:00+00:00 [running]> on host 4c17401f2ea2
[2025-05-21T14:04:29.915+0000] {taskinstance.py:2644} INFO - Exporting env vars: AIRFLOW_CTX_DAG_OWNER='***' AIRFLOW_CTX_DAG_ID='monitor_T3' AIRFLOW_CTX_TASK_ID='check_if_retrain_needed' AIRFLOW_CTX_EXECUTION_DATE='2025-05-21T13:00:00+00:00' AIRFLOW_CTX_TRY_NUMBER='1' AIRFLOW_CTX_DAG_RUN_ID='scheduled__2025-05-21T13:00:00+00:00'
[2025-05-21T14:04:29.917+0000] {taskinstance.py:430} INFO - ::endgroup::
[2025-05-21T14:04:29.948+0000] {baseoperator.py:399} WARNING - BranchPythonOperator.execute cannot be called outside TaskInstance!
[2025-05-21T14:04:29.980+0000] {python.py:237} INFO - Done. Returned value was: trigger_retrain
[2025-05-21T14:04:29.981+0000] {branch.py:36} INFO - Branch into trigger_retrain
[2025-05-21T14:04:29.982+0000] {skipmixin.py:178} INFO - Following branch trigger_retrain
[2025-05-21T14:04:30.021+0000] {skipmixin.py:246} INFO - Skipping tasks [('end', -1)]
[2025-05-21T14:04:30.077+0000] {taskinstance.py:441} INFO - ::group::Post task execution logs
[2025-05-21T14:04:30.131+0000] {taskinstance.py:1205} INFO - Marking task as SUCCESS. dag_id=monitor_T3, task_id=check_if_retrain_needed, execution_date=20250521T130000, start_date=20250521T140429, end_date=20250521T140430
[2025-05-21T14:04:30.206+0000] {local_task_job_runner.py:240} INFO - Task exited with return code 0
[2025-05-21T14:04:30.258+0000] {taskinstance.py:3482} INFO - 1 downstream tasks scheduled from follow-on schedule check
[2025-05-21T14:04:30.264+0000] {local_task_job_runner.py:222} INFO - ::endgroup::
