[2025-05-21T14:00:13.022+0000] {local_task_job_runner.py:120} INFO - ::group::Pre task execution logs
[2025-05-21T14:00:13.052+0000] {taskinstance.py:2073} INFO - Dependencies all met for dep_context=non-requeueable deps ti=<TaskInstance: monitor_PWU.check_if_retrain_needed scheduled__2025-05-21T13:00:00+00:00 [queued]>
[2025-05-21T14:00:13.061+0000] {taskinstance.py:2073} INFO - Dependencies all met for dep_context=requeueable deps ti=<TaskInstance: monitor_PWU.check_if_retrain_needed scheduled__2025-05-21T13:00:00+00:00 [queued]>
[2025-05-21T14:00:13.062+0000] {taskinstance.py:2303} INFO - Starting attempt 1 of 1
[2025-05-21T14:00:13.079+0000] {taskinstance.py:2327} INFO - Executing <Task(BranchPythonOperator): check_if_retrain_needed> on 2025-05-21 13:00:00+00:00
[2025-05-21T14:00:13.086+0000] {standard_task_runner.py:90} INFO - Running: ['***', 'tasks', 'run', 'monitor_PWU', 'check_if_retrain_needed', 'scheduled__2025-05-21T13:00:00+00:00', '--job-id', '40', '--raw', '--subdir', 'DAGS_FOLDER/monitor_PWU.py', '--cfg-path', '/tmp/tmp90we1kn6']
[2025-05-21T14:00:13.088+0000] {standard_task_runner.py:91} INFO - Job 40: Subtask check_if_retrain_needed
[2025-05-21T14:00:13.089+0000] {logging_mixin.py:188} WARNING - /home/***/.local/lib/python3.12/site-packages/***/task/task_runner/standard_task_runner.py:61 DeprecationWarning: This process (pid=332) is multi-threaded, use of fork() may lead to deadlocks in the child.
[2025-05-21T14:00:13.090+0000] {standard_task_runner.py:63} INFO - Started process 333 to run task
[2025-05-21T14:00:13.134+0000] {task_command.py:426} INFO - Running <TaskInstance: monitor_PWU.check_if_retrain_needed scheduled__2025-05-21T13:00:00+00:00 [running]> on host 3e2b91e6624b
[2025-05-21T14:00:13.219+0000] {taskinstance.py:2644} INFO - Exporting env vars: AIRFLOW_CTX_DAG_OWNER='***' AIRFLOW_CTX_DAG_ID='monitor_PWU' AIRFLOW_CTX_TASK_ID='check_if_retrain_needed' AIRFLOW_CTX_EXECUTION_DATE='2025-05-21T13:00:00+00:00' AIRFLOW_CTX_TRY_NUMBER='1' AIRFLOW_CTX_DAG_RUN_ID='scheduled__2025-05-21T13:00:00+00:00'
[2025-05-21T14:00:13.220+0000] {taskinstance.py:430} INFO - ::endgroup::
[2025-05-21T14:00:13.236+0000] {baseoperator.py:399} WARNING - BranchPythonOperator.execute cannot be called outside TaskInstance!
[2025-05-21T14:00:13.247+0000] {python.py:237} INFO - Done. Returned value was: trigger_retrain
[2025-05-21T14:00:13.248+0000] {branch.py:36} INFO - Branch into trigger_retrain
[2025-05-21T14:00:13.248+0000] {skipmixin.py:178} INFO - Following branch trigger_retrain
[2025-05-21T14:00:13.261+0000] {skipmixin.py:246} INFO - Skipping tasks [('end', -1)]
[2025-05-21T14:00:13.286+0000] {taskinstance.py:441} INFO - ::group::Post task execution logs
[2025-05-21T14:00:13.305+0000] {taskinstance.py:1205} INFO - Marking task as SUCCESS. dag_id=monitor_PWU, task_id=check_if_retrain_needed, execution_date=20250521T130000, start_date=20250521T140013, end_date=20250521T140013
[2025-05-21T14:00:13.344+0000] {local_task_job_runner.py:240} INFO - Task exited with return code 0
[2025-05-21T14:00:13.368+0000] {taskinstance.py:3482} INFO - 1 downstream tasks scheduled from follow-on schedule check
[2025-05-21T14:00:13.376+0000] {local_task_job_runner.py:222} INFO - ::endgroup::
[2025-05-21T14:04:50.276+0000] {local_task_job_runner.py:120} INFO - ::group::Pre task execution logs
[2025-05-21T14:04:50.342+0000] {taskinstance.py:2073} INFO - Dependencies all met for dep_context=non-requeueable deps ti=<TaskInstance: monitor_PWU.check_if_retrain_needed scheduled__2025-05-21T13:00:00+00:00 [queued]>
[2025-05-21T14:04:50.359+0000] {taskinstance.py:2073} INFO - Dependencies all met for dep_context=requeueable deps ti=<TaskInstance: monitor_PWU.check_if_retrain_needed scheduled__2025-05-21T13:00:00+00:00 [queued]>
[2025-05-21T14:04:50.359+0000] {taskinstance.py:2303} INFO - Starting attempt 1 of 1
[2025-05-21T14:04:50.395+0000] {taskinstance.py:2327} INFO - Executing <Task(BranchPythonOperator): check_if_retrain_needed> on 2025-05-21 13:00:00+00:00
[2025-05-21T14:04:50.406+0000] {standard_task_runner.py:90} INFO - Running: ['***', 'tasks', 'run', 'monitor_PWU', 'check_if_retrain_needed', 'scheduled__2025-05-21T13:00:00+00:00', '--job-id', '12', '--raw', '--subdir', 'DAGS_FOLDER/monitor_PWU.py', '--cfg-path', '/tmp/tmp1fc6cpja']
[2025-05-21T14:04:50.409+0000] {standard_task_runner.py:91} INFO - Job 12: Subtask check_if_retrain_needed
[2025-05-21T14:04:50.410+0000] {logging_mixin.py:188} WARNING - /home/***/.local/lib/python3.12/site-packages/***/task/task_runner/standard_task_runner.py:61 DeprecationWarning: This process (pid=280) is multi-threaded, use of fork() may lead to deadlocks in the child.
[2025-05-21T14:04:50.412+0000] {standard_task_runner.py:63} INFO - Started process 281 to run task
[2025-05-21T14:04:50.489+0000] {task_command.py:426} INFO - Running <TaskInstance: monitor_PWU.check_if_retrain_needed scheduled__2025-05-21T13:00:00+00:00 [running]> on host 4c17401f2ea2
[2025-05-21T14:04:50.664+0000] {taskinstance.py:2644} INFO - Exporting env vars: AIRFLOW_CTX_DAG_OWNER='***' AIRFLOW_CTX_DAG_ID='monitor_PWU' AIRFLOW_CTX_TASK_ID='check_if_retrain_needed' AIRFLOW_CTX_EXECUTION_DATE='2025-05-21T13:00:00+00:00' AIRFLOW_CTX_TRY_NUMBER='1' AIRFLOW_CTX_DAG_RUN_ID='scheduled__2025-05-21T13:00:00+00:00'
[2025-05-21T14:04:50.671+0000] {taskinstance.py:430} INFO - ::endgroup::
[2025-05-21T14:04:50.691+0000] {baseoperator.py:399} WARNING - BranchPythonOperator.execute cannot be called outside TaskInstance!
[2025-05-21T14:04:50.711+0000] {python.py:237} INFO - Done. Returned value was: trigger_retrain
[2025-05-21T14:04:50.712+0000] {branch.py:36} INFO - Branch into trigger_retrain
[2025-05-21T14:04:50.712+0000] {skipmixin.py:178} INFO - Following branch trigger_retrain
[2025-05-21T14:04:50.747+0000] {skipmixin.py:246} INFO - Skipping tasks [('end', -1)]
[2025-05-21T14:04:50.789+0000] {taskinstance.py:441} INFO - ::group::Post task execution logs
[2025-05-21T14:04:50.826+0000] {taskinstance.py:1205} INFO - Marking task as SUCCESS. dag_id=monitor_PWU, task_id=check_if_retrain_needed, execution_date=20250521T130000, start_date=20250521T140450, end_date=20250521T140450
[2025-05-21T14:04:50.887+0000] {local_task_job_runner.py:240} INFO - Task exited with return code 0
[2025-05-21T14:04:50.931+0000] {taskinstance.py:3482} INFO - 1 downstream tasks scheduled from follow-on schedule check
[2025-05-21T14:04:50.937+0000] {local_task_job_runner.py:222} INFO - ::endgroup::
