[2025-05-21T14:00:00.579+0000] {local_task_job_runner.py:120} INFO - ::group::Pre task execution logs
[2025-05-21T14:00:00.606+0000] {taskinstance.py:2073} INFO - Dependencies all met for dep_context=non-requeueable deps ti=<TaskInstance: monitor_T3.monitor_model scheduled__2025-05-21T13:00:00+00:00 [queued]>
[2025-05-21T14:00:00.613+0000] {taskinstance.py:2073} INFO - Dependencies all met for dep_context=requeueable deps ti=<TaskInstance: monitor_T3.monitor_model scheduled__2025-05-21T13:00:00+00:00 [queued]>
[2025-05-21T14:00:00.614+0000] {taskinstance.py:2303} INFO - Starting attempt 1 of 1
[2025-05-21T14:00:00.631+0000] {taskinstance.py:2327} INFO - Executing <Task(PythonOperator): monitor_model> on 2025-05-21 13:00:00+00:00
[2025-05-21T14:00:00.638+0000] {standard_task_runner.py:90} INFO - Running: ['***', 'tasks', 'run', 'monitor_T3', 'monitor_model', 'scheduled__2025-05-21T13:00:00+00:00', '--job-id', '35', '--raw', '--subdir', 'DAGS_FOLDER/monitor_T3.py', '--cfg-path', '/tmp/tmp9x7c1s2q']
[2025-05-21T14:00:00.641+0000] {standard_task_runner.py:91} INFO - Job 35: Subtask monitor_model
[2025-05-21T14:00:00.641+0000] {logging_mixin.py:188} WARNING - /home/***/.local/lib/python3.12/site-packages/***/task/task_runner/standard_task_runner.py:61 DeprecationWarning: This process (pid=305) is multi-threaded, use of fork() may lead to deadlocks in the child.
[2025-05-21T14:00:00.642+0000] {standard_task_runner.py:63} INFO - Started process 306 to run task
[2025-05-21T14:00:00.687+0000] {task_command.py:426} INFO - Running <TaskInstance: monitor_T3.monitor_model scheduled__2025-05-21T13:00:00+00:00 [running]> on host 3e2b91e6624b
[2025-05-21T14:00:00.783+0000] {taskinstance.py:2644} INFO - Exporting env vars: AIRFLOW_CTX_DAG_OWNER='***' AIRFLOW_CTX_DAG_ID='monitor_T3' AIRFLOW_CTX_TASK_ID='monitor_model' AIRFLOW_CTX_EXECUTION_DATE='2025-05-21T13:00:00+00:00' AIRFLOW_CTX_TRY_NUMBER='1' AIRFLOW_CTX_DAG_RUN_ID='scheduled__2025-05-21T13:00:00+00:00'
[2025-05-21T14:00:00.784+0000] {taskinstance.py:430} INFO - ::endgroup::
[2025-05-21T14:00:00.843+0000] {logging_mixin.py:188} INFO - [monitor_T3] Prediction: 0.8161162734031677, Ground Truth: 0.65, Error: 0.1661162734031677
[2025-05-21T14:00:00.864+0000] {python.py:237} INFO - Done. Returned value was: None
[2025-05-21T14:00:00.864+0000] {taskinstance.py:441} INFO - ::group::Post task execution logs
[2025-05-21T14:00:00.872+0000] {taskinstance.py:1205} INFO - Marking task as SUCCESS. dag_id=monitor_T3, task_id=monitor_model, execution_date=20250521T130000, start_date=20250521T140000, end_date=20250521T140000
[2025-05-21T14:00:00.897+0000] {local_task_job_runner.py:240} INFO - Task exited with return code 0
[2025-05-21T14:00:00.920+0000] {taskinstance.py:3482} INFO - 1 downstream tasks scheduled from follow-on schedule check
[2025-05-21T14:00:00.924+0000] {local_task_job_runner.py:222} INFO - ::endgroup::
[2025-05-21T14:04:27.262+0000] {local_task_job_runner.py:120} INFO - ::group::Pre task execution logs
[2025-05-21T14:04:27.319+0000] {taskinstance.py:2073} INFO - Dependencies all met for dep_context=non-requeueable deps ti=<TaskInstance: monitor_T3.monitor_model scheduled__2025-05-21T13:00:00+00:00 [queued]>
[2025-05-21T14:04:27.335+0000] {taskinstance.py:2073} INFO - Dependencies all met for dep_context=requeueable deps ti=<TaskInstance: monitor_T3.monitor_model scheduled__2025-05-21T13:00:00+00:00 [queued]>
[2025-05-21T14:04:27.336+0000] {taskinstance.py:2303} INFO - Starting attempt 1 of 1
[2025-05-21T14:04:27.414+0000] {taskinstance.py:2327} INFO - Executing <Task(PythonOperator): monitor_model> on 2025-05-21 13:00:00+00:00
[2025-05-21T14:04:27.424+0000] {standard_task_runner.py:90} INFO - Running: ['***', 'tasks', 'run', 'monitor_T3', 'monitor_model', 'scheduled__2025-05-21T13:00:00+00:00', '--job-id', '3', '--raw', '--subdir', 'DAGS_FOLDER/monitor_T3.py', '--cfg-path', '/tmp/tmpbv47v87x']
[2025-05-21T14:04:27.428+0000] {standard_task_runner.py:91} INFO - Job 3: Subtask monitor_model
[2025-05-21T14:04:27.433+0000] {logging_mixin.py:188} WARNING - /home/***/.local/lib/python3.12/site-packages/***/task/task_runner/standard_task_runner.py:61 DeprecationWarning: This process (pid=206) is multi-threaded, use of fork() may lead to deadlocks in the child.
[2025-05-21T14:04:27.435+0000] {standard_task_runner.py:63} INFO - Started process 207 to run task
[2025-05-21T14:04:27.513+0000] {task_command.py:426} INFO - Running <TaskInstance: monitor_T3.monitor_model scheduled__2025-05-21T13:00:00+00:00 [running]> on host 4c17401f2ea2
[2025-05-21T14:04:27.659+0000] {taskinstance.py:2644} INFO - Exporting env vars: AIRFLOW_CTX_DAG_OWNER='***' AIRFLOW_CTX_DAG_ID='monitor_T3' AIRFLOW_CTX_TASK_ID='monitor_model' AIRFLOW_CTX_EXECUTION_DATE='2025-05-21T13:00:00+00:00' AIRFLOW_CTX_TRY_NUMBER='1' AIRFLOW_CTX_DAG_RUN_ID='scheduled__2025-05-21T13:00:00+00:00'
[2025-05-21T14:04:27.662+0000] {taskinstance.py:430} INFO - ::endgroup::
[2025-05-21T14:04:27.724+0000] {logging_mixin.py:188} INFO - [monitor_T3] Prediction: 0.8272281289100647, Ground Truth: 0.65, Error: 0.17722812891006468
[2025-05-21T14:04:27.768+0000] {python.py:237} INFO - Done. Returned value was: None
[2025-05-21T14:04:27.771+0000] {taskinstance.py:441} INFO - ::group::Post task execution logs
[2025-05-21T14:04:27.785+0000] {taskinstance.py:1205} INFO - Marking task as SUCCESS. dag_id=monitor_T3, task_id=monitor_model, execution_date=20250521T130000, start_date=20250521T140427, end_date=20250521T140427
[2025-05-21T14:04:27.851+0000] {local_task_job_runner.py:240} INFO - Task exited with return code 0
[2025-05-21T14:04:27.903+0000] {taskinstance.py:3482} INFO - 1 downstream tasks scheduled from follow-on schedule check
[2025-05-21T14:04:27.909+0000] {local_task_job_runner.py:222} INFO - ::endgroup::
