[2025-05-21T18:47:58.084+0000] {local_task_job_runner.py:120} INFO - ::group::Pre task execution logs
[2025-05-21T18:47:58.195+0000] {taskinstance.py:2073} INFO - Dependencies all met for dep_context=non-requeueable deps ti=<TaskInstance: retrain_T3_dag.train_T3 manual__2025-05-21T18:47:56.469024+00:00 [queued]>
[2025-05-21T18:47:58.225+0000] {taskinstance.py:2073} INFO - Dependencies all met for dep_context=requeueable deps ti=<TaskInstance: retrain_T3_dag.train_T3 manual__2025-05-21T18:47:56.469024+00:00 [queued]>
[2025-05-21T18:47:58.230+0000] {taskinstance.py:2303} INFO - Starting attempt 1 of 1
[2025-05-21T18:47:58.285+0000] {taskinstance.py:2327} INFO - Executing <Task(BashOperator): train_T3> on 2025-05-21 18:47:56.469024+00:00
[2025-05-21T18:47:58.299+0000] {standard_task_runner.py:90} INFO - Running: ['***', 'tasks', 'run', 'retrain_T3_dag', 'train_T3', 'manual__2025-05-21T18:47:56.469024+00:00', '--job-id', '91', '--raw', '--subdir', 'DAGS_FOLDER/retrain_T3_dag.py', '--cfg-path', '/tmp/tmpjg2_vxbz']
[2025-05-21T18:47:58.312+0000] {standard_task_runner.py:91} INFO - Job 91: Subtask train_T3
[2025-05-21T18:47:58.320+0000] {logging_mixin.py:188} WARNING - /home/***/.local/lib/python3.12/site-packages/***/task/task_runner/standard_task_runner.py:61 DeprecationWarning: This process (pid=233) is multi-threaded, use of fork() may lead to deadlocks in the child.
[2025-05-21T18:47:58.330+0000] {standard_task_runner.py:63} INFO - Started process 234 to run task
[2025-05-21T18:47:58.441+0000] {task_command.py:426} INFO - Running <TaskInstance: retrain_T3_dag.train_T3 manual__2025-05-21T18:47:56.469024+00:00 [running]> on host 5b37b7148378
[2025-05-21T18:47:58.728+0000] {taskinstance.py:2644} INFO - Exporting env vars: AIRFLOW_CTX_DAG_OWNER='***' AIRFLOW_CTX_DAG_ID='retrain_T3_dag' AIRFLOW_CTX_TASK_ID='train_T3' AIRFLOW_CTX_EXECUTION_DATE='2025-05-21T18:47:56.469024+00:00' AIRFLOW_CTX_TRY_NUMBER='1' AIRFLOW_CTX_DAG_RUN_ID='manual__2025-05-21T18:47:56.469024+00:00'
[2025-05-21T18:47:58.736+0000] {taskinstance.py:430} INFO - ::endgroup::
[2025-05-21T18:47:58.772+0000] {subprocess.py:63} INFO - Tmp dir root location: /tmp
[2025-05-21T18:47:58.785+0000] {subprocess.py:75} INFO - Running command: ['/usr/bin/bash', '-c', 'python /opt/***/scripts/train_T3.py']
[2025-05-21T18:47:58.799+0000] {subprocess.py:86} INFO - Output:
[2025-05-21T18:48:20.253+0000] {subprocess.py:93} INFO - /opt/***/scripts/train_T3.py:40: UserWarning: Creating a tensor from a list of numpy.ndarrays is extremely slow. Please consider converting the list to a single numpy.ndarray with numpy.array() before converting to a tensor. (Triggered internally at /pytorch/torch/csrc/utils/tensor_new.cpp:254.)
[2025-05-21T18:48:20.254+0000] {subprocess.py:93} INFO -   return torch.FloatTensor(X), torch.FloatTensor(Y)
[2025-05-21T18:48:54.126+0000] {subprocess.py:93} INFO - [Epoch 1] Loss: 0.0637
[2025-05-21T18:48:54.152+0000] {subprocess.py:93} INFO - [✅ Saved] Trained model → /models/T3/model.pth
[2025-05-21T18:48:57.729+0000] {subprocess.py:97} INFO - Command exited with return code 0
[2025-05-21T18:48:57.736+0000] {taskinstance.py:441} INFO - ::group::Post task execution logs
[2025-05-21T18:48:57.893+0000] {taskinstance.py:1205} INFO - Marking task as SUCCESS. dag_id=retrain_T3_dag, task_id=train_T3, execution_date=20250521T184756, start_date=20250521T184758, end_date=20250521T184857
[2025-05-21T18:48:57.966+0000] {local_task_job_runner.py:240} INFO - Task exited with return code 0
[2025-05-21T18:48:58.052+0000] {taskinstance.py:3482} INFO - 1 downstream tasks scheduled from follow-on schedule check
[2025-05-21T18:48:58.057+0000] {local_task_job_runner.py:222} INFO - ::endgroup::
