[2025-05-13T03:34:02.226+0000] {processor.py:161} INFO - Started process (PID=167) to work on /opt/airflow/dags/monitor_T3.py
[2025-05-13T03:34:02.227+0000] {processor.py:830} INFO - Processing file /opt/airflow/dags/monitor_T3.py for tasks to queue
[2025-05-13T03:34:02.230+0000] {logging_mixin.py:188} INFO - [2025-05-13T03:34:02.230+0000] {dagbag.py:540} INFO - Filling up the DagBag from /opt/airflow/dags/monitor_T3.py
[2025-05-13T03:34:02.298+0000] {processor.py:840} INFO - DAG(s) 'monitor_T3' retrieved from /opt/airflow/dags/monitor_T3.py
[2025-05-13T03:34:02.632+0000] {logging_mixin.py:188} INFO - [2025-05-13T03:34:02.632+0000] {override.py:1829} INFO - Created Permission View: can delete on DAG:monitor_T3
[2025-05-13T03:34:02.646+0000] {logging_mixin.py:188} INFO - [2025-05-13T03:34:02.645+0000] {override.py:1829} INFO - Created Permission View: can read on DAG:monitor_T3
[2025-05-13T03:34:02.654+0000] {logging_mixin.py:188} INFO - [2025-05-13T03:34:02.653+0000] {override.py:1829} INFO - Created Permission View: can edit on DAG:monitor_T3
[2025-05-13T03:34:02.654+0000] {logging_mixin.py:188} INFO - [2025-05-13T03:34:02.654+0000] {dag.py:3096} INFO - Sync 1 DAGs
[2025-05-13T03:34:02.670+0000] {logging_mixin.py:188} INFO - [2025-05-13T03:34:02.669+0000] {dag.py:3118} INFO - Creating ORM DAG for monitor_T3
[2025-05-13T03:34:02.687+0000] {logging_mixin.py:188} INFO - [2025-05-13T03:34:02.687+0000] {dag.py:3954} INFO - Setting next_dagrun for monitor_T3 to 2025-05-13 02:00:00+00:00, run_after=2025-05-13 03:00:00+00:00
[2025-05-13T03:34:02.713+0000] {processor.py:183} INFO - Processing /opt/airflow/dags/monitor_T3.py took 0.495 seconds
[2025-05-13T03:34:33.387+0000] {processor.py:161} INFO - Started process (PID=187) to work on /opt/airflow/dags/monitor_T3.py
[2025-05-13T03:34:33.388+0000] {processor.py:830} INFO - Processing file /opt/airflow/dags/monitor_T3.py for tasks to queue
[2025-05-13T03:34:33.390+0000] {logging_mixin.py:188} INFO - [2025-05-13T03:34:33.389+0000] {dagbag.py:540} INFO - Filling up the DagBag from /opt/airflow/dags/monitor_T3.py
[2025-05-13T03:34:33.421+0000] {processor.py:840} INFO - DAG(s) 'monitor_T3' retrieved from /opt/airflow/dags/monitor_T3.py
[2025-05-13T03:34:33.452+0000] {logging_mixin.py:188} INFO - [2025-05-13T03:34:33.451+0000] {dag.py:3096} INFO - Sync 1 DAGs
[2025-05-13T03:34:33.490+0000] {logging_mixin.py:188} INFO - [2025-05-13T03:34:33.489+0000] {dag.py:3954} INFO - Setting next_dagrun for monitor_T3 to 2025-05-13 02:00:00+00:00, run_after=2025-05-13 03:00:00+00:00
[2025-05-13T03:34:33.520+0000] {processor.py:183} INFO - Processing /opt/airflow/dags/monitor_T3.py took 0.144 seconds
[2025-05-13T03:35:04.005+0000] {processor.py:161} INFO - Started process (PID=209) to work on /opt/airflow/dags/monitor_T3.py
[2025-05-13T03:35:04.007+0000] {processor.py:830} INFO - Processing file /opt/airflow/dags/monitor_T3.py for tasks to queue
[2025-05-13T03:35:04.009+0000] {logging_mixin.py:188} INFO - [2025-05-13T03:35:04.008+0000] {dagbag.py:540} INFO - Filling up the DagBag from /opt/airflow/dags/monitor_T3.py
[2025-05-13T03:35:04.033+0000] {processor.py:840} INFO - DAG(s) 'monitor_T3' retrieved from /opt/airflow/dags/monitor_T3.py
[2025-05-13T03:35:04.059+0000] {logging_mixin.py:188} INFO - [2025-05-13T03:35:04.059+0000] {dag.py:3096} INFO - Sync 1 DAGs
[2025-05-13T03:35:04.085+0000] {logging_mixin.py:188} INFO - [2025-05-13T03:35:04.084+0000] {dag.py:3954} INFO - Setting next_dagrun for monitor_T3 to 2025-05-13 03:00:00+00:00, run_after=2025-05-13 04:00:00+00:00
[2025-05-13T03:35:04.110+0000] {processor.py:183} INFO - Processing /opt/airflow/dags/monitor_T3.py took 0.114 seconds
[2025-05-13T03:35:34.692+0000] {processor.py:161} INFO - Started process (PID=245) to work on /opt/airflow/dags/monitor_T3.py
[2025-05-13T03:35:34.694+0000] {processor.py:830} INFO - Processing file /opt/airflow/dags/monitor_T3.py for tasks to queue
[2025-05-13T03:35:34.695+0000] {logging_mixin.py:188} INFO - [2025-05-13T03:35:34.695+0000] {dagbag.py:540} INFO - Filling up the DagBag from /opt/airflow/dags/monitor_T3.py
[2025-05-13T03:35:34.715+0000] {processor.py:840} INFO - DAG(s) 'monitor_T3' retrieved from /opt/airflow/dags/monitor_T3.py
[2025-05-13T03:35:34.734+0000] {logging_mixin.py:188} INFO - [2025-05-13T03:35:34.734+0000] {dag.py:3096} INFO - Sync 1 DAGs
[2025-05-13T03:35:34.757+0000] {logging_mixin.py:188} INFO - [2025-05-13T03:35:34.757+0000] {dag.py:3954} INFO - Setting next_dagrun for monitor_T3 to 2025-05-13 03:00:00+00:00, run_after=2025-05-13 04:00:00+00:00
[2025-05-13T03:35:34.778+0000] {processor.py:183} INFO - Processing /opt/airflow/dags/monitor_T3.py took 0.096 seconds
[2025-05-13T03:36:05.355+0000] {processor.py:161} INFO - Started process (PID=265) to work on /opt/airflow/dags/monitor_T3.py
[2025-05-13T03:36:05.356+0000] {processor.py:830} INFO - Processing file /opt/airflow/dags/monitor_T3.py for tasks to queue
[2025-05-13T03:36:05.358+0000] {logging_mixin.py:188} INFO - [2025-05-13T03:36:05.358+0000] {dagbag.py:540} INFO - Filling up the DagBag from /opt/airflow/dags/monitor_T3.py
[2025-05-13T03:36:05.379+0000] {processor.py:840} INFO - DAG(s) 'monitor_T3' retrieved from /opt/airflow/dags/monitor_T3.py
[2025-05-13T03:36:05.399+0000] {logging_mixin.py:188} INFO - [2025-05-13T03:36:05.399+0000] {dag.py:3096} INFO - Sync 1 DAGs
[2025-05-13T03:36:05.421+0000] {logging_mixin.py:188} INFO - [2025-05-13T03:36:05.421+0000] {dag.py:3954} INFO - Setting next_dagrun for monitor_T3 to 2025-05-13 03:00:00+00:00, run_after=2025-05-13 04:00:00+00:00
[2025-05-13T03:36:05.443+0000] {processor.py:183} INFO - Processing /opt/airflow/dags/monitor_T3.py took 0.094 seconds
[2025-05-13T03:36:36.114+0000] {processor.py:161} INFO - Started process (PID=285) to work on /opt/airflow/dags/monitor_T3.py
[2025-05-13T03:36:36.115+0000] {processor.py:830} INFO - Processing file /opt/airflow/dags/monitor_T3.py for tasks to queue
[2025-05-13T03:36:36.117+0000] {logging_mixin.py:188} INFO - [2025-05-13T03:36:36.117+0000] {dagbag.py:540} INFO - Filling up the DagBag from /opt/airflow/dags/monitor_T3.py
[2025-05-13T03:36:36.138+0000] {processor.py:840} INFO - DAG(s) 'monitor_T3' retrieved from /opt/airflow/dags/monitor_T3.py
[2025-05-13T03:36:36.160+0000] {logging_mixin.py:188} INFO - [2025-05-13T03:36:36.160+0000] {dag.py:3096} INFO - Sync 1 DAGs
[2025-05-13T03:36:36.185+0000] {logging_mixin.py:188} INFO - [2025-05-13T03:36:36.185+0000] {dag.py:3954} INFO - Setting next_dagrun for monitor_T3 to 2025-05-13 03:00:00+00:00, run_after=2025-05-13 04:00:00+00:00
[2025-05-13T03:36:36.207+0000] {processor.py:183} INFO - Processing /opt/airflow/dags/monitor_T3.py took 0.098 seconds
[2025-05-13T03:37:06.913+0000] {processor.py:161} INFO - Started process (PID=305) to work on /opt/airflow/dags/monitor_T3.py
[2025-05-13T03:37:06.915+0000] {processor.py:830} INFO - Processing file /opt/airflow/dags/monitor_T3.py for tasks to queue
[2025-05-13T03:37:06.918+0000] {logging_mixin.py:188} INFO - [2025-05-13T03:37:06.917+0000] {dagbag.py:540} INFO - Filling up the DagBag from /opt/airflow/dags/monitor_T3.py
[2025-05-13T03:37:06.940+0000] {processor.py:840} INFO - DAG(s) 'monitor_T3' retrieved from /opt/airflow/dags/monitor_T3.py
[2025-05-13T03:37:06.960+0000] {logging_mixin.py:188} INFO - [2025-05-13T03:37:06.960+0000] {dag.py:3096} INFO - Sync 1 DAGs
[2025-05-13T03:37:06.983+0000] {logging_mixin.py:188} INFO - [2025-05-13T03:37:06.983+0000] {dag.py:3954} INFO - Setting next_dagrun for monitor_T3 to 2025-05-13 03:00:00+00:00, run_after=2025-05-13 04:00:00+00:00
[2025-05-13T03:37:07.003+0000] {processor.py:183} INFO - Processing /opt/airflow/dags/monitor_T3.py took 0.099 seconds
[2025-05-13T03:37:37.656+0000] {processor.py:161} INFO - Started process (PID=325) to work on /opt/airflow/dags/monitor_T3.py
[2025-05-13T03:37:37.657+0000] {processor.py:830} INFO - Processing file /opt/airflow/dags/monitor_T3.py for tasks to queue
[2025-05-13T03:37:37.660+0000] {logging_mixin.py:188} INFO - [2025-05-13T03:37:37.659+0000] {dagbag.py:540} INFO - Filling up the DagBag from /opt/airflow/dags/monitor_T3.py
[2025-05-13T03:37:37.682+0000] {processor.py:840} INFO - DAG(s) 'monitor_T3' retrieved from /opt/airflow/dags/monitor_T3.py
[2025-05-13T03:37:37.703+0000] {logging_mixin.py:188} INFO - [2025-05-13T03:37:37.703+0000] {dag.py:3096} INFO - Sync 1 DAGs
[2025-05-13T03:37:37.727+0000] {logging_mixin.py:188} INFO - [2025-05-13T03:37:37.726+0000] {dag.py:3954} INFO - Setting next_dagrun for monitor_T3 to 2025-05-13 03:00:00+00:00, run_after=2025-05-13 04:00:00+00:00
[2025-05-13T03:37:37.748+0000] {processor.py:183} INFO - Processing /opt/airflow/dags/monitor_T3.py took 0.102 seconds
[2025-05-13T03:38:34.776+0000] {processor.py:161} INFO - Started process (PID=167) to work on /opt/airflow/dags/monitor_T3.py
[2025-05-13T03:38:34.778+0000] {processor.py:830} INFO - Processing file /opt/airflow/dags/monitor_T3.py for tasks to queue
[2025-05-13T03:38:34.780+0000] {logging_mixin.py:188} INFO - [2025-05-13T03:38:34.779+0000] {dagbag.py:540} INFO - Filling up the DagBag from /opt/airflow/dags/monitor_T3.py
[2025-05-13T03:38:34.805+0000] {processor.py:840} INFO - DAG(s) 'monitor_T3' retrieved from /opt/airflow/dags/monitor_T3.py
[2025-05-13T03:38:35.056+0000] {logging_mixin.py:188} INFO - [2025-05-13T03:38:35.055+0000] {override.py:1829} INFO - Created Permission View: can read on DAG:monitor_T3
[2025-05-13T03:38:35.066+0000] {logging_mixin.py:188} INFO - [2025-05-13T03:38:35.066+0000] {override.py:1829} INFO - Created Permission View: can delete on DAG:monitor_T3
[2025-05-13T03:38:35.073+0000] {logging_mixin.py:188} INFO - [2025-05-13T03:38:35.073+0000] {override.py:1829} INFO - Created Permission View: can edit on DAG:monitor_T3
[2025-05-13T03:38:35.074+0000] {logging_mixin.py:188} INFO - [2025-05-13T03:38:35.074+0000] {dag.py:3096} INFO - Sync 1 DAGs
[2025-05-13T03:38:35.087+0000] {logging_mixin.py:188} INFO - [2025-05-13T03:38:35.086+0000] {dag.py:3118} INFO - Creating ORM DAG for monitor_T3
[2025-05-13T03:38:35.098+0000] {logging_mixin.py:188} INFO - [2025-05-13T03:38:35.098+0000] {dag.py:3954} INFO - Setting next_dagrun for monitor_T3 to 2025-05-13 02:00:00+00:00, run_after=2025-05-13 03:00:00+00:00
[2025-05-13T03:38:35.128+0000] {processor.py:183} INFO - Processing /opt/airflow/dags/monitor_T3.py took 0.359 seconds
[2025-05-13T03:39:05.917+0000] {processor.py:161} INFO - Started process (PID=187) to work on /opt/airflow/dags/monitor_T3.py
[2025-05-13T03:39:05.918+0000] {processor.py:830} INFO - Processing file /opt/airflow/dags/monitor_T3.py for tasks to queue
[2025-05-13T03:39:05.920+0000] {logging_mixin.py:188} INFO - [2025-05-13T03:39:05.920+0000] {dagbag.py:540} INFO - Filling up the DagBag from /opt/airflow/dags/monitor_T3.py
[2025-05-13T03:39:05.941+0000] {processor.py:840} INFO - DAG(s) 'monitor_T3' retrieved from /opt/airflow/dags/monitor_T3.py
[2025-05-13T03:39:05.961+0000] {logging_mixin.py:188} INFO - [2025-05-13T03:39:05.961+0000] {dag.py:3096} INFO - Sync 1 DAGs
[2025-05-13T03:39:05.983+0000] {logging_mixin.py:188} INFO - [2025-05-13T03:39:05.983+0000] {dag.py:3954} INFO - Setting next_dagrun for monitor_T3 to 2025-05-13 02:00:00+00:00, run_after=2025-05-13 03:00:00+00:00
[2025-05-13T03:39:06.003+0000] {processor.py:183} INFO - Processing /opt/airflow/dags/monitor_T3.py took 0.092 seconds
[2025-05-13T03:39:36.689+0000] {processor.py:161} INFO - Started process (PID=207) to work on /opt/airflow/dags/monitor_T3.py
[2025-05-13T03:39:36.690+0000] {processor.py:830} INFO - Processing file /opt/airflow/dags/monitor_T3.py for tasks to queue
[2025-05-13T03:39:36.691+0000] {logging_mixin.py:188} INFO - [2025-05-13T03:39:36.691+0000] {dagbag.py:540} INFO - Filling up the DagBag from /opt/airflow/dags/monitor_T3.py
[2025-05-13T03:39:36.709+0000] {processor.py:840} INFO - DAG(s) 'monitor_T3' retrieved from /opt/airflow/dags/monitor_T3.py
[2025-05-13T03:39:36.730+0000] {logging_mixin.py:188} INFO - [2025-05-13T03:39:36.730+0000] {dag.py:3096} INFO - Sync 1 DAGs
[2025-05-13T03:39:36.757+0000] {logging_mixin.py:188} INFO - [2025-05-13T03:39:36.757+0000] {dag.py:3954} INFO - Setting next_dagrun for monitor_T3 to 2025-05-13 02:00:00+00:00, run_after=2025-05-13 03:00:00+00:00
[2025-05-13T03:39:36.777+0000] {processor.py:183} INFO - Processing /opt/airflow/dags/monitor_T3.py took 0.094 seconds
[2025-05-13T03:40:07.448+0000] {processor.py:161} INFO - Started process (PID=227) to work on /opt/airflow/dags/monitor_T3.py
[2025-05-13T03:40:07.449+0000] {processor.py:830} INFO - Processing file /opt/airflow/dags/monitor_T3.py for tasks to queue
[2025-05-13T03:40:07.452+0000] {logging_mixin.py:188} INFO - [2025-05-13T03:40:07.451+0000] {dagbag.py:540} INFO - Filling up the DagBag from /opt/airflow/dags/monitor_T3.py
[2025-05-13T03:40:07.475+0000] {processor.py:840} INFO - DAG(s) 'monitor_T3' retrieved from /opt/airflow/dags/monitor_T3.py
[2025-05-13T03:40:07.496+0000] {logging_mixin.py:188} INFO - [2025-05-13T03:40:07.495+0000] {dag.py:3096} INFO - Sync 1 DAGs
[2025-05-13T03:40:07.518+0000] {logging_mixin.py:188} INFO - [2025-05-13T03:40:07.517+0000] {dag.py:3954} INFO - Setting next_dagrun for monitor_T3 to 2025-05-13 02:00:00+00:00, run_after=2025-05-13 03:00:00+00:00
[2025-05-13T03:40:07.537+0000] {processor.py:183} INFO - Processing /opt/airflow/dags/monitor_T3.py took 0.096 seconds
[2025-05-13T03:40:38.266+0000] {processor.py:161} INFO - Started process (PID=247) to work on /opt/airflow/dags/monitor_T3.py
[2025-05-13T03:40:38.266+0000] {processor.py:830} INFO - Processing file /opt/airflow/dags/monitor_T3.py for tasks to queue
[2025-05-13T03:40:38.269+0000] {logging_mixin.py:188} INFO - [2025-05-13T03:40:38.268+0000] {dagbag.py:540} INFO - Filling up the DagBag from /opt/airflow/dags/monitor_T3.py
[2025-05-13T03:40:38.292+0000] {processor.py:840} INFO - DAG(s) 'monitor_T3' retrieved from /opt/airflow/dags/monitor_T3.py
[2025-05-13T03:40:38.313+0000] {logging_mixin.py:188} INFO - [2025-05-13T03:40:38.313+0000] {dag.py:3096} INFO - Sync 1 DAGs
[2025-05-13T03:40:38.337+0000] {logging_mixin.py:188} INFO - [2025-05-13T03:40:38.336+0000] {dag.py:3954} INFO - Setting next_dagrun for monitor_T3 to 2025-05-13 02:00:00+00:00, run_after=2025-05-13 03:00:00+00:00
[2025-05-13T03:40:38.359+0000] {processor.py:183} INFO - Processing /opt/airflow/dags/monitor_T3.py took 0.100 seconds
[2025-05-13T03:41:08.988+0000] {processor.py:161} INFO - Started process (PID=318) to work on /opt/airflow/dags/monitor_T3.py
[2025-05-13T03:41:08.989+0000] {processor.py:830} INFO - Processing file /opt/airflow/dags/monitor_T3.py for tasks to queue
[2025-05-13T03:41:08.993+0000] {logging_mixin.py:188} INFO - [2025-05-13T03:41:08.993+0000] {dagbag.py:540} INFO - Filling up the DagBag from /opt/airflow/dags/monitor_T3.py
[2025-05-13T03:41:09.023+0000] {processor.py:840} INFO - DAG(s) 'monitor_T3' retrieved from /opt/airflow/dags/monitor_T3.py
[2025-05-13T03:41:09.072+0000] {logging_mixin.py:188} INFO - [2025-05-13T03:41:09.071+0000] {dag.py:3096} INFO - Sync 1 DAGs
[2025-05-13T03:41:09.125+0000] {logging_mixin.py:188} INFO - [2025-05-13T03:41:09.125+0000] {dag.py:3954} INFO - Setting next_dagrun for monitor_T3 to 2025-05-13 03:00:00+00:00, run_after=2025-05-13 04:00:00+00:00
[2025-05-13T03:41:09.183+0000] {processor.py:183} INFO - Processing /opt/airflow/dags/monitor_T3.py took 0.208 seconds
[2025-05-13T03:41:39.824+0000] {processor.py:161} INFO - Started process (PID=338) to work on /opt/airflow/dags/monitor_T3.py
[2025-05-13T03:41:39.825+0000] {processor.py:830} INFO - Processing file /opt/airflow/dags/monitor_T3.py for tasks to queue
[2025-05-13T03:41:39.828+0000] {logging_mixin.py:188} INFO - [2025-05-13T03:41:39.828+0000] {dagbag.py:540} INFO - Filling up the DagBag from /opt/airflow/dags/monitor_T3.py
[2025-05-13T03:41:39.869+0000] {processor.py:840} INFO - DAG(s) 'monitor_T3' retrieved from /opt/airflow/dags/monitor_T3.py
[2025-05-13T03:41:39.903+0000] {logging_mixin.py:188} INFO - [2025-05-13T03:41:39.903+0000] {dag.py:3096} INFO - Sync 1 DAGs
[2025-05-13T03:41:39.941+0000] {logging_mixin.py:188} INFO - [2025-05-13T03:41:39.941+0000] {dag.py:3954} INFO - Setting next_dagrun for monitor_T3 to 2025-05-13 03:00:00+00:00, run_after=2025-05-13 04:00:00+00:00
[2025-05-13T03:41:39.971+0000] {processor.py:183} INFO - Processing /opt/airflow/dags/monitor_T3.py took 0.154 seconds
[2025-05-13T03:42:10.889+0000] {processor.py:161} INFO - Started process (PID=358) to work on /opt/airflow/dags/monitor_T3.py
[2025-05-13T03:42:10.893+0000] {processor.py:830} INFO - Processing file /opt/airflow/dags/monitor_T3.py for tasks to queue
[2025-05-13T03:42:10.897+0000] {logging_mixin.py:188} INFO - [2025-05-13T03:42:10.897+0000] {dagbag.py:540} INFO - Filling up the DagBag from /opt/airflow/dags/monitor_T3.py
[2025-05-13T03:42:10.958+0000] {processor.py:840} INFO - DAG(s) 'monitor_T3' retrieved from /opt/airflow/dags/monitor_T3.py
[2025-05-13T03:42:11.028+0000] {logging_mixin.py:188} INFO - [2025-05-13T03:42:11.028+0000] {dag.py:3096} INFO - Sync 1 DAGs
[2025-05-13T03:42:11.101+0000] {logging_mixin.py:188} INFO - [2025-05-13T03:42:11.101+0000] {dag.py:3954} INFO - Setting next_dagrun for monitor_T3 to 2025-05-13 03:00:00+00:00, run_after=2025-05-13 04:00:00+00:00
[2025-05-13T03:42:11.150+0000] {processor.py:183} INFO - Processing /opt/airflow/dags/monitor_T3.py took 0.274 seconds
[2025-05-13T03:42:41.970+0000] {processor.py:161} INFO - Started process (PID=378) to work on /opt/airflow/dags/monitor_T3.py
[2025-05-13T03:42:41.972+0000] {processor.py:830} INFO - Processing file /opt/airflow/dags/monitor_T3.py for tasks to queue
[2025-05-13T03:42:41.974+0000] {logging_mixin.py:188} INFO - [2025-05-13T03:42:41.974+0000] {dagbag.py:540} INFO - Filling up the DagBag from /opt/airflow/dags/monitor_T3.py
[2025-05-13T03:42:42.000+0000] {processor.py:840} INFO - DAG(s) 'monitor_T3' retrieved from /opt/airflow/dags/monitor_T3.py
[2025-05-13T03:42:42.031+0000] {logging_mixin.py:188} INFO - [2025-05-13T03:42:42.030+0000] {dag.py:3096} INFO - Sync 1 DAGs
[2025-05-13T03:42:42.079+0000] {logging_mixin.py:188} INFO - [2025-05-13T03:42:42.079+0000] {dag.py:3954} INFO - Setting next_dagrun for monitor_T3 to 2025-05-13 03:00:00+00:00, run_after=2025-05-13 04:00:00+00:00
[2025-05-13T03:42:42.106+0000] {processor.py:183} INFO - Processing /opt/airflow/dags/monitor_T3.py took 0.144 seconds
[2025-05-13T03:43:56.328+0000] {processor.py:161} INFO - Started process (PID=167) to work on /opt/airflow/dags/monitor_T3.py
[2025-05-13T03:43:56.329+0000] {processor.py:830} INFO - Processing file /opt/airflow/dags/monitor_T3.py for tasks to queue
[2025-05-13T03:43:56.332+0000] {logging_mixin.py:188} INFO - [2025-05-13T03:43:56.331+0000] {dagbag.py:540} INFO - Filling up the DagBag from /opt/airflow/dags/monitor_T3.py
[2025-05-13T03:43:56.364+0000] {processor.py:840} INFO - DAG(s) 'monitor_T3' retrieved from /opt/airflow/dags/monitor_T3.py
[2025-05-13T03:43:56.612+0000] {logging_mixin.py:188} INFO - [2025-05-13T03:43:56.612+0000] {override.py:1829} INFO - Created Permission View: can delete on DAG:monitor_T3
[2025-05-13T03:43:56.625+0000] {logging_mixin.py:188} INFO - [2025-05-13T03:43:56.625+0000] {override.py:1829} INFO - Created Permission View: can edit on DAG:monitor_T3
[2025-05-13T03:43:56.634+0000] {logging_mixin.py:188} INFO - [2025-05-13T03:43:56.633+0000] {override.py:1829} INFO - Created Permission View: can read on DAG:monitor_T3
[2025-05-13T03:43:56.634+0000] {logging_mixin.py:188} INFO - [2025-05-13T03:43:56.634+0000] {dag.py:3096} INFO - Sync 1 DAGs
[2025-05-13T03:43:56.654+0000] {logging_mixin.py:188} INFO - [2025-05-13T03:43:56.654+0000] {dag.py:3118} INFO - Creating ORM DAG for monitor_T3
[2025-05-13T03:43:56.666+0000] {logging_mixin.py:188} INFO - [2025-05-13T03:43:56.666+0000] {dag.py:3954} INFO - Setting next_dagrun for monitor_T3 to 2025-05-13 02:00:00+00:00, run_after=2025-05-13 03:00:00+00:00
[2025-05-13T03:43:56.687+0000] {processor.py:183} INFO - Processing /opt/airflow/dags/monitor_T3.py took 0.367 seconds
[2025-05-13T03:44:27.481+0000] {processor.py:161} INFO - Started process (PID=212) to work on /opt/airflow/dags/monitor_T3.py
[2025-05-13T03:44:27.482+0000] {processor.py:830} INFO - Processing file /opt/airflow/dags/monitor_T3.py for tasks to queue
[2025-05-13T03:44:27.484+0000] {logging_mixin.py:188} INFO - [2025-05-13T03:44:27.483+0000] {dagbag.py:540} INFO - Filling up the DagBag from /opt/airflow/dags/monitor_T3.py
[2025-05-13T03:44:27.505+0000] {processor.py:840} INFO - DAG(s) 'monitor_T3' retrieved from /opt/airflow/dags/monitor_T3.py
[2025-05-13T03:44:27.526+0000] {logging_mixin.py:188} INFO - [2025-05-13T03:44:27.526+0000] {dag.py:3096} INFO - Sync 1 DAGs
[2025-05-13T03:44:27.556+0000] {logging_mixin.py:188} INFO - [2025-05-13T03:44:27.556+0000] {dag.py:3954} INFO - Setting next_dagrun for monitor_T3 to 2025-05-13 03:00:00+00:00, run_after=2025-05-13 04:00:00+00:00
[2025-05-13T03:44:27.579+0000] {processor.py:183} INFO - Processing /opt/airflow/dags/monitor_T3.py took 0.105 seconds
[2025-05-13T03:44:58.209+0000] {processor.py:161} INFO - Started process (PID=261) to work on /opt/airflow/dags/monitor_T3.py
[2025-05-13T03:44:58.210+0000] {processor.py:830} INFO - Processing file /opt/airflow/dags/monitor_T3.py for tasks to queue
[2025-05-13T03:44:58.216+0000] {logging_mixin.py:188} INFO - [2025-05-13T03:44:58.214+0000] {dagbag.py:540} INFO - Filling up the DagBag from /opt/airflow/dags/monitor_T3.py
[2025-05-13T03:44:58.404+0000] {processor.py:840} INFO - DAG(s) 'monitor_T3' retrieved from /opt/airflow/dags/monitor_T3.py
[2025-05-13T03:44:58.507+0000] {logging_mixin.py:188} INFO - [2025-05-13T03:44:58.507+0000] {dag.py:3096} INFO - Sync 1 DAGs
[2025-05-13T03:44:58.825+0000] {logging_mixin.py:188} INFO - [2025-05-13T03:44:58.824+0000] {dag.py:3954} INFO - Setting next_dagrun for monitor_T3 to 2025-05-13 03:00:00+00:00, run_after=2025-05-13 04:00:00+00:00
[2025-05-13T03:44:58.937+0000] {processor.py:183} INFO - Processing /opt/airflow/dags/monitor_T3.py took 0.743 seconds
[2025-05-13T03:45:29.599+0000] {processor.py:161} INFO - Started process (PID=281) to work on /opt/airflow/dags/monitor_T3.py
[2025-05-13T03:45:29.614+0000] {processor.py:830} INFO - Processing file /opt/airflow/dags/monitor_T3.py for tasks to queue
[2025-05-13T03:45:29.617+0000] {logging_mixin.py:188} INFO - [2025-05-13T03:45:29.616+0000] {dagbag.py:540} INFO - Filling up the DagBag from /opt/airflow/dags/monitor_T3.py
[2025-05-13T03:45:29.672+0000] {processor.py:840} INFO - DAG(s) 'monitor_T3' retrieved from /opt/airflow/dags/monitor_T3.py
[2025-05-13T03:45:29.706+0000] {logging_mixin.py:188} INFO - [2025-05-13T03:45:29.706+0000] {dag.py:3096} INFO - Sync 1 DAGs
[2025-05-13T03:45:29.747+0000] {logging_mixin.py:188} INFO - [2025-05-13T03:45:29.746+0000] {dag.py:3954} INFO - Setting next_dagrun for monitor_T3 to 2025-05-13 03:00:00+00:00, run_after=2025-05-13 04:00:00+00:00
[2025-05-13T03:45:29.806+0000] {processor.py:183} INFO - Processing /opt/airflow/dags/monitor_T3.py took 0.218 seconds
[2025-05-13T03:46:00.624+0000] {processor.py:161} INFO - Started process (PID=301) to work on /opt/airflow/dags/monitor_T3.py
[2025-05-13T03:46:00.627+0000] {processor.py:830} INFO - Processing file /opt/airflow/dags/monitor_T3.py for tasks to queue
[2025-05-13T03:46:00.638+0000] {logging_mixin.py:188} INFO - [2025-05-13T03:46:00.637+0000] {dagbag.py:540} INFO - Filling up the DagBag from /opt/airflow/dags/monitor_T3.py
[2025-05-13T03:46:00.723+0000] {processor.py:840} INFO - DAG(s) 'monitor_T3' retrieved from /opt/airflow/dags/monitor_T3.py
[2025-05-13T03:46:00.784+0000] {logging_mixin.py:188} INFO - [2025-05-13T03:46:00.784+0000] {dag.py:3096} INFO - Sync 1 DAGs
[2025-05-13T03:46:00.850+0000] {logging_mixin.py:188} INFO - [2025-05-13T03:46:00.850+0000] {dag.py:3954} INFO - Setting next_dagrun for monitor_T3 to 2025-05-13 03:00:00+00:00, run_after=2025-05-13 04:00:00+00:00
[2025-05-13T03:46:00.928+0000] {processor.py:183} INFO - Processing /opt/airflow/dags/monitor_T3.py took 0.322 seconds
[2025-05-13T03:46:31.678+0000] {processor.py:161} INFO - Started process (PID=321) to work on /opt/airflow/dags/monitor_T3.py
[2025-05-13T03:46:31.680+0000] {processor.py:830} INFO - Processing file /opt/airflow/dags/monitor_T3.py for tasks to queue
[2025-05-13T03:46:31.683+0000] {logging_mixin.py:188} INFO - [2025-05-13T03:46:31.682+0000] {dagbag.py:540} INFO - Filling up the DagBag from /opt/airflow/dags/monitor_T3.py
[2025-05-13T03:46:31.746+0000] {processor.py:840} INFO - DAG(s) 'monitor_T3' retrieved from /opt/airflow/dags/monitor_T3.py
[2025-05-13T03:46:31.813+0000] {logging_mixin.py:188} INFO - [2025-05-13T03:46:31.812+0000] {dag.py:3096} INFO - Sync 1 DAGs
[2025-05-13T03:46:31.868+0000] {logging_mixin.py:188} INFO - [2025-05-13T03:46:31.868+0000] {dag.py:3954} INFO - Setting next_dagrun for monitor_T3 to 2025-05-13 03:00:00+00:00, run_after=2025-05-13 04:00:00+00:00
[2025-05-13T03:46:31.910+0000] {processor.py:183} INFO - Processing /opt/airflow/dags/monitor_T3.py took 0.262 seconds
[2025-05-13T03:47:02.708+0000] {processor.py:161} INFO - Started process (PID=341) to work on /opt/airflow/dags/monitor_T3.py
[2025-05-13T03:47:02.710+0000] {processor.py:830} INFO - Processing file /opt/airflow/dags/monitor_T3.py for tasks to queue
[2025-05-13T03:47:02.712+0000] {logging_mixin.py:188} INFO - [2025-05-13T03:47:02.712+0000] {dagbag.py:540} INFO - Filling up the DagBag from /opt/airflow/dags/monitor_T3.py
[2025-05-13T03:47:02.774+0000] {processor.py:840} INFO - DAG(s) 'monitor_T3' retrieved from /opt/airflow/dags/monitor_T3.py
[2025-05-13T03:47:02.820+0000] {logging_mixin.py:188} INFO - [2025-05-13T03:47:02.820+0000] {dag.py:3096} INFO - Sync 1 DAGs
[2025-05-13T03:47:02.874+0000] {logging_mixin.py:188} INFO - [2025-05-13T03:47:02.873+0000] {dag.py:3954} INFO - Setting next_dagrun for monitor_T3 to 2025-05-13 03:00:00+00:00, run_after=2025-05-13 04:00:00+00:00
[2025-05-13T03:47:02.923+0000] {processor.py:183} INFO - Processing /opt/airflow/dags/monitor_T3.py took 0.226 seconds
[2025-05-13T03:47:33.698+0000] {processor.py:161} INFO - Started process (PID=363) to work on /opt/airflow/dags/monitor_T3.py
[2025-05-13T03:47:33.700+0000] {processor.py:830} INFO - Processing file /opt/airflow/dags/monitor_T3.py for tasks to queue
[2025-05-13T03:47:33.705+0000] {logging_mixin.py:188} INFO - [2025-05-13T03:47:33.704+0000] {dagbag.py:540} INFO - Filling up the DagBag from /opt/airflow/dags/monitor_T3.py
[2025-05-13T03:47:33.727+0000] {processor.py:840} INFO - DAG(s) 'monitor_T3' retrieved from /opt/airflow/dags/monitor_T3.py
[2025-05-13T03:47:33.754+0000] {logging_mixin.py:188} INFO - [2025-05-13T03:47:33.754+0000] {dag.py:3096} INFO - Sync 1 DAGs
[2025-05-13T03:47:33.786+0000] {logging_mixin.py:188} INFO - [2025-05-13T03:47:33.785+0000] {dag.py:3954} INFO - Setting next_dagrun for monitor_T3 to 2025-05-13 03:00:00+00:00, run_after=2025-05-13 04:00:00+00:00
[2025-05-13T03:47:33.843+0000] {processor.py:183} INFO - Processing /opt/airflow/dags/monitor_T3.py took 0.162 seconds
[2025-05-13T03:48:04.448+0000] {processor.py:161} INFO - Started process (PID=383) to work on /opt/airflow/dags/monitor_T3.py
[2025-05-13T03:48:04.449+0000] {processor.py:830} INFO - Processing file /opt/airflow/dags/monitor_T3.py for tasks to queue
[2025-05-13T03:48:04.451+0000] {logging_mixin.py:188} INFO - [2025-05-13T03:48:04.451+0000] {dagbag.py:540} INFO - Filling up the DagBag from /opt/airflow/dags/monitor_T3.py
[2025-05-13T03:48:04.478+0000] {processor.py:840} INFO - DAG(s) 'monitor_T3' retrieved from /opt/airflow/dags/monitor_T3.py
[2025-05-13T03:48:04.530+0000] {logging_mixin.py:188} INFO - [2025-05-13T03:48:04.530+0000] {dag.py:3096} INFO - Sync 1 DAGs
[2025-05-13T03:48:04.568+0000] {logging_mixin.py:188} INFO - [2025-05-13T03:48:04.567+0000] {dag.py:3954} INFO - Setting next_dagrun for monitor_T3 to 2025-05-13 03:00:00+00:00, run_after=2025-05-13 04:00:00+00:00
[2025-05-13T03:48:04.610+0000] {processor.py:183} INFO - Processing /opt/airflow/dags/monitor_T3.py took 0.171 seconds
[2025-05-13T03:48:35.223+0000] {processor.py:161} INFO - Started process (PID=403) to work on /opt/airflow/dags/monitor_T3.py
[2025-05-13T03:48:35.225+0000] {processor.py:830} INFO - Processing file /opt/airflow/dags/monitor_T3.py for tasks to queue
[2025-05-13T03:48:35.228+0000] {logging_mixin.py:188} INFO - [2025-05-13T03:48:35.227+0000] {dagbag.py:540} INFO - Filling up the DagBag from /opt/airflow/dags/monitor_T3.py
[2025-05-13T03:48:35.265+0000] {processor.py:840} INFO - DAG(s) 'monitor_T3' retrieved from /opt/airflow/dags/monitor_T3.py
[2025-05-13T03:48:35.316+0000] {logging_mixin.py:188} INFO - [2025-05-13T03:48:35.315+0000] {dag.py:3096} INFO - Sync 1 DAGs
[2025-05-13T03:48:35.375+0000] {logging_mixin.py:188} INFO - [2025-05-13T03:48:35.375+0000] {dag.py:3954} INFO - Setting next_dagrun for monitor_T3 to 2025-05-13 03:00:00+00:00, run_after=2025-05-13 04:00:00+00:00
[2025-05-13T03:48:35.417+0000] {processor.py:183} INFO - Processing /opt/airflow/dags/monitor_T3.py took 0.203 seconds
[2025-05-13T03:49:06.182+0000] {processor.py:161} INFO - Started process (PID=423) to work on /opt/airflow/dags/monitor_T3.py
[2025-05-13T03:49:06.184+0000] {processor.py:830} INFO - Processing file /opt/airflow/dags/monitor_T3.py for tasks to queue
[2025-05-13T03:49:06.187+0000] {logging_mixin.py:188} INFO - [2025-05-13T03:49:06.187+0000] {dagbag.py:540} INFO - Filling up the DagBag from /opt/airflow/dags/monitor_T3.py
[2025-05-13T03:49:06.211+0000] {processor.py:840} INFO - DAG(s) 'monitor_T3' retrieved from /opt/airflow/dags/monitor_T3.py
[2025-05-13T03:49:06.244+0000] {logging_mixin.py:188} INFO - [2025-05-13T03:49:06.243+0000] {dag.py:3096} INFO - Sync 1 DAGs
[2025-05-13T03:49:06.274+0000] {logging_mixin.py:188} INFO - [2025-05-13T03:49:06.274+0000] {dag.py:3954} INFO - Setting next_dagrun for monitor_T3 to 2025-05-13 03:00:00+00:00, run_after=2025-05-13 04:00:00+00:00
[2025-05-13T03:49:06.303+0000] {processor.py:183} INFO - Processing /opt/airflow/dags/monitor_T3.py took 0.133 seconds
[2025-05-13T03:49:36.920+0000] {processor.py:161} INFO - Started process (PID=443) to work on /opt/airflow/dags/monitor_T3.py
[2025-05-13T03:49:36.921+0000] {processor.py:830} INFO - Processing file /opt/airflow/dags/monitor_T3.py for tasks to queue
[2025-05-13T03:49:36.923+0000] {logging_mixin.py:188} INFO - [2025-05-13T03:49:36.923+0000] {dagbag.py:540} INFO - Filling up the DagBag from /opt/airflow/dags/monitor_T3.py
[2025-05-13T03:49:36.949+0000] {processor.py:840} INFO - DAG(s) 'monitor_T3' retrieved from /opt/airflow/dags/monitor_T3.py
[2025-05-13T03:49:36.972+0000] {logging_mixin.py:188} INFO - [2025-05-13T03:49:36.972+0000] {dag.py:3096} INFO - Sync 1 DAGs
[2025-05-13T03:49:37.018+0000] {logging_mixin.py:188} INFO - [2025-05-13T03:49:37.018+0000] {dag.py:3954} INFO - Setting next_dagrun for monitor_T3 to 2025-05-13 03:00:00+00:00, run_after=2025-05-13 04:00:00+00:00
[2025-05-13T03:49:37.084+0000] {processor.py:183} INFO - Processing /opt/airflow/dags/monitor_T3.py took 0.169 seconds
[2025-05-13T03:50:07.710+0000] {processor.py:161} INFO - Started process (PID=463) to work on /opt/airflow/dags/monitor_T3.py
[2025-05-13T03:50:07.711+0000] {processor.py:830} INFO - Processing file /opt/airflow/dags/monitor_T3.py for tasks to queue
[2025-05-13T03:50:07.713+0000] {logging_mixin.py:188} INFO - [2025-05-13T03:50:07.713+0000] {dagbag.py:540} INFO - Filling up the DagBag from /opt/airflow/dags/monitor_T3.py
[2025-05-13T03:50:07.760+0000] {processor.py:840} INFO - DAG(s) 'monitor_T3' retrieved from /opt/airflow/dags/monitor_T3.py
[2025-05-13T03:50:07.801+0000] {logging_mixin.py:188} INFO - [2025-05-13T03:50:07.801+0000] {dag.py:3096} INFO - Sync 1 DAGs
[2025-05-13T03:50:07.852+0000] {logging_mixin.py:188} INFO - [2025-05-13T03:50:07.852+0000] {dag.py:3954} INFO - Setting next_dagrun for monitor_T3 to 2025-05-13 03:00:00+00:00, run_after=2025-05-13 04:00:00+00:00
[2025-05-13T03:50:07.875+0000] {processor.py:183} INFO - Processing /opt/airflow/dags/monitor_T3.py took 0.176 seconds
[2025-05-13T03:50:38.479+0000] {processor.py:161} INFO - Started process (PID=483) to work on /opt/airflow/dags/monitor_T3.py
[2025-05-13T03:50:38.479+0000] {processor.py:830} INFO - Processing file /opt/airflow/dags/monitor_T3.py for tasks to queue
[2025-05-13T03:50:38.481+0000] {logging_mixin.py:188} INFO - [2025-05-13T03:50:38.481+0000] {dagbag.py:540} INFO - Filling up the DagBag from /opt/airflow/dags/monitor_T3.py
[2025-05-13T03:50:38.502+0000] {processor.py:840} INFO - DAG(s) 'monitor_T3' retrieved from /opt/airflow/dags/monitor_T3.py
[2025-05-13T03:50:38.529+0000] {logging_mixin.py:188} INFO - [2025-05-13T03:50:38.529+0000] {dag.py:3096} INFO - Sync 1 DAGs
[2025-05-13T03:50:38.562+0000] {logging_mixin.py:188} INFO - [2025-05-13T03:50:38.561+0000] {dag.py:3954} INFO - Setting next_dagrun for monitor_T3 to 2025-05-13 03:00:00+00:00, run_after=2025-05-13 04:00:00+00:00
[2025-05-13T03:50:38.617+0000] {processor.py:183} INFO - Processing /opt/airflow/dags/monitor_T3.py took 0.150 seconds
[2025-05-13T03:51:09.251+0000] {processor.py:161} INFO - Started process (PID=503) to work on /opt/airflow/dags/monitor_T3.py
[2025-05-13T03:51:09.253+0000] {processor.py:830} INFO - Processing file /opt/airflow/dags/monitor_T3.py for tasks to queue
[2025-05-13T03:51:09.258+0000] {logging_mixin.py:188} INFO - [2025-05-13T03:51:09.257+0000] {dagbag.py:540} INFO - Filling up the DagBag from /opt/airflow/dags/monitor_T3.py
[2025-05-13T03:51:09.298+0000] {processor.py:840} INFO - DAG(s) 'monitor_T3' retrieved from /opt/airflow/dags/monitor_T3.py
[2025-05-13T03:51:09.335+0000] {logging_mixin.py:188} INFO - [2025-05-13T03:51:09.335+0000] {dag.py:3096} INFO - Sync 1 DAGs
[2025-05-13T03:51:09.375+0000] {logging_mixin.py:188} INFO - [2025-05-13T03:51:09.375+0000] {dag.py:3954} INFO - Setting next_dagrun for monitor_T3 to 2025-05-13 03:00:00+00:00, run_after=2025-05-13 04:00:00+00:00
[2025-05-13T03:51:09.404+0000] {processor.py:183} INFO - Processing /opt/airflow/dags/monitor_T3.py took 0.169 seconds
[2025-05-13T03:51:40.196+0000] {processor.py:161} INFO - Started process (PID=584) to work on /opt/airflow/dags/monitor_T3.py
[2025-05-13T03:51:40.197+0000] {processor.py:830} INFO - Processing file /opt/airflow/dags/monitor_T3.py for tasks to queue
[2025-05-13T03:51:40.200+0000] {logging_mixin.py:188} INFO - [2025-05-13T03:51:40.200+0000] {dagbag.py:540} INFO - Filling up the DagBag from /opt/airflow/dags/monitor_T3.py
[2025-05-13T03:51:40.232+0000] {processor.py:840} INFO - DAG(s) 'monitor_T3' retrieved from /opt/airflow/dags/monitor_T3.py
[2025-05-13T03:51:40.264+0000] {logging_mixin.py:188} INFO - [2025-05-13T03:51:40.263+0000] {dag.py:3096} INFO - Sync 1 DAGs
[2025-05-13T03:51:40.309+0000] {logging_mixin.py:188} INFO - [2025-05-13T03:51:40.309+0000] {dag.py:3954} INFO - Setting next_dagrun for monitor_T3 to 2025-05-13 03:00:00+00:00, run_after=2025-05-13 04:00:00+00:00
[2025-05-13T03:51:40.349+0000] {processor.py:183} INFO - Processing /opt/airflow/dags/monitor_T3.py took 0.164 seconds
