[2025-05-13T03:34:02.743+0000] {processor.py:161} INFO - Started process (PID=174) to work on /opt/airflow/dags/retrain_PWU_dag.py
[2025-05-13T03:34:02.744+0000] {processor.py:830} INFO - Processing file /opt/airflow/dags/retrain_PWU_dag.py for tasks to queue
[2025-05-13T03:34:02.756+0000] {logging_mixin.py:188} INFO - [2025-05-13T03:34:02.755+0000] {dagbag.py:540} INFO - Filling up the DagBag from /opt/airflow/dags/retrain_PWU_dag.py
[2025-05-13T03:34:02.820+0000] {processor.py:840} INFO - DAG(s) 'retrain_PWU_dag' retrieved from /opt/airflow/dags/retrain_PWU_dag.py
[2025-05-13T03:34:02.949+0000] {logging_mixin.py:188} INFO - [2025-05-13T03:34:02.948+0000] {override.py:1829} INFO - Created Permission View: can delete on DAG:retrain_PWU_dag
[2025-05-13T03:34:02.959+0000] {logging_mixin.py:188} INFO - [2025-05-13T03:34:02.959+0000] {override.py:1829} INFO - Created Permission View: can read on DAG:retrain_PWU_dag
[2025-05-13T03:34:02.968+0000] {logging_mixin.py:188} INFO - [2025-05-13T03:34:02.968+0000] {override.py:1829} INFO - Created Permission View: can edit on DAG:retrain_PWU_dag
[2025-05-13T03:34:02.969+0000] {logging_mixin.py:188} INFO - [2025-05-13T03:34:02.968+0000] {dag.py:3096} INFO - Sync 1 DAGs
[2025-05-13T03:34:02.980+0000] {logging_mixin.py:188} INFO - [2025-05-13T03:34:02.980+0000] {dag.py:3118} INFO - Creating ORM DAG for retrain_PWU_dag
[2025-05-13T03:34:02.982+0000] {logging_mixin.py:188} INFO - [2025-05-13T03:34:02.982+0000] {dag.py:3954} INFO - Setting next_dagrun for retrain_PWU_dag to None, run_after=None
[2025-05-13T03:34:03.006+0000] {processor.py:183} INFO - Processing /opt/airflow/dags/retrain_PWU_dag.py took 0.270 seconds
[2025-05-13T03:34:33.525+0000] {processor.py:161} INFO - Started process (PID=192) to work on /opt/airflow/dags/retrain_PWU_dag.py
[2025-05-13T03:34:33.527+0000] {processor.py:830} INFO - Processing file /opt/airflow/dags/retrain_PWU_dag.py for tasks to queue
[2025-05-13T03:34:33.530+0000] {logging_mixin.py:188} INFO - [2025-05-13T03:34:33.529+0000] {dagbag.py:540} INFO - Filling up the DagBag from /opt/airflow/dags/retrain_PWU_dag.py
[2025-05-13T03:34:33.558+0000] {processor.py:840} INFO - DAG(s) 'retrain_PWU_dag' retrieved from /opt/airflow/dags/retrain_PWU_dag.py
[2025-05-13T03:34:33.584+0000] {logging_mixin.py:188} INFO - [2025-05-13T03:34:33.584+0000] {dag.py:3096} INFO - Sync 1 DAGs
[2025-05-13T03:34:33.603+0000] {logging_mixin.py:188} INFO - [2025-05-13T03:34:33.603+0000] {dag.py:3954} INFO - Setting next_dagrun for retrain_PWU_dag to None, run_after=None
[2025-05-13T03:34:33.626+0000] {processor.py:183} INFO - Processing /opt/airflow/dags/retrain_PWU_dag.py took 0.109 seconds
[2025-05-13T03:35:04.118+0000] {processor.py:161} INFO - Started process (PID=214) to work on /opt/airflow/dags/retrain_PWU_dag.py
[2025-05-13T03:35:04.120+0000] {processor.py:830} INFO - Processing file /opt/airflow/dags/retrain_PWU_dag.py for tasks to queue
[2025-05-13T03:35:04.122+0000] {logging_mixin.py:188} INFO - [2025-05-13T03:35:04.122+0000] {dagbag.py:540} INFO - Filling up the DagBag from /opt/airflow/dags/retrain_PWU_dag.py
[2025-05-13T03:35:04.145+0000] {processor.py:840} INFO - DAG(s) 'retrain_PWU_dag' retrieved from /opt/airflow/dags/retrain_PWU_dag.py
[2025-05-13T03:35:04.169+0000] {logging_mixin.py:188} INFO - [2025-05-13T03:35:04.169+0000] {dag.py:3096} INFO - Sync 1 DAGs
[2025-05-13T03:35:04.187+0000] {logging_mixin.py:188} INFO - [2025-05-13T03:35:04.187+0000] {dag.py:3954} INFO - Setting next_dagrun for retrain_PWU_dag to None, run_after=None
[2025-05-13T03:35:04.206+0000] {processor.py:183} INFO - Processing /opt/airflow/dags/retrain_PWU_dag.py took 0.094 seconds
[2025-05-13T03:35:34.792+0000] {processor.py:161} INFO - Started process (PID=250) to work on /opt/airflow/dags/retrain_PWU_dag.py
[2025-05-13T03:35:34.793+0000] {processor.py:830} INFO - Processing file /opt/airflow/dags/retrain_PWU_dag.py for tasks to queue
[2025-05-13T03:35:34.796+0000] {logging_mixin.py:188} INFO - [2025-05-13T03:35:34.796+0000] {dagbag.py:540} INFO - Filling up the DagBag from /opt/airflow/dags/retrain_PWU_dag.py
[2025-05-13T03:35:34.814+0000] {processor.py:840} INFO - DAG(s) 'retrain_PWU_dag' retrieved from /opt/airflow/dags/retrain_PWU_dag.py
[2025-05-13T03:35:34.832+0000] {logging_mixin.py:188} INFO - [2025-05-13T03:35:34.832+0000] {dag.py:3096} INFO - Sync 1 DAGs
[2025-05-13T03:35:34.845+0000] {logging_mixin.py:188} INFO - [2025-05-13T03:35:34.845+0000] {dag.py:3954} INFO - Setting next_dagrun for retrain_PWU_dag to None, run_after=None
[2025-05-13T03:35:34.863+0000] {processor.py:183} INFO - Processing /opt/airflow/dags/retrain_PWU_dag.py took 0.077 seconds
[2025-05-13T03:36:05.456+0000] {processor.py:161} INFO - Started process (PID=270) to work on /opt/airflow/dags/retrain_PWU_dag.py
[2025-05-13T03:36:05.457+0000] {processor.py:830} INFO - Processing file /opt/airflow/dags/retrain_PWU_dag.py for tasks to queue
[2025-05-13T03:36:05.459+0000] {logging_mixin.py:188} INFO - [2025-05-13T03:36:05.458+0000] {dagbag.py:540} INFO - Filling up the DagBag from /opt/airflow/dags/retrain_PWU_dag.py
[2025-05-13T03:36:05.474+0000] {processor.py:840} INFO - DAG(s) 'retrain_PWU_dag' retrieved from /opt/airflow/dags/retrain_PWU_dag.py
[2025-05-13T03:36:05.492+0000] {logging_mixin.py:188} INFO - [2025-05-13T03:36:05.492+0000] {dag.py:3096} INFO - Sync 1 DAGs
[2025-05-13T03:36:05.504+0000] {logging_mixin.py:188} INFO - [2025-05-13T03:36:05.504+0000] {dag.py:3954} INFO - Setting next_dagrun for retrain_PWU_dag to None, run_after=None
[2025-05-13T03:36:05.522+0000] {processor.py:183} INFO - Processing /opt/airflow/dags/retrain_PWU_dag.py took 0.072 seconds
[2025-05-13T03:36:36.221+0000] {processor.py:161} INFO - Started process (PID=290) to work on /opt/airflow/dags/retrain_PWU_dag.py
[2025-05-13T03:36:36.222+0000] {processor.py:830} INFO - Processing file /opt/airflow/dags/retrain_PWU_dag.py for tasks to queue
[2025-05-13T03:36:36.224+0000] {logging_mixin.py:188} INFO - [2025-05-13T03:36:36.224+0000] {dagbag.py:540} INFO - Filling up the DagBag from /opt/airflow/dags/retrain_PWU_dag.py
[2025-05-13T03:36:36.240+0000] {processor.py:840} INFO - DAG(s) 'retrain_PWU_dag' retrieved from /opt/airflow/dags/retrain_PWU_dag.py
[2025-05-13T03:36:36.260+0000] {logging_mixin.py:188} INFO - [2025-05-13T03:36:36.260+0000] {dag.py:3096} INFO - Sync 1 DAGs
[2025-05-13T03:36:36.275+0000] {logging_mixin.py:188} INFO - [2025-05-13T03:36:36.275+0000] {dag.py:3954} INFO - Setting next_dagrun for retrain_PWU_dag to None, run_after=None
[2025-05-13T03:36:36.297+0000] {processor.py:183} INFO - Processing /opt/airflow/dags/retrain_PWU_dag.py took 0.083 seconds
[2025-05-13T03:37:07.021+0000] {processor.py:161} INFO - Started process (PID=310) to work on /opt/airflow/dags/retrain_PWU_dag.py
[2025-05-13T03:37:07.022+0000] {processor.py:830} INFO - Processing file /opt/airflow/dags/retrain_PWU_dag.py for tasks to queue
[2025-05-13T03:37:07.024+0000] {logging_mixin.py:188} INFO - [2025-05-13T03:37:07.023+0000] {dagbag.py:540} INFO - Filling up the DagBag from /opt/airflow/dags/retrain_PWU_dag.py
[2025-05-13T03:37:07.041+0000] {processor.py:840} INFO - DAG(s) 'retrain_PWU_dag' retrieved from /opt/airflow/dags/retrain_PWU_dag.py
[2025-05-13T03:37:07.061+0000] {logging_mixin.py:188} INFO - [2025-05-13T03:37:07.060+0000] {dag.py:3096} INFO - Sync 1 DAGs
[2025-05-13T03:37:07.075+0000] {logging_mixin.py:188} INFO - [2025-05-13T03:37:07.075+0000] {dag.py:3954} INFO - Setting next_dagrun for retrain_PWU_dag to None, run_after=None
[2025-05-13T03:37:07.095+0000] {processor.py:183} INFO - Processing /opt/airflow/dags/retrain_PWU_dag.py took 0.080 seconds
[2025-05-13T03:37:37.758+0000] {processor.py:161} INFO - Started process (PID=330) to work on /opt/airflow/dags/retrain_PWU_dag.py
[2025-05-13T03:37:37.759+0000] {processor.py:830} INFO - Processing file /opt/airflow/dags/retrain_PWU_dag.py for tasks to queue
[2025-05-13T03:37:37.761+0000] {logging_mixin.py:188} INFO - [2025-05-13T03:37:37.761+0000] {dagbag.py:540} INFO - Filling up the DagBag from /opt/airflow/dags/retrain_PWU_dag.py
[2025-05-13T03:37:37.778+0000] {processor.py:840} INFO - DAG(s) 'retrain_PWU_dag' retrieved from /opt/airflow/dags/retrain_PWU_dag.py
[2025-05-13T03:37:37.801+0000] {logging_mixin.py:188} INFO - [2025-05-13T03:37:37.801+0000] {dag.py:3096} INFO - Sync 1 DAGs
[2025-05-13T03:37:37.814+0000] {logging_mixin.py:188} INFO - [2025-05-13T03:37:37.814+0000] {dag.py:3954} INFO - Setting next_dagrun for retrain_PWU_dag to None, run_after=None
[2025-05-13T03:37:37.831+0000] {processor.py:183} INFO - Processing /opt/airflow/dags/retrain_PWU_dag.py took 0.079 seconds
[2025-05-13T03:38:35.174+0000] {processor.py:161} INFO - Started process (PID=174) to work on /opt/airflow/dags/retrain_PWU_dag.py
[2025-05-13T03:38:35.175+0000] {processor.py:830} INFO - Processing file /opt/airflow/dags/retrain_PWU_dag.py for tasks to queue
[2025-05-13T03:38:35.177+0000] {logging_mixin.py:188} INFO - [2025-05-13T03:38:35.177+0000] {dagbag.py:540} INFO - Filling up the DagBag from /opt/airflow/dags/retrain_PWU_dag.py
[2025-05-13T03:38:35.194+0000] {processor.py:840} INFO - DAG(s) 'retrain_PWU_dag' retrieved from /opt/airflow/dags/retrain_PWU_dag.py
[2025-05-13T03:38:35.307+0000] {logging_mixin.py:188} INFO - [2025-05-13T03:38:35.306+0000] {override.py:1829} INFO - Created Permission View: can read on DAG:retrain_PWU_dag
[2025-05-13T03:38:35.317+0000] {logging_mixin.py:188} INFO - [2025-05-13T03:38:35.316+0000] {override.py:1829} INFO - Created Permission View: can delete on DAG:retrain_PWU_dag
[2025-05-13T03:38:35.323+0000] {logging_mixin.py:188} INFO - [2025-05-13T03:38:35.322+0000] {override.py:1829} INFO - Created Permission View: can edit on DAG:retrain_PWU_dag
[2025-05-13T03:38:35.323+0000] {logging_mixin.py:188} INFO - [2025-05-13T03:38:35.323+0000] {dag.py:3096} INFO - Sync 1 DAGs
[2025-05-13T03:38:35.334+0000] {logging_mixin.py:188} INFO - [2025-05-13T03:38:35.334+0000] {dag.py:3118} INFO - Creating ORM DAG for retrain_PWU_dag
[2025-05-13T03:38:35.335+0000] {logging_mixin.py:188} INFO - [2025-05-13T03:38:35.335+0000] {dag.py:3954} INFO - Setting next_dagrun for retrain_PWU_dag to None, run_after=None
[2025-05-13T03:38:35.351+0000] {processor.py:183} INFO - Processing /opt/airflow/dags/retrain_PWU_dag.py took 0.185 seconds
[2025-05-13T03:39:06.013+0000] {processor.py:161} INFO - Started process (PID=192) to work on /opt/airflow/dags/retrain_PWU_dag.py
[2025-05-13T03:39:06.014+0000] {processor.py:830} INFO - Processing file /opt/airflow/dags/retrain_PWU_dag.py for tasks to queue
[2025-05-13T03:39:06.016+0000] {logging_mixin.py:188} INFO - [2025-05-13T03:39:06.015+0000] {dagbag.py:540} INFO - Filling up the DagBag from /opt/airflow/dags/retrain_PWU_dag.py
[2025-05-13T03:39:06.031+0000] {processor.py:840} INFO - DAG(s) 'retrain_PWU_dag' retrieved from /opt/airflow/dags/retrain_PWU_dag.py
[2025-05-13T03:39:06.051+0000] {logging_mixin.py:188} INFO - [2025-05-13T03:39:06.051+0000] {dag.py:3096} INFO - Sync 1 DAGs
[2025-05-13T03:39:06.063+0000] {logging_mixin.py:188} INFO - [2025-05-13T03:39:06.063+0000] {dag.py:3954} INFO - Setting next_dagrun for retrain_PWU_dag to None, run_after=None
[2025-05-13T03:39:06.079+0000] {processor.py:183} INFO - Processing /opt/airflow/dags/retrain_PWU_dag.py took 0.072 seconds
[2025-05-13T03:39:36.782+0000] {processor.py:161} INFO - Started process (PID=212) to work on /opt/airflow/dags/retrain_PWU_dag.py
[2025-05-13T03:39:36.783+0000] {processor.py:830} INFO - Processing file /opt/airflow/dags/retrain_PWU_dag.py for tasks to queue
[2025-05-13T03:39:36.784+0000] {logging_mixin.py:188} INFO - [2025-05-13T03:39:36.784+0000] {dagbag.py:540} INFO - Filling up the DagBag from /opt/airflow/dags/retrain_PWU_dag.py
[2025-05-13T03:39:36.801+0000] {processor.py:840} INFO - DAG(s) 'retrain_PWU_dag' retrieved from /opt/airflow/dags/retrain_PWU_dag.py
[2025-05-13T03:39:36.818+0000] {logging_mixin.py:188} INFO - [2025-05-13T03:39:36.818+0000] {dag.py:3096} INFO - Sync 1 DAGs
[2025-05-13T03:39:36.831+0000] {logging_mixin.py:188} INFO - [2025-05-13T03:39:36.831+0000] {dag.py:3954} INFO - Setting next_dagrun for retrain_PWU_dag to None, run_after=None
[2025-05-13T03:39:36.849+0000] {processor.py:183} INFO - Processing /opt/airflow/dags/retrain_PWU_dag.py took 0.073 seconds
[2025-05-13T03:40:07.553+0000] {processor.py:161} INFO - Started process (PID=232) to work on /opt/airflow/dags/retrain_PWU_dag.py
[2025-05-13T03:40:07.554+0000] {processor.py:830} INFO - Processing file /opt/airflow/dags/retrain_PWU_dag.py for tasks to queue
[2025-05-13T03:40:07.556+0000] {logging_mixin.py:188} INFO - [2025-05-13T03:40:07.556+0000] {dagbag.py:540} INFO - Filling up the DagBag from /opt/airflow/dags/retrain_PWU_dag.py
[2025-05-13T03:40:07.573+0000] {processor.py:840} INFO - DAG(s) 'retrain_PWU_dag' retrieved from /opt/airflow/dags/retrain_PWU_dag.py
[2025-05-13T03:40:07.592+0000] {logging_mixin.py:188} INFO - [2025-05-13T03:40:07.592+0000] {dag.py:3096} INFO - Sync 1 DAGs
[2025-05-13T03:40:07.604+0000] {logging_mixin.py:188} INFO - [2025-05-13T03:40:07.604+0000] {dag.py:3954} INFO - Setting next_dagrun for retrain_PWU_dag to None, run_after=None
[2025-05-13T03:40:07.622+0000] {processor.py:183} INFO - Processing /opt/airflow/dags/retrain_PWU_dag.py took 0.075 seconds
[2025-05-13T03:40:38.388+0000] {processor.py:161} INFO - Started process (PID=254) to work on /opt/airflow/dags/retrain_PWU_dag.py
[2025-05-13T03:40:38.389+0000] {processor.py:830} INFO - Processing file /opt/airflow/dags/retrain_PWU_dag.py for tasks to queue
[2025-05-13T03:40:38.391+0000] {logging_mixin.py:188} INFO - [2025-05-13T03:40:38.391+0000] {dagbag.py:540} INFO - Filling up the DagBag from /opt/airflow/dags/retrain_PWU_dag.py
[2025-05-13T03:40:38.409+0000] {processor.py:840} INFO - DAG(s) 'retrain_PWU_dag' retrieved from /opt/airflow/dags/retrain_PWU_dag.py
[2025-05-13T03:40:38.433+0000] {logging_mixin.py:188} INFO - [2025-05-13T03:40:38.432+0000] {dag.py:3096} INFO - Sync 1 DAGs
[2025-05-13T03:40:38.449+0000] {logging_mixin.py:188} INFO - [2025-05-13T03:40:38.448+0000] {dag.py:3954} INFO - Setting next_dagrun for retrain_PWU_dag to None, run_after=None
[2025-05-13T03:40:38.473+0000] {processor.py:183} INFO - Processing /opt/airflow/dags/retrain_PWU_dag.py took 0.093 seconds
[2025-05-13T03:41:09.179+0000] {processor.py:161} INFO - Started process (PID=323) to work on /opt/airflow/dags/retrain_PWU_dag.py
[2025-05-13T03:41:09.181+0000] {processor.py:830} INFO - Processing file /opt/airflow/dags/retrain_PWU_dag.py for tasks to queue
[2025-05-13T03:41:09.184+0000] {logging_mixin.py:188} INFO - [2025-05-13T03:41:09.184+0000] {dagbag.py:540} INFO - Filling up the DagBag from /opt/airflow/dags/retrain_PWU_dag.py
[2025-05-13T03:41:09.231+0000] {processor.py:840} INFO - DAG(s) 'retrain_PWU_dag' retrieved from /opt/airflow/dags/retrain_PWU_dag.py
[2025-05-13T03:41:09.258+0000] {logging_mixin.py:188} INFO - [2025-05-13T03:41:09.257+0000] {dag.py:3096} INFO - Sync 1 DAGs
[2025-05-13T03:41:09.284+0000] {logging_mixin.py:188} INFO - [2025-05-13T03:41:09.284+0000] {dag.py:3954} INFO - Setting next_dagrun for retrain_PWU_dag to None, run_after=None
[2025-05-13T03:41:09.310+0000] {processor.py:183} INFO - Processing /opt/airflow/dags/retrain_PWU_dag.py took 0.152 seconds
[2025-05-13T03:41:39.988+0000] {processor.py:161} INFO - Started process (PID=343) to work on /opt/airflow/dags/retrain_PWU_dag.py
[2025-05-13T03:41:39.990+0000] {processor.py:830} INFO - Processing file /opt/airflow/dags/retrain_PWU_dag.py for tasks to queue
[2025-05-13T03:41:39.995+0000] {logging_mixin.py:188} INFO - [2025-05-13T03:41:39.994+0000] {dagbag.py:540} INFO - Filling up the DagBag from /opt/airflow/dags/retrain_PWU_dag.py
[2025-05-13T03:41:40.021+0000] {processor.py:840} INFO - DAG(s) 'retrain_PWU_dag' retrieved from /opt/airflow/dags/retrain_PWU_dag.py
[2025-05-13T03:41:40.052+0000] {logging_mixin.py:188} INFO - [2025-05-13T03:41:40.051+0000] {dag.py:3096} INFO - Sync 1 DAGs
[2025-05-13T03:41:40.074+0000] {logging_mixin.py:188} INFO - [2025-05-13T03:41:40.074+0000] {dag.py:3954} INFO - Setting next_dagrun for retrain_PWU_dag to None, run_after=None
[2025-05-13T03:41:40.115+0000] {processor.py:183} INFO - Processing /opt/airflow/dags/retrain_PWU_dag.py took 0.139 seconds
[2025-05-13T03:42:11.249+0000] {processor.py:161} INFO - Started process (PID=365) to work on /opt/airflow/dags/retrain_PWU_dag.py
[2025-05-13T03:42:11.252+0000] {processor.py:830} INFO - Processing file /opt/airflow/dags/retrain_PWU_dag.py for tasks to queue
[2025-05-13T03:42:11.255+0000] {logging_mixin.py:188} INFO - [2025-05-13T03:42:11.254+0000] {dagbag.py:540} INFO - Filling up the DagBag from /opt/airflow/dags/retrain_PWU_dag.py
[2025-05-13T03:42:11.302+0000] {processor.py:840} INFO - DAG(s) 'retrain_PWU_dag' retrieved from /opt/airflow/dags/retrain_PWU_dag.py
[2025-05-13T03:42:11.327+0000] {logging_mixin.py:188} INFO - [2025-05-13T03:42:11.326+0000] {dag.py:3096} INFO - Sync 1 DAGs
[2025-05-13T03:42:11.356+0000] {logging_mixin.py:188} INFO - [2025-05-13T03:42:11.356+0000] {dag.py:3954} INFO - Setting next_dagrun for retrain_PWU_dag to None, run_after=None
[2025-05-13T03:42:11.466+0000] {processor.py:183} INFO - Processing /opt/airflow/dags/retrain_PWU_dag.py took 0.229 seconds
[2025-05-13T03:42:42.163+0000] {processor.py:161} INFO - Started process (PID=385) to work on /opt/airflow/dags/retrain_PWU_dag.py
[2025-05-13T03:42:42.164+0000] {processor.py:830} INFO - Processing file /opt/airflow/dags/retrain_PWU_dag.py for tasks to queue
[2025-05-13T03:42:42.166+0000] {logging_mixin.py:188} INFO - [2025-05-13T03:42:42.166+0000] {dagbag.py:540} INFO - Filling up the DagBag from /opt/airflow/dags/retrain_PWU_dag.py
[2025-05-13T03:42:42.183+0000] {processor.py:840} INFO - DAG(s) 'retrain_PWU_dag' retrieved from /opt/airflow/dags/retrain_PWU_dag.py
[2025-05-13T03:42:42.210+0000] {logging_mixin.py:188} INFO - [2025-05-13T03:42:42.210+0000] {dag.py:3096} INFO - Sync 1 DAGs
[2025-05-13T03:42:42.223+0000] {logging_mixin.py:188} INFO - [2025-05-13T03:42:42.223+0000] {dag.py:3954} INFO - Setting next_dagrun for retrain_PWU_dag to None, run_after=None
[2025-05-13T03:42:42.255+0000] {processor.py:183} INFO - Processing /opt/airflow/dags/retrain_PWU_dag.py took 0.103 seconds
[2025-05-13T03:43:56.718+0000] {processor.py:161} INFO - Started process (PID=174) to work on /opt/airflow/dags/retrain_PWU_dag.py
[2025-05-13T03:43:56.719+0000] {processor.py:830} INFO - Processing file /opt/airflow/dags/retrain_PWU_dag.py for tasks to queue
[2025-05-13T03:43:56.720+0000] {logging_mixin.py:188} INFO - [2025-05-13T03:43:56.720+0000] {dagbag.py:540} INFO - Filling up the DagBag from /opt/airflow/dags/retrain_PWU_dag.py
[2025-05-13T03:43:56.737+0000] {processor.py:840} INFO - DAG(s) 'retrain_PWU_dag' retrieved from /opt/airflow/dags/retrain_PWU_dag.py
[2025-05-13T03:43:56.873+0000] {logging_mixin.py:188} INFO - [2025-05-13T03:43:56.873+0000] {override.py:1829} INFO - Created Permission View: can delete on DAG:retrain_PWU_dag
[2025-05-13T03:43:56.883+0000] {logging_mixin.py:188} INFO - [2025-05-13T03:43:56.883+0000] {override.py:1829} INFO - Created Permission View: can edit on DAG:retrain_PWU_dag
[2025-05-13T03:43:56.889+0000] {logging_mixin.py:188} INFO - [2025-05-13T03:43:56.889+0000] {override.py:1829} INFO - Created Permission View: can read on DAG:retrain_PWU_dag
[2025-05-13T03:43:56.890+0000] {logging_mixin.py:188} INFO - [2025-05-13T03:43:56.890+0000] {dag.py:3096} INFO - Sync 1 DAGs
[2025-05-13T03:43:56.900+0000] {logging_mixin.py:188} INFO - [2025-05-13T03:43:56.900+0000] {dag.py:3118} INFO - Creating ORM DAG for retrain_PWU_dag
[2025-05-13T03:43:56.901+0000] {logging_mixin.py:188} INFO - [2025-05-13T03:43:56.901+0000] {dag.py:3954} INFO - Setting next_dagrun for retrain_PWU_dag to None, run_after=None
[2025-05-13T03:43:56.917+0000] {processor.py:183} INFO - Processing /opt/airflow/dags/retrain_PWU_dag.py took 0.205 seconds
[2025-05-13T03:44:27.587+0000] {processor.py:161} INFO - Started process (PID=217) to work on /opt/airflow/dags/retrain_PWU_dag.py
[2025-05-13T03:44:27.588+0000] {processor.py:830} INFO - Processing file /opt/airflow/dags/retrain_PWU_dag.py for tasks to queue
[2025-05-13T03:44:27.591+0000] {logging_mixin.py:188} INFO - [2025-05-13T03:44:27.590+0000] {dagbag.py:540} INFO - Filling up the DagBag from /opt/airflow/dags/retrain_PWU_dag.py
[2025-05-13T03:44:27.610+0000] {processor.py:840} INFO - DAG(s) 'retrain_PWU_dag' retrieved from /opt/airflow/dags/retrain_PWU_dag.py
[2025-05-13T03:44:27.636+0000] {logging_mixin.py:188} INFO - [2025-05-13T03:44:27.636+0000] {dag.py:3096} INFO - Sync 1 DAGs
[2025-05-13T03:44:27.653+0000] {logging_mixin.py:188} INFO - [2025-05-13T03:44:27.653+0000] {dag.py:3954} INFO - Setting next_dagrun for retrain_PWU_dag to None, run_after=None
[2025-05-13T03:44:27.676+0000] {processor.py:183} INFO - Processing /opt/airflow/dags/retrain_PWU_dag.py took 0.097 seconds
[2025-05-13T03:44:58.906+0000] {processor.py:161} INFO - Started process (PID=266) to work on /opt/airflow/dags/retrain_PWU_dag.py
[2025-05-13T03:44:58.909+0000] {processor.py:830} INFO - Processing file /opt/airflow/dags/retrain_PWU_dag.py for tasks to queue
[2025-05-13T03:44:58.915+0000] {logging_mixin.py:188} INFO - [2025-05-13T03:44:58.914+0000] {dagbag.py:540} INFO - Filling up the DagBag from /opt/airflow/dags/retrain_PWU_dag.py
[2025-05-13T03:44:58.979+0000] {processor.py:840} INFO - DAG(s) 'retrain_PWU_dag' retrieved from /opt/airflow/dags/retrain_PWU_dag.py
[2025-05-13T03:44:59.011+0000] {logging_mixin.py:188} INFO - [2025-05-13T03:44:59.011+0000] {dag.py:3096} INFO - Sync 1 DAGs
[2025-05-13T03:44:59.050+0000] {logging_mixin.py:188} INFO - [2025-05-13T03:44:59.049+0000] {dag.py:3954} INFO - Setting next_dagrun for retrain_PWU_dag to None, run_after=None
[2025-05-13T03:44:59.087+0000] {processor.py:183} INFO - Processing /opt/airflow/dags/retrain_PWU_dag.py took 0.193 seconds
[2025-05-13T03:45:29.830+0000] {processor.py:161} INFO - Started process (PID=286) to work on /opt/airflow/dags/retrain_PWU_dag.py
[2025-05-13T03:45:29.833+0000] {processor.py:830} INFO - Processing file /opt/airflow/dags/retrain_PWU_dag.py for tasks to queue
[2025-05-13T03:45:29.838+0000] {logging_mixin.py:188} INFO - [2025-05-13T03:45:29.837+0000] {dagbag.py:540} INFO - Filling up the DagBag from /opt/airflow/dags/retrain_PWU_dag.py
[2025-05-13T03:45:29.873+0000] {processor.py:840} INFO - DAG(s) 'retrain_PWU_dag' retrieved from /opt/airflow/dags/retrain_PWU_dag.py
[2025-05-13T03:45:29.911+0000] {logging_mixin.py:188} INFO - [2025-05-13T03:45:29.908+0000] {dag.py:3096} INFO - Sync 1 DAGs
[2025-05-13T03:45:29.935+0000] {logging_mixin.py:188} INFO - [2025-05-13T03:45:29.934+0000] {dag.py:3954} INFO - Setting next_dagrun for retrain_PWU_dag to None, run_after=None
[2025-05-13T03:45:29.972+0000] {processor.py:183} INFO - Processing /opt/airflow/dags/retrain_PWU_dag.py took 0.161 seconds
[2025-05-13T03:46:00.928+0000] {processor.py:161} INFO - Started process (PID=306) to work on /opt/airflow/dags/retrain_PWU_dag.py
[2025-05-13T03:46:00.930+0000] {processor.py:830} INFO - Processing file /opt/airflow/dags/retrain_PWU_dag.py for tasks to queue
[2025-05-13T03:46:00.936+0000] {logging_mixin.py:188} INFO - [2025-05-13T03:46:00.935+0000] {dagbag.py:540} INFO - Filling up the DagBag from /opt/airflow/dags/retrain_PWU_dag.py
[2025-05-13T03:46:00.980+0000] {processor.py:840} INFO - DAG(s) 'retrain_PWU_dag' retrieved from /opt/airflow/dags/retrain_PWU_dag.py
[2025-05-13T03:46:01.022+0000] {logging_mixin.py:188} INFO - [2025-05-13T03:46:01.021+0000] {dag.py:3096} INFO - Sync 1 DAGs
[2025-05-13T03:46:01.050+0000] {logging_mixin.py:188} INFO - [2025-05-13T03:46:01.050+0000] {dag.py:3954} INFO - Setting next_dagrun for retrain_PWU_dag to None, run_after=None
[2025-05-13T03:46:01.129+0000] {processor.py:183} INFO - Processing /opt/airflow/dags/retrain_PWU_dag.py took 0.216 seconds
[2025-05-13T03:46:31.972+0000] {processor.py:161} INFO - Started process (PID=328) to work on /opt/airflow/dags/retrain_PWU_dag.py
[2025-05-13T03:46:31.976+0000] {processor.py:830} INFO - Processing file /opt/airflow/dags/retrain_PWU_dag.py for tasks to queue
[2025-05-13T03:46:31.981+0000] {logging_mixin.py:188} INFO - [2025-05-13T03:46:31.980+0000] {dagbag.py:540} INFO - Filling up the DagBag from /opt/airflow/dags/retrain_PWU_dag.py
[2025-05-13T03:46:32.043+0000] {processor.py:840} INFO - DAG(s) 'retrain_PWU_dag' retrieved from /opt/airflow/dags/retrain_PWU_dag.py
[2025-05-13T03:46:32.093+0000] {logging_mixin.py:188} INFO - [2025-05-13T03:46:32.092+0000] {dag.py:3096} INFO - Sync 1 DAGs
[2025-05-13T03:46:32.123+0000] {logging_mixin.py:188} INFO - [2025-05-13T03:46:32.122+0000] {dag.py:3954} INFO - Setting next_dagrun for retrain_PWU_dag to None, run_after=None
[2025-05-13T03:46:32.188+0000] {processor.py:183} INFO - Processing /opt/airflow/dags/retrain_PWU_dag.py took 0.227 seconds
[2025-05-13T03:47:02.966+0000] {processor.py:161} INFO - Started process (PID=346) to work on /opt/airflow/dags/retrain_PWU_dag.py
[2025-05-13T03:47:02.969+0000] {processor.py:830} INFO - Processing file /opt/airflow/dags/retrain_PWU_dag.py for tasks to queue
[2025-05-13T03:47:02.974+0000] {logging_mixin.py:188} INFO - [2025-05-13T03:47:02.973+0000] {dagbag.py:540} INFO - Filling up the DagBag from /opt/airflow/dags/retrain_PWU_dag.py
[2025-05-13T03:47:03.011+0000] {processor.py:840} INFO - DAG(s) 'retrain_PWU_dag' retrieved from /opt/airflow/dags/retrain_PWU_dag.py
[2025-05-13T03:47:03.062+0000] {logging_mixin.py:188} INFO - [2025-05-13T03:47:03.062+0000] {dag.py:3096} INFO - Sync 1 DAGs
[2025-05-13T03:47:03.090+0000] {logging_mixin.py:188} INFO - [2025-05-13T03:47:03.090+0000] {dag.py:3954} INFO - Setting next_dagrun for retrain_PWU_dag to None, run_after=None
[2025-05-13T03:47:03.134+0000] {processor.py:183} INFO - Processing /opt/airflow/dags/retrain_PWU_dag.py took 0.180 seconds
[2025-05-13T03:47:33.849+0000] {processor.py:161} INFO - Started process (PID=368) to work on /opt/airflow/dags/retrain_PWU_dag.py
[2025-05-13T03:47:33.851+0000] {processor.py:830} INFO - Processing file /opt/airflow/dags/retrain_PWU_dag.py for tasks to queue
[2025-05-13T03:47:33.853+0000] {logging_mixin.py:188} INFO - [2025-05-13T03:47:33.853+0000] {dagbag.py:540} INFO - Filling up the DagBag from /opt/airflow/dags/retrain_PWU_dag.py
[2025-05-13T03:47:33.880+0000] {processor.py:840} INFO - DAG(s) 'retrain_PWU_dag' retrieved from /opt/airflow/dags/retrain_PWU_dag.py
[2025-05-13T03:47:33.918+0000] {logging_mixin.py:188} INFO - [2025-05-13T03:47:33.917+0000] {dag.py:3096} INFO - Sync 1 DAGs
[2025-05-13T03:47:33.939+0000] {logging_mixin.py:188} INFO - [2025-05-13T03:47:33.939+0000] {dag.py:3954} INFO - Setting next_dagrun for retrain_PWU_dag to None, run_after=None
[2025-05-13T03:47:33.967+0000] {processor.py:183} INFO - Processing /opt/airflow/dags/retrain_PWU_dag.py took 0.126 seconds
[2025-05-13T03:48:04.610+0000] {processor.py:161} INFO - Started process (PID=388) to work on /opt/airflow/dags/retrain_PWU_dag.py
[2025-05-13T03:48:04.611+0000] {processor.py:830} INFO - Processing file /opt/airflow/dags/retrain_PWU_dag.py for tasks to queue
[2025-05-13T03:48:04.613+0000] {logging_mixin.py:188} INFO - [2025-05-13T03:48:04.613+0000] {dagbag.py:540} INFO - Filling up the DagBag from /opt/airflow/dags/retrain_PWU_dag.py
[2025-05-13T03:48:04.633+0000] {processor.py:840} INFO - DAG(s) 'retrain_PWU_dag' retrieved from /opt/airflow/dags/retrain_PWU_dag.py
[2025-05-13T03:48:04.660+0000] {logging_mixin.py:188} INFO - [2025-05-13T03:48:04.659+0000] {dag.py:3096} INFO - Sync 1 DAGs
[2025-05-13T03:48:04.674+0000] {logging_mixin.py:188} INFO - [2025-05-13T03:48:04.673+0000] {dag.py:3954} INFO - Setting next_dagrun for retrain_PWU_dag to None, run_after=None
[2025-05-13T03:48:04.710+0000] {processor.py:183} INFO - Processing /opt/airflow/dags/retrain_PWU_dag.py took 0.107 seconds
[2025-05-13T03:48:35.430+0000] {processor.py:161} INFO - Started process (PID=408) to work on /opt/airflow/dags/retrain_PWU_dag.py
[2025-05-13T03:48:35.433+0000] {processor.py:830} INFO - Processing file /opt/airflow/dags/retrain_PWU_dag.py for tasks to queue
[2025-05-13T03:48:35.439+0000] {logging_mixin.py:188} INFO - [2025-05-13T03:48:35.438+0000] {dagbag.py:540} INFO - Filling up the DagBag from /opt/airflow/dags/retrain_PWU_dag.py
[2025-05-13T03:48:35.472+0000] {processor.py:840} INFO - DAG(s) 'retrain_PWU_dag' retrieved from /opt/airflow/dags/retrain_PWU_dag.py
[2025-05-13T03:48:35.513+0000] {logging_mixin.py:188} INFO - [2025-05-13T03:48:35.512+0000] {dag.py:3096} INFO - Sync 1 DAGs
[2025-05-13T03:48:35.556+0000] {logging_mixin.py:188} INFO - [2025-05-13T03:48:35.555+0000] {dag.py:3954} INFO - Setting next_dagrun for retrain_PWU_dag to None, run_after=None
[2025-05-13T03:48:35.601+0000] {processor.py:183} INFO - Processing /opt/airflow/dags/retrain_PWU_dag.py took 0.183 seconds
[2025-05-13T03:49:06.308+0000] {processor.py:161} INFO - Started process (PID=428) to work on /opt/airflow/dags/retrain_PWU_dag.py
[2025-05-13T03:49:06.309+0000] {processor.py:830} INFO - Processing file /opt/airflow/dags/retrain_PWU_dag.py for tasks to queue
[2025-05-13T03:49:06.311+0000] {logging_mixin.py:188} INFO - [2025-05-13T03:49:06.311+0000] {dagbag.py:540} INFO - Filling up the DagBag from /opt/airflow/dags/retrain_PWU_dag.py
[2025-05-13T03:49:06.331+0000] {processor.py:840} INFO - DAG(s) 'retrain_PWU_dag' retrieved from /opt/airflow/dags/retrain_PWU_dag.py
[2025-05-13T03:49:06.366+0000] {logging_mixin.py:188} INFO - [2025-05-13T03:49:06.365+0000] {dag.py:3096} INFO - Sync 1 DAGs
[2025-05-13T03:49:06.383+0000] {logging_mixin.py:188} INFO - [2025-05-13T03:49:06.382+0000] {dag.py:3954} INFO - Setting next_dagrun for retrain_PWU_dag to None, run_after=None
[2025-05-13T03:49:06.431+0000] {processor.py:183} INFO - Processing /opt/airflow/dags/retrain_PWU_dag.py took 0.129 seconds
[2025-05-13T03:49:37.087+0000] {processor.py:161} INFO - Started process (PID=448) to work on /opt/airflow/dags/retrain_PWU_dag.py
[2025-05-13T03:49:37.089+0000] {processor.py:830} INFO - Processing file /opt/airflow/dags/retrain_PWU_dag.py for tasks to queue
[2025-05-13T03:49:37.093+0000] {logging_mixin.py:188} INFO - [2025-05-13T03:49:37.092+0000] {dagbag.py:540} INFO - Filling up the DagBag from /opt/airflow/dags/retrain_PWU_dag.py
[2025-05-13T03:49:37.117+0000] {processor.py:840} INFO - DAG(s) 'retrain_PWU_dag' retrieved from /opt/airflow/dags/retrain_PWU_dag.py
[2025-05-13T03:49:37.147+0000] {logging_mixin.py:188} INFO - [2025-05-13T03:49:37.146+0000] {dag.py:3096} INFO - Sync 1 DAGs
[2025-05-13T03:49:37.168+0000] {logging_mixin.py:188} INFO - [2025-05-13T03:49:37.168+0000] {dag.py:3954} INFO - Setting next_dagrun for retrain_PWU_dag to None, run_after=None
[2025-05-13T03:49:37.220+0000] {processor.py:183} INFO - Processing /opt/airflow/dags/retrain_PWU_dag.py took 0.147 seconds
[2025-05-13T03:50:07.887+0000] {processor.py:161} INFO - Started process (PID=468) to work on /opt/airflow/dags/retrain_PWU_dag.py
[2025-05-13T03:50:07.889+0000] {processor.py:830} INFO - Processing file /opt/airflow/dags/retrain_PWU_dag.py for tasks to queue
[2025-05-13T03:50:07.893+0000] {logging_mixin.py:188} INFO - [2025-05-13T03:50:07.891+0000] {dagbag.py:540} INFO - Filling up the DagBag from /opt/airflow/dags/retrain_PWU_dag.py
[2025-05-13T03:50:07.911+0000] {processor.py:840} INFO - DAG(s) 'retrain_PWU_dag' retrieved from /opt/airflow/dags/retrain_PWU_dag.py
[2025-05-13T03:50:07.937+0000] {logging_mixin.py:188} INFO - [2025-05-13T03:50:07.937+0000] {dag.py:3096} INFO - Sync 1 DAGs
[2025-05-13T03:50:07.969+0000] {logging_mixin.py:188} INFO - [2025-05-13T03:50:07.968+0000] {dag.py:3954} INFO - Setting next_dagrun for retrain_PWU_dag to None, run_after=None
[2025-05-13T03:50:08.027+0000] {processor.py:183} INFO - Processing /opt/airflow/dags/retrain_PWU_dag.py took 0.150 seconds
[2025-05-13T03:50:38.637+0000] {processor.py:161} INFO - Started process (PID=488) to work on /opt/airflow/dags/retrain_PWU_dag.py
[2025-05-13T03:50:38.639+0000] {processor.py:830} INFO - Processing file /opt/airflow/dags/retrain_PWU_dag.py for tasks to queue
[2025-05-13T03:50:38.642+0000] {logging_mixin.py:188} INFO - [2025-05-13T03:50:38.641+0000] {dagbag.py:540} INFO - Filling up the DagBag from /opt/airflow/dags/retrain_PWU_dag.py
[2025-05-13T03:50:38.667+0000] {processor.py:840} INFO - DAG(s) 'retrain_PWU_dag' retrieved from /opt/airflow/dags/retrain_PWU_dag.py
[2025-05-13T03:50:38.704+0000] {logging_mixin.py:188} INFO - [2025-05-13T03:50:38.703+0000] {dag.py:3096} INFO - Sync 1 DAGs
[2025-05-13T03:50:38.717+0000] {logging_mixin.py:188} INFO - [2025-05-13T03:50:38.717+0000] {dag.py:3954} INFO - Setting next_dagrun for retrain_PWU_dag to None, run_after=None
[2025-05-13T03:50:38.745+0000] {processor.py:183} INFO - Processing /opt/airflow/dags/retrain_PWU_dag.py took 0.118 seconds
[2025-05-13T03:51:09.408+0000] {processor.py:161} INFO - Started process (PID=508) to work on /opt/airflow/dags/retrain_PWU_dag.py
[2025-05-13T03:51:09.409+0000] {processor.py:830} INFO - Processing file /opt/airflow/dags/retrain_PWU_dag.py for tasks to queue
[2025-05-13T03:51:09.413+0000] {logging_mixin.py:188} INFO - [2025-05-13T03:51:09.413+0000] {dagbag.py:540} INFO - Filling up the DagBag from /opt/airflow/dags/retrain_PWU_dag.py
[2025-05-13T03:51:09.492+0000] {processor.py:840} INFO - DAG(s) 'retrain_PWU_dag' retrieved from /opt/airflow/dags/retrain_PWU_dag.py
[2025-05-13T03:51:09.542+0000] {logging_mixin.py:188} INFO - [2025-05-13T03:51:09.542+0000] {dag.py:3096} INFO - Sync 1 DAGs
[2025-05-13T03:51:09.579+0000] {logging_mixin.py:188} INFO - [2025-05-13T03:51:09.578+0000] {dag.py:3954} INFO - Setting next_dagrun for retrain_PWU_dag to None, run_after=None
[2025-05-13T03:51:09.615+0000] {processor.py:183} INFO - Processing /opt/airflow/dags/retrain_PWU_dag.py took 0.221 seconds
[2025-05-13T03:51:40.371+0000] {processor.py:161} INFO - Started process (PID=592) to work on /opt/airflow/dags/retrain_PWU_dag.py
[2025-05-13T03:51:40.372+0000] {processor.py:830} INFO - Processing file /opt/airflow/dags/retrain_PWU_dag.py for tasks to queue
[2025-05-13T03:51:40.376+0000] {logging_mixin.py:188} INFO - [2025-05-13T03:51:40.375+0000] {dagbag.py:540} INFO - Filling up the DagBag from /opt/airflow/dags/retrain_PWU_dag.py
[2025-05-13T03:51:40.410+0000] {processor.py:840} INFO - DAG(s) 'retrain_PWU_dag' retrieved from /opt/airflow/dags/retrain_PWU_dag.py
[2025-05-13T03:51:40.444+0000] {logging_mixin.py:188} INFO - [2025-05-13T03:51:40.444+0000] {dag.py:3096} INFO - Sync 1 DAGs
[2025-05-13T03:51:40.462+0000] {logging_mixin.py:188} INFO - [2025-05-13T03:51:40.461+0000] {dag.py:3954} INFO - Setting next_dagrun for retrain_PWU_dag to None, run_after=None
[2025-05-13T03:51:40.495+0000] {processor.py:183} INFO - Processing /opt/airflow/dags/retrain_PWU_dag.py took 0.135 seconds
