[2025-05-13T03:35:30.252+0000] {local_task_job_runner.py:120} INFO - ::group::Pre task execution logs
[2025-05-13T03:35:30.286+0000] {taskinstance.py:2073} INFO - Dependencies all met for dep_context=non-requeueable deps ti=<TaskInstance: monitor_PWU.trigger_retrain scheduled__2025-05-13T02:00:00+00:00 [queued]>
[2025-05-13T03:35:30.296+0000] {taskinstance.py:2073} INFO - Dependencies all met for dep_context=requeueable deps ti=<TaskInstance: monitor_PWU.trigger_retrain scheduled__2025-05-13T02:00:00+00:00 [queued]>
[2025-05-13T03:35:30.297+0000] {taskinstance.py:2303} INFO - Starting attempt 1 of 1
[2025-05-13T03:35:30.312+0000] {taskinstance.py:2327} INFO - Executing <Task(TriggerDagRunOperator): trigger_retrain> on 2025-05-13 02:00:00+00:00
[2025-05-13T03:35:30.317+0000] {standard_task_runner.py:90} INFO - Running: ['***', 'tasks', 'run', 'monitor_PWU', 'trigger_retrain', 'scheduled__2025-05-13T02:00:00+00:00', '--job-id', '8', '--raw', '--subdir', 'DAGS_FOLDER/monitor_PWU.py', '--cfg-path', '/tmp/tmp66chtvfv']
[2025-05-13T03:35:30.320+0000] {standard_task_runner.py:91} INFO - Job 8: Subtask trigger_retrain
[2025-05-13T03:35:30.324+0000] {logging_mixin.py:188} WARNING - /home/***/.local/lib/python3.12/site-packages/***/task/task_runner/standard_task_runner.py:61 DeprecationWarning: This process (pid=237) is multi-threaded, use of fork() may lead to deadlocks in the child.
[2025-05-13T03:35:30.325+0000] {standard_task_runner.py:63} INFO - Started process 238 to run task
[2025-05-13T03:35:30.363+0000] {task_command.py:426} INFO - Running <TaskInstance: monitor_PWU.trigger_retrain scheduled__2025-05-13T02:00:00+00:00 [running]> on host aeacfd01479d
[2025-05-13T03:35:30.433+0000] {taskinstance.py:2644} INFO - Exporting env vars: AIRFLOW_CTX_DAG_OWNER='***' AIRFLOW_CTX_DAG_ID='monitor_PWU' AIRFLOW_CTX_TASK_ID='trigger_retrain' AIRFLOW_CTX_EXECUTION_DATE='2025-05-13T02:00:00+00:00' AIRFLOW_CTX_TRY_NUMBER='1' AIRFLOW_CTX_DAG_RUN_ID='scheduled__2025-05-13T02:00:00+00:00'
[2025-05-13T03:35:30.434+0000] {taskinstance.py:430} INFO - ::endgroup::
[2025-05-13T03:35:30.505+0000] {taskinstance.py:441} INFO - ::group::Post task execution logs
[2025-05-13T03:35:30.513+0000] {taskinstance.py:1205} INFO - Marking task as SUCCESS. dag_id=monitor_PWU, task_id=trigger_retrain, execution_date=20250513T020000, start_date=20250513T033530, end_date=20250513T033530
[2025-05-13T03:35:30.539+0000] {local_task_job_runner.py:240} INFO - Task exited with return code 0
[2025-05-13T03:35:30.553+0000] {taskinstance.py:3482} INFO - 0 downstream tasks scheduled from follow-on schedule check
[2025-05-13T03:35:30.555+0000] {local_task_job_runner.py:222} INFO - ::endgroup::
[2025-05-13T03:40:48.862+0000] {local_task_job_runner.py:120} INFO - ::group::Pre task execution logs
[2025-05-13T03:40:48.896+0000] {taskinstance.py:2073} INFO - Dependencies all met for dep_context=non-requeueable deps ti=<TaskInstance: monitor_PWU.trigger_retrain scheduled__2025-05-13T02:00:00+00:00 [queued]>
[2025-05-13T03:40:48.909+0000] {taskinstance.py:2073} INFO - Dependencies all met for dep_context=requeueable deps ti=<TaskInstance: monitor_PWU.trigger_retrain scheduled__2025-05-13T02:00:00+00:00 [queued]>
[2025-05-13T03:40:48.910+0000] {taskinstance.py:2303} INFO - Starting attempt 1 of 1
[2025-05-13T03:40:48.926+0000] {taskinstance.py:2327} INFO - Executing <Task(TriggerDagRunOperator): trigger_retrain> on 2025-05-13 02:00:00+00:00
[2025-05-13T03:40:48.932+0000] {standard_task_runner.py:90} INFO - Running: ['***', 'tasks', 'run', 'monitor_PWU', 'trigger_retrain', 'scheduled__2025-05-13T02:00:00+00:00', '--job-id', '5', '--raw', '--subdir', 'DAGS_FOLDER/monitor_PWU.py', '--cfg-path', '/tmp/tmp4hd_voyt']
[2025-05-13T03:40:48.934+0000] {standard_task_runner.py:91} INFO - Job 5: Subtask trigger_retrain
[2025-05-13T03:40:48.936+0000] {logging_mixin.py:188} WARNING - /home/***/.local/lib/python3.12/site-packages/***/task/task_runner/standard_task_runner.py:61 DeprecationWarning: This process (pid=270) is multi-threaded, use of fork() may lead to deadlocks in the child.
[2025-05-13T03:40:48.937+0000] {standard_task_runner.py:63} INFO - Started process 272 to run task
[2025-05-13T03:40:48.982+0000] {task_command.py:426} INFO - Running <TaskInstance: monitor_PWU.trigger_retrain scheduled__2025-05-13T02:00:00+00:00 [running]> on host e27023c184cc
[2025-05-13T03:40:49.060+0000] {taskinstance.py:2644} INFO - Exporting env vars: AIRFLOW_CTX_DAG_OWNER='***' AIRFLOW_CTX_DAG_ID='monitor_PWU' AIRFLOW_CTX_TASK_ID='trigger_retrain' AIRFLOW_CTX_EXECUTION_DATE='2025-05-13T02:00:00+00:00' AIRFLOW_CTX_TRY_NUMBER='1' AIRFLOW_CTX_DAG_RUN_ID='scheduled__2025-05-13T02:00:00+00:00'
[2025-05-13T03:40:49.061+0000] {taskinstance.py:430} INFO - ::endgroup::
[2025-05-13T03:40:49.131+0000] {taskinstance.py:441} INFO - ::group::Post task execution logs
[2025-05-13T03:40:49.139+0000] {taskinstance.py:1205} INFO - Marking task as SUCCESS. dag_id=monitor_PWU, task_id=trigger_retrain, execution_date=20250513T020000, start_date=20250513T034048, end_date=20250513T034049
[2025-05-13T03:40:49.191+0000] {local_task_job_runner.py:240} INFO - Task exited with return code 0
[2025-05-13T03:40:49.206+0000] {taskinstance.py:3482} INFO - 0 downstream tasks scheduled from follow-on schedule check
[2025-05-13T03:40:49.208+0000] {local_task_job_runner.py:222} INFO - ::endgroup::
[2025-05-13T03:44:24.907+0000] {local_task_job_runner.py:120} INFO - ::group::Pre task execution logs
[2025-05-13T03:44:24.945+0000] {taskinstance.py:2073} INFO - Dependencies all met for dep_context=non-requeueable deps ti=<TaskInstance: monitor_PWU.trigger_retrain scheduled__2025-05-13T02:00:00+00:00 [queued]>
[2025-05-13T03:44:24.954+0000] {taskinstance.py:2073} INFO - Dependencies all met for dep_context=requeueable deps ti=<TaskInstance: monitor_PWU.trigger_retrain scheduled__2025-05-13T02:00:00+00:00 [queued]>
[2025-05-13T03:44:24.954+0000] {taskinstance.py:2303} INFO - Starting attempt 1 of 1
[2025-05-13T03:44:24.971+0000] {taskinstance.py:2327} INFO - Executing <Task(TriggerDagRunOperator): trigger_retrain> on 2025-05-13 02:00:00+00:00
[2025-05-13T03:44:24.977+0000] {standard_task_runner.py:90} INFO - Running: ['***', 'tasks', 'run', 'monitor_PWU', 'trigger_retrain', 'scheduled__2025-05-13T02:00:00+00:00', '--job-id', '6', '--raw', '--subdir', 'DAGS_FOLDER/monitor_PWU.py', '--cfg-path', '/tmp/tmpde1si4iz']
[2025-05-13T03:44:24.980+0000] {standard_task_runner.py:91} INFO - Job 6: Subtask trigger_retrain
[2025-05-13T03:44:24.981+0000] {logging_mixin.py:188} WARNING - /home/***/.local/lib/python3.12/site-packages/***/task/task_runner/standard_task_runner.py:61 DeprecationWarning: This process (pid=191) is multi-threaded, use of fork() may lead to deadlocks in the child.
[2025-05-13T03:44:24.981+0000] {standard_task_runner.py:63} INFO - Started process 193 to run task
[2025-05-13T03:44:25.025+0000] {task_command.py:426} INFO - Running <TaskInstance: monitor_PWU.trigger_retrain scheduled__2025-05-13T02:00:00+00:00 [running]> on host 44726ac4e2f5
[2025-05-13T03:44:25.103+0000] {taskinstance.py:2644} INFO - Exporting env vars: AIRFLOW_CTX_DAG_OWNER='***' AIRFLOW_CTX_DAG_ID='monitor_PWU' AIRFLOW_CTX_TASK_ID='trigger_retrain' AIRFLOW_CTX_EXECUTION_DATE='2025-05-13T02:00:00+00:00' AIRFLOW_CTX_TRY_NUMBER='1' AIRFLOW_CTX_DAG_RUN_ID='scheduled__2025-05-13T02:00:00+00:00'
[2025-05-13T03:44:25.105+0000] {taskinstance.py:430} INFO - ::endgroup::
[2025-05-13T03:44:25.177+0000] {taskinstance.py:441} INFO - ::group::Post task execution logs
[2025-05-13T03:44:25.185+0000] {taskinstance.py:1205} INFO - Marking task as SUCCESS. dag_id=monitor_PWU, task_id=trigger_retrain, execution_date=20250513T020000, start_date=20250513T034424, end_date=20250513T034425
[2025-05-13T03:44:25.235+0000] {local_task_job_runner.py:240} INFO - Task exited with return code 0
[2025-05-13T03:44:25.251+0000] {taskinstance.py:3482} INFO - 0 downstream tasks scheduled from follow-on schedule check
[2025-05-13T03:44:25.253+0000] {local_task_job_runner.py:222} INFO - ::endgroup::
