{"timestamp":"2025-05-06T15:21:12.379713","level":"info","event":"DAG bundles loaded: dags-folder, example_dags","logger":"airflow.dag_processing.bundles.manager.DagBundlesManager"}
{"timestamp":"2025-05-06T15:21:12.380193","level":"info","event":"Filling up the DagBag from /opt/airflow/dags/retrain_model_dag.py","logger":"airflow.models.dagbag.DagBag"}
{"timestamp":"2025-05-06T15:21:12.413379Z","level":"info","event":"Task instance is in running state","chan":"stdout","logger":"task"}
{"timestamp":"2025-05-06T15:21:12.414000Z","level":"info","event":" Previous state of the Task instance: queued","chan":"stdout","logger":"task"}
{"timestamp":"2025-05-06T15:21:12.414286Z","level":"info","event":"Current task name:retrain_model_task","chan":"stdout","logger":"task"}
{"timestamp":"2025-05-06T15:21:12.414607Z","level":"info","event":"Dag name:retrain_model_dag","chan":"stdout","logger":"task"}
{"timestamp":"2025-05-06T15:21:12.399831","level":"info","event":"Tmp dir root location: /tmp","logger":"airflow.task.hooks.airflow.providers.standard.hooks.subprocess.SubprocessHook"}
{"timestamp":"2025-05-06T15:21:12.400870","level":"info","event":"Running command: ['/usr/bin/bash', '-c', 'python /opt/airflow/scripts/train_model.py']","logger":"airflow.task.hooks.airflow.providers.standard.hooks.subprocess.SubprocessHook"}
{"timestamp":"2025-05-06T15:21:12.414357","level":"info","event":"Output:","logger":"airflow.task.hooks.airflow.providers.standard.hooks.subprocess.SubprocessHook"}
{"timestamp":"2025-05-06T15:21:15.628235","level":"info","event":"Traceback (most recent call last):","logger":"airflow.task.hooks.airflow.providers.standard.hooks.subprocess.SubprocessHook"}
{"timestamp":"2025-05-06T15:21:15.628389","level":"info","event":"  File \"/opt/airflow/scripts/train_model.py\", line 15, in <module>","logger":"airflow.task.hooks.airflow.providers.standard.hooks.subprocess.SubprocessHook"}
{"timestamp":"2025-05-06T15:21:15.630428","level":"info","event":"    X = df.drop(['target'], axis=1).values","logger":"airflow.task.hooks.airflow.providers.standard.hooks.subprocess.SubprocessHook"}
{"timestamp":"2025-05-06T15:21:15.630569","level":"info","event":"        ^^^^^^^^^^^^^^^^^^^^^^^^^^^","logger":"airflow.task.hooks.airflow.providers.standard.hooks.subprocess.SubprocessHook"}
{"timestamp":"2025-05-06T15:21:15.630646","level":"info","event":"  File \"/home/airflow/.local/lib/python3.12/site-packages/pandas/core/frame.py\", line 5344, in drop","logger":"airflow.task.hooks.airflow.providers.standard.hooks.subprocess.SubprocessHook"}
{"timestamp":"2025-05-06T15:21:15.631200","level":"info","event":"    return super().drop(","logger":"airflow.task.hooks.airflow.providers.standard.hooks.subprocess.SubprocessHook"}
{"timestamp":"2025-05-06T15:21:15.631323","level":"info","event":"           ^^^^^^^^^^^^^","logger":"airflow.task.hooks.airflow.providers.standard.hooks.subprocess.SubprocessHook"}
{"timestamp":"2025-05-06T15:21:15.631396","level":"info","event":"  File \"/home/airflow/.local/lib/python3.12/site-packages/pandas/core/generic.py\", line 4711, in drop","logger":"airflow.task.hooks.airflow.providers.standard.hooks.subprocess.SubprocessHook"}
{"timestamp":"2025-05-06T15:21:15.631861","level":"info","event":"    obj = obj._drop_axis(labels, axis, level=level, errors=errors)","logger":"airflow.task.hooks.airflow.providers.standard.hooks.subprocess.SubprocessHook"}
{"timestamp":"2025-05-06T15:21:15.631963","level":"info","event":"          ^^^^^^^^^^^^^^^^^^^^^^^^^^^^^^^^^^^^^^^^^^^^^^^^^^^^^^^^","logger":"airflow.task.hooks.airflow.providers.standard.hooks.subprocess.SubprocessHook"}
{"timestamp":"2025-05-06T15:21:15.632033","level":"info","event":"  File \"/home/airflow/.local/lib/python3.12/site-packages/pandas/core/generic.py\", line 4753, in _drop_axis","logger":"airflow.task.hooks.airflow.providers.standard.hooks.subprocess.SubprocessHook"}
{"timestamp":"2025-05-06T15:21:15.632565","level":"info","event":"    new_axis = axis.drop(labels, errors=errors)","logger":"airflow.task.hooks.airflow.providers.standard.hooks.subprocess.SubprocessHook"}
{"timestamp":"2025-05-06T15:21:15.632662","level":"info","event":"               ^^^^^^^^^^^^^^^^^^^^^^^^^^^^^^^^","logger":"airflow.task.hooks.airflow.providers.standard.hooks.subprocess.SubprocessHook"}
{"timestamp":"2025-05-06T15:21:15.632731","level":"info","event":"  File \"/home/airflow/.local/lib/python3.12/site-packages/pandas/core/indexes/base.py\", line 7000, in drop","logger":"airflow.task.hooks.airflow.providers.standard.hooks.subprocess.SubprocessHook"}
{"timestamp":"2025-05-06T15:21:15.633604","level":"info","event":"    raise KeyError(f\"{labels[mask].tolist()} not found in axis\")","logger":"airflow.task.hooks.airflow.providers.standard.hooks.subprocess.SubprocessHook"}
{"timestamp":"2025-05-06T15:21:15.633713","level":"info","event":"KeyError: \"['target'] not found in axis\"","logger":"airflow.task.hooks.airflow.providers.standard.hooks.subprocess.SubprocessHook"}
{"timestamp":"2025-05-06T15:21:16.018444","level":"info","event":"Command exited with return code 1","logger":"airflow.task.hooks.airflow.providers.standard.hooks.subprocess.SubprocessHook"}
{"timestamp":"2025-05-06T15:21:16.018958","level":"error","event":"Task failed with exception","logger":"task","error_detail":[{"exc_type":"AirflowException","exc_value":"Bash command failed. The command returned a non-zero exit code 1.","exc_notes":[],"syntax_error":null,"is_cause":false,"frames":[{"filename":"/home/airflow/.local/lib/python3.12/site-packages/airflow/sdk/execution_time/task_runner.py","lineno":825,"name":"run"},{"filename":"/home/airflow/.local/lib/python3.12/site-packages/airflow/sdk/execution_time/task_runner.py","lineno":1088,"name":"_execute_task"},{"filename":"/home/airflow/.local/lib/python3.12/site-packages/airflow/sdk/bases/operator.py","lineno":408,"name":"wrapper"},{"filename":"/home/airflow/.local/lib/python3.12/site-packages/airflow/providers/standard/operators/bash.py","lineno":233,"name":"execute"}]}]}
{"timestamp":"2025-05-06T15:21:16.019832Z","level":"info","event":"Task instance in failure state","chan":"stdout","logger":"task"}
{"timestamp":"2025-05-06T15:21:16.020239Z","level":"info","event":"Task start","chan":"stdout","logger":"task"}
{"timestamp":"2025-05-06T15:21:16.020580Z","level":"info","event":"Task:<Task(BashOperator): retrain_model_task>","chan":"stdout","logger":"task"}
{"timestamp":"2025-05-06T15:21:16.020945Z","level":"info","event":"Failure caused by Bash command failed. The command returned a non-zero exit code 1.","chan":"stdout","logger":"task"}
