[2025-05-12T08:33:11.276+0000] {local_task_job_runner.py:120} INFO - ::group::Pre task execution logs
[2025-05-12T08:33:11.304+0000] {taskinstance.py:2073} INFO - Dependencies all met for dep_context=non-requeueable deps ti=<TaskInstance: monitor_PWU.check_if_retrain_needed manual__2025-05-12T08:33:09.481566+00:00 [queued]>
[2025-05-12T08:33:11.311+0000] {taskinstance.py:2073} INFO - Dependencies all met for dep_context=requeueable deps ti=<TaskInstance: monitor_PWU.check_if_retrain_needed manual__2025-05-12T08:33:09.481566+00:00 [queued]>
[2025-05-12T08:33:11.312+0000] {taskinstance.py:2303} INFO - Starting attempt 1 of 1
[2025-05-12T08:33:11.329+0000] {taskinstance.py:2327} INFO - Executing <Task(BranchPythonOperator): check_if_retrain_needed> on 2025-05-12 08:33:09.481566+00:00
[2025-05-12T08:33:11.334+0000] {standard_task_runner.py:90} INFO - Running: ['***', 'tasks', 'run', 'monitor_PWU', 'check_if_retrain_needed', 'manual__2025-05-12T08:33:09.481566+00:00', '--job-id', '23', '--raw', '--subdir', 'DAGS_FOLDER/monitor_PWU.py', '--cfg-path', '/tmp/tmpocgfjran']
[2025-05-12T08:33:11.336+0000] {standard_task_runner.py:91} INFO - Job 23: Subtask check_if_retrain_needed
[2025-05-12T08:33:11.338+0000] {logging_mixin.py:188} WARNING - /home/***/.local/lib/python3.12/site-packages/***/task/task_runner/standard_task_runner.py:61 DeprecationWarning: This process (pid=201) is multi-threaded, use of fork() may lead to deadlocks in the child.
[2025-05-12T08:33:11.338+0000] {standard_task_runner.py:63} INFO - Started process 202 to run task
[2025-05-12T08:33:11.376+0000] {task_command.py:426} INFO - Running <TaskInstance: monitor_PWU.check_if_retrain_needed manual__2025-05-12T08:33:09.481566+00:00 [running]> on host 2b6868bf60f8
[2025-05-12T08:33:11.464+0000] {taskinstance.py:2644} INFO - Exporting env vars: AIRFLOW_CTX_DAG_OWNER='***' AIRFLOW_CTX_DAG_ID='monitor_PWU' AIRFLOW_CTX_TASK_ID='check_if_retrain_needed' AIRFLOW_CTX_EXECUTION_DATE='2025-05-12T08:33:09.481566+00:00' AIRFLOW_CTX_TRY_NUMBER='1' AIRFLOW_CTX_DAG_RUN_ID='manual__2025-05-12T08:33:09.481566+00:00'
[2025-05-12T08:33:11.465+0000] {taskinstance.py:430} INFO - ::endgroup::
[2025-05-12T08:33:11.476+0000] {baseoperator.py:399} WARNING - BranchPythonOperator.execute cannot be called outside TaskInstance!
[2025-05-12T08:33:11.485+0000] {python.py:237} INFO - Done. Returned value was: trigger_retrain
[2025-05-12T08:33:11.485+0000] {branch.py:36} INFO - Branch into trigger_retrain
[2025-05-12T08:33:11.486+0000] {skipmixin.py:178} INFO - Following branch trigger_retrain
[2025-05-12T08:33:11.498+0000] {skipmixin.py:246} INFO - Skipping tasks [('end', -1)]
[2025-05-12T08:33:11.522+0000] {taskinstance.py:441} INFO - ::group::Post task execution logs
[2025-05-12T08:33:11.541+0000] {taskinstance.py:1205} INFO - Marking task as SUCCESS. dag_id=monitor_PWU, task_id=check_if_retrain_needed, execution_date=20250512T083309, start_date=20250512T083311, end_date=20250512T083311
[2025-05-12T08:33:11.592+0000] {local_task_job_runner.py:240} INFO - Task exited with return code 0
[2025-05-12T08:33:11.615+0000] {taskinstance.py:3482} INFO - 1 downstream tasks scheduled from follow-on schedule check
[2025-05-12T08:33:11.619+0000] {local_task_job_runner.py:222} INFO - ::endgroup::
