[2025-05-17T21:00:10.551+0000] {local_task_job_runner.py:120} INFO - ::group::Pre task execution logs
[2025-05-17T21:00:10.580+0000] {taskinstance.py:2073} INFO - Dependencies all met for dep_context=non-requeueable deps ti=<TaskInstance: monitor_PWU.check_if_retrain_needed scheduled__2025-05-17T20:00:00+00:00 [queued]>
[2025-05-17T21:00:10.588+0000] {taskinstance.py:2073} INFO - Dependencies all met for dep_context=requeueable deps ti=<TaskInstance: monitor_PWU.check_if_retrain_needed scheduled__2025-05-17T20:00:00+00:00 [queued]>
[2025-05-17T21:00:10.588+0000] {taskinstance.py:2303} INFO - Starting attempt 1 of 1
[2025-05-17T21:00:10.602+0000] {taskinstance.py:2327} INFO - Executing <Task(BranchPythonOperator): check_if_retrain_needed> on 2025-05-17 20:00:00+00:00
[2025-05-17T21:00:10.608+0000] {logging_mixin.py:188} WARNING - /home/***/.local/lib/python3.12/site-packages/***/task/task_runner/standard_task_runner.py:61 DeprecationWarning: This process (pid=29090) is multi-threaded, use of fork() may lead to deadlocks in the child.
[2025-05-17T21:00:10.610+0000] {standard_task_runner.py:63} INFO - Started process 29091 to run task
[2025-05-17T21:00:10.609+0000] {standard_task_runner.py:90} INFO - Running: ['***', 'tasks', 'run', 'monitor_PWU', 'check_if_retrain_needed', 'scheduled__2025-05-17T20:00:00+00:00', '--job-id', '431', '--raw', '--subdir', 'DAGS_FOLDER/monitor_PWU.py', '--cfg-path', '/tmp/tmp2e9mlunp']
[2025-05-17T21:00:10.611+0000] {standard_task_runner.py:91} INFO - Job 431: Subtask check_if_retrain_needed
[2025-05-17T21:00:10.652+0000] {task_command.py:426} INFO - Running <TaskInstance: monitor_PWU.check_if_retrain_needed scheduled__2025-05-17T20:00:00+00:00 [running]> on host b91ac73f2b68
[2025-05-17T21:00:10.735+0000] {taskinstance.py:2644} INFO - Exporting env vars: AIRFLOW_CTX_DAG_OWNER='***' AIRFLOW_CTX_DAG_ID='monitor_PWU' AIRFLOW_CTX_TASK_ID='check_if_retrain_needed' AIRFLOW_CTX_EXECUTION_DATE='2025-05-17T20:00:00+00:00' AIRFLOW_CTX_TRY_NUMBER='1' AIRFLOW_CTX_DAG_RUN_ID='scheduled__2025-05-17T20:00:00+00:00'
[2025-05-17T21:00:10.736+0000] {taskinstance.py:430} INFO - ::endgroup::
[2025-05-17T21:00:10.748+0000] {baseoperator.py:399} WARNING - BranchPythonOperator.execute cannot be called outside TaskInstance!
[2025-05-17T21:00:10.757+0000] {python.py:237} INFO - Done. Returned value was: trigger_retrain
[2025-05-17T21:00:10.758+0000] {branch.py:36} INFO - Branch into trigger_retrain
[2025-05-17T21:00:10.758+0000] {skipmixin.py:178} INFO - Following branch trigger_retrain
[2025-05-17T21:00:10.771+0000] {skipmixin.py:246} INFO - Skipping tasks [('end', -1)]
[2025-05-17T21:00:10.792+0000] {taskinstance.py:441} INFO - ::group::Post task execution logs
[2025-05-17T21:00:10.810+0000] {taskinstance.py:1205} INFO - Marking task as SUCCESS. dag_id=monitor_PWU, task_id=check_if_retrain_needed, execution_date=20250517T200000, start_date=20250517T210010, end_date=20250517T210010
[2025-05-17T21:00:10.823+0000] {local_task_job_runner.py:240} INFO - Task exited with return code 0
[2025-05-17T21:00:10.850+0000] {taskinstance.py:3482} INFO - 1 downstream tasks scheduled from follow-on schedule check
[2025-05-17T21:00:10.853+0000] {local_task_job_runner.py:222} INFO - ::endgroup::
