[2025-05-21T18:48:16.398+0000] {local_task_job_runner.py:120} INFO - ::group::Pre task execution logs
[2025-05-21T18:48:16.450+0000] {taskinstance.py:2073} INFO - Dependencies all met for dep_context=non-requeueable deps ti=<TaskInstance: monitor_PWU.check_if_retrain_needed manual__2025-05-21T18:47:44.832789+00:00 [queued]>
[2025-05-21T18:48:16.468+0000] {taskinstance.py:2073} INFO - Dependencies all met for dep_context=requeueable deps ti=<TaskInstance: monitor_PWU.check_if_retrain_needed manual__2025-05-21T18:47:44.832789+00:00 [queued]>
[2025-05-21T18:48:16.469+0000] {taskinstance.py:2303} INFO - Starting attempt 1 of 1
[2025-05-21T18:48:16.495+0000] {taskinstance.py:2327} INFO - Executing <Task(BranchPythonOperator): check_if_retrain_needed> on 2025-05-21 18:47:44.832789+00:00
[2025-05-21T18:48:16.507+0000] {standard_task_runner.py:90} INFO - Running: ['***', 'tasks', 'run', 'monitor_PWU', 'check_if_retrain_needed', 'manual__2025-05-21T18:47:44.832789+00:00', '--job-id', '92', '--raw', '--subdir', 'DAGS_FOLDER/monitor_PWU.py', '--cfg-path', '/tmp/tmpia3o8eg6']
[2025-05-21T18:48:16.511+0000] {standard_task_runner.py:91} INFO - Job 92: Subtask check_if_retrain_needed
[2025-05-21T18:48:16.514+0000] {logging_mixin.py:188} WARNING - /home/***/.local/lib/python3.12/site-packages/***/task/task_runner/standard_task_runner.py:61 DeprecationWarning: This process (pid=273) is multi-threaded, use of fork() may lead to deadlocks in the child.
[2025-05-21T18:48:16.516+0000] {standard_task_runner.py:63} INFO - Started process 274 to run task
[2025-05-21T18:48:16.590+0000] {task_command.py:426} INFO - Running <TaskInstance: monitor_PWU.check_if_retrain_needed manual__2025-05-21T18:47:44.832789+00:00 [running]> on host 5b37b7148378
[2025-05-21T18:48:16.735+0000] {taskinstance.py:2644} INFO - Exporting env vars: AIRFLOW_CTX_DAG_OWNER='***' AIRFLOW_CTX_DAG_ID='monitor_PWU' AIRFLOW_CTX_TASK_ID='check_if_retrain_needed' AIRFLOW_CTX_EXECUTION_DATE='2025-05-21T18:47:44.832789+00:00' AIRFLOW_CTX_TRY_NUMBER='1' AIRFLOW_CTX_DAG_RUN_ID='manual__2025-05-21T18:47:44.832789+00:00'
[2025-05-21T18:48:16.737+0000] {taskinstance.py:430} INFO - ::endgroup::
[2025-05-21T18:48:16.753+0000] {baseoperator.py:399} WARNING - BranchPythonOperator.execute cannot be called outside TaskInstance!
[2025-05-21T18:48:16.770+0000] {python.py:237} INFO - Done. Returned value was: trigger_retrain
[2025-05-21T18:48:16.770+0000] {branch.py:36} INFO - Branch into trigger_retrain
[2025-05-21T18:48:16.771+0000] {skipmixin.py:178} INFO - Following branch trigger_retrain
[2025-05-21T18:48:16.789+0000] {skipmixin.py:246} INFO - Skipping tasks [('end', -1)]
[2025-05-21T18:48:16.824+0000] {taskinstance.py:441} INFO - ::group::Post task execution logs
[2025-05-21T18:48:16.853+0000] {taskinstance.py:1205} INFO - Marking task as SUCCESS. dag_id=monitor_PWU, task_id=check_if_retrain_needed, execution_date=20250521T184744, start_date=20250521T184816, end_date=20250521T184816
[2025-05-21T18:48:16.892+0000] {local_task_job_runner.py:240} INFO - Task exited with return code 0
[2025-05-21T18:48:16.926+0000] {taskinstance.py:3482} INFO - 1 downstream tasks scheduled from follow-on schedule check
[2025-05-21T18:48:16.934+0000] {local_task_job_runner.py:222} INFO - ::endgroup::
