[2025-05-23T06:00:07.121+0000] {local_task_job_runner.py:120} INFO - ::group::Pre task execution logs
[2025-05-23T06:00:07.217+0000] {taskinstance.py:2073} INFO - Dependencies all met for dep_context=non-requeueable deps ti=<TaskInstance: monitor_T3.check_if_retrain_needed scheduled__2025-05-23T05:00:00+00:00 [queued]>
[2025-05-23T06:00:07.243+0000] {taskinstance.py:2073} INFO - Dependencies all met for dep_context=requeueable deps ti=<TaskInstance: monitor_T3.check_if_retrain_needed scheduled__2025-05-23T05:00:00+00:00 [queued]>
[2025-05-23T06:00:07.245+0000] {taskinstance.py:2303} INFO - Starting attempt 1 of 1
[2025-05-23T06:00:07.335+0000] {taskinstance.py:2327} INFO - Executing <Task(BranchPythonOperator): check_if_retrain_needed> on 2025-05-23 05:00:00+00:00
[2025-05-23T06:00:07.364+0000] {standard_task_runner.py:90} INFO - Running: ['***', 'tasks', 'run', 'monitor_T3', 'check_if_retrain_needed', 'scheduled__2025-05-23T05:00:00+00:00', '--job-id', '122', '--raw', '--subdir', 'DAGS_FOLDER/monitor_T3.py', '--cfg-path', '/tmp/tmpfhqfsrn5']
[2025-05-23T06:00:07.376+0000] {standard_task_runner.py:91} INFO - Job 122: Subtask check_if_retrain_needed
[2025-05-23T06:00:07.388+0000] {logging_mixin.py:188} WARNING - /home/***/.local/lib/python3.12/site-packages/***/task/task_runner/standard_task_runner.py:61 DeprecationWarning: This process (pid=2233) is multi-threaded, use of fork() may lead to deadlocks in the child.
[2025-05-23T06:00:07.392+0000] {standard_task_runner.py:63} INFO - Started process 2234 to run task
[2025-05-23T06:00:07.548+0000] {task_command.py:426} INFO - Running <TaskInstance: monitor_T3.check_if_retrain_needed scheduled__2025-05-23T05:00:00+00:00 [running]> on host 2034d2391938
[2025-05-23T06:00:07.804+0000] {taskinstance.py:2644} INFO - Exporting env vars: AIRFLOW_CTX_DAG_OWNER='***' AIRFLOW_CTX_DAG_ID='monitor_T3' AIRFLOW_CTX_TASK_ID='check_if_retrain_needed' AIRFLOW_CTX_EXECUTION_DATE='2025-05-23T05:00:00+00:00' AIRFLOW_CTX_TRY_NUMBER='1' AIRFLOW_CTX_DAG_RUN_ID='scheduled__2025-05-23T05:00:00+00:00'
[2025-05-23T06:00:07.813+0000] {taskinstance.py:430} INFO - ::endgroup::
[2025-05-23T06:00:07.843+0000] {baseoperator.py:399} WARNING - BranchPythonOperator.execute cannot be called outside TaskInstance!
[2025-05-23T06:00:07.875+0000] {python.py:237} INFO - Done. Returned value was: trigger_retrain
[2025-05-23T06:00:07.876+0000] {branch.py:36} INFO - Branch into trigger_retrain
[2025-05-23T06:00:07.877+0000] {skipmixin.py:178} INFO - Following branch trigger_retrain
[2025-05-23T06:00:07.944+0000] {skipmixin.py:246} INFO - Skipping tasks [('end', -1)]
[2025-05-23T06:00:08.060+0000] {taskinstance.py:441} INFO - ::group::Post task execution logs
[2025-05-23T06:00:08.127+0000] {taskinstance.py:1205} INFO - Marking task as SUCCESS. dag_id=monitor_T3, task_id=check_if_retrain_needed, execution_date=20250523T050000, start_date=20250523T060007, end_date=20250523T060008
[2025-05-23T06:00:08.191+0000] {local_task_job_runner.py:240} INFO - Task exited with return code 0
[2025-05-23T06:00:08.320+0000] {taskinstance.py:3482} INFO - 1 downstream tasks scheduled from follow-on schedule check
[2025-05-23T06:00:08.336+0000] {local_task_job_runner.py:222} INFO - ::endgroup::
