[2025-05-17T08:20:29.480+0000] {local_task_job_runner.py:120} INFO - ::group::Pre task execution logs
[2025-05-17T08:20:29.512+0000] {taskinstance.py:2073} INFO - Dependencies all met for dep_context=non-requeueable deps ti=<TaskInstance: monitor_T3.check_if_retrain_needed scheduled__2025-05-17T07:00:00+00:00 [queued]>
[2025-05-17T08:20:29.521+0000] {taskinstance.py:2073} INFO - Dependencies all met for dep_context=requeueable deps ti=<TaskInstance: monitor_T3.check_if_retrain_needed scheduled__2025-05-17T07:00:00+00:00 [queued]>
[2025-05-17T08:20:29.522+0000] {taskinstance.py:2303} INFO - Starting attempt 1 of 1
[2025-05-17T08:20:29.539+0000] {taskinstance.py:2327} INFO - Executing <Task(BranchPythonOperator): check_if_retrain_needed> on 2025-05-17 07:00:00+00:00
[2025-05-17T08:20:29.545+0000] {standard_task_runner.py:90} INFO - Running: ['***', 'tasks', 'run', 'monitor_T3', 'check_if_retrain_needed', 'scheduled__2025-05-17T07:00:00+00:00', '--job-id', '286', '--raw', '--subdir', 'DAGS_FOLDER/monitor_T3.py', '--cfg-path', '/tmp/tmpldq9loix']
[2025-05-17T08:20:29.548+0000] {standard_task_runner.py:91} INFO - Job 286: Subtask check_if_retrain_needed
[2025-05-17T08:20:29.551+0000] {logging_mixin.py:188} WARNING - /home/***/.local/lib/python3.12/site-packages/***/task/task_runner/standard_task_runner.py:61 DeprecationWarning: This process (pid=188) is multi-threaded, use of fork() may lead to deadlocks in the child.
[2025-05-17T08:20:29.553+0000] {standard_task_runner.py:63} INFO - Started process 189 to run task
[2025-05-17T08:20:29.598+0000] {task_command.py:426} INFO - Running <TaskInstance: monitor_T3.check_if_retrain_needed scheduled__2025-05-17T07:00:00+00:00 [running]> on host a5e636d29f18
[2025-05-17T08:20:29.686+0000] {taskinstance.py:2644} INFO - Exporting env vars: AIRFLOW_CTX_DAG_OWNER='***' AIRFLOW_CTX_DAG_ID='monitor_T3' AIRFLOW_CTX_TASK_ID='check_if_retrain_needed' AIRFLOW_CTX_EXECUTION_DATE='2025-05-17T07:00:00+00:00' AIRFLOW_CTX_TRY_NUMBER='1' AIRFLOW_CTX_DAG_RUN_ID='scheduled__2025-05-17T07:00:00+00:00'
[2025-05-17T08:20:29.687+0000] {taskinstance.py:430} INFO - ::endgroup::
[2025-05-17T08:20:29.699+0000] {baseoperator.py:399} WARNING - BranchPythonOperator.execute cannot be called outside TaskInstance!
[2025-05-17T08:20:29.710+0000] {python.py:237} INFO - Done. Returned value was: trigger_retrain
[2025-05-17T08:20:29.711+0000] {branch.py:36} INFO - Branch into trigger_retrain
[2025-05-17T08:20:29.711+0000] {skipmixin.py:178} INFO - Following branch trigger_retrain
[2025-05-17T08:20:29.725+0000] {skipmixin.py:246} INFO - Skipping tasks [('end', -1)]
[2025-05-17T08:20:29.746+0000] {taskinstance.py:441} INFO - ::group::Post task execution logs
[2025-05-17T08:20:29.763+0000] {taskinstance.py:1205} INFO - Marking task as SUCCESS. dag_id=monitor_T3, task_id=check_if_retrain_needed, execution_date=20250517T070000, start_date=20250517T082029, end_date=20250517T082029
[2025-05-17T08:20:29.807+0000] {local_task_job_runner.py:240} INFO - Task exited with return code 0
[2025-05-17T08:20:29.833+0000] {taskinstance.py:3482} INFO - 1 downstream tasks scheduled from follow-on schedule check
[2025-05-17T08:20:29.836+0000] {local_task_job_runner.py:222} INFO - ::endgroup::
