[2025-05-12T08:33:15.915+0000] {local_task_job_runner.py:120} INFO - ::group::Pre task execution logs
[2025-05-12T08:33:15.943+0000] {taskinstance.py:2073} INFO - Dependencies all met for dep_context=non-requeueable deps ti=<TaskInstance: retrain_PWU_dag.train_PWU manual__2025-05-12T08:33:13.895452+00:00 [queued]>
[2025-05-12T08:33:15.951+0000] {taskinstance.py:2073} INFO - Dependencies all met for dep_context=requeueable deps ti=<TaskInstance: retrain_PWU_dag.train_PWU manual__2025-05-12T08:33:13.895452+00:00 [queued]>
[2025-05-12T08:33:15.952+0000] {taskinstance.py:2303} INFO - Starting attempt 1 of 1
[2025-05-12T08:33:15.966+0000] {taskinstance.py:2327} INFO - Executing <Task(BashOperator): train_PWU> on 2025-05-12 08:33:13.895452+00:00
[2025-05-12T08:33:15.971+0000] {standard_task_runner.py:90} INFO - Running: ['***', 'tasks', 'run', 'retrain_PWU_dag', 'train_PWU', 'manual__2025-05-12T08:33:13.895452+00:00', '--job-id', '25', '--raw', '--subdir', 'DAGS_FOLDER/retrain_PWU_dag.py', '--cfg-path', '/tmp/tmp6f86cy0d']
[2025-05-12T08:33:15.973+0000] {standard_task_runner.py:91} INFO - Job 25: Subtask train_PWU
[2025-05-12T08:33:15.974+0000] {logging_mixin.py:188} WARNING - /home/***/.local/lib/python3.12/site-packages/***/task/task_runner/standard_task_runner.py:61 DeprecationWarning: This process (pid=240) is multi-threaded, use of fork() may lead to deadlocks in the child.
[2025-05-12T08:33:15.975+0000] {standard_task_runner.py:63} INFO - Started process 241 to run task
[2025-05-12T08:33:16.017+0000] {task_command.py:426} INFO - Running <TaskInstance: retrain_PWU_dag.train_PWU manual__2025-05-12T08:33:13.895452+00:00 [running]> on host 2b6868bf60f8
[2025-05-12T08:33:16.091+0000] {taskinstance.py:2644} INFO - Exporting env vars: AIRFLOW_CTX_DAG_OWNER='***' AIRFLOW_CTX_DAG_ID='retrain_PWU_dag' AIRFLOW_CTX_TASK_ID='train_PWU' AIRFLOW_CTX_EXECUTION_DATE='2025-05-12T08:33:13.895452+00:00' AIRFLOW_CTX_TRY_NUMBER='1' AIRFLOW_CTX_DAG_RUN_ID='manual__2025-05-12T08:33:13.895452+00:00'
[2025-05-12T08:33:16.092+0000] {taskinstance.py:430} INFO - ::endgroup::
[2025-05-12T08:33:16.102+0000] {subprocess.py:63} INFO - Tmp dir root location: /tmp
[2025-05-12T08:33:16.103+0000] {subprocess.py:75} INFO - Running command: ['/usr/bin/bash', '-c', 'python /opt/***/scripts/train_PWU.py']
[2025-05-12T08:33:16.110+0000] {subprocess.py:86} INFO - Output:
[2025-05-12T08:33:19.883+0000] {subprocess.py:93} INFO - Traceback (most recent call last):
[2025-05-12T08:33:19.884+0000] {subprocess.py:93} INFO -   File "/opt/***/scripts/train_PWU.py", line 33, in <module>
[2025-05-12T08:33:19.886+0000] {subprocess.py:93} INFO -     df = pd.read_csv(CSV_PATH)
[2025-05-12T08:33:19.886+0000] {subprocess.py:93} INFO -          ^^^^^^^^^^^^^^^^^^^^^
[2025-05-12T08:33:19.886+0000] {subprocess.py:93} INFO -   File "/home/***/.local/lib/python3.12/site-packages/pandas/io/parsers/readers.py", line 948, in read_csv
[2025-05-12T08:33:19.887+0000] {subprocess.py:93} INFO -     return _read(filepath_or_buffer, kwds)
[2025-05-12T08:33:19.887+0000] {subprocess.py:93} INFO -            ^^^^^^^^^^^^^^^^^^^^^^^^^^^^^^^
[2025-05-12T08:33:19.888+0000] {subprocess.py:93} INFO -   File "/home/***/.local/lib/python3.12/site-packages/pandas/io/parsers/readers.py", line 611, in _read
[2025-05-12T08:33:19.888+0000] {subprocess.py:93} INFO -     parser = TextFileReader(filepath_or_buffer, **kwds)
[2025-05-12T08:33:19.888+0000] {subprocess.py:93} INFO -              ^^^^^^^^^^^^^^^^^^^^^^^^^^^^^^^^^^^^^^^^^^
[2025-05-12T08:33:19.889+0000] {subprocess.py:93} INFO -   File "/home/***/.local/lib/python3.12/site-packages/pandas/io/parsers/readers.py", line 1448, in __init__
[2025-05-12T08:33:19.889+0000] {subprocess.py:93} INFO -     self._engine = self._make_engine(f, self.engine)
[2025-05-12T08:33:19.890+0000] {subprocess.py:93} INFO -                    ^^^^^^^^^^^^^^^^^^^^^^^^^^^^^^^^^
[2025-05-12T08:33:19.890+0000] {subprocess.py:93} INFO -   File "/home/***/.local/lib/python3.12/site-packages/pandas/io/parsers/readers.py", line 1705, in _make_engine
[2025-05-12T08:33:19.890+0000] {subprocess.py:93} INFO -     self.handles = get_handle(
[2025-05-12T08:33:19.891+0000] {subprocess.py:93} INFO -                    ^^^^^^^^^^^
[2025-05-12T08:33:19.891+0000] {subprocess.py:93} INFO -   File "/home/***/.local/lib/python3.12/site-packages/pandas/io/common.py", line 863, in get_handle
[2025-05-12T08:33:19.891+0000] {subprocess.py:93} INFO -     handle = open(
[2025-05-12T08:33:19.892+0000] {subprocess.py:93} INFO -              ^^^^^
[2025-05-12T08:33:19.892+0000] {subprocess.py:93} INFO - FileNotFoundError: [Errno 2] No such file or directory: '/opt/***/data/data.csv'
[2025-05-12T08:33:20.286+0000] {subprocess.py:97} INFO - Command exited with return code 1
[2025-05-12T08:33:20.287+0000] {taskinstance.py:441} INFO - ::group::Post task execution logs
[2025-05-12T08:33:20.296+0000] {taskinstance.py:2890} ERROR - Task failed with exception
Traceback (most recent call last):
  File "/home/airflow/.local/lib/python3.12/site-packages/airflow/models/taskinstance.py", line 465, in _execute_task
    result = _execute_callable(context=context, **execute_callable_kwargs)
             ^^^^^^^^^^^^^^^^^^^^^^^^^^^^^^^^^^^^^^^^^^^^^^^^^^^^^^^^^^^^^
  File "/home/airflow/.local/lib/python3.12/site-packages/airflow/models/taskinstance.py", line 432, in _execute_callable
    return execute_callable(context=context, **execute_callable_kwargs)
           ^^^^^^^^^^^^^^^^^^^^^^^^^^^^^^^^^^^^^^^^^^^^^^^^^^^^^^^^^^^^
  File "/home/airflow/.local/lib/python3.12/site-packages/airflow/models/baseoperator.py", line 400, in wrapper
    return func(self, *args, **kwargs)
           ^^^^^^^^^^^^^^^^^^^^^^^^^^^
  File "/home/airflow/.local/lib/python3.12/site-packages/airflow/operators/bash.py", line 243, in execute
    raise AirflowException(
airflow.exceptions.AirflowException: Bash command failed. The command returned a non-zero exit code 1.
[2025-05-12T08:33:20.299+0000] {taskinstance.py:1205} INFO - Marking task as FAILED. dag_id=retrain_PWU_dag, task_id=train_PWU, execution_date=20250512T083313, start_date=20250512T083315, end_date=20250512T083320
[2025-05-12T08:33:20.314+0000] {standard_task_runner.py:110} ERROR - Failed to execute job 25 for task train_PWU (Bash command failed. The command returned a non-zero exit code 1.; 241)
[2025-05-12T08:33:20.326+0000] {local_task_job_runner.py:240} INFO - Task exited with return code 1
[2025-05-12T08:33:20.347+0000] {taskinstance.py:3482} INFO - 0 downstream tasks scheduled from follow-on schedule check
[2025-05-12T08:33:20.355+0000] {local_task_job_runner.py:222} INFO - ::endgroup::
