[2025-05-21T18:47:53.486+0000] {local_task_job_runner.py:120} INFO - ::group::Pre task execution logs
[2025-05-21T18:47:53.588+0000] {taskinstance.py:2073} INFO - Dependencies all met for dep_context=non-requeueable deps ti=<TaskInstance: monitor_T3.check_if_retrain_needed manual__2025-05-21T18:47:48.936539+00:00 [queued]>
[2025-05-21T18:47:53.620+0000] {taskinstance.py:2073} INFO - Dependencies all met for dep_context=requeueable deps ti=<TaskInstance: monitor_T3.check_if_retrain_needed manual__2025-05-21T18:47:48.936539+00:00 [queued]>
[2025-05-21T18:47:53.621+0000] {taskinstance.py:2303} INFO - Starting attempt 1 of 1
[2025-05-21T18:47:53.669+0000] {taskinstance.py:2327} INFO - Executing <Task(BranchPythonOperator): check_if_retrain_needed> on 2025-05-21 18:47:48.936539+00:00
[2025-05-21T18:47:53.682+0000] {standard_task_runner.py:90} INFO - Running: ['***', 'tasks', 'run', 'monitor_T3', 'check_if_retrain_needed', 'manual__2025-05-21T18:47:48.936539+00:00', '--job-id', '89', '--raw', '--subdir', 'DAGS_FOLDER/monitor_T3.py', '--cfg-path', '/tmp/tmp8owfzqnj']
[2025-05-21T18:47:53.688+0000] {logging_mixin.py:188} WARNING - /home/***/.local/lib/python3.12/site-packages/***/task/task_runner/standard_task_runner.py:61 DeprecationWarning: This process (pid=229) is multi-threaded, use of fork() may lead to deadlocks in the child.
[2025-05-21T18:47:53.689+0000] {standard_task_runner.py:91} INFO - Job 89: Subtask check_if_retrain_needed
[2025-05-21T18:47:53.695+0000] {standard_task_runner.py:63} INFO - Started process 230 to run task
[2025-05-21T18:47:53.822+0000] {task_command.py:426} INFO - Running <TaskInstance: monitor_T3.check_if_retrain_needed manual__2025-05-21T18:47:48.936539+00:00 [running]> on host 5b37b7148378
[2025-05-21T18:47:54.124+0000] {taskinstance.py:2644} INFO - Exporting env vars: AIRFLOW_CTX_DAG_OWNER='***' AIRFLOW_CTX_DAG_ID='monitor_T3' AIRFLOW_CTX_TASK_ID='check_if_retrain_needed' AIRFLOW_CTX_EXECUTION_DATE='2025-05-21T18:47:48.936539+00:00' AIRFLOW_CTX_TRY_NUMBER='1' AIRFLOW_CTX_DAG_RUN_ID='manual__2025-05-21T18:47:48.936539+00:00'
[2025-05-21T18:47:54.126+0000] {taskinstance.py:430} INFO - ::endgroup::
[2025-05-21T18:47:54.159+0000] {baseoperator.py:399} WARNING - BranchPythonOperator.execute cannot be called outside TaskInstance!
[2025-05-21T18:47:54.189+0000] {python.py:237} INFO - Done. Returned value was: trigger_retrain
[2025-05-21T18:47:54.191+0000] {branch.py:36} INFO - Branch into trigger_retrain
[2025-05-21T18:47:54.193+0000] {skipmixin.py:178} INFO - Following branch trigger_retrain
[2025-05-21T18:47:54.240+0000] {skipmixin.py:246} INFO - Skipping tasks [('end', -1)]
[2025-05-21T18:47:54.314+0000] {taskinstance.py:441} INFO - ::group::Post task execution logs
[2025-05-21T18:47:54.361+0000] {taskinstance.py:1205} INFO - Marking task as SUCCESS. dag_id=monitor_T3, task_id=check_if_retrain_needed, execution_date=20250521T184748, start_date=20250521T184753, end_date=20250521T184754
[2025-05-21T18:47:54.446+0000] {local_task_job_runner.py:240} INFO - Task exited with return code 0
[2025-05-21T18:47:54.516+0000] {taskinstance.py:3482} INFO - 1 downstream tasks scheduled from follow-on schedule check
[2025-05-21T18:47:54.523+0000] {local_task_job_runner.py:222} INFO - ::endgroup::
