[2025-05-23T08:42:27.619+0000] {local_task_job_runner.py:120} INFO - ::group::Pre task execution logs
[2025-05-23T08:42:27.666+0000] {taskinstance.py:2073} INFO - Dependencies all met for dep_context=non-requeueable deps ti=<TaskInstance: monitor_T3.check_if_retrain_needed manual__2025-05-23T08:41:55.178432+00:00 [queued]>
[2025-05-23T08:42:27.683+0000] {taskinstance.py:2073} INFO - Dependencies all met for dep_context=requeueable deps ti=<TaskInstance: monitor_T3.check_if_retrain_needed manual__2025-05-23T08:41:55.178432+00:00 [queued]>
[2025-05-23T08:42:27.684+0000] {taskinstance.py:2303} INFO - Starting attempt 1 of 1
[2025-05-23T08:42:27.716+0000] {taskinstance.py:2327} INFO - Executing <Task(BranchPythonOperator): check_if_retrain_needed> on 2025-05-23 08:41:55.178432+00:00
[2025-05-23T08:42:27.726+0000] {standard_task_runner.py:90} INFO - Running: ['***', 'tasks', 'run', 'monitor_T3', 'check_if_retrain_needed', 'manual__2025-05-23T08:41:55.178432+00:00', '--job-id', '10', '--raw', '--subdir', 'DAGS_FOLDER/monitor_T3.py', '--cfg-path', '/tmp/tmp1toc4l6w']
[2025-05-23T08:42:27.730+0000] {standard_task_runner.py:91} INFO - Job 10: Subtask check_if_retrain_needed
[2025-05-23T08:42:27.731+0000] {logging_mixin.py:188} WARNING - /home/***/.local/lib/python3.12/site-packages/***/task/task_runner/standard_task_runner.py:61 DeprecationWarning: This process (pid=2339) is multi-threaded, use of fork() may lead to deadlocks in the child.
[2025-05-23T08:42:27.733+0000] {standard_task_runner.py:63} INFO - Started process 2340 to run task
[2025-05-23T08:42:27.807+0000] {task_command.py:426} INFO - Running <TaskInstance: monitor_T3.check_if_retrain_needed manual__2025-05-23T08:41:55.178432+00:00 [running]> on host 0e3d6868236f
[2025-05-23T08:42:27.934+0000] {taskinstance.py:2644} INFO - Exporting env vars: AIRFLOW_CTX_DAG_OWNER='***' AIRFLOW_CTX_DAG_ID='monitor_T3' AIRFLOW_CTX_TASK_ID='check_if_retrain_needed' AIRFLOW_CTX_EXECUTION_DATE='2025-05-23T08:41:55.178432+00:00' AIRFLOW_CTX_TRY_NUMBER='1' AIRFLOW_CTX_DAG_RUN_ID='manual__2025-05-23T08:41:55.178432+00:00'
[2025-05-23T08:42:27.936+0000] {taskinstance.py:430} INFO - ::endgroup::
[2025-05-23T08:42:27.958+0000] {baseoperator.py:399} WARNING - BranchPythonOperator.execute cannot be called outside TaskInstance!
[2025-05-23T08:42:27.976+0000] {python.py:237} INFO - Done. Returned value was: trigger_retrain
[2025-05-23T08:42:27.977+0000] {branch.py:36} INFO - Branch into trigger_retrain
[2025-05-23T08:42:27.978+0000] {skipmixin.py:178} INFO - Following branch trigger_retrain
[2025-05-23T08:42:28.007+0000] {skipmixin.py:246} INFO - Skipping tasks [('end', -1)]
[2025-05-23T08:42:28.045+0000] {taskinstance.py:441} INFO - ::group::Post task execution logs
[2025-05-23T08:42:28.076+0000] {taskinstance.py:1205} INFO - Marking task as SUCCESS. dag_id=monitor_T3, task_id=check_if_retrain_needed, execution_date=20250523T084155, start_date=20250523T084227, end_date=20250523T084228
[2025-05-23T08:42:28.108+0000] {local_task_job_runner.py:240} INFO - Task exited with return code 0
[2025-05-23T08:42:28.149+0000] {taskinstance.py:3482} INFO - 1 downstream tasks scheduled from follow-on schedule check
[2025-05-23T08:42:28.155+0000] {local_task_job_runner.py:222} INFO - ::endgroup::
