{"timestamp":"2025-05-06T14:37:39.055411","level":"info","event":"DAG bundles loaded: dags-folder, example_dags","logger":"airflow.dag_processing.bundles.manager.DagBundlesManager"}
{"timestamp":"2025-05-06T14:37:39.056157","level":"info","event":"Filling up the DagBag from /opt/airflow/dags/monitor_performance_dag.py","logger":"airflow.models.dagbag.DagBag"}
{"timestamp":"2025-05-06T14:37:39.095001Z","level":"info","event":"Task instance is in running state","chan":"stdout","logger":"task"}
{"timestamp":"2025-05-06T14:37:39.095535Z","level":"info","event":" Previous state of the Task instance: queued","chan":"stdout","logger":"task"}
{"timestamp":"2025-05-06T14:37:39.095791Z","level":"info","event":"Current task name:check_model_performance","chan":"stdout","logger":"task"}
{"timestamp":"2025-05-06T14:37:39.095991Z","level":"info","event":"Dag name:monitor_performance_dag","chan":"stdout","logger":"task"}
{"timestamp":"2025-05-06T14:37:39.096168Z","level":"info","event":"✅ 현재 모델 정확도: 0.9354042976922505","chan":"stdout","logger":"task"}
{"timestamp":"2025-05-06T14:37:39.078340","level":"warning","event":"/home/airflow/.local/lib/python3.12/site-packages/airflow/models/variable.py:147: DeprecationWarning: Using Variable.get from `airflow.models` is deprecated.Please use `from airflow.sdk import Variable` instead\n  warnings.warn(\n","logger":"py.warnings"}
{"timestamp":"2025-05-06T14:37:39.080059","level":"info","event":"Secrets backends loaded for worker","count":1,"backend_classes":["EnvironmentVariablesBackend"],"logger":"supervisor"}
{"timestamp":"2025-05-06T14:37:39.106236","level":"info","event":"Secrets backends loaded for worker","count":1,"backend_classes":["EnvironmentVariablesBackend"],"logger":"supervisor"}
{"timestamp":"2025-05-06T14:37:39.114775","level":"warning","event":"/home/airflow/.local/lib/python3.12/site-packages/airflow/models/variable.py:204: DeprecationWarning: Using Variable.set from `airflow.models` is deprecated.Please use `from airflow.sdk import Variable` instead\n  warnings.warn(\n","logger":"py.warnings"}
{"timestamp":"2025-05-06T14:37:39.115226Z","level":"info","event":"✅ 성능 양호. 카운터 리셋","chan":"stdout","logger":"task"}
{"timestamp":"2025-05-06T14:37:39.115000","level":"info","event":"Secrets backends loaded for worker","count":1,"backend_classes":["EnvironmentVariablesBackend"],"logger":"supervisor"}
{"timestamp":"2025-05-06T14:37:39.115174","level":"error","event":"Task failed with exception","logger":"task","error_detail":[{"exc_type":"ValidationError","exc_value":"1 validation error for PutVariable\nvalue\n  Input should be a valid string [type=string_type, input_value=0, input_type=int]\n    For further information visit https://errors.pydantic.dev/2.11/v/string_type","exc_notes":[],"syntax_error":null,"is_cause":false,"frames":[{"filename":"/home/airflow/.local/lib/python3.12/site-packages/airflow/sdk/execution_time/task_runner.py","lineno":825,"name":"run"},{"filename":"/home/airflow/.local/lib/python3.12/site-packages/airflow/sdk/execution_time/task_runner.py","lineno":1088,"name":"_execute_task"},{"filename":"/home/airflow/.local/lib/python3.12/site-packages/airflow/sdk/bases/operator.py","lineno":408,"name":"wrapper"},{"filename":"/home/airflow/.local/lib/python3.12/site-packages/airflow/providers/standard/operators/python.py","lineno":212,"name":"execute"},{"filename":"/home/airflow/.local/lib/python3.12/site-packages/airflow/providers/standard/operators/python.py","lineno":235,"name":"execute_callable"},{"filename":"/home/airflow/.local/lib/python3.12/site-packages/airflow/sdk/execution_time/callback_runner.py","lineno":81,"name":"run"},{"filename":"/opt/airflow/dags/monitor_performance_dag.py","lineno":29,"name":"check_model_performance"},{"filename":"/home/airflow/.local/lib/python3.12/site-packages/airflow/models/variable.py","lineno":212,"name":"set"},{"filename":"/home/airflow/.local/lib/python3.12/site-packages/airflow/sdk/definitions/variable.py","lineno":65,"name":"set"},{"filename":"/home/airflow/.local/lib/python3.12/site-packages/airflow/sdk/execution_time/context.py","lineno":259,"name":"_set_variable"},{"filename":"/home/airflow/.local/lib/python3.12/site-packages/pydantic/main.py","lineno":253,"name":"__init__"}]}]}
{"timestamp":"2025-05-06T14:37:39.116685Z","level":"info","event":"Task instance in failure state","chan":"stdout","logger":"task"}
{"timestamp":"2025-05-06T14:37:39.118326Z","level":"info","event":"Task start","chan":"stdout","logger":"task"}
{"timestamp":"2025-05-06T14:37:39.118823Z","level":"info","event":"Task:<Task(PythonOperator): check_model_performance>","chan":"stdout","logger":"task"}
{"timestamp":"2025-05-06T14:37:39.119193Z","level":"info","event":"Failure caused by 1 validation error for PutVariable","chan":"stdout","logger":"task"}
{"timestamp":"2025-05-06T14:37:39.119527Z","level":"info","event":"value","chan":"stdout","logger":"task"}
{"timestamp":"2025-05-06T14:37:39.119845Z","level":"info","event":"  Input should be a valid string [type=string_type, input_value=0, input_type=int]","chan":"stdout","logger":"task"}
{"timestamp":"2025-05-06T14:37:39.120102Z","level":"info","event":"    For further information visit https://errors.pydantic.dev/2.11/v/string_type","chan":"stdout","logger":"task"}
