[2025-05-12T07:20:12.520+0000] {local_task_job_runner.py:120} INFO - ::group::Pre task execution logs
[2025-05-12T07:20:12.548+0000] {taskinstance.py:2073} INFO - Dependencies all met for dep_context=non-requeueable deps ti=<TaskInstance: retrain_PWU_dag.train_PWU manual__2025-05-12T07:20:11.589051+00:00 [queued]>
[2025-05-12T07:20:12.555+0000] {taskinstance.py:2073} INFO - Dependencies all met for dep_context=requeueable deps ti=<TaskInstance: retrain_PWU_dag.train_PWU manual__2025-05-12T07:20:11.589051+00:00 [queued]>
[2025-05-12T07:20:12.556+0000] {taskinstance.py:2303} INFO - Starting attempt 1 of 1
[2025-05-12T07:20:12.569+0000] {taskinstance.py:2327} INFO - Executing <Task(BashOperator): train_PWU> on 2025-05-12 07:20:11.589051+00:00
[2025-05-12T07:20:12.574+0000] {standard_task_runner.py:90} INFO - Running: ['***', 'tasks', 'run', 'retrain_PWU_dag', 'train_PWU', 'manual__2025-05-12T07:20:11.589051+00:00', '--job-id', '50', '--raw', '--subdir', 'DAGS_FOLDER/retrain_PWU_dag.py', '--cfg-path', '/tmp/tmpxuu1_tcc']
[2025-05-12T07:20:12.576+0000] {standard_task_runner.py:91} INFO - Job 50: Subtask train_PWU
[2025-05-12T07:20:12.577+0000] {logging_mixin.py:188} WARNING - /home/***/.local/lib/python3.12/site-packages/***/task/task_runner/standard_task_runner.py:61 DeprecationWarning: This process (pid=240) is multi-threaded, use of fork() may lead to deadlocks in the child.
[2025-05-12T07:20:12.578+0000] {standard_task_runner.py:63} INFO - Started process 241 to run task
[2025-05-12T07:20:12.616+0000] {task_command.py:426} INFO - Running <TaskInstance: retrain_PWU_dag.train_PWU manual__2025-05-12T07:20:11.589051+00:00 [running]> on host 61ae3f5ac700
[2025-05-12T07:20:12.687+0000] {taskinstance.py:2644} INFO - Exporting env vars: AIRFLOW_CTX_DAG_OWNER='***' AIRFLOW_CTX_DAG_ID='retrain_PWU_dag' AIRFLOW_CTX_TASK_ID='train_PWU' AIRFLOW_CTX_EXECUTION_DATE='2025-05-12T07:20:11.589051+00:00' AIRFLOW_CTX_TRY_NUMBER='1' AIRFLOW_CTX_DAG_RUN_ID='manual__2025-05-12T07:20:11.589051+00:00'
[2025-05-12T07:20:12.688+0000] {taskinstance.py:430} INFO - ::endgroup::
[2025-05-12T07:20:12.699+0000] {subprocess.py:63} INFO - Tmp dir root location: /tmp
[2025-05-12T07:20:12.700+0000] {subprocess.py:75} INFO - Running command: ['/usr/bin/bash', '-c', 'python /opt/***/scripts/train_PWU.py']
[2025-05-12T07:20:12.707+0000] {subprocess.py:86} INFO - Output:
[2025-05-12T07:20:12.745+0000] {subprocess.py:93} INFO - Traceback (most recent call last):
[2025-05-12T07:20:12.746+0000] {subprocess.py:93} INFO -   File "/opt/***/scripts/train_PWU.py", line 4, in <module>
[2025-05-12T07:20:12.747+0000] {subprocess.py:93} INFO -     import torch
[2025-05-12T07:20:12.747+0000] {subprocess.py:93} INFO - ModuleNotFoundError: No module named 'torch'
[2025-05-12T07:20:12.749+0000] {subprocess.py:97} INFO - Command exited with return code 1
[2025-05-12T07:20:12.750+0000] {taskinstance.py:441} INFO - ::group::Post task execution logs
[2025-05-12T07:20:12.759+0000] {taskinstance.py:2890} ERROR - Task failed with exception
Traceback (most recent call last):
  File "/home/airflow/.local/lib/python3.12/site-packages/airflow/models/taskinstance.py", line 465, in _execute_task
    result = _execute_callable(context=context, **execute_callable_kwargs)
             ^^^^^^^^^^^^^^^^^^^^^^^^^^^^^^^^^^^^^^^^^^^^^^^^^^^^^^^^^^^^^
  File "/home/airflow/.local/lib/python3.12/site-packages/airflow/models/taskinstance.py", line 432, in _execute_callable
    return execute_callable(context=context, **execute_callable_kwargs)
           ^^^^^^^^^^^^^^^^^^^^^^^^^^^^^^^^^^^^^^^^^^^^^^^^^^^^^^^^^^^^
  File "/home/airflow/.local/lib/python3.12/site-packages/airflow/models/baseoperator.py", line 400, in wrapper
    return func(self, *args, **kwargs)
           ^^^^^^^^^^^^^^^^^^^^^^^^^^^
  File "/home/airflow/.local/lib/python3.12/site-packages/airflow/operators/bash.py", line 243, in execute
    raise AirflowException(
airflow.exceptions.AirflowException: Bash command failed. The command returned a non-zero exit code 1.
[2025-05-12T07:20:12.763+0000] {taskinstance.py:1205} INFO - Marking task as FAILED. dag_id=retrain_PWU_dag, task_id=train_PWU, execution_date=20250512T072011, start_date=20250512T072012, end_date=20250512T072012
[2025-05-12T07:20:12.794+0000] {standard_task_runner.py:110} ERROR - Failed to execute job 50 for task train_PWU (Bash command failed. The command returned a non-zero exit code 1.; 241)
[2025-05-12T07:20:12.808+0000] {local_task_job_runner.py:240} INFO - Task exited with return code 1
[2025-05-12T07:20:12.830+0000] {taskinstance.py:3482} INFO - 0 downstream tasks scheduled from follow-on schedule check
[2025-05-12T07:20:12.836+0000] {local_task_job_runner.py:222} INFO - ::endgroup::
