[2025-05-12T07:10:23.824+0000] {local_task_job_runner.py:120} INFO - ::group::Pre task execution logs
[2025-05-12T07:10:23.852+0000] {taskinstance.py:2073} INFO - Dependencies all met for dep_context=non-requeueable deps ti=<TaskInstance: retrain_PWU_dag.train_PWU manual__2025-05-12T07:10:22.927917+00:00 [queued]>
[2025-05-12T07:10:23.860+0000] {taskinstance.py:2073} INFO - Dependencies all met for dep_context=requeueable deps ti=<TaskInstance: retrain_PWU_dag.train_PWU manual__2025-05-12T07:10:22.927917+00:00 [queued]>
[2025-05-12T07:10:23.861+0000] {taskinstance.py:2303} INFO - Starting attempt 1 of 1
[2025-05-12T07:10:23.875+0000] {taskinstance.py:2327} INFO - Executing <Task(BashOperator): train_PWU> on 2025-05-12 07:10:22.927917+00:00
[2025-05-12T07:10:23.882+0000] {standard_task_runner.py:90} INFO - Running: ['***', 'tasks', 'run', 'retrain_PWU_dag', 'train_PWU', 'manual__2025-05-12T07:10:22.927917+00:00', '--job-id', '45', '--raw', '--subdir', 'DAGS_FOLDER/retrain_PWU_dag.py', '--cfg-path', '/tmp/tmp4gfyt8z9']
[2025-05-12T07:10:23.885+0000] {standard_task_runner.py:91} INFO - Job 45: Subtask train_PWU
[2025-05-12T07:10:23.885+0000] {logging_mixin.py:188} WARNING - /home/***/.local/lib/python3.12/site-packages/***/task/task_runner/standard_task_runner.py:61 DeprecationWarning: This process (pid=275) is multi-threaded, use of fork() may lead to deadlocks in the child.
[2025-05-12T07:10:23.887+0000] {standard_task_runner.py:63} INFO - Started process 276 to run task
[2025-05-12T07:10:23.933+0000] {task_command.py:426} INFO - Running <TaskInstance: retrain_PWU_dag.train_PWU manual__2025-05-12T07:10:22.927917+00:00 [running]> on host 2bb65ea94492
[2025-05-12T07:10:24.018+0000] {taskinstance.py:2644} INFO - Exporting env vars: AIRFLOW_CTX_DAG_OWNER='***' AIRFLOW_CTX_DAG_ID='retrain_PWU_dag' AIRFLOW_CTX_TASK_ID='train_PWU' AIRFLOW_CTX_EXECUTION_DATE='2025-05-12T07:10:22.927917+00:00' AIRFLOW_CTX_TRY_NUMBER='1' AIRFLOW_CTX_DAG_RUN_ID='manual__2025-05-12T07:10:22.927917+00:00'
[2025-05-12T07:10:24.018+0000] {taskinstance.py:430} INFO - ::endgroup::
[2025-05-12T07:10:24.029+0000] {subprocess.py:63} INFO - Tmp dir root location: /tmp
[2025-05-12T07:10:24.030+0000] {subprocess.py:75} INFO - Running command: ['/usr/bin/bash', '-c', 'python /opt/***/scripts/train_PWU.py']
[2025-05-12T07:10:24.037+0000] {subprocess.py:86} INFO - Output:
[2025-05-12T07:10:24.084+0000] {subprocess.py:93} INFO - Traceback (most recent call last):
[2025-05-12T07:10:24.084+0000] {subprocess.py:93} INFO -   File "/opt/***/scripts/train_PWU.py", line 4, in <module>
[2025-05-12T07:10:24.085+0000] {subprocess.py:93} INFO -     import torch
[2025-05-12T07:10:24.086+0000] {subprocess.py:93} INFO - ModuleNotFoundError: No module named 'torch'
[2025-05-12T07:10:24.089+0000] {subprocess.py:97} INFO - Command exited with return code 1
[2025-05-12T07:10:24.090+0000] {taskinstance.py:441} INFO - ::group::Post task execution logs
[2025-05-12T07:10:24.099+0000] {taskinstance.py:2890} ERROR - Task failed with exception
Traceback (most recent call last):
  File "/home/airflow/.local/lib/python3.12/site-packages/airflow/models/taskinstance.py", line 465, in _execute_task
    result = _execute_callable(context=context, **execute_callable_kwargs)
             ^^^^^^^^^^^^^^^^^^^^^^^^^^^^^^^^^^^^^^^^^^^^^^^^^^^^^^^^^^^^^
  File "/home/airflow/.local/lib/python3.12/site-packages/airflow/models/taskinstance.py", line 432, in _execute_callable
    return execute_callable(context=context, **execute_callable_kwargs)
           ^^^^^^^^^^^^^^^^^^^^^^^^^^^^^^^^^^^^^^^^^^^^^^^^^^^^^^^^^^^^
  File "/home/airflow/.local/lib/python3.12/site-packages/airflow/models/baseoperator.py", line 400, in wrapper
    return func(self, *args, **kwargs)
           ^^^^^^^^^^^^^^^^^^^^^^^^^^^
  File "/home/airflow/.local/lib/python3.12/site-packages/airflow/operators/bash.py", line 243, in execute
    raise AirflowException(
airflow.exceptions.AirflowException: Bash command failed. The command returned a non-zero exit code 1.
[2025-05-12T07:10:24.103+0000] {taskinstance.py:1205} INFO - Marking task as FAILED. dag_id=retrain_PWU_dag, task_id=train_PWU, execution_date=20250512T071022, start_date=20250512T071023, end_date=20250512T071024
[2025-05-12T07:10:24.114+0000] {standard_task_runner.py:110} ERROR - Failed to execute job 45 for task train_PWU (Bash command failed. The command returned a non-zero exit code 1.; 276)
[2025-05-12T07:10:24.141+0000] {local_task_job_runner.py:240} INFO - Task exited with return code 1
[2025-05-12T07:10:24.161+0000] {taskinstance.py:3482} INFO - 0 downstream tasks scheduled from follow-on schedule check
[2025-05-12T07:10:24.165+0000] {local_task_job_runner.py:222} INFO - ::endgroup::
