[2025-05-12T06:00:00.461+0000] {local_task_job_runner.py:120} INFO - ::group::Pre task execution logs
[2025-05-12T06:00:00.487+0000] {taskinstance.py:2073} INFO - Dependencies all met for dep_context=non-requeueable deps ti=<TaskInstance: monitor_PWU.monitor_model scheduled__2025-05-12T05:00:00+00:00 [queued]>
[2025-05-12T06:00:00.495+0000] {taskinstance.py:2073} INFO - Dependencies all met for dep_context=requeueable deps ti=<TaskInstance: monitor_PWU.monitor_model scheduled__2025-05-12T05:00:00+00:00 [queued]>
[2025-05-12T06:00:00.496+0000] {taskinstance.py:2303} INFO - Starting attempt 1 of 1
[2025-05-12T06:00:00.509+0000] {taskinstance.py:2327} INFO - Executing <Task(PythonOperator): monitor_model> on 2025-05-12 05:00:00+00:00
[2025-05-12T06:00:00.514+0000] {standard_task_runner.py:90} INFO - Running: ['***', 'tasks', 'run', 'monitor_PWU', 'monitor_model', 'scheduled__2025-05-12T05:00:00+00:00', '--job-id', '38', '--raw', '--subdir', 'DAGS_FOLDER/monitor_PWU.py', '--cfg-path', '/tmp/tmpv2l0ruzn']
[2025-05-12T06:00:00.516+0000] {standard_task_runner.py:91} INFO - Job 38: Subtask monitor_model
[2025-05-12T06:00:00.518+0000] {logging_mixin.py:188} WARNING - /home/***/.local/lib/python3.12/site-packages/***/task/task_runner/standard_task_runner.py:61 DeprecationWarning: This process (pid=6363) is multi-threaded, use of fork() may lead to deadlocks in the child.
[2025-05-12T06:00:00.518+0000] {standard_task_runner.py:63} INFO - Started process 6364 to run task
[2025-05-12T06:00:00.558+0000] {task_command.py:426} INFO - Running <TaskInstance: monitor_PWU.monitor_model scheduled__2025-05-12T05:00:00+00:00 [running]> on host 8045d3f859a3
[2025-05-12T06:00:00.633+0000] {taskinstance.py:2644} INFO - Exporting env vars: AIRFLOW_CTX_DAG_OWNER='***' AIRFLOW_CTX_DAG_ID='monitor_PWU' AIRFLOW_CTX_TASK_ID='monitor_model' AIRFLOW_CTX_EXECUTION_DATE='2025-05-12T05:00:00+00:00' AIRFLOW_CTX_TRY_NUMBER='1' AIRFLOW_CTX_DAG_RUN_ID='scheduled__2025-05-12T05:00:00+00:00'
[2025-05-12T06:00:00.634+0000] {taskinstance.py:430} INFO - ::endgroup::
[2025-05-12T06:00:00.662+0000] {taskinstance.py:441} INFO - ::group::Post task execution logs
[2025-05-12T06:00:00.662+0000] {taskinstance.py:2890} ERROR - Task failed with exception
Traceback (most recent call last):
  File "/home/airflow/.local/lib/python3.12/site-packages/airflow/models/taskinstance.py", line 465, in _execute_task
    result = _execute_callable(context=context, **execute_callable_kwargs)
             ^^^^^^^^^^^^^^^^^^^^^^^^^^^^^^^^^^^^^^^^^^^^^^^^^^^^^^^^^^^^^
  File "/home/airflow/.local/lib/python3.12/site-packages/airflow/models/taskinstance.py", line 432, in _execute_callable
    return execute_callable(context=context, **execute_callable_kwargs)
           ^^^^^^^^^^^^^^^^^^^^^^^^^^^^^^^^^^^^^^^^^^^^^^^^^^^^^^^^^^^^
  File "/home/airflow/.local/lib/python3.12/site-packages/airflow/models/baseoperator.py", line 400, in wrapper
    return func(self, *args, **kwargs)
           ^^^^^^^^^^^^^^^^^^^^^^^^^^^
  File "/home/airflow/.local/lib/python3.12/site-packages/airflow/operators/python.py", line 235, in execute
    return_value = self.execute_callable()
                   ^^^^^^^^^^^^^^^^^^^^^^^
  File "/home/airflow/.local/lib/python3.12/site-packages/airflow/operators/python.py", line 252, in execute_callable
    return self.python_callable(*self.op_args, **self.op_kwargs)
           ^^^^^^^^^^^^^^^^^^^^^^^^^^^^^^^^^^^^^^^^^^^^^^^^^^^^^
  File "/opt/airflow/dags/monitor_PWU.py", line 22, in monitor_model
    raise Exception("Flask prediction failed.")
Exception: Flask prediction failed.
[2025-05-12T06:00:00.672+0000] {taskinstance.py:1205} INFO - Marking task as FAILED. dag_id=monitor_PWU, task_id=monitor_model, execution_date=20250512T050000, start_date=20250512T060000, end_date=20250512T060000
[2025-05-12T06:00:00.684+0000] {standard_task_runner.py:110} ERROR - Failed to execute job 38 for task monitor_model (Flask prediction failed.; 6364)
[2025-05-12T06:00:00.692+0000] {local_task_job_runner.py:240} INFO - Task exited with return code 1
[2025-05-12T06:00:00.714+0000] {taskinstance.py:3482} INFO - 0 downstream tasks scheduled from follow-on schedule check
[2025-05-12T06:00:00.719+0000] {local_task_job_runner.py:222} INFO - ::endgroup::
