[2025-05-13T03:44:26.034+0000] {local_task_job_runner.py:120} INFO - ::group::Pre task execution logs
[2025-05-13T03:44:26.063+0000] {taskinstance.py:2073} INFO - Dependencies all met for dep_context=non-requeueable deps ti=<TaskInstance: retrain_PWU_dag.train_PWU manual__2025-05-13T03:44:25.118879+00:00 [queued]>
[2025-05-13T03:44:26.072+0000] {taskinstance.py:2073} INFO - Dependencies all met for dep_context=requeueable deps ti=<TaskInstance: retrain_PWU_dag.train_PWU manual__2025-05-13T03:44:25.118879+00:00 [queued]>
[2025-05-13T03:44:26.073+0000] {taskinstance.py:2303} INFO - Starting attempt 1 of 1
[2025-05-13T03:44:26.085+0000] {taskinstance.py:2327} INFO - Executing <Task(BashOperator): train_PWU> on 2025-05-13 03:44:25.118879+00:00
[2025-05-13T03:44:26.092+0000] {standard_task_runner.py:90} INFO - Running: ['***', 'tasks', 'run', 'retrain_PWU_dag', 'train_PWU', 'manual__2025-05-13T03:44:25.118879+00:00', '--job-id', '8', '--raw', '--subdir', 'DAGS_FOLDER/retrain_PWU_dag.py', '--cfg-path', '/tmp/tmppkeseg4o']
[2025-05-13T03:44:26.094+0000] {standard_task_runner.py:91} INFO - Job 8: Subtask train_PWU
[2025-05-13T03:44:26.095+0000] {logging_mixin.py:188} WARNING - /home/***/.local/lib/python3.12/site-packages/***/task/task_runner/standard_task_runner.py:61 DeprecationWarning: This process (pid=195) is multi-threaded, use of fork() may lead to deadlocks in the child.
[2025-05-13T03:44:26.097+0000] {standard_task_runner.py:63} INFO - Started process 196 to run task
[2025-05-13T03:44:26.142+0000] {task_command.py:426} INFO - Running <TaskInstance: retrain_PWU_dag.train_PWU manual__2025-05-13T03:44:25.118879+00:00 [running]> on host 44726ac4e2f5
[2025-05-13T03:44:26.220+0000] {taskinstance.py:2644} INFO - Exporting env vars: AIRFLOW_CTX_DAG_OWNER='***' AIRFLOW_CTX_DAG_ID='retrain_PWU_dag' AIRFLOW_CTX_TASK_ID='train_PWU' AIRFLOW_CTX_EXECUTION_DATE='2025-05-13T03:44:25.118879+00:00' AIRFLOW_CTX_TRY_NUMBER='1' AIRFLOW_CTX_DAG_RUN_ID='manual__2025-05-13T03:44:25.118879+00:00'
[2025-05-13T03:44:26.221+0000] {taskinstance.py:430} INFO - ::endgroup::
[2025-05-13T03:44:26.233+0000] {subprocess.py:63} INFO - Tmp dir root location: /tmp
[2025-05-13T03:44:26.234+0000] {subprocess.py:75} INFO - Running command: ['/usr/bin/bash', '-c', 'python /opt/***/scripts/train_PWU.py']
[2025-05-13T03:44:26.241+0000] {subprocess.py:86} INFO - Output:
[2025-05-13T03:51:39.950+0000] {local_task_job_runner.py:124} ERROR - Received SIGTERM. Terminating subprocesses
[2025-05-13T03:51:39.957+0000] {process_utils.py:132} INFO - Sending 15 to group 196. PIDs of all processes in the group: [198, 196]
[2025-05-13T03:51:39.959+0000] {process_utils.py:87} INFO - Sending the signal 15 to group 196
[2025-05-13T03:51:39.960+0000] {taskinstance.py:2607} ERROR - Received SIGTERM. Terminating subprocesses.
[2025-05-13T03:51:39.961+0000] {subprocess.py:104} INFO - Sending SIGTERM signal to process group
[2025-05-13T03:51:39.963+0000] {taskinstance.py:441} INFO - ::group::Post task execution logs
[2025-05-13T03:51:39.984+0000] {taskinstance.py:2890} ERROR - Task failed with exception
Traceback (most recent call last):
  File "/home/airflow/.local/lib/python3.12/site-packages/airflow/models/taskinstance.py", line 465, in _execute_task
    result = _execute_callable(context=context, **execute_callable_kwargs)
             ^^^^^^^^^^^^^^^^^^^^^^^^^^^^^^^^^^^^^^^^^^^^^^^^^^^^^^^^^^^^^
  File "/home/airflow/.local/lib/python3.12/site-packages/airflow/models/taskinstance.py", line 432, in _execute_callable
    return execute_callable(context=context, **execute_callable_kwargs)
           ^^^^^^^^^^^^^^^^^^^^^^^^^^^^^^^^^^^^^^^^^^^^^^^^^^^^^^^^^^^^
  File "/home/airflow/.local/lib/python3.12/site-packages/airflow/models/baseoperator.py", line 400, in wrapper
    return func(self, *args, **kwargs)
           ^^^^^^^^^^^^^^^^^^^^^^^^^^^
  File "/home/airflow/.local/lib/python3.12/site-packages/airflow/operators/bash.py", line 234, in execute
    result = self.subprocess_hook.run_command(
             ^^^^^^^^^^^^^^^^^^^^^^^^^^^^^^^^^
  File "/home/airflow/.local/lib/python3.12/site-packages/airflow/hooks/subprocess.py", line 91, in run_command
    for raw_line in iter(self.sub_process.stdout.readline, b""):
  File "/home/airflow/.local/lib/python3.12/site-packages/airflow/models/taskinstance.py", line 2609, in signal_handler
    raise AirflowTaskTerminated("Task received SIGTERM signal")
airflow.exceptions.AirflowTaskTerminated: Task received SIGTERM signal
[2025-05-13T03:51:40.011+0000] {taskinstance.py:1205} INFO - Marking task as FAILED. dag_id=retrain_PWU_dag, task_id=train_PWU, execution_date=20250513T034425, start_date=20250513T034426, end_date=20250513T035140
[2025-05-13T03:51:40.122+0000] {process_utils.py:80} INFO - Process psutil.Process(pid=198, status='terminated', started='03:44:26') (198) terminated with exit code None
[2025-05-13T03:51:40.140+0000] {process_utils.py:80} INFO - Process psutil.Process(pid=196, status='terminated', exitcode=2, started='03:44:26') (196) terminated with exit code 2
[2025-05-13T03:51:40.143+0000] {local_task_job_runner.py:240} INFO - Task exited with return code 143
[2025-05-13T03:51:40.189+0000] {taskinstance.py:3482} INFO - 0 downstream tasks scheduled from follow-on schedule check
[2025-05-13T03:51:42.164+0000] {local_task_job_runner.py:222} INFO - ::endgroup::
