[2025-05-11T15:44:13.174+0000] {local_task_job_runner.py:120} INFO - ::group::Pre task execution logs
[2025-05-11T15:44:13.212+0000] {taskinstance.py:2073} INFO - Dependencies all met for dep_context=non-requeueable deps ti=<TaskInstance: monitor_PWU.check_if_retrain_needed manual__2025-05-11T15:44:10.949488+00:00 [queued]>
[2025-05-11T15:44:13.223+0000] {taskinstance.py:2073} INFO - Dependencies all met for dep_context=requeueable deps ti=<TaskInstance: monitor_PWU.check_if_retrain_needed manual__2025-05-11T15:44:10.949488+00:00 [queued]>
[2025-05-11T15:44:13.224+0000] {taskinstance.py:2303} INFO - Starting attempt 1 of 1
[2025-05-11T15:44:13.237+0000] {taskinstance.py:2327} INFO - Executing <Task(BranchPythonOperator): check_if_retrain_needed> on 2025-05-11 15:44:10.949488+00:00
[2025-05-11T15:44:13.244+0000] {standard_task_runner.py:90} INFO - Running: ['***', 'tasks', 'run', 'monitor_PWU', 'check_if_retrain_needed', 'manual__2025-05-11T15:44:10.949488+00:00', '--job-id', '27', '--raw', '--subdir', 'DAGS_FOLDER/monitor_PWU.py', '--cfg-path', '/tmp/tmpnw4x9t2n']
[2025-05-11T15:44:13.246+0000] {standard_task_runner.py:91} INFO - Job 27: Subtask check_if_retrain_needed
[2025-05-11T15:44:13.247+0000] {logging_mixin.py:188} WARNING - /home/***/.local/lib/python3.12/site-packages/***/task/task_runner/standard_task_runner.py:61 DeprecationWarning: This process (pid=30003) is multi-threaded, use of fork() may lead to deadlocks in the child.
[2025-05-11T15:44:13.248+0000] {standard_task_runner.py:63} INFO - Started process 30004 to run task
[2025-05-11T15:44:13.290+0000] {task_command.py:426} INFO - Running <TaskInstance: monitor_PWU.check_if_retrain_needed manual__2025-05-11T15:44:10.949488+00:00 [running]> on host d6c25b332bd7
[2025-05-11T15:44:13.373+0000] {taskinstance.py:2644} INFO - Exporting env vars: AIRFLOW_CTX_DAG_OWNER='***' AIRFLOW_CTX_DAG_ID='monitor_PWU' AIRFLOW_CTX_TASK_ID='check_if_retrain_needed' AIRFLOW_CTX_EXECUTION_DATE='2025-05-11T15:44:10.949488+00:00' AIRFLOW_CTX_TRY_NUMBER='1' AIRFLOW_CTX_DAG_RUN_ID='manual__2025-05-11T15:44:10.949488+00:00'
[2025-05-11T15:44:13.374+0000] {taskinstance.py:430} INFO - ::endgroup::
[2025-05-11T15:44:13.385+0000] {baseoperator.py:399} WARNING - BranchPythonOperator.execute cannot be called outside TaskInstance!
[2025-05-11T15:44:13.396+0000] {python.py:237} INFO - Done. Returned value was: trigger_retrain
[2025-05-11T15:44:13.397+0000] {branch.py:36} INFO - Branch into trigger_retrain
[2025-05-11T15:44:13.397+0000] {skipmixin.py:178} INFO - Following branch trigger_retrain
[2025-05-11T15:44:13.411+0000] {skipmixin.py:246} INFO - Skipping tasks [('end', -1)]
[2025-05-11T15:44:13.434+0000] {taskinstance.py:441} INFO - ::group::Post task execution logs
[2025-05-11T15:44:13.451+0000] {taskinstance.py:1205} INFO - Marking task as SUCCESS. dag_id=monitor_PWU, task_id=check_if_retrain_needed, execution_date=20250511T154410, start_date=20250511T154413, end_date=20250511T154413
[2025-05-11T15:44:13.502+0000] {local_task_job_runner.py:240} INFO - Task exited with return code 0
[2025-05-11T15:44:13.529+0000] {taskinstance.py:3482} INFO - 1 downstream tasks scheduled from follow-on schedule check
[2025-05-11T15:44:13.531+0000] {local_task_job_runner.py:222} INFO - ::endgroup::
