[2025-05-13T03:35:31.382+0000] {local_task_job_runner.py:120} INFO - ::group::Pre task execution logs
[2025-05-13T03:35:31.410+0000] {taskinstance.py:2073} INFO - Dependencies all met for dep_context=non-requeueable deps ti=<TaskInstance: retrain_PWU_dag.train_PWU manual__2025-05-13T03:35:30.446251+00:00 [queued]>
[2025-05-13T03:35:31.417+0000] {taskinstance.py:2073} INFO - Dependencies all met for dep_context=requeueable deps ti=<TaskInstance: retrain_PWU_dag.train_PWU manual__2025-05-13T03:35:30.446251+00:00 [queued]>
[2025-05-13T03:35:31.418+0000] {taskinstance.py:2303} INFO - Starting attempt 1 of 1
[2025-05-13T03:35:31.429+0000] {taskinstance.py:2327} INFO - Executing <Task(BashOperator): train_PWU> on 2025-05-13 03:35:30.446251+00:00
[2025-05-13T03:35:31.434+0000] {standard_task_runner.py:90} INFO - Running: ['***', 'tasks', 'run', 'retrain_PWU_dag', 'train_PWU', 'manual__2025-05-13T03:35:30.446251+00:00', '--job-id', '9', '--raw', '--subdir', 'DAGS_FOLDER/retrain_PWU_dag.py', '--cfg-path', '/tmp/tmp34o5u59j']
[2025-05-13T03:35:31.437+0000] {standard_task_runner.py:91} INFO - Job 9: Subtask train_PWU
[2025-05-13T03:35:31.438+0000] {logging_mixin.py:188} WARNING - /home/***/.local/lib/python3.12/site-packages/***/task/task_runner/standard_task_runner.py:61 DeprecationWarning: This process (pid=239) is multi-threaded, use of fork() may lead to deadlocks in the child.
[2025-05-13T03:35:31.439+0000] {standard_task_runner.py:63} INFO - Started process 240 to run task
[2025-05-13T03:35:31.476+0000] {task_command.py:426} INFO - Running <TaskInstance: retrain_PWU_dag.train_PWU manual__2025-05-13T03:35:30.446251+00:00 [running]> on host aeacfd01479d
[2025-05-13T03:35:31.546+0000] {taskinstance.py:2644} INFO - Exporting env vars: AIRFLOW_CTX_DAG_OWNER='***' AIRFLOW_CTX_DAG_ID='retrain_PWU_dag' AIRFLOW_CTX_TASK_ID='train_PWU' AIRFLOW_CTX_EXECUTION_DATE='2025-05-13T03:35:30.446251+00:00' AIRFLOW_CTX_TRY_NUMBER='1' AIRFLOW_CTX_DAG_RUN_ID='manual__2025-05-13T03:35:30.446251+00:00'
[2025-05-13T03:35:31.547+0000] {taskinstance.py:430} INFO - ::endgroup::
[2025-05-13T03:35:31.557+0000] {subprocess.py:63} INFO - Tmp dir root location: /tmp
[2025-05-13T03:35:31.558+0000] {subprocess.py:75} INFO - Running command: ['/usr/bin/bash', '-c', 'python /opt/***/scripts/train_PWU.py']
[2025-05-13T03:35:31.565+0000] {subprocess.py:86} INFO - Output:
[2025-05-13T03:35:31.608+0000] {subprocess.py:93} INFO - Traceback (most recent call last):
[2025-05-13T03:35:31.609+0000] {subprocess.py:93} INFO -   File "/opt/***/scripts/train_PWU.py", line 5, in <module>
[2025-05-13T03:35:31.610+0000] {subprocess.py:93} INFO -     import torch
[2025-05-13T03:35:31.610+0000] {subprocess.py:93} INFO - ModuleNotFoundError: No module named 'torch'
[2025-05-13T03:35:31.613+0000] {subprocess.py:97} INFO - Command exited with return code 1
[2025-05-13T03:35:31.613+0000] {taskinstance.py:441} INFO - ::group::Post task execution logs
[2025-05-13T03:35:31.622+0000] {taskinstance.py:2890} ERROR - Task failed with exception
Traceback (most recent call last):
  File "/home/airflow/.local/lib/python3.12/site-packages/airflow/models/taskinstance.py", line 465, in _execute_task
    result = _execute_callable(context=context, **execute_callable_kwargs)
             ^^^^^^^^^^^^^^^^^^^^^^^^^^^^^^^^^^^^^^^^^^^^^^^^^^^^^^^^^^^^^
  File "/home/airflow/.local/lib/python3.12/site-packages/airflow/models/taskinstance.py", line 432, in _execute_callable
    return execute_callable(context=context, **execute_callable_kwargs)
           ^^^^^^^^^^^^^^^^^^^^^^^^^^^^^^^^^^^^^^^^^^^^^^^^^^^^^^^^^^^^
  File "/home/airflow/.local/lib/python3.12/site-packages/airflow/models/baseoperator.py", line 400, in wrapper
    return func(self, *args, **kwargs)
           ^^^^^^^^^^^^^^^^^^^^^^^^^^^
  File "/home/airflow/.local/lib/python3.12/site-packages/airflow/operators/bash.py", line 243, in execute
    raise AirflowException(
airflow.exceptions.AirflowException: Bash command failed. The command returned a non-zero exit code 1.
[2025-05-13T03:35:31.626+0000] {taskinstance.py:1205} INFO - Marking task as FAILED. dag_id=retrain_PWU_dag, task_id=train_PWU, execution_date=20250513T033530, start_date=20250513T033531, end_date=20250513T033531
[2025-05-13T03:35:31.636+0000] {standard_task_runner.py:110} ERROR - Failed to execute job 9 for task train_PWU (Bash command failed. The command returned a non-zero exit code 1.; 240)
[2025-05-13T03:35:31.653+0000] {local_task_job_runner.py:240} INFO - Task exited with return code 1
[2025-05-13T03:35:31.673+0000] {taskinstance.py:3482} INFO - 0 downstream tasks scheduled from follow-on schedule check
[2025-05-13T03:35:31.678+0000] {local_task_job_runner.py:222} INFO - ::endgroup::
