{"timestamp":"2025-05-08T04:02:52.683807","level":"info","event":"DAG bundles loaded: dags-folder, example_dags","logger":"airflow.dag_processing.bundles.manager.DagBundlesManager"}
{"timestamp":"2025-05-08T04:02:52.687499","level":"info","event":"Filling up the DagBag from /opt/airflow/dags/trigger_monitor_dag.py","logger":"airflow.models.dagbag.DagBag"}
{"timestamp":"2025-05-08T04:02:53.476758Z","level":"info","event":"Task instance is in running state","chan":"stdout","logger":"task"}
{"timestamp":"2025-05-08T04:02:53.482244Z","level":"info","event":" Previous state of the Task instance: queued","chan":"stdout","logger":"task"}
{"timestamp":"2025-05-08T04:02:53.482631Z","level":"info","event":"Current task name:monitor_PWU","chan":"stdout","logger":"task"}
{"timestamp":"2025-05-08T04:02:53.482932Z","level":"info","event":"Dag name:trigger_monitor_dag","chan":"stdout","logger":"task"}
{"timestamp":"2025-05-08T04:02:52.760245","level":"info","event":"Tmp dir root location: /tmp","logger":"airflow.task.hooks.airflow.providers.standard.hooks.subprocess.SubprocessHook"}
{"timestamp":"2025-05-08T04:02:52.765660","level":"info","event":"Running command: ['/usr/bin/bash', '-c', 'python /opt/airflow/scripts/monitor_PWU.py']","logger":"airflow.task.hooks.airflow.providers.standard.hooks.subprocess.SubprocessHook"}
{"timestamp":"2025-05-08T04:02:52.782671","level":"info","event":"Output:","logger":"airflow.task.hooks.airflow.providers.standard.hooks.subprocess.SubprocessHook"}
{"timestamp":"2025-05-08T04:03:29.698038","level":"info","event":"/opt/airflow/scripts/monitor_PWU.py:33: UserWarning: Creating a tensor from a list of numpy.ndarrays is extremely slow. Please consider converting the list to a single numpy.ndarray with numpy.array() before converting to a tensor. (Triggered internally at /pytorch/torch/csrc/utils/tensor_new.cpp:254.)","logger":"airflow.task.hooks.airflow.providers.standard.hooks.subprocess.SubprocessHook"}
{"timestamp":"2025-05-08T04:03:29.698221","level":"info","event":"  return torch.FloatTensor(X), torch.FloatTensor(Y)","logger":"airflow.task.hooks.airflow.providers.standard.hooks.subprocess.SubprocessHook"}
{"timestamp":"2025-05-08T04:03:29.748634","level":"info","event":"Traceback (most recent call last):","logger":"airflow.task.hooks.airflow.providers.standard.hooks.subprocess.SubprocessHook"}
{"timestamp":"2025-05-08T04:03:29.748849","level":"info","event":"  File \"/opt/airflow/scripts/monitor_PWU.py\", line 66, in <module>","logger":"airflow.task.hooks.airflow.providers.standard.hooks.subprocess.SubprocessHook"}
{"timestamp":"2025-05-08T04:03:29.750779","level":"info","event":"    model.load_state_dict(torch.load(MODEL_PATH, map_location='cpu'))","logger":"airflow.task.hooks.airflow.providers.standard.hooks.subprocess.SubprocessHook"}
{"timestamp":"2025-05-08T04:03:29.750893","level":"info","event":"                          ^^^^^^^^^^^^^^^^^^^^^^^^^^^^^^^^^^^^^^^^^^","logger":"airflow.task.hooks.airflow.providers.standard.hooks.subprocess.SubprocessHook"}
{"timestamp":"2025-05-08T04:03:29.750968","level":"info","event":"  File \"/home/airflow/.local/lib/python3.12/site-packages/torch/serialization.py\", line 1479, in load","logger":"airflow.task.hooks.airflow.providers.standard.hooks.subprocess.SubprocessHook"}
{"timestamp":"2025-05-08T04:03:29.751783","level":"info","event":"    with _open_file_like(f, \"rb\") as opened_file:","logger":"airflow.task.hooks.airflow.providers.standard.hooks.subprocess.SubprocessHook"}
{"timestamp":"2025-05-08T04:03:29.751894","level":"info","event":"         ^^^^^^^^^^^^^^^^^^^^^^^^","logger":"airflow.task.hooks.airflow.providers.standard.hooks.subprocess.SubprocessHook"}
{"timestamp":"2025-05-08T04:03:29.751965","level":"info","event":"  File \"/home/airflow/.local/lib/python3.12/site-packages/torch/serialization.py\", line 759, in _open_file_like","logger":"airflow.task.hooks.airflow.providers.standard.hooks.subprocess.SubprocessHook"}
{"timestamp":"2025-05-08T04:03:29.752049","level":"info","event":"    return _open_file(name_or_buffer, mode)","logger":"airflow.task.hooks.airflow.providers.standard.hooks.subprocess.SubprocessHook"}
{"timestamp":"2025-05-08T04:03:29.752138","level":"info","event":"           ^^^^^^^^^^^^^^^^^^^^^^^^^^^^^^^^","logger":"airflow.task.hooks.airflow.providers.standard.hooks.subprocess.SubprocessHook"}
{"timestamp":"2025-05-08T04:03:29.752201","level":"info","event":"  File \"/home/airflow/.local/lib/python3.12/site-packages/torch/serialization.py\", line 740, in __init__","logger":"airflow.task.hooks.airflow.providers.standard.hooks.subprocess.SubprocessHook"}
{"timestamp":"2025-05-08T04:03:29.752264","level":"info","event":"    super().__init__(open(name, mode))","logger":"airflow.task.hooks.airflow.providers.standard.hooks.subprocess.SubprocessHook"}
{"timestamp":"2025-05-08T04:03:29.752346","level":"info","event":"                     ^^^^^^^^^^^^^^^^","logger":"airflow.task.hooks.airflow.providers.standard.hooks.subprocess.SubprocessHook"}
{"timestamp":"2025-05-08T04:03:29.752427","level":"info","event":"FileNotFoundError: [Errno 2] No such file or directory: '/opt/airflow/data/models/PWU/model.pth'","logger":"airflow.task.hooks.airflow.providers.standard.hooks.subprocess.SubprocessHook"}
{"timestamp":"2025-05-08T04:03:30.245660","level":"info","event":"Command exited with return code 1","logger":"airflow.task.hooks.airflow.providers.standard.hooks.subprocess.SubprocessHook"}
{"timestamp":"2025-05-08T04:03:30.246277","level":"error","event":"Task failed with exception","logger":"task","error_detail":[{"exc_type":"AirflowException","exc_value":"Bash command failed. The command returned a non-zero exit code 1.","exc_notes":[],"syntax_error":null,"is_cause":false,"frames":[{"filename":"/home/airflow/.local/lib/python3.12/site-packages/airflow/sdk/execution_time/task_runner.py","lineno":825,"name":"run"},{"filename":"/home/airflow/.local/lib/python3.12/site-packages/airflow/sdk/execution_time/task_runner.py","lineno":1088,"name":"_execute_task"},{"filename":"/home/airflow/.local/lib/python3.12/site-packages/airflow/sdk/bases/operator.py","lineno":408,"name":"wrapper"},{"filename":"/home/airflow/.local/lib/python3.12/site-packages/airflow/providers/standard/operators/bash.py","lineno":233,"name":"execute"}]}]}
{"timestamp":"2025-05-08T04:03:30.247212Z","level":"info","event":"Task instance in failure state","chan":"stdout","logger":"task"}
{"timestamp":"2025-05-08T04:03:30.247532Z","level":"info","event":"Task start","chan":"stdout","logger":"task"}
{"timestamp":"2025-05-08T04:03:30.247787Z","level":"info","event":"Task:<Task(BashOperator): monitor_PWU>","chan":"stdout","logger":"task"}
{"timestamp":"2025-05-08T04:03:30.248081Z","level":"info","event":"Failure caused by Bash command failed. The command returned a non-zero exit code 1.","chan":"stdout","logger":"task"}
