[2025-05-11T15:44:15.887+0000] {local_task_job_runner.py:120} INFO - ::group::Pre task execution logs
[2025-05-11T15:44:15.917+0000] {taskinstance.py:2073} INFO - Dependencies all met for dep_context=non-requeueable deps ti=<TaskInstance: retrain_PWU_dag.train_PWU manual__2025-05-11T15:44:14.917616+00:00 [queued]>
[2025-05-11T15:44:15.926+0000] {taskinstance.py:2073} INFO - Dependencies all met for dep_context=requeueable deps ti=<TaskInstance: retrain_PWU_dag.train_PWU manual__2025-05-11T15:44:14.917616+00:00 [queued]>
[2025-05-11T15:44:15.927+0000] {taskinstance.py:2303} INFO - Starting attempt 1 of 1
[2025-05-11T15:44:15.940+0000] {taskinstance.py:2327} INFO - Executing <Task(BashOperator): train_PWU> on 2025-05-11 15:44:14.917616+00:00
[2025-05-11T15:44:15.946+0000] {standard_task_runner.py:90} INFO - Running: ['***', 'tasks', 'run', 'retrain_PWU_dag', 'train_PWU', 'manual__2025-05-11T15:44:14.917616+00:00', '--job-id', '29', '--raw', '--subdir', 'DAGS_FOLDER/retrain_PWU_dag.py', '--cfg-path', '/tmp/tmprn0pe__5']
[2025-05-11T15:44:15.948+0000] {standard_task_runner.py:91} INFO - Job 29: Subtask train_PWU
[2025-05-11T15:44:15.950+0000] {logging_mixin.py:188} WARNING - /home/***/.local/lib/python3.12/site-packages/***/task/task_runner/standard_task_runner.py:61 DeprecationWarning: This process (pid=30007) is multi-threaded, use of fork() may lead to deadlocks in the child.
[2025-05-11T15:44:15.951+0000] {standard_task_runner.py:63} INFO - Started process 30008 to run task
[2025-05-11T15:44:15.991+0000] {task_command.py:426} INFO - Running <TaskInstance: retrain_PWU_dag.train_PWU manual__2025-05-11T15:44:14.917616+00:00 [running]> on host d6c25b332bd7
[2025-05-11T15:44:16.067+0000] {taskinstance.py:2644} INFO - Exporting env vars: AIRFLOW_CTX_DAG_OWNER='***' AIRFLOW_CTX_DAG_ID='retrain_PWU_dag' AIRFLOW_CTX_TASK_ID='train_PWU' AIRFLOW_CTX_EXECUTION_DATE='2025-05-11T15:44:14.917616+00:00' AIRFLOW_CTX_TRY_NUMBER='1' AIRFLOW_CTX_DAG_RUN_ID='manual__2025-05-11T15:44:14.917616+00:00'
[2025-05-11T15:44:16.068+0000] {taskinstance.py:430} INFO - ::endgroup::
[2025-05-11T15:44:16.079+0000] {subprocess.py:63} INFO - Tmp dir root location: /tmp
[2025-05-11T15:44:16.080+0000] {subprocess.py:75} INFO - Running command: ['/usr/bin/bash', '-c', 'python /opt/***/scripts/train_PWU.py']
[2025-05-11T15:44:16.087+0000] {subprocess.py:86} INFO - Output:
[2025-05-11T15:44:16.114+0000] {subprocess.py:93} INFO - python: can't open file '/opt/***/scripts/train_PWU.py': [Errno 2] No such file or directory
[2025-05-11T15:44:16.116+0000] {subprocess.py:97} INFO - Command exited with return code 2
[2025-05-11T15:44:16.117+0000] {taskinstance.py:441} INFO - ::group::Post task execution logs
[2025-05-11T15:44:16.126+0000] {taskinstance.py:2890} ERROR - Task failed with exception
Traceback (most recent call last):
  File "/home/airflow/.local/lib/python3.12/site-packages/airflow/models/taskinstance.py", line 465, in _execute_task
    result = _execute_callable(context=context, **execute_callable_kwargs)
             ^^^^^^^^^^^^^^^^^^^^^^^^^^^^^^^^^^^^^^^^^^^^^^^^^^^^^^^^^^^^^
  File "/home/airflow/.local/lib/python3.12/site-packages/airflow/models/taskinstance.py", line 432, in _execute_callable
    return execute_callable(context=context, **execute_callable_kwargs)
           ^^^^^^^^^^^^^^^^^^^^^^^^^^^^^^^^^^^^^^^^^^^^^^^^^^^^^^^^^^^^
  File "/home/airflow/.local/lib/python3.12/site-packages/airflow/models/baseoperator.py", line 400, in wrapper
    return func(self, *args, **kwargs)
           ^^^^^^^^^^^^^^^^^^^^^^^^^^^
  File "/home/airflow/.local/lib/python3.12/site-packages/airflow/operators/bash.py", line 243, in execute
    raise AirflowException(
airflow.exceptions.AirflowException: Bash command failed. The command returned a non-zero exit code 2.
[2025-05-11T15:44:16.130+0000] {taskinstance.py:1205} INFO - Marking task as FAILED. dag_id=retrain_PWU_dag, task_id=train_PWU, execution_date=20250511T154414, start_date=20250511T154415, end_date=20250511T154416
[2025-05-11T15:44:16.142+0000] {standard_task_runner.py:110} ERROR - Failed to execute job 29 for task train_PWU (Bash command failed. The command returned a non-zero exit code 2.; 30008)
[2025-05-11T15:44:16.165+0000] {local_task_job_runner.py:240} INFO - Task exited with return code 1
[2025-05-11T15:44:16.185+0000] {taskinstance.py:3482} INFO - 0 downstream tasks scheduled from follow-on schedule check
[2025-05-11T15:44:16.192+0000] {local_task_job_runner.py:222} INFO - ::endgroup::
