[2025-05-21T18:48:19.191+0000] {local_task_job_runner.py:120} INFO - ::group::Pre task execution logs
[2025-05-21T18:48:19.237+0000] {taskinstance.py:2073} INFO - Dependencies all met for dep_context=non-requeueable deps ti=<TaskInstance: retrain_PWU_dag.train_PWU manual__2025-05-21T18:48:17.907660+00:00 [queued]>
[2025-05-21T18:48:19.248+0000] {taskinstance.py:2073} INFO - Dependencies all met for dep_context=requeueable deps ti=<TaskInstance: retrain_PWU_dag.train_PWU manual__2025-05-21T18:48:17.907660+00:00 [queued]>
[2025-05-21T18:48:19.250+0000] {taskinstance.py:2303} INFO - Starting attempt 1 of 1
[2025-05-21T18:48:19.273+0000] {taskinstance.py:2327} INFO - Executing <Task(BashOperator): train_PWU> on 2025-05-21 18:48:17.907660+00:00
[2025-05-21T18:48:19.283+0000] {standard_task_runner.py:90} INFO - Running: ['***', 'tasks', 'run', 'retrain_PWU_dag', 'train_PWU', 'manual__2025-05-21T18:48:17.907660+00:00', '--job-id', '94', '--raw', '--subdir', 'DAGS_FOLDER/retrain_PWU_dag.py', '--cfg-path', '/tmp/tmpsfv9kpn0']
[2025-05-21T18:48:19.286+0000] {standard_task_runner.py:91} INFO - Job 94: Subtask train_PWU
[2025-05-21T18:48:19.296+0000] {logging_mixin.py:188} WARNING - /home/***/.local/lib/python3.12/site-packages/***/task/task_runner/standard_task_runner.py:61 DeprecationWarning: This process (pid=277) is multi-threaded, use of fork() may lead to deadlocks in the child.
[2025-05-21T18:48:19.299+0000] {standard_task_runner.py:63} INFO - Started process 278 to run task
[2025-05-21T18:48:19.365+0000] {task_command.py:426} INFO - Running <TaskInstance: retrain_PWU_dag.train_PWU manual__2025-05-21T18:48:17.907660+00:00 [running]> on host 5b37b7148378
[2025-05-21T18:48:19.506+0000] {taskinstance.py:2644} INFO - Exporting env vars: AIRFLOW_CTX_DAG_OWNER='***' AIRFLOW_CTX_DAG_ID='retrain_PWU_dag' AIRFLOW_CTX_TASK_ID='train_PWU' AIRFLOW_CTX_EXECUTION_DATE='2025-05-21T18:48:17.907660+00:00' AIRFLOW_CTX_TRY_NUMBER='1' AIRFLOW_CTX_DAG_RUN_ID='manual__2025-05-21T18:48:17.907660+00:00'
[2025-05-21T18:48:19.507+0000] {taskinstance.py:430} INFO - ::endgroup::
[2025-05-21T18:48:19.526+0000] {subprocess.py:63} INFO - Tmp dir root location: /tmp
[2025-05-21T18:48:19.528+0000] {subprocess.py:75} INFO - Running command: ['/usr/bin/bash', '-c', 'python /opt/***/scripts/train_PWU.py']
[2025-05-21T18:48:19.540+0000] {subprocess.py:86} INFO - Output:
[2025-05-21T18:50:31.678+0000] {subprocess.py:93} INFO - [Epoch 1] Loss: 0.0113
[2025-05-21T18:50:31.702+0000] {subprocess.py:93} INFO - [✅ Saved] Trained model → /models/PWU/model.pth
[2025-05-21T18:50:33.414+0000] {subprocess.py:97} INFO - Command exited with return code 0
[2025-05-21T18:50:33.423+0000] {taskinstance.py:441} INFO - ::group::Post task execution logs
[2025-05-21T18:50:33.573+0000] {taskinstance.py:1205} INFO - Marking task as SUCCESS. dag_id=retrain_PWU_dag, task_id=train_PWU, execution_date=20250521T184817, start_date=20250521T184819, end_date=20250521T185033
[2025-05-21T18:50:33.650+0000] {local_task_job_runner.py:240} INFO - Task exited with return code 0
[2025-05-21T18:50:33.726+0000] {taskinstance.py:3482} INFO - 1 downstream tasks scheduled from follow-on schedule check
[2025-05-21T18:50:33.731+0000] {local_task_job_runner.py:222} INFO - ::endgroup::
