[2025-05-13T03:40:49.996+0000] {local_task_job_runner.py:120} INFO - ::group::Pre task execution logs
[2025-05-13T03:40:50.026+0000] {taskinstance.py:2073} INFO - Dependencies all met for dep_context=non-requeueable deps ti=<TaskInstance: retrain_PWU_dag.train_PWU manual__2025-05-13T03:40:49.074732+00:00 [queued]>
[2025-05-13T03:40:50.035+0000] {taskinstance.py:2073} INFO - Dependencies all met for dep_context=requeueable deps ti=<TaskInstance: retrain_PWU_dag.train_PWU manual__2025-05-13T03:40:49.074732+00:00 [queued]>
[2025-05-13T03:40:50.035+0000] {taskinstance.py:2303} INFO - Starting attempt 1 of 1
[2025-05-13T03:40:50.050+0000] {taskinstance.py:2327} INFO - Executing <Task(BashOperator): train_PWU> on 2025-05-13 03:40:49.074732+00:00
[2025-05-13T03:40:50.057+0000] {standard_task_runner.py:90} INFO - Running: ['***', 'tasks', 'run', 'retrain_PWU_dag', 'train_PWU', 'manual__2025-05-13T03:40:49.074732+00:00', '--job-id', '7', '--raw', '--subdir', 'DAGS_FOLDER/retrain_PWU_dag.py', '--cfg-path', '/tmp/tmpv64snzs6']
[2025-05-13T03:40:50.059+0000] {standard_task_runner.py:91} INFO - Job 7: Subtask train_PWU
[2025-05-13T03:40:50.061+0000] {logging_mixin.py:188} WARNING - /home/***/.local/lib/python3.12/site-packages/***/task/task_runner/standard_task_runner.py:61 DeprecationWarning: This process (pid=274) is multi-threaded, use of fork() may lead to deadlocks in the child.
[2025-05-13T03:40:50.062+0000] {standard_task_runner.py:63} INFO - Started process 276 to run task
[2025-05-13T03:40:50.107+0000] {task_command.py:426} INFO - Running <TaskInstance: retrain_PWU_dag.train_PWU manual__2025-05-13T03:40:49.074732+00:00 [running]> on host e27023c184cc
[2025-05-13T03:40:50.183+0000] {taskinstance.py:2644} INFO - Exporting env vars: AIRFLOW_CTX_DAG_OWNER='***' AIRFLOW_CTX_DAG_ID='retrain_PWU_dag' AIRFLOW_CTX_TASK_ID='train_PWU' AIRFLOW_CTX_EXECUTION_DATE='2025-05-13T03:40:49.074732+00:00' AIRFLOW_CTX_TRY_NUMBER='1' AIRFLOW_CTX_DAG_RUN_ID='manual__2025-05-13T03:40:49.074732+00:00'
[2025-05-13T03:40:50.184+0000] {taskinstance.py:430} INFO - ::endgroup::
[2025-05-13T03:40:50.197+0000] {subprocess.py:63} INFO - Tmp dir root location: /tmp
[2025-05-13T03:40:50.198+0000] {subprocess.py:75} INFO - Running command: ['/usr/bin/bash', '-c', 'python /opt/***/scripts/train_PWU.py']
[2025-05-13T03:40:50.206+0000] {subprocess.py:86} INFO - Output:
[2025-05-13T03:43:02.528+0000] {local_task_job_runner.py:124} ERROR - Received SIGTERM. Terminating subprocesses
[2025-05-13T03:43:02.549+0000] {process_utils.py:132} INFO - Sending 15 to group 276. PIDs of all processes in the group: [278, 276]
[2025-05-13T03:43:02.553+0000] {process_utils.py:87} INFO - Sending the signal 15 to group 276
[2025-05-13T03:43:02.556+0000] {taskinstance.py:2607} ERROR - Received SIGTERM. Terminating subprocesses.
[2025-05-13T03:43:02.557+0000] {subprocess.py:104} INFO - Sending SIGTERM signal to process group
[2025-05-13T03:43:02.558+0000] {taskinstance.py:441} INFO - ::group::Post task execution logs
[2025-05-13T03:43:02.579+0000] {taskinstance.py:2890} ERROR - Task failed with exception
Traceback (most recent call last):
  File "/home/airflow/.local/lib/python3.12/site-packages/airflow/models/taskinstance.py", line 465, in _execute_task
    result = _execute_callable(context=context, **execute_callable_kwargs)
             ^^^^^^^^^^^^^^^^^^^^^^^^^^^^^^^^^^^^^^^^^^^^^^^^^^^^^^^^^^^^^
  File "/home/airflow/.local/lib/python3.12/site-packages/airflow/models/taskinstance.py", line 432, in _execute_callable
    return execute_callable(context=context, **execute_callable_kwargs)
           ^^^^^^^^^^^^^^^^^^^^^^^^^^^^^^^^^^^^^^^^^^^^^^^^^^^^^^^^^^^^
  File "/home/airflow/.local/lib/python3.12/site-packages/airflow/models/baseoperator.py", line 400, in wrapper
    return func(self, *args, **kwargs)
           ^^^^^^^^^^^^^^^^^^^^^^^^^^^
  File "/home/airflow/.local/lib/python3.12/site-packages/airflow/operators/bash.py", line 234, in execute
    result = self.subprocess_hook.run_command(
             ^^^^^^^^^^^^^^^^^^^^^^^^^^^^^^^^^
  File "/home/airflow/.local/lib/python3.12/site-packages/airflow/hooks/subprocess.py", line 91, in run_command
    for raw_line in iter(self.sub_process.stdout.readline, b""):
  File "/home/airflow/.local/lib/python3.12/site-packages/airflow/models/taskinstance.py", line 2609, in signal_handler
    raise AirflowTaskTerminated("Task received SIGTERM signal")
airflow.exceptions.AirflowTaskTerminated: Task received SIGTERM signal
[2025-05-13T03:43:02.585+0000] {taskinstance.py:1205} INFO - Marking task as FAILED. dag_id=retrain_PWU_dag, task_id=train_PWU, execution_date=20250513T034049, start_date=20250513T034050, end_date=20250513T034302
[2025-05-13T03:43:02.661+0000] {process_utils.py:80} INFO - Process psutil.Process(pid=278, status='terminated', started='03:40:49') (278) terminated with exit code None
[2025-05-13T03:43:02.662+0000] {process_utils.py:80} INFO - Process psutil.Process(pid=276, status='terminated', exitcode=2, started='03:40:49') (276) terminated with exit code 2
[2025-05-13T03:43:02.662+0000] {local_task_job_runner.py:240} INFO - Task exited with return code 143
[2025-05-13T03:43:02.693+0000] {taskinstance.py:3482} INFO - 0 downstream tasks scheduled from follow-on schedule check
