[2025-05-21T17:06:13.666+0000] {local_task_job_runner.py:120} INFO - ::group::Pre task execution logs
[2025-05-21T17:06:13.707+0000] {taskinstance.py:2073} INFO - Dependencies all met for dep_context=non-requeueable deps ti=<TaskInstance: monitor_T3.monitor_model manual__2025-05-21T17:06:12.673430+00:00 [queued]>
[2025-05-21T17:06:13.720+0000] {taskinstance.py:2073} INFO - Dependencies all met for dep_context=requeueable deps ti=<TaskInstance: monitor_T3.monitor_model manual__2025-05-21T17:06:12.673430+00:00 [queued]>
[2025-05-21T17:06:13.722+0000] {taskinstance.py:2303} INFO - Starting attempt 1 of 1
[2025-05-21T17:06:13.762+0000] {taskinstance.py:2327} INFO - Executing <Task(PythonOperator): monitor_model> on 2025-05-21 17:06:12.673430+00:00
[2025-05-21T17:06:13.781+0000] {logging_mixin.py:188} WARNING - /home/***/.local/lib/python3.12/site-packages/***/task/task_runner/standard_task_runner.py:61 DeprecationWarning: This process (pid=206) is multi-threaded, use of fork() may lead to deadlocks in the child.
[2025-05-21T17:06:13.780+0000] {standard_task_runner.py:90} INFO - Running: ['***', 'tasks', 'run', 'monitor_T3', 'monitor_model', 'manual__2025-05-21T17:06:12.673430+00:00', '--job-id', '37', '--raw', '--subdir', 'DAGS_FOLDER/monitor_T3.py', '--cfg-path', '/tmp/tmpklqxyba3']
[2025-05-21T17:06:13.783+0000] {standard_task_runner.py:63} INFO - Started process 207 to run task
[2025-05-21T17:06:13.787+0000] {standard_task_runner.py:91} INFO - Job 37: Subtask monitor_model
[2025-05-21T17:06:13.886+0000] {task_command.py:426} INFO - Running <TaskInstance: monitor_T3.monitor_model manual__2025-05-21T17:06:12.673430+00:00 [running]> on host 7079ad9df0cf
[2025-05-21T17:06:14.034+0000] {taskinstance.py:2644} INFO - Exporting env vars: AIRFLOW_CTX_DAG_OWNER='***' AIRFLOW_CTX_DAG_ID='monitor_T3' AIRFLOW_CTX_TASK_ID='monitor_model' AIRFLOW_CTX_EXECUTION_DATE='2025-05-21T17:06:12.673430+00:00' AIRFLOW_CTX_TRY_NUMBER='1' AIRFLOW_CTX_DAG_RUN_ID='manual__2025-05-21T17:06:12.673430+00:00'
[2025-05-21T17:06:14.035+0000] {taskinstance.py:430} INFO - ::endgroup::
[2025-05-21T17:06:14.063+0000] {taskinstance.py:441} INFO - ::group::Post task execution logs
[2025-05-21T17:06:14.065+0000] {taskinstance.py:2890} ERROR - Task failed with exception
Traceback (most recent call last):
  File "/home/airflow/.local/lib/python3.12/site-packages/airflow/models/taskinstance.py", line 465, in _execute_task
    result = _execute_callable(context=context, **execute_callable_kwargs)
             ^^^^^^^^^^^^^^^^^^^^^^^^^^^^^^^^^^^^^^^^^^^^^^^^^^^^^^^^^^^^^
  File "/home/airflow/.local/lib/python3.12/site-packages/airflow/models/taskinstance.py", line 432, in _execute_callable
    return execute_callable(context=context, **execute_callable_kwargs)
           ^^^^^^^^^^^^^^^^^^^^^^^^^^^^^^^^^^^^^^^^^^^^^^^^^^^^^^^^^^^^
  File "/home/airflow/.local/lib/python3.12/site-packages/airflow/models/baseoperator.py", line 400, in wrapper
    return func(self, *args, **kwargs)
           ^^^^^^^^^^^^^^^^^^^^^^^^^^^
  File "/home/airflow/.local/lib/python3.12/site-packages/airflow/operators/python.py", line 235, in execute
    return_value = self.execute_callable()
                   ^^^^^^^^^^^^^^^^^^^^^^^
  File "/home/airflow/.local/lib/python3.12/site-packages/airflow/operators/python.py", line 252, in execute_callable
    return self.python_callable(*self.op_args, **self.op_kwargs)
           ^^^^^^^^^^^^^^^^^^^^^^^^^^^^^^^^^^^^^^^^^^^^^^^^^^^^^
  File "/opt/airflow/dags/monitor_T3.py", line 24, in monitor_model
    raise Exception("Flask prediction failed.")
Exception: Flask prediction failed.
[2025-05-21T17:06:14.077+0000] {taskinstance.py:1205} INFO - Marking task as FAILED. dag_id=monitor_T3, task_id=monitor_model, execution_date=20250521T170612, start_date=20250521T170613, end_date=20250521T170614
[2025-05-21T17:06:14.093+0000] {standard_task_runner.py:110} ERROR - Failed to execute job 37 for task monitor_model (Flask prediction failed.; 207)
[2025-05-21T17:06:14.125+0000] {local_task_job_runner.py:240} INFO - Task exited with return code 1
[2025-05-21T17:06:14.152+0000] {taskinstance.py:3482} INFO - 0 downstream tasks scheduled from follow-on schedule check
[2025-05-21T17:06:14.157+0000] {local_task_job_runner.py:222} INFO - ::endgroup::
