[2025-05-14T12:00:05.468+0000] {local_task_job_runner.py:120} INFO - ::group::Pre task execution logs
[2025-05-14T12:00:05.501+0000] {taskinstance.py:2073} INFO - Dependencies all met for dep_context=non-requeueable deps ti=<TaskInstance: retrain_T3_dag.train_T3 manual__2025-05-14T12:00:04.502210+00:00 [queued]>
[2025-05-14T12:00:05.510+0000] {taskinstance.py:2073} INFO - Dependencies all met for dep_context=requeueable deps ti=<TaskInstance: retrain_T3_dag.train_T3 manual__2025-05-14T12:00:04.502210+00:00 [queued]>
[2025-05-14T12:00:05.511+0000] {taskinstance.py:2303} INFO - Starting attempt 1 of 1
[2025-05-14T12:00:05.528+0000] {taskinstance.py:2327} INFO - Executing <Task(BashOperator): train_T3> on 2025-05-14 12:00:04.502210+00:00
[2025-05-14T12:00:05.535+0000] {standard_task_runner.py:90} INFO - Running: ['***', 'tasks', 'run', 'retrain_T3_dag', 'train_T3', 'manual__2025-05-14T12:00:04.502210+00:00', '--job-id', '29', '--raw', '--subdir', 'DAGS_FOLDER/retrain_T3_dag.py', '--cfg-path', '/tmp/tmpjhh45i5a']
[2025-05-14T12:00:05.539+0000] {standard_task_runner.py:91} INFO - Job 29: Subtask train_T3
[2025-05-14T12:00:05.545+0000] {logging_mixin.py:188} WARNING - /home/***/.local/lib/python3.12/site-packages/***/task/task_runner/standard_task_runner.py:61 DeprecationWarning: This process (pid=2415) is multi-threaded, use of fork() may lead to deadlocks in the child.
[2025-05-14T12:00:05.546+0000] {standard_task_runner.py:63} INFO - Started process 2417 to run task
[2025-05-14T12:00:05.600+0000] {task_command.py:426} INFO - Running <TaskInstance: retrain_T3_dag.train_T3 manual__2025-05-14T12:00:04.502210+00:00 [running]> on host 57cf39d9f769
[2025-05-14T12:00:05.710+0000] {taskinstance.py:2644} INFO - Exporting env vars: AIRFLOW_CTX_DAG_OWNER='***' AIRFLOW_CTX_DAG_ID='retrain_T3_dag' AIRFLOW_CTX_TASK_ID='train_T3' AIRFLOW_CTX_EXECUTION_DATE='2025-05-14T12:00:04.502210+00:00' AIRFLOW_CTX_TRY_NUMBER='1' AIRFLOW_CTX_DAG_RUN_ID='manual__2025-05-14T12:00:04.502210+00:00'
[2025-05-14T12:00:05.712+0000] {taskinstance.py:430} INFO - ::endgroup::
[2025-05-14T12:00:05.732+0000] {subprocess.py:63} INFO - Tmp dir root location: /tmp
[2025-05-14T12:00:05.733+0000] {subprocess.py:75} INFO - Running command: ['/usr/bin/bash', '-c', 'python /opt/***/scripts/train_T3.py']
[2025-05-14T12:00:05.745+0000] {subprocess.py:86} INFO - Output:
[2025-05-14T12:00:19.490+0000] {subprocess.py:93} INFO - /opt/***/scripts/train_T3.py:40: UserWarning: Creating a tensor from a list of numpy.ndarrays is extremely slow. Please consider converting the list to a single numpy.ndarray with numpy.array() before converting to a tensor. (Triggered internally at /pytorch/torch/csrc/utils/tensor_new.cpp:254.)
[2025-05-14T12:00:19.492+0000] {subprocess.py:93} INFO -   return torch.FloatTensor(X), torch.FloatTensor(Y)
[2025-05-14T12:03:40.006+0000] {subprocess.py:93} INFO - [Epoch 1] Loss: 0.0636
[2025-05-14T12:03:40.008+0000] {subprocess.py:93} INFO - [✅ Saved] Trained model → /models/T3/model.pth
[2025-05-14T12:03:43.407+0000] {subprocess.py:97} INFO - Command exited with return code 0
[2025-05-14T12:03:43.806+0000] {taskinstance.py:441} INFO - ::group::Post task execution logs
[2025-05-14T12:03:44.300+0000] {taskinstance.py:1205} INFO - Marking task as SUCCESS. dag_id=retrain_T3_dag, task_id=train_T3, execution_date=20250514T120004, start_date=20250514T120005, end_date=20250514T120344
[2025-05-14T12:03:44.564+0000] {local_task_job_runner.py:240} INFO - Task exited with return code 0
[2025-05-14T12:03:44.746+0000] {taskinstance.py:3482} INFO - 1 downstream tasks scheduled from follow-on schedule check
[2025-05-14T12:03:44.864+0000] {local_task_job_runner.py:222} INFO - ::endgroup::
