[2025-05-13T03:35:19.999+0000] {local_task_job_runner.py:120} INFO - ::group::Pre task execution logs
[2025-05-13T03:35:20.036+0000] {taskinstance.py:2073} INFO - Dependencies all met for dep_context=non-requeueable deps ti=<TaskInstance: retrain_T3_dag.train_T3 manual__2025-05-13T03:35:06.234112+00:00 [queued]>
[2025-05-13T03:35:20.045+0000] {taskinstance.py:2073} INFO - Dependencies all met for dep_context=requeueable deps ti=<TaskInstance: retrain_T3_dag.train_T3 manual__2025-05-13T03:35:06.234112+00:00 [queued]>
[2025-05-13T03:35:20.046+0000] {taskinstance.py:2303} INFO - Starting attempt 1 of 1
[2025-05-13T03:35:20.063+0000] {taskinstance.py:2327} INFO - Executing <Task(BashOperator): train_T3> on 2025-05-13 03:35:06.234112+00:00
[2025-05-13T03:35:20.069+0000] {standard_task_runner.py:90} INFO - Running: ['***', 'tasks', 'run', 'retrain_T3_dag', 'train_T3', 'manual__2025-05-13T03:35:06.234112+00:00', '--job-id', '5', '--raw', '--subdir', 'DAGS_FOLDER/retrain_T3_dag.py', '--cfg-path', '/tmp/tmp_jdqwd_l']
[2025-05-13T03:35:20.071+0000] {standard_task_runner.py:91} INFO - Job 5: Subtask train_T3
[2025-05-13T03:35:20.075+0000] {logging_mixin.py:188} WARNING - /home/***/.local/lib/python3.12/site-packages/***/task/task_runner/standard_task_runner.py:61 DeprecationWarning: This process (pid=230) is multi-threaded, use of fork() may lead to deadlocks in the child.
[2025-05-13T03:35:20.076+0000] {standard_task_runner.py:63} INFO - Started process 231 to run task
[2025-05-13T03:35:20.124+0000] {task_command.py:426} INFO - Running <TaskInstance: retrain_T3_dag.train_T3 manual__2025-05-13T03:35:06.234112+00:00 [running]> on host aeacfd01479d
[2025-05-13T03:35:20.284+0000] {taskinstance.py:2644} INFO - Exporting env vars: AIRFLOW_CTX_DAG_OWNER='***' AIRFLOW_CTX_DAG_ID='retrain_T3_dag' AIRFLOW_CTX_TASK_ID='train_T3' AIRFLOW_CTX_EXECUTION_DATE='2025-05-13T03:35:06.234112+00:00' AIRFLOW_CTX_TRY_NUMBER='1' AIRFLOW_CTX_DAG_RUN_ID='manual__2025-05-13T03:35:06.234112+00:00'
[2025-05-13T03:35:20.288+0000] {taskinstance.py:430} INFO - ::endgroup::
[2025-05-13T03:35:20.321+0000] {subprocess.py:63} INFO - Tmp dir root location: /tmp
[2025-05-13T03:35:20.323+0000] {subprocess.py:75} INFO - Running command: ['/usr/bin/bash', '-c', 'python /opt/***/scripts/train_T3.py']
[2025-05-13T03:35:20.338+0000] {subprocess.py:86} INFO - Output:
[2025-05-13T03:35:20.505+0000] {subprocess.py:93} INFO - Traceback (most recent call last):
[2025-05-13T03:35:20.506+0000] {subprocess.py:93} INFO -   File "/opt/***/scripts/train_T3.py", line 3, in <module>
[2025-05-13T03:35:20.507+0000] {subprocess.py:93} INFO -     import torch
[2025-05-13T03:35:20.508+0000] {subprocess.py:93} INFO - ModuleNotFoundError: No module named 'torch'
[2025-05-13T03:35:20.512+0000] {subprocess.py:97} INFO - Command exited with return code 1
[2025-05-13T03:35:20.513+0000] {taskinstance.py:441} INFO - ::group::Post task execution logs
[2025-05-13T03:35:20.528+0000] {taskinstance.py:2890} ERROR - Task failed with exception
Traceback (most recent call last):
  File "/home/airflow/.local/lib/python3.12/site-packages/airflow/models/taskinstance.py", line 465, in _execute_task
    result = _execute_callable(context=context, **execute_callable_kwargs)
             ^^^^^^^^^^^^^^^^^^^^^^^^^^^^^^^^^^^^^^^^^^^^^^^^^^^^^^^^^^^^^
  File "/home/airflow/.local/lib/python3.12/site-packages/airflow/models/taskinstance.py", line 432, in _execute_callable
    return execute_callable(context=context, **execute_callable_kwargs)
           ^^^^^^^^^^^^^^^^^^^^^^^^^^^^^^^^^^^^^^^^^^^^^^^^^^^^^^^^^^^^
  File "/home/airflow/.local/lib/python3.12/site-packages/airflow/models/baseoperator.py", line 400, in wrapper
    return func(self, *args, **kwargs)
           ^^^^^^^^^^^^^^^^^^^^^^^^^^^
  File "/home/airflow/.local/lib/python3.12/site-packages/airflow/operators/bash.py", line 243, in execute
    raise AirflowException(
airflow.exceptions.AirflowException: Bash command failed. The command returned a non-zero exit code 1.
[2025-05-13T03:35:20.534+0000] {taskinstance.py:1205} INFO - Marking task as FAILED. dag_id=retrain_T3_dag, task_id=train_T3, execution_date=20250513T033506, start_date=20250513T033520, end_date=20250513T033520
[2025-05-13T03:35:20.553+0000] {standard_task_runner.py:110} ERROR - Failed to execute job 5 for task train_T3 (Bash command failed. The command returned a non-zero exit code 1.; 231)
[2025-05-13T03:35:20.578+0000] {local_task_job_runner.py:240} INFO - Task exited with return code 1
[2025-05-13T03:35:20.612+0000] {taskinstance.py:3482} INFO - 0 downstream tasks scheduled from follow-on schedule check
[2025-05-13T03:35:20.616+0000] {local_task_job_runner.py:222} INFO - ::endgroup::
