[2025-05-21T17:46:54.176+0000] {local_task_job_runner.py:120} INFO - ::group::Pre task execution logs
[2025-05-21T17:46:54.219+0000] {taskinstance.py:2073} INFO - Dependencies all met for dep_context=non-requeueable deps ti=<TaskInstance: retrain_PWU_dag.train_PWU manual__2025-05-21T17:46:53.313392+00:00 [queued]>
[2025-05-21T17:46:54.229+0000] {taskinstance.py:2073} INFO - Dependencies all met for dep_context=requeueable deps ti=<TaskInstance: retrain_PWU_dag.train_PWU manual__2025-05-21T17:46:53.313392+00:00 [queued]>
[2025-05-21T17:46:54.230+0000] {taskinstance.py:2303} INFO - Starting attempt 1 of 1
[2025-05-21T17:46:54.246+0000] {taskinstance.py:2327} INFO - Executing <Task(BashOperator): train_PWU> on 2025-05-21 17:46:53.313392+00:00
[2025-05-21T17:46:54.255+0000] {standard_task_runner.py:90} INFO - Running: ['***', 'tasks', 'run', 'retrain_PWU_dag', 'train_PWU', 'manual__2025-05-21T17:46:53.313392+00:00', '--job-id', '54', '--raw', '--subdir', 'DAGS_FOLDER/retrain_PWU_dag.py', '--cfg-path', '/tmp/tmprjsd0lt_']
[2025-05-21T17:46:54.258+0000] {standard_task_runner.py:91} INFO - Job 54: Subtask train_PWU
[2025-05-21T17:46:54.262+0000] {logging_mixin.py:188} WARNING - /home/***/.local/lib/python3.12/site-packages/***/task/task_runner/standard_task_runner.py:61 DeprecationWarning: This process (pid=212) is multi-threaded, use of fork() may lead to deadlocks in the child.
[2025-05-21T17:46:54.264+0000] {standard_task_runner.py:63} INFO - Started process 226 to run task
[2025-05-21T17:46:54.310+0000] {task_command.py:426} INFO - Running <TaskInstance: retrain_PWU_dag.train_PWU manual__2025-05-21T17:46:53.313392+00:00 [running]> on host 6e18bed017cf
[2025-05-21T17:46:54.410+0000] {taskinstance.py:2644} INFO - Exporting env vars: AIRFLOW_CTX_DAG_OWNER='***' AIRFLOW_CTX_DAG_ID='retrain_PWU_dag' AIRFLOW_CTX_TASK_ID='train_PWU' AIRFLOW_CTX_EXECUTION_DATE='2025-05-21T17:46:53.313392+00:00' AIRFLOW_CTX_TRY_NUMBER='1' AIRFLOW_CTX_DAG_RUN_ID='manual__2025-05-21T17:46:53.313392+00:00'
[2025-05-21T17:46:54.412+0000] {taskinstance.py:430} INFO - ::endgroup::
[2025-05-21T17:46:54.427+0000] {subprocess.py:63} INFO - Tmp dir root location: /tmp
[2025-05-21T17:46:54.429+0000] {subprocess.py:75} INFO - Running command: ['/usr/bin/bash', '-c', 'python /opt/***/scripts/train_PWU.py']
[2025-05-21T17:46:54.438+0000] {subprocess.py:86} INFO - Output:
[2025-05-21T17:48:46.627+0000] {subprocess.py:93} INFO - [Epoch 1] Loss: 0.0116
[2025-05-21T17:48:46.628+0000] {subprocess.py:93} INFO - [✅ Saved] Trained model → /models/PWU/model.pth
[2025-05-21T17:48:47.686+0000] {subprocess.py:97} INFO - Command exited with return code 0
[2025-05-21T17:48:47.687+0000] {taskinstance.py:441} INFO - ::group::Post task execution logs
[2025-05-21T17:48:47.716+0000] {taskinstance.py:1205} INFO - Marking task as SUCCESS. dag_id=retrain_PWU_dag, task_id=train_PWU, execution_date=20250521T174653, start_date=20250521T174654, end_date=20250521T174847
[2025-05-21T17:48:47.762+0000] {local_task_job_runner.py:240} INFO - Task exited with return code 0
[2025-05-21T17:48:47.783+0000] {taskinstance.py:3482} INFO - 1 downstream tasks scheduled from follow-on schedule check
[2025-05-21T17:48:47.788+0000] {local_task_job_runner.py:222} INFO - ::endgroup::
