[2025-05-12T11:00:08.712+0000] {local_task_job_runner.py:120} INFO - ::group::Pre task execution logs
[2025-05-12T11:00:08.801+0000] {taskinstance.py:2073} INFO - Dependencies all met for dep_context=non-requeueable deps ti=<TaskInstance: retrain_PWU_dag.train_PWU manual__2025-05-12T11:00:06.625278+00:00 [queued]>
[2025-05-12T11:00:08.824+0000] {taskinstance.py:2073} INFO - Dependencies all met for dep_context=requeueable deps ti=<TaskInstance: retrain_PWU_dag.train_PWU manual__2025-05-12T11:00:06.625278+00:00 [queued]>
[2025-05-12T11:00:08.825+0000] {taskinstance.py:2303} INFO - Starting attempt 1 of 1
[2025-05-12T11:00:08.864+0000] {taskinstance.py:2327} INFO - Executing <Task(BashOperator): train_PWU> on 2025-05-12 11:00:06.625278+00:00
[2025-05-12T11:00:08.877+0000] {standard_task_runner.py:90} INFO - Running: ['***', 'tasks', 'run', 'retrain_PWU_dag', 'train_PWU', 'manual__2025-05-12T11:00:06.625278+00:00', '--job-id', '49', '--raw', '--subdir', 'DAGS_FOLDER/retrain_PWU_dag.py', '--cfg-path', '/tmp/tmpnnpep1h2']
[2025-05-12T11:00:08.880+0000] {standard_task_runner.py:91} INFO - Job 49: Subtask train_PWU
[2025-05-12T11:00:08.889+0000] {logging_mixin.py:188} WARNING - /home/***/.local/lib/python3.12/site-packages/***/task/task_runner/standard_task_runner.py:61 DeprecationWarning: This process (pid=10189) is multi-threaded, use of fork() may lead to deadlocks in the child.
[2025-05-12T11:00:08.890+0000] {standard_task_runner.py:63} INFO - Started process 10190 to run task
[2025-05-12T11:00:08.946+0000] {task_command.py:426} INFO - Running <TaskInstance: retrain_PWU_dag.train_PWU manual__2025-05-12T11:00:06.625278+00:00 [running]> on host b3690c8add92
[2025-05-12T11:00:09.140+0000] {taskinstance.py:2644} INFO - Exporting env vars: AIRFLOW_CTX_DAG_OWNER='***' AIRFLOW_CTX_DAG_ID='retrain_PWU_dag' AIRFLOW_CTX_TASK_ID='train_PWU' AIRFLOW_CTX_EXECUTION_DATE='2025-05-12T11:00:06.625278+00:00' AIRFLOW_CTX_TRY_NUMBER='1' AIRFLOW_CTX_DAG_RUN_ID='manual__2025-05-12T11:00:06.625278+00:00'
[2025-05-12T11:00:09.142+0000] {taskinstance.py:430} INFO - ::endgroup::
[2025-05-12T11:00:09.186+0000] {subprocess.py:63} INFO - Tmp dir root location: /tmp
[2025-05-12T11:00:09.189+0000] {subprocess.py:75} INFO - Running command: ['/usr/bin/bash', '-c', 'python /opt/***/scripts/train_PWU.py']
[2025-05-12T11:00:09.202+0000] {subprocess.py:86} INFO - Output:
[2025-05-12T11:16:24.738+0000] {subprocess.py:93} INFO - [Epoch 1] Loss: 0.0111
[2025-05-12T11:16:24.739+0000] {subprocess.py:93} INFO - [✅ Saved] Trained model → /opt/***/data/models/PWU/model.pth
[2025-05-12T11:16:26.085+0000] {subprocess.py:97} INFO - Command exited with return code 0
[2025-05-12T11:16:26.087+0000] {taskinstance.py:441} INFO - ::group::Post task execution logs
[2025-05-12T11:16:26.138+0000] {taskinstance.py:1205} INFO - Marking task as SUCCESS. dag_id=retrain_PWU_dag, task_id=train_PWU, execution_date=20250512T110006, start_date=20250512T110008, end_date=20250512T111626
[2025-05-12T11:16:26.179+0000] {local_task_job_runner.py:240} INFO - Task exited with return code 0
[2025-05-12T11:16:26.217+0000] {taskinstance.py:3482} INFO - 1 downstream tasks scheduled from follow-on schedule check
[2025-05-12T11:16:26.224+0000] {local_task_job_runner.py:222} INFO - ::endgroup::
