[2025-05-21T14:00:02.970+0000] {local_task_job_runner.py:120} INFO - ::group::Pre task execution logs
[2025-05-21T14:00:03.030+0000] {taskinstance.py:2073} INFO - Dependencies all met for dep_context=non-requeueable deps ti=<TaskInstance: monitor_T3.trigger_retrain scheduled__2025-05-21T13:00:00+00:00 [queued]>
[2025-05-21T14:00:03.051+0000] {taskinstance.py:2073} INFO - Dependencies all met for dep_context=requeueable deps ti=<TaskInstance: monitor_T3.trigger_retrain scheduled__2025-05-21T13:00:00+00:00 [queued]>
[2025-05-21T14:00:03.052+0000] {taskinstance.py:2303} INFO - Starting attempt 1 of 1
[2025-05-21T14:00:03.078+0000] {taskinstance.py:2327} INFO - Executing <Task(TriggerDagRunOperator): trigger_retrain> on 2025-05-21 13:00:00+00:00
[2025-05-21T14:00:03.089+0000] {standard_task_runner.py:90} INFO - Running: ['***', 'tasks', 'run', 'monitor_T3', 'trigger_retrain', 'scheduled__2025-05-21T13:00:00+00:00', '--job-id', '38', '--raw', '--subdir', 'DAGS_FOLDER/monitor_T3.py', '--cfg-path', '/tmp/tmpkjkzj7lu']
[2025-05-21T14:00:03.093+0000] {standard_task_runner.py:91} INFO - Job 38: Subtask trigger_retrain
[2025-05-21T14:00:03.097+0000] {logging_mixin.py:188} WARNING - /home/***/.local/lib/python3.12/site-packages/***/task/task_runner/standard_task_runner.py:61 DeprecationWarning: This process (pid=310) is multi-threaded, use of fork() may lead to deadlocks in the child.
[2025-05-21T14:00:03.099+0000] {standard_task_runner.py:63} INFO - Started process 311 to run task
[2025-05-21T14:00:03.173+0000] {task_command.py:426} INFO - Running <TaskInstance: monitor_T3.trigger_retrain scheduled__2025-05-21T13:00:00+00:00 [running]> on host 3e2b91e6624b
[2025-05-21T14:00:03.325+0000] {taskinstance.py:2644} INFO - Exporting env vars: AIRFLOW_CTX_DAG_OWNER='***' AIRFLOW_CTX_DAG_ID='monitor_T3' AIRFLOW_CTX_TASK_ID='trigger_retrain' AIRFLOW_CTX_EXECUTION_DATE='2025-05-21T13:00:00+00:00' AIRFLOW_CTX_TRY_NUMBER='1' AIRFLOW_CTX_DAG_RUN_ID='scheduled__2025-05-21T13:00:00+00:00'
[2025-05-21T14:00:03.327+0000] {taskinstance.py:430} INFO - ::endgroup::
[2025-05-21T14:00:03.452+0000] {taskinstance.py:441} INFO - ::group::Post task execution logs
[2025-05-21T14:00:03.464+0000] {taskinstance.py:1205} INFO - Marking task as SUCCESS. dag_id=monitor_T3, task_id=trigger_retrain, execution_date=20250521T130000, start_date=20250521T140003, end_date=20250521T140003
[2025-05-21T14:00:03.516+0000] {local_task_job_runner.py:240} INFO - Task exited with return code 0
[2025-05-21T14:00:03.542+0000] {taskinstance.py:3482} INFO - 0 downstream tasks scheduled from follow-on schedule check
[2025-05-21T14:00:03.547+0000] {local_task_job_runner.py:222} INFO - ::endgroup::
[2025-05-21T14:04:31.666+0000] {local_task_job_runner.py:120} INFO - ::group::Pre task execution logs
[2025-05-21T14:04:31.749+0000] {taskinstance.py:2073} INFO - Dependencies all met for dep_context=non-requeueable deps ti=<TaskInstance: monitor_T3.trigger_retrain scheduled__2025-05-21T13:00:00+00:00 [queued]>
[2025-05-21T14:04:31.770+0000] {taskinstance.py:2073} INFO - Dependencies all met for dep_context=requeueable deps ti=<TaskInstance: monitor_T3.trigger_retrain scheduled__2025-05-21T13:00:00+00:00 [queued]>
[2025-05-21T14:04:31.770+0000] {taskinstance.py:2303} INFO - Starting attempt 1 of 1
[2025-05-21T14:04:31.810+0000] {taskinstance.py:2327} INFO - Executing <Task(TriggerDagRunOperator): trigger_retrain> on 2025-05-21 13:00:00+00:00
[2025-05-21T14:04:31.830+0000] {logging_mixin.py:188} WARNING - /home/***/.local/lib/python3.12/site-packages/***/task/task_runner/standard_task_runner.py:61 DeprecationWarning: This process (pid=232) is multi-threaded, use of fork() may lead to deadlocks in the child.
[2025-05-21T14:04:31.836+0000] {standard_task_runner.py:63} INFO - Started process 235 to run task
[2025-05-21T14:04:31.827+0000] {standard_task_runner.py:90} INFO - Running: ['***', 'tasks', 'run', 'monitor_T3', 'trigger_retrain', 'scheduled__2025-05-21T13:00:00+00:00', '--job-id', '7', '--raw', '--subdir', 'DAGS_FOLDER/monitor_T3.py', '--cfg-path', '/tmp/tmpa4z7e9pd']
[2025-05-21T14:04:31.840+0000] {standard_task_runner.py:91} INFO - Job 7: Subtask trigger_retrain
[2025-05-21T14:04:31.940+0000] {task_command.py:426} INFO - Running <TaskInstance: monitor_T3.trigger_retrain scheduled__2025-05-21T13:00:00+00:00 [running]> on host 4c17401f2ea2
[2025-05-21T14:04:32.125+0000] {taskinstance.py:2644} INFO - Exporting env vars: AIRFLOW_CTX_DAG_OWNER='***' AIRFLOW_CTX_DAG_ID='monitor_T3' AIRFLOW_CTX_TASK_ID='trigger_retrain' AIRFLOW_CTX_EXECUTION_DATE='2025-05-21T13:00:00+00:00' AIRFLOW_CTX_TRY_NUMBER='1' AIRFLOW_CTX_DAG_RUN_ID='scheduled__2025-05-21T13:00:00+00:00'
[2025-05-21T14:04:32.129+0000] {taskinstance.py:430} INFO - ::endgroup::
[2025-05-21T14:04:32.308+0000] {taskinstance.py:441} INFO - ::group::Post task execution logs
[2025-05-21T14:04:32.325+0000] {taskinstance.py:1205} INFO - Marking task as SUCCESS. dag_id=monitor_T3, task_id=trigger_retrain, execution_date=20250521T130000, start_date=20250521T140431, end_date=20250521T140432
[2025-05-21T14:04:32.379+0000] {local_task_job_runner.py:240} INFO - Task exited with return code 0
[2025-05-21T14:04:32.409+0000] {taskinstance.py:3482} INFO - 0 downstream tasks scheduled from follow-on schedule check
[2025-05-21T14:04:32.420+0000] {local_task_job_runner.py:222} INFO - ::endgroup::
