[2025-05-13T03:35:04.934+0000] {local_task_job_runner.py:120} INFO - ::group::Pre task execution logs
[2025-05-13T03:35:04.964+0000] {taskinstance.py:2073} INFO - Dependencies all met for dep_context=non-requeueable deps ti=<TaskInstance: monitor_T3.check_if_retrain_needed scheduled__2025-05-13T02:00:00+00:00 [queued]>
[2025-05-13T03:35:04.972+0000] {taskinstance.py:2073} INFO - Dependencies all met for dep_context=requeueable deps ti=<TaskInstance: monitor_T3.check_if_retrain_needed scheduled__2025-05-13T02:00:00+00:00 [queued]>
[2025-05-13T03:35:04.973+0000] {taskinstance.py:2303} INFO - Starting attempt 1 of 1
[2025-05-13T03:35:04.987+0000] {taskinstance.py:2327} INFO - Executing <Task(BranchPythonOperator): check_if_retrain_needed> on 2025-05-13 02:00:00+00:00
[2025-05-13T03:35:04.993+0000] {standard_task_runner.py:90} INFO - Running: ['***', 'tasks', 'run', 'monitor_T3', 'check_if_retrain_needed', 'scheduled__2025-05-13T02:00:00+00:00', '--job-id', '3', '--raw', '--subdir', 'DAGS_FOLDER/monitor_T3.py', '--cfg-path', '/tmp/tmpa1qnh_xq']
[2025-05-13T03:35:04.995+0000] {standard_task_runner.py:91} INFO - Job 3: Subtask check_if_retrain_needed
[2025-05-13T03:35:04.997+0000] {logging_mixin.py:188} WARNING - /home/***/.local/lib/python3.12/site-packages/***/task/task_runner/standard_task_runner.py:61 DeprecationWarning: This process (pid=226) is multi-threaded, use of fork() may lead to deadlocks in the child.
[2025-05-13T03:35:04.999+0000] {standard_task_runner.py:63} INFO - Started process 227 to run task
[2025-05-13T03:35:05.044+0000] {task_command.py:426} INFO - Running <TaskInstance: monitor_T3.check_if_retrain_needed scheduled__2025-05-13T02:00:00+00:00 [running]> on host aeacfd01479d
[2025-05-13T03:35:05.124+0000] {taskinstance.py:2644} INFO - Exporting env vars: AIRFLOW_CTX_DAG_OWNER='***' AIRFLOW_CTX_DAG_ID='monitor_T3' AIRFLOW_CTX_TASK_ID='check_if_retrain_needed' AIRFLOW_CTX_EXECUTION_DATE='2025-05-13T02:00:00+00:00' AIRFLOW_CTX_TRY_NUMBER='1' AIRFLOW_CTX_DAG_RUN_ID='scheduled__2025-05-13T02:00:00+00:00'
[2025-05-13T03:35:05.125+0000] {taskinstance.py:430} INFO - ::endgroup::
[2025-05-13T03:35:05.145+0000] {baseoperator.py:399} WARNING - BranchPythonOperator.execute cannot be called outside TaskInstance!
[2025-05-13T03:35:05.155+0000] {python.py:237} INFO - Done. Returned value was: trigger_retrain
[2025-05-13T03:35:05.157+0000] {branch.py:36} INFO - Branch into trigger_retrain
[2025-05-13T03:35:05.157+0000] {skipmixin.py:178} INFO - Following branch trigger_retrain
[2025-05-13T03:35:05.173+0000] {skipmixin.py:246} INFO - Skipping tasks [('end', -1)]
[2025-05-13T03:35:05.195+0000] {taskinstance.py:441} INFO - ::group::Post task execution logs
[2025-05-13T03:35:05.210+0000] {taskinstance.py:1205} INFO - Marking task as SUCCESS. dag_id=monitor_T3, task_id=check_if_retrain_needed, execution_date=20250513T020000, start_date=20250513T033504, end_date=20250513T033505
[2025-05-13T03:35:05.253+0000] {local_task_job_runner.py:240} INFO - Task exited with return code 0
[2025-05-13T03:35:05.279+0000] {taskinstance.py:3482} INFO - 1 downstream tasks scheduled from follow-on schedule check
[2025-05-13T03:35:05.281+0000] {local_task_job_runner.py:222} INFO - ::endgroup::
[2025-05-13T03:40:48.873+0000] {local_task_job_runner.py:120} INFO - ::group::Pre task execution logs
[2025-05-13T03:40:48.904+0000] {taskinstance.py:2073} INFO - Dependencies all met for dep_context=non-requeueable deps ti=<TaskInstance: monitor_T3.check_if_retrain_needed scheduled__2025-05-13T02:00:00+00:00 [queued]>
[2025-05-13T03:40:48.916+0000] {taskinstance.py:2073} INFO - Dependencies all met for dep_context=requeueable deps ti=<TaskInstance: monitor_T3.check_if_retrain_needed scheduled__2025-05-13T02:00:00+00:00 [queued]>
[2025-05-13T03:40:48.917+0000] {taskinstance.py:2303} INFO - Starting attempt 1 of 1
[2025-05-13T03:40:48.931+0000] {taskinstance.py:2327} INFO - Executing <Task(BranchPythonOperator): check_if_retrain_needed> on 2025-05-13 02:00:00+00:00
[2025-05-13T03:40:48.938+0000] {standard_task_runner.py:90} INFO - Running: ['***', 'tasks', 'run', 'monitor_T3', 'check_if_retrain_needed', 'scheduled__2025-05-13T02:00:00+00:00', '--job-id', '6', '--raw', '--subdir', 'DAGS_FOLDER/monitor_T3.py', '--cfg-path', '/tmp/tmpnz43uabp']
[2025-05-13T03:40:48.941+0000] {standard_task_runner.py:91} INFO - Job 6: Subtask check_if_retrain_needed
[2025-05-13T03:40:48.942+0000] {logging_mixin.py:188} WARNING - /home/***/.local/lib/python3.12/site-packages/***/task/task_runner/standard_task_runner.py:61 DeprecationWarning: This process (pid=271) is multi-threaded, use of fork() may lead to deadlocks in the child.
[2025-05-13T03:40:48.943+0000] {standard_task_runner.py:63} INFO - Started process 273 to run task
[2025-05-13T03:40:48.990+0000] {task_command.py:426} INFO - Running <TaskInstance: monitor_T3.check_if_retrain_needed scheduled__2025-05-13T02:00:00+00:00 [running]> on host e27023c184cc
[2025-05-13T03:40:49.067+0000] {taskinstance.py:2644} INFO - Exporting env vars: AIRFLOW_CTX_DAG_OWNER='***' AIRFLOW_CTX_DAG_ID='monitor_T3' AIRFLOW_CTX_TASK_ID='check_if_retrain_needed' AIRFLOW_CTX_EXECUTION_DATE='2025-05-13T02:00:00+00:00' AIRFLOW_CTX_TRY_NUMBER='1' AIRFLOW_CTX_DAG_RUN_ID='scheduled__2025-05-13T02:00:00+00:00'
[2025-05-13T03:40:49.068+0000] {taskinstance.py:430} INFO - ::endgroup::
[2025-05-13T03:40:49.081+0000] {baseoperator.py:399} WARNING - BranchPythonOperator.execute cannot be called outside TaskInstance!
[2025-05-13T03:40:49.091+0000] {python.py:237} INFO - Done. Returned value was: trigger_retrain
[2025-05-13T03:40:49.091+0000] {branch.py:36} INFO - Branch into trigger_retrain
[2025-05-13T03:40:49.091+0000] {skipmixin.py:178} INFO - Following branch trigger_retrain
[2025-05-13T03:40:49.106+0000] {skipmixin.py:246} INFO - Skipping tasks [('end', -1)]
[2025-05-13T03:40:49.124+0000] {taskinstance.py:441} INFO - ::group::Post task execution logs
[2025-05-13T03:40:49.139+0000] {taskinstance.py:1205} INFO - Marking task as SUCCESS. dag_id=monitor_T3, task_id=check_if_retrain_needed, execution_date=20250513T020000, start_date=20250513T034048, end_date=20250513T034049
[2025-05-13T03:40:49.157+0000] {local_task_job_runner.py:240} INFO - Task exited with return code 0
[2025-05-13T03:40:49.179+0000] {taskinstance.py:3482} INFO - 1 downstream tasks scheduled from follow-on schedule check
[2025-05-13T03:40:49.181+0000] {local_task_job_runner.py:222} INFO - ::endgroup::
[2025-05-13T03:44:24.907+0000] {local_task_job_runner.py:120} INFO - ::group::Pre task execution logs
[2025-05-13T03:44:24.940+0000] {taskinstance.py:2073} INFO - Dependencies all met for dep_context=non-requeueable deps ti=<TaskInstance: monitor_T3.check_if_retrain_needed scheduled__2025-05-13T02:00:00+00:00 [queued]>
[2025-05-13T03:44:24.949+0000] {taskinstance.py:2073} INFO - Dependencies all met for dep_context=requeueable deps ti=<TaskInstance: monitor_T3.check_if_retrain_needed scheduled__2025-05-13T02:00:00+00:00 [queued]>
[2025-05-13T03:44:24.949+0000] {taskinstance.py:2303} INFO - Starting attempt 1 of 1
[2025-05-13T03:44:24.963+0000] {taskinstance.py:2327} INFO - Executing <Task(BranchPythonOperator): check_if_retrain_needed> on 2025-05-13 02:00:00+00:00
[2025-05-13T03:44:24.970+0000] {standard_task_runner.py:90} INFO - Running: ['***', 'tasks', 'run', 'monitor_T3', 'check_if_retrain_needed', 'scheduled__2025-05-13T02:00:00+00:00', '--job-id', '5', '--raw', '--subdir', 'DAGS_FOLDER/monitor_T3.py', '--cfg-path', '/tmp/tmpr2kp8tjf']
[2025-05-13T03:44:24.973+0000] {standard_task_runner.py:91} INFO - Job 5: Subtask check_if_retrain_needed
[2025-05-13T03:44:24.974+0000] {logging_mixin.py:188} WARNING - /home/***/.local/lib/python3.12/site-packages/***/task/task_runner/standard_task_runner.py:61 DeprecationWarning: This process (pid=190) is multi-threaded, use of fork() may lead to deadlocks in the child.
[2025-05-13T03:44:24.975+0000] {standard_task_runner.py:63} INFO - Started process 192 to run task
[2025-05-13T03:44:25.021+0000] {task_command.py:426} INFO - Running <TaskInstance: monitor_T3.check_if_retrain_needed scheduled__2025-05-13T02:00:00+00:00 [running]> on host 44726ac4e2f5
[2025-05-13T03:44:25.097+0000] {taskinstance.py:2644} INFO - Exporting env vars: AIRFLOW_CTX_DAG_OWNER='***' AIRFLOW_CTX_DAG_ID='monitor_T3' AIRFLOW_CTX_TASK_ID='check_if_retrain_needed' AIRFLOW_CTX_EXECUTION_DATE='2025-05-13T02:00:00+00:00' AIRFLOW_CTX_TRY_NUMBER='1' AIRFLOW_CTX_DAG_RUN_ID='scheduled__2025-05-13T02:00:00+00:00'
[2025-05-13T03:44:25.098+0000] {taskinstance.py:430} INFO - ::endgroup::
[2025-05-13T03:44:25.112+0000] {baseoperator.py:399} WARNING - BranchPythonOperator.execute cannot be called outside TaskInstance!
[2025-05-13T03:44:25.123+0000] {python.py:237} INFO - Done. Returned value was: trigger_retrain
[2025-05-13T03:44:25.123+0000] {branch.py:36} INFO - Branch into trigger_retrain
[2025-05-13T03:44:25.124+0000] {skipmixin.py:178} INFO - Following branch trigger_retrain
[2025-05-13T03:44:25.139+0000] {skipmixin.py:246} INFO - Skipping tasks [('end', -1)]
[2025-05-13T03:44:25.160+0000] {taskinstance.py:441} INFO - ::group::Post task execution logs
[2025-05-13T03:44:25.176+0000] {taskinstance.py:1205} INFO - Marking task as SUCCESS. dag_id=monitor_T3, task_id=check_if_retrain_needed, execution_date=20250513T020000, start_date=20250513T034424, end_date=20250513T034425
[2025-05-13T03:44:25.191+0000] {local_task_job_runner.py:240} INFO - Task exited with return code 0
[2025-05-13T03:44:25.216+0000] {taskinstance.py:3482} INFO - 1 downstream tasks scheduled from follow-on schedule check
[2025-05-13T03:44:25.219+0000] {local_task_job_runner.py:222} INFO - ::endgroup::
