[2025-05-13T03:34:02.806+0000] {processor.py:161} INFO - Started process (PID=177) to work on /opt/airflow/dags/monitor_PWU.py
[2025-05-13T03:34:02.810+0000] {processor.py:830} INFO - Processing file /opt/airflow/dags/monitor_PWU.py for tasks to queue
[2025-05-13T03:34:02.813+0000] {logging_mixin.py:188} INFO - [2025-05-13T03:34:02.813+0000] {dagbag.py:540} INFO - Filling up the DagBag from /opt/airflow/dags/monitor_PWU.py
[2025-05-13T03:34:02.837+0000] {processor.py:840} INFO - DAG(s) 'monitor_PWU' retrieved from /opt/airflow/dags/monitor_PWU.py
[2025-05-13T03:34:02.961+0000] {logging_mixin.py:188} INFO - [2025-05-13T03:34:02.960+0000] {override.py:1829} INFO - Created Permission View: can delete on DAG:monitor_PWU
[2025-05-13T03:34:02.973+0000] {logging_mixin.py:188} INFO - [2025-05-13T03:34:02.972+0000] {override.py:1829} INFO - Created Permission View: can read on DAG:monitor_PWU
[2025-05-13T03:34:02.981+0000] {logging_mixin.py:188} INFO - [2025-05-13T03:34:02.980+0000] {override.py:1829} INFO - Created Permission View: can edit on DAG:monitor_PWU
[2025-05-13T03:34:02.981+0000] {logging_mixin.py:188} INFO - [2025-05-13T03:34:02.981+0000] {dag.py:3096} INFO - Sync 1 DAGs
[2025-05-13T03:34:02.995+0000] {logging_mixin.py:188} INFO - [2025-05-13T03:34:02.994+0000] {dag.py:3118} INFO - Creating ORM DAG for monitor_PWU
[2025-05-13T03:34:03.009+0000] {logging_mixin.py:188} INFO - [2025-05-13T03:34:03.008+0000] {dag.py:3954} INFO - Setting next_dagrun for monitor_PWU to 2025-05-13 02:00:00+00:00, run_after=2025-05-13 03:00:00+00:00
[2025-05-13T03:34:03.033+0000] {processor.py:183} INFO - Processing /opt/airflow/dags/monitor_PWU.py took 0.241 seconds
[2025-05-13T03:34:33.567+0000] {processor.py:161} INFO - Started process (PID=197) to work on /opt/airflow/dags/monitor_PWU.py
[2025-05-13T03:34:33.568+0000] {processor.py:830} INFO - Processing file /opt/airflow/dags/monitor_PWU.py for tasks to queue
[2025-05-13T03:34:33.570+0000] {logging_mixin.py:188} INFO - [2025-05-13T03:34:33.570+0000] {dagbag.py:540} INFO - Filling up the DagBag from /opt/airflow/dags/monitor_PWU.py
[2025-05-13T03:34:33.598+0000] {processor.py:840} INFO - DAG(s) 'monitor_PWU' retrieved from /opt/airflow/dags/monitor_PWU.py
[2025-05-13T03:34:33.624+0000] {logging_mixin.py:188} INFO - [2025-05-13T03:34:33.623+0000] {dag.py:3096} INFO - Sync 1 DAGs
[2025-05-13T03:34:33.656+0000] {logging_mixin.py:188} INFO - [2025-05-13T03:34:33.655+0000] {dag.py:3954} INFO - Setting next_dagrun for monitor_PWU to 2025-05-13 02:00:00+00:00, run_after=2025-05-13 03:00:00+00:00
[2025-05-13T03:34:33.677+0000] {processor.py:183} INFO - Processing /opt/airflow/dags/monitor_PWU.py took 0.117 seconds
[2025-05-13T03:35:04.153+0000] {processor.py:161} INFO - Started process (PID=219) to work on /opt/airflow/dags/monitor_PWU.py
[2025-05-13T03:35:04.154+0000] {processor.py:830} INFO - Processing file /opt/airflow/dags/monitor_PWU.py for tasks to queue
[2025-05-13T03:35:04.157+0000] {logging_mixin.py:188} INFO - [2025-05-13T03:35:04.156+0000] {dagbag.py:540} INFO - Filling up the DagBag from /opt/airflow/dags/monitor_PWU.py
[2025-05-13T03:35:04.183+0000] {processor.py:840} INFO - DAG(s) 'monitor_PWU' retrieved from /opt/airflow/dags/monitor_PWU.py
[2025-05-13T03:35:04.205+0000] {logging_mixin.py:188} INFO - [2025-05-13T03:35:04.205+0000] {dag.py:3096} INFO - Sync 1 DAGs
[2025-05-13T03:35:04.234+0000] {logging_mixin.py:188} INFO - [2025-05-13T03:35:04.234+0000] {dag.py:3954} INFO - Setting next_dagrun for monitor_PWU to 2025-05-13 02:00:00+00:00, run_after=2025-05-13 03:00:00+00:00
[2025-05-13T03:35:04.253+0000] {processor.py:183} INFO - Processing /opt/airflow/dags/monitor_PWU.py took 0.106 seconds
[2025-05-13T03:35:34.815+0000] {processor.py:161} INFO - Started process (PID=255) to work on /opt/airflow/dags/monitor_PWU.py
[2025-05-13T03:35:34.815+0000] {processor.py:830} INFO - Processing file /opt/airflow/dags/monitor_PWU.py for tasks to queue
[2025-05-13T03:35:34.817+0000] {logging_mixin.py:188} INFO - [2025-05-13T03:35:34.817+0000] {dagbag.py:540} INFO - Filling up the DagBag from /opt/airflow/dags/monitor_PWU.py
[2025-05-13T03:35:34.837+0000] {processor.py:840} INFO - DAG(s) 'monitor_PWU' retrieved from /opt/airflow/dags/monitor_PWU.py
[2025-05-13T03:35:34.857+0000] {logging_mixin.py:188} INFO - [2025-05-13T03:35:34.857+0000] {dag.py:3096} INFO - Sync 1 DAGs
[2025-05-13T03:35:34.881+0000] {logging_mixin.py:188} INFO - [2025-05-13T03:35:34.880+0000] {dag.py:3954} INFO - Setting next_dagrun for monitor_PWU to 2025-05-13 03:00:00+00:00, run_after=2025-05-13 04:00:00+00:00
[2025-05-13T03:35:34.899+0000] {processor.py:183} INFO - Processing /opt/airflow/dags/monitor_PWU.py took 0.090 seconds
[2025-05-13T03:36:05.476+0000] {processor.py:161} INFO - Started process (PID=275) to work on /opt/airflow/dags/monitor_PWU.py
[2025-05-13T03:36:05.478+0000] {processor.py:830} INFO - Processing file /opt/airflow/dags/monitor_PWU.py for tasks to queue
[2025-05-13T03:36:05.479+0000] {logging_mixin.py:188} INFO - [2025-05-13T03:36:05.479+0000] {dagbag.py:540} INFO - Filling up the DagBag from /opt/airflow/dags/monitor_PWU.py
[2025-05-13T03:36:05.498+0000] {processor.py:840} INFO - DAG(s) 'monitor_PWU' retrieved from /opt/airflow/dags/monitor_PWU.py
[2025-05-13T03:36:05.519+0000] {logging_mixin.py:188} INFO - [2025-05-13T03:36:05.519+0000] {dag.py:3096} INFO - Sync 1 DAGs
[2025-05-13T03:36:05.541+0000] {logging_mixin.py:188} INFO - [2025-05-13T03:36:05.541+0000] {dag.py:3954} INFO - Setting next_dagrun for monitor_PWU to 2025-05-13 03:00:00+00:00, run_after=2025-05-13 04:00:00+00:00
[2025-05-13T03:36:05.558+0000] {processor.py:183} INFO - Processing /opt/airflow/dags/monitor_PWU.py took 0.087 seconds
[2025-05-13T03:36:36.243+0000] {processor.py:161} INFO - Started process (PID=295) to work on /opt/airflow/dags/monitor_PWU.py
[2025-05-13T03:36:36.244+0000] {processor.py:830} INFO - Processing file /opt/airflow/dags/monitor_PWU.py for tasks to queue
[2025-05-13T03:36:36.246+0000] {logging_mixin.py:188} INFO - [2025-05-13T03:36:36.246+0000] {dagbag.py:540} INFO - Filling up the DagBag from /opt/airflow/dags/monitor_PWU.py
[2025-05-13T03:36:36.268+0000] {processor.py:840} INFO - DAG(s) 'monitor_PWU' retrieved from /opt/airflow/dags/monitor_PWU.py
[2025-05-13T03:36:36.291+0000] {logging_mixin.py:188} INFO - [2025-05-13T03:36:36.290+0000] {dag.py:3096} INFO - Sync 1 DAGs
[2025-05-13T03:36:36.317+0000] {logging_mixin.py:188} INFO - [2025-05-13T03:36:36.317+0000] {dag.py:3954} INFO - Setting next_dagrun for monitor_PWU to 2025-05-13 03:00:00+00:00, run_after=2025-05-13 04:00:00+00:00
[2025-05-13T03:36:36.334+0000] {processor.py:183} INFO - Processing /opt/airflow/dags/monitor_PWU.py took 0.097 seconds
[2025-05-13T03:37:07.038+0000] {processor.py:161} INFO - Started process (PID=315) to work on /opt/airflow/dags/monitor_PWU.py
[2025-05-13T03:37:07.039+0000] {processor.py:830} INFO - Processing file /opt/airflow/dags/monitor_PWU.py for tasks to queue
[2025-05-13T03:37:07.041+0000] {logging_mixin.py:188} INFO - [2025-05-13T03:37:07.041+0000] {dagbag.py:540} INFO - Filling up the DagBag from /opt/airflow/dags/monitor_PWU.py
[2025-05-13T03:37:07.065+0000] {processor.py:840} INFO - DAG(s) 'monitor_PWU' retrieved from /opt/airflow/dags/monitor_PWU.py
[2025-05-13T03:37:07.086+0000] {logging_mixin.py:188} INFO - [2025-05-13T03:37:07.086+0000] {dag.py:3096} INFO - Sync 1 DAGs
[2025-05-13T03:37:07.112+0000] {logging_mixin.py:188} INFO - [2025-05-13T03:37:07.111+0000] {dag.py:3954} INFO - Setting next_dagrun for monitor_PWU to 2025-05-13 03:00:00+00:00, run_after=2025-05-13 04:00:00+00:00
[2025-05-13T03:37:07.129+0000] {processor.py:183} INFO - Processing /opt/airflow/dags/monitor_PWU.py took 0.098 seconds
[2025-05-13T03:37:37.783+0000] {processor.py:161} INFO - Started process (PID=335) to work on /opt/airflow/dags/monitor_PWU.py
[2025-05-13T03:37:37.784+0000] {processor.py:830} INFO - Processing file /opt/airflow/dags/monitor_PWU.py for tasks to queue
[2025-05-13T03:37:37.786+0000] {logging_mixin.py:188} INFO - [2025-05-13T03:37:37.786+0000] {dagbag.py:540} INFO - Filling up the DagBag from /opt/airflow/dags/monitor_PWU.py
[2025-05-13T03:37:37.809+0000] {processor.py:840} INFO - DAG(s) 'monitor_PWU' retrieved from /opt/airflow/dags/monitor_PWU.py
[2025-05-13T03:37:37.829+0000] {logging_mixin.py:188} INFO - [2025-05-13T03:37:37.828+0000] {dag.py:3096} INFO - Sync 1 DAGs
[2025-05-13T03:37:37.854+0000] {logging_mixin.py:188} INFO - [2025-05-13T03:37:37.854+0000] {dag.py:3954} INFO - Setting next_dagrun for monitor_PWU to 2025-05-13 03:00:00+00:00, run_after=2025-05-13 04:00:00+00:00
[2025-05-13T03:37:37.871+0000] {processor.py:183} INFO - Processing /opt/airflow/dags/monitor_PWU.py took 0.094 seconds
[2025-05-13T03:38:35.186+0000] {processor.py:161} INFO - Started process (PID=177) to work on /opt/airflow/dags/monitor_PWU.py
[2025-05-13T03:38:35.187+0000] {processor.py:830} INFO - Processing file /opt/airflow/dags/monitor_PWU.py for tasks to queue
[2025-05-13T03:38:35.189+0000] {logging_mixin.py:188} INFO - [2025-05-13T03:38:35.189+0000] {dagbag.py:540} INFO - Filling up the DagBag from /opt/airflow/dags/monitor_PWU.py
[2025-05-13T03:38:35.208+0000] {processor.py:840} INFO - DAG(s) 'monitor_PWU' retrieved from /opt/airflow/dags/monitor_PWU.py
[2025-05-13T03:38:35.315+0000] {logging_mixin.py:188} INFO - [2025-05-13T03:38:35.314+0000] {override.py:1829} INFO - Created Permission View: can read on DAG:monitor_PWU
[2025-05-13T03:38:35.325+0000] {logging_mixin.py:188} INFO - [2025-05-13T03:38:35.325+0000] {override.py:1829} INFO - Created Permission View: can delete on DAG:monitor_PWU
[2025-05-13T03:38:35.332+0000] {logging_mixin.py:188} INFO - [2025-05-13T03:38:35.332+0000] {override.py:1829} INFO - Created Permission View: can edit on DAG:monitor_PWU
[2025-05-13T03:38:35.333+0000] {logging_mixin.py:188} INFO - [2025-05-13T03:38:35.332+0000] {dag.py:3096} INFO - Sync 1 DAGs
[2025-05-13T03:38:35.345+0000] {logging_mixin.py:188} INFO - [2025-05-13T03:38:35.345+0000] {dag.py:3118} INFO - Creating ORM DAG for monitor_PWU
[2025-05-13T03:38:35.356+0000] {logging_mixin.py:188} INFO - [2025-05-13T03:38:35.356+0000] {dag.py:3954} INFO - Setting next_dagrun for monitor_PWU to 2025-05-13 02:00:00+00:00, run_after=2025-05-13 03:00:00+00:00
[2025-05-13T03:38:35.377+0000] {processor.py:183} INFO - Processing /opt/airflow/dags/monitor_PWU.py took 0.197 seconds
[2025-05-13T03:39:06.037+0000] {processor.py:161} INFO - Started process (PID=197) to work on /opt/airflow/dags/monitor_PWU.py
[2025-05-13T03:39:06.038+0000] {processor.py:830} INFO - Processing file /opt/airflow/dags/monitor_PWU.py for tasks to queue
[2025-05-13T03:39:06.040+0000] {logging_mixin.py:188} INFO - [2025-05-13T03:39:06.040+0000] {dagbag.py:540} INFO - Filling up the DagBag from /opt/airflow/dags/monitor_PWU.py
[2025-05-13T03:39:06.059+0000] {processor.py:840} INFO - DAG(s) 'monitor_PWU' retrieved from /opt/airflow/dags/monitor_PWU.py
[2025-05-13T03:39:06.078+0000] {logging_mixin.py:188} INFO - [2025-05-13T03:39:06.077+0000] {dag.py:3096} INFO - Sync 1 DAGs
[2025-05-13T03:39:06.102+0000] {logging_mixin.py:188} INFO - [2025-05-13T03:39:06.101+0000] {dag.py:3954} INFO - Setting next_dagrun for monitor_PWU to 2025-05-13 02:00:00+00:00, run_after=2025-05-13 03:00:00+00:00
[2025-05-13T03:39:06.120+0000] {processor.py:183} INFO - Processing /opt/airflow/dags/monitor_PWU.py took 0.089 seconds
[2025-05-13T03:39:36.810+0000] {processor.py:161} INFO - Started process (PID=217) to work on /opt/airflow/dags/monitor_PWU.py
[2025-05-13T03:39:36.811+0000] {processor.py:830} INFO - Processing file /opt/airflow/dags/monitor_PWU.py for tasks to queue
[2025-05-13T03:39:36.812+0000] {logging_mixin.py:188} INFO - [2025-05-13T03:39:36.812+0000] {dagbag.py:540} INFO - Filling up the DagBag from /opt/airflow/dags/monitor_PWU.py
[2025-05-13T03:39:36.831+0000] {processor.py:840} INFO - DAG(s) 'monitor_PWU' retrieved from /opt/airflow/dags/monitor_PWU.py
[2025-05-13T03:39:36.850+0000] {logging_mixin.py:188} INFO - [2025-05-13T03:39:36.850+0000] {dag.py:3096} INFO - Sync 1 DAGs
[2025-05-13T03:39:36.874+0000] {logging_mixin.py:188} INFO - [2025-05-13T03:39:36.873+0000] {dag.py:3954} INFO - Setting next_dagrun for monitor_PWU to 2025-05-13 02:00:00+00:00, run_after=2025-05-13 03:00:00+00:00
[2025-05-13T03:39:36.891+0000] {processor.py:183} INFO - Processing /opt/airflow/dags/monitor_PWU.py took 0.087 seconds
[2025-05-13T03:40:07.575+0000] {processor.py:161} INFO - Started process (PID=237) to work on /opt/airflow/dags/monitor_PWU.py
[2025-05-13T03:40:07.576+0000] {processor.py:830} INFO - Processing file /opt/airflow/dags/monitor_PWU.py for tasks to queue
[2025-05-13T03:40:07.578+0000] {logging_mixin.py:188} INFO - [2025-05-13T03:40:07.578+0000] {dagbag.py:540} INFO - Filling up the DagBag from /opt/airflow/dags/monitor_PWU.py
[2025-05-13T03:40:07.598+0000] {processor.py:840} INFO - DAG(s) 'monitor_PWU' retrieved from /opt/airflow/dags/monitor_PWU.py
[2025-05-13T03:40:07.618+0000] {logging_mixin.py:188} INFO - [2025-05-13T03:40:07.618+0000] {dag.py:3096} INFO - Sync 1 DAGs
[2025-05-13T03:40:07.641+0000] {logging_mixin.py:188} INFO - [2025-05-13T03:40:07.640+0000] {dag.py:3954} INFO - Setting next_dagrun for monitor_PWU to 2025-05-13 02:00:00+00:00, run_after=2025-05-13 03:00:00+00:00
[2025-05-13T03:40:07.658+0000] {processor.py:183} INFO - Processing /opt/airflow/dags/monitor_PWU.py took 0.089 seconds
[2025-05-13T03:40:38.402+0000] {processor.py:161} INFO - Started process (PID=257) to work on /opt/airflow/dags/monitor_PWU.py
[2025-05-13T03:40:38.403+0000] {processor.py:830} INFO - Processing file /opt/airflow/dags/monitor_PWU.py for tasks to queue
[2025-05-13T03:40:38.405+0000] {logging_mixin.py:188} INFO - [2025-05-13T03:40:38.405+0000] {dagbag.py:540} INFO - Filling up the DagBag from /opt/airflow/dags/monitor_PWU.py
[2025-05-13T03:40:38.431+0000] {processor.py:840} INFO - DAG(s) 'monitor_PWU' retrieved from /opt/airflow/dags/monitor_PWU.py
[2025-05-13T03:40:38.460+0000] {logging_mixin.py:188} INFO - [2025-05-13T03:40:38.460+0000] {dag.py:3096} INFO - Sync 1 DAGs
[2025-05-13T03:40:38.492+0000] {logging_mixin.py:188} INFO - [2025-05-13T03:40:38.491+0000] {dag.py:3954} INFO - Setting next_dagrun for monitor_PWU to 2025-05-13 02:00:00+00:00, run_after=2025-05-13 03:00:00+00:00
[2025-05-13T03:40:38.516+0000] {processor.py:183} INFO - Processing /opt/airflow/dags/monitor_PWU.py took 0.121 seconds
[2025-05-13T03:41:09.248+0000] {processor.py:161} INFO - Started process (PID=328) to work on /opt/airflow/dags/monitor_PWU.py
[2025-05-13T03:41:09.249+0000] {processor.py:830} INFO - Processing file /opt/airflow/dags/monitor_PWU.py for tasks to queue
[2025-05-13T03:41:09.252+0000] {logging_mixin.py:188} INFO - [2025-05-13T03:41:09.251+0000] {dagbag.py:540} INFO - Filling up the DagBag from /opt/airflow/dags/monitor_PWU.py
[2025-05-13T03:41:09.291+0000] {processor.py:840} INFO - DAG(s) 'monitor_PWU' retrieved from /opt/airflow/dags/monitor_PWU.py
[2025-05-13T03:41:09.326+0000] {logging_mixin.py:188} INFO - [2025-05-13T03:41:09.326+0000] {dag.py:3096} INFO - Sync 1 DAGs
[2025-05-13T03:41:09.375+0000] {logging_mixin.py:188} INFO - [2025-05-13T03:41:09.374+0000] {dag.py:3954} INFO - Setting next_dagrun for monitor_PWU to 2025-05-13 03:00:00+00:00, run_after=2025-05-13 04:00:00+00:00
[2025-05-13T03:41:09.426+0000] {processor.py:183} INFO - Processing /opt/airflow/dags/monitor_PWU.py took 0.186 seconds
[2025-05-13T03:41:40.033+0000] {processor.py:161} INFO - Started process (PID=348) to work on /opt/airflow/dags/monitor_PWU.py
[2025-05-13T03:41:40.035+0000] {processor.py:830} INFO - Processing file /opt/airflow/dags/monitor_PWU.py for tasks to queue
[2025-05-13T03:41:40.037+0000] {logging_mixin.py:188} INFO - [2025-05-13T03:41:40.037+0000] {dagbag.py:540} INFO - Filling up the DagBag from /opt/airflow/dags/monitor_PWU.py
[2025-05-13T03:41:40.068+0000] {processor.py:840} INFO - DAG(s) 'monitor_PWU' retrieved from /opt/airflow/dags/monitor_PWU.py
[2025-05-13T03:41:40.113+0000] {logging_mixin.py:188} INFO - [2025-05-13T03:41:40.113+0000] {dag.py:3096} INFO - Sync 1 DAGs
[2025-05-13T03:41:40.153+0000] {logging_mixin.py:188} INFO - [2025-05-13T03:41:40.153+0000] {dag.py:3954} INFO - Setting next_dagrun for monitor_PWU to 2025-05-13 03:00:00+00:00, run_after=2025-05-13 04:00:00+00:00
[2025-05-13T03:41:40.179+0000] {processor.py:183} INFO - Processing /opt/airflow/dags/monitor_PWU.py took 0.156 seconds
[2025-05-13T03:42:11.549+0000] {processor.py:161} INFO - Started process (PID=370) to work on /opt/airflow/dags/monitor_PWU.py
[2025-05-13T03:42:11.551+0000] {processor.py:830} INFO - Processing file /opt/airflow/dags/monitor_PWU.py for tasks to queue
[2025-05-13T03:42:11.555+0000] {logging_mixin.py:188} INFO - [2025-05-13T03:42:11.554+0000] {dagbag.py:540} INFO - Filling up the DagBag from /opt/airflow/dags/monitor_PWU.py
[2025-05-13T03:42:11.596+0000] {processor.py:840} INFO - DAG(s) 'monitor_PWU' retrieved from /opt/airflow/dags/monitor_PWU.py
[2025-05-13T03:42:11.619+0000] {logging_mixin.py:188} INFO - [2025-05-13T03:42:11.619+0000] {dag.py:3096} INFO - Sync 1 DAGs
[2025-05-13T03:42:11.660+0000] {logging_mixin.py:188} INFO - [2025-05-13T03:42:11.660+0000] {dag.py:3954} INFO - Setting next_dagrun for monitor_PWU to 2025-05-13 03:00:00+00:00, run_after=2025-05-13 04:00:00+00:00
[2025-05-13T03:42:11.691+0000] {processor.py:183} INFO - Processing /opt/airflow/dags/monitor_PWU.py took 0.156 seconds
[2025-05-13T03:42:42.173+0000] {processor.py:161} INFO - Started process (PID=388) to work on /opt/airflow/dags/monitor_PWU.py
[2025-05-13T03:42:42.173+0000] {processor.py:830} INFO - Processing file /opt/airflow/dags/monitor_PWU.py for tasks to queue
[2025-05-13T03:42:42.175+0000] {logging_mixin.py:188} INFO - [2025-05-13T03:42:42.175+0000] {dagbag.py:540} INFO - Filling up the DagBag from /opt/airflow/dags/monitor_PWU.py
[2025-05-13T03:42:42.203+0000] {processor.py:840} INFO - DAG(s) 'monitor_PWU' retrieved from /opt/airflow/dags/monitor_PWU.py
[2025-05-13T03:42:42.224+0000] {logging_mixin.py:188} INFO - [2025-05-13T03:42:42.224+0000] {dag.py:3096} INFO - Sync 1 DAGs
[2025-05-13T03:42:42.282+0000] {logging_mixin.py:188} INFO - [2025-05-13T03:42:42.281+0000] {dag.py:3954} INFO - Setting next_dagrun for monitor_PWU to 2025-05-13 03:00:00+00:00, run_after=2025-05-13 04:00:00+00:00
[2025-05-13T03:42:42.319+0000] {processor.py:183} INFO - Processing /opt/airflow/dags/monitor_PWU.py took 0.152 seconds
[2025-05-13T03:43:56.954+0000] {processor.py:161} INFO - Started process (PID=179) to work on /opt/airflow/dags/monitor_PWU.py
[2025-05-13T03:43:56.955+0000] {processor.py:830} INFO - Processing file /opt/airflow/dags/monitor_PWU.py for tasks to queue
[2025-05-13T03:43:56.958+0000] {logging_mixin.py:188} INFO - [2025-05-13T03:43:56.957+0000] {dagbag.py:540} INFO - Filling up the DagBag from /opt/airflow/dags/monitor_PWU.py
[2025-05-13T03:43:56.978+0000] {processor.py:840} INFO - DAG(s) 'monitor_PWU' retrieved from /opt/airflow/dags/monitor_PWU.py
[2025-05-13T03:43:57.082+0000] {logging_mixin.py:188} INFO - [2025-05-13T03:43:57.081+0000] {override.py:1829} INFO - Created Permission View: can delete on DAG:monitor_PWU
[2025-05-13T03:43:57.091+0000] {logging_mixin.py:188} INFO - [2025-05-13T03:43:57.091+0000] {override.py:1829} INFO - Created Permission View: can edit on DAG:monitor_PWU
[2025-05-13T03:43:57.097+0000] {logging_mixin.py:188} INFO - [2025-05-13T03:43:57.097+0000] {override.py:1829} INFO - Created Permission View: can read on DAG:monitor_PWU
[2025-05-13T03:43:57.098+0000] {logging_mixin.py:188} INFO - [2025-05-13T03:43:57.098+0000] {dag.py:3096} INFO - Sync 1 DAGs
[2025-05-13T03:43:57.108+0000] {logging_mixin.py:188} INFO - [2025-05-13T03:43:57.107+0000] {dag.py:3118} INFO - Creating ORM DAG for monitor_PWU
[2025-05-13T03:43:57.119+0000] {logging_mixin.py:188} INFO - [2025-05-13T03:43:57.119+0000] {dag.py:3954} INFO - Setting next_dagrun for monitor_PWU to 2025-05-13 02:00:00+00:00, run_after=2025-05-13 03:00:00+00:00
[2025-05-13T03:43:57.138+0000] {processor.py:183} INFO - Processing /opt/airflow/dags/monitor_PWU.py took 0.189 seconds
[2025-05-13T03:44:27.620+0000] {processor.py:161} INFO - Started process (PID=222) to work on /opt/airflow/dags/monitor_PWU.py
[2025-05-13T03:44:27.622+0000] {processor.py:830} INFO - Processing file /opt/airflow/dags/monitor_PWU.py for tasks to queue
[2025-05-13T03:44:27.624+0000] {logging_mixin.py:188} INFO - [2025-05-13T03:44:27.623+0000] {dagbag.py:540} INFO - Filling up the DagBag from /opt/airflow/dags/monitor_PWU.py
[2025-05-13T03:44:27.648+0000] {processor.py:840} INFO - DAG(s) 'monitor_PWU' retrieved from /opt/airflow/dags/monitor_PWU.py
[2025-05-13T03:44:27.670+0000] {logging_mixin.py:188} INFO - [2025-05-13T03:44:27.670+0000] {dag.py:3096} INFO - Sync 1 DAGs
[2025-05-13T03:44:27.728+0000] {logging_mixin.py:188} INFO - [2025-05-13T03:44:27.727+0000] {dag.py:3954} INFO - Setting next_dagrun for monitor_PWU to 2025-05-13 03:00:00+00:00, run_after=2025-05-13 04:00:00+00:00
[2025-05-13T03:44:27.755+0000] {processor.py:183} INFO - Processing /opt/airflow/dags/monitor_PWU.py took 0.141 seconds
[2025-05-13T03:44:59.007+0000] {processor.py:161} INFO - Started process (PID=271) to work on /opt/airflow/dags/monitor_PWU.py
[2025-05-13T03:44:59.008+0000] {processor.py:830} INFO - Processing file /opt/airflow/dags/monitor_PWU.py for tasks to queue
[2025-05-13T03:44:59.011+0000] {logging_mixin.py:188} INFO - [2025-05-13T03:44:59.010+0000] {dagbag.py:540} INFO - Filling up the DagBag from /opt/airflow/dags/monitor_PWU.py
[2025-05-13T03:44:59.065+0000] {processor.py:840} INFO - DAG(s) 'monitor_PWU' retrieved from /opt/airflow/dags/monitor_PWU.py
[2025-05-13T03:44:59.109+0000] {logging_mixin.py:188} INFO - [2025-05-13T03:44:59.109+0000] {dag.py:3096} INFO - Sync 1 DAGs
[2025-05-13T03:44:59.156+0000] {logging_mixin.py:188} INFO - [2025-05-13T03:44:59.156+0000] {dag.py:3954} INFO - Setting next_dagrun for monitor_PWU to 2025-05-13 03:00:00+00:00, run_after=2025-05-13 04:00:00+00:00
[2025-05-13T03:44:59.194+0000] {processor.py:183} INFO - Processing /opt/airflow/dags/monitor_PWU.py took 0.196 seconds
[2025-05-13T03:45:29.880+0000] {processor.py:161} INFO - Started process (PID=291) to work on /opt/airflow/dags/monitor_PWU.py
[2025-05-13T03:45:29.881+0000] {processor.py:830} INFO - Processing file /opt/airflow/dags/monitor_PWU.py for tasks to queue
[2025-05-13T03:45:29.884+0000] {logging_mixin.py:188} INFO - [2025-05-13T03:45:29.884+0000] {dagbag.py:540} INFO - Filling up the DagBag from /opt/airflow/dags/monitor_PWU.py
[2025-05-13T03:45:29.920+0000] {processor.py:840} INFO - DAG(s) 'monitor_PWU' retrieved from /opt/airflow/dags/monitor_PWU.py
[2025-05-13T03:45:29.962+0000] {logging_mixin.py:188} INFO - [2025-05-13T03:45:29.962+0000] {dag.py:3096} INFO - Sync 1 DAGs
[2025-05-13T03:45:30.018+0000] {logging_mixin.py:188} INFO - [2025-05-13T03:45:30.018+0000] {dag.py:3954} INFO - Setting next_dagrun for monitor_PWU to 2025-05-13 03:00:00+00:00, run_after=2025-05-13 04:00:00+00:00
[2025-05-13T03:45:30.056+0000] {processor.py:183} INFO - Processing /opt/airflow/dags/monitor_PWU.py took 0.185 seconds
[2025-05-13T03:46:01.036+0000] {processor.py:161} INFO - Started process (PID=311) to work on /opt/airflow/dags/monitor_PWU.py
[2025-05-13T03:46:01.038+0000] {processor.py:830} INFO - Processing file /opt/airflow/dags/monitor_PWU.py for tasks to queue
[2025-05-13T03:46:01.044+0000] {logging_mixin.py:188} INFO - [2025-05-13T03:46:01.044+0000] {dagbag.py:540} INFO - Filling up the DagBag from /opt/airflow/dags/monitor_PWU.py
[2025-05-13T03:46:01.090+0000] {processor.py:840} INFO - DAG(s) 'monitor_PWU' retrieved from /opt/airflow/dags/monitor_PWU.py
[2025-05-13T03:46:01.152+0000] {logging_mixin.py:188} INFO - [2025-05-13T03:46:01.152+0000] {dag.py:3096} INFO - Sync 1 DAGs
[2025-05-13T03:46:01.214+0000] {logging_mixin.py:188} INFO - [2025-05-13T03:46:01.213+0000] {dag.py:3954} INFO - Setting next_dagrun for monitor_PWU to 2025-05-13 03:00:00+00:00, run_after=2025-05-13 04:00:00+00:00
[2025-05-13T03:46:01.256+0000] {processor.py:183} INFO - Processing /opt/airflow/dags/monitor_PWU.py took 0.234 seconds
[2025-05-13T03:46:32.022+0000] {processor.py:161} INFO - Started process (PID=331) to work on /opt/airflow/dags/monitor_PWU.py
[2025-05-13T03:46:32.027+0000] {processor.py:830} INFO - Processing file /opt/airflow/dags/monitor_PWU.py for tasks to queue
[2025-05-13T03:46:32.031+0000] {logging_mixin.py:188} INFO - [2025-05-13T03:46:32.031+0000] {dagbag.py:540} INFO - Filling up the DagBag from /opt/airflow/dags/monitor_PWU.py
[2025-05-13T03:46:32.088+0000] {processor.py:840} INFO - DAG(s) 'monitor_PWU' retrieved from /opt/airflow/dags/monitor_PWU.py
[2025-05-13T03:46:32.139+0000] {logging_mixin.py:188} INFO - [2025-05-13T03:46:32.139+0000] {dag.py:3096} INFO - Sync 1 DAGs
[2025-05-13T03:46:32.204+0000] {logging_mixin.py:188} INFO - [2025-05-13T03:46:32.203+0000] {dag.py:3954} INFO - Setting next_dagrun for monitor_PWU to 2025-05-13 03:00:00+00:00, run_after=2025-05-13 04:00:00+00:00
[2025-05-13T03:46:32.263+0000] {processor.py:183} INFO - Processing /opt/airflow/dags/monitor_PWU.py took 0.254 seconds
[2025-05-13T03:47:03.018+0000] {processor.py:161} INFO - Started process (PID=351) to work on /opt/airflow/dags/monitor_PWU.py
[2025-05-13T03:47:03.020+0000] {processor.py:830} INFO - Processing file /opt/airflow/dags/monitor_PWU.py for tasks to queue
[2025-05-13T03:47:03.024+0000] {logging_mixin.py:188} INFO - [2025-05-13T03:47:03.023+0000] {dagbag.py:540} INFO - Filling up the DagBag from /opt/airflow/dags/monitor_PWU.py
[2025-05-13T03:47:03.064+0000] {processor.py:840} INFO - DAG(s) 'monitor_PWU' retrieved from /opt/airflow/dags/monitor_PWU.py
[2025-05-13T03:47:03.111+0000] {logging_mixin.py:188} INFO - [2025-05-13T03:47:03.111+0000] {dag.py:3096} INFO - Sync 1 DAGs
[2025-05-13T03:47:03.177+0000] {logging_mixin.py:188} INFO - [2025-05-13T03:47:03.177+0000] {dag.py:3954} INFO - Setting next_dagrun for monitor_PWU to 2025-05-13 03:00:00+00:00, run_after=2025-05-13 04:00:00+00:00
[2025-05-13T03:47:03.246+0000] {processor.py:183} INFO - Processing /opt/airflow/dags/monitor_PWU.py took 0.240 seconds
[2025-05-13T03:47:33.899+0000] {processor.py:161} INFO - Started process (PID=373) to work on /opt/airflow/dags/monitor_PWU.py
[2025-05-13T03:47:33.901+0000] {processor.py:830} INFO - Processing file /opt/airflow/dags/monitor_PWU.py for tasks to queue
[2025-05-13T03:47:33.903+0000] {logging_mixin.py:188} INFO - [2025-05-13T03:47:33.902+0000] {dagbag.py:540} INFO - Filling up the DagBag from /opt/airflow/dags/monitor_PWU.py
[2025-05-13T03:47:33.938+0000] {processor.py:840} INFO - DAG(s) 'monitor_PWU' retrieved from /opt/airflow/dags/monitor_PWU.py
[2025-05-13T03:47:33.961+0000] {logging_mixin.py:188} INFO - [2025-05-13T03:47:33.960+0000] {dag.py:3096} INFO - Sync 1 DAGs
[2025-05-13T03:47:33.999+0000] {logging_mixin.py:188} INFO - [2025-05-13T03:47:33.998+0000] {dag.py:3954} INFO - Setting next_dagrun for monitor_PWU to 2025-05-13 03:00:00+00:00, run_after=2025-05-13 04:00:00+00:00
[2025-05-13T03:47:34.030+0000] {processor.py:183} INFO - Processing /opt/airflow/dags/monitor_PWU.py took 0.139 seconds
[2025-05-13T03:48:04.653+0000] {processor.py:161} INFO - Started process (PID=393) to work on /opt/airflow/dags/monitor_PWU.py
[2025-05-13T03:48:04.654+0000] {processor.py:830} INFO - Processing file /opt/airflow/dags/monitor_PWU.py for tasks to queue
[2025-05-13T03:48:04.656+0000] {logging_mixin.py:188} INFO - [2025-05-13T03:48:04.656+0000] {dagbag.py:540} INFO - Filling up the DagBag from /opt/airflow/dags/monitor_PWU.py
[2025-05-13T03:48:04.679+0000] {processor.py:840} INFO - DAG(s) 'monitor_PWU' retrieved from /opt/airflow/dags/monitor_PWU.py
[2025-05-13T03:48:04.713+0000] {logging_mixin.py:188} INFO - [2025-05-13T03:48:04.713+0000] {dag.py:3096} INFO - Sync 1 DAGs
[2025-05-13T03:48:04.767+0000] {logging_mixin.py:188} INFO - [2025-05-13T03:48:04.766+0000] {dag.py:3954} INFO - Setting next_dagrun for monitor_PWU to 2025-05-13 03:00:00+00:00, run_after=2025-05-13 04:00:00+00:00
[2025-05-13T03:48:04.799+0000] {processor.py:183} INFO - Processing /opt/airflow/dags/monitor_PWU.py took 0.152 seconds
[2025-05-13T03:48:35.485+0000] {processor.py:161} INFO - Started process (PID=413) to work on /opt/airflow/dags/monitor_PWU.py
[2025-05-13T03:48:35.486+0000] {processor.py:830} INFO - Processing file /opt/airflow/dags/monitor_PWU.py for tasks to queue
[2025-05-13T03:48:35.491+0000] {logging_mixin.py:188} INFO - [2025-05-13T03:48:35.489+0000] {dagbag.py:540} INFO - Filling up the DagBag from /opt/airflow/dags/monitor_PWU.py
[2025-05-13T03:48:35.547+0000] {processor.py:840} INFO - DAG(s) 'monitor_PWU' retrieved from /opt/airflow/dags/monitor_PWU.py
[2025-05-13T03:48:35.598+0000] {logging_mixin.py:188} INFO - [2025-05-13T03:48:35.598+0000] {dag.py:3096} INFO - Sync 1 DAGs
[2025-05-13T03:48:35.653+0000] {logging_mixin.py:188} INFO - [2025-05-13T03:48:35.653+0000] {dag.py:3954} INFO - Setting next_dagrun for monitor_PWU to 2025-05-13 03:00:00+00:00, run_after=2025-05-13 04:00:00+00:00
[2025-05-13T03:48:35.678+0000] {processor.py:183} INFO - Processing /opt/airflow/dags/monitor_PWU.py took 0.204 seconds
[2025-05-13T03:49:06.347+0000] {processor.py:161} INFO - Started process (PID=433) to work on /opt/airflow/dags/monitor_PWU.py
[2025-05-13T03:49:06.349+0000] {processor.py:830} INFO - Processing file /opt/airflow/dags/monitor_PWU.py for tasks to queue
[2025-05-13T03:49:06.351+0000] {logging_mixin.py:188} INFO - [2025-05-13T03:49:06.351+0000] {dagbag.py:540} INFO - Filling up the DagBag from /opt/airflow/dags/monitor_PWU.py
[2025-05-13T03:49:06.377+0000] {processor.py:840} INFO - DAG(s) 'monitor_PWU' retrieved from /opt/airflow/dags/monitor_PWU.py
[2025-05-13T03:49:06.423+0000] {logging_mixin.py:188} INFO - [2025-05-13T03:49:06.422+0000] {dag.py:3096} INFO - Sync 1 DAGs
[2025-05-13T03:49:06.466+0000] {logging_mixin.py:188} INFO - [2025-05-13T03:49:06.465+0000] {dag.py:3954} INFO - Setting next_dagrun for monitor_PWU to 2025-05-13 03:00:00+00:00, run_after=2025-05-13 04:00:00+00:00
[2025-05-13T03:49:06.502+0000] {processor.py:183} INFO - Processing /opt/airflow/dags/monitor_PWU.py took 0.166 seconds
[2025-05-13T03:49:37.139+0000] {processor.py:161} INFO - Started process (PID=453) to work on /opt/airflow/dags/monitor_PWU.py
[2025-05-13T03:49:37.140+0000] {processor.py:830} INFO - Processing file /opt/airflow/dags/monitor_PWU.py for tasks to queue
[2025-05-13T03:49:37.142+0000] {logging_mixin.py:188} INFO - [2025-05-13T03:49:37.142+0000] {dagbag.py:540} INFO - Filling up the DagBag from /opt/airflow/dags/monitor_PWU.py
[2025-05-13T03:49:37.168+0000] {processor.py:840} INFO - DAG(s) 'monitor_PWU' retrieved from /opt/airflow/dags/monitor_PWU.py
[2025-05-13T03:49:37.216+0000] {logging_mixin.py:188} INFO - [2025-05-13T03:49:37.215+0000] {dag.py:3096} INFO - Sync 1 DAGs
[2025-05-13T03:49:37.264+0000] {logging_mixin.py:188} INFO - [2025-05-13T03:49:37.264+0000] {dag.py:3954} INFO - Setting next_dagrun for monitor_PWU to 2025-05-13 03:00:00+00:00, run_after=2025-05-13 04:00:00+00:00
[2025-05-13T03:49:37.309+0000] {processor.py:183} INFO - Processing /opt/airflow/dags/monitor_PWU.py took 0.182 seconds
[2025-05-13T03:50:07.921+0000] {processor.py:161} INFO - Started process (PID=473) to work on /opt/airflow/dags/monitor_PWU.py
[2025-05-13T03:50:07.922+0000] {processor.py:830} INFO - Processing file /opt/airflow/dags/monitor_PWU.py for tasks to queue
[2025-05-13T03:50:07.924+0000] {logging_mixin.py:188} INFO - [2025-05-13T03:50:07.924+0000] {dagbag.py:540} INFO - Filling up the DagBag from /opt/airflow/dags/monitor_PWU.py
[2025-05-13T03:50:07.978+0000] {processor.py:840} INFO - DAG(s) 'monitor_PWU' retrieved from /opt/airflow/dags/monitor_PWU.py
[2025-05-13T03:50:08.028+0000] {logging_mixin.py:188} INFO - [2025-05-13T03:50:08.027+0000] {dag.py:3096} INFO - Sync 1 DAGs
[2025-05-13T03:50:08.070+0000] {logging_mixin.py:188} INFO - [2025-05-13T03:50:08.070+0000] {dag.py:3954} INFO - Setting next_dagrun for monitor_PWU to 2025-05-13 03:00:00+00:00, run_after=2025-05-13 04:00:00+00:00
[2025-05-13T03:50:08.094+0000] {processor.py:183} INFO - Processing /opt/airflow/dags/monitor_PWU.py took 0.179 seconds
[2025-05-13T03:50:38.673+0000] {processor.py:161} INFO - Started process (PID=493) to work on /opt/airflow/dags/monitor_PWU.py
[2025-05-13T03:50:38.675+0000] {processor.py:830} INFO - Processing file /opt/airflow/dags/monitor_PWU.py for tasks to queue
[2025-05-13T03:50:38.681+0000] {logging_mixin.py:188} INFO - [2025-05-13T03:50:38.680+0000] {dagbag.py:540} INFO - Filling up the DagBag from /opt/airflow/dags/monitor_PWU.py
[2025-05-13T03:50:38.708+0000] {processor.py:840} INFO - DAG(s) 'monitor_PWU' retrieved from /opt/airflow/dags/monitor_PWU.py
[2025-05-13T03:50:38.735+0000] {logging_mixin.py:188} INFO - [2025-05-13T03:50:38.734+0000] {dag.py:3096} INFO - Sync 1 DAGs
[2025-05-13T03:50:38.762+0000] {logging_mixin.py:188} INFO - [2025-05-13T03:50:38.762+0000] {dag.py:3954} INFO - Setting next_dagrun for monitor_PWU to 2025-05-13 03:00:00+00:00, run_after=2025-05-13 04:00:00+00:00
[2025-05-13T03:50:38.788+0000] {processor.py:183} INFO - Processing /opt/airflow/dags/monitor_PWU.py took 0.127 seconds
[2025-05-13T03:51:09.519+0000] {processor.py:161} INFO - Started process (PID=513) to work on /opt/airflow/dags/monitor_PWU.py
[2025-05-13T03:51:09.522+0000] {processor.py:830} INFO - Processing file /opt/airflow/dags/monitor_PWU.py for tasks to queue
[2025-05-13T03:51:09.525+0000] {logging_mixin.py:188} INFO - [2025-05-13T03:51:09.525+0000] {dagbag.py:540} INFO - Filling up the DagBag from /opt/airflow/dags/monitor_PWU.py
[2025-05-13T03:51:09.563+0000] {processor.py:840} INFO - DAG(s) 'monitor_PWU' retrieved from /opt/airflow/dags/monitor_PWU.py
[2025-05-13T03:51:09.609+0000] {logging_mixin.py:188} INFO - [2025-05-13T03:51:09.609+0000] {dag.py:3096} INFO - Sync 1 DAGs
[2025-05-13T03:51:09.652+0000] {logging_mixin.py:188} INFO - [2025-05-13T03:51:09.651+0000] {dag.py:3954} INFO - Setting next_dagrun for monitor_PWU to 2025-05-13 03:00:00+00:00, run_after=2025-05-13 04:00:00+00:00
[2025-05-13T03:51:09.677+0000] {processor.py:183} INFO - Processing /opt/airflow/dags/monitor_PWU.py took 0.167 seconds
[2025-05-13T03:51:40.416+0000] {processor.py:161} INFO - Started process (PID=597) to work on /opt/airflow/dags/monitor_PWU.py
[2025-05-13T03:51:40.418+0000] {processor.py:830} INFO - Processing file /opt/airflow/dags/monitor_PWU.py for tasks to queue
[2025-05-13T03:51:40.421+0000] {logging_mixin.py:188} INFO - [2025-05-13T03:51:40.421+0000] {dagbag.py:540} INFO - Filling up the DagBag from /opt/airflow/dags/monitor_PWU.py
[2025-05-13T03:51:40.451+0000] {processor.py:840} INFO - DAG(s) 'monitor_PWU' retrieved from /opt/airflow/dags/monitor_PWU.py
[2025-05-13T03:51:40.477+0000] {logging_mixin.py:188} INFO - [2025-05-13T03:51:40.477+0000] {dag.py:3096} INFO - Sync 1 DAGs
[2025-05-13T03:51:40.518+0000] {logging_mixin.py:188} INFO - [2025-05-13T03:51:40.518+0000] {dag.py:3954} INFO - Setting next_dagrun for monitor_PWU to 2025-05-13 03:00:00+00:00, run_after=2025-05-13 04:00:00+00:00
[2025-05-13T03:51:40.545+0000] {processor.py:183} INFO - Processing /opt/airflow/dags/monitor_PWU.py took 0.139 seconds
