[2025-05-13T03:34:02.184+0000] {processor.py:161} INFO - Started process (PID=164) to work on /opt/airflow/dags/retrain_T3_dag.py
[2025-05-13T03:34:02.185+0000] {processor.py:830} INFO - Processing file /opt/airflow/dags/retrain_T3_dag.py for tasks to queue
[2025-05-13T03:34:02.188+0000] {logging_mixin.py:188} INFO - [2025-05-13T03:34:02.188+0000] {dagbag.py:540} INFO - Filling up the DagBag from /opt/airflow/dags/retrain_T3_dag.py
[2025-05-13T03:34:02.231+0000] {processor.py:840} INFO - DAG(s) 'retrain_T3_dag' retrieved from /opt/airflow/dags/retrain_T3_dag.py
[2025-05-13T03:34:02.635+0000] {logging_mixin.py:188} INFO - [2025-05-13T03:34:02.635+0000] {override.py:1829} INFO - Created Permission View: can delete on DAG:retrain_T3_dag
[2025-05-13T03:34:02.648+0000] {logging_mixin.py:188} INFO - [2025-05-13T03:34:02.647+0000] {override.py:1829} INFO - Created Permission View: can read on DAG:retrain_T3_dag
[2025-05-13T03:34:02.656+0000] {logging_mixin.py:188} INFO - [2025-05-13T03:34:02.655+0000] {override.py:1829} INFO - Created Permission View: can edit on DAG:retrain_T3_dag
[2025-05-13T03:34:02.657+0000] {logging_mixin.py:188} INFO - [2025-05-13T03:34:02.657+0000] {dag.py:3096} INFO - Sync 1 DAGs
[2025-05-13T03:34:02.672+0000] {logging_mixin.py:188} INFO - [2025-05-13T03:34:02.672+0000] {dag.py:3118} INFO - Creating ORM DAG for retrain_T3_dag
[2025-05-13T03:34:02.674+0000] {logging_mixin.py:188} INFO - [2025-05-13T03:34:02.673+0000] {dag.py:3954} INFO - Setting next_dagrun for retrain_T3_dag to None, run_after=None
[2025-05-13T03:34:02.696+0000] {processor.py:183} INFO - Processing /opt/airflow/dags/retrain_T3_dag.py took 0.519 seconds
[2025-05-13T03:34:33.360+0000] {processor.py:161} INFO - Started process (PID=184) to work on /opt/airflow/dags/retrain_T3_dag.py
[2025-05-13T03:34:33.370+0000] {processor.py:830} INFO - Processing file /opt/airflow/dags/retrain_T3_dag.py for tasks to queue
[2025-05-13T03:34:33.373+0000] {logging_mixin.py:188} INFO - [2025-05-13T03:34:33.373+0000] {dagbag.py:540} INFO - Filling up the DagBag from /opt/airflow/dags/retrain_T3_dag.py
[2025-05-13T03:34:33.401+0000] {processor.py:840} INFO - DAG(s) 'retrain_T3_dag' retrieved from /opt/airflow/dags/retrain_T3_dag.py
[2025-05-13T03:34:33.435+0000] {logging_mixin.py:188} INFO - [2025-05-13T03:34:33.434+0000] {dag.py:3096} INFO - Sync 1 DAGs
[2025-05-13T03:34:33.455+0000] {logging_mixin.py:188} INFO - [2025-05-13T03:34:33.455+0000] {dag.py:3954} INFO - Setting next_dagrun for retrain_T3_dag to None, run_after=None
[2025-05-13T03:34:33.482+0000] {processor.py:183} INFO - Processing /opt/airflow/dags/retrain_T3_dag.py took 0.131 seconds
[2025-05-13T03:35:03.996+0000] {processor.py:161} INFO - Started process (PID=206) to work on /opt/airflow/dags/retrain_T3_dag.py
[2025-05-13T03:35:03.997+0000] {processor.py:830} INFO - Processing file /opt/airflow/dags/retrain_T3_dag.py for tasks to queue
[2025-05-13T03:35:04.001+0000] {logging_mixin.py:188} INFO - [2025-05-13T03:35:04.001+0000] {dagbag.py:540} INFO - Filling up the DagBag from /opt/airflow/dags/retrain_T3_dag.py
[2025-05-13T03:35:04.024+0000] {processor.py:840} INFO - DAG(s) 'retrain_T3_dag' retrieved from /opt/airflow/dags/retrain_T3_dag.py
[2025-05-13T03:35:04.048+0000] {logging_mixin.py:188} INFO - [2025-05-13T03:35:04.048+0000] {dag.py:3096} INFO - Sync 1 DAGs
[2025-05-13T03:35:04.062+0000] {logging_mixin.py:188} INFO - [2025-05-13T03:35:04.062+0000] {dag.py:3954} INFO - Setting next_dagrun for retrain_T3_dag to None, run_after=None
[2025-05-13T03:35:04.082+0000] {processor.py:183} INFO - Processing /opt/airflow/dags/retrain_T3_dag.py took 0.094 seconds
[2025-05-13T03:35:34.685+0000] {processor.py:161} INFO - Started process (PID=242) to work on /opt/airflow/dags/retrain_T3_dag.py
[2025-05-13T03:35:34.688+0000] {processor.py:830} INFO - Processing file /opt/airflow/dags/retrain_T3_dag.py for tasks to queue
[2025-05-13T03:35:34.690+0000] {logging_mixin.py:188} INFO - [2025-05-13T03:35:34.690+0000] {dagbag.py:540} INFO - Filling up the DagBag from /opt/airflow/dags/retrain_T3_dag.py
[2025-05-13T03:35:34.708+0000] {processor.py:840} INFO - DAG(s) 'retrain_T3_dag' retrieved from /opt/airflow/dags/retrain_T3_dag.py
[2025-05-13T03:35:34.727+0000] {logging_mixin.py:188} INFO - [2025-05-13T03:35:34.727+0000] {dag.py:3096} INFO - Sync 1 DAGs
[2025-05-13T03:35:34.740+0000] {logging_mixin.py:188} INFO - [2025-05-13T03:35:34.740+0000] {dag.py:3954} INFO - Setting next_dagrun for retrain_T3_dag to None, run_after=None
[2025-05-13T03:35:34.758+0000] {processor.py:183} INFO - Processing /opt/airflow/dags/retrain_T3_dag.py took 0.084 seconds
[2025-05-13T03:36:05.346+0000] {processor.py:161} INFO - Started process (PID=262) to work on /opt/airflow/dags/retrain_T3_dag.py
[2025-05-13T03:36:05.348+0000] {processor.py:830} INFO - Processing file /opt/airflow/dags/retrain_T3_dag.py for tasks to queue
[2025-05-13T03:36:05.349+0000] {logging_mixin.py:188} INFO - [2025-05-13T03:36:05.349+0000] {dagbag.py:540} INFO - Filling up the DagBag from /opt/airflow/dags/retrain_T3_dag.py
[2025-05-13T03:36:05.368+0000] {processor.py:840} INFO - DAG(s) 'retrain_T3_dag' retrieved from /opt/airflow/dags/retrain_T3_dag.py
[2025-05-13T03:36:05.391+0000] {logging_mixin.py:188} INFO - [2025-05-13T03:36:05.390+0000] {dag.py:3096} INFO - Sync 1 DAGs
[2025-05-13T03:36:05.403+0000] {logging_mixin.py:188} INFO - [2025-05-13T03:36:05.403+0000] {dag.py:3954} INFO - Setting next_dagrun for retrain_T3_dag to None, run_after=None
[2025-05-13T03:36:05.421+0000] {processor.py:183} INFO - Processing /opt/airflow/dags/retrain_T3_dag.py took 0.082 seconds
[2025-05-13T03:36:36.111+0000] {processor.py:161} INFO - Started process (PID=282) to work on /opt/airflow/dags/retrain_T3_dag.py
[2025-05-13T03:36:36.112+0000] {processor.py:830} INFO - Processing file /opt/airflow/dags/retrain_T3_dag.py for tasks to queue
[2025-05-13T03:36:36.113+0000] {logging_mixin.py:188} INFO - [2025-05-13T03:36:36.113+0000] {dagbag.py:540} INFO - Filling up the DagBag from /opt/airflow/dags/retrain_T3_dag.py
[2025-05-13T03:36:36.131+0000] {processor.py:840} INFO - DAG(s) 'retrain_T3_dag' retrieved from /opt/airflow/dags/retrain_T3_dag.py
[2025-05-13T03:36:36.154+0000] {logging_mixin.py:188} INFO - [2025-05-13T03:36:36.154+0000] {dag.py:3096} INFO - Sync 1 DAGs
[2025-05-13T03:36:36.168+0000] {logging_mixin.py:188} INFO - [2025-05-13T03:36:36.168+0000] {dag.py:3954} INFO - Setting next_dagrun for retrain_T3_dag to None, run_after=None
[2025-05-13T03:36:36.187+0000] {processor.py:183} INFO - Processing /opt/airflow/dags/retrain_T3_dag.py took 0.082 seconds
[2025-05-13T03:37:06.908+0000] {processor.py:161} INFO - Started process (PID=302) to work on /opt/airflow/dags/retrain_T3_dag.py
[2025-05-13T03:37:06.909+0000] {processor.py:830} INFO - Processing file /opt/airflow/dags/retrain_T3_dag.py for tasks to queue
[2025-05-13T03:37:06.912+0000] {logging_mixin.py:188} INFO - [2025-05-13T03:37:06.911+0000] {dagbag.py:540} INFO - Filling up the DagBag from /opt/airflow/dags/retrain_T3_dag.py
[2025-05-13T03:37:06.934+0000] {processor.py:840} INFO - DAG(s) 'retrain_T3_dag' retrieved from /opt/airflow/dags/retrain_T3_dag.py
[2025-05-13T03:37:06.956+0000] {logging_mixin.py:188} INFO - [2025-05-13T03:37:06.956+0000] {dag.py:3096} INFO - Sync 1 DAGs
[2025-05-13T03:37:06.969+0000] {logging_mixin.py:188} INFO - [2025-05-13T03:37:06.968+0000] {dag.py:3954} INFO - Setting next_dagrun for retrain_T3_dag to None, run_after=None
[2025-05-13T03:37:06.987+0000] {processor.py:183} INFO - Processing /opt/airflow/dags/retrain_T3_dag.py took 0.089 seconds
[2025-05-13T03:37:37.645+0000] {processor.py:161} INFO - Started process (PID=322) to work on /opt/airflow/dags/retrain_T3_dag.py
[2025-05-13T03:37:37.646+0000] {processor.py:830} INFO - Processing file /opt/airflow/dags/retrain_T3_dag.py for tasks to queue
[2025-05-13T03:37:37.649+0000] {logging_mixin.py:188} INFO - [2025-05-13T03:37:37.648+0000] {dagbag.py:540} INFO - Filling up the DagBag from /opt/airflow/dags/retrain_T3_dag.py
[2025-05-13T03:37:37.672+0000] {processor.py:840} INFO - DAG(s) 'retrain_T3_dag' retrieved from /opt/airflow/dags/retrain_T3_dag.py
[2025-05-13T03:37:37.692+0000] {logging_mixin.py:188} INFO - [2025-05-13T03:37:37.692+0000] {dag.py:3096} INFO - Sync 1 DAGs
[2025-05-13T03:37:37.706+0000] {logging_mixin.py:188} INFO - [2025-05-13T03:37:37.706+0000] {dag.py:3954} INFO - Setting next_dagrun for retrain_T3_dag to None, run_after=None
[2025-05-13T03:37:37.725+0000] {processor.py:183} INFO - Processing /opt/airflow/dags/retrain_T3_dag.py took 0.087 seconds
[2025-05-13T03:38:34.743+0000] {processor.py:161} INFO - Started process (PID=164) to work on /opt/airflow/dags/retrain_T3_dag.py
[2025-05-13T03:38:34.744+0000] {processor.py:830} INFO - Processing file /opt/airflow/dags/retrain_T3_dag.py for tasks to queue
[2025-05-13T03:38:34.746+0000] {logging_mixin.py:188} INFO - [2025-05-13T03:38:34.746+0000] {dagbag.py:540} INFO - Filling up the DagBag from /opt/airflow/dags/retrain_T3_dag.py
[2025-05-13T03:38:34.775+0000] {processor.py:840} INFO - DAG(s) 'retrain_T3_dag' retrieved from /opt/airflow/dags/retrain_T3_dag.py
[2025-05-13T03:38:35.057+0000] {logging_mixin.py:188} INFO - [2025-05-13T03:38:35.057+0000] {override.py:1829} INFO - Created Permission View: can read on DAG:retrain_T3_dag
[2025-05-13T03:38:35.067+0000] {logging_mixin.py:188} INFO - [2025-05-13T03:38:35.067+0000] {override.py:1829} INFO - Created Permission View: can delete on DAG:retrain_T3_dag
[2025-05-13T03:38:35.075+0000] {logging_mixin.py:188} INFO - [2025-05-13T03:38:35.075+0000] {override.py:1829} INFO - Created Permission View: can edit on DAG:retrain_T3_dag
[2025-05-13T03:38:35.076+0000] {logging_mixin.py:188} INFO - [2025-05-13T03:38:35.076+0000] {dag.py:3096} INFO - Sync 1 DAGs
[2025-05-13T03:38:35.088+0000] {logging_mixin.py:188} INFO - [2025-05-13T03:38:35.088+0000] {dag.py:3118} INFO - Creating ORM DAG for retrain_T3_dag
[2025-05-13T03:38:35.089+0000] {logging_mixin.py:188} INFO - [2025-05-13T03:38:35.089+0000] {dag.py:3954} INFO - Setting next_dagrun for retrain_T3_dag to None, run_after=None
[2025-05-13T03:38:35.106+0000] {processor.py:183} INFO - Processing /opt/airflow/dags/retrain_T3_dag.py took 0.372 seconds
[2025-05-13T03:39:05.910+0000] {processor.py:161} INFO - Started process (PID=184) to work on /opt/airflow/dags/retrain_T3_dag.py
[2025-05-13T03:39:05.911+0000] {processor.py:830} INFO - Processing file /opt/airflow/dags/retrain_T3_dag.py for tasks to queue
[2025-05-13T03:39:05.914+0000] {logging_mixin.py:188} INFO - [2025-05-13T03:39:05.914+0000] {dagbag.py:540} INFO - Filling up the DagBag from /opt/airflow/dags/retrain_T3_dag.py
[2025-05-13T03:39:05.933+0000] {processor.py:840} INFO - DAG(s) 'retrain_T3_dag' retrieved from /opt/airflow/dags/retrain_T3_dag.py
[2025-05-13T03:39:05.953+0000] {logging_mixin.py:188} INFO - [2025-05-13T03:39:05.952+0000] {dag.py:3096} INFO - Sync 1 DAGs
[2025-05-13T03:39:05.965+0000] {logging_mixin.py:188} INFO - [2025-05-13T03:39:05.964+0000] {dag.py:3954} INFO - Setting next_dagrun for retrain_T3_dag to None, run_after=None
[2025-05-13T03:39:05.982+0000] {processor.py:183} INFO - Processing /opt/airflow/dags/retrain_T3_dag.py took 0.079 seconds
[2025-05-13T03:39:36.676+0000] {processor.py:161} INFO - Started process (PID=204) to work on /opt/airflow/dags/retrain_T3_dag.py
[2025-05-13T03:39:36.677+0000] {processor.py:830} INFO - Processing file /opt/airflow/dags/retrain_T3_dag.py for tasks to queue
[2025-05-13T03:39:36.679+0000] {logging_mixin.py:188} INFO - [2025-05-13T03:39:36.678+0000] {dagbag.py:540} INFO - Filling up the DagBag from /opt/airflow/dags/retrain_T3_dag.py
[2025-05-13T03:39:36.694+0000] {processor.py:840} INFO - DAG(s) 'retrain_T3_dag' retrieved from /opt/airflow/dags/retrain_T3_dag.py
[2025-05-13T03:39:36.713+0000] {logging_mixin.py:188} INFO - [2025-05-13T03:39:36.713+0000] {dag.py:3096} INFO - Sync 1 DAGs
[2025-05-13T03:39:36.729+0000] {logging_mixin.py:188} INFO - [2025-05-13T03:39:36.729+0000] {dag.py:3954} INFO - Setting next_dagrun for retrain_T3_dag to None, run_after=None
[2025-05-13T03:39:36.749+0000] {processor.py:183} INFO - Processing /opt/airflow/dags/retrain_T3_dag.py took 0.080 seconds
[2025-05-13T03:40:07.442+0000] {processor.py:161} INFO - Started process (PID=224) to work on /opt/airflow/dags/retrain_T3_dag.py
[2025-05-13T03:40:07.443+0000] {processor.py:830} INFO - Processing file /opt/airflow/dags/retrain_T3_dag.py for tasks to queue
[2025-05-13T03:40:07.445+0000] {logging_mixin.py:188} INFO - [2025-05-13T03:40:07.445+0000] {dagbag.py:540} INFO - Filling up the DagBag from /opt/airflow/dags/retrain_T3_dag.py
[2025-05-13T03:40:07.468+0000] {processor.py:840} INFO - DAG(s) 'retrain_T3_dag' retrieved from /opt/airflow/dags/retrain_T3_dag.py
[2025-05-13T03:40:07.489+0000] {logging_mixin.py:188} INFO - [2025-05-13T03:40:07.489+0000] {dag.py:3096} INFO - Sync 1 DAGs
[2025-05-13T03:40:07.501+0000] {logging_mixin.py:188} INFO - [2025-05-13T03:40:07.501+0000] {dag.py:3954} INFO - Setting next_dagrun for retrain_T3_dag to None, run_after=None
[2025-05-13T03:40:07.519+0000] {processor.py:183} INFO - Processing /opt/airflow/dags/retrain_T3_dag.py took 0.089 seconds
[2025-05-13T03:40:38.258+0000] {processor.py:161} INFO - Started process (PID=244) to work on /opt/airflow/dags/retrain_T3_dag.py
[2025-05-13T03:40:38.259+0000] {processor.py:830} INFO - Processing file /opt/airflow/dags/retrain_T3_dag.py for tasks to queue
[2025-05-13T03:40:38.262+0000] {logging_mixin.py:188} INFO - [2025-05-13T03:40:38.261+0000] {dagbag.py:540} INFO - Filling up the DagBag from /opt/airflow/dags/retrain_T3_dag.py
[2025-05-13T03:40:38.285+0000] {processor.py:840} INFO - DAG(s) 'retrain_T3_dag' retrieved from /opt/airflow/dags/retrain_T3_dag.py
[2025-05-13T03:40:38.306+0000] {logging_mixin.py:188} INFO - [2025-05-13T03:40:38.306+0000] {dag.py:3096} INFO - Sync 1 DAGs
[2025-05-13T03:40:38.320+0000] {logging_mixin.py:188} INFO - [2025-05-13T03:40:38.320+0000] {dag.py:3954} INFO - Setting next_dagrun for retrain_T3_dag to None, run_after=None
[2025-05-13T03:40:38.345+0000] {processor.py:183} INFO - Processing /opt/airflow/dags/retrain_T3_dag.py took 0.096 seconds
[2025-05-13T03:41:08.967+0000] {processor.py:161} INFO - Started process (PID=315) to work on /opt/airflow/dags/retrain_T3_dag.py
[2025-05-13T03:41:08.968+0000] {processor.py:830} INFO - Processing file /opt/airflow/dags/retrain_T3_dag.py for tasks to queue
[2025-05-13T03:41:08.972+0000] {logging_mixin.py:188} INFO - [2025-05-13T03:41:08.971+0000] {dagbag.py:540} INFO - Filling up the DagBag from /opt/airflow/dags/retrain_T3_dag.py
[2025-05-13T03:41:08.999+0000] {processor.py:840} INFO - DAG(s) 'retrain_T3_dag' retrieved from /opt/airflow/dags/retrain_T3_dag.py
[2025-05-13T03:41:09.028+0000] {logging_mixin.py:188} INFO - [2025-05-13T03:41:09.027+0000] {dag.py:3096} INFO - Sync 1 DAGs
[2025-05-13T03:41:09.066+0000] {logging_mixin.py:188} INFO - [2025-05-13T03:41:09.065+0000] {dag.py:3954} INFO - Setting next_dagrun for retrain_T3_dag to None, run_after=None
[2025-05-13T03:41:09.104+0000] {processor.py:183} INFO - Processing /opt/airflow/dags/retrain_T3_dag.py took 0.144 seconds
[2025-05-13T03:41:39.815+0000] {processor.py:161} INFO - Started process (PID=335) to work on /opt/airflow/dags/retrain_T3_dag.py
[2025-05-13T03:41:39.816+0000] {processor.py:830} INFO - Processing file /opt/airflow/dags/retrain_T3_dag.py for tasks to queue
[2025-05-13T03:41:39.818+0000] {logging_mixin.py:188} INFO - [2025-05-13T03:41:39.818+0000] {dagbag.py:540} INFO - Filling up the DagBag from /opt/airflow/dags/retrain_T3_dag.py
[2025-05-13T03:41:39.855+0000] {processor.py:840} INFO - DAG(s) 'retrain_T3_dag' retrieved from /opt/airflow/dags/retrain_T3_dag.py
[2025-05-13T03:41:39.898+0000] {logging_mixin.py:188} INFO - [2025-05-13T03:41:39.898+0000] {dag.py:3096} INFO - Sync 1 DAGs
[2025-05-13T03:41:39.913+0000] {logging_mixin.py:188} INFO - [2025-05-13T03:41:39.913+0000] {dag.py:3954} INFO - Setting next_dagrun for retrain_T3_dag to None, run_after=None
[2025-05-13T03:41:39.942+0000] {processor.py:183} INFO - Processing /opt/airflow/dags/retrain_T3_dag.py took 0.137 seconds
[2025-05-13T03:42:10.869+0000] {processor.py:161} INFO - Started process (PID=355) to work on /opt/airflow/dags/retrain_T3_dag.py
[2025-05-13T03:42:10.883+0000] {processor.py:830} INFO - Processing file /opt/airflow/dags/retrain_T3_dag.py for tasks to queue
[2025-05-13T03:42:10.894+0000] {logging_mixin.py:188} INFO - [2025-05-13T03:42:10.893+0000] {dagbag.py:540} INFO - Filling up the DagBag from /opt/airflow/dags/retrain_T3_dag.py
[2025-05-13T03:42:10.973+0000] {processor.py:840} INFO - DAG(s) 'retrain_T3_dag' retrieved from /opt/airflow/dags/retrain_T3_dag.py
[2025-05-13T03:42:11.022+0000] {logging_mixin.py:188} INFO - [2025-05-13T03:42:11.022+0000] {dag.py:3096} INFO - Sync 1 DAGs
[2025-05-13T03:42:11.075+0000] {logging_mixin.py:188} INFO - [2025-05-13T03:42:11.075+0000] {dag.py:3954} INFO - Setting next_dagrun for retrain_T3_dag to None, run_after=None
[2025-05-13T03:42:11.140+0000] {processor.py:183} INFO - Processing /opt/airflow/dags/retrain_T3_dag.py took 0.284 seconds
[2025-05-13T03:42:41.965+0000] {processor.py:161} INFO - Started process (PID=375) to work on /opt/airflow/dags/retrain_T3_dag.py
[2025-05-13T03:42:41.967+0000] {processor.py:830} INFO - Processing file /opt/airflow/dags/retrain_T3_dag.py for tasks to queue
[2025-05-13T03:42:41.972+0000] {logging_mixin.py:188} INFO - [2025-05-13T03:42:41.971+0000] {dagbag.py:540} INFO - Filling up the DagBag from /opt/airflow/dags/retrain_T3_dag.py
[2025-05-13T03:42:41.996+0000] {processor.py:840} INFO - DAG(s) 'retrain_T3_dag' retrieved from /opt/airflow/dags/retrain_T3_dag.py
[2025-05-13T03:42:42.027+0000] {logging_mixin.py:188} INFO - [2025-05-13T03:42:42.026+0000] {dag.py:3096} INFO - Sync 1 DAGs
[2025-05-13T03:42:42.063+0000] {logging_mixin.py:188} INFO - [2025-05-13T03:42:42.063+0000] {dag.py:3954} INFO - Setting next_dagrun for retrain_T3_dag to None, run_after=None
[2025-05-13T03:42:42.098+0000] {processor.py:183} INFO - Processing /opt/airflow/dags/retrain_T3_dag.py took 0.148 seconds
[2025-05-13T03:43:56.290+0000] {processor.py:161} INFO - Started process (PID=164) to work on /opt/airflow/dags/retrain_T3_dag.py
[2025-05-13T03:43:56.291+0000] {processor.py:830} INFO - Processing file /opt/airflow/dags/retrain_T3_dag.py for tasks to queue
[2025-05-13T03:43:56.293+0000] {logging_mixin.py:188} INFO - [2025-05-13T03:43:56.292+0000] {dagbag.py:540} INFO - Filling up the DagBag from /opt/airflow/dags/retrain_T3_dag.py
[2025-05-13T03:43:56.328+0000] {processor.py:840} INFO - DAG(s) 'retrain_T3_dag' retrieved from /opt/airflow/dags/retrain_T3_dag.py
[2025-05-13T03:43:56.615+0000] {logging_mixin.py:188} INFO - [2025-05-13T03:43:56.615+0000] {override.py:1829} INFO - Created Permission View: can delete on DAG:retrain_T3_dag
[2025-05-13T03:43:56.627+0000] {logging_mixin.py:188} INFO - [2025-05-13T03:43:56.627+0000] {override.py:1829} INFO - Created Permission View: can edit on DAG:retrain_T3_dag
[2025-05-13T03:43:56.636+0000] {logging_mixin.py:188} INFO - [2025-05-13T03:43:56.636+0000] {override.py:1829} INFO - Created Permission View: can read on DAG:retrain_T3_dag
[2025-05-13T03:43:56.637+0000] {logging_mixin.py:188} INFO - [2025-05-13T03:43:56.637+0000] {dag.py:3096} INFO - Sync 1 DAGs
[2025-05-13T03:43:56.657+0000] {logging_mixin.py:188} INFO - [2025-05-13T03:43:56.657+0000] {dag.py:3118} INFO - Creating ORM DAG for retrain_T3_dag
[2025-05-13T03:43:56.658+0000] {logging_mixin.py:188} INFO - [2025-05-13T03:43:56.658+0000] {dag.py:3954} INFO - Setting next_dagrun for retrain_T3_dag to None, run_after=None
[2025-05-13T03:43:56.675+0000] {processor.py:183} INFO - Processing /opt/airflow/dags/retrain_T3_dag.py took 0.391 seconds
[2025-05-13T03:44:27.473+0000] {processor.py:161} INFO - Started process (PID=209) to work on /opt/airflow/dags/retrain_T3_dag.py
[2025-05-13T03:44:27.474+0000] {processor.py:830} INFO - Processing file /opt/airflow/dags/retrain_T3_dag.py for tasks to queue
[2025-05-13T03:44:27.477+0000] {logging_mixin.py:188} INFO - [2025-05-13T03:44:27.476+0000] {dagbag.py:540} INFO - Filling up the DagBag from /opt/airflow/dags/retrain_T3_dag.py
[2025-05-13T03:44:27.495+0000] {processor.py:840} INFO - DAG(s) 'retrain_T3_dag' retrieved from /opt/airflow/dags/retrain_T3_dag.py
[2025-05-13T03:44:27.517+0000] {logging_mixin.py:188} INFO - [2025-05-13T03:44:27.516+0000] {dag.py:3096} INFO - Sync 1 DAGs
[2025-05-13T03:44:27.530+0000] {logging_mixin.py:188} INFO - [2025-05-13T03:44:27.530+0000] {dag.py:3954} INFO - Setting next_dagrun for retrain_T3_dag to None, run_after=None
[2025-05-13T03:44:27.550+0000] {processor.py:183} INFO - Processing /opt/airflow/dags/retrain_T3_dag.py took 0.083 seconds
[2025-05-13T03:44:58.217+0000] {processor.py:161} INFO - Started process (PID=258) to work on /opt/airflow/dags/retrain_T3_dag.py
[2025-05-13T03:44:58.218+0000] {processor.py:830} INFO - Processing file /opt/airflow/dags/retrain_T3_dag.py for tasks to queue
[2025-05-13T03:44:58.221+0000] {logging_mixin.py:188} INFO - [2025-05-13T03:44:58.220+0000] {dagbag.py:540} INFO - Filling up the DagBag from /opt/airflow/dags/retrain_T3_dag.py
[2025-05-13T03:44:58.413+0000] {processor.py:840} INFO - DAG(s) 'retrain_T3_dag' retrieved from /opt/airflow/dags/retrain_T3_dag.py
[2025-05-13T03:44:58.512+0000] {logging_mixin.py:188} INFO - [2025-05-13T03:44:58.512+0000] {dag.py:3096} INFO - Sync 1 DAGs
[2025-05-13T03:44:58.698+0000] {logging_mixin.py:188} INFO - [2025-05-13T03:44:58.697+0000] {dag.py:3954} INFO - Setting next_dagrun for retrain_T3_dag to None, run_after=None
[2025-05-13T03:44:58.814+0000] {processor.py:183} INFO - Processing /opt/airflow/dags/retrain_T3_dag.py took 0.607 seconds
[2025-05-13T03:45:29.579+0000] {processor.py:161} INFO - Started process (PID=278) to work on /opt/airflow/dags/retrain_T3_dag.py
[2025-05-13T03:45:29.604+0000] {processor.py:830} INFO - Processing file /opt/airflow/dags/retrain_T3_dag.py for tasks to queue
[2025-05-13T03:45:29.608+0000] {logging_mixin.py:188} INFO - [2025-05-13T03:45:29.607+0000] {dagbag.py:540} INFO - Filling up the DagBag from /opt/airflow/dags/retrain_T3_dag.py
[2025-05-13T03:45:29.641+0000] {processor.py:840} INFO - DAG(s) 'retrain_T3_dag' retrieved from /opt/airflow/dags/retrain_T3_dag.py
[2025-05-13T03:45:29.689+0000] {logging_mixin.py:188} INFO - [2025-05-13T03:45:29.688+0000] {dag.py:3096} INFO - Sync 1 DAGs
[2025-05-13T03:45:29.707+0000] {logging_mixin.py:188} INFO - [2025-05-13T03:45:29.707+0000] {dag.py:3954} INFO - Setting next_dagrun for retrain_T3_dag to None, run_after=None
[2025-05-13T03:45:29.737+0000] {processor.py:183} INFO - Processing /opt/airflow/dags/retrain_T3_dag.py took 0.171 seconds
[2025-05-13T03:46:00.566+0000] {processor.py:161} INFO - Started process (PID=298) to work on /opt/airflow/dags/retrain_T3_dag.py
[2025-05-13T03:46:00.569+0000] {processor.py:830} INFO - Processing file /opt/airflow/dags/retrain_T3_dag.py for tasks to queue
[2025-05-13T03:46:00.581+0000] {logging_mixin.py:188} INFO - [2025-05-13T03:46:00.576+0000] {dagbag.py:540} INFO - Filling up the DagBag from /opt/airflow/dags/retrain_T3_dag.py
[2025-05-13T03:46:00.675+0000] {processor.py:840} INFO - DAG(s) 'retrain_T3_dag' retrieved from /opt/airflow/dags/retrain_T3_dag.py
[2025-05-13T03:46:00.729+0000] {logging_mixin.py:188} INFO - [2025-05-13T03:46:00.729+0000] {dag.py:3096} INFO - Sync 1 DAGs
[2025-05-13T03:46:00.800+0000] {logging_mixin.py:188} INFO - [2025-05-13T03:46:00.800+0000] {dag.py:3954} INFO - Setting next_dagrun for retrain_T3_dag to None, run_after=None
[2025-05-13T03:46:00.853+0000] {processor.py:183} INFO - Processing /opt/airflow/dags/retrain_T3_dag.py took 0.306 seconds
[2025-05-13T03:46:31.647+0000] {processor.py:161} INFO - Started process (PID=318) to work on /opt/airflow/dags/retrain_T3_dag.py
[2025-05-13T03:46:31.651+0000] {processor.py:830} INFO - Processing file /opt/airflow/dags/retrain_T3_dag.py for tasks to queue
[2025-05-13T03:46:31.659+0000] {logging_mixin.py:188} INFO - [2025-05-13T03:46:31.658+0000] {dagbag.py:540} INFO - Filling up the DagBag from /opt/airflow/dags/retrain_T3_dag.py
[2025-05-13T03:46:31.697+0000] {processor.py:840} INFO - DAG(s) 'retrain_T3_dag' retrieved from /opt/airflow/dags/retrain_T3_dag.py
[2025-05-13T03:46:31.774+0000] {logging_mixin.py:188} INFO - [2025-05-13T03:46:31.774+0000] {dag.py:3096} INFO - Sync 1 DAGs
[2025-05-13T03:46:31.814+0000] {logging_mixin.py:188} INFO - [2025-05-13T03:46:31.814+0000] {dag.py:3954} INFO - Setting next_dagrun for retrain_T3_dag to None, run_after=None
[2025-05-13T03:46:31.854+0000] {processor.py:183} INFO - Processing /opt/airflow/dags/retrain_T3_dag.py took 0.218 seconds
[2025-05-13T03:47:02.708+0000] {processor.py:161} INFO - Started process (PID=338) to work on /opt/airflow/dags/retrain_T3_dag.py
[2025-05-13T03:47:02.710+0000] {processor.py:830} INFO - Processing file /opt/airflow/dags/retrain_T3_dag.py for tasks to queue
[2025-05-13T03:47:02.712+0000] {logging_mixin.py:188} INFO - [2025-05-13T03:47:02.712+0000] {dagbag.py:540} INFO - Filling up the DagBag from /opt/airflow/dags/retrain_T3_dag.py
[2025-05-13T03:47:02.767+0000] {processor.py:840} INFO - DAG(s) 'retrain_T3_dag' retrieved from /opt/airflow/dags/retrain_T3_dag.py
[2025-05-13T03:47:02.810+0000] {logging_mixin.py:188} INFO - [2025-05-13T03:47:02.809+0000] {dag.py:3096} INFO - Sync 1 DAGs
[2025-05-13T03:47:02.840+0000] {logging_mixin.py:188} INFO - [2025-05-13T03:47:02.839+0000] {dag.py:3954} INFO - Setting next_dagrun for retrain_T3_dag to None, run_after=None
[2025-05-13T03:47:02.877+0000] {processor.py:183} INFO - Processing /opt/airflow/dags/retrain_T3_dag.py took 0.180 seconds
[2025-05-13T03:47:33.681+0000] {processor.py:161} INFO - Started process (PID=360) to work on /opt/airflow/dags/retrain_T3_dag.py
[2025-05-13T03:47:33.683+0000] {processor.py:830} INFO - Processing file /opt/airflow/dags/retrain_T3_dag.py for tasks to queue
[2025-05-13T03:47:33.688+0000] {logging_mixin.py:188} INFO - [2025-05-13T03:47:33.686+0000] {dagbag.py:540} INFO - Filling up the DagBag from /opt/airflow/dags/retrain_T3_dag.py
[2025-05-13T03:47:33.715+0000] {processor.py:840} INFO - DAG(s) 'retrain_T3_dag' retrieved from /opt/airflow/dags/retrain_T3_dag.py
[2025-05-13T03:47:33.736+0000] {logging_mixin.py:188} INFO - [2025-05-13T03:47:33.735+0000] {dag.py:3096} INFO - Sync 1 DAGs
[2025-05-13T03:47:33.757+0000] {logging_mixin.py:188} INFO - [2025-05-13T03:47:33.757+0000] {dag.py:3954} INFO - Setting next_dagrun for retrain_T3_dag to None, run_after=None
[2025-05-13T03:47:33.777+0000] {processor.py:183} INFO - Processing /opt/airflow/dags/retrain_T3_dag.py took 0.108 seconds
[2025-05-13T03:48:04.432+0000] {processor.py:161} INFO - Started process (PID=380) to work on /opt/airflow/dags/retrain_T3_dag.py
[2025-05-13T03:48:04.434+0000] {processor.py:830} INFO - Processing file /opt/airflow/dags/retrain_T3_dag.py for tasks to queue
[2025-05-13T03:48:04.436+0000] {logging_mixin.py:188} INFO - [2025-05-13T03:48:04.435+0000] {dagbag.py:540} INFO - Filling up the DagBag from /opt/airflow/dags/retrain_T3_dag.py
[2025-05-13T03:48:04.452+0000] {processor.py:840} INFO - DAG(s) 'retrain_T3_dag' retrieved from /opt/airflow/dags/retrain_T3_dag.py
[2025-05-13T03:48:04.481+0000] {logging_mixin.py:188} INFO - [2025-05-13T03:48:04.480+0000] {dag.py:3096} INFO - Sync 1 DAGs
[2025-05-13T03:48:04.527+0000] {logging_mixin.py:188} INFO - [2025-05-13T03:48:04.527+0000] {dag.py:3954} INFO - Setting next_dagrun for retrain_T3_dag to None, run_after=None
[2025-05-13T03:48:04.556+0000] {processor.py:183} INFO - Processing /opt/airflow/dags/retrain_T3_dag.py took 0.133 seconds
[2025-05-13T03:48:35.213+0000] {processor.py:161} INFO - Started process (PID=400) to work on /opt/airflow/dags/retrain_T3_dag.py
[2025-05-13T03:48:35.214+0000] {processor.py:830} INFO - Processing file /opt/airflow/dags/retrain_T3_dag.py for tasks to queue
[2025-05-13T03:48:35.217+0000] {logging_mixin.py:188} INFO - [2025-05-13T03:48:35.217+0000] {dagbag.py:540} INFO - Filling up the DagBag from /opt/airflow/dags/retrain_T3_dag.py
[2025-05-13T03:48:35.247+0000] {processor.py:840} INFO - DAG(s) 'retrain_T3_dag' retrieved from /opt/airflow/dags/retrain_T3_dag.py
[2025-05-13T03:48:35.285+0000] {logging_mixin.py:188} INFO - [2025-05-13T03:48:35.284+0000] {dag.py:3096} INFO - Sync 1 DAGs
[2025-05-13T03:48:35.326+0000] {logging_mixin.py:188} INFO - [2025-05-13T03:48:35.325+0000] {dag.py:3954} INFO - Setting next_dagrun for retrain_T3_dag to None, run_after=None
[2025-05-13T03:48:35.370+0000] {processor.py:183} INFO - Processing /opt/airflow/dags/retrain_T3_dag.py took 0.167 seconds
[2025-05-13T03:49:06.165+0000] {processor.py:161} INFO - Started process (PID=420) to work on /opt/airflow/dags/retrain_T3_dag.py
[2025-05-13T03:49:06.167+0000] {processor.py:830} INFO - Processing file /opt/airflow/dags/retrain_T3_dag.py for tasks to queue
[2025-05-13T03:49:06.170+0000] {logging_mixin.py:188} INFO - [2025-05-13T03:49:06.170+0000] {dagbag.py:540} INFO - Filling up the DagBag from /opt/airflow/dags/retrain_T3_dag.py
[2025-05-13T03:49:06.198+0000] {processor.py:840} INFO - DAG(s) 'retrain_T3_dag' retrieved from /opt/airflow/dags/retrain_T3_dag.py
[2025-05-13T03:49:06.223+0000] {logging_mixin.py:188} INFO - [2025-05-13T03:49:06.223+0000] {dag.py:3096} INFO - Sync 1 DAGs
[2025-05-13T03:49:06.247+0000] {logging_mixin.py:188} INFO - [2025-05-13T03:49:06.246+0000] {dag.py:3954} INFO - Setting next_dagrun for retrain_T3_dag to None, run_after=None
[2025-05-13T03:49:06.268+0000] {processor.py:183} INFO - Processing /opt/airflow/dags/retrain_T3_dag.py took 0.114 seconds
[2025-05-13T03:49:36.914+0000] {processor.py:161} INFO - Started process (PID=440) to work on /opt/airflow/dags/retrain_T3_dag.py
[2025-05-13T03:49:36.915+0000] {processor.py:830} INFO - Processing file /opt/airflow/dags/retrain_T3_dag.py for tasks to queue
[2025-05-13T03:49:36.916+0000] {logging_mixin.py:188} INFO - [2025-05-13T03:49:36.916+0000] {dagbag.py:540} INFO - Filling up the DagBag from /opt/airflow/dags/retrain_T3_dag.py
[2025-05-13T03:49:36.941+0000] {processor.py:840} INFO - DAG(s) 'retrain_T3_dag' retrieved from /opt/airflow/dags/retrain_T3_dag.py
[2025-05-13T03:49:36.961+0000] {logging_mixin.py:188} INFO - [2025-05-13T03:49:36.961+0000] {dag.py:3096} INFO - Sync 1 DAGs
[2025-05-13T03:49:36.982+0000] {logging_mixin.py:188} INFO - [2025-05-13T03:49:36.982+0000] {dag.py:3954} INFO - Setting next_dagrun for retrain_T3_dag to None, run_after=None
[2025-05-13T03:49:37.011+0000] {processor.py:183} INFO - Processing /opt/airflow/dags/retrain_T3_dag.py took 0.104 seconds
[2025-05-13T03:50:07.693+0000] {processor.py:161} INFO - Started process (PID=460) to work on /opt/airflow/dags/retrain_T3_dag.py
[2025-05-13T03:50:07.695+0000] {processor.py:830} INFO - Processing file /opt/airflow/dags/retrain_T3_dag.py for tasks to queue
[2025-05-13T03:50:07.697+0000] {logging_mixin.py:188} INFO - [2025-05-13T03:50:07.697+0000] {dagbag.py:540} INFO - Filling up the DagBag from /opt/airflow/dags/retrain_T3_dag.py
[2025-05-13T03:50:07.724+0000] {processor.py:840} INFO - DAG(s) 'retrain_T3_dag' retrieved from /opt/airflow/dags/retrain_T3_dag.py
[2025-05-13T03:50:07.779+0000] {logging_mixin.py:188} INFO - [2025-05-13T03:50:07.779+0000] {dag.py:3096} INFO - Sync 1 DAGs
[2025-05-13T03:50:07.804+0000] {logging_mixin.py:188} INFO - [2025-05-13T03:50:07.804+0000] {dag.py:3954} INFO - Setting next_dagrun for retrain_T3_dag to None, run_after=None
[2025-05-13T03:50:07.842+0000] {processor.py:183} INFO - Processing /opt/airflow/dags/retrain_T3_dag.py took 0.156 seconds
[2025-05-13T03:50:38.472+0000] {processor.py:161} INFO - Started process (PID=480) to work on /opt/airflow/dags/retrain_T3_dag.py
[2025-05-13T03:50:38.475+0000] {processor.py:830} INFO - Processing file /opt/airflow/dags/retrain_T3_dag.py for tasks to queue
[2025-05-13T03:50:38.478+0000] {logging_mixin.py:188} INFO - [2025-05-13T03:50:38.478+0000] {dagbag.py:540} INFO - Filling up the DagBag from /opt/airflow/dags/retrain_T3_dag.py
[2025-05-13T03:50:38.494+0000] {processor.py:840} INFO - DAG(s) 'retrain_T3_dag' retrieved from /opt/airflow/dags/retrain_T3_dag.py
[2025-05-13T03:50:38.522+0000] {logging_mixin.py:188} INFO - [2025-05-13T03:50:38.522+0000] {dag.py:3096} INFO - Sync 1 DAGs
[2025-05-13T03:50:38.536+0000] {logging_mixin.py:188} INFO - [2025-05-13T03:50:38.536+0000] {dag.py:3954} INFO - Setting next_dagrun for retrain_T3_dag to None, run_after=None
[2025-05-13T03:50:38.570+0000] {processor.py:183} INFO - Processing /opt/airflow/dags/retrain_T3_dag.py took 0.111 seconds
[2025-05-13T03:51:09.204+0000] {processor.py:161} INFO - Started process (PID=500) to work on /opt/airflow/dags/retrain_T3_dag.py
[2025-05-13T03:51:09.212+0000] {processor.py:830} INFO - Processing file /opt/airflow/dags/retrain_T3_dag.py for tasks to queue
[2025-05-13T03:51:09.219+0000] {logging_mixin.py:188} INFO - [2025-05-13T03:51:09.218+0000] {dagbag.py:540} INFO - Filling up the DagBag from /opt/airflow/dags/retrain_T3_dag.py
[2025-05-13T03:51:09.264+0000] {processor.py:840} INFO - DAG(s) 'retrain_T3_dag' retrieved from /opt/airflow/dags/retrain_T3_dag.py
[2025-05-13T03:51:09.302+0000] {logging_mixin.py:188} INFO - [2025-05-13T03:51:09.302+0000] {dag.py:3096} INFO - Sync 1 DAGs
[2025-05-13T03:51:09.329+0000] {logging_mixin.py:188} INFO - [2025-05-13T03:51:09.329+0000] {dag.py:3954} INFO - Setting next_dagrun for retrain_T3_dag to None, run_after=None
[2025-05-13T03:51:09.361+0000] {processor.py:183} INFO - Processing /opt/airflow/dags/retrain_T3_dag.py took 0.182 seconds
[2025-05-13T03:51:40.193+0000] {processor.py:161} INFO - Started process (PID=566) to work on /opt/airflow/dags/retrain_T3_dag.py
[2025-05-13T03:51:40.194+0000] {processor.py:830} INFO - Processing file /opt/airflow/dags/retrain_T3_dag.py for tasks to queue
[2025-05-13T03:51:40.197+0000] {logging_mixin.py:188} INFO - [2025-05-13T03:51:40.196+0000] {dagbag.py:540} INFO - Filling up the DagBag from /opt/airflow/dags/retrain_T3_dag.py
[2025-05-13T03:51:40.221+0000] {processor.py:840} INFO - DAG(s) 'retrain_T3_dag' retrieved from /opt/airflow/dags/retrain_T3_dag.py
[2025-05-13T03:51:40.253+0000] {logging_mixin.py:188} INFO - [2025-05-13T03:51:40.253+0000] {dag.py:3096} INFO - Sync 1 DAGs
[2025-05-13T03:51:40.278+0000] {logging_mixin.py:188} INFO - [2025-05-13T03:51:40.277+0000] {dag.py:3954} INFO - Setting next_dagrun for retrain_T3_dag to None, run_after=None
[2025-05-13T03:51:40.311+0000] {processor.py:183} INFO - Processing /opt/airflow/dags/retrain_T3_dag.py took 0.128 seconds
