[2025-05-21T14:04:32.911+0000] {local_task_job_runner.py:120} INFO - ::group::Pre task execution logs
[2025-05-21T14:04:32.973+0000] {taskinstance.py:2073} INFO - Dependencies all met for dep_context=non-requeueable deps ti=<TaskInstance: retrain_T3_dag.train_T3 manual__2025-05-21T14:04:32.159454+00:00 [queued]>
[2025-05-21T14:04:32.991+0000] {taskinstance.py:2073} INFO - Dependencies all met for dep_context=requeueable deps ti=<TaskInstance: retrain_T3_dag.train_T3 manual__2025-05-21T14:04:32.159454+00:00 [queued]>
[2025-05-21T14:04:32.993+0000] {taskinstance.py:2303} INFO - Starting attempt 1 of 1
[2025-05-21T14:04:33.022+0000] {taskinstance.py:2327} INFO - Executing <Task(BashOperator): train_T3> on 2025-05-21 14:04:32.159454+00:00
[2025-05-21T14:04:33.034+0000] {standard_task_runner.py:90} INFO - Running: ['***', 'tasks', 'run', 'retrain_T3_dag', 'train_T3', 'manual__2025-05-21T14:04:32.159454+00:00', '--job-id', '8', '--raw', '--subdir', 'DAGS_FOLDER/retrain_T3_dag.py', '--cfg-path', '/tmp/tmpdwo86x6h']
[2025-05-21T14:04:33.039+0000] {standard_task_runner.py:91} INFO - Job 8: Subtask train_T3
[2025-05-21T14:04:33.041+0000] {logging_mixin.py:188} WARNING - /home/***/.local/lib/python3.12/site-packages/***/task/task_runner/standard_task_runner.py:61 DeprecationWarning: This process (pid=236) is multi-threaded, use of fork() may lead to deadlocks in the child.
[2025-05-21T14:04:33.042+0000] {standard_task_runner.py:63} INFO - Started process 238 to run task
[2025-05-21T14:04:33.131+0000] {task_command.py:426} INFO - Running <TaskInstance: retrain_T3_dag.train_T3 manual__2025-05-21T14:04:32.159454+00:00 [running]> on host 4c17401f2ea2
[2025-05-21T14:04:33.286+0000] {taskinstance.py:2644} INFO - Exporting env vars: AIRFLOW_CTX_DAG_OWNER='***' AIRFLOW_CTX_DAG_ID='retrain_T3_dag' AIRFLOW_CTX_TASK_ID='train_T3' AIRFLOW_CTX_EXECUTION_DATE='2025-05-21T14:04:32.159454+00:00' AIRFLOW_CTX_TRY_NUMBER='1' AIRFLOW_CTX_DAG_RUN_ID='manual__2025-05-21T14:04:32.159454+00:00'
[2025-05-21T14:04:33.288+0000] {taskinstance.py:430} INFO - ::endgroup::
[2025-05-21T14:04:33.320+0000] {subprocess.py:63} INFO - Tmp dir root location: /tmp
[2025-05-21T14:04:33.324+0000] {subprocess.py:75} INFO - Running command: ['/usr/bin/bash', '-c', 'python /opt/***/scripts/train_T3.py']
[2025-05-21T14:04:33.338+0000] {subprocess.py:86} INFO - Output:
[2025-05-21T14:04:55.543+0000] {subprocess.py:93} INFO - /opt/***/scripts/train_T3.py:40: UserWarning: Creating a tensor from a list of numpy.ndarrays is extremely slow. Please consider converting the list to a single numpy.ndarray with numpy.array() before converting to a tensor. (Triggered internally at /pytorch/torch/csrc/utils/tensor_new.cpp:254.)
[2025-05-21T14:04:55.544+0000] {subprocess.py:93} INFO -   return torch.FloatTensor(X), torch.FloatTensor(Y)
[2025-05-21T14:05:26.186+0000] {subprocess.py:93} INFO - [Epoch 1] Loss: 0.0375
[2025-05-21T14:05:26.262+0000] {subprocess.py:93} INFO - [✅ Saved] Trained model → /models/T3/model.pth
[2025-05-21T14:05:42.361+0000] {subprocess.py:97} INFO - Command exited with return code 0
[2025-05-21T14:05:42.398+0000] {taskinstance.py:441} INFO - ::group::Post task execution logs
[2025-05-21T14:05:42.617+0000] {taskinstance.py:1205} INFO - Marking task as SUCCESS. dag_id=retrain_T3_dag, task_id=train_T3, execution_date=20250521T140432, start_date=20250521T140432, end_date=20250521T140542
[2025-05-21T14:05:42.712+0000] {local_task_job_runner.py:240} INFO - Task exited with return code 0
[2025-05-21T14:05:42.873+0000] {taskinstance.py:3482} INFO - 1 downstream tasks scheduled from follow-on schedule check
[2025-05-21T14:05:42.879+0000] {local_task_job_runner.py:222} INFO - ::endgroup::
