[2025-05-13T03:35:28.047+0000] {local_task_job_runner.py:120} INFO - ::group::Pre task execution logs
[2025-05-13T03:35:28.075+0000] {taskinstance.py:2073} INFO - Dependencies all met for dep_context=non-requeueable deps ti=<TaskInstance: monitor_PWU.monitor_model scheduled__2025-05-13T02:00:00+00:00 [queued]>
[2025-05-13T03:35:28.083+0000] {taskinstance.py:2073} INFO - Dependencies all met for dep_context=requeueable deps ti=<TaskInstance: monitor_PWU.monitor_model scheduled__2025-05-13T02:00:00+00:00 [queued]>
[2025-05-13T03:35:28.084+0000] {taskinstance.py:2303} INFO - Starting attempt 1 of 1
[2025-05-13T03:35:28.099+0000] {taskinstance.py:2327} INFO - Executing <Task(PythonOperator): monitor_model> on 2025-05-13 02:00:00+00:00
[2025-05-13T03:35:28.104+0000] {standard_task_runner.py:90} INFO - Running: ['***', 'tasks', 'run', 'monitor_PWU', 'monitor_model', 'scheduled__2025-05-13T02:00:00+00:00', '--job-id', '6', '--raw', '--subdir', 'DAGS_FOLDER/monitor_PWU.py', '--cfg-path', '/tmp/tmpznodkcyf']
[2025-05-13T03:35:28.107+0000] {standard_task_runner.py:91} INFO - Job 6: Subtask monitor_model
[2025-05-13T03:35:28.108+0000] {logging_mixin.py:188} WARNING - /home/***/.local/lib/python3.12/site-packages/***/task/task_runner/standard_task_runner.py:61 DeprecationWarning: This process (pid=233) is multi-threaded, use of fork() may lead to deadlocks in the child.
[2025-05-13T03:35:28.108+0000] {standard_task_runner.py:63} INFO - Started process 234 to run task
[2025-05-13T03:35:28.154+0000] {task_command.py:426} INFO - Running <TaskInstance: monitor_PWU.monitor_model scheduled__2025-05-13T02:00:00+00:00 [running]> on host aeacfd01479d
[2025-05-13T03:35:28.234+0000] {taskinstance.py:2644} INFO - Exporting env vars: AIRFLOW_CTX_DAG_OWNER='***' AIRFLOW_CTX_DAG_ID='monitor_PWU' AIRFLOW_CTX_TASK_ID='monitor_model' AIRFLOW_CTX_EXECUTION_DATE='2025-05-13T02:00:00+00:00' AIRFLOW_CTX_TRY_NUMBER='1' AIRFLOW_CTX_DAG_RUN_ID='scheduled__2025-05-13T02:00:00+00:00'
[2025-05-13T03:35:28.235+0000] {taskinstance.py:430} INFO - ::endgroup::
[2025-05-13T03:35:28.276+0000] {logging_mixin.py:188} INFO - Prediction: 0.5712124109268188, Ground Truth: 0.7, Error: 0.1287875890731811
[2025-05-13T03:35:28.290+0000] {python.py:237} INFO - Done. Returned value was: None
[2025-05-13T03:35:28.290+0000] {taskinstance.py:441} INFO - ::group::Post task execution logs
[2025-05-13T03:35:28.299+0000] {taskinstance.py:1205} INFO - Marking task as SUCCESS. dag_id=monitor_PWU, task_id=monitor_model, execution_date=20250513T020000, start_date=20250513T033528, end_date=20250513T033528
[2025-05-13T03:35:28.323+0000] {local_task_job_runner.py:240} INFO - Task exited with return code 0
[2025-05-13T03:35:28.347+0000] {taskinstance.py:3482} INFO - 1 downstream tasks scheduled from follow-on schedule check
[2025-05-13T03:35:28.349+0000] {local_task_job_runner.py:222} INFO - ::endgroup::
[2025-05-13T03:40:46.571+0000] {local_task_job_runner.py:120} INFO - ::group::Pre task execution logs
[2025-05-13T03:40:46.603+0000] {taskinstance.py:2073} INFO - Dependencies all met for dep_context=non-requeueable deps ti=<TaskInstance: monitor_PWU.monitor_model scheduled__2025-05-13T02:00:00+00:00 [queued]>
[2025-05-13T03:40:46.612+0000] {taskinstance.py:2073} INFO - Dependencies all met for dep_context=requeueable deps ti=<TaskInstance: monitor_PWU.monitor_model scheduled__2025-05-13T02:00:00+00:00 [queued]>
[2025-05-13T03:40:46.613+0000] {taskinstance.py:2303} INFO - Starting attempt 1 of 1
[2025-05-13T03:40:46.627+0000] {taskinstance.py:2327} INFO - Executing <Task(PythonOperator): monitor_model> on 2025-05-13 02:00:00+00:00
[2025-05-13T03:40:46.633+0000] {standard_task_runner.py:90} INFO - Running: ['***', 'tasks', 'run', 'monitor_PWU', 'monitor_model', 'scheduled__2025-05-13T02:00:00+00:00', '--job-id', '2', '--raw', '--subdir', 'DAGS_FOLDER/monitor_PWU.py', '--cfg-path', '/tmp/tmpd0oz_wm_']
[2025-05-13T03:40:46.636+0000] {standard_task_runner.py:91} INFO - Job 2: Subtask monitor_model
[2025-05-13T03:40:46.641+0000] {logging_mixin.py:188} WARNING - /home/***/.local/lib/python3.12/site-packages/***/task/task_runner/standard_task_runner.py:61 DeprecationWarning: This process (pid=264) is multi-threaded, use of fork() may lead to deadlocks in the child.
[2025-05-13T03:40:46.642+0000] {standard_task_runner.py:63} INFO - Started process 265 to run task
[2025-05-13T03:40:46.683+0000] {task_command.py:426} INFO - Running <TaskInstance: monitor_PWU.monitor_model scheduled__2025-05-13T02:00:00+00:00 [running]> on host e27023c184cc
[2025-05-13T03:40:46.764+0000] {taskinstance.py:2644} INFO - Exporting env vars: AIRFLOW_CTX_DAG_OWNER='***' AIRFLOW_CTX_DAG_ID='monitor_PWU' AIRFLOW_CTX_TASK_ID='monitor_model' AIRFLOW_CTX_EXECUTION_DATE='2025-05-13T02:00:00+00:00' AIRFLOW_CTX_TRY_NUMBER='1' AIRFLOW_CTX_DAG_RUN_ID='scheduled__2025-05-13T02:00:00+00:00'
[2025-05-13T03:40:46.765+0000] {taskinstance.py:430} INFO - ::endgroup::
[2025-05-13T03:40:46.824+0000] {logging_mixin.py:188} INFO - Prediction: 0.5712124109268188, Ground Truth: 0.7, Error: 0.1287875890731811
[2025-05-13T03:40:46.837+0000] {python.py:237} INFO - Done. Returned value was: None
[2025-05-13T03:40:46.838+0000] {taskinstance.py:441} INFO - ::group::Post task execution logs
[2025-05-13T03:40:46.846+0000] {taskinstance.py:1205} INFO - Marking task as SUCCESS. dag_id=monitor_PWU, task_id=monitor_model, execution_date=20250513T020000, start_date=20250513T034046, end_date=20250513T034046
[2025-05-13T03:40:46.895+0000] {local_task_job_runner.py:240} INFO - Task exited with return code 0
[2025-05-13T03:40:46.921+0000] {taskinstance.py:3482} INFO - 1 downstream tasks scheduled from follow-on schedule check
[2025-05-13T03:40:46.924+0000] {local_task_job_runner.py:222} INFO - ::endgroup::
[2025-05-13T03:44:22.648+0000] {local_task_job_runner.py:120} INFO - ::group::Pre task execution logs
[2025-05-13T03:44:22.678+0000] {taskinstance.py:2073} INFO - Dependencies all met for dep_context=non-requeueable deps ti=<TaskInstance: monitor_PWU.monitor_model scheduled__2025-05-13T02:00:00+00:00 [queued]>
[2025-05-13T03:44:22.686+0000] {taskinstance.py:2073} INFO - Dependencies all met for dep_context=requeueable deps ti=<TaskInstance: monitor_PWU.monitor_model scheduled__2025-05-13T02:00:00+00:00 [queued]>
[2025-05-13T03:44:22.686+0000] {taskinstance.py:2303} INFO - Starting attempt 1 of 1
[2025-05-13T03:44:22.700+0000] {taskinstance.py:2327} INFO - Executing <Task(PythonOperator): monitor_model> on 2025-05-13 02:00:00+00:00
[2025-05-13T03:44:22.705+0000] {standard_task_runner.py:90} INFO - Running: ['***', 'tasks', 'run', 'monitor_PWU', 'monitor_model', 'scheduled__2025-05-13T02:00:00+00:00', '--job-id', '2', '--raw', '--subdir', 'DAGS_FOLDER/monitor_PWU.py', '--cfg-path', '/tmp/tmptbju444t']
[2025-05-13T03:44:22.708+0000] {standard_task_runner.py:91} INFO - Job 2: Subtask monitor_model
[2025-05-13T03:44:22.714+0000] {logging_mixin.py:188} WARNING - /home/***/.local/lib/python3.12/site-packages/***/task/task_runner/standard_task_runner.py:61 DeprecationWarning: This process (pid=184) is multi-threaded, use of fork() may lead to deadlocks in the child.
[2025-05-13T03:44:22.715+0000] {standard_task_runner.py:63} INFO - Started process 185 to run task
[2025-05-13T03:44:22.753+0000] {task_command.py:426} INFO - Running <TaskInstance: monitor_PWU.monitor_model scheduled__2025-05-13T02:00:00+00:00 [running]> on host 44726ac4e2f5
[2025-05-13T03:44:22.833+0000] {taskinstance.py:2644} INFO - Exporting env vars: AIRFLOW_CTX_DAG_OWNER='***' AIRFLOW_CTX_DAG_ID='monitor_PWU' AIRFLOW_CTX_TASK_ID='monitor_model' AIRFLOW_CTX_EXECUTION_DATE='2025-05-13T02:00:00+00:00' AIRFLOW_CTX_TRY_NUMBER='1' AIRFLOW_CTX_DAG_RUN_ID='scheduled__2025-05-13T02:00:00+00:00'
[2025-05-13T03:44:22.834+0000] {taskinstance.py:430} INFO - ::endgroup::
[2025-05-13T03:44:22.886+0000] {logging_mixin.py:188} INFO - Prediction: 0.5712124109268188, Ground Truth: 0.7, Error: 0.1287875890731811
[2025-05-13T03:44:22.900+0000] {python.py:237} INFO - Done. Returned value was: None
[2025-05-13T03:44:22.901+0000] {taskinstance.py:441} INFO - ::group::Post task execution logs
[2025-05-13T03:44:22.908+0000] {taskinstance.py:1205} INFO - Marking task as SUCCESS. dag_id=monitor_PWU, task_id=monitor_model, execution_date=20250513T020000, start_date=20250513T034422, end_date=20250513T034422
[2025-05-13T03:44:22.929+0000] {local_task_job_runner.py:240} INFO - Task exited with return code 0
[2025-05-13T03:44:22.958+0000] {taskinstance.py:3482} INFO - 1 downstream tasks scheduled from follow-on schedule check
[2025-05-13T03:44:22.961+0000] {local_task_job_runner.py:222} INFO - ::endgroup::
