[2025-05-14T12:00:05.460+0000] {local_task_job_runner.py:120} INFO - ::group::Pre task execution logs
[2025-05-14T12:00:05.493+0000] {taskinstance.py:2073} INFO - Dependencies all met for dep_context=non-requeueable deps ti=<TaskInstance: retrain_PWU_dag.train_PWU manual__2025-05-14T12:00:04.496960+00:00 [queued]>
[2025-05-14T12:00:05.502+0000] {taskinstance.py:2073} INFO - Dependencies all met for dep_context=requeueable deps ti=<TaskInstance: retrain_PWU_dag.train_PWU manual__2025-05-14T12:00:04.496960+00:00 [queued]>
[2025-05-14T12:00:05.503+0000] {taskinstance.py:2303} INFO - Starting attempt 1 of 1
[2025-05-14T12:00:05.521+0000] {taskinstance.py:2327} INFO - Executing <Task(BashOperator): train_PWU> on 2025-05-14 12:00:04.496960+00:00
[2025-05-14T12:00:05.527+0000] {standard_task_runner.py:90} INFO - Running: ['***', 'tasks', 'run', 'retrain_PWU_dag', 'train_PWU', 'manual__2025-05-14T12:00:04.496960+00:00', '--job-id', '28', '--raw', '--subdir', 'DAGS_FOLDER/retrain_PWU_dag.py', '--cfg-path', '/tmp/tmptmdu4rea']
[2025-05-14T12:00:05.530+0000] {standard_task_runner.py:91} INFO - Job 28: Subtask train_PWU
[2025-05-14T12:00:05.538+0000] {logging_mixin.py:188} WARNING - /home/***/.local/lib/python3.12/site-packages/***/task/task_runner/standard_task_runner.py:61 DeprecationWarning: This process (pid=2414) is multi-threaded, use of fork() may lead to deadlocks in the child.
[2025-05-14T12:00:05.539+0000] {standard_task_runner.py:63} INFO - Started process 2416 to run task
[2025-05-14T12:00:05.587+0000] {task_command.py:426} INFO - Running <TaskInstance: retrain_PWU_dag.train_PWU manual__2025-05-14T12:00:04.496960+00:00 [running]> on host 57cf39d9f769
[2025-05-14T12:00:05.704+0000] {taskinstance.py:2644} INFO - Exporting env vars: AIRFLOW_CTX_DAG_OWNER='***' AIRFLOW_CTX_DAG_ID='retrain_PWU_dag' AIRFLOW_CTX_TASK_ID='train_PWU' AIRFLOW_CTX_EXECUTION_DATE='2025-05-14T12:00:04.496960+00:00' AIRFLOW_CTX_TRY_NUMBER='1' AIRFLOW_CTX_DAG_RUN_ID='manual__2025-05-14T12:00:04.496960+00:00'
[2025-05-14T12:00:05.705+0000] {taskinstance.py:430} INFO - ::endgroup::
[2025-05-14T12:00:05.732+0000] {subprocess.py:63} INFO - Tmp dir root location: /tmp
[2025-05-14T12:00:05.734+0000] {subprocess.py:75} INFO - Running command: ['/usr/bin/bash', '-c', 'python /opt/***/scripts/train_PWU.py']
[2025-05-14T12:00:05.745+0000] {subprocess.py:86} INFO - Output:
[2025-05-14T12:10:14.902+0000] {subprocess.py:93} INFO - [Epoch 1] Loss: 0.0113
[2025-05-14T12:10:14.902+0000] {subprocess.py:93} INFO - [✅ Saved] Trained model → /models/PWU/model.pth
[2025-05-14T12:10:15.592+0000] {subprocess.py:97} INFO - Command exited with return code 0
[2025-05-14T12:10:15.594+0000] {taskinstance.py:441} INFO - ::group::Post task execution logs
[2025-05-14T12:10:15.624+0000] {taskinstance.py:1205} INFO - Marking task as SUCCESS. dag_id=retrain_PWU_dag, task_id=train_PWU, execution_date=20250514T120004, start_date=20250514T120005, end_date=20250514T121015
[2025-05-14T12:10:15.669+0000] {local_task_job_runner.py:240} INFO - Task exited with return code 0
[2025-05-14T12:10:15.687+0000] {taskinstance.py:3482} INFO - 1 downstream tasks scheduled from follow-on schedule check
[2025-05-14T12:10:15.695+0000] {local_task_job_runner.py:222} INFO - ::endgroup::
