[2025-05-20T05:35:42.925+0000] {local_task_job_runner.py:120} INFO - ::group::Pre task execution logs
[2025-05-20T05:35:42.952+0000] {taskinstance.py:2073} INFO - Dependencies all met for dep_context=non-requeueable deps ti=<TaskInstance: retrain_PWU_dag.train_PWU manual__2025-05-20T05:35:41.617052+00:00 [queued]>
[2025-05-20T05:35:42.960+0000] {taskinstance.py:2073} INFO - Dependencies all met for dep_context=requeueable deps ti=<TaskInstance: retrain_PWU_dag.train_PWU manual__2025-05-20T05:35:41.617052+00:00 [queued]>
[2025-05-20T05:35:42.961+0000] {taskinstance.py:2303} INFO - Starting attempt 1 of 1
[2025-05-20T05:35:42.974+0000] {taskinstance.py:2327} INFO - Executing <Task(BashOperator): train_PWU> on 2025-05-20 05:35:41.617052+00:00
[2025-05-20T05:35:42.980+0000] {standard_task_runner.py:90} INFO - Running: ['***', 'tasks', 'run', 'retrain_PWU_dag', 'train_PWU', 'manual__2025-05-20T05:35:41.617052+00:00', '--job-id', '544', '--raw', '--subdir', 'DAGS_FOLDER/retrain_PWU_dag.py', '--cfg-path', '/tmp/tmpgsvw7di7']
[2025-05-20T05:35:42.982+0000] {standard_task_runner.py:91} INFO - Job 544: Subtask train_PWU
[2025-05-20T05:35:42.986+0000] {logging_mixin.py:188} WARNING - /home/***/.local/lib/python3.12/site-packages/***/task/task_runner/standard_task_runner.py:61 DeprecationWarning: This process (pid=216) is multi-threaded, use of fork() may lead to deadlocks in the child.
[2025-05-20T05:35:42.987+0000] {standard_task_runner.py:63} INFO - Started process 217 to run task
[2025-05-20T05:35:43.025+0000] {task_command.py:426} INFO - Running <TaskInstance: retrain_PWU_dag.train_PWU manual__2025-05-20T05:35:41.617052+00:00 [running]> on host d53e178633e2
[2025-05-20T05:35:43.122+0000] {taskinstance.py:2644} INFO - Exporting env vars: AIRFLOW_CTX_DAG_OWNER='***' AIRFLOW_CTX_DAG_ID='retrain_PWU_dag' AIRFLOW_CTX_TASK_ID='train_PWU' AIRFLOW_CTX_EXECUTION_DATE='2025-05-20T05:35:41.617052+00:00' AIRFLOW_CTX_TRY_NUMBER='1' AIRFLOW_CTX_DAG_RUN_ID='manual__2025-05-20T05:35:41.617052+00:00'
[2025-05-20T05:35:43.123+0000] {taskinstance.py:430} INFO - ::endgroup::
[2025-05-20T05:35:43.134+0000] {subprocess.py:63} INFO - Tmp dir root location: /tmp
[2025-05-20T05:35:43.135+0000] {subprocess.py:75} INFO - Running command: ['/usr/bin/bash', '-c', 'python /opt/***/scripts/train_PWU.py']
[2025-05-20T05:35:43.143+0000] {subprocess.py:86} INFO - Output:
[2025-05-20T05:36:57.325+0000] {subprocess.py:93} INFO - [Epoch 1] Loss: 0.0112
[2025-05-20T05:36:57.357+0000] {subprocess.py:93} INFO - [✅ Saved] Trained model → /models/PWU/model.pth
[2025-05-20T05:36:58.745+0000] {subprocess.py:97} INFO - Command exited with return code 0
[2025-05-20T05:36:58.762+0000] {taskinstance.py:441} INFO - ::group::Post task execution logs
[2025-05-20T05:36:58.943+0000] {taskinstance.py:1205} INFO - Marking task as SUCCESS. dag_id=retrain_PWU_dag, task_id=train_PWU, execution_date=20250520T053541, start_date=20250520T053542, end_date=20250520T053658
[2025-05-20T05:36:59.007+0000] {local_task_job_runner.py:240} INFO - Task exited with return code 0
[2025-05-20T05:36:59.097+0000] {taskinstance.py:3482} INFO - 0 downstream tasks scheduled from follow-on schedule check
[2025-05-20T05:36:59.101+0000] {local_task_job_runner.py:222} INFO - ::endgroup::
