[2025-05-18T01:00:13.331+0000] {local_task_job_runner.py:120} INFO - ::group::Pre task execution logs
[2025-05-18T01:00:13.360+0000] {taskinstance.py:2073} INFO - Dependencies all met for dep_context=non-requeueable deps ti=<TaskInstance: retrain_PWU_dag.train_PWU manual__2025-05-18T01:00:12.281380+00:00 [queued]>
[2025-05-18T01:00:13.367+0000] {taskinstance.py:2073} INFO - Dependencies all met for dep_context=requeueable deps ti=<TaskInstance: retrain_PWU_dag.train_PWU manual__2025-05-18T01:00:12.281380+00:00 [queued]>
[2025-05-18T01:00:13.368+0000] {taskinstance.py:2303} INFO - Starting attempt 1 of 1
[2025-05-18T01:00:13.380+0000] {taskinstance.py:2327} INFO - Executing <Task(BashOperator): train_PWU> on 2025-05-18 01:00:12.281380+00:00
[2025-05-18T01:00:13.386+0000] {logging_mixin.py:188} WARNING - /home/***/.local/lib/python3.12/site-packages/***/task/task_runner/standard_task_runner.py:61 DeprecationWarning: This process (pid=38711) is multi-threaded, use of fork() may lead to deadlocks in the child.
[2025-05-18T01:00:13.387+0000] {standard_task_runner.py:63} INFO - Started process 38712 to run task
[2025-05-18T01:00:13.386+0000] {standard_task_runner.py:90} INFO - Running: ['***', 'tasks', 'run', 'retrain_PWU_dag', 'train_PWU', 'manual__2025-05-18T01:00:12.281380+00:00', '--job-id', '473', '--raw', '--subdir', 'DAGS_FOLDER/retrain_PWU_dag.py', '--cfg-path', '/tmp/tmpfipmoouu']
[2025-05-18T01:00:13.388+0000] {standard_task_runner.py:91} INFO - Job 473: Subtask train_PWU
[2025-05-18T01:00:13.432+0000] {task_command.py:426} INFO - Running <TaskInstance: retrain_PWU_dag.train_PWU manual__2025-05-18T01:00:12.281380+00:00 [running]> on host b91ac73f2b68
[2025-05-18T01:00:13.538+0000] {taskinstance.py:2644} INFO - Exporting env vars: AIRFLOW_CTX_DAG_OWNER='***' AIRFLOW_CTX_DAG_ID='retrain_PWU_dag' AIRFLOW_CTX_TASK_ID='train_PWU' AIRFLOW_CTX_EXECUTION_DATE='2025-05-18T01:00:12.281380+00:00' AIRFLOW_CTX_TRY_NUMBER='1' AIRFLOW_CTX_DAG_RUN_ID='manual__2025-05-18T01:00:12.281380+00:00'
[2025-05-18T01:00:13.539+0000] {taskinstance.py:430} INFO - ::endgroup::
[2025-05-18T01:00:13.552+0000] {subprocess.py:63} INFO - Tmp dir root location: /tmp
[2025-05-18T01:00:13.553+0000] {subprocess.py:75} INFO - Running command: ['/usr/bin/bash', '-c', 'python /opt/***/scripts/train_PWU.py']
[2025-05-18T01:00:13.563+0000] {subprocess.py:86} INFO - Output:
[2025-05-18T01:08:40.671+0000] {subprocess.py:93} INFO - [Epoch 1] Loss: 0.0090
[2025-05-18T01:08:40.671+0000] {subprocess.py:93} INFO - [✅ Saved] Trained model → /models/PWU/model.pth
[2025-05-18T01:08:41.211+0000] {subprocess.py:97} INFO - Command exited with return code 0
[2025-05-18T01:08:41.212+0000] {taskinstance.py:441} INFO - ::group::Post task execution logs
[2025-05-18T01:08:41.235+0000] {taskinstance.py:1205} INFO - Marking task as SUCCESS. dag_id=retrain_PWU_dag, task_id=train_PWU, execution_date=20250518T010012, start_date=20250518T010013, end_date=20250518T010841
[2025-05-18T01:08:41.253+0000] {local_task_job_runner.py:240} INFO - Task exited with return code 0
[2025-05-18T01:08:41.270+0000] {taskinstance.py:3482} INFO - 1 downstream tasks scheduled from follow-on schedule check
[2025-05-18T01:08:41.272+0000] {local_task_job_runner.py:222} INFO - ::endgroup::
