[2025-05-12T12:00:06.249+0000] {local_task_job_runner.py:120} INFO - ::group::Pre task execution logs
[2025-05-12T12:00:06.346+0000] {taskinstance.py:2073} INFO - Dependencies all met for dep_context=non-requeueable deps ti=<TaskInstance: retrain_PWU_dag.train_PWU manual__2025-05-12T12:00:04.857025+00:00 [queued]>
[2025-05-12T12:00:06.363+0000] {taskinstance.py:2073} INFO - Dependencies all met for dep_context=requeueable deps ti=<TaskInstance: retrain_PWU_dag.train_PWU manual__2025-05-12T12:00:04.857025+00:00 [queued]>
[2025-05-12T12:00:06.364+0000] {taskinstance.py:2303} INFO - Starting attempt 1 of 1
[2025-05-12T12:00:06.391+0000] {taskinstance.py:2327} INFO - Executing <Task(BashOperator): train_PWU> on 2025-05-12 12:00:04.857025+00:00
[2025-05-12T12:00:06.401+0000] {standard_task_runner.py:90} INFO - Running: ['***', 'tasks', 'run', 'retrain_PWU_dag', 'train_PWU', 'manual__2025-05-12T12:00:04.857025+00:00', '--job-id', '54', '--raw', '--subdir', 'DAGS_FOLDER/retrain_PWU_dag.py', '--cfg-path', '/tmp/tmp8k3tstmw']
[2025-05-12T12:00:06.408+0000] {standard_task_runner.py:91} INFO - Job 54: Subtask train_PWU
[2025-05-12T12:00:06.418+0000] {logging_mixin.py:188} WARNING - /home/***/.local/lib/python3.12/site-packages/***/task/task_runner/standard_task_runner.py:61 DeprecationWarning: This process (pid=14313) is multi-threaded, use of fork() may lead to deadlocks in the child.
[2025-05-12T12:00:06.421+0000] {standard_task_runner.py:63} INFO - Started process 14314 to run task
[2025-05-12T12:00:06.497+0000] {task_command.py:426} INFO - Running <TaskInstance: retrain_PWU_dag.train_PWU manual__2025-05-12T12:00:04.857025+00:00 [running]> on host b3690c8add92
[2025-05-12T12:00:06.680+0000] {taskinstance.py:2644} INFO - Exporting env vars: AIRFLOW_CTX_DAG_OWNER='***' AIRFLOW_CTX_DAG_ID='retrain_PWU_dag' AIRFLOW_CTX_TASK_ID='train_PWU' AIRFLOW_CTX_EXECUTION_DATE='2025-05-12T12:00:04.857025+00:00' AIRFLOW_CTX_TRY_NUMBER='1' AIRFLOW_CTX_DAG_RUN_ID='manual__2025-05-12T12:00:04.857025+00:00'
[2025-05-12T12:00:06.681+0000] {taskinstance.py:430} INFO - ::endgroup::
[2025-05-12T12:00:06.700+0000] {subprocess.py:63} INFO - Tmp dir root location: /tmp
[2025-05-12T12:00:06.704+0000] {subprocess.py:75} INFO - Running command: ['/usr/bin/bash', '-c', 'python /opt/***/scripts/train_PWU.py']
[2025-05-12T12:00:06.717+0000] {subprocess.py:86} INFO - Output:
[2025-05-12T12:14:06.302+0000] {subprocess.py:93} INFO - [Epoch 1] Loss: 0.0120
[2025-05-12T12:14:06.303+0000] {subprocess.py:93} INFO - [✅ Saved] Trained model → /opt/***/data/models/PWU/model.pth
[2025-05-12T12:14:08.339+0000] {subprocess.py:97} INFO - Command exited with return code 0
[2025-05-12T12:14:10.155+0000] {taskinstance.py:441} INFO - ::group::Post task execution logs
[2025-05-12T12:14:10.503+0000] {taskinstance.py:1205} INFO - Marking task as SUCCESS. dag_id=retrain_PWU_dag, task_id=train_PWU, execution_date=20250512T120004, start_date=20250512T120006, end_date=20250512T121410
[2025-05-12T12:14:10.729+0000] {local_task_job_runner.py:240} INFO - Task exited with return code 0
[2025-05-12T12:14:10.767+0000] {taskinstance.py:3482} INFO - 1 downstream tasks scheduled from follow-on schedule check
[2025-05-12T12:14:10.776+0000] {local_task_job_runner.py:222} INFO - ::endgroup::
