[2025-05-11T13:00:01.030+0000] {local_task_job_runner.py:120} INFO - ::group::Pre task execution logs
[2025-05-11T13:00:01.059+0000] {taskinstance.py:2073} INFO - Dependencies all met for dep_context=non-requeueable deps ti=<TaskInstance: monitor_PWU.check_if_retrain_needed scheduled__2025-05-11T12:00:00+00:00 [queued]>
[2025-05-11T13:00:01.070+0000] {taskinstance.py:2073} INFO - Dependencies all met for dep_context=requeueable deps ti=<TaskInstance: monitor_PWU.check_if_retrain_needed scheduled__2025-05-11T12:00:00+00:00 [queued]>
[2025-05-11T13:00:01.071+0000] {taskinstance.py:2303} INFO - Starting attempt 1 of 1
[2025-05-11T13:00:01.085+0000] {taskinstance.py:2327} INFO - Executing <Task(BranchPythonOperator): check_if_retrain_needed> on 2025-05-11 12:00:00+00:00
[2025-05-11T13:00:01.091+0000] {logging_mixin.py:188} WARNING - /home/***/.local/lib/python3.12/site-packages/***/task/task_runner/standard_task_runner.py:61 DeprecationWarning: This process (pid=18698) is multi-threaded, use of fork() may lead to deadlocks in the child.
[2025-05-11T13:00:01.092+0000] {standard_task_runner.py:63} INFO - Started process 18699 to run task
[2025-05-11T13:00:01.091+0000] {standard_task_runner.py:90} INFO - Running: ['***', 'tasks', 'run', 'monitor_PWU', 'check_if_retrain_needed', 'scheduled__2025-05-11T12:00:00+00:00', '--job-id', '13', '--raw', '--subdir', 'DAGS_FOLDER/monitor_PWU.py', '--cfg-path', '/tmp/tmpwh_fvt6m']
[2025-05-11T13:00:01.094+0000] {standard_task_runner.py:91} INFO - Job 13: Subtask check_if_retrain_needed
[2025-05-11T13:00:01.143+0000] {task_command.py:426} INFO - Running <TaskInstance: monitor_PWU.check_if_retrain_needed scheduled__2025-05-11T12:00:00+00:00 [running]> on host d6c25b332bd7
[2025-05-11T13:00:01.237+0000] {taskinstance.py:2644} INFO - Exporting env vars: AIRFLOW_CTX_DAG_OWNER='***' AIRFLOW_CTX_DAG_ID='monitor_PWU' AIRFLOW_CTX_TASK_ID='check_if_retrain_needed' AIRFLOW_CTX_EXECUTION_DATE='2025-05-11T12:00:00+00:00' AIRFLOW_CTX_TRY_NUMBER='1' AIRFLOW_CTX_DAG_RUN_ID='scheduled__2025-05-11T12:00:00+00:00'
[2025-05-11T13:00:01.238+0000] {taskinstance.py:430} INFO - ::endgroup::
[2025-05-11T13:00:01.254+0000] {baseoperator.py:399} WARNING - BranchPythonOperator.execute cannot be called outside TaskInstance!
[2025-05-11T13:00:01.263+0000] {python.py:237} INFO - Done. Returned value was: end
[2025-05-11T13:00:01.264+0000] {branch.py:36} INFO - Branch into end
[2025-05-11T13:00:01.264+0000] {skipmixin.py:178} INFO - Following branch end
[2025-05-11T13:00:01.279+0000] {skipmixin.py:246} INFO - Skipping tasks [('trigger_retrain', -1)]
[2025-05-11T13:00:01.299+0000] {taskinstance.py:441} INFO - ::group::Post task execution logs
[2025-05-11T13:00:01.314+0000] {taskinstance.py:1205} INFO - Marking task as SUCCESS. dag_id=monitor_PWU, task_id=check_if_retrain_needed, execution_date=20250511T120000, start_date=20250511T130001, end_date=20250511T130001
[2025-05-11T13:00:01.346+0000] {local_task_job_runner.py:240} INFO - Task exited with return code 0
[2025-05-11T13:00:01.367+0000] {taskinstance.py:3482} INFO - 0 downstream tasks scheduled from follow-on schedule check
[2025-05-11T13:00:01.369+0000] {local_task_job_runner.py:222} INFO - ::endgroup::
