[2025-05-17T09:00:15.659+0000] {local_task_job_runner.py:120} INFO - ::group::Pre task execution logs
[2025-05-17T09:00:15.686+0000] {taskinstance.py:2073} INFO - Dependencies all met for dep_context=non-requeueable deps ti=<TaskInstance: retrain_PWU_dag.train_PWU manual__2025-05-17T09:00:14.781987+00:00 [queued]>
[2025-05-17T09:00:15.694+0000] {taskinstance.py:2073} INFO - Dependencies all met for dep_context=requeueable deps ti=<TaskInstance: retrain_PWU_dag.train_PWU manual__2025-05-17T09:00:14.781987+00:00 [queued]>
[2025-05-17T09:00:15.694+0000] {taskinstance.py:2303} INFO - Starting attempt 1 of 1
[2025-05-17T09:00:15.709+0000] {taskinstance.py:2327} INFO - Executing <Task(BashOperator): train_PWU> on 2025-05-17 09:00:14.781987+00:00
[2025-05-17T09:00:15.715+0000] {standard_task_runner.py:90} INFO - Running: ['***', 'tasks', 'run', 'retrain_PWU_dag', 'train_PWU', 'manual__2025-05-17T09:00:14.781987+00:00', '--job-id', '308', '--raw', '--subdir', 'DAGS_FOLDER/retrain_PWU_dag.py', '--cfg-path', '/tmp/tmpurp36c66']
[2025-05-17T09:00:15.717+0000] {standard_task_runner.py:91} INFO - Job 308: Subtask train_PWU
[2025-05-17T09:00:15.721+0000] {logging_mixin.py:188} WARNING - /home/***/.local/lib/python3.12/site-packages/***/task/task_runner/standard_task_runner.py:61 DeprecationWarning: This process (pid=214) is multi-threaded, use of fork() may lead to deadlocks in the child.
[2025-05-17T09:00:15.722+0000] {standard_task_runner.py:63} INFO - Started process 215 to run task
[2025-05-17T09:00:15.761+0000] {task_command.py:426} INFO - Running <TaskInstance: retrain_PWU_dag.train_PWU manual__2025-05-17T09:00:14.781987+00:00 [running]> on host b91ac73f2b68
[2025-05-17T09:00:15.843+0000] {taskinstance.py:2644} INFO - Exporting env vars: AIRFLOW_CTX_DAG_OWNER='***' AIRFLOW_CTX_DAG_ID='retrain_PWU_dag' AIRFLOW_CTX_TASK_ID='train_PWU' AIRFLOW_CTX_EXECUTION_DATE='2025-05-17T09:00:14.781987+00:00' AIRFLOW_CTX_TRY_NUMBER='1' AIRFLOW_CTX_DAG_RUN_ID='manual__2025-05-17T09:00:14.781987+00:00'
[2025-05-17T09:00:15.843+0000] {taskinstance.py:430} INFO - ::endgroup::
[2025-05-17T09:00:15.854+0000] {subprocess.py:63} INFO - Tmp dir root location: /tmp
[2025-05-17T09:00:15.855+0000] {subprocess.py:75} INFO - Running command: ['/usr/bin/bash', '-c', 'python /opt/***/scripts/train_PWU.py']
[2025-05-17T09:00:15.863+0000] {subprocess.py:86} INFO - Output:
[2025-05-17T09:15:06.813+0000] {subprocess.py:93} INFO - [Epoch 1] Loss: 0.0098
[2025-05-17T09:15:06.913+0000] {subprocess.py:93} INFO - [✅ Saved] Trained model → /models/PWU/model.pth
[2025-05-17T09:15:19.423+0000] {subprocess.py:97} INFO - Command exited with return code 0
[2025-05-17T09:15:19.463+0000] {taskinstance.py:441} INFO - ::group::Post task execution logs
[2025-05-17T09:15:20.429+0000] {taskinstance.py:1205} INFO - Marking task as SUCCESS. dag_id=retrain_PWU_dag, task_id=train_PWU, execution_date=20250517T090014, start_date=20250517T090015, end_date=20250517T091520
[2025-05-17T09:15:20.607+0000] {local_task_job_runner.py:240} INFO - Task exited with return code 0
[2025-05-17T09:15:21.163+0000] {taskinstance.py:3482} INFO - 0 downstream tasks scheduled from follow-on schedule check
[2025-05-17T09:15:21.166+0000] {local_task_job_runner.py:222} INFO - ::endgroup::
