[2025-05-21T14:00:14.138+0000] {local_task_job_runner.py:120} INFO - ::group::Pre task execution logs
[2025-05-21T14:00:14.175+0000] {taskinstance.py:2073} INFO - Dependencies all met for dep_context=non-requeueable deps ti=<TaskInstance: monitor_PWU.trigger_retrain scheduled__2025-05-21T13:00:00+00:00 [queued]>
[2025-05-21T14:00:14.187+0000] {taskinstance.py:2073} INFO - Dependencies all met for dep_context=requeueable deps ti=<TaskInstance: monitor_PWU.trigger_retrain scheduled__2025-05-21T13:00:00+00:00 [queued]>
[2025-05-21T14:00:14.188+0000] {taskinstance.py:2303} INFO - Starting attempt 1 of 1
[2025-05-21T14:00:14.203+0000] {taskinstance.py:2327} INFO - Executing <Task(TriggerDagRunOperator): trigger_retrain> on 2025-05-21 13:00:00+00:00
[2025-05-21T14:00:14.209+0000] {standard_task_runner.py:90} INFO - Running: ['***', 'tasks', 'run', 'monitor_PWU', 'trigger_retrain', 'scheduled__2025-05-21T13:00:00+00:00', '--job-id', '41', '--raw', '--subdir', 'DAGS_FOLDER/monitor_PWU.py', '--cfg-path', '/tmp/tmpyjra4i0z']
[2025-05-21T14:00:14.211+0000] {standard_task_runner.py:91} INFO - Job 41: Subtask trigger_retrain
[2025-05-21T14:00:14.212+0000] {logging_mixin.py:188} WARNING - /home/***/.local/lib/python3.12/site-packages/***/task/task_runner/standard_task_runner.py:61 DeprecationWarning: This process (pid=334) is multi-threaded, use of fork() may lead to deadlocks in the child.
[2025-05-21T14:00:14.213+0000] {standard_task_runner.py:63} INFO - Started process 335 to run task
[2025-05-21T14:00:14.258+0000] {task_command.py:426} INFO - Running <TaskInstance: monitor_PWU.trigger_retrain scheduled__2025-05-21T13:00:00+00:00 [running]> on host 3e2b91e6624b
[2025-05-21T14:00:14.347+0000] {taskinstance.py:2644} INFO - Exporting env vars: AIRFLOW_CTX_DAG_OWNER='***' AIRFLOW_CTX_DAG_ID='monitor_PWU' AIRFLOW_CTX_TASK_ID='trigger_retrain' AIRFLOW_CTX_EXECUTION_DATE='2025-05-21T13:00:00+00:00' AIRFLOW_CTX_TRY_NUMBER='1' AIRFLOW_CTX_DAG_RUN_ID='scheduled__2025-05-21T13:00:00+00:00'
[2025-05-21T14:00:14.348+0000] {taskinstance.py:430} INFO - ::endgroup::
[2025-05-21T14:00:14.434+0000] {taskinstance.py:441} INFO - ::group::Post task execution logs
[2025-05-21T14:00:14.442+0000] {taskinstance.py:1205} INFO - Marking task as SUCCESS. dag_id=monitor_PWU, task_id=trigger_retrain, execution_date=20250521T130000, start_date=20250521T140014, end_date=20250521T140014
[2025-05-21T14:00:14.467+0000] {local_task_job_runner.py:240} INFO - Task exited with return code 0
[2025-05-21T14:00:14.481+0000] {taskinstance.py:3482} INFO - 0 downstream tasks scheduled from follow-on schedule check
[2025-05-21T14:00:14.486+0000] {local_task_job_runner.py:222} INFO - ::endgroup::
[2025-05-21T14:04:51.477+0000] {local_task_job_runner.py:120} INFO - ::group::Pre task execution logs
[2025-05-21T14:04:51.534+0000] {taskinstance.py:2073} INFO - Dependencies all met for dep_context=non-requeueable deps ti=<TaskInstance: monitor_PWU.trigger_retrain scheduled__2025-05-21T13:00:00+00:00 [queued]>
[2025-05-21T14:04:51.552+0000] {taskinstance.py:2073} INFO - Dependencies all met for dep_context=requeueable deps ti=<TaskInstance: monitor_PWU.trigger_retrain scheduled__2025-05-21T13:00:00+00:00 [queued]>
[2025-05-21T14:04:51.553+0000] {taskinstance.py:2303} INFO - Starting attempt 1 of 1
[2025-05-21T14:04:51.580+0000] {taskinstance.py:2327} INFO - Executing <Task(TriggerDagRunOperator): trigger_retrain> on 2025-05-21 13:00:00+00:00
[2025-05-21T14:04:51.589+0000] {standard_task_runner.py:90} INFO - Running: ['***', 'tasks', 'run', 'monitor_PWU', 'trigger_retrain', 'scheduled__2025-05-21T13:00:00+00:00', '--job-id', '13', '--raw', '--subdir', 'DAGS_FOLDER/monitor_PWU.py', '--cfg-path', '/tmp/tmpmb20hh2r']
[2025-05-21T14:04:51.594+0000] {standard_task_runner.py:91} INFO - Job 13: Subtask trigger_retrain
[2025-05-21T14:04:51.595+0000] {logging_mixin.py:188} WARNING - /home/***/.local/lib/python3.12/site-packages/***/task/task_runner/standard_task_runner.py:61 DeprecationWarning: This process (pid=282) is multi-threaded, use of fork() may lead to deadlocks in the child.
[2025-05-21T14:04:51.597+0000] {standard_task_runner.py:63} INFO - Started process 283 to run task
[2025-05-21T14:04:51.662+0000] {task_command.py:426} INFO - Running <TaskInstance: monitor_PWU.trigger_retrain scheduled__2025-05-21T13:00:00+00:00 [running]> on host 4c17401f2ea2
[2025-05-21T14:04:51.787+0000] {taskinstance.py:2644} INFO - Exporting env vars: AIRFLOW_CTX_DAG_OWNER='***' AIRFLOW_CTX_DAG_ID='monitor_PWU' AIRFLOW_CTX_TASK_ID='trigger_retrain' AIRFLOW_CTX_EXECUTION_DATE='2025-05-21T13:00:00+00:00' AIRFLOW_CTX_TRY_NUMBER='1' AIRFLOW_CTX_DAG_RUN_ID='scheduled__2025-05-21T13:00:00+00:00'
[2025-05-21T14:04:51.788+0000] {taskinstance.py:430} INFO - ::endgroup::
[2025-05-21T14:04:51.916+0000] {taskinstance.py:441} INFO - ::group::Post task execution logs
[2025-05-21T14:04:51.928+0000] {taskinstance.py:1205} INFO - Marking task as SUCCESS. dag_id=monitor_PWU, task_id=trigger_retrain, execution_date=20250521T130000, start_date=20250521T140451, end_date=20250521T140451
[2025-05-21T14:04:51.975+0000] {local_task_job_runner.py:240} INFO - Task exited with return code 0
[2025-05-21T14:04:51.998+0000] {taskinstance.py:3482} INFO - 0 downstream tasks scheduled from follow-on schedule check
[2025-05-21T14:04:52.004+0000] {local_task_job_runner.py:222} INFO - ::endgroup::
