[2025-05-16T03:49:18.456+0000] {local_task_job_runner.py:120} INFO - ::group::Pre task execution logs
[2025-05-16T03:49:18.489+0000] {taskinstance.py:2073} INFO - Dependencies all met for dep_context=non-requeueable deps ti=<TaskInstance: retrain_PWU_dag.train_PWU manual__2025-05-16T03:49:17.526855+00:00 [queued]>
[2025-05-16T03:49:18.497+0000] {taskinstance.py:2073} INFO - Dependencies all met for dep_context=requeueable deps ti=<TaskInstance: retrain_PWU_dag.train_PWU manual__2025-05-16T03:49:17.526855+00:00 [queued]>
[2025-05-16T03:49:18.498+0000] {taskinstance.py:2303} INFO - Starting attempt 1 of 1
[2025-05-16T03:49:18.512+0000] {taskinstance.py:2327} INFO - Executing <Task(BashOperator): train_PWU> on 2025-05-16 03:49:17.526855+00:00
[2025-05-16T03:49:18.519+0000] {standard_task_runner.py:90} INFO - Running: ['***', 'tasks', 'run', 'retrain_PWU_dag', 'train_PWU', 'manual__2025-05-16T03:49:17.526855+00:00', '--job-id', '40', '--raw', '--subdir', 'DAGS_FOLDER/retrain_PWU_dag.py', '--cfg-path', '/tmp/tmp16nhyvrm']
[2025-05-16T03:49:18.522+0000] {standard_task_runner.py:91} INFO - Job 40: Subtask train_PWU
[2025-05-16T03:49:18.528+0000] {logging_mixin.py:188} WARNING - /home/***/.local/lib/python3.12/site-packages/***/task/task_runner/standard_task_runner.py:61 DeprecationWarning: This process (pid=196) is multi-threaded, use of fork() may lead to deadlocks in the child.
[2025-05-16T03:49:18.529+0000] {standard_task_runner.py:63} INFO - Started process 199 to run task
[2025-05-16T03:49:18.571+0000] {task_command.py:426} INFO - Running <TaskInstance: retrain_PWU_dag.train_PWU manual__2025-05-16T03:49:17.526855+00:00 [running]> on host 5468887aaca1
[2025-05-16T03:49:18.652+0000] {taskinstance.py:2644} INFO - Exporting env vars: AIRFLOW_CTX_DAG_OWNER='***' AIRFLOW_CTX_DAG_ID='retrain_PWU_dag' AIRFLOW_CTX_TASK_ID='train_PWU' AIRFLOW_CTX_EXECUTION_DATE='2025-05-16T03:49:17.526855+00:00' AIRFLOW_CTX_TRY_NUMBER='1' AIRFLOW_CTX_DAG_RUN_ID='manual__2025-05-16T03:49:17.526855+00:00'
[2025-05-16T03:49:18.653+0000] {taskinstance.py:430} INFO - ::endgroup::
[2025-05-16T03:49:18.664+0000] {subprocess.py:63} INFO - Tmp dir root location: /tmp
[2025-05-16T03:49:18.665+0000] {subprocess.py:75} INFO - Running command: ['/usr/bin/bash', '-c', 'python /opt/***/scripts/train_PWU.py']
[2025-05-16T03:49:18.671+0000] {subprocess.py:86} INFO - Output:
[2025-05-16T03:58:33.671+0000] {subprocess.py:93} INFO - [Epoch 1] Loss: 0.0120
[2025-05-16T03:58:33.672+0000] {subprocess.py:93} INFO - [✅ Saved] Trained model → /models/PWU/model.pth
[2025-05-16T03:58:36.074+0000] {subprocess.py:97} INFO - Command exited with return code 0
[2025-05-16T03:58:36.075+0000] {taskinstance.py:441} INFO - ::group::Post task execution logs
[2025-05-16T03:58:36.107+0000] {taskinstance.py:1205} INFO - Marking task as SUCCESS. dag_id=retrain_PWU_dag, task_id=train_PWU, execution_date=20250516T034917, start_date=20250516T034918, end_date=20250516T035836
[2025-05-16T03:58:36.165+0000] {local_task_job_runner.py:240} INFO - Task exited with return code 0
[2025-05-16T03:58:36.183+0000] {taskinstance.py:3482} INFO - 1 downstream tasks scheduled from follow-on schedule check
[2025-05-16T03:58:36.189+0000] {local_task_job_runner.py:222} INFO - ::endgroup::
