[2025-05-23T08:29:06.821+0000] {local_task_job_runner.py:120} INFO - ::group::Pre task execution logs
[2025-05-23T08:29:06.847+0000] {taskinstance.py:2073} INFO - Dependencies all met for dep_context=non-requeueable deps ti=<TaskInstance: monitor_PWU.check_if_retrain_needed scheduled__2025-05-23T07:00:00+00:00 [queued]>
[2025-05-23T08:29:06.855+0000] {taskinstance.py:2073} INFO - Dependencies all met for dep_context=requeueable deps ti=<TaskInstance: monitor_PWU.check_if_retrain_needed scheduled__2025-05-23T07:00:00+00:00 [queued]>
[2025-05-23T08:29:06.856+0000] {taskinstance.py:2303} INFO - Starting attempt 1 of 1
[2025-05-23T08:29:06.871+0000] {taskinstance.py:2327} INFO - Executing <Task(BranchPythonOperator): check_if_retrain_needed> on 2025-05-23 07:00:00+00:00
[2025-05-23T08:29:06.878+0000] {standard_task_runner.py:90} INFO - Running: ['***', 'tasks', 'run', 'monitor_PWU', 'check_if_retrain_needed', 'scheduled__2025-05-23T07:00:00+00:00', '--job-id', '4', '--raw', '--subdir', 'DAGS_FOLDER/monitor_PWU.py', '--cfg-path', '/tmp/tmpkuvi1jl_']
[2025-05-23T08:29:06.880+0000] {standard_task_runner.py:91} INFO - Job 4: Subtask check_if_retrain_needed
[2025-05-23T08:29:06.881+0000] {logging_mixin.py:188} WARNING - /home/***/.local/lib/python3.12/site-packages/***/task/task_runner/standard_task_runner.py:61 DeprecationWarning: This process (pid=1788) is multi-threaded, use of fork() may lead to deadlocks in the child.
[2025-05-23T08:29:06.882+0000] {standard_task_runner.py:63} INFO - Started process 1789 to run task
[2025-05-23T08:29:06.927+0000] {task_command.py:426} INFO - Running <TaskInstance: monitor_PWU.check_if_retrain_needed scheduled__2025-05-23T07:00:00+00:00 [running]> on host 0e3d6868236f
[2025-05-23T08:29:07.001+0000] {taskinstance.py:2644} INFO - Exporting env vars: AIRFLOW_CTX_DAG_OWNER='***' AIRFLOW_CTX_DAG_ID='monitor_PWU' AIRFLOW_CTX_TASK_ID='check_if_retrain_needed' AIRFLOW_CTX_EXECUTION_DATE='2025-05-23T07:00:00+00:00' AIRFLOW_CTX_TRY_NUMBER='1' AIRFLOW_CTX_DAG_RUN_ID='scheduled__2025-05-23T07:00:00+00:00'
[2025-05-23T08:29:07.002+0000] {taskinstance.py:430} INFO - ::endgroup::
[2025-05-23T08:29:07.013+0000] {baseoperator.py:399} WARNING - BranchPythonOperator.execute cannot be called outside TaskInstance!
[2025-05-23T08:29:07.023+0000] {python.py:237} INFO - Done. Returned value was: trigger_retrain
[2025-05-23T08:29:07.024+0000] {branch.py:36} INFO - Branch into trigger_retrain
[2025-05-23T08:29:07.024+0000] {skipmixin.py:178} INFO - Following branch trigger_retrain
[2025-05-23T08:29:07.040+0000] {skipmixin.py:246} INFO - Skipping tasks [('end', -1)]
[2025-05-23T08:29:07.064+0000] {taskinstance.py:441} INFO - ::group::Post task execution logs
[2025-05-23T08:29:07.084+0000] {taskinstance.py:1205} INFO - Marking task as SUCCESS. dag_id=monitor_PWU, task_id=check_if_retrain_needed, execution_date=20250523T070000, start_date=20250523T082906, end_date=20250523T082907
[2025-05-23T08:29:07.136+0000] {local_task_job_runner.py:240} INFO - Task exited with return code 0
[2025-05-23T08:29:07.160+0000] {taskinstance.py:3482} INFO - 1 downstream tasks scheduled from follow-on schedule check
[2025-05-23T08:29:07.164+0000] {local_task_job_runner.py:222} INFO - ::endgroup::
