[2025-05-13T03:35:06.039+0000] {local_task_job_runner.py:120} INFO - ::group::Pre task execution logs
[2025-05-13T03:35:06.073+0000] {taskinstance.py:2073} INFO - Dependencies all met for dep_context=non-requeueable deps ti=<TaskInstance: monitor_T3.trigger_retrain scheduled__2025-05-13T02:00:00+00:00 [queued]>
[2025-05-13T03:35:06.083+0000] {taskinstance.py:2073} INFO - Dependencies all met for dep_context=requeueable deps ti=<TaskInstance: monitor_T3.trigger_retrain scheduled__2025-05-13T02:00:00+00:00 [queued]>
[2025-05-13T03:35:06.084+0000] {taskinstance.py:2303} INFO - Starting attempt 1 of 1
[2025-05-13T03:35:06.096+0000] {taskinstance.py:2327} INFO - Executing <Task(TriggerDagRunOperator): trigger_retrain> on 2025-05-13 02:00:00+00:00
[2025-05-13T03:35:06.102+0000] {standard_task_runner.py:90} INFO - Running: ['***', 'tasks', 'run', 'monitor_T3', 'trigger_retrain', 'scheduled__2025-05-13T02:00:00+00:00', '--job-id', '4', '--raw', '--subdir', 'DAGS_FOLDER/monitor_T3.py', '--cfg-path', '/tmp/tmp31ldiggz']
[2025-05-13T03:35:06.104+0000] {standard_task_runner.py:91} INFO - Job 4: Subtask trigger_retrain
[2025-05-13T03:35:06.108+0000] {logging_mixin.py:188} WARNING - /home/***/.local/lib/python3.12/site-packages/***/task/task_runner/standard_task_runner.py:61 DeprecationWarning: This process (pid=228) is multi-threaded, use of fork() may lead to deadlocks in the child.
[2025-05-13T03:35:06.109+0000] {standard_task_runner.py:63} INFO - Started process 229 to run task
[2025-05-13T03:35:06.146+0000] {task_command.py:426} INFO - Running <TaskInstance: monitor_T3.trigger_retrain scheduled__2025-05-13T02:00:00+00:00 [running]> on host aeacfd01479d
[2025-05-13T03:35:06.221+0000] {taskinstance.py:2644} INFO - Exporting env vars: AIRFLOW_CTX_DAG_OWNER='***' AIRFLOW_CTX_DAG_ID='monitor_T3' AIRFLOW_CTX_TASK_ID='trigger_retrain' AIRFLOW_CTX_EXECUTION_DATE='2025-05-13T02:00:00+00:00' AIRFLOW_CTX_TRY_NUMBER='1' AIRFLOW_CTX_DAG_RUN_ID='scheduled__2025-05-13T02:00:00+00:00'
[2025-05-13T03:35:06.222+0000] {taskinstance.py:430} INFO - ::endgroup::
[2025-05-13T03:35:06.293+0000] {taskinstance.py:441} INFO - ::group::Post task execution logs
[2025-05-13T03:35:06.301+0000] {taskinstance.py:1205} INFO - Marking task as SUCCESS. dag_id=monitor_T3, task_id=trigger_retrain, execution_date=20250513T020000, start_date=20250513T033506, end_date=20250513T033506
[2025-05-13T03:35:06.324+0000] {local_task_job_runner.py:240} INFO - Task exited with return code 0
[2025-05-13T03:35:06.338+0000] {taskinstance.py:3482} INFO - 0 downstream tasks scheduled from follow-on schedule check
[2025-05-13T03:35:06.340+0000] {local_task_job_runner.py:222} INFO - ::endgroup::
[2025-05-13T03:40:50.007+0000] {local_task_job_runner.py:120} INFO - ::group::Pre task execution logs
[2025-05-13T03:40:50.044+0000] {taskinstance.py:2073} INFO - Dependencies all met for dep_context=non-requeueable deps ti=<TaskInstance: monitor_T3.trigger_retrain scheduled__2025-05-13T02:00:00+00:00 [queued]>
[2025-05-13T03:40:50.054+0000] {taskinstance.py:2073} INFO - Dependencies all met for dep_context=requeueable deps ti=<TaskInstance: monitor_T3.trigger_retrain scheduled__2025-05-13T02:00:00+00:00 [queued]>
[2025-05-13T03:40:50.055+0000] {taskinstance.py:2303} INFO - Starting attempt 1 of 1
[2025-05-13T03:40:50.071+0000] {taskinstance.py:2327} INFO - Executing <Task(TriggerDagRunOperator): trigger_retrain> on 2025-05-13 02:00:00+00:00
[2025-05-13T03:40:50.078+0000] {standard_task_runner.py:90} INFO - Running: ['***', 'tasks', 'run', 'monitor_T3', 'trigger_retrain', 'scheduled__2025-05-13T02:00:00+00:00', '--job-id', '8', '--raw', '--subdir', 'DAGS_FOLDER/monitor_T3.py', '--cfg-path', '/tmp/tmpgq8v3rrr']
[2025-05-13T03:40:50.080+0000] {standard_task_runner.py:91} INFO - Job 8: Subtask trigger_retrain
[2025-05-13T03:40:50.083+0000] {logging_mixin.py:188} WARNING - /home/***/.local/lib/python3.12/site-packages/***/task/task_runner/standard_task_runner.py:61 DeprecationWarning: This process (pid=275) is multi-threaded, use of fork() may lead to deadlocks in the child.
[2025-05-13T03:40:50.083+0000] {standard_task_runner.py:63} INFO - Started process 277 to run task
[2025-05-13T03:40:50.125+0000] {task_command.py:426} INFO - Running <TaskInstance: monitor_T3.trigger_retrain scheduled__2025-05-13T02:00:00+00:00 [running]> on host e27023c184cc
[2025-05-13T03:40:50.204+0000] {taskinstance.py:2644} INFO - Exporting env vars: AIRFLOW_CTX_DAG_OWNER='***' AIRFLOW_CTX_DAG_ID='monitor_T3' AIRFLOW_CTX_TASK_ID='trigger_retrain' AIRFLOW_CTX_EXECUTION_DATE='2025-05-13T02:00:00+00:00' AIRFLOW_CTX_TRY_NUMBER='1' AIRFLOW_CTX_DAG_RUN_ID='scheduled__2025-05-13T02:00:00+00:00'
[2025-05-13T03:40:50.205+0000] {taskinstance.py:430} INFO - ::endgroup::
[2025-05-13T03:40:50.276+0000] {taskinstance.py:441} INFO - ::group::Post task execution logs
[2025-05-13T03:40:50.284+0000] {taskinstance.py:1205} INFO - Marking task as SUCCESS. dag_id=monitor_T3, task_id=trigger_retrain, execution_date=20250513T020000, start_date=20250513T034050, end_date=20250513T034050
[2025-05-13T03:40:50.297+0000] {local_task_job_runner.py:240} INFO - Task exited with return code 0
[2025-05-13T03:40:50.311+0000] {taskinstance.py:3482} INFO - 0 downstream tasks scheduled from follow-on schedule check
[2025-05-13T03:40:50.313+0000] {local_task_job_runner.py:222} INFO - ::endgroup::
[2025-05-13T03:44:26.035+0000] {local_task_job_runner.py:120} INFO - ::group::Pre task execution logs
[2025-05-13T03:44:26.069+0000] {taskinstance.py:2073} INFO - Dependencies all met for dep_context=non-requeueable deps ti=<TaskInstance: monitor_T3.trigger_retrain scheduled__2025-05-13T02:00:00+00:00 [queued]>
[2025-05-13T03:44:26.078+0000] {taskinstance.py:2073} INFO - Dependencies all met for dep_context=requeueable deps ti=<TaskInstance: monitor_T3.trigger_retrain scheduled__2025-05-13T02:00:00+00:00 [queued]>
[2025-05-13T03:44:26.079+0000] {taskinstance.py:2303} INFO - Starting attempt 1 of 1
[2025-05-13T03:44:26.095+0000] {taskinstance.py:2327} INFO - Executing <Task(TriggerDagRunOperator): trigger_retrain> on 2025-05-13 02:00:00+00:00
[2025-05-13T03:44:26.102+0000] {standard_task_runner.py:90} INFO - Running: ['***', 'tasks', 'run', 'monitor_T3', 'trigger_retrain', 'scheduled__2025-05-13T02:00:00+00:00', '--job-id', '7', '--raw', '--subdir', 'DAGS_FOLDER/monitor_T3.py', '--cfg-path', '/tmp/tmpdhh3g6xo']
[2025-05-13T03:44:26.105+0000] {standard_task_runner.py:91} INFO - Job 7: Subtask trigger_retrain
[2025-05-13T03:44:26.106+0000] {logging_mixin.py:188} WARNING - /home/***/.local/lib/python3.12/site-packages/***/task/task_runner/standard_task_runner.py:61 DeprecationWarning: This process (pid=194) is multi-threaded, use of fork() may lead to deadlocks in the child.
[2025-05-13T03:44:26.107+0000] {standard_task_runner.py:63} INFO - Started process 197 to run task
[2025-05-13T03:44:26.153+0000] {task_command.py:426} INFO - Running <TaskInstance: monitor_T3.trigger_retrain scheduled__2025-05-13T02:00:00+00:00 [running]> on host 44726ac4e2f5
[2025-05-13T03:44:26.231+0000] {taskinstance.py:2644} INFO - Exporting env vars: AIRFLOW_CTX_DAG_OWNER='***' AIRFLOW_CTX_DAG_ID='monitor_T3' AIRFLOW_CTX_TASK_ID='trigger_retrain' AIRFLOW_CTX_EXECUTION_DATE='2025-05-13T02:00:00+00:00' AIRFLOW_CTX_TRY_NUMBER='1' AIRFLOW_CTX_DAG_RUN_ID='scheduled__2025-05-13T02:00:00+00:00'
[2025-05-13T03:44:26.232+0000] {taskinstance.py:430} INFO - ::endgroup::
[2025-05-13T03:44:26.307+0000] {taskinstance.py:441} INFO - ::group::Post task execution logs
[2025-05-13T03:44:26.315+0000] {taskinstance.py:1205} INFO - Marking task as SUCCESS. dag_id=monitor_T3, task_id=trigger_retrain, execution_date=20250513T020000, start_date=20250513T034426, end_date=20250513T034426
[2025-05-13T03:44:26.361+0000] {local_task_job_runner.py:240} INFO - Task exited with return code 0
[2025-05-13T03:44:26.381+0000] {taskinstance.py:3482} INFO - 0 downstream tasks scheduled from follow-on schedule check
[2025-05-13T03:44:26.385+0000] {local_task_job_runner.py:222} INFO - ::endgroup::
